Args in experiment:
Namespace(activation='gelu', batch_size=16, c_out=7, checkpoints='/spo/NewbornTime/tahir098/SVF/data/Extra/checkpoints/', d_ff=2048, d_layers=1, d_model=512, data='custom', data_path='electricity.csv', dec_in=7, des='Exp', devices='0,1,2,3', distil=True, do_predict=False, dropout=0.05, e_layers=2, embed='timeF', embed_type=0, enc_in=321, factor=1, features='M', freq='h', gpu=0, individual=False, is_training=1, itr=1, label_len=48, learning_rate=0.001, loss='mse', lradj='type1', model='RLinear', model_id='Electricity_720_720', moving_avg=25, n_heads=8, num_workers=10, output_attention=False, patience=3, pred_len=720, root_path='./dataset/', seq_len=720, target='OT', test_flop=False, train_epochs=10, train_only=False, use_amp=False, use_gpu=True, use_multi_gpu=False)
Use GPU: cuda:0
>>>>>>>start training : Electricity_720_720_RLinear_custom_ftM_sl720_ll48_pl720_dm512_nh8_el2_dl1_df2048_fc1_ebtimeF_dtTrue_Exp_0>>>>>>>>>>>>>>>>>>>>>>>>>>
train 16973
val 1913
test 4541
	iters: 100, epoch: 1 | loss: 0.3006252
	speed: 0.2351s/iter; left time: 2469.1617s
	iters: 200, epoch: 1 | loss: 0.2860367
	speed: 0.2194s/iter; left time: 2282.3163s
	iters: 300, epoch: 1 | loss: 0.2322229
	speed: 0.2299s/iter; left time: 2368.1534s
	iters: 400, epoch: 1 | loss: 0.2480253
	speed: 0.2168s/iter; left time: 2211.8026s
	iters: 500, epoch: 1 | loss: 0.2711303
	speed: 0.2199s/iter; left time: 2221.4893s
	iters: 600, epoch: 1 | loss: 0.2365719
	speed: 0.2170s/iter; left time: 2170.4810s
	iters: 700, epoch: 1 | loss: 0.2397795
	speed: 0.2159s/iter; left time: 2137.7451s
	iters: 800, epoch: 1 | loss: 0.2775789
	speed: 0.2344s/iter; left time: 2297.0912s
	iters: 900, epoch: 1 | loss: 0.2286229
	speed: 0.2168s/iter; left time: 2102.9102s
	iters: 1000, epoch: 1 | loss: 0.2192418
	speed: 0.2299s/iter; left time: 2207.0743s
Epoch: 1 cost time: 236.813134431839
Epoch: 1, Steps: 1060 | Train Loss: 0.2702197 Vali Loss: 0.1978061 Test Loss: 0.2323901
Validation loss decreased (inf --> 0.197806).  Saving model ...
Updating learning rate to 0.001
	iters: 100, epoch: 2 | loss: 0.2569127
	speed: 0.6326s/iter; left time: 5972.7534s
	iters: 200, epoch: 2 | loss: 0.2335804
	speed: 0.2167s/iter; left time: 2024.0473s
	iters: 300, epoch: 2 | loss: 0.2535582
	speed: 0.2296s/iter; left time: 2121.9071s
	iters: 400, epoch: 2 | loss: 0.2493143
	speed: 0.2195s/iter; left time: 2006.3682s
	iters: 500, epoch: 2 | loss: 0.2820280
	speed: 0.2247s/iter; left time: 2031.4888s
	iters: 600, epoch: 2 | loss: 0.2282827
	speed: 0.2181s/iter; left time: 1950.3971s
	iters: 700, epoch: 2 | loss: 0.2470433
	speed: 0.2156s/iter; left time: 1906.1744s
	iters: 800, epoch: 2 | loss: 0.2525832
	speed: 0.2144s/iter; left time: 1873.7150s
	iters: 900, epoch: 2 | loss: 0.2783248
	speed: 0.2100s/iter; left time: 1814.3166s
	iters: 1000, epoch: 2 | loss: 0.2453276
	speed: 0.2275s/iter; left time: 1943.1800s
Epoch: 2 cost time: 233.2138271331787
Epoch: 2, Steps: 1060 | Train Loss: 0.2441273 Vali Loss: 0.1957702 Test Loss: 0.2304649
Validation loss decreased (0.197806 --> 0.195770).  Saving model ...
Updating learning rate to 0.0005
	iters: 100, epoch: 3 | loss: 0.2093101
	speed: 0.6354s/iter; left time: 5325.3710s
	iters: 200, epoch: 3 | loss: 0.3061270
	speed: 0.2272s/iter; left time: 1881.2464s
	iters: 300, epoch: 3 | loss: 0.2109041
	speed: 0.2129s/iter; left time: 1741.3687s
	iters: 400, epoch: 3 | loss: 0.2188764
	speed: 0.2238s/iter; left time: 1808.5260s
	iters: 500, epoch: 3 | loss: 0.2204567
	speed: 0.2429s/iter; left time: 1938.3726s
	iters: 600, epoch: 3 | loss: 0.2011822
	speed: 0.2132s/iter; left time: 1679.9749s
	iters: 700, epoch: 3 | loss: 0.2088861
	speed: 0.2208s/iter; left time: 1718.1985s
	iters: 800, epoch: 3 | loss: 0.2171825
	speed: 0.2160s/iter; left time: 1659.0519s
	iters: 900, epoch: 3 | loss: 0.2021160
	speed: 0.2146s/iter; left time: 1626.6809s
	iters: 1000, epoch: 3 | loss: 0.2106437
	speed: 0.2137s/iter; left time: 1598.5930s
Epoch: 3 cost time: 234.47903203964233
Epoch: 3, Steps: 1060 | Train Loss: 0.2244501 Vali Loss: 0.1835369 Test Loss: 0.2144427
Validation loss decreased (0.195770 --> 0.183537).  Saving model ...
Updating learning rate to 0.00025
	iters: 100, epoch: 4 | loss: 0.2235839
	speed: 0.6392s/iter; left time: 4679.6578s
	iters: 200, epoch: 4 | loss: 0.2289336
	speed: 0.2177s/iter; left time: 1571.7006s
	iters: 300, epoch: 4 | loss: 0.2076835
	speed: 0.2288s/iter; left time: 1629.5511s
	iters: 400, epoch: 4 | loss: 0.2260221
	speed: 0.2308s/iter; left time: 1620.1327s
	iters: 500, epoch: 4 | loss: 0.2139659
	speed: 0.2241s/iter; left time: 1551.2554s
	iters: 600, epoch: 4 | loss: 0.2137357
	speed: 0.2242s/iter; left time: 1529.1671s
	iters: 700, epoch: 4 | loss: 0.1856043
	speed: 0.2233s/iter; left time: 1500.8355s
	iters: 800, epoch: 4 | loss: 0.2408988
	speed: 0.2222s/iter; left time: 1470.8808s
	iters: 900, epoch: 4 | loss: 0.2227923
	speed: 0.2241s/iter; left time: 1461.0744s
	iters: 1000, epoch: 4 | loss: 0.1907364
	speed: 0.2316s/iter; left time: 1486.9270s
Epoch: 4 cost time: 241.4002125263214
Epoch: 4, Steps: 1060 | Train Loss: 0.2153151 Vali Loss: 0.1766947 Test Loss: 0.2099820
Validation loss decreased (0.183537 --> 0.176695).  Saving model ...
Updating learning rate to 0.000125
	iters: 100, epoch: 5 | loss: 0.2167393
	speed: 0.6514s/iter; left time: 4078.5716s
	iters: 200, epoch: 5 | loss: 0.1794762
	speed: 0.2341s/iter; left time: 1442.3339s
	iters: 300, epoch: 5 | loss: 0.2246155
	speed: 0.2361s/iter; left time: 1431.2373s
	iters: 400, epoch: 5 | loss: 0.1887490
	speed: 0.2271s/iter; left time: 1353.6600s
	iters: 500, epoch: 5 | loss: 0.2356596
	speed: 0.2403s/iter; left time: 1408.3988s
	iters: 600, epoch: 5 | loss: 0.1874301
	speed: 0.2291s/iter; left time: 1319.5883s
	iters: 700, epoch: 5 | loss: 0.1959784
	speed: 0.2244s/iter; left time: 1270.3010s
	iters: 800, epoch: 5 | loss: 0.2074272
	speed: 0.2224s/iter; left time: 1236.9166s
	iters: 900, epoch: 5 | loss: 0.2218304
	speed: 0.2335s/iter; left time: 1274.9062s
	iters: 1000, epoch: 5 | loss: 0.1801586
	speed: 0.2382s/iter; left time: 1277.0377s
Epoch: 5 cost time: 244.0699164867401
Epoch: 5, Steps: 1060 | Train Loss: 0.2105091 Vali Loss: 0.1737567 Test Loss: 0.2064225
Validation loss decreased (0.176695 --> 0.173757).  Saving model ...
Updating learning rate to 6.25e-05
	iters: 100, epoch: 6 | loss: 0.2127051
	speed: 0.6252s/iter; left time: 3251.6346s
	iters: 200, epoch: 6 | loss: 0.2145344
	speed: 0.2203s/iter; left time: 1123.5944s
	iters: 300, epoch: 6 | loss: 0.2265446
	speed: 0.2277s/iter; left time: 1138.7049s
	iters: 400, epoch: 6 | loss: 0.2247859
	speed: 0.2291s/iter; left time: 1122.6540s
	iters: 500, epoch: 6 | loss: 0.1934773
	speed: 0.2474s/iter; left time: 1187.9024s
	iters: 600, epoch: 6 | loss: 0.2317568
	speed: 0.2297s/iter; left time: 1079.7407s
	iters: 700, epoch: 6 | loss: 0.2191584
	speed: 0.2272s/iter; left time: 1045.1194s
	iters: 800, epoch: 6 | loss: 0.1931985
	speed: 0.2178s/iter; left time: 980.2554s
	iters: 900, epoch: 6 | loss: 0.2167562
	speed: 0.2146s/iter; left time: 944.2380s
	iters: 1000, epoch: 6 | loss: 0.1928918
	speed: 0.2135s/iter; left time: 918.2763s
Epoch: 6 cost time: 238.4088854789734
Epoch: 6, Steps: 1060 | Train Loss: 0.2080220 Vali Loss: 0.1722408 Test Loss: 0.2043440
Validation loss decreased (0.173757 --> 0.172241).  Saving model ...
Updating learning rate to 3.125e-05
	iters: 100, epoch: 7 | loss: 0.1910539
	speed: 0.6414s/iter; left time: 2655.8309s
	iters: 200, epoch: 7 | loss: 0.2323831
	speed: 0.2400s/iter; left time: 969.9867s
	iters: 300, epoch: 7 | loss: 0.2303228
	speed: 0.2196s/iter; left time: 865.5284s
	iters: 400, epoch: 7 | loss: 0.2134752
	speed: 0.2184s/iter; left time: 839.0206s
	iters: 500, epoch: 7 | loss: 0.1999695
	speed: 0.2262s/iter; left time: 846.3459s
	iters: 600, epoch: 7 | loss: 0.1989896
	speed: 0.2381s/iter; left time: 866.8460s
	iters: 700, epoch: 7 | loss: 0.2301462
	speed: 0.2193s/iter; left time: 776.6398s
	iters: 800, epoch: 7 | loss: 0.1934070
	speed: 0.2196s/iter; left time: 755.6454s
	iters: 900, epoch: 7 | loss: 0.2100369
	speed: 0.2346s/iter; left time: 783.9642s
	iters: 1000, epoch: 7 | loss: 0.2019676
	speed: 0.2184s/iter; left time: 707.9897s
Epoch: 7 cost time: 240.66298961639404
Epoch: 7, Steps: 1060 | Train Loss: 0.2067288 Vali Loss: 0.1718911 Test Loss: 0.2031023
Validation loss decreased (0.172241 --> 0.171891).  Saving model ...
Updating learning rate to 1.5625e-05
	iters: 100, epoch: 8 | loss: 0.1943885
	speed: 0.6372s/iter; left time: 1963.1599s
	iters: 200, epoch: 8 | loss: 0.2179823
	speed: 0.2202s/iter; left time: 656.2959s
	iters: 300, epoch: 8 | loss: 0.2377674
	speed: 0.2148s/iter; left time: 618.8113s
	iters: 400, epoch: 8 | loss: 0.1872304
	speed: 0.2176s/iter; left time: 605.1027s
	iters: 500, epoch: 8 | loss: 0.1820896
	speed: 0.2174s/iter; left time: 582.7880s
	iters: 600, epoch: 8 | loss: 0.2268796
	speed: 0.2283s/iter; left time: 589.1833s
	iters: 700, epoch: 8 | loss: 0.2139313
	speed: 0.2192s/iter; left time: 543.9586s
	iters: 800, epoch: 8 | loss: 0.2304490
	speed: 0.2366s/iter; left time: 563.4088s
	iters: 900, epoch: 8 | loss: 0.2185073
	speed: 0.2353s/iter; left time: 536.7530s
	iters: 1000, epoch: 8 | loss: 0.2109559
	speed: 0.2145s/iter; left time: 467.8171s
Epoch: 8 cost time: 238.1742706298828
Epoch: 8, Steps: 1060 | Train Loss: 0.2059575 Vali Loss: 0.1713279 Test Loss: 0.2029181
Validation loss decreased (0.171891 --> 0.171328).  Saving model ...
Updating learning rate to 7.8125e-06
	iters: 100, epoch: 9 | loss: 0.1937723
	speed: 0.6526s/iter; left time: 1318.9332s
	iters: 200, epoch: 9 | loss: 0.1877930
	speed: 0.2280s/iter; left time: 438.0570s
	iters: 300, epoch: 9 | loss: 0.1779821
	speed: 0.2309s/iter; left time: 420.4503s
	iters: 400, epoch: 9 | loss: 0.2802388
	speed: 0.2333s/iter; left time: 401.5567s
	iters: 500, epoch: 9 | loss: 0.2669453
	speed: 0.2286s/iter; left time: 370.6120s
	iters: 600, epoch: 9 | loss: 0.1844691
	speed: 0.2375s/iter; left time: 361.3113s
	iters: 700, epoch: 9 | loss: 0.2528347
	speed: 0.2208s/iter; left time: 313.7370s
	iters: 800, epoch: 9 | loss: 0.2403650
	speed: 0.2280s/iter; left time: 301.2391s
	iters: 900, epoch: 9 | loss: 0.1761591
	speed: 0.2258s/iter; left time: 275.7321s
	iters: 1000, epoch: 9 | loss: 0.2315265
	speed: 0.2190s/iter; left time: 245.5180s
Epoch: 9 cost time: 242.07136130332947
Epoch: 9, Steps: 1060 | Train Loss: 0.2056462 Vali Loss: 0.1710816 Test Loss: 0.2027740
Validation loss decreased (0.171328 --> 0.171082).  Saving model ...
Updating learning rate to 3.90625e-06
	iters: 100, epoch: 10 | loss: 0.2174732
	speed: 0.6739s/iter; left time: 647.6173s
	iters: 200, epoch: 10 | loss: 0.2191017
	speed: 0.2391s/iter; left time: 205.8965s
	iters: 300, epoch: 10 | loss: 0.2013114
	speed: 0.2458s/iter; left time: 187.0548s
	iters: 400, epoch: 10 | loss: 0.1880805
	speed: 0.2389s/iter; left time: 157.8850s
	iters: 500, epoch: 10 | loss: 0.1966283
	speed: 0.2371s/iter; left time: 133.0210s
	iters: 600, epoch: 10 | loss: 0.2195615
	speed: 0.2462s/iter; left time: 113.5202s
	iters: 700, epoch: 10 | loss: 0.1796950
	speed: 0.2225s/iter; left time: 80.3097s
	iters: 800, epoch: 10 | loss: 0.1828768
	speed: 0.2201s/iter; left time: 57.4476s
	iters: 900, epoch: 10 | loss: 0.1915242
	speed: 0.2236s/iter; left time: 36.0033s
	iters: 1000, epoch: 10 | loss: 0.1692500
	speed: 0.2194s/iter; left time: 13.3822s
Epoch: 10 cost time: 248.86009407043457
Epoch: 10, Steps: 1060 | Train Loss: 0.2054803 Vali Loss: 0.1711949 Test Loss: 0.2025927
EarlyStopping counter: 1 out of 3
Updating learning rate to 1.953125e-06
>>>>>>>testing : Electricity_720_720_RLinear_custom_ftM_sl720_ll48_pl720_dm512_nh8_el2_dl1_df2048_fc1_ebtimeF_dtTrue_Exp_0<<<<<<<<<<<<<<<<<<<<<<<<<<<<<<<<<
test 4541
mse:0.20268027484416962, mae:0.29216456413269043
