Args in experiment:
Namespace(activation='gelu', batch_size=16, c_out=7, checkpoints='/spo/NewbornTime/tahir098/SVF/data/Extra/checkpoints/', d_ff=2048, d_layers=1, d_model=512, data='custom', data_path='electricity.csv', dec_in=7, des='Exp', devices='0,1,2,3', distil=True, do_predict=False, dropout=0.05, e_layers=2, embed='timeF', embed_type=0, enc_in=321, factor=1, features='M', freq='h', gpu=0, individual=False, is_training=1, itr=1, label_len=48, learning_rate=0.001, loss='mse', lradj='type1', model='RLinear', model_id='Electricity_672_720', moving_avg=25, n_heads=8, num_workers=10, output_attention=False, patience=3, pred_len=720, root_path='./dataset/', seq_len=672, target='OT', test_flop=False, train_epochs=10, train_only=False, use_amp=False, use_gpu=True, use_multi_gpu=False)
Use GPU: cuda:0
>>>>>>>start training : Electricity_672_720_RLinear_custom_ftM_sl672_ll48_pl720_dm512_nh8_el2_dl1_df2048_fc1_ebtimeF_dtTrue_Exp_0>>>>>>>>>>>>>>>>>>>>>>>>>>
train 17021
val 1913
test 4541
	iters: 100, epoch: 1 | loss: 0.3013091
	speed: 0.2203s/iter; left time: 2320.1671s
	iters: 200, epoch: 1 | loss: 0.2652992
	speed: 0.2177s/iter; left time: 2271.3245s
	iters: 300, epoch: 1 | loss: 0.2842389
	speed: 0.2119s/iter; left time: 2188.8095s
	iters: 400, epoch: 1 | loss: 0.2452669
	speed: 0.2119s/iter; left time: 2168.0239s
	iters: 500, epoch: 1 | loss: 0.2380758
	speed: 0.2152s/iter; left time: 2180.5689s
	iters: 600, epoch: 1 | loss: 0.2431186
	speed: 0.2121s/iter; left time: 2127.4263s
	iters: 700, epoch: 1 | loss: 0.3000152
	speed: 0.2120s/iter; left time: 2105.3069s
	iters: 800, epoch: 1 | loss: 0.3061519
	speed: 0.2127s/iter; left time: 2091.4843s
	iters: 900, epoch: 1 | loss: 0.2436919
	speed: 0.2133s/iter; left time: 2075.6920s
	iters: 1000, epoch: 1 | loss: 0.2586010
	speed: 0.2120s/iter; left time: 2041.7040s
Epoch: 1 cost time: 227.53339552879333
Epoch: 1, Steps: 1063 | Train Loss: 0.2687792 Vali Loss: 0.1989740 Test Loss: 0.2317454
Validation loss decreased (inf --> 0.198974).  Saving model ...
Updating learning rate to 0.001
	iters: 100, epoch: 2 | loss: 0.2282993
	speed: 0.6247s/iter; left time: 5914.6413s
	iters: 200, epoch: 2 | loss: 0.2578231
	speed: 0.2146s/iter; left time: 2010.2068s
	iters: 300, epoch: 2 | loss: 0.2592973
	speed: 0.2130s/iter; left time: 1973.6309s
	iters: 400, epoch: 2 | loss: 0.2499160
	speed: 0.2140s/iter; left time: 1961.7218s
	iters: 500, epoch: 2 | loss: 0.2304697
	speed: 0.2174s/iter; left time: 1971.4015s
	iters: 600, epoch: 2 | loss: 0.2592214
	speed: 0.2128s/iter; left time: 1908.0800s
	iters: 700, epoch: 2 | loss: 0.2312350
	speed: 0.2123s/iter; left time: 1882.9811s
	iters: 800, epoch: 2 | loss: 0.2398088
	speed: 0.2136s/iter; left time: 1872.6343s
	iters: 900, epoch: 2 | loss: 0.2861081
	speed: 0.2141s/iter; left time: 1855.6688s
	iters: 1000, epoch: 2 | loss: 0.2408758
	speed: 0.2146s/iter; left time: 1838.3157s
Epoch: 2 cost time: 228.0717418193817
Epoch: 2, Steps: 1063 | Train Loss: 0.2425291 Vali Loss: 0.1958728 Test Loss: 0.2270054
Validation loss decreased (0.198974 --> 0.195873).  Saving model ...
Updating learning rate to 0.0005
	iters: 100, epoch: 3 | loss: 0.1672618
	speed: 0.6192s/iter; left time: 5204.2865s
	iters: 200, epoch: 3 | loss: 0.2392100
	speed: 0.2151s/iter; left time: 1786.0484s
	iters: 300, epoch: 3 | loss: 0.2144991
	speed: 0.2174s/iter; left time: 1783.8271s
	iters: 400, epoch: 3 | loss: 0.2225344
	speed: 0.2144s/iter; left time: 1737.3501s
	iters: 500, epoch: 3 | loss: 0.2127371
	speed: 0.2122s/iter; left time: 1698.5077s
	iters: 600, epoch: 3 | loss: 0.1968779
	speed: 0.2127s/iter; left time: 1681.5514s
	iters: 700, epoch: 3 | loss: 0.1857409
	speed: 0.2114s/iter; left time: 1649.8213s
	iters: 800, epoch: 3 | loss: 0.2102406
	speed: 0.2117s/iter; left time: 1631.0965s
	iters: 900, epoch: 3 | loss: 0.2280605
	speed: 0.2147s/iter; left time: 1633.0766s
	iters: 1000, epoch: 3 | loss: 0.2058245
	speed: 0.2128s/iter; left time: 1597.0606s
Epoch: 3 cost time: 228.0003981590271
Epoch: 3, Steps: 1063 | Train Loss: 0.2242981 Vali Loss: 0.1866975 Test Loss: 0.2193880
Validation loss decreased (0.195873 --> 0.186697).  Saving model ...
Updating learning rate to 0.00025
	iters: 100, epoch: 4 | loss: 0.2386293
	speed: 0.6155s/iter; left time: 4519.2411s
	iters: 200, epoch: 4 | loss: 0.2048071
	speed: 0.2110s/iter; left time: 1528.1867s
	iters: 300, epoch: 4 | loss: 0.2616461
	speed: 0.2117s/iter; left time: 1512.1829s
	iters: 400, epoch: 4 | loss: 0.2606193
	speed: 0.2135s/iter; left time: 1503.6218s
	iters: 500, epoch: 4 | loss: 0.2178352
	speed: 0.2140s/iter; left time: 1485.5537s
	iters: 600, epoch: 4 | loss: 0.2214790
	speed: 0.2133s/iter; left time: 1459.1467s
	iters: 700, epoch: 4 | loss: 0.1896030
	speed: 0.2148s/iter; left time: 1447.9661s
	iters: 800, epoch: 4 | loss: 0.2103452
	speed: 0.2133s/iter; left time: 1416.4877s
	iters: 900, epoch: 4 | loss: 0.2519835
	speed: 0.2131s/iter; left time: 1393.9767s
	iters: 1000, epoch: 4 | loss: 0.2193467
	speed: 0.2140s/iter; left time: 1378.5083s
Epoch: 4 cost time: 227.41349029541016
Epoch: 4, Steps: 1063 | Train Loss: 0.2156026 Vali Loss: 0.1784409 Test Loss: 0.2088770
Validation loss decreased (0.186697 --> 0.178441).  Saving model ...
Updating learning rate to 0.000125
	iters: 100, epoch: 5 | loss: 0.2560923
	speed: 0.6226s/iter; left time: 3909.1976s
	iters: 200, epoch: 5 | loss: 0.2054753
	speed: 0.2136s/iter; left time: 1320.0376s
	iters: 300, epoch: 5 | loss: 0.2111566
	speed: 0.2121s/iter; left time: 1289.5486s
	iters: 400, epoch: 5 | loss: 0.2351663
	speed: 0.2137s/iter; left time: 1277.7794s
	iters: 500, epoch: 5 | loss: 0.1913002
	speed: 0.2129s/iter; left time: 1251.3871s
	iters: 600, epoch: 5 | loss: 0.2058975
	speed: 0.2120s/iter; left time: 1225.3690s
	iters: 700, epoch: 5 | loss: 0.2089311
	speed: 0.2124s/iter; left time: 1205.9414s
	iters: 800, epoch: 5 | loss: 0.2395684
	speed: 0.2120s/iter; left time: 1182.8125s
	iters: 900, epoch: 5 | loss: 0.2018767
	speed: 0.2137s/iter; left time: 1170.8212s
	iters: 1000, epoch: 5 | loss: 0.2244294
	speed: 0.2123s/iter; left time: 1142.1146s
Epoch: 5 cost time: 226.59519124031067
Epoch: 5, Steps: 1063 | Train Loss: 0.2111401 Vali Loss: 0.1739693 Test Loss: 0.2058658
Validation loss decreased (0.178441 --> 0.173969).  Saving model ...
Updating learning rate to 6.25e-05
	iters: 100, epoch: 6 | loss: 0.2055912
	speed: 0.6359s/iter; left time: 3317.0530s
	iters: 200, epoch: 6 | loss: 0.2236741
	speed: 0.2121s/iter; left time: 1085.0172s
	iters: 300, epoch: 6 | loss: 0.1951961
	speed: 0.2115s/iter; left time: 1060.9894s
	iters: 400, epoch: 6 | loss: 0.2379035
	speed: 0.2194s/iter; left time: 1078.7748s
	iters: 500, epoch: 6 | loss: 0.1910538
	speed: 0.2177s/iter; left time: 1048.4757s
	iters: 600, epoch: 6 | loss: 0.2076017
	speed: 0.2133s/iter; left time: 1006.1273s
	iters: 700, epoch: 6 | loss: 0.2036789
	speed: 0.2137s/iter; left time: 986.6527s
	iters: 800, epoch: 6 | loss: 0.2210858
	speed: 0.2126s/iter; left time: 960.2220s
	iters: 900, epoch: 6 | loss: 0.2038630
	speed: 0.2096s/iter; left time: 925.5193s
	iters: 1000, epoch: 6 | loss: 0.2013204
	speed: 0.2141s/iter; left time: 923.9131s
Epoch: 6 cost time: 229.13360834121704
Epoch: 6, Steps: 1063 | Train Loss: 0.2087074 Vali Loss: 0.1724536 Test Loss: 0.2042633
Validation loss decreased (0.173969 --> 0.172454).  Saving model ...
Updating learning rate to 3.125e-05
	iters: 100, epoch: 7 | loss: 0.2058621
	speed: 0.6270s/iter; left time: 2603.7715s
	iters: 200, epoch: 7 | loss: 0.1735793
	speed: 0.2132s/iter; left time: 864.1125s
	iters: 300, epoch: 7 | loss: 0.2220800
	speed: 0.2148s/iter; left time: 849.0705s
	iters: 400, epoch: 7 | loss: 0.2088030
	speed: 0.2145s/iter; left time: 826.3061s
	iters: 500, epoch: 7 | loss: 0.1884118
	speed: 0.2133s/iter; left time: 800.4881s
	iters: 600, epoch: 7 | loss: 0.2125896
	speed: 0.2147s/iter; left time: 784.3520s
	iters: 700, epoch: 7 | loss: 0.2319458
	speed: 0.2132s/iter; left time: 757.6630s
	iters: 800, epoch: 7 | loss: 0.2001126
	speed: 0.2139s/iter; left time: 738.5353s
	iters: 900, epoch: 7 | loss: 0.2019444
	speed: 0.2134s/iter; left time: 715.4257s
	iters: 1000, epoch: 7 | loss: 0.2147543
	speed: 0.2137s/iter; left time: 695.2599s
Epoch: 7 cost time: 228.45694136619568
Epoch: 7, Steps: 1063 | Train Loss: 0.2074783 Vali Loss: 0.1720569 Test Loss: 0.2032596
Validation loss decreased (0.172454 --> 0.172057).  Saving model ...
Updating learning rate to 1.5625e-05
	iters: 100, epoch: 8 | loss: 0.2278343
	speed: 0.6360s/iter; left time: 1965.1065s
	iters: 200, epoch: 8 | loss: 0.1950970
	speed: 0.2123s/iter; left time: 634.7657s
	iters: 300, epoch: 8 | loss: 0.2001331
	speed: 0.2121s/iter; left time: 613.0308s
	iters: 400, epoch: 8 | loss: 0.2161915
	speed: 0.2123s/iter; left time: 592.3483s
	iters: 500, epoch: 8 | loss: 0.1907865
	speed: 0.2123s/iter; left time: 571.0647s
	iters: 600, epoch: 8 | loss: 0.1805399
	speed: 0.2122s/iter; left time: 549.5194s
	iters: 700, epoch: 8 | loss: 0.2407166
	speed: 0.2120s/iter; left time: 527.8966s
	iters: 800, epoch: 8 | loss: 0.2206965
	speed: 0.2127s/iter; left time: 508.3988s
	iters: 900, epoch: 8 | loss: 0.1833354
	speed: 0.2116s/iter; left time: 484.5477s
	iters: 1000, epoch: 8 | loss: 0.2258346
	speed: 0.2111s/iter; left time: 462.3521s
Epoch: 8 cost time: 226.4337830543518
Epoch: 8, Steps: 1063 | Train Loss: 0.2068250 Vali Loss: 0.1713975 Test Loss: 0.2031085
Validation loss decreased (0.172057 --> 0.171398).  Saving model ...
Updating learning rate to 7.8125e-06
	iters: 100, epoch: 9 | loss: 0.1864702
	speed: 0.6325s/iter; left time: 1282.0759s
	iters: 200, epoch: 9 | loss: 0.1982000
	speed: 0.2223s/iter; left time: 428.4658s
	iters: 300, epoch: 9 | loss: 0.2344760
	speed: 0.2563s/iter; left time: 468.2505s
	iters: 400, epoch: 9 | loss: 0.1949045
	speed: 0.2453s/iter; left time: 423.6945s
	iters: 500, epoch: 9 | loss: 0.1927035
	speed: 0.2447s/iter; left time: 398.0992s
	iters: 600, epoch: 9 | loss: 0.2000244
	speed: 0.2201s/iter; left time: 336.0783s
	iters: 700, epoch: 9 | loss: 0.2011072
	speed: 0.2466s/iter; left time: 351.9341s
	iters: 800, epoch: 9 | loss: 0.2145992
	speed: 0.2459s/iter; left time: 326.3017s
	iters: 900, epoch: 9 | loss: 0.1932281
	speed: 0.2280s/iter; left time: 279.7395s
	iters: 1000, epoch: 9 | loss: 0.2682106
	speed: 0.2361s/iter; left time: 266.1039s
Epoch: 9 cost time: 250.99709177017212
Epoch: 9, Steps: 1063 | Train Loss: 0.2064607 Vali Loss: 0.1711511 Test Loss: 0.2029818
Validation loss decreased (0.171398 --> 0.171151).  Saving model ...
Updating learning rate to 3.90625e-06
	iters: 100, epoch: 10 | loss: 0.2062642
	speed: 0.6488s/iter; left time: 625.4104s
	iters: 200, epoch: 10 | loss: 0.2025277
	speed: 0.2190s/iter; left time: 189.2588s
	iters: 300, epoch: 10 | loss: 0.1918543
	speed: 0.2282s/iter; left time: 174.3651s
	iters: 400, epoch: 10 | loss: 0.1787001
	speed: 0.2397s/iter; left time: 159.1766s
	iters: 500, epoch: 10 | loss: 0.2097884
	speed: 0.2305s/iter; left time: 129.9918s
	iters: 600, epoch: 10 | loss: 0.2115290
	speed: 0.2211s/iter; left time: 102.6091s
	iters: 700, epoch: 10 | loss: 0.1772468
	speed: 0.2231s/iter; left time: 81.2190s
	iters: 800, epoch: 10 | loss: 0.1903919
	speed: 0.2195s/iter; left time: 57.9548s
	iters: 900, epoch: 10 | loss: 0.1882474
	speed: 0.2305s/iter; left time: 37.8047s
	iters: 1000, epoch: 10 | loss: 0.2145750
	speed: 0.2464s/iter; left time: 15.7693s
Epoch: 10 cost time: 242.7963273525238
Epoch: 10, Steps: 1063 | Train Loss: 0.2062873 Vali Loss: 0.1711673 Test Loss: 0.2028392
EarlyStopping counter: 1 out of 3
Updating learning rate to 1.953125e-06
>>>>>>>testing : Electricity_672_720_RLinear_custom_ftM_sl672_ll48_pl720_dm512_nh8_el2_dl1_df2048_fc1_ebtimeF_dtTrue_Exp_0<<<<<<<<<<<<<<<<<<<<<<<<<<<<<<<<<
test 4541
mse:0.20289000868797302, mae:0.2920283377170563
