Args in experiment:
Namespace(activation='gelu', batch_size=8, c_out=7, checkpoints='/spo/NewbornTime/tahir098/SVF/data/Extra/checkpoints/', d_ff=2048, d_layers=1, d_model=512, data='ETTh1', data_path='ETTh1.csv', dec_in=7, des='Exp', devices='0,1,2,3', distil=True, do_predict=False, dropout=0.05, e_layers=2, embed='timeF', embed_type=0, enc_in=7, factor=1, features='M', freq='h', gpu=0, individual=False, is_training=1, itr=1, label_len=48, learning_rate=0.001, loss='mse', lradj='type1', model='GLinear', model_id='ETTh1_504_24', moving_avg=25, n_heads=8, num_workers=10, output_attention=False, patience=3, pred_len=24, root_path='./dataset/', seq_len=504, target='OT', test_flop=False, train_epochs=10, train_only=False, use_amp=False, use_gpu=True, use_multi_gpu=False)
Use GPU: cuda:0
>>>>>>>start training : ETTh1_504_24_GLinear_ETTh1_ftM_sl504_ll48_pl24_dm512_nh8_el2_dl1_df2048_fc1_ebtimeF_dtTrue_Exp_0>>>>>>>>>>>>>>>>>>>>>>>>>>
train 8113
val 2857
test 2857
	iters: 100, epoch: 1 | loss: 0.4236850
	speed: 0.0104s/iter; left time: 104.2267s
	iters: 200, epoch: 1 | loss: 0.3148242
	speed: 0.0044s/iter; left time: 44.1410s
	iters: 300, epoch: 1 | loss: 0.2578896
	speed: 0.0044s/iter; left time: 43.1405s
	iters: 400, epoch: 1 | loss: 0.2618800
	speed: 0.0043s/iter; left time: 41.9914s
	iters: 500, epoch: 1 | loss: 0.2669904
	speed: 0.0044s/iter; left time: 42.0852s
	iters: 600, epoch: 1 | loss: 0.2790278
	speed: 0.0044s/iter; left time: 41.5237s
	iters: 700, epoch: 1 | loss: 0.2968409
	speed: 0.0043s/iter; left time: 40.6649s
	iters: 800, epoch: 1 | loss: 0.2078905
	speed: 0.0043s/iter; left time: 40.3752s
	iters: 900, epoch: 1 | loss: 0.2766843
	speed: 0.0046s/iter; left time: 42.4588s
	iters: 1000, epoch: 1 | loss: 0.1448953
	speed: 0.0043s/iter; left time: 39.4973s
Epoch: 1 cost time: 5.1156158447265625
Epoch: 1, Steps: 1014 | Train Loss: 0.2930805 Vali Loss: 0.4501218 Test Loss: 0.3556232
Validation loss decreased (inf --> 0.450122).  Saving model ...
Updating learning rate to 0.001
	iters: 100, epoch: 2 | loss: 0.2329964
	speed: 0.0439s/iter; left time: 396.5581s
	iters: 200, epoch: 2 | loss: 0.4021997
	speed: 0.0043s/iter; left time: 38.4518s
	iters: 300, epoch: 2 | loss: 0.2650572
	speed: 0.0044s/iter; left time: 39.1802s
	iters: 400, epoch: 2 | loss: 0.1915378
	speed: 0.0044s/iter; left time: 38.6210s
	iters: 500, epoch: 2 | loss: 0.2850961
	speed: 0.0044s/iter; left time: 38.0263s
	iters: 600, epoch: 2 | loss: 0.2318531
	speed: 0.0043s/iter; left time: 36.9285s
	iters: 700, epoch: 2 | loss: 0.3259531
	speed: 0.0044s/iter; left time: 36.7010s
	iters: 800, epoch: 2 | loss: 0.2565145
	speed: 0.0044s/iter; left time: 36.4398s
	iters: 900, epoch: 2 | loss: 0.3300585
	speed: 0.0046s/iter; left time: 37.7114s
	iters: 1000, epoch: 2 | loss: 0.2482404
	speed: 0.0043s/iter; left time: 35.3513s
Epoch: 2 cost time: 5.082178354263306
Epoch: 2, Steps: 1014 | Train Loss: 0.2595956 Vali Loss: 0.4469728 Test Loss: 0.3409223
Validation loss decreased (0.450122 --> 0.446973).  Saving model ...
Updating learning rate to 0.0005
	iters: 100, epoch: 3 | loss: 0.2656868
	speed: 0.0434s/iter; left time: 347.8133s
	iters: 200, epoch: 3 | loss: 0.1778034
	speed: 0.0044s/iter; left time: 34.6730s
	iters: 300, epoch: 3 | loss: 0.2245313
	speed: 0.0044s/iter; left time: 33.9962s
	iters: 400, epoch: 3 | loss: 0.2196165
	speed: 0.0043s/iter; left time: 33.2856s
	iters: 500, epoch: 3 | loss: 0.2663234
	speed: 0.0044s/iter; left time: 33.2093s
	iters: 600, epoch: 3 | loss: 0.2518111
	speed: 0.0043s/iter; left time: 32.2866s
	iters: 700, epoch: 3 | loss: 0.2504751
	speed: 0.0044s/iter; left time: 32.6367s
	iters: 800, epoch: 3 | loss: 0.2130529
	speed: 0.0045s/iter; left time: 32.5539s
	iters: 900, epoch: 3 | loss: 0.2529686
	speed: 0.0043s/iter; left time: 30.7306s
	iters: 1000, epoch: 3 | loss: 0.2387823
	speed: 0.0042s/iter; left time: 30.1190s
Epoch: 3 cost time: 5.023449897766113
Epoch: 3, Steps: 1014 | Train Loss: 0.2265120 Vali Loss: 0.4430999 Test Loss: 0.3313685
Validation loss decreased (0.446973 --> 0.443100).  Saving model ...
Updating learning rate to 0.00025
	iters: 100, epoch: 4 | loss: 0.2245093
	speed: 0.0441s/iter; left time: 308.4897s
	iters: 200, epoch: 4 | loss: 0.2065429
	speed: 0.0044s/iter; left time: 30.2491s
	iters: 300, epoch: 4 | loss: 0.2435260
	speed: 0.0044s/iter; left time: 29.7172s
	iters: 400, epoch: 4 | loss: 0.1774546
	speed: 0.0043s/iter; left time: 29.0476s
	iters: 500, epoch: 4 | loss: 0.2014382
	speed: 0.0043s/iter; left time: 28.6209s
	iters: 600, epoch: 4 | loss: 0.1648242
	speed: 0.0044s/iter; left time: 28.7079s
	iters: 700, epoch: 4 | loss: 0.1751913
	speed: 0.0044s/iter; left time: 27.9092s
	iters: 800, epoch: 4 | loss: 0.2114579
	speed: 0.0043s/iter; left time: 27.0302s
	iters: 900, epoch: 4 | loss: 0.1996741
	speed: 0.0044s/iter; left time: 27.1351s
	iters: 1000, epoch: 4 | loss: 0.2070541
	speed: 0.0043s/iter; left time: 25.9782s
Epoch: 4 cost time: 5.023624897003174
Epoch: 4, Steps: 1014 | Train Loss: 0.2023235 Vali Loss: 0.4341559 Test Loss: 0.3223327
Validation loss decreased (0.443100 --> 0.434156).  Saving model ...
Updating learning rate to 0.000125
	iters: 100, epoch: 5 | loss: 0.1475613
	speed: 0.0439s/iter; left time: 262.8856s
	iters: 200, epoch: 5 | loss: 0.1708774
	speed: 0.0044s/iter; left time: 26.1016s
	iters: 300, epoch: 5 | loss: 0.1724949
	speed: 0.0043s/iter; left time: 24.9091s
	iters: 400, epoch: 5 | loss: 0.1589105
	speed: 0.0045s/iter; left time: 25.4538s
	iters: 500, epoch: 5 | loss: 0.1604754
	speed: 0.0043s/iter; left time: 23.9151s
	iters: 600, epoch: 5 | loss: 0.3005985
	speed: 0.0043s/iter; left time: 23.6021s
	iters: 700, epoch: 5 | loss: 0.1879289
	speed: 0.0043s/iter; left time: 23.3831s
	iters: 800, epoch: 5 | loss: 0.1806257
	speed: 0.0043s/iter; left time: 22.5629s
	iters: 900, epoch: 5 | loss: 0.1912542
	speed: 0.0047s/iter; left time: 24.5878s
	iters: 1000, epoch: 5 | loss: 0.1679261
	speed: 0.0044s/iter; left time: 22.3136s
Epoch: 5 cost time: 5.076069355010986
Epoch: 5, Steps: 1014 | Train Loss: 0.1866677 Vali Loss: 0.4317726 Test Loss: 0.3259592
Validation loss decreased (0.434156 --> 0.431773).  Saving model ...
Updating learning rate to 6.25e-05
	iters: 100, epoch: 6 | loss: 0.1537725
	speed: 0.0443s/iter; left time: 220.0517s
	iters: 200, epoch: 6 | loss: 0.1427546
	speed: 0.0044s/iter; left time: 21.4773s
	iters: 300, epoch: 6 | loss: 0.1370775
	speed: 0.0044s/iter; left time: 20.8843s
	iters: 400, epoch: 6 | loss: 0.1650153
	speed: 0.0044s/iter; left time: 20.5221s
	iters: 500, epoch: 6 | loss: 0.1689949
	speed: 0.0044s/iter; left time: 20.1373s
	iters: 600, epoch: 6 | loss: 0.2100829
	speed: 0.0044s/iter; left time: 19.5164s
	iters: 700, epoch: 6 | loss: 0.1536684
	speed: 0.0044s/iter; left time: 19.1700s
	iters: 800, epoch: 6 | loss: 0.1288635
	speed: 0.0044s/iter; left time: 18.7419s
	iters: 900, epoch: 6 | loss: 0.1173115
	speed: 0.0045s/iter; left time: 18.7580s
	iters: 1000, epoch: 6 | loss: 0.1275343
	speed: 0.0043s/iter; left time: 17.3792s
Epoch: 6 cost time: 5.073071241378784
Epoch: 6, Steps: 1014 | Train Loss: 0.1773866 Vali Loss: 0.4311111 Test Loss: 0.3297800
Validation loss decreased (0.431773 --> 0.431111).  Saving model ...
Updating learning rate to 3.125e-05
	iters: 100, epoch: 7 | loss: 0.1772234
	speed: 0.0446s/iter; left time: 176.4887s
	iters: 200, epoch: 7 | loss: 0.1836062
	speed: 0.0044s/iter; left time: 17.0200s
	iters: 300, epoch: 7 | loss: 0.1306493
	speed: 0.0044s/iter; left time: 16.6969s
	iters: 400, epoch: 7 | loss: 0.2320079
	speed: 0.0044s/iter; left time: 16.0818s
	iters: 500, epoch: 7 | loss: 0.2486984
	speed: 0.0044s/iter; left time: 15.6241s
	iters: 600, epoch: 7 | loss: 0.1350805
	speed: 0.0044s/iter; left time: 15.2409s
	iters: 700, epoch: 7 | loss: 0.1741219
	speed: 0.0043s/iter; left time: 14.5988s
	iters: 800, epoch: 7 | loss: 0.1914021
	speed: 0.0044s/iter; left time: 14.3831s
	iters: 900, epoch: 7 | loss: 0.1363566
	speed: 0.0045s/iter; left time: 14.1608s
	iters: 1000, epoch: 7 | loss: 0.1530762
	speed: 0.0044s/iter; left time: 13.3030s
Epoch: 7 cost time: 5.1756510734558105
Epoch: 7, Steps: 1014 | Train Loss: 0.1722345 Vali Loss: 0.4348984 Test Loss: 0.3279932
EarlyStopping counter: 1 out of 3
Updating learning rate to 1.5625e-05
	iters: 100, epoch: 8 | loss: 0.2521124
	speed: 0.0437s/iter; left time: 128.6616s
	iters: 200, epoch: 8 | loss: 0.1724401
	speed: 0.0043s/iter; left time: 12.2769s
	iters: 300, epoch: 8 | loss: 0.1490792
	speed: 0.0043s/iter; left time: 11.8659s
	iters: 400, epoch: 8 | loss: 0.1677168
	speed: 0.0044s/iter; left time: 11.7221s
	iters: 500, epoch: 8 | loss: 0.1728418
	speed: 0.0044s/iter; left time: 11.1805s
	iters: 600, epoch: 8 | loss: 0.2342156
	speed: 0.0044s/iter; left time: 10.7075s
	iters: 700, epoch: 8 | loss: 0.1439754
	speed: 0.0044s/iter; left time: 10.3394s
	iters: 800, epoch: 8 | loss: 0.1344168
	speed: 0.0043s/iter; left time: 9.7520s
	iters: 900, epoch: 8 | loss: 0.1458221
	speed: 0.0044s/iter; left time: 9.4314s
	iters: 1000, epoch: 8 | loss: 0.1543121
	speed: 0.0044s/iter; left time: 8.9072s
Epoch: 8 cost time: 5.058002710342407
Epoch: 8, Steps: 1014 | Train Loss: 0.1695369 Vali Loss: 0.4363256 Test Loss: 0.3267711
EarlyStopping counter: 2 out of 3
Updating learning rate to 7.8125e-06
	iters: 100, epoch: 9 | loss: 0.1699593
	speed: 0.0443s/iter; left time: 85.4957s
	iters: 200, epoch: 9 | loss: 0.1488286
	speed: 0.0044s/iter; left time: 8.0630s
	iters: 300, epoch: 9 | loss: 0.1481825
	speed: 0.0044s/iter; left time: 7.6510s
	iters: 400, epoch: 9 | loss: 0.1640386
	speed: 0.0044s/iter; left time: 7.1192s
	iters: 500, epoch: 9 | loss: 0.2480085
	speed: 0.0045s/iter; left time: 6.8227s
	iters: 600, epoch: 9 | loss: 0.2045376
	speed: 0.0044s/iter; left time: 6.2551s
	iters: 700, epoch: 9 | loss: 0.1145623
	speed: 0.0044s/iter; left time: 5.8387s
	iters: 800, epoch: 9 | loss: 0.1311997
	speed: 0.0044s/iter; left time: 5.4540s
	iters: 900, epoch: 9 | loss: 0.1222825
	speed: 0.0043s/iter; left time: 4.8636s
	iters: 1000, epoch: 9 | loss: 0.1861334
	speed: 0.0043s/iter; left time: 4.4319s
Epoch: 9 cost time: 5.0663111209869385
Epoch: 9, Steps: 1014 | Train Loss: 0.1681413 Vali Loss: 0.4363526 Test Loss: 0.3284835
EarlyStopping counter: 3 out of 3
Early stopping
>>>>>>>testing : ETTh1_504_24_GLinear_ETTh1_ftM_sl504_ll48_pl24_dm512_nh8_el2_dl1_df2048_fc1_ebtimeF_dtTrue_Exp_0<<<<<<<<<<<<<<<<<<<<<<<<<<<<<<<<<
test 2857
mse:0.33015263080596924, mae:0.38059431314468384
