Args in experiment:
Namespace(activation='gelu', batch_size=16, c_out=7, checkpoints='/spo/NewbornTime/tahir098/SVF/data/Extra/checkpoints/', d_ff=2048, d_layers=1, d_model=512, data='custom', data_path='weather.csv', dec_in=7, des='Exp', devices='0,1,2,3', distil=True, do_predict=False, dropout=0.05, e_layers=2, embed='timeF', embed_type=0, enc_in=21, factor=1, features='M', freq='h', gpu=0, individual=False, is_training=1, itr=1, label_len=48, learning_rate=0.001, loss='mse', lradj='type1', model='GRevagLinear', model_id='weather_168_720', moving_avg=25, n_heads=8, num_workers=10, output_attention=False, patience=3, pred_len=720, root_path='./dataset/', seq_len=168, target='OT', test_flop=False, train_epochs=10, train_only=False, use_amp=False, use_gpu=True, use_multi_gpu=False)
Use GPU: cuda:0
>>>>>>>start training : weather_168_720_GRevagLinear_custom_ftM_sl168_ll48_pl720_dm512_nh8_el2_dl1_df2048_fc1_ebtimeF_dtTrue_Exp_0>>>>>>>>>>>>>>>>>>>>>>>>>>
train 36000
val 4551
test 9820
	iters: 100, epoch: 1 | loss: 1.0530229
	speed: 0.0146s/iter; left time: 325.9716s
	iters: 200, epoch: 1 | loss: 0.6011599
	speed: 0.0067s/iter; left time: 150.4560s
	iters: 300, epoch: 1 | loss: 0.5728035
	speed: 0.0067s/iter; left time: 148.5212s
	iters: 400, epoch: 1 | loss: 0.5390523
	speed: 0.0067s/iter; left time: 147.5483s
	iters: 500, epoch: 1 | loss: 0.4720762
	speed: 0.0067s/iter; left time: 147.0497s
	iters: 600, epoch: 1 | loss: 0.7524392
	speed: 0.0065s/iter; left time: 141.3689s
	iters: 700, epoch: 1 | loss: 0.5290864
	speed: 0.0064s/iter; left time: 140.1260s
	iters: 800, epoch: 1 | loss: 0.4909115
	speed: 0.0064s/iter; left time: 139.3818s
	iters: 900, epoch: 1 | loss: 0.5791423
	speed: 0.0064s/iter; left time: 138.1487s
	iters: 1000, epoch: 1 | loss: 0.4682648
	speed: 0.0063s/iter; left time: 135.6739s
	iters: 1100, epoch: 1 | loss: 0.5260721
	speed: 0.0077s/iter; left time: 164.8045s
	iters: 1200, epoch: 1 | loss: 1.0603691
	speed: 0.0072s/iter; left time: 153.2003s
	iters: 1300, epoch: 1 | loss: 0.5730280
	speed: 0.0065s/iter; left time: 137.0186s
	iters: 1400, epoch: 1 | loss: 0.8006928
	speed: 0.0068s/iter; left time: 144.2716s
	iters: 1500, epoch: 1 | loss: 0.7917160
	speed: 0.0066s/iter; left time: 137.8575s
	iters: 1600, epoch: 1 | loss: 0.4637983
	speed: 0.0062s/iter; left time: 129.9743s
	iters: 1700, epoch: 1 | loss: 0.7700597
	speed: 0.0065s/iter; left time: 134.7668s
	iters: 1800, epoch: 1 | loss: 0.7967415
	speed: 0.0064s/iter; left time: 132.0646s
	iters: 1900, epoch: 1 | loss: 0.5447116
	speed: 0.0064s/iter; left time: 132.5467s
	iters: 2000, epoch: 1 | loss: 0.8331484
	speed: 0.0063s/iter; left time: 129.1533s
	iters: 2100, epoch: 1 | loss: 0.5702669
	speed: 0.0065s/iter; left time: 132.4059s
	iters: 2200, epoch: 1 | loss: 0.6110693
	speed: 0.0068s/iter; left time: 137.9882s
Epoch: 1 cost time: 15.774719953536987
Epoch: 1, Steps: 2250 | Train Loss: 0.6550948 Vali Loss: 0.6851624 Test Loss: 0.3425992
Validation loss decreased (inf --> 0.685162).  Saving model ...
Updating learning rate to 0.001
	iters: 100, epoch: 2 | loss: 0.5893766
	speed: 0.0778s/iter; left time: 1568.4084s
	iters: 200, epoch: 2 | loss: 0.4809261
	speed: 0.0063s/iter; left time: 126.3968s
	iters: 300, epoch: 2 | loss: 0.5326820
	speed: 0.0066s/iter; left time: 131.1915s
	iters: 400, epoch: 2 | loss: 0.5300487
	speed: 0.0066s/iter; left time: 131.3791s
	iters: 500, epoch: 2 | loss: 0.5111637
	speed: 0.0065s/iter; left time: 129.0324s
	iters: 600, epoch: 2 | loss: 0.8958789
	speed: 0.0065s/iter; left time: 128.3279s
	iters: 700, epoch: 2 | loss: 0.6990760
	speed: 0.0067s/iter; left time: 131.8390s
	iters: 800, epoch: 2 | loss: 0.5137224
	speed: 0.0068s/iter; left time: 132.8783s
	iters: 900, epoch: 2 | loss: 0.5548064
	speed: 0.0068s/iter; left time: 130.6818s
	iters: 1000, epoch: 2 | loss: 0.5649390
	speed: 0.0066s/iter; left time: 127.3153s
	iters: 1100, epoch: 2 | loss: 0.4787396
	speed: 0.0067s/iter; left time: 128.6240s
	iters: 1200, epoch: 2 | loss: 0.5350135
	speed: 0.0066s/iter; left time: 125.7004s
	iters: 1300, epoch: 2 | loss: 0.6286168
	speed: 0.0065s/iter; left time: 123.8677s
	iters: 1400, epoch: 2 | loss: 0.5613439
	speed: 0.0071s/iter; left time: 133.9609s
	iters: 1500, epoch: 2 | loss: 0.5582477
	speed: 0.0071s/iter; left time: 133.2989s
	iters: 1600, epoch: 2 | loss: 0.5342420
	speed: 0.0066s/iter; left time: 123.2963s
	iters: 1700, epoch: 2 | loss: 0.5057583
	speed: 0.0066s/iter; left time: 123.0021s
	iters: 1800, epoch: 2 | loss: 0.8330246
	speed: 0.0064s/iter; left time: 117.6349s
	iters: 1900, epoch: 2 | loss: 0.4931505
	speed: 0.0064s/iter; left time: 117.0895s
	iters: 2000, epoch: 2 | loss: 0.5259157
	speed: 0.0064s/iter; left time: 116.5473s
	iters: 2100, epoch: 2 | loss: 0.5917612
	speed: 0.0065s/iter; left time: 118.2195s
	iters: 2200, epoch: 2 | loss: 0.5158873
	speed: 0.0064s/iter; left time: 115.6599s
Epoch: 2 cost time: 15.57547116279602
Epoch: 2, Steps: 2250 | Train Loss: 0.6368707 Vali Loss: 0.6717030 Test Loss: 0.3358715
Validation loss decreased (0.685162 --> 0.671703).  Saving model ...
Updating learning rate to 0.0005
	iters: 100, epoch: 3 | loss: 0.7856191
	speed: 0.0789s/iter; left time: 1412.2491s
	iters: 200, epoch: 3 | loss: 1.1154488
	speed: 0.0064s/iter; left time: 114.7934s
	iters: 300, epoch: 3 | loss: 0.8780472
	speed: 0.0067s/iter; left time: 119.1889s
	iters: 400, epoch: 3 | loss: 0.6062511
	speed: 0.0066s/iter; left time: 115.9173s
	iters: 500, epoch: 3 | loss: 0.8590895
	speed: 0.0065s/iter; left time: 114.4162s
	iters: 600, epoch: 3 | loss: 0.5244350
	speed: 0.0066s/iter; left time: 115.4042s
	iters: 700, epoch: 3 | loss: 0.5355342
	speed: 0.0064s/iter; left time: 109.9974s
	iters: 800, epoch: 3 | loss: 0.7233560
	speed: 0.0064s/iter; left time: 110.3724s
	iters: 900, epoch: 3 | loss: 0.5677697
	speed: 0.0066s/iter; left time: 112.6408s
	iters: 1000, epoch: 3 | loss: 0.7588860
	speed: 0.0064s/iter; left time: 108.5359s
	iters: 1100, epoch: 3 | loss: 0.5623580
	speed: 0.0066s/iter; left time: 110.8529s
	iters: 1200, epoch: 3 | loss: 0.5123944
	speed: 0.0066s/iter; left time: 111.4243s
	iters: 1300, epoch: 3 | loss: 0.6954699
	speed: 0.0073s/iter; left time: 122.3128s
	iters: 1400, epoch: 3 | loss: 0.7742540
	speed: 0.0074s/iter; left time: 123.1656s
	iters: 1500, epoch: 3 | loss: 0.6446728
	speed: 0.0069s/iter; left time: 114.2216s
	iters: 1600, epoch: 3 | loss: 0.6935936
	speed: 0.0066s/iter; left time: 108.1461s
	iters: 1700, epoch: 3 | loss: 0.4933149
	speed: 0.0064s/iter; left time: 103.6928s
	iters: 1800, epoch: 3 | loss: 0.6035282
	speed: 0.0064s/iter; left time: 104.0140s
	iters: 1900, epoch: 3 | loss: 0.6702567
	speed: 0.0067s/iter; left time: 108.6326s
	iters: 2000, epoch: 3 | loss: 0.5675796
	speed: 0.0069s/iter; left time: 110.8251s
	iters: 2100, epoch: 3 | loss: 0.5450707
	speed: 0.0068s/iter; left time: 108.4394s
	iters: 2200, epoch: 3 | loss: 0.7586381
	speed: 0.0066s/iter; left time: 104.2869s
Epoch: 3 cost time: 15.770492553710938
Epoch: 3, Steps: 2250 | Train Loss: 0.6284546 Vali Loss: 0.6663538 Test Loss: 0.3336400
Validation loss decreased (0.671703 --> 0.666354).  Saving model ...
Updating learning rate to 0.00025
	iters: 100, epoch: 4 | loss: 0.5473731
	speed: 0.0772s/iter; left time: 1208.3715s
	iters: 200, epoch: 4 | loss: 0.8764215
	speed: 0.0063s/iter; left time: 97.8737s
	iters: 300, epoch: 4 | loss: 0.5476868
	speed: 0.0062s/iter; left time: 95.3493s
	iters: 400, epoch: 4 | loss: 0.4276268
	speed: 0.0064s/iter; left time: 98.2288s
	iters: 500, epoch: 4 | loss: 0.6242591
	speed: 0.0064s/iter; left time: 97.9705s
	iters: 600, epoch: 4 | loss: 0.7975579
	speed: 0.0064s/iter; left time: 97.6302s
	iters: 700, epoch: 4 | loss: 0.8295370
	speed: 0.0064s/iter; left time: 95.8886s
	iters: 800, epoch: 4 | loss: 0.4566259
	speed: 0.0065s/iter; left time: 97.6194s
	iters: 900, epoch: 4 | loss: 0.5509047
	speed: 0.0066s/iter; left time: 97.4340s
	iters: 1000, epoch: 4 | loss: 0.4003516
	speed: 0.0065s/iter; left time: 96.5338s
	iters: 1100, epoch: 4 | loss: 0.7211740
	speed: 0.0066s/iter; left time: 96.7077s
	iters: 1200, epoch: 4 | loss: 0.4696215
	speed: 0.0066s/iter; left time: 96.4021s
	iters: 1300, epoch: 4 | loss: 0.6350901
	speed: 0.0066s/iter; left time: 95.3132s
	iters: 1400, epoch: 4 | loss: 0.6839913
	speed: 0.0066s/iter; left time: 94.9964s
	iters: 1500, epoch: 4 | loss: 0.6727728
	speed: 0.0062s/iter; left time: 88.3992s
	iters: 1600, epoch: 4 | loss: 0.5543863
	speed: 0.0066s/iter; left time: 93.6186s
	iters: 1700, epoch: 4 | loss: 0.7591155
	speed: 0.0065s/iter; left time: 91.0731s
	iters: 1800, epoch: 4 | loss: 0.5083206
	speed: 0.0066s/iter; left time: 92.6513s
	iters: 1900, epoch: 4 | loss: 0.4945213
	speed: 0.0065s/iter; left time: 89.5883s
	iters: 2000, epoch: 4 | loss: 0.5382401
	speed: 0.0065s/iter; left time: 89.2088s
	iters: 2100, epoch: 4 | loss: 0.7893829
	speed: 0.0064s/iter; left time: 86.9573s
	iters: 2200, epoch: 4 | loss: 0.5563595
	speed: 0.0063s/iter; left time: 85.6172s
Epoch: 4 cost time: 15.24526047706604
Epoch: 4, Steps: 2250 | Train Loss: 0.6233648 Vali Loss: 0.6614281 Test Loss: 0.3326719
Validation loss decreased (0.666354 --> 0.661428).  Saving model ...
Updating learning rate to 0.000125
	iters: 100, epoch: 5 | loss: 0.6419356
	speed: 0.0781s/iter; left time: 1047.1306s
	iters: 200, epoch: 5 | loss: 0.5668988
	speed: 0.0064s/iter; left time: 84.5891s
	iters: 300, epoch: 5 | loss: 0.7039951
	speed: 0.0065s/iter; left time: 86.1951s
	iters: 400, epoch: 5 | loss: 0.5603053
	speed: 0.0066s/iter; left time: 86.7030s
	iters: 500, epoch: 5 | loss: 0.5227381
	speed: 0.0070s/iter; left time: 90.4974s
	iters: 600, epoch: 5 | loss: 0.5581244
	speed: 0.0066s/iter; left time: 85.2958s
	iters: 700, epoch: 5 | loss: 1.0181746
	speed: 0.0066s/iter; left time: 84.3679s
	iters: 800, epoch: 5 | loss: 0.6742682
	speed: 0.0064s/iter; left time: 80.9962s
	iters: 900, epoch: 5 | loss: 0.5373132
	speed: 0.0063s/iter; left time: 79.2180s
	iters: 1000, epoch: 5 | loss: 0.7276086
	speed: 0.0063s/iter; left time: 78.6093s
	iters: 1100, epoch: 5 | loss: 0.7329479
	speed: 0.0070s/iter; left time: 86.6521s
	iters: 1200, epoch: 5 | loss: 0.6490307
	speed: 0.0079s/iter; left time: 97.5066s
	iters: 1300, epoch: 5 | loss: 0.5305080
	speed: 0.0069s/iter; left time: 83.9181s
	iters: 1400, epoch: 5 | loss: 0.4493657
	speed: 0.0064s/iter; left time: 77.4287s
	iters: 1500, epoch: 5 | loss: 0.4921002
	speed: 0.0068s/iter; left time: 81.8718s
	iters: 1600, epoch: 5 | loss: 0.5069240
	speed: 0.0069s/iter; left time: 81.5965s
	iters: 1700, epoch: 5 | loss: 0.6927321
	speed: 0.0062s/iter; left time: 73.5112s
	iters: 1800, epoch: 5 | loss: 0.5674037
	speed: 0.0063s/iter; left time: 74.2484s
	iters: 1900, epoch: 5 | loss: 0.5600760
	speed: 0.0066s/iter; left time: 76.3311s
	iters: 2000, epoch: 5 | loss: 0.8197490
	speed: 0.0070s/iter; left time: 80.0201s
	iters: 2100, epoch: 5 | loss: 0.5604178
	speed: 0.0066s/iter; left time: 75.4293s
	iters: 2200, epoch: 5 | loss: 0.5397167
	speed: 0.0064s/iter; left time: 72.7322s
Epoch: 5 cost time: 15.630374670028687
Epoch: 5, Steps: 2250 | Train Loss: 0.6205634 Vali Loss: 0.6604151 Test Loss: 0.3326131
Validation loss decreased (0.661428 --> 0.660415).  Saving model ...
Updating learning rate to 6.25e-05
	iters: 100, epoch: 6 | loss: 0.5955563
	speed: 0.0763s/iter; left time: 850.3355s
	iters: 200, epoch: 6 | loss: 0.5585666
	speed: 0.0064s/iter; left time: 70.4912s
	iters: 300, epoch: 6 | loss: 0.5728298
	speed: 0.0063s/iter; left time: 68.6364s
	iters: 400, epoch: 6 | loss: 0.6264775
	speed: 0.0069s/iter; left time: 74.3402s
	iters: 500, epoch: 6 | loss: 0.5614703
	speed: 0.0066s/iter; left time: 71.0943s
	iters: 600, epoch: 6 | loss: 0.4362372
	speed: 0.0065s/iter; left time: 68.9866s
	iters: 700, epoch: 6 | loss: 0.4885984
	speed: 0.0067s/iter; left time: 70.3368s
	iters: 800, epoch: 6 | loss: 0.8381574
	speed: 0.0063s/iter; left time: 66.0859s
	iters: 900, epoch: 6 | loss: 0.6627402
	speed: 0.0062s/iter; left time: 64.4581s
	iters: 1000, epoch: 6 | loss: 0.8297622
	speed: 0.0063s/iter; left time: 64.1991s
	iters: 1100, epoch: 6 | loss: 0.8653521
	speed: 0.0063s/iter; left time: 63.4817s
	iters: 1200, epoch: 6 | loss: 0.4234032
	speed: 0.0063s/iter; left time: 62.9795s
	iters: 1300, epoch: 6 | loss: 0.5466561
	speed: 0.0064s/iter; left time: 63.3444s
	iters: 1400, epoch: 6 | loss: 0.5659606
	speed: 0.0064s/iter; left time: 62.8772s
	iters: 1500, epoch: 6 | loss: 0.8299136
	speed: 0.0064s/iter; left time: 62.2273s
	iters: 1600, epoch: 6 | loss: 0.7745019
	speed: 0.0062s/iter; left time: 59.7596s
	iters: 1700, epoch: 6 | loss: 0.5734635
	speed: 0.0063s/iter; left time: 59.8208s
	iters: 1800, epoch: 6 | loss: 0.8248137
	speed: 0.0057s/iter; left time: 54.1108s
	iters: 1900, epoch: 6 | loss: 0.7050873
	speed: 0.0059s/iter; left time: 55.3467s
	iters: 2000, epoch: 6 | loss: 0.6965184
	speed: 0.0062s/iter; left time: 57.0577s
	iters: 2100, epoch: 6 | loss: 0.8028603
	speed: 0.0063s/iter; left time: 57.6150s
	iters: 2200, epoch: 6 | loss: 0.7408515
	speed: 0.0064s/iter; left time: 57.5400s
Epoch: 6 cost time: 14.924775838851929
Epoch: 6, Steps: 2250 | Train Loss: 0.6192106 Vali Loss: 0.6593537 Test Loss: 0.3324428
Validation loss decreased (0.660415 --> 0.659354).  Saving model ...
Updating learning rate to 3.125e-05
	iters: 100, epoch: 7 | loss: 0.5064139
	speed: 0.0780s/iter; left time: 694.3951s
	iters: 200, epoch: 7 | loss: 0.7999606
	speed: 0.0067s/iter; left time: 58.8399s
	iters: 300, epoch: 7 | loss: 0.5967827
	speed: 0.0063s/iter; left time: 55.0512s
	iters: 400, epoch: 7 | loss: 0.8172392
	speed: 0.0061s/iter; left time: 52.5920s
	iters: 500, epoch: 7 | loss: 0.4751446
	speed: 0.0066s/iter; left time: 55.6934s
	iters: 600, epoch: 7 | loss: 0.7863727
	speed: 0.0064s/iter; left time: 53.7406s
	iters: 700, epoch: 7 | loss: 0.6317679
	speed: 0.0063s/iter; left time: 52.4104s
	iters: 800, epoch: 7 | loss: 0.5520342
	speed: 0.0063s/iter; left time: 52.0650s
	iters: 900, epoch: 7 | loss: 0.5110961
	speed: 0.0064s/iter; left time: 51.5326s
	iters: 1000, epoch: 7 | loss: 0.8425577
	speed: 0.0065s/iter; left time: 52.2798s
	iters: 1100, epoch: 7 | loss: 0.5005742
	speed: 0.0068s/iter; left time: 53.8507s
	iters: 1200, epoch: 7 | loss: 0.6656923
	speed: 0.0072s/iter; left time: 55.9678s
	iters: 1300, epoch: 7 | loss: 0.5695902
	speed: 0.0068s/iter; left time: 52.0591s
	iters: 1400, epoch: 7 | loss: 0.4794723
	speed: 0.0066s/iter; left time: 50.4379s
	iters: 1500, epoch: 7 | loss: 0.5320720
	speed: 0.0064s/iter; left time: 48.2827s
	iters: 1600, epoch: 7 | loss: 0.4070769
	speed: 0.0062s/iter; left time: 46.0133s
	iters: 1700, epoch: 7 | loss: 0.7562765
	speed: 0.0062s/iter; left time: 45.5261s
	iters: 1800, epoch: 7 | loss: 0.4031027
	speed: 0.0065s/iter; left time: 46.8209s
	iters: 1900, epoch: 7 | loss: 0.5928777
	speed: 0.0068s/iter; left time: 48.2992s
	iters: 2000, epoch: 7 | loss: 0.5273273
	speed: 0.0069s/iter; left time: 48.0701s
	iters: 2100, epoch: 7 | loss: 0.5361064
	speed: 0.0064s/iter; left time: 44.0329s
	iters: 2200, epoch: 7 | loss: 0.7865829
	speed: 0.0072s/iter; left time: 48.8022s
Epoch: 7 cost time: 15.50133728981018
Epoch: 7, Steps: 2250 | Train Loss: 0.6185053 Vali Loss: 0.6591878 Test Loss: 0.3320381
Validation loss decreased (0.659354 --> 0.659188).  Saving model ...
Updating learning rate to 1.5625e-05
	iters: 100, epoch: 8 | loss: 0.5251051
	speed: 0.0781s/iter; left time: 519.3790s
	iters: 200, epoch: 8 | loss: 0.8912572
	speed: 0.0064s/iter; left time: 41.8263s
	iters: 300, epoch: 8 | loss: 0.5191334
	speed: 0.0062s/iter; left time: 40.0289s
	iters: 400, epoch: 8 | loss: 0.5078002
	speed: 0.0065s/iter; left time: 41.5471s
	iters: 500, epoch: 8 | loss: 0.5090848
	speed: 0.0064s/iter; left time: 39.9049s
	iters: 600, epoch: 8 | loss: 0.5503331
	speed: 0.0067s/iter; left time: 41.4964s
	iters: 700, epoch: 8 | loss: 0.5143449
	speed: 0.0066s/iter; left time: 40.1470s
	iters: 800, epoch: 8 | loss: 0.7773449
	speed: 0.0066s/iter; left time: 39.5641s
	iters: 900, epoch: 8 | loss: 0.5190490
	speed: 0.0062s/iter; left time: 36.2075s
	iters: 1000, epoch: 8 | loss: 0.5058064
	speed: 0.0065s/iter; left time: 37.1409s
	iters: 1100, epoch: 8 | loss: 0.5798709
	speed: 0.0072s/iter; left time: 40.7156s
	iters: 1200, epoch: 8 | loss: 0.5709689
	speed: 0.0069s/iter; left time: 38.0675s
	iters: 1300, epoch: 8 | loss: 0.9099295
	speed: 0.0068s/iter; left time: 37.0830s
	iters: 1400, epoch: 8 | loss: 0.7507376
	speed: 0.0065s/iter; left time: 34.7246s
	iters: 1500, epoch: 8 | loss: 0.7145408
	speed: 0.0068s/iter; left time: 35.7931s
	iters: 1600, epoch: 8 | loss: 0.7260422
	speed: 0.0065s/iter; left time: 33.6822s
	iters: 1700, epoch: 8 | loss: 0.9393312
	speed: 0.0074s/iter; left time: 37.3243s
	iters: 1800, epoch: 8 | loss: 0.6337461
	speed: 0.0061s/iter; left time: 30.0895s
	iters: 1900, epoch: 8 | loss: 0.7811535
	speed: 0.0065s/iter; left time: 31.5294s
	iters: 2000, epoch: 8 | loss: 0.5540919
	speed: 0.0068s/iter; left time: 32.1439s
	iters: 2100, epoch: 8 | loss: 0.7992640
	speed: 0.0070s/iter; left time: 32.5493s
	iters: 2200, epoch: 8 | loss: 0.5532613
	speed: 0.0075s/iter; left time: 34.0319s
Epoch: 8 cost time: 15.822187185287476
Epoch: 8, Steps: 2250 | Train Loss: 0.6181216 Vali Loss: 0.6589625 Test Loss: 0.3321258
Validation loss decreased (0.659188 --> 0.658963).  Saving model ...
Updating learning rate to 7.8125e-06
	iters: 100, epoch: 9 | loss: 0.5563828
	speed: 0.0754s/iter; left time: 331.6666s
	iters: 200, epoch: 9 | loss: 0.4660966
	speed: 0.0062s/iter; left time: 26.5679s
	iters: 300, epoch: 9 | loss: 0.5193698
	speed: 0.0066s/iter; left time: 27.6576s
	iters: 400, epoch: 9 | loss: 0.5043895
	speed: 0.0065s/iter; left time: 26.4819s
	iters: 500, epoch: 9 | loss: 0.5176520
	speed: 0.0062s/iter; left time: 24.8923s
	iters: 600, epoch: 9 | loss: 0.7322524
	speed: 0.0066s/iter; left time: 25.5747s
	iters: 700, epoch: 9 | loss: 1.0788249
	speed: 0.0067s/iter; left time: 25.6003s
	iters: 800, epoch: 9 | loss: 0.5447325
	speed: 0.0065s/iter; left time: 24.2044s
	iters: 900, epoch: 9 | loss: 0.5344016
	speed: 0.0064s/iter; left time: 22.9064s
	iters: 1000, epoch: 9 | loss: 0.8100606
	speed: 0.0066s/iter; left time: 22.9517s
	iters: 1100, epoch: 9 | loss: 0.7056833
	speed: 0.0068s/iter; left time: 23.1103s
	iters: 1200, epoch: 9 | loss: 0.4242349
	speed: 0.0069s/iter; left time: 22.7832s
	iters: 1300, epoch: 9 | loss: 0.6001253
	speed: 0.0067s/iter; left time: 21.5122s
	iters: 1400, epoch: 9 | loss: 0.6955552
	speed: 0.0072s/iter; left time: 22.4405s
	iters: 1500, epoch: 9 | loss: 0.4634002
	speed: 0.0072s/iter; left time: 21.6054s
	iters: 1600, epoch: 9 | loss: 0.4640285
	speed: 0.0070s/iter; left time: 20.3759s
	iters: 1700, epoch: 9 | loss: 0.4718893
	speed: 0.0071s/iter; left time: 19.7763s
	iters: 1800, epoch: 9 | loss: 1.1563377
	speed: 0.0066s/iter; left time: 17.8779s
	iters: 1900, epoch: 9 | loss: 0.5009904
	speed: 0.0062s/iter; left time: 16.1518s
	iters: 2000, epoch: 9 | loss: 0.6690238
	speed: 0.0063s/iter; left time: 15.8542s
	iters: 2100, epoch: 9 | loss: 0.5624422
	speed: 0.0062s/iter; left time: 14.9752s
	iters: 2200, epoch: 9 | loss: 0.5140539
	speed: 0.0064s/iter; left time: 14.7414s
Epoch: 9 cost time: 15.502579927444458
Epoch: 9, Steps: 2250 | Train Loss: 0.6179620 Vali Loss: 0.6588596 Test Loss: 0.3321164
Validation loss decreased (0.658963 --> 0.658860).  Saving model ...
Updating learning rate to 3.90625e-06
	iters: 100, epoch: 10 | loss: 0.9023354
	speed: 0.0789s/iter; left time: 169.7470s
	iters: 200, epoch: 10 | loss: 0.7682809
	speed: 0.0066s/iter; left time: 13.5497s
	iters: 300, epoch: 10 | loss: 0.5686522
	speed: 0.0067s/iter; left time: 13.1364s
	iters: 400, epoch: 10 | loss: 0.5170016
	speed: 0.0070s/iter; left time: 12.9158s
	iters: 500, epoch: 10 | loss: 1.0257052
	speed: 0.0065s/iter; left time: 11.3304s
	iters: 600, epoch: 10 | loss: 0.5766223
	speed: 0.0069s/iter; left time: 11.3754s
	iters: 700, epoch: 10 | loss: 0.5926675
	speed: 0.0068s/iter; left time: 10.5320s
	iters: 800, epoch: 10 | loss: 0.5933946
	speed: 0.0069s/iter; left time: 9.9766s
	iters: 900, epoch: 10 | loss: 0.6081173
	speed: 0.0067s/iter; left time: 9.0298s
	iters: 1000, epoch: 10 | loss: 0.5915756
	speed: 0.0065s/iter; left time: 8.1916s
	iters: 1100, epoch: 10 | loss: 0.5345192
	speed: 0.0064s/iter; left time: 7.3092s
	iters: 1200, epoch: 10 | loss: 0.7383144
	speed: 0.0064s/iter; left time: 6.7094s
	iters: 1300, epoch: 10 | loss: 0.6217889
	speed: 0.0064s/iter; left time: 6.1103s
	iters: 1400, epoch: 10 | loss: 0.3505360
	speed: 0.0065s/iter; left time: 5.5070s
	iters: 1500, epoch: 10 | loss: 0.5891281
	speed: 0.0067s/iter; left time: 5.0080s
	iters: 1600, epoch: 10 | loss: 0.5186046
	speed: 0.0069s/iter; left time: 4.4613s
	iters: 1700, epoch: 10 | loss: 0.5305933
	speed: 0.0063s/iter; left time: 3.4884s
	iters: 1800, epoch: 10 | loss: 0.7571314
	speed: 0.0062s/iter; left time: 2.8059s
	iters: 1900, epoch: 10 | loss: 0.6034063
	speed: 0.0062s/iter; left time: 2.1926s
	iters: 2000, epoch: 10 | loss: 0.5017339
	speed: 0.0064s/iter; left time: 1.6018s
	iters: 2100, epoch: 10 | loss: 0.7632678
	speed: 0.0065s/iter; left time: 0.9763s
	iters: 2200, epoch: 10 | loss: 0.7506913
	speed: 0.0064s/iter; left time: 0.3277s
Epoch: 10 cost time: 15.493803977966309
Epoch: 10, Steps: 2250 | Train Loss: 0.6178621 Vali Loss: 0.6590884 Test Loss: 0.3321655
EarlyStopping counter: 1 out of 3
Updating learning rate to 1.953125e-06
>>>>>>>testing : weather_168_720_GRevagLinear_custom_ftM_sl168_ll48_pl720_dm512_nh8_el2_dl1_df2048_fc1_ebtimeF_dtTrue_Exp_0<<<<<<<<<<<<<<<<<<<<<<<<<<<<<<<<<
test 9820
mse:0.33200603723526, mae:0.33602049946784973
