Args in experiment:
Namespace(activation='gelu', batch_size=16, c_out=7, checkpoints='/spo/NewbornTime/tahir098/SVF/data/Extra/checkpoints/', d_ff=2048, d_layers=1, d_model=512, data='custom', data_path='weather.csv', dec_in=7, des='Exp', devices='0,1,2,3', distil=True, do_predict=False, dropout=0.05, e_layers=2, embed='timeF', embed_type=0, enc_in=21, factor=1, features='M', freq='h', gpu=0, individual=False, is_training=1, itr=1, label_len=48, learning_rate=0.001, loss='mse', lradj='type1', model='GRevagLinear', model_id='weather_144_720', moving_avg=25, n_heads=8, num_workers=10, output_attention=False, patience=3, pred_len=720, root_path='./dataset/', seq_len=144, target='OT', test_flop=False, train_epochs=10, train_only=False, use_amp=False, use_gpu=True, use_multi_gpu=False)
Use GPU: cuda:0
>>>>>>>start training : weather_144_720_GRevagLinear_custom_ftM_sl144_ll48_pl720_dm512_nh8_el2_dl1_df2048_fc1_ebtimeF_dtTrue_Exp_0>>>>>>>>>>>>>>>>>>>>>>>>>>
train 36024
val 4551
test 9820
	iters: 100, epoch: 1 | loss: 0.6079979
	speed: 0.0120s/iter; left time: 268.7123s
	iters: 200, epoch: 1 | loss: 0.5448359
	speed: 0.0061s/iter; left time: 136.7501s
	iters: 300, epoch: 1 | loss: 0.7185298
	speed: 0.0070s/iter; left time: 156.1959s
	iters: 400, epoch: 1 | loss: 0.7633713
	speed: 0.0069s/iter; left time: 153.5005s
	iters: 500, epoch: 1 | loss: 0.8117813
	speed: 0.0067s/iter; left time: 146.5688s
	iters: 600, epoch: 1 | loss: 1.0939931
	speed: 0.0065s/iter; left time: 143.3659s
	iters: 700, epoch: 1 | loss: 0.5552192
	speed: 0.0065s/iter; left time: 141.5090s
	iters: 800, epoch: 1 | loss: 0.5827928
	speed: 0.0067s/iter; left time: 144.8391s
	iters: 900, epoch: 1 | loss: 0.6112154
	speed: 0.0065s/iter; left time: 141.4350s
	iters: 1000, epoch: 1 | loss: 0.6124133
	speed: 0.0065s/iter; left time: 138.8670s
	iters: 1100, epoch: 1 | loss: 0.5663404
	speed: 0.0073s/iter; left time: 156.7942s
	iters: 1200, epoch: 1 | loss: 0.6182659
	speed: 0.0073s/iter; left time: 154.5088s
	iters: 1300, epoch: 1 | loss: 0.7869233
	speed: 0.0064s/iter; left time: 135.8096s
	iters: 1400, epoch: 1 | loss: 0.5810841
	speed: 0.0067s/iter; left time: 142.0153s
	iters: 1500, epoch: 1 | loss: 0.5465810
	speed: 0.0072s/iter; left time: 151.5261s
	iters: 1600, epoch: 1 | loss: 0.4824989
	speed: 0.0068s/iter; left time: 141.8574s
	iters: 1700, epoch: 1 | loss: 0.7331527
	speed: 0.0067s/iter; left time: 140.3907s
	iters: 1800, epoch: 1 | loss: 1.0291308
	speed: 0.0070s/iter; left time: 144.4849s
	iters: 1900, epoch: 1 | loss: 1.0207020
	speed: 0.0071s/iter; left time: 146.0873s
	iters: 2000, epoch: 1 | loss: 0.6000133
	speed: 0.0067s/iter; left time: 137.1236s
	iters: 2100, epoch: 1 | loss: 0.6935168
	speed: 0.0065s/iter; left time: 132.9875s
	iters: 2200, epoch: 1 | loss: 0.7784676
	speed: 0.0066s/iter; left time: 133.7495s
Epoch: 1 cost time: 15.79971170425415
Epoch: 1, Steps: 2251 | Train Loss: 0.6644478 Vali Loss: 0.6835412 Test Loss: 0.3431934
Validation loss decreased (inf --> 0.683541).  Saving model ...
Updating learning rate to 0.001
	iters: 100, epoch: 2 | loss: 0.5882697
	speed: 0.0791s/iter; left time: 1595.2964s
	iters: 200, epoch: 2 | loss: 0.7800151
	speed: 0.0069s/iter; left time: 137.4703s
	iters: 300, epoch: 2 | loss: 0.5600023
	speed: 0.0068s/iter; left time: 135.1781s
	iters: 400, epoch: 2 | loss: 0.6413241
	speed: 0.0067s/iter; left time: 133.3419s
	iters: 500, epoch: 2 | loss: 0.9665449
	speed: 0.0072s/iter; left time: 142.5329s
	iters: 600, epoch: 2 | loss: 0.8082351
	speed: 0.0065s/iter; left time: 128.5240s
	iters: 700, epoch: 2 | loss: 0.4972898
	speed: 0.0064s/iter; left time: 124.4444s
	iters: 800, epoch: 2 | loss: 0.5616965
	speed: 0.0064s/iter; left time: 123.8070s
	iters: 900, epoch: 2 | loss: 0.8076266
	speed: 0.0068s/iter; left time: 130.7476s
	iters: 1000, epoch: 2 | loss: 0.8148993
	speed: 0.0071s/iter; left time: 136.2681s
	iters: 1100, epoch: 2 | loss: 0.6422333
	speed: 0.0067s/iter; left time: 128.8880s
	iters: 1200, epoch: 2 | loss: 0.8012275
	speed: 0.0066s/iter; left time: 125.6750s
	iters: 1300, epoch: 2 | loss: 1.0542381
	speed: 0.0064s/iter; left time: 121.4869s
	iters: 1400, epoch: 2 | loss: 0.5356831
	speed: 0.0065s/iter; left time: 123.2348s
	iters: 1500, epoch: 2 | loss: 0.5782090
	speed: 0.0071s/iter; left time: 133.7085s
	iters: 1600, epoch: 2 | loss: 0.8101793
	speed: 0.0066s/iter; left time: 123.3982s
	iters: 1700, epoch: 2 | loss: 0.5365440
	speed: 0.0069s/iter; left time: 127.8177s
	iters: 1800, epoch: 2 | loss: 0.5520507
	speed: 0.0062s/iter; left time: 113.5900s
	iters: 1900, epoch: 2 | loss: 0.5301074
	speed: 0.0066s/iter; left time: 120.3172s
	iters: 2000, epoch: 2 | loss: 0.5453936
	speed: 0.0064s/iter; left time: 117.1978s
	iters: 2100, epoch: 2 | loss: 1.0382560
	speed: 0.0064s/iter; left time: 116.2416s
	iters: 2200, epoch: 2 | loss: 0.6152560
	speed: 0.0065s/iter; left time: 117.6296s
Epoch: 2 cost time: 15.679036855697632
Epoch: 2, Steps: 2251 | Train Loss: 0.6451780 Vali Loss: 0.6751173 Test Loss: 0.3404135
Validation loss decreased (0.683541 --> 0.675117).  Saving model ...
Updating learning rate to 0.0005
	iters: 100, epoch: 3 | loss: 0.5675009
	speed: 0.0809s/iter; left time: 1449.7307s
	iters: 200, epoch: 3 | loss: 0.5328814
	speed: 0.0067s/iter; left time: 119.4854s
	iters: 300, epoch: 3 | loss: 0.5014694
	speed: 0.0065s/iter; left time: 115.5048s
	iters: 400, epoch: 3 | loss: 0.6378050
	speed: 0.0065s/iter; left time: 114.6819s
	iters: 500, epoch: 3 | loss: 0.6071465
	speed: 0.0066s/iter; left time: 114.7757s
	iters: 600, epoch: 3 | loss: 0.5342855
	speed: 0.0067s/iter; left time: 116.4169s
	iters: 700, epoch: 3 | loss: 0.7182528
	speed: 0.0062s/iter; left time: 106.4679s
	iters: 800, epoch: 3 | loss: 0.5787355
	speed: 0.0057s/iter; left time: 98.2953s
	iters: 900, epoch: 3 | loss: 0.4894772
	speed: 0.0058s/iter; left time: 99.6469s
	iters: 1000, epoch: 3 | loss: 0.5751625
	speed: 0.0058s/iter; left time: 98.0302s
	iters: 1100, epoch: 3 | loss: 0.5427554
	speed: 0.0059s/iter; left time: 100.2471s
	iters: 1200, epoch: 3 | loss: 0.4718730
	speed: 0.0070s/iter; left time: 117.1402s
	iters: 1300, epoch: 3 | loss: 0.7183055
	speed: 0.0064s/iter; left time: 107.2373s
	iters: 1400, epoch: 3 | loss: 0.7472991
	speed: 0.0065s/iter; left time: 108.5194s
	iters: 1500, epoch: 3 | loss: 0.6192721
	speed: 0.0069s/iter; left time: 114.2390s
	iters: 1600, epoch: 3 | loss: 0.5002108
	speed: 0.0070s/iter; left time: 115.3607s
	iters: 1700, epoch: 3 | loss: 0.5163180
	speed: 0.0072s/iter; left time: 116.7533s
	iters: 1800, epoch: 3 | loss: 0.7961690
	speed: 0.0070s/iter; left time: 113.1576s
	iters: 1900, epoch: 3 | loss: 0.4892685
	speed: 0.0064s/iter; left time: 103.0774s
	iters: 2000, epoch: 3 | loss: 0.6303107
	speed: 0.0066s/iter; left time: 105.1975s
	iters: 2100, epoch: 3 | loss: 0.6030349
	speed: 0.0068s/iter; left time: 107.3892s
	iters: 2200, epoch: 3 | loss: 0.6473590
	speed: 0.0071s/iter; left time: 112.3197s
Epoch: 3 cost time: 15.411077737808228
Epoch: 3, Steps: 2251 | Train Loss: 0.6380869 Vali Loss: 0.6699114 Test Loss: 0.3381586
Validation loss decreased (0.675117 --> 0.669911).  Saving model ...
Updating learning rate to 0.00025
	iters: 100, epoch: 4 | loss: 0.4866822
	speed: 0.0816s/iter; left time: 1277.6164s
	iters: 200, epoch: 4 | loss: 0.4369613
	speed: 0.0068s/iter; left time: 105.9361s
	iters: 300, epoch: 4 | loss: 0.7031580
	speed: 0.0064s/iter; left time: 99.2809s
	iters: 400, epoch: 4 | loss: 0.9920059
	speed: 0.0071s/iter; left time: 109.6492s
	iters: 500, epoch: 4 | loss: 0.4720010
	speed: 0.0061s/iter; left time: 93.0951s
	iters: 600, epoch: 4 | loss: 0.9116206
	speed: 0.0062s/iter; left time: 94.4039s
	iters: 700, epoch: 4 | loss: 0.4630524
	speed: 0.0065s/iter; left time: 97.4294s
	iters: 800, epoch: 4 | loss: 0.5629264
	speed: 0.0067s/iter; left time: 99.6736s
	iters: 900, epoch: 4 | loss: 0.9038979
	speed: 0.0067s/iter; left time: 99.4443s
	iters: 1000, epoch: 4 | loss: 0.8564297
	speed: 0.0066s/iter; left time: 96.7948s
	iters: 1100, epoch: 4 | loss: 0.8932773
	speed: 0.0068s/iter; left time: 99.2749s
	iters: 1200, epoch: 4 | loss: 1.0281183
	speed: 0.0074s/iter; left time: 107.5361s
	iters: 1300, epoch: 4 | loss: 0.5006444
	speed: 0.0072s/iter; left time: 103.5367s
	iters: 1400, epoch: 4 | loss: 0.5467120
	speed: 0.0064s/iter; left time: 91.5810s
	iters: 1500, epoch: 4 | loss: 1.0472430
	speed: 0.0070s/iter; left time: 99.3169s
	iters: 1600, epoch: 4 | loss: 0.5524603
	speed: 0.0072s/iter; left time: 101.6632s
	iters: 1700, epoch: 4 | loss: 0.8268122
	speed: 0.0068s/iter; left time: 95.1627s
	iters: 1800, epoch: 4 | loss: 0.7456197
	speed: 0.0067s/iter; left time: 93.3737s
	iters: 1900, epoch: 4 | loss: 0.8554649
	speed: 0.0069s/iter; left time: 94.9592s
	iters: 2000, epoch: 4 | loss: 0.5634395
	speed: 0.0068s/iter; left time: 92.8853s
	iters: 2100, epoch: 4 | loss: 0.5350028
	speed: 0.0065s/iter; left time: 89.2843s
	iters: 2200, epoch: 4 | loss: 0.5690609
	speed: 0.0067s/iter; left time: 91.3224s
Epoch: 4 cost time: 16.018792152404785
Epoch: 4, Steps: 2251 | Train Loss: 0.6340193 Vali Loss: 0.6688077 Test Loss: 0.3382465
Validation loss decreased (0.669911 --> 0.668808).  Saving model ...
Updating learning rate to 0.000125
	iters: 100, epoch: 5 | loss: 0.6832581
	speed: 0.0829s/iter; left time: 1111.7434s
	iters: 200, epoch: 5 | loss: 0.6029439
	speed: 0.0066s/iter; left time: 87.3287s
	iters: 300, epoch: 5 | loss: 0.5971262
	speed: 0.0065s/iter; left time: 85.8453s
	iters: 400, epoch: 5 | loss: 0.5892046
	speed: 0.0066s/iter; left time: 85.8907s
	iters: 500, epoch: 5 | loss: 0.6966534
	speed: 0.0067s/iter; left time: 86.5649s
	iters: 600, epoch: 5 | loss: 0.4721882
	speed: 0.0063s/iter; left time: 81.8942s
	iters: 700, epoch: 5 | loss: 0.6153013
	speed: 0.0066s/iter; left time: 84.1990s
	iters: 800, epoch: 5 | loss: 0.5123726
	speed: 0.0067s/iter; left time: 85.5210s
	iters: 900, epoch: 5 | loss: 0.4934387
	speed: 0.0067s/iter; left time: 83.9302s
	iters: 1000, epoch: 5 | loss: 0.5990238
	speed: 0.0065s/iter; left time: 81.8004s
	iters: 1100, epoch: 5 | loss: 0.6357271
	speed: 0.0069s/iter; left time: 85.2367s
	iters: 1200, epoch: 5 | loss: 0.4857267
	speed: 0.0071s/iter; left time: 86.9912s
	iters: 1300, epoch: 5 | loss: 0.5645258
	speed: 0.0077s/iter; left time: 93.6963s
	iters: 1400, epoch: 5 | loss: 0.5883025
	speed: 0.0072s/iter; left time: 86.7904s
	iters: 1500, epoch: 5 | loss: 0.7053401
	speed: 0.0059s/iter; left time: 71.2443s
	iters: 1600, epoch: 5 | loss: 0.6108192
	speed: 0.0062s/iter; left time: 73.6862s
	iters: 1700, epoch: 5 | loss: 0.8517166
	speed: 0.0070s/iter; left time: 82.8028s
	iters: 1800, epoch: 5 | loss: 0.5839258
	speed: 0.0063s/iter; left time: 73.9234s
	iters: 1900, epoch: 5 | loss: 0.4844121
	speed: 0.0066s/iter; left time: 77.1506s
	iters: 2000, epoch: 5 | loss: 0.5137925
	speed: 0.0068s/iter; left time: 77.8597s
	iters: 2100, epoch: 5 | loss: 0.7067162
	speed: 0.0072s/iter; left time: 82.2521s
	iters: 2200, epoch: 5 | loss: 0.4606296
	speed: 0.0076s/iter; left time: 85.4865s
Epoch: 5 cost time: 16.111637115478516
Epoch: 5, Steps: 2251 | Train Loss: 0.6315106 Vali Loss: 0.6671450 Test Loss: 0.3372239
Validation loss decreased (0.668808 --> 0.667145).  Saving model ...
Updating learning rate to 6.25e-05
	iters: 100, epoch: 6 | loss: 0.7700031
	speed: 0.0842s/iter; left time: 939.7088s
	iters: 200, epoch: 6 | loss: 0.8755423
	speed: 0.0056s/iter; left time: 61.8225s
	iters: 300, epoch: 6 | loss: 0.7165586
	speed: 0.0063s/iter; left time: 69.1058s
	iters: 400, epoch: 6 | loss: 0.6118779
	speed: 0.0066s/iter; left time: 71.4887s
	iters: 500, epoch: 6 | loss: 0.7934527
	speed: 0.0067s/iter; left time: 71.6726s
	iters: 600, epoch: 6 | loss: 0.5194829
	speed: 0.0074s/iter; left time: 79.2455s
	iters: 700, epoch: 6 | loss: 0.4955201
	speed: 0.0068s/iter; left time: 72.0493s
	iters: 800, epoch: 6 | loss: 0.5321699
	speed: 0.0067s/iter; left time: 70.4194s
	iters: 900, epoch: 6 | loss: 0.5807638
	speed: 0.0072s/iter; left time: 74.7832s
	iters: 1000, epoch: 6 | loss: 0.4817278
	speed: 0.0067s/iter; left time: 68.5044s
	iters: 1100, epoch: 6 | loss: 0.4631746
	speed: 0.0075s/iter; left time: 75.7536s
	iters: 1200, epoch: 6 | loss: 0.4382958
	speed: 0.0067s/iter; left time: 66.9524s
	iters: 1300, epoch: 6 | loss: 0.7216775
	speed: 0.0068s/iter; left time: 67.9593s
	iters: 1400, epoch: 6 | loss: 0.9063215
	speed: 0.0071s/iter; left time: 69.9628s
	iters: 1500, epoch: 6 | loss: 0.4561663
	speed: 0.0069s/iter; left time: 67.4079s
	iters: 1600, epoch: 6 | loss: 0.5590138
	speed: 0.0067s/iter; left time: 64.4969s
	iters: 1700, epoch: 6 | loss: 0.5293865
	speed: 0.0069s/iter; left time: 66.1312s
	iters: 1800, epoch: 6 | loss: 0.5987686
	speed: 0.0070s/iter; left time: 65.7953s
	iters: 1900, epoch: 6 | loss: 0.6882549
	speed: 0.0071s/iter; left time: 65.9709s
	iters: 2000, epoch: 6 | loss: 0.5800296
	speed: 0.0072s/iter; left time: 66.3963s
	iters: 2100, epoch: 6 | loss: 0.5349576
	speed: 0.0076s/iter; left time: 69.6028s
	iters: 2200, epoch: 6 | loss: 0.5670342
	speed: 0.0073s/iter; left time: 66.5044s
Epoch: 6 cost time: 16.423954725265503
Epoch: 6, Steps: 2251 | Train Loss: 0.6303398 Vali Loss: 0.6657997 Test Loss: 0.3367436
Validation loss decreased (0.667145 --> 0.665800).  Saving model ...
Updating learning rate to 3.125e-05
	iters: 100, epoch: 7 | loss: 0.4725417
	speed: 0.0834s/iter; left time: 742.6213s
	iters: 200, epoch: 7 | loss: 0.4603150
	speed: 0.0071s/iter; left time: 62.2858s
	iters: 300, epoch: 7 | loss: 0.6903071
	speed: 0.0073s/iter; left time: 63.2597s
	iters: 400, epoch: 7 | loss: 0.6241865
	speed: 0.0068s/iter; left time: 58.5015s
	iters: 500, epoch: 7 | loss: 0.5154203
	speed: 0.0070s/iter; left time: 59.6784s
	iters: 600, epoch: 7 | loss: 0.6769696
	speed: 0.0072s/iter; left time: 60.7705s
	iters: 700, epoch: 7 | loss: 0.4647691
	speed: 0.0069s/iter; left time: 57.7163s
	iters: 800, epoch: 7 | loss: 0.5890989
	speed: 0.0067s/iter; left time: 55.2208s
	iters: 900, epoch: 7 | loss: 0.9310488
	speed: 0.0066s/iter; left time: 53.7408s
	iters: 1000, epoch: 7 | loss: 0.8035489
	speed: 0.0080s/iter; left time: 64.3620s
	iters: 1100, epoch: 7 | loss: 0.6964814
	speed: 0.0071s/iter; left time: 56.2856s
	iters: 1200, epoch: 7 | loss: 1.0132371
	speed: 0.0068s/iter; left time: 53.0310s
	iters: 1300, epoch: 7 | loss: 0.5270589
	speed: 0.0071s/iter; left time: 54.3353s
	iters: 1400, epoch: 7 | loss: 0.4403446
	speed: 0.0067s/iter; left time: 51.2777s
	iters: 1500, epoch: 7 | loss: 0.8251702
	speed: 0.0062s/iter; left time: 46.6995s
	iters: 1600, epoch: 7 | loss: 0.5699165
	speed: 0.0070s/iter; left time: 51.4967s
	iters: 1700, epoch: 7 | loss: 0.5380222
	speed: 0.0070s/iter; left time: 51.0996s
	iters: 1800, epoch: 7 | loss: 0.8899485
	speed: 0.0069s/iter; left time: 49.7293s
	iters: 1900, epoch: 7 | loss: 0.4804417
	speed: 0.0069s/iter; left time: 48.9613s
	iters: 2000, epoch: 7 | loss: 0.4273496
	speed: 0.0072s/iter; left time: 50.5276s
	iters: 2100, epoch: 7 | loss: 0.5852914
	speed: 0.0074s/iter; left time: 51.3546s
	iters: 2200, epoch: 7 | loss: 1.1172444
	speed: 0.0066s/iter; left time: 44.9114s
Epoch: 7 cost time: 16.612055778503418
Epoch: 7, Steps: 2251 | Train Loss: 0.6297074 Vali Loss: 0.6659607 Test Loss: 0.3371025
EarlyStopping counter: 1 out of 3
Updating learning rate to 1.5625e-05
	iters: 100, epoch: 8 | loss: 0.4771779
	speed: 0.0845s/iter; left time: 562.3971s
	iters: 200, epoch: 8 | loss: 0.5133415
	speed: 0.0067s/iter; left time: 44.0170s
	iters: 300, epoch: 8 | loss: 0.7657608
	speed: 0.0068s/iter; left time: 44.0473s
	iters: 400, epoch: 8 | loss: 0.7852086
	speed: 0.0069s/iter; left time: 43.8722s
	iters: 500, epoch: 8 | loss: 1.0729021
	speed: 0.0069s/iter; left time: 43.4647s
	iters: 600, epoch: 8 | loss: 0.8158697
	speed: 0.0073s/iter; left time: 44.7869s
	iters: 700, epoch: 8 | loss: 0.5201981
	speed: 0.0066s/iter; left time: 40.0224s
	iters: 800, epoch: 8 | loss: 0.4961338
	speed: 0.0068s/iter; left time: 40.4385s
	iters: 900, epoch: 8 | loss: 0.5134003
	speed: 0.0069s/iter; left time: 40.1477s
	iters: 1000, epoch: 8 | loss: 0.5220235
	speed: 0.0076s/iter; left time: 43.5636s
	iters: 1100, epoch: 8 | loss: 0.5577161
	speed: 0.0073s/iter; left time: 41.3053s
	iters: 1200, epoch: 8 | loss: 0.4780585
	speed: 0.0070s/iter; left time: 38.9497s
	iters: 1300, epoch: 8 | loss: 0.9880612
	speed: 0.0072s/iter; left time: 39.3142s
	iters: 1400, epoch: 8 | loss: 0.8651698
	speed: 0.0069s/iter; left time: 36.8120s
	iters: 1500, epoch: 8 | loss: 0.5203506
	speed: 0.0070s/iter; left time: 36.6026s
	iters: 1600, epoch: 8 | loss: 0.7506569
	speed: 0.0069s/iter; left time: 35.4944s
	iters: 1700, epoch: 8 | loss: 0.6067078
	speed: 0.0067s/iter; left time: 33.7047s
	iters: 1800, epoch: 8 | loss: 0.5990106
	speed: 0.0069s/iter; left time: 34.1132s
	iters: 1900, epoch: 8 | loss: 0.8583986
	speed: 0.0072s/iter; left time: 34.9161s
	iters: 2000, epoch: 8 | loss: 0.4808988
	speed: 0.0073s/iter; left time: 34.5794s
	iters: 2100, epoch: 8 | loss: 0.4966445
	speed: 0.0069s/iter; left time: 31.9164s
	iters: 2200, epoch: 8 | loss: 0.4893532
	speed: 0.0068s/iter; left time: 31.0846s
Epoch: 8 cost time: 16.611971855163574
Epoch: 8, Steps: 2251 | Train Loss: 0.6293173 Vali Loss: 0.6660954 Test Loss: 0.3372423
EarlyStopping counter: 2 out of 3
Updating learning rate to 7.8125e-06
	iters: 100, epoch: 9 | loss: 0.5965428
	speed: 0.0837s/iter; left time: 368.4467s
	iters: 200, epoch: 9 | loss: 0.4988161
	speed: 0.0074s/iter; left time: 31.8898s
	iters: 300, epoch: 9 | loss: 0.5756201
	speed: 0.0070s/iter; left time: 29.3621s
	iters: 400, epoch: 9 | loss: 0.7700912
	speed: 0.0071s/iter; left time: 28.9896s
	iters: 500, epoch: 9 | loss: 0.4388579
	speed: 0.0069s/iter; left time: 27.5529s
	iters: 600, epoch: 9 | loss: 0.5450035
	speed: 0.0068s/iter; left time: 26.5291s
	iters: 700, epoch: 9 | loss: 0.5897527
	speed: 0.0069s/iter; left time: 26.3280s
	iters: 800, epoch: 9 | loss: 0.7149189
	speed: 0.0069s/iter; left time: 25.5432s
	iters: 900, epoch: 9 | loss: 0.5586938
	speed: 0.0071s/iter; left time: 25.6750s
	iters: 1000, epoch: 9 | loss: 0.7978503
	speed: 0.0072s/iter; left time: 25.1059s
	iters: 1100, epoch: 9 | loss: 0.5847684
	speed: 0.0075s/iter; left time: 25.6489s
	iters: 1200, epoch: 9 | loss: 0.4871151
	speed: 0.0069s/iter; left time: 22.8226s
	iters: 1300, epoch: 9 | loss: 0.5690355
	speed: 0.0065s/iter; left time: 20.9681s
	iters: 1400, epoch: 9 | loss: 0.8384868
	speed: 0.0071s/iter; left time: 21.8865s
	iters: 1500, epoch: 9 | loss: 0.5006910
	speed: 0.0069s/iter; left time: 20.7709s
	iters: 1600, epoch: 9 | loss: 0.5884365
	speed: 0.0072s/iter; left time: 20.7808s
	iters: 1700, epoch: 9 | loss: 0.8746434
	speed: 0.0068s/iter; left time: 19.0858s
	iters: 1800, epoch: 9 | loss: 0.9624470
	speed: 0.0067s/iter; left time: 18.1419s
	iters: 1900, epoch: 9 | loss: 0.7701924
	speed: 0.0065s/iter; left time: 17.0073s
	iters: 2000, epoch: 9 | loss: 0.5864610
	speed: 0.0067s/iter; left time: 16.8415s
	iters: 2100, epoch: 9 | loss: 0.7486548
	speed: 0.0073s/iter; left time: 17.6514s
	iters: 2200, epoch: 9 | loss: 0.5081171
	speed: 0.0069s/iter; left time: 15.9404s
Epoch: 9 cost time: 16.63716435432434
Epoch: 9, Steps: 2251 | Train Loss: 0.6290913 Vali Loss: 0.6655343 Test Loss: 0.3370298
Validation loss decreased (0.665800 --> 0.665534).  Saving model ...
Updating learning rate to 3.90625e-06
	iters: 100, epoch: 10 | loss: 0.6646239
	speed: 0.0972s/iter; left time: 209.1730s
	iters: 200, epoch: 10 | loss: 0.8912214
	speed: 0.0069s/iter; left time: 14.0976s
	iters: 300, epoch: 10 | loss: 0.6763154
	speed: 0.0069s/iter; left time: 13.5598s
	iters: 400, epoch: 10 | loss: 0.5548137
	speed: 0.0073s/iter; left time: 13.5584s
	iters: 500, epoch: 10 | loss: 0.5823485
	speed: 0.0066s/iter; left time: 11.5822s
	iters: 600, epoch: 10 | loss: 0.5889652
	speed: 0.0065s/iter; left time: 10.6920s
	iters: 700, epoch: 10 | loss: 0.6097835
	speed: 0.0064s/iter; left time: 9.9886s
	iters: 800, epoch: 10 | loss: 0.4999045
	speed: 0.0068s/iter; left time: 9.9452s
	iters: 900, epoch: 10 | loss: 0.5151110
	speed: 0.0071s/iter; left time: 9.5355s
	iters: 1000, epoch: 10 | loss: 0.5734293
	speed: 0.0073s/iter; left time: 9.1718s
	iters: 1100, epoch: 10 | loss: 0.5379136
	speed: 0.0072s/iter; left time: 8.3116s
	iters: 1200, epoch: 10 | loss: 0.4153436
	speed: 0.0080s/iter; left time: 8.3814s
	iters: 1300, epoch: 10 | loss: 0.4801522
	speed: 0.0068s/iter; left time: 6.4514s
	iters: 1400, epoch: 10 | loss: 0.7772337
	speed: 0.0071s/iter; left time: 6.0580s
	iters: 1500, epoch: 10 | loss: 0.5106311
	speed: 0.0069s/iter; left time: 5.2055s
	iters: 1600, epoch: 10 | loss: 0.4536977
	speed: 0.0068s/iter; left time: 4.4122s
	iters: 1700, epoch: 10 | loss: 0.5578451
	speed: 0.0067s/iter; left time: 3.6832s
	iters: 1800, epoch: 10 | loss: 0.5380513
	speed: 0.0070s/iter; left time: 3.1596s
	iters: 1900, epoch: 10 | loss: 0.7749307
	speed: 0.0068s/iter; left time: 2.3884s
	iters: 2000, epoch: 10 | loss: 0.8603478
	speed: 0.0069s/iter; left time: 1.7266s
	iters: 2100, epoch: 10 | loss: 0.5792620
	speed: 0.0069s/iter; left time: 1.0489s
	iters: 2200, epoch: 10 | loss: 0.5090689
	speed: 0.0068s/iter; left time: 0.3557s
Epoch: 10 cost time: 16.451385736465454
Epoch: 10, Steps: 2251 | Train Loss: 0.6291223 Vali Loss: 0.6660559 Test Loss: 0.3370883
EarlyStopping counter: 1 out of 3
Updating learning rate to 1.953125e-06
>>>>>>>testing : weather_144_720_GRevagLinear_custom_ftM_sl144_ll48_pl720_dm512_nh8_el2_dl1_df2048_fc1_ebtimeF_dtTrue_Exp_0<<<<<<<<<<<<<<<<<<<<<<<<<<<<<<<<<
test 9820
mse:0.336909681558609, mae:0.33728858828544617
