Args in experiment:
Namespace(activation='gelu', batch_size=16, c_out=7, checkpoints='/spo/NewbornTime/tahir098/SVF/data/Extra/checkpoints/', d_ff=2048, d_layers=1, d_model=512, data='custom', data_path='weather.csv', dec_in=7, des='Exp', devices='0,1,2,3', distil=True, do_predict=False, dropout=0.05, e_layers=2, embed='timeF', embed_type=0, enc_in=21, factor=1, features='M', freq='h', gpu=0, individual=False, is_training=1, itr=1, label_len=48, learning_rate=0.001, loss='mse', lradj='type1', model='GRevagLinear', model_id='weather_72_720', moving_avg=25, n_heads=8, num_workers=10, output_attention=False, patience=3, pred_len=720, root_path='./dataset/', seq_len=72, target='OT', test_flop=False, train_epochs=10, train_only=False, use_amp=False, use_gpu=True, use_multi_gpu=False)
Use GPU: cuda:0
>>>>>>>start training : weather_72_720_GRevagLinear_custom_ftM_sl72_ll48_pl720_dm512_nh8_el2_dl1_df2048_fc1_ebtimeF_dtTrue_Exp_0>>>>>>>>>>>>>>>>>>>>>>>>>>
train 36096
val 4551
test 9820
	iters: 100, epoch: 1 | loss: 0.7852249
	speed: 0.0127s/iter; left time: 284.2447s
	iters: 200, epoch: 1 | loss: 0.7319883
	speed: 0.0063s/iter; left time: 140.5249s
	iters: 300, epoch: 1 | loss: 0.7012435
	speed: 0.0063s/iter; left time: 140.8680s
	iters: 400, epoch: 1 | loss: 0.5857682
	speed: 0.0064s/iter; left time: 142.6951s
	iters: 500, epoch: 1 | loss: 0.6124047
	speed: 0.0062s/iter; left time: 137.0851s
	iters: 600, epoch: 1 | loss: 0.6807685
	speed: 0.0063s/iter; left time: 138.3093s
	iters: 700, epoch: 1 | loss: 1.1716033
	speed: 0.0068s/iter; left time: 148.3749s
	iters: 800, epoch: 1 | loss: 0.5949572
	speed: 0.0064s/iter; left time: 139.5281s
	iters: 900, epoch: 1 | loss: 0.8983546
	speed: 0.0062s/iter; left time: 134.5553s
	iters: 1000, epoch: 1 | loss: 0.6027917
	speed: 0.0058s/iter; left time: 126.1126s
	iters: 1100, epoch: 1 | loss: 0.7622363
	speed: 0.0069s/iter; left time: 149.0247s
	iters: 1200, epoch: 1 | loss: 0.5948105
	speed: 0.0067s/iter; left time: 143.5053s
	iters: 1300, epoch: 1 | loss: 0.9335073
	speed: 0.0063s/iter; left time: 132.9277s
	iters: 1400, epoch: 1 | loss: 0.7668636
	speed: 0.0064s/iter; left time: 135.9164s
	iters: 1500, epoch: 1 | loss: 0.7025090
	speed: 0.0066s/iter; left time: 138.2227s
	iters: 1600, epoch: 1 | loss: 0.7249383
	speed: 0.0064s/iter; left time: 134.7415s
	iters: 1700, epoch: 1 | loss: 0.6710842
	speed: 0.0065s/iter; left time: 134.5836s
	iters: 1800, epoch: 1 | loss: 0.8991185
	speed: 0.0065s/iter; left time: 135.1167s
	iters: 1900, epoch: 1 | loss: 0.6807428
	speed: 0.0061s/iter; left time: 125.3086s
	iters: 2000, epoch: 1 | loss: 1.0682970
	speed: 0.0063s/iter; left time: 129.4719s
	iters: 2100, epoch: 1 | loss: 0.5412388
	speed: 0.0068s/iter; left time: 139.6258s
	iters: 2200, epoch: 1 | loss: 0.6042500
	speed: 0.0068s/iter; left time: 139.0497s
Epoch: 1 cost time: 15.210260152816772
Epoch: 1, Steps: 2256 | Train Loss: 0.7406339 Vali Loss: 0.7394570 Test Loss: 0.3637964
Validation loss decreased (inf --> 0.739457).  Saving model ...
Updating learning rate to 0.001
	iters: 100, epoch: 2 | loss: 0.4657057
	speed: 0.0759s/iter; left time: 1534.2718s
	iters: 200, epoch: 2 | loss: 0.7990704
	speed: 0.0064s/iter; left time: 128.7559s
	iters: 300, epoch: 2 | loss: 0.6140489
	speed: 0.0063s/iter; left time: 126.1564s
	iters: 400, epoch: 2 | loss: 1.3795311
	speed: 0.0062s/iter; left time: 123.3531s
	iters: 500, epoch: 2 | loss: 0.7067690
	speed: 0.0067s/iter; left time: 133.4852s
	iters: 600, epoch: 2 | loss: 0.5678315
	speed: 0.0070s/iter; left time: 138.4634s
	iters: 700, epoch: 2 | loss: 0.8040423
	speed: 0.0066s/iter; left time: 129.2462s
	iters: 800, epoch: 2 | loss: 0.8273333
	speed: 0.0065s/iter; left time: 126.1480s
	iters: 900, epoch: 2 | loss: 0.5111958
	speed: 0.0065s/iter; left time: 125.1695s
	iters: 1000, epoch: 2 | loss: 0.4529553
	speed: 0.0067s/iter; left time: 128.4797s
	iters: 1100, epoch: 2 | loss: 0.6370494
	speed: 0.0068s/iter; left time: 130.0582s
	iters: 1200, epoch: 2 | loss: 0.8718376
	speed: 0.0063s/iter; left time: 120.1226s
	iters: 1300, epoch: 2 | loss: 0.6460213
	speed: 0.0061s/iter; left time: 115.2688s
	iters: 1400, epoch: 2 | loss: 0.6742091
	speed: 0.0061s/iter; left time: 116.0092s
	iters: 1500, epoch: 2 | loss: 0.5832920
	speed: 0.0064s/iter; left time: 119.6266s
	iters: 1600, epoch: 2 | loss: 0.9442115
	speed: 0.0064s/iter; left time: 119.2004s
	iters: 1700, epoch: 2 | loss: 0.9370447
	speed: 0.0063s/iter; left time: 117.9422s
	iters: 1800, epoch: 2 | loss: 0.5394284
	speed: 0.0066s/iter; left time: 122.7153s
	iters: 1900, epoch: 2 | loss: 0.5304325
	speed: 0.0066s/iter; left time: 121.2368s
	iters: 2000, epoch: 2 | loss: 1.0946245
	speed: 0.0066s/iter; left time: 121.5555s
	iters: 2100, epoch: 2 | loss: 0.6106560
	speed: 0.0068s/iter; left time: 123.1999s
	iters: 2200, epoch: 2 | loss: 0.6705745
	speed: 0.0066s/iter; left time: 118.9603s
Epoch: 2 cost time: 15.344897508621216
Epoch: 2, Steps: 2256 | Train Loss: 0.7017159 Vali Loss: 0.7335492 Test Loss: 0.3623007
Validation loss decreased (0.739457 --> 0.733549).  Saving model ...
Updating learning rate to 0.0005
	iters: 100, epoch: 3 | loss: 0.6285991
	speed: 0.0754s/iter; left time: 1353.6897s
	iters: 200, epoch: 3 | loss: 0.6356677
	speed: 0.0064s/iter; left time: 114.2915s
	iters: 300, epoch: 3 | loss: 0.6532750
	speed: 0.0064s/iter; left time: 113.8782s
	iters: 400, epoch: 3 | loss: 0.6221460
	speed: 0.0064s/iter; left time: 113.2141s
	iters: 500, epoch: 3 | loss: 0.7296202
	speed: 0.0063s/iter; left time: 109.7635s
	iters: 600, epoch: 3 | loss: 0.8417548
	speed: 0.0063s/iter; left time: 109.0607s
	iters: 700, epoch: 3 | loss: 0.9011450
	speed: 0.0064s/iter; left time: 111.2770s
	iters: 800, epoch: 3 | loss: 0.5445469
	speed: 0.0064s/iter; left time: 110.6416s
	iters: 900, epoch: 3 | loss: 0.6297600
	speed: 0.0062s/iter; left time: 106.2002s
	iters: 1000, epoch: 3 | loss: 0.6032467
	speed: 0.0069s/iter; left time: 118.0784s
	iters: 1100, epoch: 3 | loss: 0.6826008
	speed: 0.0063s/iter; left time: 107.4971s
	iters: 1200, epoch: 3 | loss: 0.6744757
	speed: 0.0064s/iter; left time: 107.5030s
	iters: 1300, epoch: 3 | loss: 0.5243744
	speed: 0.0064s/iter; left time: 106.7734s
	iters: 1400, epoch: 3 | loss: 0.6625878
	speed: 0.0066s/iter; left time: 109.8099s
	iters: 1500, epoch: 3 | loss: 0.7644020
	speed: 0.0063s/iter; left time: 103.7523s
	iters: 1600, epoch: 3 | loss: 0.5290072
	speed: 0.0063s/iter; left time: 102.9875s
	iters: 1700, epoch: 3 | loss: 0.4692996
	speed: 0.0063s/iter; left time: 102.5684s
	iters: 1800, epoch: 3 | loss: 0.5915272
	speed: 0.0064s/iter; left time: 103.8538s
	iters: 1900, epoch: 3 | loss: 0.8061667
	speed: 0.0062s/iter; left time: 99.4109s
	iters: 2000, epoch: 3 | loss: 0.6828374
	speed: 0.0063s/iter; left time: 100.9493s
	iters: 2100, epoch: 3 | loss: 0.6557806
	speed: 0.0063s/iter; left time: 100.6352s
	iters: 2200, epoch: 3 | loss: 0.8405373
	speed: 0.0066s/iter; left time: 104.4353s
Epoch: 3 cost time: 15.097388744354248
Epoch: 3, Steps: 2256 | Train Loss: 0.6883237 Vali Loss: 0.7248940 Test Loss: 0.3596042
Validation loss decreased (0.733549 --> 0.724894).  Saving model ...
Updating learning rate to 0.00025
	iters: 100, epoch: 4 | loss: 0.6611562
	speed: 0.0757s/iter; left time: 1188.3371s
	iters: 200, epoch: 4 | loss: 0.8816416
	speed: 0.0064s/iter; left time: 99.5094s
	iters: 300, epoch: 4 | loss: 0.7422738
	speed: 0.0064s/iter; left time: 98.5603s
	iters: 400, epoch: 4 | loss: 0.6054193
	speed: 0.0060s/iter; left time: 92.3808s
	iters: 500, epoch: 4 | loss: 0.8798878
	speed: 0.0065s/iter; left time: 99.3181s
	iters: 600, epoch: 4 | loss: 0.6640519
	speed: 0.0062s/iter; left time: 93.8889s
	iters: 700, epoch: 4 | loss: 0.4692044
	speed: 0.0061s/iter; left time: 91.6891s
	iters: 800, epoch: 4 | loss: 0.7675095
	speed: 0.0063s/iter; left time: 93.7612s
	iters: 900, epoch: 4 | loss: 0.6729054
	speed: 0.0062s/iter; left time: 92.4409s
	iters: 1000, epoch: 4 | loss: 0.7128191
	speed: 0.0068s/iter; left time: 100.5813s
	iters: 1100, epoch: 4 | loss: 0.5735970
	speed: 0.0064s/iter; left time: 93.3721s
	iters: 1200, epoch: 4 | loss: 0.6696854
	speed: 0.0064s/iter; left time: 93.6900s
	iters: 1300, epoch: 4 | loss: 0.6028185
	speed: 0.0066s/iter; left time: 95.4802s
	iters: 1400, epoch: 4 | loss: 0.6607822
	speed: 0.0061s/iter; left time: 88.3626s
	iters: 1500, epoch: 4 | loss: 0.6006406
	speed: 0.0061s/iter; left time: 87.7286s
	iters: 1600, epoch: 4 | loss: 0.6808580
	speed: 0.0062s/iter; left time: 88.6567s
	iters: 1700, epoch: 4 | loss: 0.7705497
	speed: 0.0062s/iter; left time: 87.4306s
	iters: 1800, epoch: 4 | loss: 0.9529743
	speed: 0.0062s/iter; left time: 86.2985s
	iters: 1900, epoch: 4 | loss: 0.5950447
	speed: 0.0062s/iter; left time: 85.8333s
	iters: 2000, epoch: 4 | loss: 0.9154894
	speed: 0.0062s/iter; left time: 86.1282s
	iters: 2100, epoch: 4 | loss: 0.5913503
	speed: 0.0068s/iter; left time: 93.5715s
	iters: 2200, epoch: 4 | loss: 0.6970384
	speed: 0.0061s/iter; left time: 82.6105s
Epoch: 4 cost time: 14.95228099822998
Epoch: 4, Steps: 2256 | Train Loss: 0.6839299 Vali Loss: 0.7234777 Test Loss: 0.3593591
Validation loss decreased (0.724894 --> 0.723478).  Saving model ...
Updating learning rate to 0.000125
	iters: 100, epoch: 5 | loss: 0.5915810
	speed: 0.0753s/iter; left time: 1012.2762s
	iters: 200, epoch: 5 | loss: 0.5561129
	speed: 0.0062s/iter; left time: 82.4276s
	iters: 300, epoch: 5 | loss: 0.7487984
	speed: 0.0060s/iter; left time: 79.4538s
	iters: 400, epoch: 5 | loss: 0.6908387
	speed: 0.0063s/iter; left time: 82.5201s
	iters: 500, epoch: 5 | loss: 0.6736861
	speed: 0.0064s/iter; left time: 83.2205s
	iters: 600, epoch: 5 | loss: 0.5755633
	speed: 0.0062s/iter; left time: 80.2297s
	iters: 700, epoch: 5 | loss: 0.5532495
	speed: 0.0063s/iter; left time: 80.2706s
	iters: 800, epoch: 5 | loss: 0.5617623
	speed: 0.0061s/iter; left time: 77.5852s
	iters: 900, epoch: 5 | loss: 0.5153926
	speed: 0.0056s/iter; left time: 71.3183s
	iters: 1000, epoch: 5 | loss: 1.0506957
	speed: 0.0057s/iter; left time: 71.8794s
	iters: 1100, epoch: 5 | loss: 0.5555464
	speed: 0.0065s/iter; left time: 80.5859s
	iters: 1200, epoch: 5 | loss: 0.7024720
	speed: 0.0064s/iter; left time: 79.4717s
	iters: 1300, epoch: 5 | loss: 0.5637590
	speed: 0.0063s/iter; left time: 77.1341s
	iters: 1400, epoch: 5 | loss: 1.0748780
	speed: 0.0063s/iter; left time: 76.4043s
	iters: 1500, epoch: 5 | loss: 0.5660948
	speed: 0.0059s/iter; left time: 70.6405s
	iters: 1600, epoch: 5 | loss: 0.7200525
	speed: 0.0061s/iter; left time: 72.7805s
	iters: 1700, epoch: 5 | loss: 0.7864237
	speed: 0.0061s/iter; left time: 71.7695s
	iters: 1800, epoch: 5 | loss: 0.5321945
	speed: 0.0055s/iter; left time: 65.0032s
	iters: 1900, epoch: 5 | loss: 0.6262384
	speed: 0.0055s/iter; left time: 64.2848s
	iters: 2000, epoch: 5 | loss: 0.9696729
	speed: 0.0058s/iter; left time: 67.3145s
	iters: 2100, epoch: 5 | loss: 0.6793060
	speed: 0.0060s/iter; left time: 68.1888s
	iters: 2200, epoch: 5 | loss: 0.6407474
	speed: 0.0063s/iter; left time: 71.3712s
Epoch: 5 cost time: 14.43940258026123
Epoch: 5, Steps: 2256 | Train Loss: 0.6818579 Vali Loss: 0.7224163 Test Loss: 0.3595484
Validation loss decreased (0.723478 --> 0.722416).  Saving model ...
Updating learning rate to 6.25e-05
	iters: 100, epoch: 6 | loss: 0.9298382
	speed: 0.0767s/iter; left time: 857.1854s
	iters: 200, epoch: 6 | loss: 0.7857938
	speed: 0.0066s/iter; left time: 73.4964s
	iters: 300, epoch: 6 | loss: 0.5499161
	speed: 0.0064s/iter; left time: 69.8595s
	iters: 400, epoch: 6 | loss: 0.5965899
	speed: 0.0064s/iter; left time: 69.8489s
	iters: 500, epoch: 6 | loss: 0.5411786
	speed: 0.0064s/iter; left time: 69.4600s
	iters: 600, epoch: 6 | loss: 0.6105425
	speed: 0.0065s/iter; left time: 69.9112s
	iters: 700, epoch: 6 | loss: 0.6212944
	speed: 0.0065s/iter; left time: 68.8540s
	iters: 800, epoch: 6 | loss: 0.6137655
	speed: 0.0064s/iter; left time: 66.7175s
	iters: 900, epoch: 6 | loss: 0.8511597
	speed: 0.0066s/iter; left time: 68.1517s
	iters: 1000, epoch: 6 | loss: 0.4728556
	speed: 0.0064s/iter; left time: 66.2794s
	iters: 1100, epoch: 6 | loss: 0.6893325
	speed: 0.0065s/iter; left time: 66.0795s
	iters: 1200, epoch: 6 | loss: 0.5376471
	speed: 0.0064s/iter; left time: 64.9540s
	iters: 1300, epoch: 6 | loss: 0.5711620
	speed: 0.0064s/iter; left time: 64.0778s
	iters: 1400, epoch: 6 | loss: 0.4876727
	speed: 0.0062s/iter; left time: 61.1747s
	iters: 1500, epoch: 6 | loss: 0.5222337
	speed: 0.0063s/iter; left time: 61.2072s
	iters: 1600, epoch: 6 | loss: 0.6468549
	speed: 0.0064s/iter; left time: 61.7258s
	iters: 1700, epoch: 6 | loss: 0.8502607
	speed: 0.0066s/iter; left time: 62.9824s
	iters: 1800, epoch: 6 | loss: 0.6038063
	speed: 0.0065s/iter; left time: 61.9735s
	iters: 1900, epoch: 6 | loss: 0.6511490
	speed: 0.0066s/iter; left time: 61.4822s
	iters: 2000, epoch: 6 | loss: 0.7607952
	speed: 0.0066s/iter; left time: 60.9705s
	iters: 2100, epoch: 6 | loss: 0.6332730
	speed: 0.0064s/iter; left time: 58.4452s
	iters: 2200, epoch: 6 | loss: 0.7731528
	speed: 0.0062s/iter; left time: 56.7354s
Epoch: 6 cost time: 15.378271102905273
Epoch: 6, Steps: 2256 | Train Loss: 0.6809069 Vali Loss: 0.7219393 Test Loss: 0.3593214
Validation loss decreased (0.722416 --> 0.721939).  Saving model ...
Updating learning rate to 3.125e-05
	iters: 100, epoch: 7 | loss: 0.5346751
	speed: 0.0772s/iter; left time: 688.6973s
	iters: 200, epoch: 7 | loss: 0.6676553
	speed: 0.0059s/iter; left time: 51.6968s
	iters: 300, epoch: 7 | loss: 0.5079843
	speed: 0.0055s/iter; left time: 48.2774s
	iters: 400, epoch: 7 | loss: 0.8627354
	speed: 0.0055s/iter; left time: 47.6808s
	iters: 500, epoch: 7 | loss: 0.5235378
	speed: 0.0064s/iter; left time: 54.5261s
	iters: 600, epoch: 7 | loss: 0.5865619
	speed: 0.0062s/iter; left time: 51.9903s
	iters: 700, epoch: 7 | loss: 0.7656696
	speed: 0.0063s/iter; left time: 52.5274s
	iters: 800, epoch: 7 | loss: 0.8609123
	speed: 0.0061s/iter; left time: 50.5035s
	iters: 900, epoch: 7 | loss: 0.8924676
	speed: 0.0064s/iter; left time: 51.6856s
	iters: 1000, epoch: 7 | loss: 0.5774557
	speed: 0.0064s/iter; left time: 51.2692s
	iters: 1100, epoch: 7 | loss: 0.6022245
	speed: 0.0064s/iter; left time: 50.7012s
	iters: 1200, epoch: 7 | loss: 0.5664611
	speed: 0.0065s/iter; left time: 50.5131s
	iters: 1300, epoch: 7 | loss: 0.9711041
	speed: 0.0063s/iter; left time: 48.8480s
	iters: 1400, epoch: 7 | loss: 0.5293831
	speed: 0.0065s/iter; left time: 49.9022s
	iters: 1500, epoch: 7 | loss: 0.5712014
	speed: 0.0068s/iter; left time: 51.2684s
	iters: 1600, epoch: 7 | loss: 0.8089139
	speed: 0.0064s/iter; left time: 47.5732s
	iters: 1700, epoch: 7 | loss: 0.6295450
	speed: 0.0064s/iter; left time: 46.7070s
	iters: 1800, epoch: 7 | loss: 0.5644195
	speed: 0.0065s/iter; left time: 46.6856s
	iters: 1900, epoch: 7 | loss: 0.9129878
	speed: 0.0065s/iter; left time: 46.1969s
	iters: 2000, epoch: 7 | loss: 0.5990602
	speed: 0.0066s/iter; left time: 46.4706s
	iters: 2100, epoch: 7 | loss: 0.5991905
	speed: 0.0065s/iter; left time: 45.2013s
	iters: 2200, epoch: 7 | loss: 0.8866229
	speed: 0.0064s/iter; left time: 43.6030s
Epoch: 7 cost time: 15.002737522125244
Epoch: 7, Steps: 2256 | Train Loss: 0.6804291 Vali Loss: 0.7206240 Test Loss: 0.3587321
Validation loss decreased (0.721939 --> 0.720624).  Saving model ...
Updating learning rate to 1.5625e-05
	iters: 100, epoch: 8 | loss: 0.6685110
	speed: 0.0765s/iter; left time: 510.2208s
	iters: 200, epoch: 8 | loss: 0.7605785
	speed: 0.0061s/iter; left time: 40.3931s
	iters: 300, epoch: 8 | loss: 0.6118042
	speed: 0.0064s/iter; left time: 41.5210s
	iters: 400, epoch: 8 | loss: 0.5456681
	speed: 0.0061s/iter; left time: 38.9774s
	iters: 500, epoch: 8 | loss: 0.9305112
	speed: 0.0062s/iter; left time: 38.7043s
	iters: 600, epoch: 8 | loss: 0.8444723
	speed: 0.0062s/iter; left time: 38.4317s
	iters: 700, epoch: 8 | loss: 0.5398207
	speed: 0.0061s/iter; left time: 36.8298s
	iters: 800, epoch: 8 | loss: 0.5942917
	speed: 0.0064s/iter; left time: 38.2266s
	iters: 900, epoch: 8 | loss: 0.5404111
	speed: 0.0063s/iter; left time: 37.0568s
	iters: 1000, epoch: 8 | loss: 0.8869154
	speed: 0.0063s/iter; left time: 36.1544s
	iters: 1100, epoch: 8 | loss: 0.6099608
	speed: 0.0064s/iter; left time: 36.0202s
	iters: 1200, epoch: 8 | loss: 0.5766221
	speed: 0.0063s/iter; left time: 34.9365s
	iters: 1300, epoch: 8 | loss: 0.5990090
	speed: 0.0063s/iter; left time: 34.3286s
	iters: 1400, epoch: 8 | loss: 0.6308815
	speed: 0.0065s/iter; left time: 35.0418s
	iters: 1500, epoch: 8 | loss: 0.8471455
	speed: 0.0062s/iter; left time: 32.4329s
	iters: 1600, epoch: 8 | loss: 0.7709211
	speed: 0.0062s/iter; left time: 31.9343s
	iters: 1700, epoch: 8 | loss: 0.6600813
	speed: 0.0062s/iter; left time: 31.3507s
	iters: 1800, epoch: 8 | loss: 0.6055368
	speed: 0.0061s/iter; left time: 30.2740s
	iters: 1900, epoch: 8 | loss: 0.7838873
	speed: 0.0061s/iter; left time: 29.8422s
	iters: 2000, epoch: 8 | loss: 0.9155588
	speed: 0.0061s/iter; left time: 29.2747s
	iters: 2100, epoch: 8 | loss: 0.9086919
	speed: 0.0062s/iter; left time: 28.9123s
	iters: 2200, epoch: 8 | loss: 0.6639952
	speed: 0.0061s/iter; left time: 28.0828s
Epoch: 8 cost time: 14.740867137908936
Epoch: 8, Steps: 2256 | Train Loss: 0.6801722 Vali Loss: 0.7195155 Test Loss: 0.3586303
Validation loss decreased (0.720624 --> 0.719516).  Saving model ...
Updating learning rate to 7.8125e-06
	iters: 100, epoch: 9 | loss: 0.8625934
	speed: 0.0753s/iter; left time: 332.4279s
	iters: 200, epoch: 9 | loss: 0.4684689
	speed: 0.0063s/iter; left time: 27.0701s
	iters: 300, epoch: 9 | loss: 0.4771325
	speed: 0.0065s/iter; left time: 27.2305s
	iters: 400, epoch: 9 | loss: 0.6191649
	speed: 0.0066s/iter; left time: 27.0722s
	iters: 500, epoch: 9 | loss: 0.9721884
	speed: 0.0063s/iter; left time: 25.1501s
	iters: 600, epoch: 9 | loss: 0.6165626
	speed: 0.0063s/iter; left time: 24.4673s
	iters: 700, epoch: 9 | loss: 0.6412312
	speed: 0.0062s/iter; left time: 23.6980s
	iters: 800, epoch: 9 | loss: 0.6809462
	speed: 0.0065s/iter; left time: 24.2764s
	iters: 900, epoch: 9 | loss: 0.6258112
	speed: 0.0062s/iter; left time: 22.4951s
	iters: 1000, epoch: 9 | loss: 0.5971363
	speed: 0.0066s/iter; left time: 23.1022s
	iters: 1100, epoch: 9 | loss: 0.6078049
	speed: 0.0065s/iter; left time: 22.0517s
	iters: 1200, epoch: 9 | loss: 0.6708486
	speed: 0.0064s/iter; left time: 21.3500s
	iters: 1300, epoch: 9 | loss: 0.5837809
	speed: 0.0066s/iter; left time: 21.0911s
	iters: 1400, epoch: 9 | loss: 0.7755309
	speed: 0.0064s/iter; left time: 20.0769s
	iters: 1500, epoch: 9 | loss: 0.6208693
	speed: 0.0065s/iter; left time: 19.4943s
	iters: 1600, epoch: 9 | loss: 0.8133836
	speed: 0.0064s/iter; left time: 18.7283s
	iters: 1700, epoch: 9 | loss: 0.5706169
	speed: 0.0065s/iter; left time: 18.2793s
	iters: 1800, epoch: 9 | loss: 0.7392769
	speed: 0.0065s/iter; left time: 17.5687s
	iters: 1900, epoch: 9 | loss: 0.6269367
	speed: 0.0064s/iter; left time: 16.7545s
	iters: 2000, epoch: 9 | loss: 1.1277707
	speed: 0.0066s/iter; left time: 16.5035s
	iters: 2100, epoch: 9 | loss: 0.7861004
	speed: 0.0063s/iter; left time: 15.2301s
	iters: 2200, epoch: 9 | loss: 0.6068139
	speed: 0.0063s/iter; left time: 14.5265s
Epoch: 9 cost time: 15.162451267242432
Epoch: 9, Steps: 2256 | Train Loss: 0.6800521 Vali Loss: 0.7206547 Test Loss: 0.3587334
EarlyStopping counter: 1 out of 3
Updating learning rate to 3.90625e-06
	iters: 100, epoch: 10 | loss: 1.1421257
	speed: 0.0747s/iter; left time: 161.2101s
	iters: 200, epoch: 10 | loss: 0.5986257
	speed: 0.0061s/iter; left time: 12.6340s
	iters: 300, epoch: 10 | loss: 0.6518787
	speed: 0.0063s/iter; left time: 12.2768s
	iters: 400, epoch: 10 | loss: 0.6309827
	speed: 0.0063s/iter; left time: 11.6484s
	iters: 500, epoch: 10 | loss: 0.7240463
	speed: 0.0064s/iter; left time: 11.3198s
	iters: 600, epoch: 10 | loss: 0.7836149
	speed: 0.0065s/iter; left time: 10.8419s
	iters: 700, epoch: 10 | loss: 0.6062806
	speed: 0.0064s/iter; left time: 10.0315s
	iters: 800, epoch: 10 | loss: 0.5325074
	speed: 0.0063s/iter; left time: 9.2087s
	iters: 900, epoch: 10 | loss: 0.5716389
	speed: 0.0062s/iter; left time: 8.3839s
	iters: 1000, epoch: 10 | loss: 0.5584216
	speed: 0.0062s/iter; left time: 7.8199s
	iters: 1100, epoch: 10 | loss: 0.6536657
	speed: 0.0061s/iter; left time: 7.1006s
	iters: 1200, epoch: 10 | loss: 0.5886872
	speed: 0.0056s/iter; left time: 5.9025s
	iters: 1300, epoch: 10 | loss: 0.6862221
	speed: 0.0061s/iter; left time: 5.8326s
	iters: 1400, epoch: 10 | loss: 0.6688043
	speed: 0.0062s/iter; left time: 5.2808s
	iters: 1500, epoch: 10 | loss: 0.9779098
	speed: 0.0062s/iter; left time: 4.6855s
	iters: 1600, epoch: 10 | loss: 0.8347109
	speed: 0.0062s/iter; left time: 4.0652s
	iters: 1700, epoch: 10 | loss: 0.8147337
	speed: 0.0064s/iter; left time: 3.5535s
	iters: 1800, epoch: 10 | loss: 0.5295659
	speed: 0.0066s/iter; left time: 3.0021s
	iters: 1900, epoch: 10 | loss: 0.6674652
	speed: 0.0064s/iter; left time: 2.2935s
	iters: 2000, epoch: 10 | loss: 0.6052260
	speed: 0.0066s/iter; left time: 1.6883s
	iters: 2100, epoch: 10 | loss: 0.8477324
	speed: 0.0065s/iter; left time: 1.0238s
	iters: 2200, epoch: 10 | loss: 0.6714075
	speed: 0.0063s/iter; left time: 0.3606s
Epoch: 10 cost time: 14.941965103149414
Epoch: 10, Steps: 2256 | Train Loss: 0.6799853 Vali Loss: 0.7206244 Test Loss: 0.3587398
EarlyStopping counter: 2 out of 3
Updating learning rate to 1.953125e-06
>>>>>>>testing : weather_72_720_GRevagLinear_custom_ftM_sl72_ll48_pl720_dm512_nh8_el2_dl1_df2048_fc1_ebtimeF_dtTrue_Exp_0<<<<<<<<<<<<<<<<<<<<<<<<<<<<<<<<<
test 9820
mse:0.3585200011730194, mae:0.350457102060318
