Args in experiment:
Namespace(activation='gelu', batch_size=16, c_out=7, checkpoints='/spo/NewbornTime/tahir098/SVF/data/Extra/checkpoints/', d_ff=2048, d_layers=1, d_model=512, data='custom', data_path='weather.csv', dec_in=7, des='Exp', devices='0,1,2,3', distil=True, do_predict=False, dropout=0.05, e_layers=2, embed='timeF', embed_type=0, enc_in=21, factor=1, features='M', freq='h', gpu=0, individual=False, is_training=1, itr=1, label_len=48, learning_rate=0.001, loss='mse', lradj='type1', model='NLinear', model_id='weather_336_48', moving_avg=25, n_heads=8, num_workers=10, output_attention=False, patience=3, pred_len=48, root_path='./dataset/', seq_len=336, target='OT', test_flop=False, train_epochs=10, train_only=False, use_amp=False, use_gpu=True, use_multi_gpu=False)
Use GPU: cuda:0
>>>>>>>start training : weather_336_48_NLinear_custom_ftM_sl336_ll48_pl48_dm512_nh8_el2_dl1_df2048_fc1_ebtimeF_dtTrue_Exp_0>>>>>>>>>>>>>>>>>>>>>>>>>>
train 36504
val 5223
test 10492
	iters: 100, epoch: 1 | loss: 0.5223536
	speed: 0.0104s/iter; left time: 236.9605s
	iters: 200, epoch: 1 | loss: 0.3597206
	speed: 0.0043s/iter; left time: 97.9528s
	iters: 300, epoch: 1 | loss: 0.2324547
	speed: 0.0042s/iter; left time: 95.2569s
	iters: 400, epoch: 1 | loss: 0.2461911
	speed: 0.0042s/iter; left time: 94.0655s
	iters: 500, epoch: 1 | loss: 0.4072375
	speed: 0.0042s/iter; left time: 94.2369s
	iters: 600, epoch: 1 | loss: 0.5391147
	speed: 0.0043s/iter; left time: 96.1076s
	iters: 700, epoch: 1 | loss: 0.2380311
	speed: 0.0042s/iter; left time: 92.3736s
	iters: 800, epoch: 1 | loss: 0.2115942
	speed: 0.0044s/iter; left time: 96.8338s
	iters: 900, epoch: 1 | loss: 0.3172262
	speed: 0.0045s/iter; left time: 99.1401s
	iters: 1000, epoch: 1 | loss: 0.2351125
	speed: 0.0042s/iter; left time: 90.5703s
	iters: 1100, epoch: 1 | loss: 0.3062015
	speed: 0.0042s/iter; left time: 91.3232s
	iters: 1200, epoch: 1 | loss: 0.1519275
	speed: 0.0046s/iter; left time: 98.4465s
	iters: 1300, epoch: 1 | loss: 1.0010005
	speed: 0.0050s/iter; left time: 106.7549s
	iters: 1400, epoch: 1 | loss: 0.7014242
	speed: 0.0042s/iter; left time: 90.5444s
	iters: 1500, epoch: 1 | loss: 0.2074259
	speed: 0.0043s/iter; left time: 91.3951s
	iters: 1600, epoch: 1 | loss: 0.2839994
	speed: 0.0041s/iter; left time: 87.7856s
	iters: 1700, epoch: 1 | loss: 1.0739087
	speed: 0.0043s/iter; left time: 90.6403s
	iters: 1800, epoch: 1 | loss: 0.3675742
	speed: 0.0042s/iter; left time: 89.1051s
	iters: 1900, epoch: 1 | loss: 0.1590347
	speed: 0.0044s/iter; left time: 92.1743s
	iters: 2000, epoch: 1 | loss: 0.1809689
	speed: 0.0043s/iter; left time: 89.7800s
	iters: 2100, epoch: 1 | loss: 0.2549901
	speed: 0.0044s/iter; left time: 91.9258s
	iters: 2200, epoch: 1 | loss: 0.3211404
	speed: 0.0043s/iter; left time: 89.5904s
Epoch: 1 cost time: 10.59680986404419
Epoch: 1, Steps: 2281 | Train Loss: 0.4982787 Vali Loss: 0.4345528 Test Loss: 0.1491972
Validation loss decreased (inf --> 0.434553).  Saving model ...
Updating learning rate to 0.001
	iters: 100, epoch: 2 | loss: 0.2935798
	speed: 0.0623s/iter; left time: 1272.6757s
	iters: 200, epoch: 2 | loss: 0.3046083
	speed: 0.0045s/iter; left time: 90.7674s
	iters: 300, epoch: 2 | loss: 0.3162190
	speed: 0.0042s/iter; left time: 85.2994s
	iters: 400, epoch: 2 | loss: 0.2954061
	speed: 0.0044s/iter; left time: 87.7165s
	iters: 500, epoch: 2 | loss: 0.2230119
	speed: 0.0044s/iter; left time: 88.9918s
	iters: 600, epoch: 2 | loss: 0.2149449
	speed: 0.0042s/iter; left time: 83.8564s
	iters: 700, epoch: 2 | loss: 0.1805244
	speed: 0.0043s/iter; left time: 85.7577s
	iters: 800, epoch: 2 | loss: 0.3002368
	speed: 0.0043s/iter; left time: 84.0011s
	iters: 900, epoch: 2 | loss: 0.1767977
	speed: 0.0044s/iter; left time: 87.1692s
	iters: 1000, epoch: 2 | loss: 0.4331779
	speed: 0.0046s/iter; left time: 89.8062s
	iters: 1100, epoch: 2 | loss: 0.2264163
	speed: 0.0043s/iter; left time: 84.4108s
	iters: 1200, epoch: 2 | loss: 0.3829824
	speed: 0.0049s/iter; left time: 95.0457s
	iters: 1300, epoch: 2 | loss: 0.2852495
	speed: 0.0048s/iter; left time: 91.8061s
	iters: 1400, epoch: 2 | loss: 0.1672075
	speed: 0.0043s/iter; left time: 82.5122s
	iters: 1500, epoch: 2 | loss: 0.4169082
	speed: 0.0044s/iter; left time: 83.8898s
	iters: 1600, epoch: 2 | loss: 0.3215106
	speed: 0.0043s/iter; left time: 82.0316s
	iters: 1700, epoch: 2 | loss: 0.1380521
	speed: 0.0044s/iter; left time: 82.4794s
	iters: 1800, epoch: 2 | loss: 0.3432737
	speed: 0.0046s/iter; left time: 86.6502s
	iters: 1900, epoch: 2 | loss: 0.4181432
	speed: 0.0046s/iter; left time: 85.9274s
	iters: 2000, epoch: 2 | loss: 0.8457060
	speed: 0.0043s/iter; left time: 80.3314s
	iters: 2100, epoch: 2 | loss: 0.4665409
	speed: 0.0043s/iter; left time: 78.8894s
	iters: 2200, epoch: 2 | loss: 0.3193592
	speed: 0.0043s/iter; left time: 78.1137s
Epoch: 2 cost time: 10.758753299713135
Epoch: 2, Steps: 2281 | Train Loss: 0.4690497 Vali Loss: 0.3897956 Test Loss: 0.1439123
Validation loss decreased (0.434553 --> 0.389796).  Saving model ...
Updating learning rate to 0.0005
	iters: 100, epoch: 3 | loss: 0.2668813
	speed: 0.0605s/iter; left time: 1098.9079s
	iters: 200, epoch: 3 | loss: 0.2646097
	speed: 0.0042s/iter; left time: 76.4763s
	iters: 300, epoch: 3 | loss: 0.2470244
	speed: 0.0043s/iter; left time: 76.9488s
	iters: 400, epoch: 3 | loss: 0.2422148
	speed: 0.0043s/iter; left time: 75.9845s
	iters: 500, epoch: 3 | loss: 0.2620680
	speed: 0.0043s/iter; left time: 76.4701s
	iters: 600, epoch: 3 | loss: 0.2398482
	speed: 0.0045s/iter; left time: 79.2233s
	iters: 700, epoch: 3 | loss: 0.4382557
	speed: 0.0043s/iter; left time: 75.8507s
	iters: 800, epoch: 3 | loss: 0.2369203
	speed: 0.0043s/iter; left time: 74.7018s
	iters: 900, epoch: 3 | loss: 0.1570878
	speed: 0.0042s/iter; left time: 73.0804s
	iters: 1000, epoch: 3 | loss: 0.1696312
	speed: 0.0044s/iter; left time: 75.1075s
	iters: 1100, epoch: 3 | loss: 1.0206363
	speed: 0.0043s/iter; left time: 73.3913s
	iters: 1200, epoch: 3 | loss: 0.2928658
	speed: 0.0043s/iter; left time: 73.9149s
	iters: 1300, epoch: 3 | loss: 0.2195412
	speed: 0.0041s/iter; left time: 70.0885s
	iters: 1400, epoch: 3 | loss: 0.4288397
	speed: 0.0043s/iter; left time: 72.5612s
	iters: 1500, epoch: 3 | loss: 0.3817396
	speed: 0.0046s/iter; left time: 76.9156s
	iters: 1600, epoch: 3 | loss: 0.1796494
	speed: 0.0046s/iter; left time: 76.3401s
	iters: 1700, epoch: 3 | loss: 0.2803287
	speed: 0.0048s/iter; left time: 79.3748s
	iters: 1800, epoch: 3 | loss: 0.2588615
	speed: 0.0044s/iter; left time: 72.2723s
	iters: 1900, epoch: 3 | loss: 0.3604305
	speed: 0.0044s/iter; left time: 71.9413s
	iters: 2000, epoch: 3 | loss: 0.2938293
	speed: 0.0043s/iter; left time: 70.1804s
	iters: 2100, epoch: 3 | loss: 0.4042862
	speed: 0.0041s/iter; left time: 66.8431s
	iters: 2200, epoch: 3 | loss: 0.2153713
	speed: 0.0042s/iter; left time: 67.5149s
Epoch: 3 cost time: 10.519657135009766
Epoch: 3, Steps: 2281 | Train Loss: 0.4629478 Vali Loss: 0.3727724 Test Loss: 0.1381204
Validation loss decreased (0.389796 --> 0.372772).  Saving model ...
Updating learning rate to 0.00025
	iters: 100, epoch: 4 | loss: 0.3089869
	speed: 0.0599s/iter; left time: 951.0591s
	iters: 200, epoch: 4 | loss: 0.2408250
	speed: 0.0042s/iter; left time: 66.6544s
	iters: 300, epoch: 4 | loss: 0.2292981
	speed: 0.0042s/iter; left time: 66.1479s
	iters: 400, epoch: 4 | loss: 0.2755193
	speed: 0.0044s/iter; left time: 69.2698s
	iters: 500, epoch: 4 | loss: 0.3171750
	speed: 0.0044s/iter; left time: 67.7377s
	iters: 600, epoch: 4 | loss: 1.9312577
	speed: 0.0042s/iter; left time: 65.1504s
	iters: 700, epoch: 4 | loss: 0.1836881
	speed: 0.0042s/iter; left time: 64.5443s
	iters: 800, epoch: 4 | loss: 0.4538386
	speed: 0.0043s/iter; left time: 65.7231s
	iters: 900, epoch: 4 | loss: 0.2852821
	speed: 0.0044s/iter; left time: 66.0532s
	iters: 1000, epoch: 4 | loss: 1.0958552
	speed: 0.0041s/iter; left time: 61.4253s
	iters: 1100, epoch: 4 | loss: 0.3078465
	speed: 0.0044s/iter; left time: 64.9820s
	iters: 1200, epoch: 4 | loss: 0.1782944
	speed: 0.0041s/iter; left time: 61.2828s
	iters: 1300, epoch: 4 | loss: 0.2412473
	speed: 0.0041s/iter; left time: 60.8218s
	iters: 1400, epoch: 4 | loss: 0.2920822
	speed: 0.0043s/iter; left time: 62.3068s
	iters: 1500, epoch: 4 | loss: 0.3588442
	speed: 0.0044s/iter; left time: 63.2315s
	iters: 1600, epoch: 4 | loss: 0.3547848
	speed: 0.0042s/iter; left time: 60.3649s
	iters: 1700, epoch: 4 | loss: 0.2019568
	speed: 0.0044s/iter; left time: 62.1769s
	iters: 1800, epoch: 4 | loss: 0.9186473
	speed: 0.0043s/iter; left time: 61.2774s
	iters: 1900, epoch: 4 | loss: 0.2802334
	speed: 0.0042s/iter; left time: 59.3203s
	iters: 2000, epoch: 4 | loss: 0.3126505
	speed: 0.0043s/iter; left time: 60.5915s
	iters: 2100, epoch: 4 | loss: 0.1301742
	speed: 0.0042s/iter; left time: 58.6273s
	iters: 2200, epoch: 4 | loss: 0.2580451
	speed: 0.0046s/iter; left time: 62.9397s
Epoch: 4 cost time: 10.401394128799438
Epoch: 4, Steps: 2281 | Train Loss: 0.4146359 Vali Loss: 0.3769054 Test Loss: 0.1468908
EarlyStopping counter: 1 out of 3
Updating learning rate to 0.000125
	iters: 100, epoch: 5 | loss: 0.3986301
	speed: 0.0613s/iter; left time: 833.1435s
	iters: 200, epoch: 5 | loss: 0.2058447
	speed: 0.0045s/iter; left time: 60.9030s
	iters: 300, epoch: 5 | loss: 3.7298717
	speed: 0.0046s/iter; left time: 61.9563s
	iters: 400, epoch: 5 | loss: 0.2110000
	speed: 0.0042s/iter; left time: 56.3117s
	iters: 500, epoch: 5 | loss: 0.2988930
	speed: 0.0043s/iter; left time: 56.9457s
	iters: 600, epoch: 5 | loss: 0.1541587
	speed: 0.0045s/iter; left time: 59.5125s
	iters: 700, epoch: 5 | loss: 1.0927185
	speed: 0.0040s/iter; left time: 52.3727s
	iters: 800, epoch: 5 | loss: 0.2261995
	speed: 0.0046s/iter; left time: 59.4043s
	iters: 900, epoch: 5 | loss: 0.5381839
	speed: 0.0045s/iter; left time: 57.1534s
	iters: 1000, epoch: 5 | loss: 3.3999126
	speed: 0.0043s/iter; left time: 54.8132s
	iters: 1100, epoch: 5 | loss: 0.4536508
	speed: 0.0048s/iter; left time: 60.0666s
	iters: 1200, epoch: 5 | loss: 0.2129904
	speed: 0.0050s/iter; left time: 62.0204s
	iters: 1300, epoch: 5 | loss: 0.1347536
	speed: 0.0044s/iter; left time: 54.4202s
	iters: 1400, epoch: 5 | loss: 0.2009136
	speed: 0.0044s/iter; left time: 53.8439s
	iters: 1500, epoch: 5 | loss: 0.6582646
	speed: 0.0046s/iter; left time: 56.1033s
	iters: 1600, epoch: 5 | loss: 0.1224086
	speed: 0.0044s/iter; left time: 53.7048s
	iters: 1700, epoch: 5 | loss: 0.2893231
	speed: 0.0043s/iter; left time: 52.1394s
	iters: 1800, epoch: 5 | loss: 0.5328177
	speed: 0.0047s/iter; left time: 55.8938s
	iters: 1900, epoch: 5 | loss: 0.3246124
	speed: 0.0046s/iter; left time: 53.9902s
	iters: 2000, epoch: 5 | loss: 0.3348921
	speed: 0.0044s/iter; left time: 51.4204s
	iters: 2100, epoch: 5 | loss: 0.5185320
	speed: 0.0046s/iter; left time: 53.0708s
	iters: 2200, epoch: 5 | loss: 0.5056574
	speed: 0.0045s/iter; left time: 51.7395s
Epoch: 5 cost time: 10.904271841049194
Epoch: 5, Steps: 2281 | Train Loss: 0.4099539 Vali Loss: 0.3654205 Test Loss: 0.1357092
Validation loss decreased (0.372772 --> 0.365421).  Saving model ...
Updating learning rate to 6.25e-05
	iters: 100, epoch: 6 | loss: 0.3236292
	speed: 0.0600s/iter; left time: 678.3267s
	iters: 200, epoch: 6 | loss: 0.3192339
	speed: 0.0044s/iter; left time: 49.3167s
	iters: 300, epoch: 6 | loss: 0.2279386
	speed: 0.0043s/iter; left time: 47.8631s
	iters: 400, epoch: 6 | loss: 0.1787730
	speed: 0.0043s/iter; left time: 47.1276s
	iters: 500, epoch: 6 | loss: 0.3253664
	speed: 0.0044s/iter; left time: 47.6718s
	iters: 600, epoch: 6 | loss: 0.3693858
	speed: 0.0042s/iter; left time: 45.0655s
	iters: 700, epoch: 6 | loss: 0.2888266
	speed: 0.0044s/iter; left time: 47.2798s
	iters: 800, epoch: 6 | loss: 0.3055497
	speed: 0.0044s/iter; left time: 46.7677s
	iters: 900, epoch: 6 | loss: 0.4648366
	speed: 0.0044s/iter; left time: 46.4771s
	iters: 1000, epoch: 6 | loss: 0.1678400
	speed: 0.0043s/iter; left time: 44.9228s
	iters: 1100, epoch: 6 | loss: 0.3064428
	speed: 0.0046s/iter; left time: 47.3195s
	iters: 1200, epoch: 6 | loss: 0.2588585
	speed: 0.0048s/iter; left time: 49.0062s
	iters: 1300, epoch: 6 | loss: 1.0870180
	speed: 0.0043s/iter; left time: 43.4690s
	iters: 1400, epoch: 6 | loss: 0.3103321
	speed: 0.0045s/iter; left time: 45.0498s
	iters: 1500, epoch: 6 | loss: 0.1962038
	speed: 0.0043s/iter; left time: 42.1697s
	iters: 1600, epoch: 6 | loss: 0.2154095
	speed: 0.0043s/iter; left time: 42.0609s
	iters: 1700, epoch: 6 | loss: 0.2960960
	speed: 0.0043s/iter; left time: 41.9447s
	iters: 1800, epoch: 6 | loss: 0.2589435
	speed: 0.0043s/iter; left time: 41.1591s
	iters: 1900, epoch: 6 | loss: 0.2475864
	speed: 0.0044s/iter; left time: 41.5004s
	iters: 2000, epoch: 6 | loss: 0.3752556
	speed: 0.0042s/iter; left time: 39.7118s
	iters: 2100, epoch: 6 | loss: 0.2867840
	speed: 0.0042s/iter; left time: 39.0862s
	iters: 2200, epoch: 6 | loss: 0.2042562
	speed: 0.0043s/iter; left time: 39.4570s
Epoch: 6 cost time: 10.547033071517944
Epoch: 6, Steps: 2281 | Train Loss: 0.4055607 Vali Loss: 0.3688796 Test Loss: 0.1401346
EarlyStopping counter: 1 out of 3
Updating learning rate to 3.125e-05
	iters: 100, epoch: 7 | loss: 0.2771374
	speed: 0.0602s/iter; left time: 543.6779s
	iters: 200, epoch: 7 | loss: 0.3218586
	speed: 0.0043s/iter; left time: 38.6463s
	iters: 300, epoch: 7 | loss: 0.2800545
	speed: 0.0045s/iter; left time: 39.4174s
	iters: 400, epoch: 7 | loss: 0.1767850
	speed: 0.0043s/iter; left time: 37.6049s
	iters: 500, epoch: 7 | loss: 0.3073367
	speed: 0.0044s/iter; left time: 37.5755s
	iters: 600, epoch: 7 | loss: 0.2629896
	speed: 0.0044s/iter; left time: 37.7457s
	iters: 700, epoch: 7 | loss: 0.3568442
	speed: 0.0044s/iter; left time: 36.9718s
	iters: 800, epoch: 7 | loss: 0.4831800
	speed: 0.0043s/iter; left time: 35.6661s
	iters: 900, epoch: 7 | loss: 0.2198227
	speed: 0.0040s/iter; left time: 33.2420s
	iters: 1000, epoch: 7 | loss: 0.3280872
	speed: 0.0042s/iter; left time: 34.3888s
	iters: 1100, epoch: 7 | loss: 0.2006843
	speed: 0.0044s/iter; left time: 35.5526s
	iters: 1200, epoch: 7 | loss: 0.2234169
	speed: 0.0046s/iter; left time: 36.5533s
	iters: 1300, epoch: 7 | loss: 0.2271464
	speed: 0.0045s/iter; left time: 35.1292s
	iters: 1400, epoch: 7 | loss: 0.8263804
	speed: 0.0046s/iter; left time: 35.2056s
	iters: 1500, epoch: 7 | loss: 0.2396478
	speed: 0.0050s/iter; left time: 38.0074s
	iters: 1600, epoch: 7 | loss: 0.5675102
	speed: 0.0042s/iter; left time: 31.5806s
	iters: 1700, epoch: 7 | loss: 0.2020757
	speed: 0.0042s/iter; left time: 31.4514s
	iters: 1800, epoch: 7 | loss: 0.4712301
	speed: 0.0042s/iter; left time: 30.5825s
	iters: 1900, epoch: 7 | loss: 0.6325011
	speed: 0.0044s/iter; left time: 32.1433s
	iters: 2000, epoch: 7 | loss: 0.4478140
	speed: 0.0043s/iter; left time: 30.8289s
	iters: 2100, epoch: 7 | loss: 0.3480527
	speed: 0.0045s/iter; left time: 31.8486s
	iters: 2200, epoch: 7 | loss: 0.3140833
	speed: 0.0045s/iter; left time: 31.1368s
Epoch: 7 cost time: 10.650925397872925
Epoch: 7, Steps: 2281 | Train Loss: 0.4006000 Vali Loss: 0.3682326 Test Loss: 0.1394800
EarlyStopping counter: 2 out of 3
Updating learning rate to 1.5625e-05
	iters: 100, epoch: 8 | loss: 0.2767849
	speed: 0.0593s/iter; left time: 399.6131s
	iters: 200, epoch: 8 | loss: 0.4668432
	speed: 0.0044s/iter; left time: 29.3626s
	iters: 300, epoch: 8 | loss: 0.2849804
	speed: 0.0048s/iter; left time: 31.4721s
	iters: 400, epoch: 8 | loss: 0.2960338
	speed: 0.0044s/iter; left time: 28.1458s
	iters: 500, epoch: 8 | loss: 0.1993778
	speed: 0.0042s/iter; left time: 26.3756s
	iters: 600, epoch: 8 | loss: 0.2715068
	speed: 0.0042s/iter; left time: 25.9290s
	iters: 700, epoch: 8 | loss: 0.2548072
	speed: 0.0041s/iter; left time: 24.9991s
	iters: 800, epoch: 8 | loss: 0.2088651
	speed: 0.0042s/iter; left time: 25.5804s
	iters: 900, epoch: 8 | loss: 0.4012040
	speed: 0.0042s/iter; left time: 25.1546s
	iters: 1000, epoch: 8 | loss: 0.2416865
	speed: 0.0041s/iter; left time: 24.1935s
	iters: 1100, epoch: 8 | loss: 0.3261439
	speed: 0.0041s/iter; left time: 23.7763s
	iters: 1200, epoch: 8 | loss: 0.1443953
	speed: 0.0043s/iter; left time: 24.4578s
	iters: 1300, epoch: 8 | loss: 0.6053541
	speed: 0.0044s/iter; left time: 24.5989s
	iters: 1400, epoch: 8 | loss: 0.8539228
	speed: 0.0043s/iter; left time: 23.5157s
	iters: 1500, epoch: 8 | loss: 0.2562618
	speed: 0.0043s/iter; left time: 22.9458s
	iters: 1600, epoch: 8 | loss: 0.2901244
	speed: 0.0041s/iter; left time: 21.3729s
	iters: 1700, epoch: 8 | loss: 0.4594035
	speed: 0.0040s/iter; left time: 20.3640s
	iters: 1800, epoch: 8 | loss: 0.1908198
	speed: 0.0043s/iter; left time: 21.9372s
	iters: 1900, epoch: 8 | loss: 0.3706665
	speed: 0.0043s/iter; left time: 21.5022s
	iters: 2000, epoch: 8 | loss: 0.3317625
	speed: 0.0043s/iter; left time: 21.0467s
	iters: 2100, epoch: 8 | loss: 0.4096521
	speed: 0.0044s/iter; left time: 20.7288s
	iters: 2200, epoch: 8 | loss: 0.3128473
	speed: 0.0044s/iter; left time: 20.3660s
Epoch: 8 cost time: 10.403034925460815
Epoch: 8, Steps: 2281 | Train Loss: 0.4009757 Vali Loss: 0.3660908 Test Loss: 0.1364890
EarlyStopping counter: 3 out of 3
Early stopping
>>>>>>>testing : weather_336_48_NLinear_custom_ftM_sl336_ll48_pl48_dm512_nh8_el2_dl1_df2048_fc1_ebtimeF_dtTrue_Exp_0<<<<<<<<<<<<<<<<<<<<<<<<<<<<<<<<<
test 10492
mse:0.13575521111488342, mae:0.18236517906188965
