Args in experiment:
Namespace(activation='gelu', batch_size=16, c_out=7, checkpoints='/spo/NewbornTime/tahir098/SVF/data/Extra/checkpoints/', d_ff=2048, d_layers=1, d_model=512, data='custom', data_path='weather.csv', dec_in=7, des='Exp', devices='0,1,2,3', distil=True, do_predict=False, dropout=0.05, e_layers=2, embed='timeF', embed_type=0, enc_in=21, factor=1, features='M', freq='h', gpu=0, individual=False, is_training=1, itr=1, label_len=48, learning_rate=0.001, loss='mse', lradj='type1', model='NLinear', model_id='weather_336_192', moving_avg=25, n_heads=8, num_workers=10, output_attention=False, patience=3, pred_len=192, root_path='./dataset/', seq_len=336, target='OT', test_flop=False, train_epochs=10, train_only=False, use_amp=False, use_gpu=True, use_multi_gpu=False)
Use GPU: cuda:0
>>>>>>>start training : weather_336_192_NLinear_custom_ftM_sl336_ll48_pl192_dm512_nh8_el2_dl1_df2048_fc1_ebtimeF_dtTrue_Exp_0>>>>>>>>>>>>>>>>>>>>>>>>>>
train 36360
val 5079
test 10348
	iters: 100, epoch: 1 | loss: 0.9372393
	speed: 0.0094s/iter; left time: 212.4104s
	iters: 200, epoch: 1 | loss: 0.6514703
	speed: 0.0044s/iter; left time: 99.4428s
	iters: 300, epoch: 1 | loss: 0.4986027
	speed: 0.0046s/iter; left time: 102.4331s
	iters: 400, epoch: 1 | loss: 0.4239013
	speed: 0.0045s/iter; left time: 100.3036s
	iters: 500, epoch: 1 | loss: 0.8386592
	speed: 0.0045s/iter; left time: 99.3989s
	iters: 600, epoch: 1 | loss: 0.3899174
	speed: 0.0043s/iter; left time: 94.8203s
	iters: 700, epoch: 1 | loss: 0.3841048
	speed: 0.0049s/iter; left time: 107.9534s
	iters: 800, epoch: 1 | loss: 1.4419521
	speed: 0.0045s/iter; left time: 99.1821s
	iters: 900, epoch: 1 | loss: 0.5578787
	speed: 0.0044s/iter; left time: 97.0173s
	iters: 1000, epoch: 1 | loss: 0.4774614
	speed: 0.0045s/iter; left time: 97.8044s
	iters: 1100, epoch: 1 | loss: 0.7478960
	speed: 0.0048s/iter; left time: 102.7129s
	iters: 1200, epoch: 1 | loss: 0.4284416
	speed: 0.0054s/iter; left time: 115.3074s
	iters: 1300, epoch: 1 | loss: 1.3701422
	speed: 0.0050s/iter; left time: 106.3483s
	iters: 1400, epoch: 1 | loss: 1.3587245
	speed: 0.0045s/iter; left time: 96.0007s
	iters: 1500, epoch: 1 | loss: 0.3864863
	speed: 0.0043s/iter; left time: 91.9226s
	iters: 1600, epoch: 1 | loss: 0.4459970
	speed: 0.0045s/iter; left time: 94.2111s
	iters: 1700, epoch: 1 | loss: 0.3981957
	speed: 0.0044s/iter; left time: 92.7797s
	iters: 1800, epoch: 1 | loss: 0.4553090
	speed: 0.0043s/iter; left time: 89.8683s
	iters: 1900, epoch: 1 | loss: 0.4363100
	speed: 0.0043s/iter; left time: 90.1649s
	iters: 2000, epoch: 1 | loss: 0.2714899
	speed: 0.0044s/iter; left time: 90.9738s
	iters: 2100, epoch: 1 | loss: 0.7965142
	speed: 0.0045s/iter; left time: 93.1392s
	iters: 2200, epoch: 1 | loss: 0.3971212
	speed: 0.0045s/iter; left time: 91.3698s
Epoch: 1 cost time: 10.873936414718628
Epoch: 1, Steps: 2272 | Train Loss: 0.5661368 Vali Loss: 0.5723280 Test Loss: 0.2603533
Validation loss decreased (inf --> 0.572328).  Saving model ...
Updating learning rate to 0.001
	iters: 100, epoch: 2 | loss: 0.3840402
	speed: 0.0647s/iter; left time: 1316.8454s
	iters: 200, epoch: 2 | loss: 0.5087239
	speed: 0.0045s/iter; left time: 90.5266s
	iters: 300, epoch: 2 | loss: 0.6663256
	speed: 0.0045s/iter; left time: 89.9860s
	iters: 400, epoch: 2 | loss: 0.4257967
	speed: 0.0044s/iter; left time: 87.9135s
	iters: 500, epoch: 2 | loss: 0.6037549
	speed: 0.0044s/iter; left time: 87.6845s
	iters: 600, epoch: 2 | loss: 0.4070695
	speed: 0.0044s/iter; left time: 87.8221s
	iters: 700, epoch: 2 | loss: 0.3415434
	speed: 0.0045s/iter; left time: 89.5368s
	iters: 800, epoch: 2 | loss: 0.5790232
	speed: 0.0045s/iter; left time: 88.1428s
	iters: 900, epoch: 2 | loss: 0.4571070
	speed: 0.0045s/iter; left time: 87.9148s
	iters: 1000, epoch: 2 | loss: 0.4835100
	speed: 0.0044s/iter; left time: 86.1598s
	iters: 1100, epoch: 2 | loss: 0.5022176
	speed: 0.0046s/iter; left time: 89.4375s
	iters: 1200, epoch: 2 | loss: 1.3639780
	speed: 0.0049s/iter; left time: 94.9801s
	iters: 1300, epoch: 2 | loss: 0.4908161
	speed: 0.0046s/iter; left time: 87.1442s
	iters: 1400, epoch: 2 | loss: 1.0482093
	speed: 0.0046s/iter; left time: 87.2215s
	iters: 1500, epoch: 2 | loss: 0.3839199
	speed: 0.0050s/iter; left time: 95.2539s
	iters: 1600, epoch: 2 | loss: 0.3386852
	speed: 0.0050s/iter; left time: 93.7861s
	iters: 1700, epoch: 2 | loss: 0.4534861
	speed: 0.0046s/iter; left time: 85.9764s
	iters: 1800, epoch: 2 | loss: 0.3562202
	speed: 0.0049s/iter; left time: 90.4603s
	iters: 1900, epoch: 2 | loss: 0.3539669
	speed: 0.0046s/iter; left time: 84.7998s
	iters: 2000, epoch: 2 | loss: 0.2771918
	speed: 0.0045s/iter; left time: 82.7802s
	iters: 2100, epoch: 2 | loss: 1.2179537
	speed: 0.0046s/iter; left time: 84.6391s
	iters: 2200, epoch: 2 | loss: 0.2711017
	speed: 0.0045s/iter; left time: 82.3987s
Epoch: 2 cost time: 11.034696817398071
Epoch: 2, Steps: 2272 | Train Loss: 0.5954993 Vali Loss: 0.5267161 Test Loss: 0.2331957
Validation loss decreased (0.572328 --> 0.526716).  Saving model ...
Updating learning rate to 0.0005
	iters: 100, epoch: 3 | loss: 0.2651294
	speed: 0.0652s/iter; left time: 1177.9431s
	iters: 200, epoch: 3 | loss: 0.4256082
	speed: 0.0045s/iter; left time: 80.2732s
	iters: 300, epoch: 3 | loss: 0.3931756
	speed: 0.0047s/iter; left time: 84.2553s
	iters: 400, epoch: 3 | loss: 0.3877008
	speed: 0.0046s/iter; left time: 81.7589s
	iters: 500, epoch: 3 | loss: 0.2818776
	speed: 0.0046s/iter; left time: 81.1299s
	iters: 600, epoch: 3 | loss: 0.3379555
	speed: 0.0044s/iter; left time: 78.1975s
	iters: 700, epoch: 3 | loss: 0.5716605
	speed: 0.0044s/iter; left time: 77.7464s
	iters: 800, epoch: 3 | loss: 0.4223722
	speed: 0.0045s/iter; left time: 77.5655s
	iters: 900, epoch: 3 | loss: 0.4363424
	speed: 0.0043s/iter; left time: 74.6724s
	iters: 1000, epoch: 3 | loss: 0.6218388
	speed: 0.0045s/iter; left time: 76.9822s
	iters: 1100, epoch: 3 | loss: 0.7205877
	speed: 0.0045s/iter; left time: 77.0523s
	iters: 1200, epoch: 3 | loss: 0.2921610
	speed: 0.0048s/iter; left time: 82.2139s
	iters: 1300, epoch: 3 | loss: 0.4227073
	speed: 0.0046s/iter; left time: 77.2827s
	iters: 1400, epoch: 3 | loss: 0.4095282
	speed: 0.0045s/iter; left time: 75.1373s
	iters: 1500, epoch: 3 | loss: 0.3864641
	speed: 0.0046s/iter; left time: 77.5447s
	iters: 1600, epoch: 3 | loss: 0.6671726
	speed: 0.0045s/iter; left time: 74.2162s
	iters: 1700, epoch: 3 | loss: 0.6109924
	speed: 0.0045s/iter; left time: 73.9673s
	iters: 1800, epoch: 3 | loss: 0.3842965
	speed: 0.0046s/iter; left time: 75.1097s
	iters: 1900, epoch: 3 | loss: 0.4930450
	speed: 0.0045s/iter; left time: 73.8604s
	iters: 2000, epoch: 3 | loss: 0.4450300
	speed: 0.0045s/iter; left time: 73.3971s
	iters: 2100, epoch: 3 | loss: 0.5800383
	speed: 0.0047s/iter; left time: 74.9928s
	iters: 2200, epoch: 3 | loss: 0.3034560
	speed: 0.0046s/iter; left time: 73.7675s
Epoch: 3 cost time: 10.966376304626465
Epoch: 3, Steps: 2272 | Train Loss: 0.5278083 Vali Loss: 0.5086128 Test Loss: 0.2189630
Validation loss decreased (0.526716 --> 0.508613).  Saving model ...
Updating learning rate to 0.00025
	iters: 100, epoch: 4 | loss: 0.4615493
	speed: 0.0653s/iter; left time: 1031.9082s
	iters: 200, epoch: 4 | loss: 0.4156923
	speed: 0.0042s/iter; left time: 66.4181s
	iters: 300, epoch: 4 | loss: 0.3869386
	speed: 0.0041s/iter; left time: 63.5470s
	iters: 400, epoch: 4 | loss: 0.3466211
	speed: 0.0044s/iter; left time: 68.7302s
	iters: 500, epoch: 4 | loss: 0.7282494
	speed: 0.0045s/iter; left time: 68.8744s
	iters: 600, epoch: 4 | loss: 0.5912870
	speed: 0.0045s/iter; left time: 68.7289s
	iters: 700, epoch: 4 | loss: 0.3721077
	speed: 0.0046s/iter; left time: 70.4186s
	iters: 800, epoch: 4 | loss: 1.1578450
	speed: 0.0045s/iter; left time: 67.7177s
	iters: 900, epoch: 4 | loss: 0.5977414
	speed: 0.0045s/iter; left time: 67.2552s
	iters: 1000, epoch: 4 | loss: 0.4473552
	speed: 0.0046s/iter; left time: 68.8737s
	iters: 1100, epoch: 4 | loss: 0.3412052
	speed: 0.0043s/iter; left time: 64.3990s
	iters: 1200, epoch: 4 | loss: 0.3137581
	speed: 0.0048s/iter; left time: 69.9375s
	iters: 1300, epoch: 4 | loss: 0.4051681
	speed: 0.0047s/iter; left time: 68.2280s
	iters: 1400, epoch: 4 | loss: 0.3439993
	speed: 0.0047s/iter; left time: 67.5113s
	iters: 1500, epoch: 4 | loss: 0.5478445
	speed: 0.0046s/iter; left time: 65.6729s
	iters: 1600, epoch: 4 | loss: 0.3357784
	speed: 0.0046s/iter; left time: 65.2159s
	iters: 1700, epoch: 4 | loss: 0.4282422
	speed: 0.0046s/iter; left time: 65.1292s
	iters: 1800, epoch: 4 | loss: 0.4625323
	speed: 0.0045s/iter; left time: 63.7013s
	iters: 1900, epoch: 4 | loss: 0.3845423
	speed: 0.0045s/iter; left time: 63.6842s
	iters: 2000, epoch: 4 | loss: 0.4723786
	speed: 0.0044s/iter; left time: 61.8395s
	iters: 2100, epoch: 4 | loss: 0.4564550
	speed: 0.0045s/iter; left time: 62.1302s
	iters: 2200, epoch: 4 | loss: 0.4194728
	speed: 0.0046s/iter; left time: 63.0326s
Epoch: 4 cost time: 10.857359409332275
Epoch: 4, Steps: 2272 | Train Loss: 0.5231917 Vali Loss: 0.5069081 Test Loss: 0.2168564
Validation loss decreased (0.508613 --> 0.506908).  Saving model ...
Updating learning rate to 0.000125
	iters: 100, epoch: 5 | loss: 0.4094850
	speed: 0.0649s/iter; left time: 877.9836s
	iters: 200, epoch: 5 | loss: 0.4427837
	speed: 0.0044s/iter; left time: 59.0947s
	iters: 300, epoch: 5 | loss: 0.2954578
	speed: 0.0044s/iter; left time: 58.6431s
	iters: 400, epoch: 5 | loss: 0.3249810
	speed: 0.0045s/iter; left time: 59.7849s
	iters: 500, epoch: 5 | loss: 0.5455351
	speed: 0.0045s/iter; left time: 58.6683s
	iters: 600, epoch: 5 | loss: 0.6698713
	speed: 0.0046s/iter; left time: 59.4565s
	iters: 700, epoch: 5 | loss: 0.4800141
	speed: 0.0045s/iter; left time: 58.3012s
	iters: 800, epoch: 5 | loss: 0.5026817
	speed: 0.0043s/iter; left time: 55.4268s
	iters: 900, epoch: 5 | loss: 1.2998718
	speed: 0.0046s/iter; left time: 58.6845s
	iters: 1000, epoch: 5 | loss: 1.3441186
	speed: 0.0046s/iter; left time: 58.6155s
	iters: 1100, epoch: 5 | loss: 0.4430566
	speed: 0.0046s/iter; left time: 57.3237s
	iters: 1200, epoch: 5 | loss: 0.6490997
	speed: 0.0046s/iter; left time: 57.6480s
	iters: 1300, epoch: 5 | loss: 0.4497558
	speed: 0.0047s/iter; left time: 58.0283s
	iters: 1400, epoch: 5 | loss: 0.5362509
	speed: 0.0044s/iter; left time: 54.3992s
	iters: 1500, epoch: 5 | loss: 0.3756198
	speed: 0.0048s/iter; left time: 57.9126s
	iters: 1600, epoch: 5 | loss: 0.5317551
	speed: 0.0044s/iter; left time: 52.7651s
	iters: 1700, epoch: 5 | loss: 0.4657919
	speed: 0.0047s/iter; left time: 55.6655s
	iters: 1800, epoch: 5 | loss: 0.5817280
	speed: 0.0046s/iter; left time: 54.0432s
	iters: 1900, epoch: 5 | loss: 0.3441964
	speed: 0.0044s/iter; left time: 51.9272s
	iters: 2000, epoch: 5 | loss: 0.4881958
	speed: 0.0045s/iter; left time: 52.2631s
	iters: 2100, epoch: 5 | loss: 0.4506904
	speed: 0.0045s/iter; left time: 52.1890s
	iters: 2200, epoch: 5 | loss: 1.2515317
	speed: 0.0046s/iter; left time: 52.3684s
Epoch: 5 cost time: 10.88969349861145
Epoch: 5, Steps: 2272 | Train Loss: 0.5176490 Vali Loss: 0.5062420 Test Loss: 0.2163663
Validation loss decreased (0.506908 --> 0.506242).  Saving model ...
Updating learning rate to 6.25e-05
	iters: 100, epoch: 6 | loss: 0.3059506
	speed: 0.0655s/iter; left time: 737.3473s
	iters: 200, epoch: 6 | loss: 0.3502065
	speed: 0.0046s/iter; left time: 51.0338s
	iters: 300, epoch: 6 | loss: 0.3517434
	speed: 0.0045s/iter; left time: 49.2261s
	iters: 400, epoch: 6 | loss: 1.3124260
	speed: 0.0044s/iter; left time: 48.3848s
	iters: 500, epoch: 6 | loss: 0.3914892
	speed: 0.0047s/iter; left time: 50.5140s
	iters: 600, epoch: 6 | loss: 0.3288805
	speed: 0.0044s/iter; left time: 47.0987s
	iters: 700, epoch: 6 | loss: 0.5158091
	speed: 0.0046s/iter; left time: 49.5545s
	iters: 800, epoch: 6 | loss: 0.4807222
	speed: 0.0045s/iter; left time: 47.0185s
	iters: 900, epoch: 6 | loss: 0.2910952
	speed: 0.0046s/iter; left time: 47.8149s
	iters: 1000, epoch: 6 | loss: 0.3569043
	speed: 0.0046s/iter; left time: 47.1623s
	iters: 1100, epoch: 6 | loss: 0.4131593
	speed: 0.0044s/iter; left time: 45.2992s
	iters: 1200, epoch: 6 | loss: 0.3482696
	speed: 0.0051s/iter; left time: 51.9736s
	iters: 1300, epoch: 6 | loss: 2.3421261
	speed: 0.0044s/iter; left time: 44.5806s
	iters: 1400, epoch: 6 | loss: 0.5954880
	speed: 0.0047s/iter; left time: 47.2888s
	iters: 1500, epoch: 6 | loss: 0.3020364
	speed: 0.0046s/iter; left time: 45.6719s
	iters: 1600, epoch: 6 | loss: 0.2974440
	speed: 0.0045s/iter; left time: 43.6333s
	iters: 1700, epoch: 6 | loss: 0.2786520
	speed: 0.0046s/iter; left time: 44.5431s
	iters: 1800, epoch: 6 | loss: 0.4908345
	speed: 0.0046s/iter; left time: 44.0008s
	iters: 1900, epoch: 6 | loss: 0.3673952
	speed: 0.0047s/iter; left time: 44.2661s
	iters: 2000, epoch: 6 | loss: 0.3083987
	speed: 0.0051s/iter; left time: 47.5685s
	iters: 2100, epoch: 6 | loss: 0.2836501
	speed: 0.0045s/iter; left time: 41.9326s
	iters: 2200, epoch: 6 | loss: 0.3992160
	speed: 0.0047s/iter; left time: 43.2658s
Epoch: 6 cost time: 11.077758550643921
Epoch: 6, Steps: 2272 | Train Loss: 0.5141828 Vali Loss: 0.5070627 Test Loss: 0.2166443
EarlyStopping counter: 1 out of 3
Updating learning rate to 3.125e-05
	iters: 100, epoch: 7 | loss: 0.3783075
	speed: 0.0631s/iter; left time: 567.0674s
	iters: 200, epoch: 7 | loss: 0.3098447
	speed: 0.0044s/iter; left time: 38.8610s
	iters: 300, epoch: 7 | loss: 1.3455833
	speed: 0.0045s/iter; left time: 39.1912s
	iters: 400, epoch: 7 | loss: 0.4060505
	speed: 0.0043s/iter; left time: 37.7310s
	iters: 500, epoch: 7 | loss: 0.4017056
	speed: 0.0045s/iter; left time: 39.0036s
	iters: 600, epoch: 7 | loss: 0.4595937
	speed: 0.0046s/iter; left time: 39.1161s
	iters: 700, epoch: 7 | loss: 0.3974441
	speed: 0.0044s/iter; left time: 36.9085s
	iters: 800, epoch: 7 | loss: 0.4649569
	speed: 0.0049s/iter; left time: 40.6926s
	iters: 900, epoch: 7 | loss: 0.4319925
	speed: 0.0049s/iter; left time: 39.9600s
	iters: 1000, epoch: 7 | loss: 0.3980653
	speed: 0.0045s/iter; left time: 36.2756s
	iters: 1100, epoch: 7 | loss: 0.3132108
	speed: 0.0050s/iter; left time: 39.9404s
	iters: 1200, epoch: 7 | loss: 0.3253448
	speed: 0.0054s/iter; left time: 42.4900s
	iters: 1300, epoch: 7 | loss: 0.3781053
	speed: 0.0046s/iter; left time: 35.7573s
	iters: 1400, epoch: 7 | loss: 0.3721625
	speed: 0.0043s/iter; left time: 32.7806s
	iters: 1500, epoch: 7 | loss: 0.3031896
	speed: 0.0042s/iter; left time: 32.2487s
	iters: 1600, epoch: 7 | loss: 0.4509633
	speed: 0.0044s/iter; left time: 33.1609s
	iters: 1700, epoch: 7 | loss: 0.5253366
	speed: 0.0046s/iter; left time: 33.9437s
	iters: 1800, epoch: 7 | loss: 0.4070650
	speed: 0.0046s/iter; left time: 33.2476s
	iters: 1900, epoch: 7 | loss: 0.4539068
	speed: 0.0043s/iter; left time: 31.1073s
	iters: 2000, epoch: 7 | loss: 0.4677721
	speed: 0.0042s/iter; left time: 29.8258s
	iters: 2100, epoch: 7 | loss: 0.6089990
	speed: 0.0042s/iter; left time: 29.5511s
	iters: 2200, epoch: 7 | loss: 0.3203921
	speed: 0.0041s/iter; left time: 28.5410s
Epoch: 7 cost time: 10.850156545639038
Epoch: 7, Steps: 2272 | Train Loss: 0.5122778 Vali Loss: 0.5064098 Test Loss: 0.2174292
EarlyStopping counter: 2 out of 3
Updating learning rate to 1.5625e-05
	iters: 100, epoch: 8 | loss: 0.4036801
	speed: 0.0640s/iter; left time: 429.5880s
	iters: 200, epoch: 8 | loss: 0.4339849
	speed: 0.0045s/iter; left time: 29.6787s
	iters: 300, epoch: 8 | loss: 0.3321384
	speed: 0.0045s/iter; left time: 29.3189s
	iters: 400, epoch: 8 | loss: 0.3342613
	speed: 0.0046s/iter; left time: 29.3459s
	iters: 500, epoch: 8 | loss: 0.3792729
	speed: 0.0044s/iter; left time: 27.6044s
	iters: 600, epoch: 8 | loss: 0.3991410
	speed: 0.0043s/iter; left time: 26.9593s
	iters: 700, epoch: 8 | loss: 0.3280996
	speed: 0.0044s/iter; left time: 26.6218s
	iters: 800, epoch: 8 | loss: 1.2947901
	speed: 0.0045s/iter; left time: 27.1169s
	iters: 900, epoch: 8 | loss: 0.3357314
	speed: 0.0046s/iter; left time: 27.0800s
	iters: 1000, epoch: 8 | loss: 0.4376360
	speed: 0.0045s/iter; left time: 26.3609s
	iters: 1100, epoch: 8 | loss: 0.3570167
	speed: 0.0045s/iter; left time: 25.7381s
	iters: 1200, epoch: 8 | loss: 0.3846581
	speed: 0.0044s/iter; left time: 24.7038s
	iters: 1300, epoch: 8 | loss: 1.3614631
	speed: 0.0044s/iter; left time: 24.2216s
	iters: 1400, epoch: 8 | loss: 0.5148776
	speed: 0.0044s/iter; left time: 23.6491s
	iters: 1500, epoch: 8 | loss: 0.4278747
	speed: 0.0045s/iter; left time: 24.1033s
	iters: 1600, epoch: 8 | loss: 1.3150272
	speed: 0.0044s/iter; left time: 23.0189s
	iters: 1700, epoch: 8 | loss: 0.3469659
	speed: 0.0045s/iter; left time: 23.2076s
	iters: 1800, epoch: 8 | loss: 0.2976289
	speed: 0.0044s/iter; left time: 22.2033s
	iters: 1900, epoch: 8 | loss: 0.5418018
	speed: 0.0047s/iter; left time: 23.0977s
	iters: 2000, epoch: 8 | loss: 0.3935780
	speed: 0.0045s/iter; left time: 21.7566s
	iters: 2100, epoch: 8 | loss: 0.3474243
	speed: 0.0044s/iter; left time: 20.8659s
	iters: 2200, epoch: 8 | loss: 0.2729998
	speed: 0.0044s/iter; left time: 20.4801s
Epoch: 8 cost time: 10.692708015441895
Epoch: 8, Steps: 2272 | Train Loss: 0.5113053 Vali Loss: 0.5073649 Test Loss: 0.2196885
EarlyStopping counter: 3 out of 3
Early stopping
>>>>>>>testing : weather_336_192_NLinear_custom_ftM_sl336_ll48_pl192_dm512_nh8_el2_dl1_df2048_fc1_ebtimeF_dtTrue_Exp_0<<<<<<<<<<<<<<<<<<<<<<<<<<<<<<<<<
test 10348
mse:0.21640466153621674, mae:0.2594805657863617
