Args in experiment:
Namespace(activation='gelu', batch_size=16, c_out=7, checkpoints='/spo/NewbornTime/tahir098/SVF/data/Extra/checkpoints/', d_ff=2048, d_layers=1, d_model=512, data='custom', data_path='traffic.csv', dec_in=7, des='Exp', devices='0,1,2,3', distil=True, do_predict=False, dropout=0.05, e_layers=2, embed='timeF', embed_type=0, enc_in=862, factor=1, features='M', freq='h', gpu=0, individual=False, is_training=1, itr=1, label_len=48, learning_rate=0.001, loss='mse', lradj='type1', model='NLinear', model_id='traffic_672_720', moving_avg=25, n_heads=8, num_workers=10, output_attention=False, patience=3, pred_len=720, root_path='./dataset/', seq_len=672, target='OT', test_flop=False, train_epochs=10, train_only=False, use_amp=False, use_gpu=True, use_multi_gpu=False)
Use GPU: cuda:0
>>>>>>>start training : traffic_672_720_NLinear_custom_ftM_sl672_ll48_pl720_dm512_nh8_el2_dl1_df2048_fc1_ebtimeF_dtTrue_Exp_0>>>>>>>>>>>>>>>>>>>>>>>>>>
train 10889
val 1037
test 2789
	iters: 100, epoch: 1 | loss: 0.3756706
	speed: 0.0797s/iter; left time: 533.9314s
	iters: 200, epoch: 1 | loss: 0.3260889
	speed: 0.0667s/iter; left time: 440.3021s
	iters: 300, epoch: 1 | loss: 0.3247231
	speed: 0.0714s/iter; left time: 464.2651s
	iters: 400, epoch: 1 | loss: 0.2989747
	speed: 0.0707s/iter; left time: 452.4513s
	iters: 500, epoch: 1 | loss: 0.2884475
	speed: 0.0686s/iter; left time: 432.1368s
	iters: 600, epoch: 1 | loss: 0.3115607
	speed: 0.0706s/iter; left time: 437.5237s
Epoch: 1 cost time: 48.279751777648926
Epoch: 1, Steps: 680 | Train Loss: 0.3488687 Vali Loss: 0.4163632 Test Loss: 0.4902970
Validation loss decreased (inf --> 0.416363).  Saving model ...
Updating learning rate to 0.001
	iters: 100, epoch: 2 | loss: 0.3079184
	speed: 0.5591s/iter; left time: 3366.6006s
	iters: 200, epoch: 2 | loss: 0.2861408
	speed: 0.0686s/iter; left time: 406.1009s
	iters: 300, epoch: 2 | loss: 0.2856794
	speed: 0.0675s/iter; left time: 392.7655s
	iters: 400, epoch: 2 | loss: 0.2938345
	speed: 0.0691s/iter; left time: 395.4306s
	iters: 500, epoch: 2 | loss: 0.2883402
	speed: 0.0684s/iter; left time: 384.3188s
	iters: 600, epoch: 2 | loss: 0.2746358
	speed: 0.0677s/iter; left time: 373.7706s
Epoch: 2 cost time: 47.51644515991211
Epoch: 2, Steps: 680 | Train Loss: 0.2888318 Vali Loss: 0.4008037 Test Loss: 0.4693657
Validation loss decreased (0.416363 --> 0.400804).  Saving model ...
Updating learning rate to 0.0005
	iters: 100, epoch: 3 | loss: 0.2970722
	speed: 0.5585s/iter; left time: 2983.2053s
	iters: 200, epoch: 3 | loss: 0.2777301
	speed: 0.0688s/iter; left time: 360.8382s
	iters: 300, epoch: 3 | loss: 0.3046024
	speed: 0.0710s/iter; left time: 365.1225s
	iters: 400, epoch: 3 | loss: 0.2763170
	speed: 0.0690s/iter; left time: 347.6378s
	iters: 500, epoch: 3 | loss: 0.2880623
	speed: 0.0687s/iter; left time: 339.2283s
	iters: 600, epoch: 3 | loss: 0.2966091
	speed: 0.0701s/iter; left time: 339.1371s
Epoch: 3 cost time: 48.46690893173218
Epoch: 3, Steps: 680 | Train Loss: 0.2789029 Vali Loss: 0.3944413 Test Loss: 0.4602290
Validation loss decreased (0.400804 --> 0.394441).  Saving model ...
Updating learning rate to 0.00025
	iters: 100, epoch: 4 | loss: 0.2714398
	speed: 0.5555s/iter; left time: 2589.2048s
	iters: 200, epoch: 4 | loss: 0.2617060
	speed: 0.0679s/iter; left time: 309.7851s
	iters: 300, epoch: 4 | loss: 0.2690807
	speed: 0.0691s/iter; left time: 308.2602s
	iters: 400, epoch: 4 | loss: 0.2784488
	speed: 0.0700s/iter; left time: 305.2584s
	iters: 500, epoch: 4 | loss: 0.2698430
	speed: 0.0682s/iter; left time: 290.5562s
	iters: 600, epoch: 4 | loss: 0.2774538
	speed: 0.0696s/iter; left time: 289.6174s
Epoch: 4 cost time: 47.72555947303772
Epoch: 4, Steps: 680 | Train Loss: 0.2751257 Vali Loss: 0.3919215 Test Loss: 0.4568254
Validation loss decreased (0.394441 --> 0.391921).  Saving model ...
Updating learning rate to 0.000125
	iters: 100, epoch: 5 | loss: 0.2728978
	speed: 0.5587s/iter; left time: 2224.2470s
	iters: 200, epoch: 5 | loss: 0.2700399
	speed: 0.0694s/iter; left time: 269.2957s
	iters: 300, epoch: 5 | loss: 0.2534536
	speed: 0.0694s/iter; left time: 262.2339s
	iters: 400, epoch: 5 | loss: 0.2706605
	speed: 0.0698s/iter; left time: 256.8696s
	iters: 500, epoch: 5 | loss: 0.2722895
	speed: 0.0693s/iter; left time: 248.2931s
	iters: 600, epoch: 5 | loss: 0.2813814
	speed: 0.0688s/iter; left time: 239.3233s
Epoch: 5 cost time: 48.33496594429016
Epoch: 5, Steps: 680 | Train Loss: 0.2732295 Vali Loss: 0.3892527 Test Loss: 0.4544581
Validation loss decreased (0.391921 --> 0.389253).  Saving model ...
Updating learning rate to 6.25e-05
	iters: 100, epoch: 6 | loss: 0.2854431
	speed: 0.5517s/iter; left time: 1821.1074s
	iters: 200, epoch: 6 | loss: 0.2670211
	speed: 0.0676s/iter; left time: 216.5239s
	iters: 300, epoch: 6 | loss: 0.2864269
	speed: 0.0688s/iter; left time: 213.3276s
	iters: 400, epoch: 6 | loss: 0.2749085
	speed: 0.0693s/iter; left time: 208.0289s
	iters: 500, epoch: 6 | loss: 0.2551839
	speed: 0.0687s/iter; left time: 199.1731s
	iters: 600, epoch: 6 | loss: 0.2491260
	speed: 0.0697s/iter; left time: 195.1895s
Epoch: 6 cost time: 47.44429540634155
Epoch: 6, Steps: 680 | Train Loss: 0.2722470 Vali Loss: 0.3883933 Test Loss: 0.4534321
Validation loss decreased (0.389253 --> 0.388393).  Saving model ...
Updating learning rate to 3.125e-05
	iters: 100, epoch: 7 | loss: 0.2824528
	speed: 0.5508s/iter; left time: 1443.5169s
	iters: 200, epoch: 7 | loss: 0.2439104
	speed: 0.0664s/iter; left time: 167.2879s
	iters: 300, epoch: 7 | loss: 0.2735290
	speed: 0.0699s/iter; left time: 169.2599s
	iters: 400, epoch: 7 | loss: 0.2678637
	speed: 0.0697s/iter; left time: 161.8889s
	iters: 500, epoch: 7 | loss: 0.2468920
	speed: 0.0691s/iter; left time: 153.3918s
	iters: 600, epoch: 7 | loss: 0.2704513
	speed: 0.0685s/iter; left time: 145.2409s
Epoch: 7 cost time: 47.66607451438904
Epoch: 7, Steps: 680 | Train Loss: 0.2716842 Vali Loss: 0.3873977 Test Loss: 0.4516601
Validation loss decreased (0.388393 --> 0.387398).  Saving model ...
Updating learning rate to 1.5625e-05
	iters: 100, epoch: 8 | loss: 0.2774553
	speed: 0.5563s/iter; left time: 1079.6939s
	iters: 200, epoch: 8 | loss: 0.2759739
	speed: 0.0701s/iter; left time: 129.0818s
	iters: 300, epoch: 8 | loss: 0.2803440
	speed: 0.0692s/iter; left time: 120.4430s
	iters: 400, epoch: 8 | loss: 0.2550821
	speed: 0.0706s/iter; left time: 115.8937s
	iters: 500, epoch: 8 | loss: 0.2519860
	speed: 0.0672s/iter; left time: 103.5259s
	iters: 600, epoch: 8 | loss: 0.2821782
	speed: 0.0670s/iter; left time: 96.5666s
Epoch: 8 cost time: 47.812989950180054
Epoch: 8, Steps: 680 | Train Loss: 0.2713732 Vali Loss: 0.3873951 Test Loss: 0.4513892
Validation loss decreased (0.387398 --> 0.387395).  Saving model ...
Updating learning rate to 7.8125e-06
	iters: 100, epoch: 9 | loss: 0.2665462
	speed: 0.5571s/iter; left time: 702.5658s
	iters: 200, epoch: 9 | loss: 0.2902550
	speed: 0.0717s/iter; left time: 83.2790s
	iters: 300, epoch: 9 | loss: 0.2758976
	speed: 0.0700s/iter; left time: 74.3115s
	iters: 400, epoch: 9 | loss: 0.2615708
	speed: 0.0687s/iter; left time: 66.0081s
	iters: 500, epoch: 9 | loss: 0.2696622
	speed: 0.0707s/iter; left time: 60.9107s
	iters: 600, epoch: 9 | loss: 0.2628708
	speed: 0.0702s/iter; left time: 53.3976s
Epoch: 9 cost time: 48.5730357170105
Epoch: 9, Steps: 680 | Train Loss: 0.2711943 Vali Loss: 0.3870889 Test Loss: 0.4512956
Validation loss decreased (0.387395 --> 0.387089).  Saving model ...
Updating learning rate to 3.90625e-06
	iters: 100, epoch: 10 | loss: 0.2650248
	speed: 0.5716s/iter; left time: 332.0964s
	iters: 200, epoch: 10 | loss: 0.2693872
	speed: 0.0696s/iter; left time: 33.4624s
	iters: 300, epoch: 10 | loss: 0.2637064
	speed: 0.0728s/iter; left time: 27.7359s
	iters: 400, epoch: 10 | loss: 0.2593858
	speed: 0.0705s/iter; left time: 19.8000s
	iters: 500, epoch: 10 | loss: 0.2568869
	speed: 0.0711s/iter; left time: 12.8610s
	iters: 600, epoch: 10 | loss: 0.2812007
	speed: 0.0700s/iter; left time: 5.6669s
Epoch: 10 cost time: 49.23198461532593
Epoch: 10, Steps: 680 | Train Loss: 0.2710727 Vali Loss: 0.3867918 Test Loss: 0.4514171
Validation loss decreased (0.387089 --> 0.386792).  Saving model ...
Updating learning rate to 1.953125e-06
>>>>>>>testing : traffic_672_720_NLinear_custom_ftM_sl672_ll48_pl720_dm512_nh8_el2_dl1_df2048_fc1_ebtimeF_dtTrue_Exp_0<<<<<<<<<<<<<<<<<<<<<<<<<<<<<<<<<
test 2789
mse:0.4512389004230499, mae:0.3039260506629944
