Args in experiment:
Namespace(activation='gelu', batch_size=16, c_out=7, checkpoints='/spo/NewbornTime/tahir098/SVF/data/Extra/checkpoints/', d_ff=2048, d_layers=1, d_model=512, data='custom', data_path='weather.csv', dec_in=7, des='Exp', devices='0,1,2,3', distil=True, do_predict=False, dropout=0.05, e_layers=2, embed='timeF', embed_type=0, enc_in=21, factor=1, features='M', freq='h', gpu=0, individual=False, is_training=1, itr=1, label_len=48, learning_rate=0.001, loss='mse', lradj='type1', model='GLinear', model_id='weather_720_24', moving_avg=25, n_heads=8, num_workers=10, output_attention=False, patience=3, pred_len=24, root_path='./dataset/', seq_len=720, target='OT', test_flop=False, train_epochs=10, train_only=False, use_amp=False, use_gpu=True, use_multi_gpu=False)
Use GPU: cuda:0
>>>>>>>start training : weather_720_24_GLinear_custom_ftM_sl720_ll48_pl24_dm512_nh8_el2_dl1_df2048_fc1_ebtimeF_dtTrue_Exp_0>>>>>>>>>>>>>>>>>>>>>>>>>>
train 36144
val 5247
test 10516
	iters: 100, epoch: 1 | loss: 0.3076498
	speed: 0.0105s/iter; left time: 236.8865s
	iters: 200, epoch: 1 | loss: 0.2584528
	speed: 0.0052s/iter; left time: 115.8980s
	iters: 300, epoch: 1 | loss: 0.2983445
	speed: 0.0053s/iter; left time: 119.0615s
	iters: 400, epoch: 1 | loss: 0.3889914
	speed: 0.0050s/iter; left time: 110.6986s
	iters: 500, epoch: 1 | loss: 0.1426366
	speed: 0.0053s/iter; left time: 116.6380s
	iters: 600, epoch: 1 | loss: 0.2116950
	speed: 0.0052s/iter; left time: 114.1760s
	iters: 700, epoch: 1 | loss: 0.2258514
	speed: 0.0050s/iter; left time: 108.6243s
	iters: 800, epoch: 1 | loss: 0.1393136
	speed: 0.0051s/iter; left time: 111.4311s
	iters: 900, epoch: 1 | loss: 0.2116204
	speed: 0.0049s/iter; left time: 107.2025s
	iters: 1000, epoch: 1 | loss: 0.1779426
	speed: 0.0049s/iter; left time: 106.3504s
	iters: 1100, epoch: 1 | loss: 0.1612983
	speed: 0.0049s/iter; left time: 106.3657s
	iters: 1200, epoch: 1 | loss: 0.2458819
	speed: 0.0049s/iter; left time: 104.5751s
	iters: 1300, epoch: 1 | loss: 0.1857048
	speed: 0.0053s/iter; left time: 112.7019s
	iters: 1400, epoch: 1 | loss: 0.1548085
	speed: 0.0053s/iter; left time: 113.2282s
	iters: 1500, epoch: 1 | loss: 0.2811962
	speed: 0.0053s/iter; left time: 111.3575s
	iters: 1600, epoch: 1 | loss: 0.1815882
	speed: 0.0053s/iter; left time: 110.3260s
	iters: 1700, epoch: 1 | loss: 0.1479795
	speed: 0.0050s/iter; left time: 105.2853s
	iters: 1800, epoch: 1 | loss: 0.2285707
	speed: 0.0050s/iter; left time: 103.1851s
	iters: 1900, epoch: 1 | loss: 0.3471226
	speed: 0.0050s/iter; left time: 103.8645s
	iters: 2000, epoch: 1 | loss: 0.1165041
	speed: 0.0050s/iter; left time: 103.8209s
	iters: 2100, epoch: 1 | loss: 0.5260668
	speed: 0.0047s/iter; left time: 96.6533s
	iters: 2200, epoch: 1 | loss: 0.2220061
	speed: 0.0049s/iter; left time: 100.7312s
Epoch: 1 cost time: 12.114704608917236
Epoch: 1, Steps: 2259 | Train Loss: 0.3369072 Vali Loss: 0.2862399 Test Loss: 0.1103752
Validation loss decreased (inf --> 0.286240).  Saving model ...
Updating learning rate to 0.001
	iters: 100, epoch: 2 | loss: 0.7383514
	speed: 0.0648s/iter; left time: 1311.6966s
	iters: 200, epoch: 2 | loss: 0.1394918
	speed: 0.0051s/iter; left time: 103.6407s
	iters: 300, epoch: 2 | loss: 5.5939379
	speed: 0.0049s/iter; left time: 98.7601s
	iters: 400, epoch: 2 | loss: 0.2386985
	speed: 0.0049s/iter; left time: 98.0281s
	iters: 500, epoch: 2 | loss: 0.1758983
	speed: 0.0048s/iter; left time: 95.3538s
	iters: 600, epoch: 2 | loss: 0.2924733
	speed: 0.0051s/iter; left time: 100.3913s
	iters: 700, epoch: 2 | loss: 0.2244930
	speed: 0.0050s/iter; left time: 98.3627s
	iters: 800, epoch: 2 | loss: 0.1565282
	speed: 0.0050s/iter; left time: 96.8399s
	iters: 900, epoch: 2 | loss: 0.1430722
	speed: 0.0051s/iter; left time: 98.2409s
	iters: 1000, epoch: 2 | loss: 0.2141561
	speed: 0.0051s/iter; left time: 97.7352s
	iters: 1100, epoch: 2 | loss: 0.1333622
	speed: 0.0051s/iter; left time: 98.4405s
	iters: 1200, epoch: 2 | loss: 0.3214969
	speed: 0.0052s/iter; left time: 99.5914s
	iters: 1300, epoch: 2 | loss: 0.1253687
	speed: 0.0052s/iter; left time: 98.7527s
	iters: 1400, epoch: 2 | loss: 0.1276757
	speed: 0.0051s/iter; left time: 96.2788s
	iters: 1500, epoch: 2 | loss: 0.3030101
	speed: 0.0051s/iter; left time: 95.5862s
	iters: 1600, epoch: 2 | loss: 0.2107970
	speed: 0.0048s/iter; left time: 90.3178s
	iters: 1700, epoch: 2 | loss: 0.1426221
	speed: 0.0051s/iter; left time: 95.0578s
	iters: 1800, epoch: 2 | loss: 1.5495446
	speed: 0.0052s/iter; left time: 95.5591s
	iters: 1900, epoch: 2 | loss: 0.1844421
	speed: 0.0050s/iter; left time: 91.5228s
	iters: 2000, epoch: 2 | loss: 0.2000743
	speed: 0.0050s/iter; left time: 91.5850s
	iters: 2100, epoch: 2 | loss: 0.5878458
	speed: 0.0050s/iter; left time: 91.7277s
	iters: 2200, epoch: 2 | loss: 1.5679307
	speed: 0.0051s/iter; left time: 92.7170s
Epoch: 2 cost time: 12.115739107131958
Epoch: 2, Steps: 2259 | Train Loss: 0.3134220 Vali Loss: 0.2730123 Test Loss: 0.1049339
Validation loss decreased (0.286240 --> 0.273012).  Saving model ...
Updating learning rate to 0.0005
	iters: 100, epoch: 3 | loss: 0.3733882
	speed: 0.0629s/iter; left time: 1130.4186s
	iters: 200, epoch: 3 | loss: 0.3855335
	speed: 0.0049s/iter; left time: 88.0037s
	iters: 300, epoch: 3 | loss: 0.1848331
	speed: 0.0053s/iter; left time: 94.4236s
	iters: 400, epoch: 3 | loss: 0.2019587
	speed: 0.0048s/iter; left time: 84.3955s
	iters: 500, epoch: 3 | loss: 0.7959585
	speed: 0.0047s/iter; left time: 81.7781s
	iters: 600, epoch: 3 | loss: 0.1762238
	speed: 0.0046s/iter; left time: 80.2936s
	iters: 700, epoch: 3 | loss: 6.0105247
	speed: 0.0046s/iter; left time: 80.6540s
	iters: 800, epoch: 3 | loss: 0.1325160
	speed: 0.0046s/iter; left time: 79.8179s
	iters: 900, epoch: 3 | loss: 0.1252172
	speed: 0.0047s/iter; left time: 81.2819s
	iters: 1000, epoch: 3 | loss: 0.2635030
	speed: 0.0050s/iter; left time: 84.5169s
	iters: 1100, epoch: 3 | loss: 0.0777078
	speed: 0.0052s/iter; left time: 88.4517s
	iters: 1200, epoch: 3 | loss: 0.0987261
	speed: 0.0050s/iter; left time: 84.1241s
	iters: 1300, epoch: 3 | loss: 0.1752660
	speed: 0.0051s/iter; left time: 86.0714s
	iters: 1400, epoch: 3 | loss: 0.1380704
	speed: 0.0047s/iter; left time: 79.0095s
	iters: 1500, epoch: 3 | loss: 0.1449748
	speed: 0.0049s/iter; left time: 80.7776s
	iters: 1600, epoch: 3 | loss: 0.1771607
	speed: 0.0050s/iter; left time: 82.9840s
	iters: 1700, epoch: 3 | loss: 0.1255424
	speed: 0.0048s/iter; left time: 78.6018s
	iters: 1800, epoch: 3 | loss: 0.3819082
	speed: 0.0050s/iter; left time: 81.5726s
	iters: 1900, epoch: 3 | loss: 0.1600677
	speed: 0.0054s/iter; left time: 87.2564s
	iters: 2000, epoch: 3 | loss: 0.1272282
	speed: 0.0055s/iter; left time: 87.7252s
	iters: 2100, epoch: 3 | loss: 0.1232105
	speed: 0.0055s/iter; left time: 87.7538s
	iters: 2200, epoch: 3 | loss: 0.1728933
	speed: 0.0053s/iter; left time: 84.6923s
Epoch: 3 cost time: 11.88916540145874
Epoch: 3, Steps: 2259 | Train Loss: 0.2927190 Vali Loss: 0.2815214 Test Loss: 0.1041683
EarlyStopping counter: 1 out of 3
Updating learning rate to 0.00025
	iters: 100, epoch: 4 | loss: 0.1032558
	speed: 0.0647s/iter; left time: 1016.1188s
	iters: 200, epoch: 4 | loss: 1.7599227
	speed: 0.0052s/iter; left time: 81.6729s
	iters: 300, epoch: 4 | loss: 0.1406168
	speed: 0.0052s/iter; left time: 80.9706s
	iters: 400, epoch: 4 | loss: 0.1210494
	speed: 0.0051s/iter; left time: 78.0977s
	iters: 500, epoch: 4 | loss: 0.1835422
	speed: 0.0052s/iter; left time: 79.8761s
	iters: 600, epoch: 4 | loss: 0.1741207
	speed: 0.0051s/iter; left time: 78.0337s
	iters: 700, epoch: 4 | loss: 0.1171087
	speed: 0.0046s/iter; left time: 69.4550s
	iters: 800, epoch: 4 | loss: 0.7228454
	speed: 0.0045s/iter; left time: 67.5095s
	iters: 900, epoch: 4 | loss: 0.1334947
	speed: 0.0045s/iter; left time: 67.0489s
	iters: 1000, epoch: 4 | loss: 0.0908434
	speed: 0.0046s/iter; left time: 67.6234s
	iters: 1100, epoch: 4 | loss: 0.2345357
	speed: 0.0047s/iter; left time: 69.0205s
	iters: 1200, epoch: 4 | loss: 0.1145576
	speed: 0.0050s/iter; left time: 72.4146s
	iters: 1300, epoch: 4 | loss: 0.1501410
	speed: 0.0051s/iter; left time: 73.3615s
	iters: 1400, epoch: 4 | loss: 0.2247316
	speed: 0.0050s/iter; left time: 72.3214s
	iters: 1500, epoch: 4 | loss: 0.1369845
	speed: 0.0050s/iter; left time: 71.8269s
	iters: 1600, epoch: 4 | loss: 0.4371307
	speed: 0.0053s/iter; left time: 75.1247s
	iters: 1700, epoch: 4 | loss: 0.2139851
	speed: 0.0050s/iter; left time: 71.0697s
	iters: 1800, epoch: 4 | loss: 0.1742588
	speed: 0.0050s/iter; left time: 70.3580s
	iters: 1900, epoch: 4 | loss: 0.3141725
	speed: 0.0050s/iter; left time: 69.3559s
	iters: 2000, epoch: 4 | loss: 0.1660989
	speed: 0.0046s/iter; left time: 63.8817s
	iters: 2100, epoch: 4 | loss: 0.1122126
	speed: 0.0048s/iter; left time: 65.5670s
	iters: 2200, epoch: 4 | loss: 0.1178251
	speed: 0.0049s/iter; left time: 66.1703s
Epoch: 4 cost time: 11.808222532272339
Epoch: 4, Steps: 2259 | Train Loss: 0.2811906 Vali Loss: 0.2646870 Test Loss: 0.0963799
Validation loss decreased (0.273012 --> 0.264687).  Saving model ...
Updating learning rate to 0.000125
	iters: 100, epoch: 5 | loss: 0.1194615
	speed: 0.0623s/iter; left time: 837.7545s
	iters: 200, epoch: 5 | loss: 0.1457015
	speed: 0.0048s/iter; left time: 64.1553s
	iters: 300, epoch: 5 | loss: 0.0952762
	speed: 0.0049s/iter; left time: 64.4624s
	iters: 400, epoch: 5 | loss: 0.2490022
	speed: 0.0048s/iter; left time: 63.1905s
	iters: 500, epoch: 5 | loss: 0.2347467
	speed: 0.0051s/iter; left time: 66.1186s
	iters: 600, epoch: 5 | loss: 0.2499823
	speed: 0.0048s/iter; left time: 61.7079s
	iters: 700, epoch: 5 | loss: 0.6288693
	speed: 0.0047s/iter; left time: 61.0104s
	iters: 800, epoch: 5 | loss: 0.3088920
	speed: 0.0048s/iter; left time: 60.9685s
	iters: 900, epoch: 5 | loss: 0.1435378
	speed: 0.0049s/iter; left time: 62.3394s
	iters: 1000, epoch: 5 | loss: 0.1545451
	speed: 0.0050s/iter; left time: 62.5007s
	iters: 1100, epoch: 5 | loss: 0.1008843
	speed: 0.0053s/iter; left time: 65.8166s
	iters: 1200, epoch: 5 | loss: 0.1340764
	speed: 0.0050s/iter; left time: 61.5285s
	iters: 1300, epoch: 5 | loss: 0.5335007
	speed: 0.0048s/iter; left time: 58.2822s
	iters: 1400, epoch: 5 | loss: 0.0933532
	speed: 0.0050s/iter; left time: 60.9257s
	iters: 1500, epoch: 5 | loss: 0.5566320
	speed: 0.0050s/iter; left time: 60.3108s
	iters: 1600, epoch: 5 | loss: 0.1331495
	speed: 0.0053s/iter; left time: 63.2141s
	iters: 1700, epoch: 5 | loss: 0.1329371
	speed: 0.0047s/iter; left time: 56.0713s
	iters: 1800, epoch: 5 | loss: 0.1207631
	speed: 0.0045s/iter; left time: 53.3238s
	iters: 1900, epoch: 5 | loss: 0.1098631
	speed: 0.0047s/iter; left time: 54.7219s
	iters: 2000, epoch: 5 | loss: 0.2893833
	speed: 0.0049s/iter; left time: 56.6437s
	iters: 2100, epoch: 5 | loss: 0.2944253
	speed: 0.0052s/iter; left time: 59.7409s
	iters: 2200, epoch: 5 | loss: 0.1055737
	speed: 0.0049s/iter; left time: 56.0884s
Epoch: 5 cost time: 11.720429420471191
Epoch: 5, Steps: 2259 | Train Loss: 0.2703507 Vali Loss: 0.2643666 Test Loss: 0.0959702
Validation loss decreased (0.264687 --> 0.264367).  Saving model ...
Updating learning rate to 6.25e-05
	iters: 100, epoch: 6 | loss: 0.0916925
	speed: 0.0640s/iter; left time: 716.6110s
	iters: 200, epoch: 6 | loss: 0.1057436
	speed: 0.0050s/iter; left time: 55.5103s
	iters: 300, epoch: 6 | loss: 0.1145954
	speed: 0.0051s/iter; left time: 56.3856s
	iters: 400, epoch: 6 | loss: 0.1944124
	speed: 0.0049s/iter; left time: 53.4104s
	iters: 500, epoch: 6 | loss: 1.2358934
	speed: 0.0051s/iter; left time: 54.5502s
	iters: 600, epoch: 6 | loss: 0.1185994
	speed: 0.0052s/iter; left time: 55.1174s
	iters: 700, epoch: 6 | loss: 0.1498783
	speed: 0.0050s/iter; left time: 53.2537s
	iters: 800, epoch: 6 | loss: 0.1120576
	speed: 0.0052s/iter; left time: 54.0709s
	iters: 900, epoch: 6 | loss: 0.0778490
	speed: 0.0050s/iter; left time: 52.3011s
	iters: 1000, epoch: 6 | loss: 0.4696177
	speed: 0.0054s/iter; left time: 55.2507s
	iters: 1100, epoch: 6 | loss: 0.1671737
	speed: 0.0053s/iter; left time: 53.5381s
	iters: 1200, epoch: 6 | loss: 1.0329431
	speed: 0.0053s/iter; left time: 53.7554s
	iters: 1300, epoch: 6 | loss: 0.1246900
	speed: 0.0054s/iter; left time: 53.6605s
	iters: 1400, epoch: 6 | loss: 0.0836333
	speed: 0.0054s/iter; left time: 53.0722s
	iters: 1500, epoch: 6 | loss: 0.1279664
	speed: 0.0052s/iter; left time: 50.6267s
	iters: 1600, epoch: 6 | loss: 1.4060411
	speed: 0.0050s/iter; left time: 48.8288s
	iters: 1700, epoch: 6 | loss: 0.1062087
	speed: 0.0052s/iter; left time: 50.0694s
	iters: 1800, epoch: 6 | loss: 0.7859589
	speed: 0.0049s/iter; left time: 46.6495s
	iters: 1900, epoch: 6 | loss: 0.2522101
	speed: 0.0048s/iter; left time: 45.1181s
	iters: 2000, epoch: 6 | loss: 0.1344899
	speed: 0.0048s/iter; left time: 45.0526s
	iters: 2100, epoch: 6 | loss: 0.1765870
	speed: 0.0050s/iter; left time: 46.1660s
	iters: 2200, epoch: 6 | loss: 0.1448912
	speed: 0.0050s/iter; left time: 45.6160s
Epoch: 6 cost time: 12.204151391983032
Epoch: 6, Steps: 2259 | Train Loss: 0.2626561 Vali Loss: 0.2647841 Test Loss: 0.0965601
EarlyStopping counter: 1 out of 3
Updating learning rate to 3.125e-05
	iters: 100, epoch: 7 | loss: 0.1456128
	speed: 0.0619s/iter; left time: 553.1220s
	iters: 200, epoch: 7 | loss: 0.2075500
	speed: 0.0050s/iter; left time: 44.5344s
	iters: 300, epoch: 7 | loss: 1.3195535
	speed: 0.0050s/iter; left time: 43.9695s
	iters: 400, epoch: 7 | loss: 0.1235715
	speed: 0.0051s/iter; left time: 44.1629s
	iters: 500, epoch: 7 | loss: 0.1812767
	speed: 0.0050s/iter; left time: 42.6003s
	iters: 600, epoch: 7 | loss: 0.1728721
	speed: 0.0050s/iter; left time: 42.4700s
	iters: 700, epoch: 7 | loss: 0.2243226
	speed: 0.0054s/iter; left time: 45.1591s
	iters: 800, epoch: 7 | loss: 0.0740936
	speed: 0.0051s/iter; left time: 42.0040s
	iters: 900, epoch: 7 | loss: 0.0827060
	speed: 0.0049s/iter; left time: 40.0379s
	iters: 1000, epoch: 7 | loss: 0.1283542
	speed: 0.0052s/iter; left time: 41.8824s
	iters: 1100, epoch: 7 | loss: 0.1752446
	speed: 0.0051s/iter; left time: 40.0939s
	iters: 1200, epoch: 7 | loss: 0.1626152
	speed: 0.0052s/iter; left time: 40.5361s
	iters: 1300, epoch: 7 | loss: 0.5101011
	speed: 0.0054s/iter; left time: 41.4515s
	iters: 1400, epoch: 7 | loss: 0.1539683
	speed: 0.0050s/iter; left time: 38.0149s
	iters: 1500, epoch: 7 | loss: 1.0464926
	speed: 0.0050s/iter; left time: 37.4201s
	iters: 1600, epoch: 7 | loss: 0.1237226
	speed: 0.0050s/iter; left time: 37.1567s
	iters: 1700, epoch: 7 | loss: 0.1490738
	speed: 0.0050s/iter; left time: 36.3737s
	iters: 1800, epoch: 7 | loss: 0.2129831
	speed: 0.0050s/iter; left time: 36.3334s
	iters: 1900, epoch: 7 | loss: 0.1105235
	speed: 0.0051s/iter; left time: 36.5761s
	iters: 2000, epoch: 7 | loss: 0.2356277
	speed: 0.0050s/iter; left time: 35.3694s
	iters: 2100, epoch: 7 | loss: 0.1958218
	speed: 0.0052s/iter; left time: 35.7724s
	iters: 2200, epoch: 7 | loss: 0.1387997
	speed: 0.0054s/iter; left time: 36.5894s
Epoch: 7 cost time: 12.171381950378418
Epoch: 7, Steps: 2259 | Train Loss: 0.2580531 Vali Loss: 0.2655186 Test Loss: 0.0968596
EarlyStopping counter: 2 out of 3
Updating learning rate to 1.5625e-05
	iters: 100, epoch: 8 | loss: 0.1821477
	speed: 0.0673s/iter; left time: 449.2015s
	iters: 200, epoch: 8 | loss: 0.2060322
	speed: 0.0052s/iter; left time: 33.9503s
	iters: 300, epoch: 8 | loss: 0.1133931
	speed: 0.0051s/iter; left time: 33.3354s
	iters: 400, epoch: 8 | loss: 0.3536190
	speed: 0.0053s/iter; left time: 33.7143s
	iters: 500, epoch: 8 | loss: 0.1404833
	speed: 0.0051s/iter; left time: 32.1077s
	iters: 600, epoch: 8 | loss: 0.2797931
	speed: 0.0053s/iter; left time: 32.9544s
	iters: 700, epoch: 8 | loss: 0.2418192
	speed: 0.0054s/iter; left time: 32.5319s
	iters: 800, epoch: 8 | loss: 0.1796195
	speed: 0.0054s/iter; left time: 32.2002s
	iters: 900, epoch: 8 | loss: 0.1218679
	speed: 0.0054s/iter; left time: 31.6449s
	iters: 1000, epoch: 8 | loss: 0.3291391
	speed: 0.0052s/iter; left time: 29.8622s
	iters: 1100, epoch: 8 | loss: 0.1537764
	speed: 0.0048s/iter; left time: 27.3877s
	iters: 1200, epoch: 8 | loss: 0.1155164
	speed: 0.0053s/iter; left time: 29.5514s
	iters: 1300, epoch: 8 | loss: 0.1129055
	speed: 0.0052s/iter; left time: 28.3971s
	iters: 1400, epoch: 8 | loss: 0.3036248
	speed: 0.0054s/iter; left time: 28.8904s
	iters: 1500, epoch: 8 | loss: 0.2430483
	speed: 0.0051s/iter; left time: 26.7766s
	iters: 1600, epoch: 8 | loss: 0.0994480
	speed: 0.0054s/iter; left time: 27.7562s
	iters: 1700, epoch: 8 | loss: 0.1668287
	speed: 0.0051s/iter; left time: 26.1370s
	iters: 1800, epoch: 8 | loss: 0.1447116
	speed: 0.0051s/iter; left time: 25.3340s
	iters: 1900, epoch: 8 | loss: 0.0628094
	speed: 0.0053s/iter; left time: 25.9701s
	iters: 2000, epoch: 8 | loss: 0.2355826
	speed: 0.0050s/iter; left time: 24.1205s
	iters: 2100, epoch: 8 | loss: 0.1091015
	speed: 0.0052s/iter; left time: 24.5532s
	iters: 2200, epoch: 8 | loss: 0.0979991
	speed: 0.0052s/iter; left time: 23.8804s
Epoch: 8 cost time: 12.52741551399231
Epoch: 8, Steps: 2259 | Train Loss: 0.2555369 Vali Loss: 0.2671528 Test Loss: 0.0972222
EarlyStopping counter: 3 out of 3
Early stopping
>>>>>>>testing : weather_720_24_GLinear_custom_ftM_sl720_ll48_pl24_dm512_nh8_el2_dl1_df2048_fc1_ebtimeF_dtTrue_Exp_0<<<<<<<<<<<<<<<<<<<<<<<<<<<<<<<<<
test 10516
mse:0.09607033431529999, mae:0.13236822187900543
