Args in experiment:
Namespace(activation='gelu', batch_size=8, c_out=7, checkpoints='/spo/NewbornTime/tahir098/SVF/data/Extra/checkpoints/', d_ff=2048, d_layers=1, d_model=512, data='ETTh1', data_path='ETTh1.csv', dec_in=7, des='Exp', devices='0,1,2,3', distil=True, do_predict=False, dropout=0.05, e_layers=2, embed='timeF', embed_type=0, enc_in=7, factor=1, features='M', freq='h', gpu=0, individual=False, is_training=1, itr=1, label_len=48, learning_rate=0.001, loss='mse', lradj='type1', model='DNGRevLinear', model_id='ETTh1_336_192', moving_avg=25, n_heads=8, num_workers=10, output_attention=False, patience=3, pred_len=192, root_path='./dataset/', seq_len=336, target='OT', test_flop=False, train_epochs=10, train_only=False, use_amp=False, use_gpu=True, use_multi_gpu=False)
Use GPU: cuda:0
>>>>>>>start training : ETTh1_336_192_DNGRevLinear_ETTh1_ftM_sl336_ll48_pl192_dm512_nh8_el2_dl1_df2048_fc1_ebtimeF_dtTrue_Exp_0>>>>>>>>>>>>>>>>>>>>>>>>>>
train 8113
val 2689
test 2689
	iters: 100, epoch: 1 | loss: 0.3653647
	speed: 0.0205s/iter; left time: 205.7338s
	iters: 200, epoch: 1 | loss: 0.3495571
	speed: 0.0154s/iter; left time: 153.2586s
	iters: 300, epoch: 1 | loss: 0.3577920
	speed: 0.0160s/iter; left time: 157.8041s
	iters: 400, epoch: 1 | loss: 0.3569264
	speed: 0.0167s/iter; left time: 162.6893s
	iters: 500, epoch: 1 | loss: 0.4407033
	speed: 0.0160s/iter; left time: 154.3112s
	iters: 600, epoch: 1 | loss: 0.3837070
	speed: 0.0157s/iter; left time: 149.6635s
	iters: 700, epoch: 1 | loss: 0.3978570
	speed: 0.0156s/iter; left time: 147.2208s
	iters: 800, epoch: 1 | loss: 0.3075579
	speed: 0.0156s/iter; left time: 145.6515s
	iters: 900, epoch: 1 | loss: 0.3972958
	speed: 0.0157s/iter; left time: 145.3163s
	iters: 1000, epoch: 1 | loss: 0.3829233
	speed: 0.0157s/iter; left time: 143.1600s
Epoch: 1 cost time: 16.595187664031982
Epoch: 1, Steps: 1014 | Train Loss: 0.3932601 Vali Loss: 0.9952301 Test Loss: 0.4397530
Validation loss decreased (inf --> 0.995230).  Saving model ...
Updating learning rate to 0.001
	iters: 100, epoch: 2 | loss: 0.3647164
	speed: 0.0727s/iter; left time: 656.0766s
	iters: 200, epoch: 2 | loss: 0.3071667
	speed: 0.0169s/iter; left time: 151.1736s
	iters: 300, epoch: 2 | loss: 0.3783401
	speed: 0.0162s/iter; left time: 142.7976s
	iters: 400, epoch: 2 | loss: 0.4670956
	speed: 0.0160s/iter; left time: 139.4623s
	iters: 500, epoch: 2 | loss: 0.5268968
	speed: 0.0163s/iter; left time: 140.2027s
	iters: 600, epoch: 2 | loss: 0.3670381
	speed: 0.0156s/iter; left time: 133.1239s
	iters: 700, epoch: 2 | loss: 0.3755258
	speed: 0.0156s/iter; left time: 131.2183s
	iters: 800, epoch: 2 | loss: 0.3338062
	speed: 0.0155s/iter; left time: 129.1325s
	iters: 900, epoch: 2 | loss: 0.2867805
	speed: 0.0155s/iter; left time: 127.6521s
	iters: 1000, epoch: 2 | loss: 0.3422333
	speed: 0.0158s/iter; left time: 128.2491s
Epoch: 2 cost time: 16.75143837928772
Epoch: 2, Steps: 1014 | Train Loss: 0.3683881 Vali Loss: 1.0170046 Test Loss: 0.4531462
EarlyStopping counter: 1 out of 3
Updating learning rate to 0.0005
	iters: 100, epoch: 3 | loss: 0.2639934
	speed: 0.0703s/iter; left time: 563.0682s
	iters: 200, epoch: 3 | loss: 0.3647436
	speed: 0.0162s/iter; left time: 127.8082s
	iters: 300, epoch: 3 | loss: 0.3220099
	speed: 0.0162s/iter; left time: 126.6426s
	iters: 400, epoch: 3 | loss: 0.4263617
	speed: 0.0168s/iter; left time: 129.6768s
	iters: 500, epoch: 3 | loss: 0.2892835
	speed: 0.0162s/iter; left time: 123.4252s
	iters: 600, epoch: 3 | loss: 0.3537296
	speed: 0.0148s/iter; left time: 111.2830s
	iters: 700, epoch: 3 | loss: 0.3373855
	speed: 0.0148s/iter; left time: 109.9894s
	iters: 800, epoch: 3 | loss: 0.3036462
	speed: 0.0148s/iter; left time: 108.2853s
	iters: 900, epoch: 3 | loss: 0.3676026
	speed: 0.0149s/iter; left time: 107.7476s
	iters: 1000, epoch: 3 | loss: 0.3080428
	speed: 0.0151s/iter; left time: 107.5155s
Epoch: 3 cost time: 16.364442348480225
Epoch: 3, Steps: 1014 | Train Loss: 0.3384421 Vali Loss: 1.0345281 Test Loss: 0.4389501
EarlyStopping counter: 2 out of 3
Updating learning rate to 0.00025
	iters: 100, epoch: 4 | loss: 0.2795651
	speed: 0.0695s/iter; left time: 486.2706s
	iters: 200, epoch: 4 | loss: 0.2892542
	speed: 0.0156s/iter; left time: 107.4379s
	iters: 300, epoch: 4 | loss: 0.3377727
	speed: 0.0155s/iter; left time: 105.6262s
	iters: 400, epoch: 4 | loss: 0.2690066
	speed: 0.0160s/iter; left time: 107.2786s
	iters: 500, epoch: 4 | loss: 0.4204723
	speed: 0.0155s/iter; left time: 102.5045s
	iters: 600, epoch: 4 | loss: 0.3198912
	speed: 0.0151s/iter; left time: 97.9421s
	iters: 700, epoch: 4 | loss: 0.3757168
	speed: 0.0149s/iter; left time: 95.2698s
	iters: 800, epoch: 4 | loss: 0.3099535
	speed: 0.0147s/iter; left time: 92.7184s
	iters: 900, epoch: 4 | loss: 0.3040246
	speed: 0.0150s/iter; left time: 93.0768s
	iters: 1000, epoch: 4 | loss: 0.2973764
	speed: 0.0147s/iter; left time: 89.9507s
Epoch: 4 cost time: 16.033284187316895
Epoch: 4, Steps: 1014 | Train Loss: 0.3196407 Vali Loss: 1.0293592 Test Loss: 0.4422511
EarlyStopping counter: 3 out of 3
Early stopping
>>>>>>>testing : ETTh1_336_192_DNGRevLinear_ETTh1_ftM_sl336_ll48_pl192_dm512_nh8_el2_dl1_df2048_fc1_ebtimeF_dtTrue_Exp_0<<<<<<<<<<<<<<<<<<<<<<<<<<<<<<<<<
test 2689
mse:0.4397064447402954, mae:0.4410746693611145
