Args in experiment:
Namespace(activation='gelu', batch_size=8, c_out=7, checkpoints='/spo/NewbornTime/tahir098/SVF/data/Extra/checkpoints/', d_ff=2048, d_layers=1, d_model=512, data='ETTh1', data_path='ETTh1.csv', dec_in=7, des='Exp', devices='0,1,2,3', distil=True, do_predict=False, dropout=0.05, e_layers=2, embed='timeF', embed_type=0, enc_in=7, factor=1, features='M', freq='h', gpu=0, individual=False, is_training=1, itr=1, label_len=48, learning_rate=0.001, loss='mse', lradj='type1', model='GRevagLinear', model_id='ETTh1_72_720', moving_avg=25, n_heads=8, num_workers=10, output_attention=False, patience=3, pred_len=720, root_path='./dataset/', seq_len=72, target='OT', test_flop=False, train_epochs=10, train_only=False, use_amp=False, use_gpu=True, use_multi_gpu=False)
Use GPU: cuda:0
>>>>>>>start training : ETTh1_72_720_GRevagLinear_ETTh1_ftM_sl72_ll48_pl720_dm512_nh8_el2_dl1_df2048_fc1_ebtimeF_dtTrue_Exp_0>>>>>>>>>>>>>>>>>>>>>>>>>>
train 7849
val 2161
test 2161
	iters: 100, epoch: 1 | loss: 0.6687687
	speed: 0.0131s/iter; left time: 127.6256s
	iters: 200, epoch: 1 | loss: 0.7341781
	speed: 0.0056s/iter; left time: 54.3020s
	iters: 300, epoch: 1 | loss: 0.7618824
	speed: 0.0057s/iter; left time: 54.0488s
	iters: 400, epoch: 1 | loss: 0.7176419
	speed: 0.0058s/iter; left time: 54.7819s
	iters: 500, epoch: 1 | loss: 0.5486398
	speed: 0.0063s/iter; left time: 58.6293s
	iters: 600, epoch: 1 | loss: 0.6474272
	speed: 0.0065s/iter; left time: 59.9841s
	iters: 700, epoch: 1 | loss: 0.6766036
	speed: 0.0064s/iter; left time: 58.5781s
	iters: 800, epoch: 1 | loss: 0.6883213
	speed: 0.0064s/iter; left time: 57.9353s
	iters: 900, epoch: 1 | loss: 0.4721845
	speed: 0.0062s/iter; left time: 55.5022s
Epoch: 1 cost time: 6.825495719909668
Epoch: 1, Steps: 981 | Train Loss: 0.6328611 Vali Loss: 1.6046882 Test Loss: 0.5101530
Validation loss decreased (inf --> 1.604688).  Saving model ...
Updating learning rate to 0.001
	iters: 100, epoch: 2 | loss: 0.6604011
	speed: 0.0515s/iter; left time: 449.7754s
	iters: 200, epoch: 2 | loss: 0.5855959
	speed: 0.0056s/iter; left time: 48.2831s
	iters: 300, epoch: 2 | loss: 0.5135247
	speed: 0.0056s/iter; left time: 47.4007s
	iters: 400, epoch: 2 | loss: 0.6976303
	speed: 0.0053s/iter; left time: 44.9156s
	iters: 500, epoch: 2 | loss: 0.7705501
	speed: 0.0053s/iter; left time: 43.7341s
	iters: 600, epoch: 2 | loss: 0.4909041
	speed: 0.0052s/iter; left time: 42.7629s
	iters: 700, epoch: 2 | loss: 0.6618469
	speed: 0.0053s/iter; left time: 43.3121s
	iters: 800, epoch: 2 | loss: 0.5689857
	speed: 0.0055s/iter; left time: 44.5648s
	iters: 900, epoch: 2 | loss: 0.6343454
	speed: 0.0059s/iter; left time: 46.8941s
Epoch: 2 cost time: 6.131365776062012
Epoch: 2, Steps: 981 | Train Loss: 0.6084133 Vali Loss: 1.6045870 Test Loss: 0.5482641
Validation loss decreased (1.604688 --> 1.604587).  Saving model ...
Updating learning rate to 0.0005
	iters: 100, epoch: 3 | loss: 0.5657863
	speed: 0.0510s/iter; left time: 395.4604s
	iters: 200, epoch: 3 | loss: 0.6166978
	speed: 0.0055s/iter; left time: 41.9335s
	iters: 300, epoch: 3 | loss: 0.6344156
	speed: 0.0055s/iter; left time: 41.5489s
	iters: 400, epoch: 3 | loss: 0.5920013
	speed: 0.0055s/iter; left time: 40.9664s
	iters: 500, epoch: 3 | loss: 0.7651850
	speed: 0.0056s/iter; left time: 40.9947s
	iters: 600, epoch: 3 | loss: 0.5602835
	speed: 0.0056s/iter; left time: 40.3057s
	iters: 700, epoch: 3 | loss: 0.5339952
	speed: 0.0057s/iter; left time: 40.8070s
	iters: 800, epoch: 3 | loss: 0.5200663
	speed: 0.0058s/iter; left time: 40.7070s
	iters: 900, epoch: 3 | loss: 0.5480932
	speed: 0.0055s/iter; left time: 38.4313s
Epoch: 3 cost time: 6.160370826721191
Epoch: 3, Steps: 981 | Train Loss: 0.5978580 Vali Loss: 1.6043514 Test Loss: 0.5504982
Validation loss decreased (1.604587 --> 1.604351).  Saving model ...
Updating learning rate to 0.00025
	iters: 100, epoch: 4 | loss: 0.5213578
	speed: 0.0504s/iter; left time: 341.1201s
	iters: 200, epoch: 4 | loss: 0.5610554
	speed: 0.0049s/iter; left time: 32.5887s
	iters: 300, epoch: 4 | loss: 0.4305370
	speed: 0.0056s/iter; left time: 36.6626s
	iters: 400, epoch: 4 | loss: 0.4936321
	speed: 0.0055s/iter; left time: 35.5231s
	iters: 500, epoch: 4 | loss: 0.4875726
	speed: 0.0054s/iter; left time: 34.5942s
	iters: 600, epoch: 4 | loss: 0.6155534
	speed: 0.0055s/iter; left time: 34.2506s
	iters: 700, epoch: 4 | loss: 0.5697129
	speed: 0.0055s/iter; left time: 34.0882s
	iters: 800, epoch: 4 | loss: 0.5862809
	speed: 0.0055s/iter; left time: 33.4223s
	iters: 900, epoch: 4 | loss: 0.6551455
	speed: 0.0053s/iter; left time: 31.8185s
Epoch: 4 cost time: 5.989350080490112
Epoch: 4, Steps: 981 | Train Loss: 0.5941130 Vali Loss: 1.6096698 Test Loss: 0.5521109
EarlyStopping counter: 1 out of 3
Updating learning rate to 0.000125
	iters: 100, epoch: 5 | loss: 0.8151939
	speed: 0.0514s/iter; left time: 297.2400s
	iters: 200, epoch: 5 | loss: 0.6645187
	speed: 0.0054s/iter; left time: 30.4457s
	iters: 300, epoch: 5 | loss: 0.6201256
	speed: 0.0054s/iter; left time: 30.0682s
	iters: 400, epoch: 5 | loss: 0.4656116
	speed: 0.0053s/iter; left time: 28.9280s
	iters: 500, epoch: 5 | loss: 0.4770503
	speed: 0.0055s/iter; left time: 29.5402s
	iters: 600, epoch: 5 | loss: 0.5974065
	speed: 0.0055s/iter; left time: 29.2392s
	iters: 700, epoch: 5 | loss: 0.5342691
	speed: 0.0056s/iter; left time: 28.9830s
	iters: 800, epoch: 5 | loss: 0.6027909
	speed: 0.0056s/iter; left time: 28.3184s
	iters: 900, epoch: 5 | loss: 0.7421720
	speed: 0.0056s/iter; left time: 28.1065s
Epoch: 5 cost time: 6.10986852645874
Epoch: 5, Steps: 981 | Train Loss: 0.5924342 Vali Loss: 1.6032726 Test Loss: 0.5529752
Validation loss decreased (1.604351 --> 1.603273).  Saving model ...
Updating learning rate to 6.25e-05
	iters: 100, epoch: 6 | loss: 0.4283879
	speed: 0.0509s/iter; left time: 244.4249s
	iters: 200, epoch: 6 | loss: 0.6006899
	speed: 0.0054s/iter; left time: 25.3554s
	iters: 300, epoch: 6 | loss: 0.4090163
	speed: 0.0053s/iter; left time: 24.4342s
	iters: 400, epoch: 6 | loss: 0.5822138
	speed: 0.0058s/iter; left time: 26.2672s
	iters: 500, epoch: 6 | loss: 0.3917863
	speed: 0.0059s/iter; left time: 25.8604s
	iters: 600, epoch: 6 | loss: 0.6785810
	speed: 0.0064s/iter; left time: 27.7106s
	iters: 700, epoch: 6 | loss: 0.6283506
	speed: 0.0064s/iter; left time: 26.7469s
	iters: 800, epoch: 6 | loss: 0.6588680
	speed: 0.0064s/iter; left time: 26.2204s
	iters: 900, epoch: 6 | loss: 0.6743357
	speed: 0.0063s/iter; left time: 25.2684s
Epoch: 6 cost time: 6.498769283294678
Epoch: 6, Steps: 981 | Train Loss: 0.5914713 Vali Loss: 1.6046276 Test Loss: 0.5488765
EarlyStopping counter: 1 out of 3
Updating learning rate to 3.125e-05
	iters: 100, epoch: 7 | loss: 0.4754828
	speed: 0.0526s/iter; left time: 201.1413s
	iters: 200, epoch: 7 | loss: 0.5042300
	speed: 0.0053s/iter; left time: 19.6898s
	iters: 300, epoch: 7 | loss: 0.5858464
	speed: 0.0053s/iter; left time: 19.3744s
	iters: 400, epoch: 7 | loss: 0.6918857
	speed: 0.0053s/iter; left time: 18.7482s
	iters: 500, epoch: 7 | loss: 0.5343516
	speed: 0.0052s/iter; left time: 17.8483s
	iters: 600, epoch: 7 | loss: 0.4854563
	speed: 0.0053s/iter; left time: 17.4570s
	iters: 700, epoch: 7 | loss: 0.6873832
	speed: 0.0053s/iter; left time: 16.9370s
	iters: 800, epoch: 7 | loss: 0.5247762
	speed: 0.0053s/iter; left time: 16.5630s
	iters: 900, epoch: 7 | loss: 0.6489391
	speed: 0.0061s/iter; left time: 18.4165s
Epoch: 7 cost time: 6.115577697753906
Epoch: 7, Steps: 981 | Train Loss: 0.5910105 Vali Loss: 1.6044555 Test Loss: 0.5518281
EarlyStopping counter: 2 out of 3
Updating learning rate to 1.5625e-05
	iters: 100, epoch: 8 | loss: 0.6634092
	speed: 0.0521s/iter; left time: 148.1032s
	iters: 200, epoch: 8 | loss: 0.5677875
	speed: 0.0051s/iter; left time: 14.0880s
	iters: 300, epoch: 8 | loss: 0.4865591
	speed: 0.0052s/iter; left time: 13.8277s
	iters: 400, epoch: 8 | loss: 0.6127691
	speed: 0.0056s/iter; left time: 14.3560s
	iters: 500, epoch: 8 | loss: 0.6162188
	speed: 0.0060s/iter; left time: 14.6762s
	iters: 600, epoch: 8 | loss: 0.6001881
	speed: 0.0055s/iter; left time: 12.8860s
	iters: 700, epoch: 8 | loss: 0.6501017
	speed: 0.0059s/iter; left time: 13.1939s
	iters: 800, epoch: 8 | loss: 0.5438910
	speed: 0.0063s/iter; left time: 13.4353s
	iters: 900, epoch: 8 | loss: 0.5199395
	speed: 0.0057s/iter; left time: 11.6601s
Epoch: 8 cost time: 6.201343297958374
Epoch: 8, Steps: 981 | Train Loss: 0.5907379 Vali Loss: 1.6042327 Test Loss: 0.5528002
EarlyStopping counter: 3 out of 3
Early stopping
>>>>>>>testing : ETTh1_72_720_GRevagLinear_ETTh1_ftM_sl72_ll48_pl720_dm512_nh8_el2_dl1_df2048_fc1_ebtimeF_dtTrue_Exp_0<<<<<<<<<<<<<<<<<<<<<<<<<<<<<<<<<
test 2161
mse:0.5525290369987488, mae:0.501673698425293
