Args in experiment:
Namespace(activation='gelu', batch_size=8, c_out=7, checkpoints='/spo/NewbornTime/tahir098/SVF/data/Extra/checkpoints/', d_ff=2048, d_layers=1, d_model=512, data='ETTh1', data_path='ETTh1.csv', dec_in=7, des='Exp', devices='0,1,2,3', distil=True, do_predict=False, dropout=0.05, e_layers=2, embed='timeF', embed_type=0, enc_in=7, factor=1, features='M', freq='h', gpu=0, individual=False, is_training=1, itr=1, label_len=48, learning_rate=0.001, loss='mse', lradj='type1', model='GRevagLinear', model_id='ETTh1_96_720', moving_avg=25, n_heads=8, num_workers=10, output_attention=False, patience=3, pred_len=720, root_path='./dataset/', seq_len=96, target='OT', test_flop=False, train_epochs=10, train_only=False, use_amp=False, use_gpu=True, use_multi_gpu=False)
Use GPU: cuda:0
>>>>>>>start training : ETTh1_96_720_GRevagLinear_ETTh1_ftM_sl96_ll48_pl720_dm512_nh8_el2_dl1_df2048_fc1_ebtimeF_dtTrue_Exp_0>>>>>>>>>>>>>>>>>>>>>>>>>>
train 7825
val 2161
test 2161
	iters: 100, epoch: 1 | loss: 0.7250825
	speed: 0.0117s/iter; left time: 112.8161s
	iters: 200, epoch: 1 | loss: 0.5555937
	speed: 0.0057s/iter; left time: 54.6722s
	iters: 300, epoch: 1 | loss: 0.8027152
	speed: 0.0055s/iter; left time: 52.3187s
	iters: 400, epoch: 1 | loss: 0.5820392
	speed: 0.0053s/iter; left time: 49.3448s
	iters: 500, epoch: 1 | loss: 0.6422480
	speed: 0.0052s/iter; left time: 48.1401s
	iters: 600, epoch: 1 | loss: 0.5427534
	speed: 0.0053s/iter; left time: 48.9892s
	iters: 700, epoch: 1 | loss: 0.6963214
	speed: 0.0054s/iter; left time: 48.6954s
	iters: 800, epoch: 1 | loss: 0.5876490
	speed: 0.0053s/iter; left time: 47.4190s
	iters: 900, epoch: 1 | loss: 0.6079202
	speed: 0.0056s/iter; left time: 49.3871s
Epoch: 1 cost time: 5.997904062271118
Epoch: 1, Steps: 978 | Train Loss: 0.6155843 Vali Loss: 1.5836359 Test Loss: 0.5056746
Validation loss decreased (inf --> 1.583636).  Saving model ...
Updating learning rate to 0.001
	iters: 100, epoch: 2 | loss: 0.6546088
	speed: 0.0509s/iter; left time: 443.3649s
	iters: 200, epoch: 2 | loss: 0.6131281
	speed: 0.0051s/iter; left time: 44.1884s
	iters: 300, epoch: 2 | loss: 0.6064823
	speed: 0.0053s/iter; left time: 45.4505s
	iters: 400, epoch: 2 | loss: 0.4888848
	speed: 0.0053s/iter; left time: 44.6744s
	iters: 500, epoch: 2 | loss: 0.3919595
	speed: 0.0052s/iter; left time: 43.3945s
	iters: 600, epoch: 2 | loss: 0.6994410
	speed: 0.0052s/iter; left time: 42.5575s
	iters: 700, epoch: 2 | loss: 0.7489746
	speed: 0.0052s/iter; left time: 41.9832s
	iters: 800, epoch: 2 | loss: 0.6279671
	speed: 0.0052s/iter; left time: 41.3258s
	iters: 900, epoch: 2 | loss: 0.5605040
	speed: 0.0051s/iter; left time: 40.6331s
Epoch: 2 cost time: 5.799038648605347
Epoch: 2, Steps: 978 | Train Loss: 0.5895162 Vali Loss: 1.5899206 Test Loss: 0.5648451
EarlyStopping counter: 1 out of 3
Updating learning rate to 0.0005
	iters: 100, epoch: 3 | loss: 0.7004173
	speed: 0.0494s/iter; left time: 381.3348s
	iters: 200, epoch: 3 | loss: 0.4628152
	speed: 0.0053s/iter; left time: 40.7705s
	iters: 300, epoch: 3 | loss: 0.4692035
	speed: 0.0053s/iter; left time: 40.1737s
	iters: 400, epoch: 3 | loss: 0.4826521
	speed: 0.0054s/iter; left time: 40.3467s
	iters: 500, epoch: 3 | loss: 0.4721526
	speed: 0.0053s/iter; left time: 39.0583s
	iters: 600, epoch: 3 | loss: 0.4621288
	speed: 0.0054s/iter; left time: 39.0317s
	iters: 700, epoch: 3 | loss: 0.8309312
	speed: 0.0052s/iter; left time: 37.3470s
	iters: 800, epoch: 3 | loss: 0.5648535
	speed: 0.0052s/iter; left time: 36.8087s
	iters: 900, epoch: 3 | loss: 0.4553662
	speed: 0.0052s/iter; left time: 35.9820s
Epoch: 3 cost time: 5.877184629440308
Epoch: 3, Steps: 978 | Train Loss: 0.5803915 Vali Loss: 1.5878167 Test Loss: 0.5621317
EarlyStopping counter: 2 out of 3
Updating learning rate to 0.00025
	iters: 100, epoch: 4 | loss: 0.5243431
	speed: 0.0546s/iter; left time: 368.5006s
	iters: 200, epoch: 4 | loss: 0.7605022
	speed: 0.0058s/iter; left time: 38.7401s
	iters: 300, epoch: 4 | loss: 0.5037556
	speed: 0.0059s/iter; left time: 38.6782s
	iters: 400, epoch: 4 | loss: 0.7226208
	speed: 0.0053s/iter; left time: 34.2877s
	iters: 500, epoch: 4 | loss: 0.5842809
	speed: 0.0052s/iter; left time: 33.0542s
	iters: 600, epoch: 4 | loss: 0.6115353
	speed: 0.0052s/iter; left time: 32.4355s
	iters: 700, epoch: 4 | loss: 0.5179657
	speed: 0.0054s/iter; left time: 32.9425s
	iters: 800, epoch: 4 | loss: 0.6554005
	speed: 0.0052s/iter; left time: 31.7350s
	iters: 900, epoch: 4 | loss: 0.5638661
	speed: 0.0052s/iter; left time: 30.9368s
Epoch: 4 cost time: 6.004770278930664
Epoch: 4, Steps: 978 | Train Loss: 0.5766230 Vali Loss: 1.5852174 Test Loss: 0.5640885
EarlyStopping counter: 3 out of 3
Early stopping
>>>>>>>testing : ETTh1_96_720_GRevagLinear_ETTh1_ftM_sl96_ll48_pl720_dm512_nh8_el2_dl1_df2048_fc1_ebtimeF_dtTrue_Exp_0<<<<<<<<<<<<<<<<<<<<<<<<<<<<<<<<<
test 2161
mse:0.5052693486213684, mae:0.4837976098060608
