Args in experiment:
Namespace(activation='gelu', batch_size=8, c_out=7, checkpoints='/spo/NewbornTime/tahir098/SVF/data/Extra/checkpoints/', d_ff=2048, d_layers=1, d_model=512, data='ETTh1', data_path='ETTh1.csv', dec_in=7, des='Exp', devices='0,1,2,3', distil=True, do_predict=False, dropout=0.05, e_layers=2, embed='timeF', embed_type=0, enc_in=7, factor=1, features='M', freq='h', gpu=0, individual=False, is_training=1, itr=1, label_len=48, learning_rate=0.001, loss='mse', lradj='type1', model='GRevagLinear', model_id='ETTh1_168_24', moving_avg=25, n_heads=8, num_workers=10, output_attention=False, patience=3, pred_len=24, root_path='./dataset/', seq_len=168, target='OT', test_flop=False, train_epochs=10, train_only=False, use_amp=False, use_gpu=True, use_multi_gpu=False)
Use GPU: cuda:0
>>>>>>>start training : ETTh1_168_24_GRevagLinear_ETTh1_ftM_sl168_ll48_pl24_dm512_nh8_el2_dl1_df2048_fc1_ebtimeF_dtTrue_Exp_0>>>>>>>>>>>>>>>>>>>>>>>>>>
train 8449
val 2857
test 2857
	iters: 100, epoch: 1 | loss: 0.2250019
	speed: 0.0103s/iter; left time: 108.1633s
	iters: 200, epoch: 1 | loss: 0.2836346
	speed: 0.0052s/iter; left time: 53.5882s
	iters: 300, epoch: 1 | loss: 0.2191603
	speed: 0.0053s/iter; left time: 54.4987s
	iters: 400, epoch: 1 | loss: 0.1590336
	speed: 0.0053s/iter; left time: 53.9572s
	iters: 500, epoch: 1 | loss: 0.4085684
	speed: 0.0054s/iter; left time: 54.4593s
	iters: 600, epoch: 1 | loss: 0.3361242
	speed: 0.0053s/iter; left time: 52.7209s
	iters: 700, epoch: 1 | loss: 0.3161384
	speed: 0.0054s/iter; left time: 52.9085s
	iters: 800, epoch: 1 | loss: 0.3045581
	speed: 0.0050s/iter; left time: 49.1333s
	iters: 900, epoch: 1 | loss: 0.2488467
	speed: 0.0066s/iter; left time: 64.0307s
	iters: 1000, epoch: 1 | loss: 0.3264389
	speed: 0.0051s/iter; left time: 48.6359s
Epoch: 1 cost time: 6.301079511642456
Epoch: 1, Steps: 1056 | Train Loss: 0.2755092 Vali Loss: 0.4212250 Test Loss: 0.3142038
Validation loss decreased (inf --> 0.421225).  Saving model ...
Updating learning rate to 0.001
	iters: 100, epoch: 2 | loss: 0.2753731
	speed: 0.0499s/iter; left time: 469.6838s
	iters: 200, epoch: 2 | loss: 0.3106132
	speed: 0.0053s/iter; left time: 49.4982s
	iters: 300, epoch: 2 | loss: 0.2207999
	speed: 0.0052s/iter; left time: 48.1648s
	iters: 400, epoch: 2 | loss: 0.2450579
	speed: 0.0054s/iter; left time: 48.8101s
	iters: 500, epoch: 2 | loss: 0.2047303
	speed: 0.0052s/iter; left time: 47.0968s
	iters: 600, epoch: 2 | loss: 0.1802827
	speed: 0.0050s/iter; left time: 44.1680s
	iters: 700, epoch: 2 | loss: 0.2373099
	speed: 0.0046s/iter; left time: 40.9088s
	iters: 800, epoch: 2 | loss: 0.2689748
	speed: 0.0053s/iter; left time: 46.1272s
	iters: 900, epoch: 2 | loss: 0.1929599
	speed: 0.0050s/iter; left time: 43.0638s
	iters: 1000, epoch: 2 | loss: 0.3014753
	speed: 0.0052s/iter; left time: 44.5046s
Epoch: 2 cost time: 6.110114097595215
Epoch: 2, Steps: 1056 | Train Loss: 0.2524054 Vali Loss: 0.4163132 Test Loss: 0.3125593
Validation loss decreased (0.421225 --> 0.416313).  Saving model ...
Updating learning rate to 0.0005
	iters: 100, epoch: 3 | loss: 0.1913667
	speed: 0.0503s/iter; left time: 419.9818s
	iters: 200, epoch: 3 | loss: 0.2524606
	speed: 0.0052s/iter; left time: 42.6307s
	iters: 300, epoch: 3 | loss: 0.2536919
	speed: 0.0054s/iter; left time: 44.1099s
	iters: 400, epoch: 3 | loss: 0.2064163
	speed: 0.0053s/iter; left time: 42.9226s
	iters: 500, epoch: 3 | loss: 0.2737399
	speed: 0.0052s/iter; left time: 41.3143s
	iters: 600, epoch: 3 | loss: 0.2360049
	speed: 0.0054s/iter; left time: 42.0327s
	iters: 700, epoch: 3 | loss: 0.1907143
	speed: 0.0053s/iter; left time: 41.4344s
	iters: 800, epoch: 3 | loss: 0.2276091
	speed: 0.0054s/iter; left time: 41.1483s
	iters: 900, epoch: 3 | loss: 0.1594862
	speed: 0.0058s/iter; left time: 43.5544s
	iters: 1000, epoch: 3 | loss: 0.2816135
	speed: 0.0054s/iter; left time: 40.2924s
Epoch: 3 cost time: 6.339837312698364
Epoch: 3, Steps: 1056 | Train Loss: 0.2377626 Vali Loss: 0.4070758 Test Loss: 0.3076062
Validation loss decreased (0.416313 --> 0.407076).  Saving model ...
Updating learning rate to 0.00025
	iters: 100, epoch: 4 | loss: 0.1908601
	speed: 0.0503s/iter; left time: 366.5037s
	iters: 200, epoch: 4 | loss: 0.2270851
	speed: 0.0045s/iter; left time: 32.3819s
	iters: 300, epoch: 4 | loss: 0.2303716
	speed: 0.0046s/iter; left time: 32.4683s
	iters: 400, epoch: 4 | loss: 0.2496559
	speed: 0.0052s/iter; left time: 36.3508s
	iters: 500, epoch: 4 | loss: 0.1716476
	speed: 0.0053s/iter; left time: 36.6200s
	iters: 600, epoch: 4 | loss: 0.1914008
	speed: 0.0054s/iter; left time: 36.4794s
	iters: 700, epoch: 4 | loss: 0.1858544
	speed: 0.0052s/iter; left time: 34.9798s
	iters: 800, epoch: 4 | loss: 0.2146250
	speed: 0.0055s/iter; left time: 36.0633s
	iters: 900, epoch: 4 | loss: 0.3423989
	speed: 0.0060s/iter; left time: 38.9489s
	iters: 1000, epoch: 4 | loss: 0.2556872
	speed: 0.0057s/iter; left time: 36.3071s
Epoch: 4 cost time: 6.251631736755371
Epoch: 4, Steps: 1056 | Train Loss: 0.2306129 Vali Loss: 0.4055718 Test Loss: 0.2948352
Validation loss decreased (0.407076 --> 0.405572).  Saving model ...
Updating learning rate to 0.000125
	iters: 100, epoch: 5 | loss: 0.2796581
	speed: 0.0508s/iter; left time: 316.9843s
	iters: 200, epoch: 5 | loss: 0.2912380
	speed: 0.0053s/iter; left time: 32.8328s
	iters: 300, epoch: 5 | loss: 0.1294615
	speed: 0.0053s/iter; left time: 32.0287s
	iters: 400, epoch: 5 | loss: 0.2076130
	speed: 0.0054s/iter; left time: 32.0937s
	iters: 500, epoch: 5 | loss: 0.4269291
	speed: 0.0053s/iter; left time: 31.0130s
	iters: 600, epoch: 5 | loss: 0.2352964
	speed: 0.0053s/iter; left time: 30.4117s
	iters: 700, epoch: 5 | loss: 0.1856800
	speed: 0.0053s/iter; left time: 29.6118s
	iters: 800, epoch: 5 | loss: 0.1723145
	speed: 0.0053s/iter; left time: 29.5353s
	iters: 900, epoch: 5 | loss: 0.3303335
	speed: 0.0053s/iter; left time: 28.9365s
	iters: 1000, epoch: 5 | loss: 0.3228479
	speed: 0.0053s/iter; left time: 28.3531s
Epoch: 5 cost time: 6.291514873504639
Epoch: 5, Steps: 1056 | Train Loss: 0.2264875 Vali Loss: 0.3998178 Test Loss: 0.2973319
Validation loss decreased (0.405572 --> 0.399818).  Saving model ...
Updating learning rate to 6.25e-05
	iters: 100, epoch: 6 | loss: 0.2267412
	speed: 0.0505s/iter; left time: 261.6969s
	iters: 200, epoch: 6 | loss: 0.3049307
	speed: 0.0054s/iter; left time: 27.2392s
	iters: 300, epoch: 6 | loss: 0.1692260
	speed: 0.0052s/iter; left time: 25.7793s
	iters: 400, epoch: 6 | loss: 0.1823758
	speed: 0.0054s/iter; left time: 26.1374s
	iters: 500, epoch: 6 | loss: 0.2621683
	speed: 0.0052s/iter; left time: 24.7769s
	iters: 600, epoch: 6 | loss: 0.1331844
	speed: 0.0053s/iter; left time: 24.5884s
	iters: 700, epoch: 6 | loss: 0.2717686
	speed: 0.0051s/iter; left time: 23.2075s
	iters: 800, epoch: 6 | loss: 0.2121895
	speed: 0.0045s/iter; left time: 19.9935s
	iters: 900, epoch: 6 | loss: 0.2386680
	speed: 0.0052s/iter; left time: 22.8772s
	iters: 1000, epoch: 6 | loss: 0.2552287
	speed: 0.0052s/iter; left time: 22.4493s
Epoch: 6 cost time: 6.251922130584717
Epoch: 6, Steps: 1056 | Train Loss: 0.2243836 Vali Loss: 0.4028648 Test Loss: 0.2939522
EarlyStopping counter: 1 out of 3
Updating learning rate to 3.125e-05
	iters: 100, epoch: 7 | loss: 0.1498639
	speed: 0.0518s/iter; left time: 213.8613s
	iters: 200, epoch: 7 | loss: 0.2241305
	speed: 0.0053s/iter; left time: 21.4018s
	iters: 300, epoch: 7 | loss: 0.1544521
	speed: 0.0053s/iter; left time: 20.6771s
	iters: 400, epoch: 7 | loss: 0.3089390
	speed: 0.0054s/iter; left time: 20.7094s
	iters: 500, epoch: 7 | loss: 0.2626428
	speed: 0.0053s/iter; left time: 19.5990s
	iters: 600, epoch: 7 | loss: 0.1557809
	speed: 0.0053s/iter; left time: 19.2585s
	iters: 700, epoch: 7 | loss: 0.2276144
	speed: 0.0053s/iter; left time: 18.7578s
	iters: 800, epoch: 7 | loss: 0.1395748
	speed: 0.0055s/iter; left time: 18.7517s
	iters: 900, epoch: 7 | loss: 0.3216003
	speed: 0.0063s/iter; left time: 20.9517s
	iters: 1000, epoch: 7 | loss: 0.1751866
	speed: 0.0054s/iter; left time: 17.5376s
Epoch: 7 cost time: 6.407451391220093
Epoch: 7, Steps: 1056 | Train Loss: 0.2233158 Vali Loss: 0.3976092 Test Loss: 0.2945467
Validation loss decreased (0.399818 --> 0.397609).  Saving model ...
Updating learning rate to 1.5625e-05
	iters: 100, epoch: 8 | loss: 0.2591580
	speed: 0.0502s/iter; left time: 154.2037s
	iters: 200, epoch: 8 | loss: 0.1920073
	speed: 0.0055s/iter; left time: 16.3376s
	iters: 300, epoch: 8 | loss: 0.1821865
	speed: 0.0055s/iter; left time: 15.8617s
	iters: 400, epoch: 8 | loss: 0.1938494
	speed: 0.0055s/iter; left time: 15.1277s
	iters: 500, epoch: 8 | loss: 0.1520596
	speed: 0.0053s/iter; left time: 14.2286s
	iters: 600, epoch: 8 | loss: 0.2742105
	speed: 0.0053s/iter; left time: 13.6383s
	iters: 700, epoch: 8 | loss: 0.1609600
	speed: 0.0058s/iter; left time: 14.4344s
	iters: 800, epoch: 8 | loss: 0.2427925
	speed: 0.0059s/iter; left time: 14.0448s
	iters: 900, epoch: 8 | loss: 0.1817012
	speed: 0.0068s/iter; left time: 15.3993s
	iters: 1000, epoch: 8 | loss: 0.2348323
	speed: 0.0050s/iter; left time: 10.8634s
Epoch: 8 cost time: 6.5815110206604
Epoch: 8, Steps: 1056 | Train Loss: 0.2226460 Vali Loss: 0.3981563 Test Loss: 0.2948169
EarlyStopping counter: 1 out of 3
Updating learning rate to 7.8125e-06
	iters: 100, epoch: 9 | loss: 0.2381618
	speed: 0.0503s/iter; left time: 101.2109s
	iters: 200, epoch: 9 | loss: 0.2391109
	speed: 0.0053s/iter; left time: 10.2200s
	iters: 300, epoch: 9 | loss: 0.1899797
	speed: 0.0053s/iter; left time: 9.6173s
	iters: 400, epoch: 9 | loss: 0.2501640
	speed: 0.0054s/iter; left time: 9.2317s
	iters: 500, epoch: 9 | loss: 0.2081453
	speed: 0.0052s/iter; left time: 8.4047s
	iters: 600, epoch: 9 | loss: 0.2279782
	speed: 0.0054s/iter; left time: 8.1799s
	iters: 700, epoch: 9 | loss: 0.1613677
	speed: 0.0054s/iter; left time: 7.5996s
	iters: 800, epoch: 9 | loss: 0.2414928
	speed: 0.0053s/iter; left time: 6.9218s
	iters: 900, epoch: 9 | loss: 0.2033178
	speed: 0.0053s/iter; left time: 6.4587s
	iters: 1000, epoch: 9 | loss: 0.2178275
	speed: 0.0052s/iter; left time: 5.8016s
Epoch: 9 cost time: 6.28436541557312
Epoch: 9, Steps: 1056 | Train Loss: 0.2223371 Vali Loss: 0.3975011 Test Loss: 0.2948506
Validation loss decreased (0.397609 --> 0.397501).  Saving model ...
Updating learning rate to 3.90625e-06
	iters: 100, epoch: 10 | loss: 0.2667763
	speed: 0.0516s/iter; left time: 49.4157s
	iters: 200, epoch: 10 | loss: 0.3236321
	speed: 0.0054s/iter; left time: 4.6214s
	iters: 300, epoch: 10 | loss: 0.2243905
	speed: 0.0051s/iter; left time: 3.8703s
	iters: 400, epoch: 10 | loss: 0.2340578
	speed: 0.0052s/iter; left time: 3.4094s
	iters: 500, epoch: 10 | loss: 0.2020690
	speed: 0.0052s/iter; left time: 2.8965s
	iters: 600, epoch: 10 | loss: 0.2881393
	speed: 0.0052s/iter; left time: 2.3592s
	iters: 700, epoch: 10 | loss: 0.1633824
	speed: 0.0053s/iter; left time: 1.8828s
	iters: 800, epoch: 10 | loss: 0.2130690
	speed: 0.0052s/iter; left time: 1.3343s
	iters: 900, epoch: 10 | loss: 0.1982296
	speed: 0.0055s/iter; left time: 0.8682s
	iters: 1000, epoch: 10 | loss: 0.1889151
	speed: 0.0055s/iter; left time: 0.3159s
Epoch: 10 cost time: 6.233654499053955
Epoch: 10, Steps: 1056 | Train Loss: 0.2221977 Vali Loss: 0.3974872 Test Loss: 0.2949394
Validation loss decreased (0.397501 --> 0.397487).  Saving model ...
Updating learning rate to 1.953125e-06
>>>>>>>testing : ETTh1_168_24_GRevagLinear_ETTh1_ftM_sl168_ll48_pl24_dm512_nh8_el2_dl1_df2048_fc1_ebtimeF_dtTrue_Exp_0<<<<<<<<<<<<<<<<<<<<<<<<<<<<<<<<<
test 2857
mse:0.2952384948730469, mae:0.3511112332344055
