Args in experiment:
Namespace(activation='gelu', batch_size=8, c_out=7, checkpoints='/spo/NewbornTime/tahir098/SVF/data/Extra/checkpoints/', d_ff=2048, d_layers=1, d_model=512, data='ETTh1', data_path='ETTh1.csv', dec_in=7, des='Exp', devices='0,1,2,3', distil=True, do_predict=False, dropout=0.05, e_layers=2, embed='timeF', embed_type=0, enc_in=7, factor=1, features='M', freq='h', gpu=0, individual=False, is_training=1, itr=1, label_len=48, learning_rate=0.001, loss='mse', lradj='type1', model='GRevagLinear', model_id='ETTh1_120_24', moving_avg=25, n_heads=8, num_workers=10, output_attention=False, patience=3, pred_len=24, root_path='./dataset/', seq_len=120, target='OT', test_flop=False, train_epochs=10, train_only=False, use_amp=False, use_gpu=True, use_multi_gpu=False)
Use GPU: cuda:0
>>>>>>>start training : ETTh1_120_24_GRevagLinear_ETTh1_ftM_sl120_ll48_pl24_dm512_nh8_el2_dl1_df2048_fc1_ebtimeF_dtTrue_Exp_0>>>>>>>>>>>>>>>>>>>>>>>>>>
train 8497
val 2857
test 2857
	iters: 100, epoch: 1 | loss: 0.2670123
	speed: 0.0111s/iter; left time: 116.7256s
	iters: 200, epoch: 1 | loss: 0.4303161
	speed: 0.0053s/iter; left time: 54.9890s
	iters: 300, epoch: 1 | loss: 0.3121785
	speed: 0.0054s/iter; left time: 55.9248s
	iters: 400, epoch: 1 | loss: 0.2982972
	speed: 0.0060s/iter; left time: 61.0294s
	iters: 500, epoch: 1 | loss: 0.1950928
	speed: 0.0055s/iter; left time: 55.6839s
	iters: 600, epoch: 1 | loss: 0.3404825
	speed: 0.0053s/iter; left time: 53.1533s
	iters: 700, epoch: 1 | loss: 0.2661529
	speed: 0.0053s/iter; left time: 52.5778s
	iters: 800, epoch: 1 | loss: 0.3104963
	speed: 0.0054s/iter; left time: 53.5009s
	iters: 900, epoch: 1 | loss: 0.1669198
	speed: 0.0054s/iter; left time: 52.1023s
	iters: 1000, epoch: 1 | loss: 0.2564192
	speed: 0.0054s/iter; left time: 51.9620s
Epoch: 1 cost time: 6.47852087020874
Epoch: 1, Steps: 1062 | Train Loss: 0.2798254 Vali Loss: 0.4062601 Test Loss: 0.3200838
Validation loss decreased (inf --> 0.406260).  Saving model ...
Updating learning rate to 0.001
	iters: 100, epoch: 2 | loss: 0.1870617
	speed: 0.0535s/iter; left time: 505.8070s
	iters: 200, epoch: 2 | loss: 0.2263907
	speed: 0.0060s/iter; left time: 56.3363s
	iters: 300, epoch: 2 | loss: 0.1916613
	speed: 0.0061s/iter; left time: 56.0460s
	iters: 400, epoch: 2 | loss: 0.3240055
	speed: 0.0060s/iter; left time: 55.3403s
	iters: 500, epoch: 2 | loss: 0.2343456
	speed: 0.0058s/iter; left time: 52.2135s
	iters: 600, epoch: 2 | loss: 0.2564490
	speed: 0.0053s/iter; left time: 47.6708s
	iters: 700, epoch: 2 | loss: 0.1944706
	speed: 0.0054s/iter; left time: 48.2791s
	iters: 800, epoch: 2 | loss: 0.2123324
	speed: 0.0053s/iter; left time: 46.7506s
	iters: 900, epoch: 2 | loss: 0.2285743
	speed: 0.0053s/iter; left time: 46.2839s
	iters: 1000, epoch: 2 | loss: 0.2539394
	speed: 0.0053s/iter; left time: 45.5149s
Epoch: 2 cost time: 6.685868501663208
Epoch: 2, Steps: 1062 | Train Loss: 0.2582471 Vali Loss: 0.4031454 Test Loss: 0.3130993
Validation loss decreased (0.406260 --> 0.403145).  Saving model ...
Updating learning rate to 0.0005
	iters: 100, epoch: 3 | loss: 0.3255415
	speed: 0.0515s/iter; left time: 432.5119s
	iters: 200, epoch: 3 | loss: 0.2636766
	speed: 0.0054s/iter; left time: 44.5831s
	iters: 300, epoch: 3 | loss: 0.2057226
	speed: 0.0053s/iter; left time: 43.7733s
	iters: 400, epoch: 3 | loss: 0.2567018
	speed: 0.0055s/iter; left time: 44.8425s
	iters: 500, epoch: 3 | loss: 0.2440766
	speed: 0.0060s/iter; left time: 48.3025s
	iters: 600, epoch: 3 | loss: 0.3368173
	speed: 0.0055s/iter; left time: 43.3869s
	iters: 700, epoch: 3 | loss: 0.2672085
	speed: 0.0053s/iter; left time: 41.4669s
	iters: 800, epoch: 3 | loss: 0.2236187
	speed: 0.0053s/iter; left time: 41.1399s
	iters: 900, epoch: 3 | loss: 0.1900235
	speed: 0.0054s/iter; left time: 41.1905s
	iters: 1000, epoch: 3 | loss: 0.2327157
	speed: 0.0053s/iter; left time: 39.6513s
Epoch: 3 cost time: 6.484624624252319
Epoch: 3, Steps: 1062 | Train Loss: 0.2470147 Vali Loss: 0.3964428 Test Loss: 0.3026845
Validation loss decreased (0.403145 --> 0.396443).  Saving model ...
Updating learning rate to 0.00025
	iters: 100, epoch: 4 | loss: 0.2001439
	speed: 0.0499s/iter; left time: 366.2817s
	iters: 200, epoch: 4 | loss: 0.2205441
	speed: 0.0053s/iter; left time: 38.5852s
	iters: 300, epoch: 4 | loss: 0.2621803
	speed: 0.0054s/iter; left time: 38.8260s
	iters: 400, epoch: 4 | loss: 0.1657313
	speed: 0.0054s/iter; left time: 37.9215s
	iters: 500, epoch: 4 | loss: 0.2238048
	speed: 0.0056s/iter; left time: 38.9520s
	iters: 600, epoch: 4 | loss: 0.3245614
	speed: 0.0054s/iter; left time: 36.7256s
	iters: 700, epoch: 4 | loss: 0.3080422
	speed: 0.0054s/iter; left time: 36.3582s
	iters: 800, epoch: 4 | loss: 0.2888628
	speed: 0.0053s/iter; left time: 35.4719s
	iters: 900, epoch: 4 | loss: 0.2830709
	speed: 0.0055s/iter; left time: 35.6991s
	iters: 1000, epoch: 4 | loss: 0.2265999
	speed: 0.0054s/iter; left time: 34.4662s
Epoch: 4 cost time: 6.378600835800171
Epoch: 4, Steps: 1062 | Train Loss: 0.2416899 Vali Loss: 0.3937299 Test Loss: 0.2998754
Validation loss decreased (0.396443 --> 0.393730).  Saving model ...
Updating learning rate to 0.000125
	iters: 100, epoch: 5 | loss: 0.2038945
	speed: 0.0506s/iter; left time: 317.4709s
	iters: 200, epoch: 5 | loss: 0.2290028
	speed: 0.0053s/iter; left time: 32.9240s
	iters: 300, epoch: 5 | loss: 0.2097427
	speed: 0.0054s/iter; left time: 32.6928s
	iters: 400, epoch: 5 | loss: 0.1561973
	speed: 0.0054s/iter; left time: 32.3917s
	iters: 500, epoch: 5 | loss: 0.2577436
	speed: 0.0054s/iter; left time: 31.4927s
	iters: 600, epoch: 5 | loss: 0.1955172
	speed: 0.0053s/iter; left time: 30.5726s
	iters: 700, epoch: 5 | loss: 0.2019626
	speed: 0.0053s/iter; left time: 30.1169s
	iters: 800, epoch: 5 | loss: 0.2032449
	speed: 0.0053s/iter; left time: 29.5677s
	iters: 900, epoch: 5 | loss: 0.3308497
	speed: 0.0054s/iter; left time: 29.5425s
	iters: 1000, epoch: 5 | loss: 0.2647702
	speed: 0.0054s/iter; left time: 29.0811s
Epoch: 5 cost time: 6.391645193099976
Epoch: 5, Steps: 1062 | Train Loss: 0.2388458 Vali Loss: 0.3930466 Test Loss: 0.2982416
Validation loss decreased (0.393730 --> 0.393047).  Saving model ...
Updating learning rate to 6.25e-05
	iters: 100, epoch: 6 | loss: 0.4050447
	speed: 0.0504s/iter; left time: 262.7060s
	iters: 200, epoch: 6 | loss: 0.2448164
	speed: 0.0057s/iter; left time: 28.9778s
	iters: 300, epoch: 6 | loss: 0.2625192
	speed: 0.0054s/iter; left time: 27.2433s
	iters: 400, epoch: 6 | loss: 0.2172668
	speed: 0.0053s/iter; left time: 26.2540s
	iters: 500, epoch: 6 | loss: 0.1800579
	speed: 0.0054s/iter; left time: 26.1540s
	iters: 600, epoch: 6 | loss: 0.2880979
	speed: 0.0054s/iter; left time: 25.2461s
	iters: 700, epoch: 6 | loss: 0.1794867
	speed: 0.0053s/iter; left time: 24.5175s
	iters: 800, epoch: 6 | loss: 0.2602303
	speed: 0.0053s/iter; left time: 24.1060s
	iters: 900, epoch: 6 | loss: 0.2300513
	speed: 0.0052s/iter; left time: 23.1454s
	iters: 1000, epoch: 6 | loss: 0.1753190
	speed: 0.0055s/iter; left time: 23.5217s
Epoch: 6 cost time: 6.432318687438965
Epoch: 6, Steps: 1062 | Train Loss: 0.2374092 Vali Loss: 0.3931836 Test Loss: 0.2963872
EarlyStopping counter: 1 out of 3
Updating learning rate to 3.125e-05
	iters: 100, epoch: 7 | loss: 0.2817712
	speed: 0.0519s/iter; left time: 215.3263s
	iters: 200, epoch: 7 | loss: 0.3255989
	speed: 0.0054s/iter; left time: 21.7028s
	iters: 300, epoch: 7 | loss: 0.2054657
	speed: 0.0054s/iter; left time: 21.2956s
	iters: 400, epoch: 7 | loss: 0.1958635
	speed: 0.0053s/iter; left time: 20.4376s
	iters: 500, epoch: 7 | loss: 0.2235887
	speed: 0.0054s/iter; left time: 20.3591s
	iters: 600, epoch: 7 | loss: 0.1887022
	speed: 0.0053s/iter; left time: 19.5057s
	iters: 700, epoch: 7 | loss: 0.1658156
	speed: 0.0053s/iter; left time: 18.8628s
	iters: 800, epoch: 7 | loss: 0.2455865
	speed: 0.0054s/iter; left time: 18.5098s
	iters: 900, epoch: 7 | loss: 0.2283885
	speed: 0.0057s/iter; left time: 19.0999s
	iters: 1000, epoch: 7 | loss: 0.2833676
	speed: 0.0054s/iter; left time: 17.5209s
Epoch: 7 cost time: 6.502565860748291
Epoch: 7, Steps: 1062 | Train Loss: 0.2366880 Vali Loss: 0.3925684 Test Loss: 0.2967866
Validation loss decreased (0.393047 --> 0.392568).  Saving model ...
Updating learning rate to 1.5625e-05
	iters: 100, epoch: 8 | loss: 0.3087679
	speed: 0.0500s/iter; left time: 154.4914s
	iters: 200, epoch: 8 | loss: 0.2815492
	speed: 0.0051s/iter; left time: 15.3395s
	iters: 300, epoch: 8 | loss: 0.1598417
	speed: 0.0051s/iter; left time: 14.7559s
	iters: 400, epoch: 8 | loss: 0.2662954
	speed: 0.0053s/iter; left time: 14.7094s
	iters: 500, epoch: 8 | loss: 0.4230496
	speed: 0.0052s/iter; left time: 14.0665s
	iters: 600, epoch: 8 | loss: 0.2367099
	speed: 0.0053s/iter; left time: 13.7145s
	iters: 700, epoch: 8 | loss: 0.2404284
	speed: 0.0053s/iter; left time: 13.2656s
	iters: 800, epoch: 8 | loss: 0.1679409
	speed: 0.0055s/iter; left time: 13.1046s
	iters: 900, epoch: 8 | loss: 0.1811310
	speed: 0.0061s/iter; left time: 13.9730s
	iters: 1000, epoch: 8 | loss: 0.2605133
	speed: 0.0057s/iter; left time: 12.5609s
Epoch: 8 cost time: 6.412168741226196
Epoch: 8, Steps: 1062 | Train Loss: 0.2363342 Vali Loss: 0.3918494 Test Loss: 0.2967189
Validation loss decreased (0.392568 --> 0.391849).  Saving model ...
Updating learning rate to 7.8125e-06
	iters: 100, epoch: 9 | loss: 0.2415851
	speed: 0.0507s/iter; left time: 102.6006s
	iters: 200, epoch: 9 | loss: 0.1811001
	speed: 0.0053s/iter; left time: 10.2323s
	iters: 300, epoch: 9 | loss: 0.2705349
	speed: 0.0052s/iter; left time: 9.5757s
	iters: 400, epoch: 9 | loss: 0.1335094
	speed: 0.0054s/iter; left time: 9.2594s
	iters: 500, epoch: 9 | loss: 0.1753341
	speed: 0.0052s/iter; left time: 8.4774s
	iters: 600, epoch: 9 | loss: 0.1849653
	speed: 0.0053s/iter; left time: 8.1073s
	iters: 700, epoch: 9 | loss: 0.2108327
	speed: 0.0053s/iter; left time: 7.5078s
	iters: 800, epoch: 9 | loss: 0.3427843
	speed: 0.0054s/iter; left time: 7.2036s
	iters: 900, epoch: 9 | loss: 0.2309140
	speed: 0.0053s/iter; left time: 6.5214s
	iters: 1000, epoch: 9 | loss: 0.2396050
	speed: 0.0053s/iter; left time: 5.9506s
Epoch: 9 cost time: 6.312041282653809
Epoch: 9, Steps: 1062 | Train Loss: 0.2361260 Vali Loss: 0.3920597 Test Loss: 0.2965542
EarlyStopping counter: 1 out of 3
Updating learning rate to 3.90625e-06
	iters: 100, epoch: 10 | loss: 0.1419052
	speed: 0.0507s/iter; left time: 48.8106s
	iters: 200, epoch: 10 | loss: 0.3850227
	speed: 0.0054s/iter; left time: 4.6387s
	iters: 300, epoch: 10 | loss: 0.2730895
	speed: 0.0054s/iter; left time: 4.1446s
	iters: 400, epoch: 10 | loss: 0.1942201
	speed: 0.0055s/iter; left time: 3.6444s
	iters: 500, epoch: 10 | loss: 0.2334048
	speed: 0.0055s/iter; left time: 3.0867s
	iters: 600, epoch: 10 | loss: 0.1900654
	speed: 0.0055s/iter; left time: 2.5467s
	iters: 700, epoch: 10 | loss: 0.1661915
	speed: 0.0054s/iter; left time: 1.9713s
	iters: 800, epoch: 10 | loss: 0.1639451
	speed: 0.0055s/iter; left time: 1.4356s
	iters: 900, epoch: 10 | loss: 0.1951146
	speed: 0.0054s/iter; left time: 0.8810s
	iters: 1000, epoch: 10 | loss: 0.3045385
	speed: 0.0054s/iter; left time: 0.3383s
Epoch: 10 cost time: 6.4576733112335205
Epoch: 10, Steps: 1062 | Train Loss: 0.2360262 Vali Loss: 0.3920553 Test Loss: 0.2965843
EarlyStopping counter: 2 out of 3
Updating learning rate to 1.953125e-06
>>>>>>>testing : ETTh1_120_24_GRevagLinear_ETTh1_ftM_sl120_ll48_pl24_dm512_nh8_el2_dl1_df2048_fc1_ebtimeF_dtTrue_Exp_0<<<<<<<<<<<<<<<<<<<<<<<<<<<<<<<<<
test 2857
mse:0.2972278296947479, mae:0.3494482934474945
