Args in experiment:
Namespace(activation='gelu', batch_size=8, c_out=7, checkpoints='/spo/NewbornTime/tahir098/SVF/data/Extra/checkpoints/', d_ff=2048, d_layers=1, d_model=512, data='ETTh1', data_path='ETTh1.csv', dec_in=7, des='Exp', devices='0,1,2,3', distil=True, do_predict=False, dropout=0.05, e_layers=2, embed='timeF', embed_type=0, enc_in=7, factor=1, features='M', freq='h', gpu=0, individual=False, is_training=1, itr=1, label_len=48, learning_rate=0.001, loss='mse', lradj='type1', model='GRevagLinear', model_id='ETTh1_144_24', moving_avg=25, n_heads=8, num_workers=10, output_attention=False, patience=3, pred_len=24, root_path='./dataset/', seq_len=144, target='OT', test_flop=False, train_epochs=10, train_only=False, use_amp=False, use_gpu=True, use_multi_gpu=False)
Use GPU: cuda:0
>>>>>>>start training : ETTh1_144_24_GRevagLinear_ETTh1_ftM_sl144_ll48_pl24_dm512_nh8_el2_dl1_df2048_fc1_ebtimeF_dtTrue_Exp_0>>>>>>>>>>>>>>>>>>>>>>>>>>
train 8473
val 2857
test 2857
	iters: 100, epoch: 1 | loss: 0.1933631
	speed: 0.0121s/iter; left time: 126.5418s
	iters: 200, epoch: 1 | loss: 0.2432026
	speed: 0.0055s/iter; left time: 56.6551s
	iters: 300, epoch: 1 | loss: 0.2238403
	speed: 0.0054s/iter; left time: 55.1928s
	iters: 400, epoch: 1 | loss: 0.2097766
	speed: 0.0060s/iter; left time: 61.3344s
	iters: 500, epoch: 1 | loss: 0.3511619
	speed: 0.0055s/iter; left time: 55.8640s
	iters: 600, epoch: 1 | loss: 0.2853090
	speed: 0.0053s/iter; left time: 53.4171s
	iters: 700, epoch: 1 | loss: 0.2302047
	speed: 0.0054s/iter; left time: 52.9864s
	iters: 800, epoch: 1 | loss: 0.3519687
	speed: 0.0054s/iter; left time: 52.4442s
	iters: 900, epoch: 1 | loss: 0.3637575
	speed: 0.0055s/iter; left time: 53.3349s
	iters: 1000, epoch: 1 | loss: 0.2405121
	speed: 0.0054s/iter; left time: 51.3481s
Epoch: 1 cost time: 6.532892465591431
Epoch: 1, Steps: 1059 | Train Loss: 0.2765293 Vali Loss: 0.4234542 Test Loss: 0.3100140
Validation loss decreased (inf --> 0.423454).  Saving model ...
Updating learning rate to 0.001
	iters: 100, epoch: 2 | loss: 0.1781729
	speed: 0.0525s/iter; left time: 495.0965s
	iters: 200, epoch: 2 | loss: 0.2236700
	speed: 0.0054s/iter; left time: 49.9760s
	iters: 300, epoch: 2 | loss: 0.2687093
	speed: 0.0053s/iter; left time: 49.2993s
	iters: 400, epoch: 2 | loss: 0.2862721
	speed: 0.0059s/iter; left time: 53.4777s
	iters: 500, epoch: 2 | loss: 0.2377334
	speed: 0.0058s/iter; left time: 51.9966s
	iters: 600, epoch: 2 | loss: 0.2035126
	speed: 0.0054s/iter; left time: 48.6080s
	iters: 700, epoch: 2 | loss: 0.1392514
	speed: 0.0056s/iter; left time: 49.5424s
	iters: 800, epoch: 2 | loss: 0.2163091
	speed: 0.0056s/iter; left time: 48.7033s
	iters: 900, epoch: 2 | loss: 0.2281567
	speed: 0.0069s/iter; left time: 59.8879s
	iters: 1000, epoch: 2 | loss: 0.1991115
	speed: 0.0054s/iter; left time: 45.9983s
Epoch: 2 cost time: 6.725208520889282
Epoch: 2, Steps: 1059 | Train Loss: 0.2546221 Vali Loss: 0.4155498 Test Loss: 0.3048302
Validation loss decreased (0.423454 --> 0.415550).  Saving model ...
Updating learning rate to 0.0005
	iters: 100, epoch: 3 | loss: 0.2197530
	speed: 0.0526s/iter; left time: 440.4321s
	iters: 200, epoch: 3 | loss: 0.2291689
	speed: 0.0054s/iter; left time: 44.8861s
	iters: 300, epoch: 3 | loss: 0.2662280
	speed: 0.0056s/iter; left time: 45.3907s
	iters: 400, epoch: 3 | loss: 0.1872726
	speed: 0.0058s/iter; left time: 46.9976s
	iters: 500, epoch: 3 | loss: 0.2349349
	speed: 0.0051s/iter; left time: 40.3029s
	iters: 600, epoch: 3 | loss: 0.1966769
	speed: 0.0050s/iter; left time: 39.2749s
	iters: 700, epoch: 3 | loss: 0.2494803
	speed: 0.0051s/iter; left time: 39.2770s
	iters: 800, epoch: 3 | loss: 0.2422443
	speed: 0.0050s/iter; left time: 38.4992s
	iters: 900, epoch: 3 | loss: 0.1522659
	speed: 0.0052s/iter; left time: 39.2564s
	iters: 1000, epoch: 3 | loss: 0.2649423
	speed: 0.0051s/iter; left time: 37.9147s
Epoch: 3 cost time: 6.256133317947388
Epoch: 3, Steps: 1059 | Train Loss: 0.2413228 Vali Loss: 0.3946992 Test Loss: 0.3034962
Validation loss decreased (0.415550 --> 0.394699).  Saving model ...
Updating learning rate to 0.00025
	iters: 100, epoch: 4 | loss: 0.1598798
	speed: 0.0532s/iter; left time: 388.9768s
	iters: 200, epoch: 4 | loss: 0.2520782
	speed: 0.0055s/iter; left time: 39.6705s
	iters: 300, epoch: 4 | loss: 0.3176388
	speed: 0.0054s/iter; left time: 38.5871s
	iters: 400, epoch: 4 | loss: 0.2859569
	speed: 0.0061s/iter; left time: 42.8648s
	iters: 500, epoch: 4 | loss: 0.3124915
	speed: 0.0057s/iter; left time: 39.6247s
	iters: 600, epoch: 4 | loss: 0.1983259
	speed: 0.0054s/iter; left time: 37.0314s
	iters: 700, epoch: 4 | loss: 0.1946978
	speed: 0.0054s/iter; left time: 36.3989s
	iters: 800, epoch: 4 | loss: 0.1835129
	speed: 0.0056s/iter; left time: 36.9901s
	iters: 900, epoch: 4 | loss: 0.1770039
	speed: 0.0062s/iter; left time: 40.2211s
	iters: 1000, epoch: 4 | loss: 0.1924652
	speed: 0.0056s/iter; left time: 35.8999s
Epoch: 4 cost time: 6.677605390548706
Epoch: 4, Steps: 1059 | Train Loss: 0.2352278 Vali Loss: 0.3987917 Test Loss: 0.2979915
EarlyStopping counter: 1 out of 3
Updating learning rate to 0.000125
	iters: 100, epoch: 5 | loss: 0.2355381
	speed: 0.0518s/iter; left time: 323.7682s
	iters: 200, epoch: 5 | loss: 0.2017722
	speed: 0.0053s/iter; left time: 32.8816s
	iters: 300, epoch: 5 | loss: 0.2706127
	speed: 0.0053s/iter; left time: 32.2737s
	iters: 400, epoch: 5 | loss: 0.3375088
	speed: 0.0057s/iter; left time: 33.8821s
	iters: 500, epoch: 5 | loss: 0.5894955
	speed: 0.0056s/iter; left time: 32.6632s
	iters: 600, epoch: 5 | loss: 0.2218704
	speed: 0.0054s/iter; left time: 30.8959s
	iters: 700, epoch: 5 | loss: 0.2398276
	speed: 0.0054s/iter; left time: 30.5653s
	iters: 800, epoch: 5 | loss: 0.1408577
	speed: 0.0054s/iter; left time: 29.9677s
	iters: 900, epoch: 5 | loss: 0.2890773
	speed: 0.0055s/iter; left time: 30.0995s
	iters: 1000, epoch: 5 | loss: 0.1805166
	speed: 0.0055s/iter; left time: 29.5514s
Epoch: 5 cost time: 6.483392238616943
Epoch: 5, Steps: 1059 | Train Loss: 0.2319737 Vali Loss: 0.3950693 Test Loss: 0.2964786
EarlyStopping counter: 2 out of 3
Updating learning rate to 6.25e-05
	iters: 100, epoch: 6 | loss: 0.3715648
	speed: 0.0520s/iter; left time: 269.9648s
	iters: 200, epoch: 6 | loss: 0.1839995
	speed: 0.0054s/iter; left time: 27.4251s
	iters: 300, epoch: 6 | loss: 0.2013267
	speed: 0.0054s/iter; left time: 27.0278s
	iters: 400, epoch: 6 | loss: 0.2020949
	speed: 0.0058s/iter; left time: 28.5540s
	iters: 500, epoch: 6 | loss: 0.2318839
	speed: 0.0058s/iter; left time: 27.6990s
	iters: 600, epoch: 6 | loss: 0.2430885
	speed: 0.0055s/iter; left time: 25.8641s
	iters: 700, epoch: 6 | loss: 0.2170811
	speed: 0.0055s/iter; left time: 25.2397s
	iters: 800, epoch: 6 | loss: 0.1638837
	speed: 0.0055s/iter; left time: 24.8334s
	iters: 900, epoch: 6 | loss: 0.2210973
	speed: 0.0055s/iter; left time: 23.9751s
	iters: 1000, epoch: 6 | loss: 0.1497113
	speed: 0.0055s/iter; left time: 23.6398s
Epoch: 6 cost time: 6.570362329483032
Epoch: 6, Steps: 1059 | Train Loss: 0.2301376 Vali Loss: 0.3958488 Test Loss: 0.2958020
EarlyStopping counter: 3 out of 3
Early stopping
>>>>>>>testing : ETTh1_144_24_GRevagLinear_ETTh1_ftM_sl144_ll48_pl24_dm512_nh8_el2_dl1_df2048_fc1_ebtimeF_dtTrue_Exp_0<<<<<<<<<<<<<<<<<<<<<<<<<<<<<<<<<
test 2857
mse:0.3038734197616577, mae:0.35613322257995605
