Args in experiment:
Namespace(activation='gelu', batch_size=16, c_out=7, checkpoints='/spo/NewbornTime/tahir098/SVF/data/Extra/checkpoints/', d_ff=2048, d_layers=1, d_model=512, data='custom', data_path='electricity.csv', dec_in=7, des='Exp', devices='0,1,2,3', distil=True, do_predict=False, dropout=0.05, e_layers=2, embed='timeF', embed_type=0, enc_in=321, factor=1, features='M', freq='h', gpu=0, individual=False, is_training=1, itr=1, label_len=48, learning_rate=0.001, loss='mse', lradj='type1', model='RLinear', model_id='Electricity_96_24', moving_avg=25, n_heads=8, num_workers=10, output_attention=False, patience=3, pred_len=24, root_path='./dataset/', seq_len=96, target='OT', test_flop=False, train_epochs=10, train_only=False, use_amp=False, use_gpu=True, use_multi_gpu=False)
Use GPU: cuda:0
>>>>>>>start training : Electricity_96_24_RLinear_custom_ftM_sl96_ll48_pl24_dm512_nh8_el2_dl1_df2048_fc1_ebtimeF_dtTrue_Exp_0>>>>>>>>>>>>>>>>>>>>>>>>>>
train 18293
val 2609
test 5237
	iters: 100, epoch: 1 | loss: 0.2848858
	speed: 0.1906s/iter; left time: 2159.2887s
	iters: 200, epoch: 1 | loss: 0.2190128
	speed: 0.1807s/iter; left time: 2029.9661s
	iters: 300, epoch: 1 | loss: 0.2225557
	speed: 0.1784s/iter; left time: 1985.4758s
	iters: 400, epoch: 1 | loss: 0.1897517
	speed: 0.1779s/iter; left time: 1961.9077s
	iters: 500, epoch: 1 | loss: 0.1685690
	speed: 0.1800s/iter; left time: 1967.1340s
	iters: 600, epoch: 1 | loss: 0.2498266
	speed: 0.1880s/iter; left time: 2036.3988s
	iters: 700, epoch: 1 | loss: 0.2105965
	speed: 0.1845s/iter; left time: 1979.3374s
	iters: 800, epoch: 1 | loss: 0.1881487
	speed: 0.1809s/iter; left time: 1923.3355s
	iters: 900, epoch: 1 | loss: 0.1376246
	speed: 0.1901s/iter; left time: 2002.0927s
	iters: 1000, epoch: 1 | loss: 0.1707606
	speed: 0.2034s/iter; left time: 2122.1100s
	iters: 1100, epoch: 1 | loss: 0.1657647
	speed: 0.2001s/iter; left time: 2066.8869s
Epoch: 1 cost time: 213.26866269111633
Epoch: 1, Steps: 1143 | Train Loss: 0.2165834 Vali Loss: 0.1511183 Test Loss: 0.1656686
Validation loss decreased (inf --> 0.151118).  Saving model ...
Updating learning rate to 0.001
	iters: 100, epoch: 2 | loss: 0.2791370
	speed: 0.4675s/iter; left time: 4762.7465s
	iters: 200, epoch: 2 | loss: 0.1651249
	speed: 0.2265s/iter; left time: 2284.6067s
	iters: 300, epoch: 2 | loss: 0.1536060
	speed: 0.1836s/iter; left time: 1833.5026s
	iters: 400, epoch: 2 | loss: 0.1889207
	speed: 0.1824s/iter; left time: 1803.5821s
	iters: 500, epoch: 2 | loss: 0.2563882
	speed: 0.1824s/iter; left time: 1785.6923s
	iters: 600, epoch: 2 | loss: 0.2238093
	speed: 0.2065s/iter; left time: 2000.0984s
	iters: 700, epoch: 2 | loss: 0.1589424
	speed: 0.1831s/iter; left time: 1755.3644s
	iters: 800, epoch: 2 | loss: 0.1693417
	speed: 0.1835s/iter; left time: 1740.8869s
	iters: 900, epoch: 2 | loss: 0.2019500
	speed: 0.1829s/iter; left time: 1716.9441s
	iters: 1000, epoch: 2 | loss: 0.1511919
	speed: 0.1832s/iter; left time: 1701.5896s
	iters: 1100, epoch: 2 | loss: 0.1434133
	speed: 0.1830s/iter; left time: 1681.4595s
Epoch: 2 cost time: 219.33242177963257
Epoch: 2, Steps: 1143 | Train Loss: 0.1759980 Vali Loss: 0.1487647 Test Loss: 0.1631305
Validation loss decreased (0.151118 --> 0.148765).  Saving model ...
Updating learning rate to 0.0005
	iters: 100, epoch: 3 | loss: 0.1679580
	speed: 0.4321s/iter; left time: 3908.6218s
	iters: 200, epoch: 3 | loss: 0.1486113
	speed: 0.1970s/iter; left time: 1762.3935s
	iters: 300, epoch: 3 | loss: 0.1489026
	speed: 0.1814s/iter; left time: 1604.7721s
	iters: 400, epoch: 3 | loss: 0.1727883
	speed: 0.1824s/iter; left time: 1595.2731s
	iters: 500, epoch: 3 | loss: 0.1651698
	speed: 0.1823s/iter; left time: 1575.9266s
	iters: 600, epoch: 3 | loss: 0.1646342
	speed: 0.1823s/iter; left time: 1557.9031s
	iters: 700, epoch: 3 | loss: 0.1700850
	speed: 0.1772s/iter; left time: 1496.1129s
	iters: 800, epoch: 3 | loss: 0.1612582
	speed: 0.1816s/iter; left time: 1515.1701s
	iters: 900, epoch: 3 | loss: 0.1654560
	speed: 0.1882s/iter; left time: 1551.6968s
	iters: 1000, epoch: 3 | loss: 0.1583997
	speed: 0.2119s/iter; left time: 1725.6935s
	iters: 1100, epoch: 3 | loss: 0.1648567
	speed: 0.2227s/iter; left time: 1791.8565s
Epoch: 3 cost time: 218.4328372478485
Epoch: 3, Steps: 1143 | Train Loss: 0.1725008 Vali Loss: 0.1468924 Test Loss: 0.1610591
Validation loss decreased (0.148765 --> 0.146892).  Saving model ...
Updating learning rate to 0.00025
	iters: 100, epoch: 4 | loss: 0.2068501
	speed: 0.4811s/iter; left time: 3801.3368s
	iters: 200, epoch: 4 | loss: 0.1447955
	speed: 0.2066s/iter; left time: 1611.5961s
	iters: 300, epoch: 4 | loss: 0.1915852
	speed: 0.1915s/iter; left time: 1475.3018s
	iters: 400, epoch: 4 | loss: 0.1770836
	speed: 0.1897s/iter; left time: 1442.2204s
	iters: 500, epoch: 4 | loss: 0.1504876
	speed: 0.1896s/iter; left time: 1422.7327s
	iters: 600, epoch: 4 | loss: 0.1730922
	speed: 0.1901s/iter; left time: 1407.3145s
	iters: 700, epoch: 4 | loss: 0.1736434
	speed: 0.1864s/iter; left time: 1360.7516s
	iters: 800, epoch: 4 | loss: 0.2097460
	speed: 0.1875s/iter; left time: 1350.5576s
	iters: 900, epoch: 4 | loss: 0.1997727
	speed: 0.1981s/iter; left time: 1407.0645s
	iters: 1000, epoch: 4 | loss: 0.1473654
	speed: 0.1863s/iter; left time: 1304.6511s
	iters: 1100, epoch: 4 | loss: 0.1425092
	speed: 0.2065s/iter; left time: 1424.9873s
Epoch: 4 cost time: 222.19570517539978
Epoch: 4, Steps: 1143 | Train Loss: 0.1711550 Vali Loss: 0.1458013 Test Loss: 0.1597832
Validation loss decreased (0.146892 --> 0.145801).  Saving model ...
Updating learning rate to 0.000125
	iters: 100, epoch: 5 | loss: 0.1597317
	speed: 0.4550s/iter; left time: 3075.5163s
	iters: 200, epoch: 5 | loss: 0.1521590
	speed: 0.1825s/iter; left time: 1215.4874s
	iters: 300, epoch: 5 | loss: 0.1874086
	speed: 0.2120s/iter; left time: 1390.4439s
	iters: 400, epoch: 5 | loss: 0.1893758
	speed: 0.1896s/iter; left time: 1224.4135s
	iters: 500, epoch: 5 | loss: 0.1817305
	speed: 0.2112s/iter; left time: 1342.9505s
	iters: 600, epoch: 5 | loss: 0.1552259
	speed: 0.1878s/iter; left time: 1175.3767s
	iters: 700, epoch: 5 | loss: 0.1726661
	speed: 0.1878s/iter; left time: 1156.5022s
	iters: 800, epoch: 5 | loss: 0.1468948
	speed: 0.1988s/iter; left time: 1204.4200s
	iters: 900, epoch: 5 | loss: 0.1568518
	speed: 0.1980s/iter; left time: 1179.6276s
	iters: 1000, epoch: 5 | loss: 0.1293278
	speed: 0.1881s/iter; left time: 1101.9787s
	iters: 1100, epoch: 5 | loss: 0.1732018
	speed: 0.1881s/iter; left time: 1083.0323s
Epoch: 5 cost time: 223.19070529937744
Epoch: 5, Steps: 1143 | Train Loss: 0.1704356 Vali Loss: 0.1454948 Test Loss: 0.1594551
Validation loss decreased (0.145801 --> 0.145495).  Saving model ...
Updating learning rate to 6.25e-05
	iters: 100, epoch: 6 | loss: 0.1433899
	speed: 0.4475s/iter; left time: 2513.1328s
	iters: 200, epoch: 6 | loss: 0.1727468
	speed: 0.1955s/iter; left time: 1078.4301s
	iters: 300, epoch: 6 | loss: 0.1443428
	speed: 0.1816s/iter; left time: 983.6684s
	iters: 400, epoch: 6 | loss: 0.1441324
	speed: 0.1765s/iter; left time: 938.2773s
	iters: 500, epoch: 6 | loss: 0.1446672
	speed: 0.1693s/iter; left time: 883.1347s
	iters: 600, epoch: 6 | loss: 0.1552969
	speed: 0.1806s/iter; left time: 923.7406s
	iters: 700, epoch: 6 | loss: 0.1525988
	speed: 0.1779s/iter; left time: 892.2058s
	iters: 800, epoch: 6 | loss: 0.1446363
	speed: 0.2004s/iter; left time: 985.1551s
	iters: 900, epoch: 6 | loss: 0.1784326
	speed: 0.1946s/iter; left time: 936.9755s
	iters: 1000, epoch: 6 | loss: 0.1406228
	speed: 0.1785s/iter; left time: 841.6766s
	iters: 1100, epoch: 6 | loss: 0.2241858
	speed: 0.2151s/iter; left time: 992.7885s
Epoch: 6 cost time: 216.4902687072754
Epoch: 6, Steps: 1143 | Train Loss: 0.1701178 Vali Loss: 0.1453518 Test Loss: 0.1593146
Validation loss decreased (0.145495 --> 0.145352).  Saving model ...
Updating learning rate to 3.125e-05
	iters: 100, epoch: 7 | loss: 0.1880135
	speed: 0.4635s/iter; left time: 2073.4457s
	iters: 200, epoch: 7 | loss: 0.1842113
	speed: 0.1830s/iter; left time: 800.0644s
	iters: 300, epoch: 7 | loss: 0.1461660
	speed: 0.1843s/iter; left time: 787.6218s
	iters: 400, epoch: 7 | loss: 0.1614817
	speed: 0.1807s/iter; left time: 754.1643s
	iters: 500, epoch: 7 | loss: 0.1475005
	speed: 0.1836s/iter; left time: 747.6995s
	iters: 600, epoch: 7 | loss: 0.1461260
	speed: 0.1814s/iter; left time: 720.7674s
	iters: 700, epoch: 7 | loss: 0.1523050
	speed: 0.1996s/iter; left time: 773.0373s
	iters: 800, epoch: 7 | loss: 0.1993150
	speed: 0.2255s/iter; left time: 850.7646s
	iters: 900, epoch: 7 | loss: 0.1682425
	speed: 0.1934s/iter; left time: 710.5139s
	iters: 1000, epoch: 7 | loss: 0.1548454
	speed: 0.1809s/iter; left time: 646.2769s
	iters: 1100, epoch: 7 | loss: 0.1533267
	speed: 0.1829s/iter; left time: 635.1094s
Epoch: 7 cost time: 216.38522815704346
Epoch: 7, Steps: 1143 | Train Loss: 0.1699288 Vali Loss: 0.1452014 Test Loss: 0.1591713
Validation loss decreased (0.145352 --> 0.145201).  Saving model ...
Updating learning rate to 1.5625e-05
	iters: 100, epoch: 8 | loss: 0.1731942
	speed: 0.4510s/iter; left time: 1501.7404s
	iters: 200, epoch: 8 | loss: 0.1477406
	speed: 0.1847s/iter; left time: 596.4546s
	iters: 300, epoch: 8 | loss: 0.1530260
	speed: 0.1809s/iter; left time: 566.2084s
	iters: 400, epoch: 8 | loss: 0.2130169
	speed: 0.1964s/iter; left time: 595.2329s
	iters: 500, epoch: 8 | loss: 0.1522808
	speed: 0.1852s/iter; left time: 542.6664s
	iters: 600, epoch: 8 | loss: 0.1648223
	speed: 0.1876s/iter; left time: 530.9139s
	iters: 700, epoch: 8 | loss: 0.1836099
	speed: 0.1828s/iter; left time: 499.0042s
	iters: 800, epoch: 8 | loss: 0.1474999
	speed: 0.1838s/iter; left time: 483.3264s
	iters: 900, epoch: 8 | loss: 0.1700566
	speed: 0.1823s/iter; left time: 461.2559s
	iters: 1000, epoch: 8 | loss: 0.2075235
	speed: 0.1870s/iter; left time: 454.3148s
	iters: 1100, epoch: 8 | loss: 0.1608601
	speed: 0.1837s/iter; left time: 427.9275s
Epoch: 8 cost time: 213.07230162620544
Epoch: 8, Steps: 1143 | Train Loss: 0.1698553 Vali Loss: 0.1451757 Test Loss: 0.1591272
Validation loss decreased (0.145201 --> 0.145176).  Saving model ...
Updating learning rate to 7.8125e-06
	iters: 100, epoch: 9 | loss: 0.1658579
	speed: 0.4399s/iter; left time: 961.9963s
	iters: 200, epoch: 9 | loss: 0.1893107
	speed: 0.1825s/iter; left time: 380.7783s
	iters: 300, epoch: 9 | loss: 0.1725347
	speed: 0.1781s/iter; left time: 353.9498s
	iters: 400, epoch: 9 | loss: 0.1547230
	speed: 0.1761s/iter; left time: 332.2858s
	iters: 500, epoch: 9 | loss: 0.1554169
	speed: 0.1829s/iter; left time: 326.9125s
	iters: 600, epoch: 9 | loss: 0.1540935
	speed: 0.1826s/iter; left time: 307.9624s
	iters: 700, epoch: 9 | loss: 0.1802852
	speed: 0.1821s/iter; left time: 288.9138s
	iters: 800, epoch: 9 | loss: 0.1834401
	speed: 0.1829s/iter; left time: 272.0453s
	iters: 900, epoch: 9 | loss: 0.1558968
	speed: 0.1967s/iter; left time: 272.7626s
	iters: 1000, epoch: 9 | loss: 0.1642201
	speed: 0.1896s/iter; left time: 244.0697s
	iters: 1100, epoch: 9 | loss: 0.1490672
	speed: 0.1815s/iter; left time: 215.4447s
Epoch: 9 cost time: 210.13914442062378
Epoch: 9, Steps: 1143 | Train Loss: 0.1698188 Vali Loss: 0.1451871 Test Loss: 0.1591053
EarlyStopping counter: 1 out of 3
Updating learning rate to 3.90625e-06
	iters: 100, epoch: 10 | loss: 0.1577785
	speed: 0.4308s/iter; left time: 449.7034s
	iters: 200, epoch: 10 | loss: 0.1556702
	speed: 0.1824s/iter; left time: 172.2094s
	iters: 300, epoch: 10 | loss: 0.1714156
	speed: 0.1818s/iter; left time: 153.4349s
	iters: 400, epoch: 10 | loss: 0.1624780
	speed: 0.1799s/iter; left time: 133.8236s
	iters: 500, epoch: 10 | loss: 0.1702760
	speed: 0.1809s/iter; left time: 116.4736s
	iters: 600, epoch: 10 | loss: 0.1772013
	speed: 0.1803s/iter; left time: 98.1022s
	iters: 700, epoch: 10 | loss: 0.1410996
	speed: 0.1804s/iter; left time: 80.0905s
	iters: 800, epoch: 10 | loss: 0.1923671
	speed: 0.1800s/iter; left time: 61.9115s
	iters: 900, epoch: 10 | loss: 0.2075412
	speed: 0.1811s/iter; left time: 44.1840s
	iters: 1000, epoch: 10 | loss: 0.1571549
	speed: 0.1959s/iter; left time: 28.2127s
	iters: 1100, epoch: 10 | loss: 0.1758059
	speed: 0.1821s/iter; left time: 8.0143s
Epoch: 10 cost time: 209.28078651428223
Epoch: 10, Steps: 1143 | Train Loss: 0.1697763 Vali Loss: 0.1451560 Test Loss: 0.1590950
Validation loss decreased (0.145176 --> 0.145156).  Saving model ...
Updating learning rate to 1.953125e-06
>>>>>>>testing : Electricity_96_24_RLinear_custom_ftM_sl96_ll48_pl24_dm512_nh8_el2_dl1_df2048_fc1_ebtimeF_dtTrue_Exp_0<<<<<<<<<<<<<<<<<<<<<<<<<<<<<<<<<
test 5237
mse:0.15867578983306885, mae:0.24693229794502258
