Args in experiment:
Namespace(activation='gelu', batch_size=8, c_out=7, checkpoints='/spo/NewbornTime/tahir098/SVF/data/Extra/checkpoints/', d_ff=2048, d_layers=1, d_model=512, data='ETTh1', data_path='ETTh1.csv', dec_in=7, des='Exp', devices='0,1,2,3', distil=True, do_predict=False, dropout=0.05, e_layers=2, embed='timeF', embed_type=0, enc_in=7, factor=1, features='M', freq='h', gpu=0, individual=False, is_training=1, itr=1, label_len=48, learning_rate=0.001, loss='mse', lradj='type1', model='RLinear', model_id='ETTh1_336_48', moving_avg=25, n_heads=8, num_workers=10, output_attention=False, patience=3, pred_len=48, root_path='./dataset/', seq_len=336, target='OT', test_flop=False, train_epochs=10, train_only=False, use_amp=False, use_gpu=True, use_multi_gpu=False)
Use GPU: cuda:0
>>>>>>>start training : ETTh1_336_48_RLinear_ETTh1_ftM_sl336_ll48_pl48_dm512_nh8_el2_dl1_df2048_fc1_ebtimeF_dtTrue_Exp_0>>>>>>>>>>>>>>>>>>>>>>>>>>
train 8257
val 2833
test 2833
	iters: 100, epoch: 1 | loss: 0.3644339
	speed: 0.0167s/iter; left time: 170.4982s
	iters: 200, epoch: 1 | loss: 0.2538693
	speed: 0.0101s/iter; left time: 101.9488s
	iters: 300, epoch: 1 | loss: 0.3797919
	speed: 0.0110s/iter; left time: 110.5331s
	iters: 400, epoch: 1 | loss: 0.7220246
	speed: 0.0106s/iter; left time: 104.6783s
	iters: 500, epoch: 1 | loss: 0.2596251
	speed: 0.0099s/iter; left time: 97.1943s
	iters: 600, epoch: 1 | loss: 0.2636681
	speed: 0.0095s/iter; left time: 91.9937s
	iters: 700, epoch: 1 | loss: 0.3048287
	speed: 0.0100s/iter; left time: 95.9617s
	iters: 800, epoch: 1 | loss: 0.3414991
	speed: 0.0103s/iter; left time: 97.6351s
	iters: 900, epoch: 1 | loss: 0.4205128
	speed: 0.0107s/iter; left time: 101.2225s
	iters: 1000, epoch: 1 | loss: 0.2473464
	speed: 0.0103s/iter; left time: 95.8820s
Epoch: 1 cost time: 11.315072298049927
Epoch: 1, Steps: 1032 | Train Loss: 0.3344890 Vali Loss: 0.5622075 Test Loss: 0.3752119
Validation loss decreased (inf --> 0.562208).  Saving model ...
Updating learning rate to 0.001
	iters: 100, epoch: 2 | loss: 0.2667116
	speed: 0.0625s/iter; left time: 574.5705s
	iters: 200, epoch: 2 | loss: 0.2492610
	speed: 0.0106s/iter; left time: 96.1128s
	iters: 300, epoch: 2 | loss: 0.3161520
	speed: 0.0107s/iter; left time: 96.2049s
	iters: 400, epoch: 2 | loss: 0.2283244
	speed: 0.0102s/iter; left time: 90.2812s
	iters: 500, epoch: 2 | loss: 0.3840187
	speed: 0.0102s/iter; left time: 89.4489s
	iters: 600, epoch: 2 | loss: 0.3645634
	speed: 0.0109s/iter; left time: 94.8970s
	iters: 700, epoch: 2 | loss: 0.2757173
	speed: 0.0113s/iter; left time: 97.3621s
	iters: 800, epoch: 2 | loss: 0.2354411
	speed: 0.0106s/iter; left time: 90.2993s
	iters: 900, epoch: 2 | loss: 0.2707646
	speed: 0.0102s/iter; left time: 85.3407s
	iters: 1000, epoch: 2 | loss: 0.2238690
	speed: 0.0095s/iter; left time: 78.9807s
Epoch: 2 cost time: 11.400954961776733
Epoch: 2, Steps: 1032 | Train Loss: 0.3064773 Vali Loss: 0.5767552 Test Loss: 0.3731188
EarlyStopping counter: 1 out of 3
Updating learning rate to 0.0005
	iters: 100, epoch: 3 | loss: 0.3165069
	speed: 0.0612s/iter; left time: 499.4726s
	iters: 200, epoch: 3 | loss: 0.4003251
	speed: 0.0109s/iter; left time: 87.8048s
	iters: 300, epoch: 3 | loss: 0.2661161
	speed: 0.0110s/iter; left time: 87.6814s
	iters: 400, epoch: 3 | loss: 0.3172702
	speed: 0.0111s/iter; left time: 87.0250s
	iters: 500, epoch: 3 | loss: 0.3647481
	speed: 0.0113s/iter; left time: 87.6888s
	iters: 600, epoch: 3 | loss: 0.2850427
	speed: 0.0115s/iter; left time: 88.2722s
	iters: 700, epoch: 3 | loss: 0.3194670
	speed: 0.0103s/iter; left time: 77.7565s
	iters: 800, epoch: 3 | loss: 0.5988548
	speed: 0.0101s/iter; left time: 75.4333s
	iters: 900, epoch: 3 | loss: 0.6514421
	speed: 0.0104s/iter; left time: 76.7305s
	iters: 1000, epoch: 3 | loss: 0.2730189
	speed: 0.0101s/iter; left time: 72.9496s
Epoch: 3 cost time: 11.903976440429688
Epoch: 3, Steps: 1032 | Train Loss: 0.2907929 Vali Loss: 0.5281850 Test Loss: 0.3559755
Validation loss decreased (0.562208 --> 0.528185).  Saving model ...
Updating learning rate to 0.00025
	iters: 100, epoch: 4 | loss: 0.3306080
	speed: 0.0628s/iter; left time: 447.7918s
	iters: 200, epoch: 4 | loss: 0.2629969
	speed: 0.0106s/iter; left time: 74.5535s
	iters: 300, epoch: 4 | loss: 0.2537854
	speed: 0.0102s/iter; left time: 70.9742s
	iters: 400, epoch: 4 | loss: 0.3269416
	speed: 0.0109s/iter; left time: 74.4426s
	iters: 500, epoch: 4 | loss: 0.2342528
	speed: 0.0107s/iter; left time: 71.8088s
	iters: 600, epoch: 4 | loss: 0.2583919
	speed: 0.0097s/iter; left time: 64.1943s
	iters: 700, epoch: 4 | loss: 0.2292751
	speed: 0.0097s/iter; left time: 63.5240s
	iters: 800, epoch: 4 | loss: 0.2338608
	speed: 0.0103s/iter; left time: 65.9121s
	iters: 900, epoch: 4 | loss: 0.2837824
	speed: 0.0104s/iter; left time: 65.5645s
	iters: 1000, epoch: 4 | loss: 0.3916937
	speed: 0.0100s/iter; left time: 62.0308s
Epoch: 4 cost time: 11.356544017791748
Epoch: 4, Steps: 1032 | Train Loss: 0.2834419 Vali Loss: 0.5218214 Test Loss: 0.3497268
Validation loss decreased (0.528185 --> 0.521821).  Saving model ...
Updating learning rate to 0.000125
	iters: 100, epoch: 5 | loss: 0.3627826
	speed: 0.0612s/iter; left time: 372.7520s
	iters: 200, epoch: 5 | loss: 0.2611344
	speed: 0.0110s/iter; left time: 65.9199s
	iters: 300, epoch: 5 | loss: 0.3176788
	speed: 0.0100s/iter; left time: 59.1503s
	iters: 400, epoch: 5 | loss: 0.1781109
	speed: 0.0102s/iter; left time: 59.3410s
	iters: 500, epoch: 5 | loss: 0.2359373
	speed: 0.0108s/iter; left time: 61.6527s
	iters: 600, epoch: 5 | loss: 0.2283980
	speed: 0.0104s/iter; left time: 57.9004s
	iters: 700, epoch: 5 | loss: 0.2122008
	speed: 0.0100s/iter; left time: 55.0623s
	iters: 800, epoch: 5 | loss: 0.2851498
	speed: 0.0105s/iter; left time: 56.5523s
	iters: 900, epoch: 5 | loss: 0.3159624
	speed: 0.0108s/iter; left time: 57.2507s
	iters: 1000, epoch: 5 | loss: 0.2247796
	speed: 0.0104s/iter; left time: 53.9423s
Epoch: 5 cost time: 11.465937376022339
Epoch: 5, Steps: 1032 | Train Loss: 0.2800243 Vali Loss: 0.5162077 Test Loss: 0.3452593
Validation loss decreased (0.521821 --> 0.516208).  Saving model ...
Updating learning rate to 6.25e-05
	iters: 100, epoch: 6 | loss: 0.1909042
	speed: 0.0602s/iter; left time: 304.9016s
	iters: 200, epoch: 6 | loss: 0.2684038
	speed: 0.0110s/iter; left time: 54.6761s
	iters: 300, epoch: 6 | loss: 0.2443162
	speed: 0.0101s/iter; left time: 48.9791s
	iters: 400, epoch: 6 | loss: 0.2467805
	speed: 0.0098s/iter; left time: 46.8391s
	iters: 500, epoch: 6 | loss: 0.2888777
	speed: 0.0107s/iter; left time: 49.6734s
	iters: 600, epoch: 6 | loss: 0.1774306
	speed: 0.0106s/iter; left time: 48.4651s
	iters: 700, epoch: 6 | loss: 0.2363983
	speed: 0.0106s/iter; left time: 47.1158s
	iters: 800, epoch: 6 | loss: 0.3208686
	speed: 0.0109s/iter; left time: 47.7097s
	iters: 900, epoch: 6 | loss: 0.3863159
	speed: 0.0110s/iter; left time: 47.0655s
	iters: 1000, epoch: 6 | loss: 0.2413387
	speed: 0.0099s/iter; left time: 41.2825s
Epoch: 6 cost time: 11.574171781539917
Epoch: 6, Steps: 1032 | Train Loss: 0.2770349 Vali Loss: 0.5183651 Test Loss: 0.3441197
EarlyStopping counter: 1 out of 3
Updating learning rate to 3.125e-05
	iters: 100, epoch: 7 | loss: 0.2617055
	speed: 0.0608s/iter; left time: 245.0306s
	iters: 200, epoch: 7 | loss: 0.3107937
	speed: 0.0103s/iter; left time: 40.3153s
	iters: 300, epoch: 7 | loss: 0.3081662
	speed: 0.0097s/iter; left time: 37.1944s
	iters: 400, epoch: 7 | loss: 0.3070003
	speed: 0.0103s/iter; left time: 38.4345s
	iters: 500, epoch: 7 | loss: 0.2734432
	speed: 0.0103s/iter; left time: 37.3834s
	iters: 600, epoch: 7 | loss: 0.2936874
	speed: 0.0103s/iter; left time: 36.4316s
	iters: 700, epoch: 7 | loss: 0.3265581
	speed: 0.0102s/iter; left time: 34.9636s
	iters: 800, epoch: 7 | loss: 0.2077848
	speed: 0.0113s/iter; left time: 37.5331s
	iters: 900, epoch: 7 | loss: 0.3039008
	speed: 0.0105s/iter; left time: 33.8729s
	iters: 1000, epoch: 7 | loss: 0.1868089
	speed: 0.0102s/iter; left time: 31.9065s
Epoch: 7 cost time: 11.499611139297485
Epoch: 7, Steps: 1032 | Train Loss: 0.2764168 Vali Loss: 0.5170738 Test Loss: 0.3437971
EarlyStopping counter: 2 out of 3
Updating learning rate to 1.5625e-05
	iters: 100, epoch: 8 | loss: 0.2653950
	speed: 0.0611s/iter; left time: 183.0447s
	iters: 200, epoch: 8 | loss: 0.3434989
	speed: 0.0102s/iter; left time: 29.6078s
	iters: 300, epoch: 8 | loss: 0.2546700
	speed: 0.0106s/iter; left time: 29.6579s
	iters: 400, epoch: 8 | loss: 0.2530082
	speed: 0.0101s/iter; left time: 27.2354s
	iters: 500, epoch: 8 | loss: 0.2062684
	speed: 0.0103s/iter; left time: 26.6229s
	iters: 600, epoch: 8 | loss: 0.2609397
	speed: 0.0120s/iter; left time: 29.8722s
	iters: 700, epoch: 8 | loss: 0.2101195
	speed: 0.0105s/iter; left time: 25.2501s
	iters: 800, epoch: 8 | loss: 0.2886575
	speed: 0.0095s/iter; left time: 21.8768s
	iters: 900, epoch: 8 | loss: 0.2398695
	speed: 0.0105s/iter; left time: 23.0846s
	iters: 1000, epoch: 8 | loss: 0.2510657
	speed: 0.0102s/iter; left time: 21.4555s
Epoch: 8 cost time: 11.408332109451294
Epoch: 8, Steps: 1032 | Train Loss: 0.2754637 Vali Loss: 0.5168553 Test Loss: 0.3431934
EarlyStopping counter: 3 out of 3
Early stopping
>>>>>>>testing : ETTh1_336_48_RLinear_ETTh1_ftM_sl336_ll48_pl48_dm512_nh8_el2_dl1_df2048_fc1_ebtimeF_dtTrue_Exp_0<<<<<<<<<<<<<<<<<<<<<<<<<<<<<<<<<
test 2833
mse:0.345380038022995, mae:0.3765898048877716
