Args in experiment:
Namespace(activation='gelu', batch_size=8, c_out=7, checkpoints='/spo/NewbornTime/tahir098/SVF/data/Extra/checkpoints/', d_ff=2048, d_layers=1, d_model=512, data='ETTh1', data_path='ETTh1.csv', dec_in=7, des='Exp', devices='0,1,2,3', distil=True, do_predict=False, dropout=0.05, e_layers=2, embed='timeF', embed_type=0, enc_in=7, factor=1, features='M', freq='h', gpu=0, individual=False, is_training=1, itr=1, label_len=48, learning_rate=0.001, loss='mse', lradj='type1', model='RLinear', model_id='ETTh1_336_336', moving_avg=25, n_heads=8, num_workers=10, output_attention=False, patience=3, pred_len=336, root_path='./dataset/', seq_len=336, target='OT', test_flop=False, train_epochs=10, train_only=False, use_amp=False, use_gpu=True, use_multi_gpu=False)
Use GPU: cuda:0
>>>>>>>start training : ETTh1_336_336_RLinear_ETTh1_ftM_sl336_ll48_pl336_dm512_nh8_el2_dl1_df2048_fc1_ebtimeF_dtTrue_Exp_0>>>>>>>>>>>>>>>>>>>>>>>>>>
train 7969
val 2545
test 2545
	iters: 100, epoch: 1 | loss: 0.6786813
	speed: 0.0156s/iter; left time: 153.5266s
	iters: 200, epoch: 1 | loss: 0.5022792
	speed: 0.0099s/iter; left time: 96.3573s
	iters: 300, epoch: 1 | loss: 0.4555300
	speed: 0.0101s/iter; left time: 97.7951s
	iters: 400, epoch: 1 | loss: 0.6753262
	speed: 0.0104s/iter; left time: 99.1147s
	iters: 500, epoch: 1 | loss: 0.4125505
	speed: 0.0103s/iter; left time: 97.2012s
	iters: 600, epoch: 1 | loss: 0.5090333
	speed: 0.0104s/iter; left time: 97.2006s
	iters: 700, epoch: 1 | loss: 0.5120776
	speed: 0.0108s/iter; left time: 99.9823s
	iters: 800, epoch: 1 | loss: 0.4433506
	speed: 0.0106s/iter; left time: 97.5066s
	iters: 900, epoch: 1 | loss: 0.5968502
	speed: 0.0112s/iter; left time: 101.4368s
Epoch: 1 cost time: 11.206246137619019
Epoch: 1, Steps: 996 | Train Loss: 0.4940906 Vali Loss: 1.2615725 Test Loss: 0.4733593
Validation loss decreased (inf --> 1.261572).  Saving model ...
Updating learning rate to 0.001
	iters: 100, epoch: 2 | loss: 0.4286149
	speed: 0.0683s/iter; left time: 605.5419s
	iters: 200, epoch: 2 | loss: 0.4241616
	speed: 0.0103s/iter; left time: 90.6599s
	iters: 300, epoch: 2 | loss: 0.5141481
	speed: 0.0104s/iter; left time: 90.2660s
	iters: 400, epoch: 2 | loss: 0.3450111
	speed: 0.0104s/iter; left time: 88.9566s
	iters: 500, epoch: 2 | loss: 0.6427038
	speed: 0.0109s/iter; left time: 92.2569s
	iters: 600, epoch: 2 | loss: 0.5788733
	speed: 0.0094s/iter; left time: 78.6015s
	iters: 700, epoch: 2 | loss: 0.4679797
	speed: 0.0107s/iter; left time: 88.6569s
	iters: 800, epoch: 2 | loss: 0.4436090
	speed: 0.0102s/iter; left time: 82.9392s
	iters: 900, epoch: 2 | loss: 0.4090846
	speed: 0.0103s/iter; left time: 83.1150s
Epoch: 2 cost time: 11.048941612243652
Epoch: 2, Steps: 996 | Train Loss: 0.4704064 Vali Loss: 1.3376365 Test Loss: 0.4646059
EarlyStopping counter: 1 out of 3
Updating learning rate to 0.0005
	iters: 100, epoch: 3 | loss: 0.5849798
	speed: 0.0667s/iter; left time: 524.5284s
	iters: 200, epoch: 3 | loss: 0.6237038
	speed: 0.0111s/iter; left time: 86.4080s
	iters: 300, epoch: 3 | loss: 0.6555460
	speed: 0.0104s/iter; left time: 79.5571s
	iters: 400, epoch: 3 | loss: 0.4854667
	speed: 0.0100s/iter; left time: 75.5430s
	iters: 500, epoch: 3 | loss: 0.4607321
	speed: 0.0098s/iter; left time: 73.4010s
	iters: 600, epoch: 3 | loss: 0.3847428
	speed: 0.0103s/iter; left time: 75.8196s
	iters: 700, epoch: 3 | loss: 0.4203148
	speed: 0.0102s/iter; left time: 74.0819s
	iters: 800, epoch: 3 | loss: 0.4264117
	speed: 0.0106s/iter; left time: 75.6772s
	iters: 900, epoch: 3 | loss: 0.6075402
	speed: 0.0110s/iter; left time: 77.5812s
Epoch: 3 cost time: 11.218709707260132
Epoch: 3, Steps: 996 | Train Loss: 0.4521200 Vali Loss: 1.2543191 Test Loss: 0.4467322
Validation loss decreased (1.261572 --> 1.254319).  Saving model ...
Updating learning rate to 0.00025
	iters: 100, epoch: 4 | loss: 0.5391920
	speed: 0.0670s/iter; left time: 460.4048s
	iters: 200, epoch: 4 | loss: 0.4747913
	speed: 0.0111s/iter; left time: 75.2832s
	iters: 300, epoch: 4 | loss: 0.4806539
	speed: 0.0106s/iter; left time: 70.7474s
	iters: 400, epoch: 4 | loss: 0.4281759
	speed: 0.0109s/iter; left time: 71.3961s
	iters: 500, epoch: 4 | loss: 0.5138584
	speed: 0.0111s/iter; left time: 71.5800s
	iters: 600, epoch: 4 | loss: 0.5549566
	speed: 0.0105s/iter; left time: 66.7689s
	iters: 700, epoch: 4 | loss: 0.4526576
	speed: 0.0105s/iter; left time: 66.0903s
	iters: 800, epoch: 4 | loss: 0.4932816
	speed: 0.0110s/iter; left time: 67.7696s
	iters: 900, epoch: 4 | loss: 0.4806556
	speed: 0.0104s/iter; left time: 62.8759s
Epoch: 4 cost time: 11.39959454536438
Epoch: 4, Steps: 996 | Train Loss: 0.4426123 Vali Loss: 1.2849674 Test Loss: 0.4446615
EarlyStopping counter: 1 out of 3
Updating learning rate to 0.000125
	iters: 100, epoch: 5 | loss: 0.5183405
	speed: 0.0679s/iter; left time: 398.8138s
	iters: 200, epoch: 5 | loss: 0.5843552
	speed: 0.0109s/iter; left time: 63.1578s
	iters: 300, epoch: 5 | loss: 0.7150164
	speed: 0.0106s/iter; left time: 60.1706s
	iters: 400, epoch: 5 | loss: 0.4791776
	speed: 0.0112s/iter; left time: 62.3093s
	iters: 500, epoch: 5 | loss: 0.3832826
	speed: 0.0104s/iter; left time: 56.9869s
	iters: 600, epoch: 5 | loss: 0.6390780
	speed: 0.0099s/iter; left time: 53.2438s
	iters: 700, epoch: 5 | loss: 0.3768625
	speed: 0.0102s/iter; left time: 53.8095s
	iters: 800, epoch: 5 | loss: 0.2895059
	speed: 0.0106s/iter; left time: 54.7500s
	iters: 900, epoch: 5 | loss: 0.2996969
	speed: 0.0100s/iter; left time: 50.9157s
Epoch: 5 cost time: 11.057433843612671
Epoch: 5, Steps: 996 | Train Loss: 0.4375008 Vali Loss: 1.2503294 Test Loss: 0.4422278
Validation loss decreased (1.254319 --> 1.250329).  Saving model ...
Updating learning rate to 6.25e-05
	iters: 100, epoch: 6 | loss: 0.6336662
	speed: 0.0657s/iter; left time: 320.8176s
	iters: 200, epoch: 6 | loss: 0.4219261
	speed: 0.0104s/iter; left time: 49.6323s
	iters: 300, epoch: 6 | loss: 0.3517094
	speed: 0.0103s/iter; left time: 48.1146s
	iters: 400, epoch: 6 | loss: 0.4321683
	speed: 0.0097s/iter; left time: 44.6495s
	iters: 500, epoch: 6 | loss: 0.5250927
	speed: 0.0103s/iter; left time: 46.1817s
	iters: 600, epoch: 6 | loss: 0.4737918
	speed: 0.0103s/iter; left time: 45.0364s
	iters: 700, epoch: 6 | loss: 0.3696906
	speed: 0.0100s/iter; left time: 42.8045s
	iters: 800, epoch: 6 | loss: 0.3455041
	speed: 0.0104s/iter; left time: 43.3672s
	iters: 900, epoch: 6 | loss: 0.3809187
	speed: 0.0102s/iter; left time: 41.4861s
Epoch: 6 cost time: 10.87241530418396
Epoch: 6, Steps: 996 | Train Loss: 0.4348599 Vali Loss: 1.2507979 Test Loss: 0.4393590
EarlyStopping counter: 1 out of 3
Updating learning rate to 3.125e-05
	iters: 100, epoch: 7 | loss: 0.4360091
	speed: 0.0663s/iter; left time: 257.7463s
	iters: 200, epoch: 7 | loss: 0.3612641
	speed: 0.0104s/iter; left time: 39.1877s
	iters: 300, epoch: 7 | loss: 0.4325346
	speed: 0.0102s/iter; left time: 37.5513s
	iters: 400, epoch: 7 | loss: 0.5234725
	speed: 0.0101s/iter; left time: 36.3542s
	iters: 500, epoch: 7 | loss: 0.3571431
	speed: 0.0103s/iter; left time: 35.8181s
	iters: 600, epoch: 7 | loss: 0.3983952
	speed: 0.0101s/iter; left time: 34.1784s
	iters: 700, epoch: 7 | loss: 0.5566190
	speed: 0.0104s/iter; left time: 34.1222s
	iters: 800, epoch: 7 | loss: 0.5005787
	speed: 0.0100s/iter; left time: 31.8582s
	iters: 900, epoch: 7 | loss: 0.4953110
	speed: 0.0096s/iter; left time: 29.6101s
Epoch: 7 cost time: 10.78733515739441
Epoch: 7, Steps: 996 | Train Loss: 0.4337851 Vali Loss: 1.2524921 Test Loss: 0.4389274
EarlyStopping counter: 2 out of 3
Updating learning rate to 1.5625e-05
	iters: 100, epoch: 8 | loss: 0.4550986
	speed: 0.0656s/iter; left time: 189.3749s
	iters: 200, epoch: 8 | loss: 0.4985930
	speed: 0.0103s/iter; left time: 28.7639s
	iters: 300, epoch: 8 | loss: 0.3938632
	speed: 0.0113s/iter; left time: 30.5099s
	iters: 400, epoch: 8 | loss: 0.4227624
	speed: 0.0109s/iter; left time: 28.1411s
	iters: 500, epoch: 8 | loss: 0.3922454
	speed: 0.0103s/iter; left time: 25.6966s
	iters: 600, epoch: 8 | loss: 0.5160030
	speed: 0.0110s/iter; left time: 26.3413s
	iters: 700, epoch: 8 | loss: 0.4564598
	speed: 0.0103s/iter; left time: 23.6813s
	iters: 800, epoch: 8 | loss: 0.4024646
	speed: 0.0103s/iter; left time: 22.5702s
	iters: 900, epoch: 8 | loss: 0.3406514
	speed: 0.0104s/iter; left time: 21.7321s
Epoch: 8 cost time: 11.17355990409851
Epoch: 8, Steps: 996 | Train Loss: 0.4326599 Vali Loss: 1.2552795 Test Loss: 0.4388773
EarlyStopping counter: 3 out of 3
Early stopping
>>>>>>>testing : ETTh1_336_336_RLinear_ETTh1_ftM_sl336_ll48_pl336_dm512_nh8_el2_dl1_df2048_fc1_ebtimeF_dtTrue_Exp_0<<<<<<<<<<<<<<<<<<<<<<<<<<<<<<<<<
test 2545
mse:0.44167613983154297, mae:0.43828245997428894
