Args in experiment:
Namespace(activation='gelu', batch_size=8, c_out=7, checkpoints='/spo/NewbornTime/tahir098/SVF/data/Extra/checkpoints/', d_ff=2048, d_layers=1, d_model=512, data='ETTh1', data_path='ETTh1.csv', dec_in=7, des='Exp', devices='0,1,2,3', distil=True, do_predict=False, dropout=0.05, e_layers=2, embed='timeF', embed_type=0, enc_in=7, factor=1, features='M', freq='h', gpu=0, individual=False, is_training=1, itr=1, label_len=48, learning_rate=0.001, loss='mse', lradj='type1', model='RLinear', model_id='ETTh1_336_720', moving_avg=25, n_heads=8, num_workers=10, output_attention=False, patience=3, pred_len=720, root_path='./dataset/', seq_len=336, target='OT', test_flop=False, train_epochs=10, train_only=False, use_amp=False, use_gpu=True, use_multi_gpu=False)
Use GPU: cuda:0
>>>>>>>start training : ETTh1_336_720_RLinear_ETTh1_ftM_sl336_ll48_pl720_dm512_nh8_el2_dl1_df2048_fc1_ebtimeF_dtTrue_Exp_0>>>>>>>>>>>>>>>>>>>>>>>>>>
train 7585
val 2161
test 2161
	iters: 100, epoch: 1 | loss: 0.5951783
	speed: 0.0188s/iter; left time: 176.0836s
	iters: 200, epoch: 1 | loss: 0.6346841
	speed: 0.0118s/iter; left time: 109.6955s
	iters: 300, epoch: 1 | loss: 0.7137457
	speed: 0.0111s/iter; left time: 101.7952s
	iters: 400, epoch: 1 | loss: 0.7020950
	speed: 0.0114s/iter; left time: 103.1710s
	iters: 500, epoch: 1 | loss: 0.5850980
	speed: 0.0114s/iter; left time: 101.9420s
	iters: 600, epoch: 1 | loss: 0.5839155
	speed: 0.0118s/iter; left time: 104.6690s
	iters: 700, epoch: 1 | loss: 0.4813368
	speed: 0.0112s/iter; left time: 98.3144s
	iters: 800, epoch: 1 | loss: 0.6288257
	speed: 0.0118s/iter; left time: 102.6603s
	iters: 900, epoch: 1 | loss: 0.6252085
	speed: 0.0119s/iter; left time: 102.1523s
Epoch: 1 cost time: 11.768599271774292
Epoch: 1, Steps: 948 | Train Loss: 0.6120962 Vali Loss: 1.5480421 Test Loss: 0.4928764
Validation loss decreased (inf --> 1.548042).  Saving model ...
Updating learning rate to 0.001
	iters: 100, epoch: 2 | loss: 0.4819832
	speed: 0.0709s/iter; left time: 598.2500s
	iters: 200, epoch: 2 | loss: 0.6445363
	speed: 0.0118s/iter; left time: 98.4128s
	iters: 300, epoch: 2 | loss: 0.4908237
	speed: 0.0113s/iter; left time: 93.0846s
	iters: 400, epoch: 2 | loss: 0.5163860
	speed: 0.0115s/iter; left time: 93.6839s
	iters: 500, epoch: 2 | loss: 0.5711827
	speed: 0.0113s/iter; left time: 90.8440s
	iters: 600, epoch: 2 | loss: 0.5100156
	speed: 0.0114s/iter; left time: 90.6258s
	iters: 700, epoch: 2 | loss: 0.5212426
	speed: 0.0116s/iter; left time: 91.0917s
	iters: 800, epoch: 2 | loss: 0.4943008
	speed: 0.0111s/iter; left time: 85.7457s
	iters: 900, epoch: 2 | loss: 0.5584268
	speed: 0.0113s/iter; left time: 86.5049s
Epoch: 2 cost time: 11.63248085975647
Epoch: 2, Steps: 948 | Train Loss: 0.5875072 Vali Loss: 1.5519884 Test Loss: 0.4899253
EarlyStopping counter: 1 out of 3
Updating learning rate to 0.0005
	iters: 100, epoch: 3 | loss: 0.5494108
	speed: 0.0684s/iter; left time: 511.9020s
	iters: 200, epoch: 3 | loss: 0.6856124
	speed: 0.0118s/iter; left time: 87.1058s
	iters: 300, epoch: 3 | loss: 0.4821099
	speed: 0.0118s/iter; left time: 86.2399s
	iters: 400, epoch: 3 | loss: 0.5608170
	speed: 0.0115s/iter; left time: 82.6853s
	iters: 500, epoch: 3 | loss: 0.6172486
	speed: 0.0122s/iter; left time: 86.7854s
	iters: 600, epoch: 3 | loss: 0.6410816
	speed: 0.0118s/iter; left time: 82.5153s
	iters: 700, epoch: 3 | loss: 0.6426640
	speed: 0.0118s/iter; left time: 81.0017s
	iters: 800, epoch: 3 | loss: 0.4853238
	speed: 0.0120s/iter; left time: 81.2578s
	iters: 900, epoch: 3 | loss: 0.6341649
	speed: 0.0118s/iter; left time: 79.1184s
Epoch: 3 cost time: 11.912973880767822
Epoch: 3, Steps: 948 | Train Loss: 0.5668507 Vali Loss: 1.4978663 Test Loss: 0.4783733
Validation loss decreased (1.548042 --> 1.497866).  Saving model ...
Updating learning rate to 0.00025
	iters: 100, epoch: 4 | loss: 0.5134237
	speed: 0.0674s/iter; left time: 440.5839s
	iters: 200, epoch: 4 | loss: 0.5690318
	speed: 0.0124s/iter; left time: 80.0395s
	iters: 300, epoch: 4 | loss: 0.5927367
	speed: 0.0117s/iter; left time: 74.2418s
	iters: 400, epoch: 4 | loss: 0.5892540
	speed: 0.0124s/iter; left time: 77.1388s
	iters: 500, epoch: 4 | loss: 0.5814342
	speed: 0.0116s/iter; left time: 71.4362s
	iters: 600, epoch: 4 | loss: 0.4173979
	speed: 0.0115s/iter; left time: 69.2659s
	iters: 700, epoch: 4 | loss: 0.5327616
	speed: 0.0111s/iter; left time: 65.7594s
	iters: 800, epoch: 4 | loss: 0.4330031
	speed: 0.0117s/iter; left time: 68.5360s
	iters: 900, epoch: 4 | loss: 0.6067306
	speed: 0.0118s/iter; left time: 67.5679s
Epoch: 4 cost time: 11.913822174072266
Epoch: 4, Steps: 948 | Train Loss: 0.5571128 Vali Loss: 1.5083905 Test Loss: 0.4688519
EarlyStopping counter: 1 out of 3
Updating learning rate to 0.000125
	iters: 100, epoch: 5 | loss: 0.5537009
	speed: 0.0686s/iter; left time: 383.3193s
	iters: 200, epoch: 5 | loss: 0.4560649
	speed: 0.0112s/iter; left time: 61.2808s
	iters: 300, epoch: 5 | loss: 0.4135782
	speed: 0.0112s/iter; left time: 60.2214s
	iters: 400, epoch: 5 | loss: 0.5376258
	speed: 0.0116s/iter; left time: 61.4330s
	iters: 500, epoch: 5 | loss: 0.4628084
	speed: 0.0119s/iter; left time: 61.5837s
	iters: 600, epoch: 5 | loss: 0.5496129
	speed: 0.0115s/iter; left time: 58.5545s
	iters: 700, epoch: 5 | loss: 0.4127295
	speed: 0.0121s/iter; left time: 60.2872s
	iters: 800, epoch: 5 | loss: 0.4135086
	speed: 0.0122s/iter; left time: 59.7351s
	iters: 900, epoch: 5 | loss: 0.4483474
	speed: 0.0111s/iter; left time: 53.0771s
Epoch: 5 cost time: 11.749237775802612
Epoch: 5, Steps: 948 | Train Loss: 0.5509364 Vali Loss: 1.4939392 Test Loss: 0.4664461
Validation loss decreased (1.497866 --> 1.493939).  Saving model ...
Updating learning rate to 6.25e-05
	iters: 100, epoch: 6 | loss: 0.5205683
	speed: 0.0674s/iter; left time: 312.8910s
	iters: 200, epoch: 6 | loss: 0.4596169
	speed: 0.0115s/iter; left time: 52.3291s
	iters: 300, epoch: 6 | loss: 0.5233973
	speed: 0.0122s/iter; left time: 54.0856s
	iters: 400, epoch: 6 | loss: 0.6146496
	speed: 0.0117s/iter; left time: 50.7081s
	iters: 500, epoch: 6 | loss: 0.4942034
	speed: 0.0118s/iter; left time: 49.9928s
	iters: 600, epoch: 6 | loss: 0.4855582
	speed: 0.0116s/iter; left time: 47.9609s
	iters: 700, epoch: 6 | loss: 0.6070317
	speed: 0.0121s/iter; left time: 49.0430s
	iters: 800, epoch: 6 | loss: 0.5557893
	speed: 0.0113s/iter; left time: 44.6062s
	iters: 900, epoch: 6 | loss: 0.4408584
	speed: 0.0115s/iter; left time: 44.2861s
Epoch: 6 cost time: 11.800077438354492
Epoch: 6, Steps: 948 | Train Loss: 0.5481597 Vali Loss: 1.4884495 Test Loss: 0.4636461
Validation loss decreased (1.493939 --> 1.488449).  Saving model ...
Updating learning rate to 3.125e-05
	iters: 100, epoch: 7 | loss: 0.5064423
	speed: 0.0693s/iter; left time: 256.0826s
	iters: 200, epoch: 7 | loss: 0.6572289
	speed: 0.0119s/iter; left time: 42.7268s
	iters: 300, epoch: 7 | loss: 0.7291248
	speed: 0.0114s/iter; left time: 39.7988s
	iters: 400, epoch: 7 | loss: 0.4265994
	speed: 0.0114s/iter; left time: 38.6865s
	iters: 500, epoch: 7 | loss: 0.4582850
	speed: 0.0116s/iter; left time: 38.2106s
	iters: 600, epoch: 7 | loss: 0.5561460
	speed: 0.0115s/iter; left time: 36.5782s
	iters: 700, epoch: 7 | loss: 0.6323410
	speed: 0.0115s/iter; left time: 35.6346s
	iters: 800, epoch: 7 | loss: 0.5188684
	speed: 0.0114s/iter; left time: 34.1746s
	iters: 900, epoch: 7 | loss: 0.6932467
	speed: 0.0122s/iter; left time: 35.4246s
Epoch: 7 cost time: 11.849788904190063
Epoch: 7, Steps: 948 | Train Loss: 0.5464095 Vali Loss: 1.4871774 Test Loss: 0.4639848
Validation loss decreased (1.488449 --> 1.487177).  Saving model ...
Updating learning rate to 1.5625e-05
	iters: 100, epoch: 8 | loss: 0.5517438
	speed: 0.0684s/iter; left time: 187.6524s
	iters: 200, epoch: 8 | loss: 0.4662677
	speed: 0.0111s/iter; left time: 29.3290s
	iters: 300, epoch: 8 | loss: 0.4406320
	speed: 0.0111s/iter; left time: 28.3394s
	iters: 400, epoch: 8 | loss: 0.4973676
	speed: 0.0121s/iter; left time: 29.4914s
	iters: 500, epoch: 8 | loss: 0.5963369
	speed: 0.0113s/iter; left time: 26.5012s
	iters: 600, epoch: 8 | loss: 0.6073919
	speed: 0.0113s/iter; left time: 25.4227s
	iters: 700, epoch: 8 | loss: 0.5966721
	speed: 0.0111s/iter; left time: 23.8843s
	iters: 800, epoch: 8 | loss: 0.4809467
	speed: 0.0114s/iter; left time: 23.2976s
	iters: 900, epoch: 8 | loss: 0.5874428
	speed: 0.0112s/iter; left time: 21.7755s
Epoch: 8 cost time: 11.532998085021973
Epoch: 8, Steps: 948 | Train Loss: 0.5453322 Vali Loss: 1.4864907 Test Loss: 0.4640056
Validation loss decreased (1.487177 --> 1.486491).  Saving model ...
Updating learning rate to 7.8125e-06
	iters: 100, epoch: 9 | loss: 0.5273747
	speed: 0.0675s/iter; left time: 121.2186s
	iters: 200, epoch: 9 | loss: 0.5513768
	speed: 0.0119s/iter; left time: 20.2587s
	iters: 300, epoch: 9 | loss: 0.6754934
	speed: 0.0115s/iter; left time: 18.3867s
	iters: 400, epoch: 9 | loss: 0.6165258
	speed: 0.0117s/iter; left time: 17.4464s
	iters: 500, epoch: 9 | loss: 0.5288289
	speed: 0.0120s/iter; left time: 16.7091s
	iters: 600, epoch: 9 | loss: 0.4935680
	speed: 0.0111s/iter; left time: 14.3992s
	iters: 700, epoch: 9 | loss: 0.6206205
	speed: 0.0113s/iter; left time: 13.5621s
	iters: 800, epoch: 9 | loss: 0.5908771
	speed: 0.0121s/iter; left time: 13.3256s
	iters: 900, epoch: 9 | loss: 0.5601674
	speed: 0.0118s/iter; left time: 11.7634s
Epoch: 9 cost time: 11.819287776947021
Epoch: 9, Steps: 948 | Train Loss: 0.5450251 Vali Loss: 1.4858224 Test Loss: 0.4639726
Validation loss decreased (1.486491 --> 1.485822).  Saving model ...
Updating learning rate to 3.90625e-06
	iters: 100, epoch: 10 | loss: 0.5000982
	speed: 0.0664s/iter; left time: 56.3659s
	iters: 200, epoch: 10 | loss: 0.4993848
	speed: 0.0118s/iter; left time: 8.8399s
	iters: 300, epoch: 10 | loss: 0.4330845
	speed: 0.0114s/iter; left time: 7.4281s
	iters: 400, epoch: 10 | loss: 0.4687943
	speed: 0.0115s/iter; left time: 6.3181s
	iters: 500, epoch: 10 | loss: 0.4892429
	speed: 0.0107s/iter; left time: 4.8144s
	iters: 600, epoch: 10 | loss: 0.5357196
	speed: 0.0112s/iter; left time: 3.9103s
	iters: 700, epoch: 10 | loss: 0.4723580
	speed: 0.0114s/iter; left time: 2.8465s
	iters: 800, epoch: 10 | loss: 0.5049487
	speed: 0.0112s/iter; left time: 1.6714s
	iters: 900, epoch: 10 | loss: 0.5041081
	speed: 0.0112s/iter; left time: 0.5484s
Epoch: 10 cost time: 11.490442514419556
Epoch: 10, Steps: 948 | Train Loss: 0.5448655 Vali Loss: 1.4862802 Test Loss: 0.4640317
EarlyStopping counter: 1 out of 3
Updating learning rate to 1.953125e-06
>>>>>>>testing : ETTh1_336_720_RLinear_ETTh1_ftM_sl336_ll48_pl720_dm512_nh8_el2_dl1_df2048_fc1_ebtimeF_dtTrue_Exp_0<<<<<<<<<<<<<<<<<<<<<<<<<<<<<<<<<
test 2161
mse:0.46344518661499023, mae:0.4685859680175781
