Args in experiment:
Namespace(activation='gelu', batch_size=8, c_out=7, checkpoints='/spo/NewbornTime/tahir098/SVF/data/Extra/checkpoints/', d_ff=2048, d_layers=1, d_model=512, data='ETTh1', data_path='ETTh1.csv', dec_in=7, des='Exp', devices='0,1,2,3', distil=True, do_predict=False, dropout=0.05, e_layers=2, embed='timeF', embed_type=0, enc_in=7, factor=1, features='M', freq='h', gpu=0, individual=False, is_training=1, itr=1, label_len=48, learning_rate=0.001, loss='mse', lradj='type1', model='RLinear', model_id='ETTh1_96_24', moving_avg=25, n_heads=8, num_workers=10, output_attention=False, patience=3, pred_len=24, root_path='./dataset/', seq_len=96, target='OT', test_flop=False, train_epochs=10, train_only=False, use_amp=False, use_gpu=True, use_multi_gpu=False)
Use GPU: cuda:0
>>>>>>>start training : ETTh1_96_24_RLinear_ETTh1_ftM_sl96_ll48_pl24_dm512_nh8_el2_dl1_df2048_fc1_ebtimeF_dtTrue_Exp_0>>>>>>>>>>>>>>>>>>>>>>>>>>
train 8521
val 2857
test 2857
	iters: 100, epoch: 1 | loss: 0.3082945
	speed: 0.0143s/iter; left time: 151.3043s
	iters: 200, epoch: 1 | loss: 0.2806644
	speed: 0.0092s/iter; left time: 96.0449s
	iters: 300, epoch: 1 | loss: 0.2745907
	speed: 0.0091s/iter; left time: 94.0999s
	iters: 400, epoch: 1 | loss: 0.2177981
	speed: 0.0093s/iter; left time: 94.8466s
	iters: 500, epoch: 1 | loss: 0.2066049
	speed: 0.0084s/iter; left time: 85.0825s
	iters: 600, epoch: 1 | loss: 0.3747231
	speed: 0.0087s/iter; left time: 87.2432s
	iters: 700, epoch: 1 | loss: 0.2221103
	speed: 0.0087s/iter; left time: 86.5107s
	iters: 800, epoch: 1 | loss: 0.1911837
	speed: 0.0088s/iter; left time: 86.7484s
	iters: 900, epoch: 1 | loss: 0.2415061
	speed: 0.0089s/iter; left time: 86.5797s
	iters: 1000, epoch: 1 | loss: 0.3331128
	speed: 0.0086s/iter; left time: 83.4294s
Epoch: 1 cost time: 10.021583795547485
Epoch: 1, Steps: 1065 | Train Loss: 0.3013259 Vali Loss: 0.4090302 Test Loss: 0.3146217
Validation loss decreased (inf --> 0.409030).  Saving model ...
Updating learning rate to 0.001
	iters: 100, epoch: 2 | loss: 0.2158803
	speed: 0.0562s/iter; left time: 533.4387s
	iters: 200, epoch: 2 | loss: 0.3660242
	speed: 0.0094s/iter; left time: 88.6486s
	iters: 300, epoch: 2 | loss: 0.3219177
	speed: 0.0095s/iter; left time: 88.0298s
	iters: 400, epoch: 2 | loss: 0.2046746
	speed: 0.0095s/iter; left time: 87.1105s
	iters: 500, epoch: 2 | loss: 0.2451755
	speed: 0.0091s/iter; left time: 82.7916s
	iters: 600, epoch: 2 | loss: 0.2336753
	speed: 0.0093s/iter; left time: 83.4540s
	iters: 700, epoch: 2 | loss: 0.2018003
	speed: 0.0093s/iter; left time: 82.4875s
	iters: 800, epoch: 2 | loss: 0.3228208
	speed: 0.0096s/iter; left time: 84.5236s
	iters: 900, epoch: 2 | loss: 0.1879889
	speed: 0.0096s/iter; left time: 83.5451s
	iters: 1000, epoch: 2 | loss: 0.2011732
	speed: 0.0093s/iter; left time: 79.6466s
Epoch: 2 cost time: 10.577832460403442
Epoch: 2, Steps: 1065 | Train Loss: 0.2687832 Vali Loss: 0.4035114 Test Loss: 0.3070221
Validation loss decreased (0.409030 --> 0.403511).  Saving model ...
Updating learning rate to 0.0005
	iters: 100, epoch: 3 | loss: 0.2592279
	speed: 0.0572s/iter; left time: 481.4037s
	iters: 200, epoch: 3 | loss: 0.2454433
	speed: 0.0090s/iter; left time: 75.0989s
	iters: 300, epoch: 3 | loss: 0.2083610
	speed: 0.0090s/iter; left time: 74.1747s
	iters: 400, epoch: 3 | loss: 0.3341439
	speed: 0.0094s/iter; left time: 76.1222s
	iters: 500, epoch: 3 | loss: 0.3059881
	speed: 0.0092s/iter; left time: 74.1094s
	iters: 600, epoch: 3 | loss: 0.2889643
	speed: 0.0097s/iter; left time: 76.4722s
	iters: 700, epoch: 3 | loss: 0.2960500
	speed: 0.0092s/iter; left time: 71.9733s
	iters: 800, epoch: 3 | loss: 0.3308693
	speed: 0.0092s/iter; left time: 71.3264s
	iters: 900, epoch: 3 | loss: 0.2524657
	speed: 0.0092s/iter; left time: 70.2623s
	iters: 1000, epoch: 3 | loss: 0.2790277
	speed: 0.0110s/iter; left time: 82.5737s
Epoch: 3 cost time: 10.639816761016846
Epoch: 3, Steps: 1065 | Train Loss: 0.2625144 Vali Loss: 0.3938045 Test Loss: 0.3021755
Validation loss decreased (0.403511 --> 0.393805).  Saving model ...
Updating learning rate to 0.00025
	iters: 100, epoch: 4 | loss: 0.3074395
	speed: 0.0614s/iter; left time: 451.5007s
	iters: 200, epoch: 4 | loss: 0.2769895
	speed: 0.0093s/iter; left time: 67.6105s
	iters: 300, epoch: 4 | loss: 0.3942526
	speed: 0.0094s/iter; left time: 66.9903s
	iters: 400, epoch: 4 | loss: 0.2239722
	speed: 0.0094s/iter; left time: 66.4397s
	iters: 500, epoch: 4 | loss: 0.2422682
	speed: 0.0096s/iter; left time: 66.9834s
	iters: 600, epoch: 4 | loss: 0.2971062
	speed: 0.0094s/iter; left time: 64.7459s
	iters: 700, epoch: 4 | loss: 0.2836250
	speed: 0.0092s/iter; left time: 62.4437s
	iters: 800, epoch: 4 | loss: 0.3455266
	speed: 0.0093s/iter; left time: 62.0036s
	iters: 900, epoch: 4 | loss: 0.2683683
	speed: 0.0088s/iter; left time: 57.9223s
	iters: 1000, epoch: 4 | loss: 0.1966920
	speed: 0.0088s/iter; left time: 56.9810s
Epoch: 4 cost time: 10.422298431396484
Epoch: 4, Steps: 1065 | Train Loss: 0.2605214 Vali Loss: 0.3940448 Test Loss: 0.3018773
EarlyStopping counter: 1 out of 3
Updating learning rate to 0.000125
	iters: 100, epoch: 5 | loss: 0.1862113
	speed: 0.0565s/iter; left time: 355.7132s
	iters: 200, epoch: 5 | loss: 0.2565308
	speed: 0.0091s/iter; left time: 56.4795s
	iters: 300, epoch: 5 | loss: 0.5336567
	speed: 0.0093s/iter; left time: 56.6520s
	iters: 400, epoch: 5 | loss: 0.3781584
	speed: 0.0093s/iter; left time: 55.6890s
	iters: 500, epoch: 5 | loss: 0.1821581
	speed: 0.0094s/iter; left time: 55.0877s
	iters: 600, epoch: 5 | loss: 0.1743833
	speed: 0.0093s/iter; left time: 53.9862s
	iters: 700, epoch: 5 | loss: 0.1842185
	speed: 0.0093s/iter; left time: 52.9953s
	iters: 800, epoch: 5 | loss: 0.3196741
	speed: 0.0092s/iter; left time: 51.4196s
	iters: 900, epoch: 5 | loss: 0.2007004
	speed: 0.0094s/iter; left time: 51.8713s
	iters: 1000, epoch: 5 | loss: 0.2095401
	speed: 0.0093s/iter; left time: 50.0713s
Epoch: 5 cost time: 10.509064435958862
Epoch: 5, Steps: 1065 | Train Loss: 0.2591785 Vali Loss: 0.3928185 Test Loss: 0.3002647
Validation loss decreased (0.393805 --> 0.392819).  Saving model ...
Updating learning rate to 6.25e-05
	iters: 100, epoch: 6 | loss: 0.1830691
	speed: 0.0581s/iter; left time: 303.7135s
	iters: 200, epoch: 6 | loss: 0.2131306
	speed: 0.0090s/iter; left time: 46.1165s
	iters: 300, epoch: 6 | loss: 0.3400047
	speed: 0.0095s/iter; left time: 47.6920s
	iters: 400, epoch: 6 | loss: 0.3145565
	speed: 0.0093s/iter; left time: 45.6322s
	iters: 500, epoch: 6 | loss: 0.3665290
	speed: 0.0091s/iter; left time: 44.0176s
	iters: 600, epoch: 6 | loss: 0.2410490
	speed: 0.0094s/iter; left time: 44.3999s
	iters: 700, epoch: 6 | loss: 0.3802523
	speed: 0.0093s/iter; left time: 43.0605s
	iters: 800, epoch: 6 | loss: 0.2248961
	speed: 0.0094s/iter; left time: 42.5930s
	iters: 900, epoch: 6 | loss: 0.2889953
	speed: 0.0092s/iter; left time: 40.9296s
	iters: 1000, epoch: 6 | loss: 0.3111236
	speed: 0.0073s/iter; left time: 31.5004s
Epoch: 6 cost time: 10.102830171585083
Epoch: 6, Steps: 1065 | Train Loss: 0.2583585 Vali Loss: 0.3927829 Test Loss: 0.2997445
Validation loss decreased (0.392819 --> 0.392783).  Saving model ...
Updating learning rate to 3.125e-05
	iters: 100, epoch: 7 | loss: 0.3728908
	speed: 0.0556s/iter; left time: 231.2638s
	iters: 200, epoch: 7 | loss: 0.2646618
	speed: 0.0093s/iter; left time: 37.6440s
	iters: 300, epoch: 7 | loss: 0.2392043
	speed: 0.0091s/iter; left time: 36.2108s
	iters: 400, epoch: 7 | loss: 0.2584527
	speed: 0.0091s/iter; left time: 35.0882s
	iters: 500, epoch: 7 | loss: 0.1867260
	speed: 0.0091s/iter; left time: 34.3152s
	iters: 600, epoch: 7 | loss: 0.1649523
	speed: 0.0094s/iter; left time: 34.2578s
	iters: 700, epoch: 7 | loss: 0.2962261
	speed: 0.0094s/iter; left time: 33.3232s
	iters: 800, epoch: 7 | loss: 0.3930268
	speed: 0.0093s/iter; left time: 32.0704s
	iters: 900, epoch: 7 | loss: 0.2211843
	speed: 0.0099s/iter; left time: 33.2598s
	iters: 1000, epoch: 7 | loss: 0.3322606
	speed: 0.0093s/iter; left time: 30.2866s
Epoch: 7 cost time: 10.480608463287354
Epoch: 7, Steps: 1065 | Train Loss: 0.2582991 Vali Loss: 0.3925184 Test Loss: 0.2997025
Validation loss decreased (0.392783 --> 0.392518).  Saving model ...
Updating learning rate to 1.5625e-05
	iters: 100, epoch: 8 | loss: 0.2048914
	speed: 0.0575s/iter; left time: 178.0471s
	iters: 200, epoch: 8 | loss: 0.2518551
	speed: 0.0094s/iter; left time: 28.0819s
	iters: 300, epoch: 8 | loss: 0.2434440
	speed: 0.0093s/iter; left time: 27.0619s
	iters: 400, epoch: 8 | loss: 0.3186142
	speed: 0.0094s/iter; left time: 26.3086s
	iters: 500, epoch: 8 | loss: 0.2506338
	speed: 0.0086s/iter; left time: 23.3135s
	iters: 600, epoch: 8 | loss: 0.2284761
	speed: 0.0094s/iter; left time: 24.4479s
	iters: 700, epoch: 8 | loss: 0.3474706
	speed: 0.0090s/iter; left time: 22.3661s
	iters: 800, epoch: 8 | loss: 0.3346521
	speed: 0.0090s/iter; left time: 21.6338s
	iters: 900, epoch: 8 | loss: 0.2615887
	speed: 0.0090s/iter; left time: 20.6553s
	iters: 1000, epoch: 8 | loss: 0.2295292
	speed: 0.0090s/iter; left time: 19.7648s
Epoch: 8 cost time: 10.326642036437988
Epoch: 8, Steps: 1065 | Train Loss: 0.2582444 Vali Loss: 0.3925440 Test Loss: 0.2996787
EarlyStopping counter: 1 out of 3
Updating learning rate to 7.8125e-06
	iters: 100, epoch: 9 | loss: 0.2983043
	speed: 0.0556s/iter; left time: 112.8606s
	iters: 200, epoch: 9 | loss: 0.1982818
	speed: 0.0083s/iter; left time: 15.9673s
	iters: 300, epoch: 9 | loss: 0.2147012
	speed: 0.0082s/iter; left time: 14.9766s
	iters: 400, epoch: 9 | loss: 0.3334251
	speed: 0.0083s/iter; left time: 14.3876s
	iters: 500, epoch: 9 | loss: 0.3642029
	speed: 0.0084s/iter; left time: 13.6227s
	iters: 600, epoch: 9 | loss: 0.1874898
	speed: 0.0083s/iter; left time: 12.7283s
	iters: 700, epoch: 9 | loss: 0.3008099
	speed: 0.0082s/iter; left time: 11.7203s
	iters: 800, epoch: 9 | loss: 0.2321244
	speed: 0.0086s/iter; left time: 11.4606s
	iters: 900, epoch: 9 | loss: 0.2231018
	speed: 0.0091s/iter; left time: 11.1689s
	iters: 1000, epoch: 9 | loss: 0.1685812
	speed: 0.0094s/iter; left time: 10.5858s
Epoch: 9 cost time: 9.637146711349487
Epoch: 9, Steps: 1065 | Train Loss: 0.2584376 Vali Loss: 0.3925855 Test Loss: 0.2996405
EarlyStopping counter: 2 out of 3
Updating learning rate to 3.90625e-06
	iters: 100, epoch: 10 | loss: 0.3916436
	speed: 0.0574s/iter; left time: 55.4249s
	iters: 200, epoch: 10 | loss: 0.2117004
	speed: 0.0103s/iter; left time: 8.9434s
	iters: 300, epoch: 10 | loss: 0.3092990
	speed: 0.0102s/iter; left time: 7.8050s
	iters: 400, epoch: 10 | loss: 0.2082015
	speed: 0.0097s/iter; left time: 6.4387s
	iters: 500, epoch: 10 | loss: 0.3023549
	speed: 0.0103s/iter; left time: 5.8520s
	iters: 600, epoch: 10 | loss: 0.3146874
	speed: 0.0096s/iter; left time: 4.4670s
	iters: 700, epoch: 10 | loss: 0.2277017
	speed: 0.0092s/iter; left time: 3.3606s
	iters: 800, epoch: 10 | loss: 0.2426032
	speed: 0.0088s/iter; left time: 2.3291s
	iters: 900, epoch: 10 | loss: 0.2472038
	speed: 0.0075s/iter; left time: 1.2470s
	iters: 1000, epoch: 10 | loss: 0.3036623
	speed: 0.0093s/iter; left time: 0.6150s
Epoch: 10 cost time: 10.557551860809326
Epoch: 10, Steps: 1065 | Train Loss: 0.2579276 Vali Loss: 0.3925794 Test Loss: 0.2996348
EarlyStopping counter: 3 out of 3
Early stopping
>>>>>>>testing : ETTh1_96_24_RLinear_ETTh1_ftM_sl96_ll48_pl24_dm512_nh8_el2_dl1_df2048_fc1_ebtimeF_dtTrue_Exp_0<<<<<<<<<<<<<<<<<<<<<<<<<<<<<<<<<
test 2857
mse:0.30013224482536316, mae:0.3456737697124481
