Args in experiment:
Namespace(activation='gelu', batch_size=8, c_out=7, checkpoints='/spo/NewbornTime/tahir098/SVF/data/Extra/checkpoints/', d_ff=2048, d_layers=1, d_model=512, data='ETTh1', data_path='ETTh1.csv', dec_in=7, des='Exp', devices='0,1,2,3', distil=True, do_predict=False, dropout=0.05, e_layers=2, embed='timeF', embed_type=0, enc_in=7, factor=1, features='M', freq='h', gpu=0, individual=False, is_training=1, itr=1, label_len=48, learning_rate=0.001, loss='mse', lradj='type1', model='RLinear', model_id='ETTh1_720_24', moving_avg=25, n_heads=8, num_workers=10, output_attention=False, patience=3, pred_len=24, root_path='./dataset/', seq_len=720, target='OT', test_flop=False, train_epochs=10, train_only=False, use_amp=False, use_gpu=True, use_multi_gpu=False)
Use GPU: cuda:0
>>>>>>>start training : ETTh1_720_24_RLinear_ETTh1_ftM_sl720_ll48_pl24_dm512_nh8_el2_dl1_df2048_fc1_ebtimeF_dtTrue_Exp_0>>>>>>>>>>>>>>>>>>>>>>>>>>
train 7897
val 2857
test 2857
	iters: 100, epoch: 1 | loss: 0.3370928
	speed: 0.0170s/iter; left time: 166.0860s
	iters: 200, epoch: 1 | loss: 0.4555230
	speed: 0.0110s/iter; left time: 106.6783s
	iters: 300, epoch: 1 | loss: 0.4837368
	speed: 0.0095s/iter; left time: 91.1588s
	iters: 400, epoch: 1 | loss: 0.6193575
	speed: 0.0090s/iter; left time: 84.8551s
	iters: 500, epoch: 1 | loss: 0.2243989
	speed: 0.0089s/iter; left time: 83.6820s
	iters: 600, epoch: 1 | loss: 0.3892374
	speed: 0.0083s/iter; left time: 76.9175s
	iters: 700, epoch: 1 | loss: 0.2638439
	speed: 0.0112s/iter; left time: 102.4396s
	iters: 800, epoch: 1 | loss: 0.2269747
	speed: 0.0110s/iter; left time: 99.9296s
	iters: 900, epoch: 1 | loss: 0.3091681
	speed: 0.0093s/iter; left time: 83.0829s
Epoch: 1 cost time: 10.453083038330078
Epoch: 1, Steps: 987 | Train Loss: 0.3246079 Vali Loss: 0.5246747 Test Loss: 0.3656237
Validation loss decreased (inf --> 0.524675).  Saving model ...
Updating learning rate to 0.001
	iters: 100, epoch: 2 | loss: 0.2638238
	speed: 0.0670s/iter; left time: 588.6988s
	iters: 200, epoch: 2 | loss: 0.4018061
	speed: 0.0099s/iter; left time: 86.2437s
	iters: 300, epoch: 2 | loss: 0.2772716
	speed: 0.0109s/iter; left time: 93.5786s
	iters: 400, epoch: 2 | loss: 0.2776755
	speed: 0.0109s/iter; left time: 92.4141s
	iters: 500, epoch: 2 | loss: 0.3051884
	speed: 0.0103s/iter; left time: 86.1436s
	iters: 600, epoch: 2 | loss: 0.2137925
	speed: 0.0084s/iter; left time: 69.2641s
	iters: 700, epoch: 2 | loss: 0.3515679
	speed: 0.0094s/iter; left time: 77.2834s
	iters: 800, epoch: 2 | loss: 0.2034920
	speed: 0.0099s/iter; left time: 80.1242s
	iters: 900, epoch: 2 | loss: 0.3401668
	speed: 0.0105s/iter; left time: 83.7998s
Epoch: 2 cost time: 10.561936855316162
Epoch: 2, Steps: 987 | Train Loss: 0.2931210 Vali Loss: 0.5239734 Test Loss: 0.3577826
Validation loss decreased (0.524675 --> 0.523973).  Saving model ...
Updating learning rate to 0.0005
	iters: 100, epoch: 3 | loss: 0.2123293
	speed: 0.0662s/iter; left time: 516.4796s
	iters: 200, epoch: 3 | loss: 0.2553532
	speed: 0.0111s/iter; left time: 85.4825s
	iters: 300, epoch: 3 | loss: 0.2941171
	speed: 0.0098s/iter; left time: 74.1050s
	iters: 400, epoch: 3 | loss: 0.2719408
	speed: 0.0106s/iter; left time: 79.4841s
	iters: 500, epoch: 3 | loss: 0.2238542
	speed: 0.0113s/iter; left time: 83.4068s
	iters: 600, epoch: 3 | loss: 0.2290272
	speed: 0.0112s/iter; left time: 81.8162s
	iters: 700, epoch: 3 | loss: 0.2422499
	speed: 0.0113s/iter; left time: 81.1631s
	iters: 800, epoch: 3 | loss: 0.2817982
	speed: 0.0104s/iter; left time: 73.8126s
	iters: 900, epoch: 3 | loss: 0.2167248
	speed: 0.0114s/iter; left time: 79.5488s
Epoch: 3 cost time: 11.378952980041504
Epoch: 3, Steps: 987 | Train Loss: 0.2612006 Vali Loss: 0.4688483 Test Loss: 0.3377256
Validation loss decreased (0.523973 --> 0.468848).  Saving model ...
Updating learning rate to 0.00025
	iters: 100, epoch: 4 | loss: 0.2224642
	speed: 0.0706s/iter; left time: 481.1076s
	iters: 200, epoch: 4 | loss: 0.3617146
	speed: 0.0126s/iter; left time: 84.3398s
	iters: 300, epoch: 4 | loss: 0.2280287
	speed: 0.0109s/iter; left time: 72.1077s
	iters: 400, epoch: 4 | loss: 0.2377794
	speed: 0.0106s/iter; left time: 69.0567s
	iters: 500, epoch: 4 | loss: 0.2544169
	speed: 0.0104s/iter; left time: 66.9028s
	iters: 600, epoch: 4 | loss: 0.1640495
	speed: 0.0105s/iter; left time: 66.1966s
	iters: 700, epoch: 4 | loss: 0.2608507
	speed: 0.0102s/iter; left time: 63.0415s
	iters: 800, epoch: 4 | loss: 0.2602979
	speed: 0.0103s/iter; left time: 63.1251s
	iters: 900, epoch: 4 | loss: 0.3209749
	speed: 0.0100s/iter; left time: 60.0368s
Epoch: 4 cost time: 11.374253511428833
Epoch: 4, Steps: 987 | Train Loss: 0.2466790 Vali Loss: 0.4717105 Test Loss: 0.3249322
EarlyStopping counter: 1 out of 3
Updating learning rate to 0.000125
	iters: 100, epoch: 5 | loss: 0.3112268
	speed: 0.0667s/iter; left time: 388.6570s
	iters: 200, epoch: 5 | loss: 0.2924017
	speed: 0.0110s/iter; left time: 63.1213s
	iters: 300, epoch: 5 | loss: 0.4045810
	speed: 0.0105s/iter; left time: 59.2013s
	iters: 400, epoch: 5 | loss: 0.1768348
	speed: 0.0122s/iter; left time: 67.2178s
	iters: 500, epoch: 5 | loss: 0.1479199
	speed: 0.0100s/iter; left time: 54.0286s
	iters: 600, epoch: 5 | loss: 0.2334089
	speed: 0.0110s/iter; left time: 58.5407s
	iters: 700, epoch: 5 | loss: 0.3040607
	speed: 0.0112s/iter; left time: 58.6955s
	iters: 800, epoch: 5 | loss: 0.2198109
	speed: 0.0111s/iter; left time: 57.0622s
	iters: 900, epoch: 5 | loss: 0.2152811
	speed: 0.0110s/iter; left time: 55.0699s
Epoch: 5 cost time: 11.460793256759644
Epoch: 5, Steps: 987 | Train Loss: 0.2388380 Vali Loss: 0.4500659 Test Loss: 0.3178259
Validation loss decreased (0.468848 --> 0.450066).  Saving model ...
Updating learning rate to 6.25e-05
	iters: 100, epoch: 6 | loss: 0.3262430
	speed: 0.0679s/iter; left time: 328.5486s
	iters: 200, epoch: 6 | loss: 0.1639390
	speed: 0.0108s/iter; left time: 51.2441s
	iters: 300, epoch: 6 | loss: 0.3203811
	speed: 0.0113s/iter; left time: 52.4291s
	iters: 400, epoch: 6 | loss: 0.2776627
	speed: 0.0109s/iter; left time: 49.6526s
	iters: 500, epoch: 6 | loss: 0.3910100
	speed: 0.0106s/iter; left time: 46.9199s
	iters: 600, epoch: 6 | loss: 0.1900010
	speed: 0.0083s/iter; left time: 35.8760s
	iters: 700, epoch: 6 | loss: 0.1636952
	speed: 0.0084s/iter; left time: 35.6478s
	iters: 800, epoch: 6 | loss: 0.2334428
	speed: 0.0083s/iter; left time: 34.3268s
	iters: 900, epoch: 6 | loss: 0.2070976
	speed: 0.0084s/iter; left time: 33.7155s
Epoch: 6 cost time: 10.677707433700562
Epoch: 6, Steps: 987 | Train Loss: 0.2346421 Vali Loss: 0.4457839 Test Loss: 0.3146254
Validation loss decreased (0.450066 --> 0.445784).  Saving model ...
Updating learning rate to 3.125e-05
	iters: 100, epoch: 7 | loss: 0.2092906
	speed: 0.0735s/iter; left time: 283.0130s
	iters: 200, epoch: 7 | loss: 0.2627948
	speed: 0.0108s/iter; left time: 40.4933s
	iters: 300, epoch: 7 | loss: 0.1535565
	speed: 0.0108s/iter; left time: 39.3779s
	iters: 400, epoch: 7 | loss: 0.1881367
	speed: 0.0111s/iter; left time: 39.4570s
	iters: 500, epoch: 7 | loss: 0.2033503
	speed: 0.0108s/iter; left time: 37.1984s
	iters: 600, epoch: 7 | loss: 0.1746940
	speed: 0.0097s/iter; left time: 32.4537s
	iters: 700, epoch: 7 | loss: 0.2502153
	speed: 0.0096s/iter; left time: 31.3254s
	iters: 800, epoch: 7 | loss: 0.1956550
	speed: 0.0094s/iter; left time: 29.5023s
	iters: 900, epoch: 7 | loss: 0.3234617
	speed: 0.0101s/iter; left time: 30.7221s
Epoch: 7 cost time: 10.953042268753052
Epoch: 7, Steps: 987 | Train Loss: 0.2329025 Vali Loss: 0.4439292 Test Loss: 0.3136123
Validation loss decreased (0.445784 --> 0.443929).  Saving model ...
Updating learning rate to 1.5625e-05
	iters: 100, epoch: 8 | loss: 0.2495778
	speed: 0.0688s/iter; left time: 196.8911s
	iters: 200, epoch: 8 | loss: 0.2426203
	speed: 0.0103s/iter; left time: 28.4638s
	iters: 300, epoch: 8 | loss: 0.2260784
	speed: 0.0105s/iter; left time: 28.0243s
	iters: 400, epoch: 8 | loss: 0.1887216
	speed: 0.0110s/iter; left time: 28.0754s
	iters: 500, epoch: 8 | loss: 0.1947021
	speed: 0.0109s/iter; left time: 26.8198s
	iters: 600, epoch: 8 | loss: 0.1960123
	speed: 0.0111s/iter; left time: 26.3284s
	iters: 700, epoch: 8 | loss: 0.1805948
	speed: 0.0111s/iter; left time: 25.1134s
	iters: 800, epoch: 8 | loss: 0.3283349
	speed: 0.0106s/iter; left time: 22.8611s
	iters: 900, epoch: 8 | loss: 0.2389911
	speed: 0.0102s/iter; left time: 21.0948s
Epoch: 8 cost time: 11.269537687301636
Epoch: 8, Steps: 987 | Train Loss: 0.2313630 Vali Loss: 0.4434467 Test Loss: 0.3132854
Validation loss decreased (0.443929 --> 0.443447).  Saving model ...
Updating learning rate to 7.8125e-06
	iters: 100, epoch: 9 | loss: 0.1794447
	speed: 0.0705s/iter; left time: 132.2336s
	iters: 200, epoch: 9 | loss: 0.4637415
	speed: 0.0108s/iter; left time: 19.1363s
	iters: 300, epoch: 9 | loss: 0.1858291
	speed: 0.0131s/iter; left time: 21.9544s
	iters: 400, epoch: 9 | loss: 0.2500688
	speed: 0.0125s/iter; left time: 19.7259s
	iters: 500, epoch: 9 | loss: 0.1632129
	speed: 0.0103s/iter; left time: 15.1379s
	iters: 600, epoch: 9 | loss: 0.2004322
	speed: 0.0117s/iter; left time: 16.0767s
	iters: 700, epoch: 9 | loss: 0.2925776
	speed: 0.0116s/iter; left time: 14.8253s
	iters: 800, epoch: 9 | loss: 0.2607341
	speed: 0.0125s/iter; left time: 14.6699s
	iters: 900, epoch: 9 | loss: 0.2961251
	speed: 0.0108s/iter; left time: 11.6452s
Epoch: 9 cost time: 12.267701864242554
Epoch: 9, Steps: 987 | Train Loss: 0.2304311 Vali Loss: 0.4428615 Test Loss: 0.3129259
Validation loss decreased (0.443447 --> 0.442861).  Saving model ...
Updating learning rate to 3.90625e-06
	iters: 100, epoch: 10 | loss: 0.1649222
	speed: 0.0675s/iter; left time: 59.9684s
	iters: 200, epoch: 10 | loss: 0.2106036
	speed: 0.0096s/iter; left time: 7.5667s
	iters: 300, epoch: 10 | loss: 0.2497407
	speed: 0.0096s/iter; left time: 6.5743s
	iters: 400, epoch: 10 | loss: 0.2377812
	speed: 0.0098s/iter; left time: 5.7480s
	iters: 500, epoch: 10 | loss: 0.2304202
	speed: 0.0100s/iter; left time: 4.8802s
	iters: 600, epoch: 10 | loss: 0.3055911
	speed: 0.0080s/iter; left time: 3.0917s
	iters: 700, epoch: 10 | loss: 0.2154363
	speed: 0.0098s/iter; left time: 2.8311s
	iters: 800, epoch: 10 | loss: 0.2080013
	speed: 0.0097s/iter; left time: 1.8242s
	iters: 900, epoch: 10 | loss: 0.2108031
	speed: 0.0106s/iter; left time: 0.9355s
Epoch: 10 cost time: 10.357086420059204
Epoch: 10, Steps: 987 | Train Loss: 0.2301582 Vali Loss: 0.4424536 Test Loss: 0.3128547
Validation loss decreased (0.442861 --> 0.442454).  Saving model ...
Updating learning rate to 1.953125e-06
>>>>>>>testing : ETTh1_720_24_RLinear_ETTh1_ftM_sl720_ll48_pl24_dm512_nh8_el2_dl1_df2048_fc1_ebtimeF_dtTrue_Exp_0<<<<<<<<<<<<<<<<<<<<<<<<<<<<<<<<<
test 2857
mse:0.31295523047447205, mae:0.36355939507484436
