Args in experiment:
Namespace(activation='gelu', batch_size=8, c_out=7, checkpoints='/spo/NewbornTime/tahir098/SVF/data/Extra/checkpoints/', d_ff=2048, d_layers=1, d_model=512, data='ETTh1', data_path='ETTh1.csv', dec_in=7, des='Exp', devices='0,1,2,3', distil=True, do_predict=False, dropout=0.05, e_layers=2, embed='timeF', embed_type=0, enc_in=7, factor=1, features='M', freq='h', gpu=0, individual=False, is_training=1, itr=1, label_len=48, learning_rate=0.001, loss='mse', lradj='type1', model='RLinear', model_id='ETTh1_72_24', moving_avg=25, n_heads=8, num_workers=10, output_attention=False, patience=3, pred_len=24, root_path='./dataset/', seq_len=72, target='OT', test_flop=False, train_epochs=10, train_only=False, use_amp=False, use_gpu=True, use_multi_gpu=False)
Use GPU: cuda:0
>>>>>>>start training : ETTh1_72_24_RLinear_ETTh1_ftM_sl72_ll48_pl24_dm512_nh8_el2_dl1_df2048_fc1_ebtimeF_dtTrue_Exp_0>>>>>>>>>>>>>>>>>>>>>>>>>>
train 8545
val 2857
test 2857
	iters: 100, epoch: 1 | loss: 0.3839980
	speed: 0.0166s/iter; left time: 175.5721s
	iters: 200, epoch: 1 | loss: 0.3387826
	speed: 0.0116s/iter; left time: 121.5593s
	iters: 300, epoch: 1 | loss: 0.2746723
	speed: 0.0107s/iter; left time: 110.9047s
	iters: 400, epoch: 1 | loss: 0.3000453
	speed: 0.0096s/iter; left time: 98.2023s
	iters: 500, epoch: 1 | loss: 0.2337646
	speed: 0.0094s/iter; left time: 95.6211s
	iters: 600, epoch: 1 | loss: 0.3159809
	speed: 0.0098s/iter; left time: 98.6014s
	iters: 700, epoch: 1 | loss: 0.3739645
	speed: 0.0092s/iter; left time: 91.4317s
	iters: 800, epoch: 1 | loss: 0.2241151
	speed: 0.0092s/iter; left time: 90.6215s
	iters: 900, epoch: 1 | loss: 0.3485036
	speed: 0.0098s/iter; left time: 95.6801s
	iters: 1000, epoch: 1 | loss: 0.3284425
	speed: 0.0096s/iter; left time: 93.1644s
Epoch: 1 cost time: 11.24885606765747
Epoch: 1, Steps: 1068 | Train Loss: 0.3095290 Vali Loss: 0.4099106 Test Loss: 0.3123788
Validation loss decreased (inf --> 0.409911).  Saving model ...
Updating learning rate to 0.001
	iters: 100, epoch: 2 | loss: 0.2171369
	speed: 0.0610s/iter; left time: 580.3383s
	iters: 200, epoch: 2 | loss: 0.2842342
	speed: 0.0095s/iter; left time: 89.1347s
	iters: 300, epoch: 2 | loss: 0.3016148
	speed: 0.0094s/iter; left time: 87.2377s
	iters: 400, epoch: 2 | loss: 0.2958263
	speed: 0.0094s/iter; left time: 86.3682s
	iters: 500, epoch: 2 | loss: 0.3371527
	speed: 0.0092s/iter; left time: 83.7959s
	iters: 600, epoch: 2 | loss: 0.2832792
	speed: 0.0092s/iter; left time: 82.8514s
	iters: 700, epoch: 2 | loss: 0.4292349
	speed: 0.0092s/iter; left time: 82.0084s
	iters: 800, epoch: 2 | loss: 0.2573115
	speed: 0.0095s/iter; left time: 83.6224s
	iters: 900, epoch: 2 | loss: 0.3127601
	speed: 0.0095s/iter; left time: 82.3697s
	iters: 1000, epoch: 2 | loss: 0.2079000
	speed: 0.0105s/iter; left time: 90.0289s
Epoch: 2 cost time: 10.864472150802612
Epoch: 2, Steps: 1068 | Train Loss: 0.2755316 Vali Loss: 0.4025165 Test Loss: 0.3047008
Validation loss decreased (0.409911 --> 0.402517).  Saving model ...
Updating learning rate to 0.0005
	iters: 100, epoch: 3 | loss: 0.1923137
	speed: 0.0643s/iter; left time: 542.8282s
	iters: 200, epoch: 3 | loss: 0.2466657
	speed: 0.0107s/iter; left time: 88.9904s
	iters: 300, epoch: 3 | loss: 0.2229833
	speed: 0.0105s/iter; left time: 86.7853s
	iters: 400, epoch: 3 | loss: 0.2060848
	speed: 0.0099s/iter; left time: 80.8778s
	iters: 500, epoch: 3 | loss: 0.3158782
	speed: 0.0087s/iter; left time: 69.6648s
	iters: 600, epoch: 3 | loss: 0.1909289
	speed: 0.0088s/iter; left time: 70.0626s
	iters: 700, epoch: 3 | loss: 0.3072265
	speed: 0.0087s/iter; left time: 68.2020s
	iters: 800, epoch: 3 | loss: 0.3139747
	speed: 0.0092s/iter; left time: 70.8669s
	iters: 900, epoch: 3 | loss: 0.2025292
	speed: 0.0093s/iter; left time: 71.2913s
	iters: 1000, epoch: 3 | loss: 0.3455977
	speed: 0.0092s/iter; left time: 69.3259s
Epoch: 3 cost time: 10.92890977859497
Epoch: 3, Steps: 1068 | Train Loss: 0.2704499 Vali Loss: 0.3977784 Test Loss: 0.3008146
Validation loss decreased (0.402517 --> 0.397778).  Saving model ...
Updating learning rate to 0.00025
	iters: 100, epoch: 4 | loss: 0.2175946
	speed: 0.0617s/iter; left time: 454.9222s
	iters: 200, epoch: 4 | loss: 0.2377732
	speed: 0.0093s/iter; left time: 67.7164s
	iters: 300, epoch: 4 | loss: 0.2291121
	speed: 0.0094s/iter; left time: 67.4994s
	iters: 400, epoch: 4 | loss: 0.3106787
	speed: 0.0096s/iter; left time: 67.5968s
	iters: 500, epoch: 4 | loss: 0.2939659
	speed: 0.0099s/iter; left time: 69.2598s
	iters: 600, epoch: 4 | loss: 0.2318162
	speed: 0.0110s/iter; left time: 75.4264s
	iters: 700, epoch: 4 | loss: 0.2053669
	speed: 0.0112s/iter; left time: 76.1593s
	iters: 800, epoch: 4 | loss: 0.3333181
	speed: 0.0106s/iter; left time: 70.9022s
	iters: 900, epoch: 4 | loss: 0.2272965
	speed: 0.0092s/iter; left time: 60.6030s
	iters: 1000, epoch: 4 | loss: 0.2009342
	speed: 0.0096s/iter; left time: 61.8849s
Epoch: 4 cost time: 11.304261684417725
Epoch: 4, Steps: 1068 | Train Loss: 0.2689171 Vali Loss: 0.3975270 Test Loss: 0.2992284
Validation loss decreased (0.397778 --> 0.397527).  Saving model ...
Updating learning rate to 0.000125
	iters: 100, epoch: 5 | loss: 0.2613716
	speed: 0.0626s/iter; left time: 394.8958s
	iters: 200, epoch: 5 | loss: 0.2133884
	speed: 0.0091s/iter; left time: 56.7959s
	iters: 300, epoch: 5 | loss: 0.2886485
	speed: 0.0097s/iter; left time: 59.4214s
	iters: 400, epoch: 5 | loss: 0.2641267
	speed: 0.0106s/iter; left time: 63.4163s
	iters: 500, epoch: 5 | loss: 0.2024838
	speed: 0.0101s/iter; left time: 59.4223s
	iters: 600, epoch: 5 | loss: 0.4717929
	speed: 0.0092s/iter; left time: 53.2887s
	iters: 700, epoch: 5 | loss: 0.2103336
	speed: 0.0092s/iter; left time: 52.3491s
	iters: 800, epoch: 5 | loss: 0.2150257
	speed: 0.0102s/iter; left time: 57.1911s
	iters: 900, epoch: 5 | loss: 0.2198943
	speed: 0.0097s/iter; left time: 53.3639s
	iters: 1000, epoch: 5 | loss: 0.2752600
	speed: 0.0094s/iter; left time: 50.6915s
Epoch: 5 cost time: 11.041308879852295
Epoch: 5, Steps: 1068 | Train Loss: 0.2682798 Vali Loss: 0.3943707 Test Loss: 0.2984263
Validation loss decreased (0.397527 --> 0.394371).  Saving model ...
Updating learning rate to 6.25e-05
	iters: 100, epoch: 6 | loss: 0.2542093
	speed: 0.0618s/iter; left time: 323.9330s
	iters: 200, epoch: 6 | loss: 0.1387848
	speed: 0.0093s/iter; left time: 47.9550s
	iters: 300, epoch: 6 | loss: 0.2739801
	speed: 0.0094s/iter; left time: 47.2895s
	iters: 400, epoch: 6 | loss: 0.1672067
	speed: 0.0075s/iter; left time: 37.2849s
	iters: 500, epoch: 6 | loss: 0.3923530
	speed: 0.0073s/iter; left time: 35.1525s
	iters: 600, epoch: 6 | loss: 0.4783086
	speed: 0.0073s/iter; left time: 34.6711s
	iters: 700, epoch: 6 | loss: 0.1855027
	speed: 0.0094s/iter; left time: 43.5125s
	iters: 800, epoch: 6 | loss: 0.2658885
	speed: 0.0095s/iter; left time: 43.2257s
	iters: 900, epoch: 6 | loss: 0.2344047
	speed: 0.0099s/iter; left time: 43.9117s
	iters: 1000, epoch: 6 | loss: 0.3602550
	speed: 0.0098s/iter; left time: 42.3389s
Epoch: 6 cost time: 10.187739610671997
Epoch: 6, Steps: 1068 | Train Loss: 0.2673530 Vali Loss: 0.3944048 Test Loss: 0.2981227
EarlyStopping counter: 1 out of 3
Updating learning rate to 3.125e-05
	iters: 100, epoch: 7 | loss: 0.2004781
	speed: 0.0644s/iter; left time: 268.6409s
	iters: 200, epoch: 7 | loss: 0.3352014
	speed: 0.0112s/iter; left time: 45.5201s
	iters: 300, epoch: 7 | loss: 0.4374560
	speed: 0.0114s/iter; left time: 45.2246s
	iters: 400, epoch: 7 | loss: 0.3049464
	speed: 0.0114s/iter; left time: 44.1274s
	iters: 500, epoch: 7 | loss: 0.1855790
	speed: 0.0113s/iter; left time: 42.5266s
	iters: 600, epoch: 7 | loss: 0.2266333
	speed: 0.0112s/iter; left time: 41.1057s
	iters: 700, epoch: 7 | loss: 0.2357400
	speed: 0.0094s/iter; left time: 33.5332s
	iters: 800, epoch: 7 | loss: 0.2282215
	speed: 0.0111s/iter; left time: 38.4878s
	iters: 900, epoch: 7 | loss: 0.2632728
	speed: 0.0119s/iter; left time: 40.2365s
	iters: 1000, epoch: 7 | loss: 0.2057310
	speed: 0.0118s/iter; left time: 38.6300s
Epoch: 7 cost time: 12.659093856811523
Epoch: 7, Steps: 1068 | Train Loss: 0.2671382 Vali Loss: 0.3942535 Test Loss: 0.2979806
Validation loss decreased (0.394371 --> 0.394254).  Saving model ...
Updating learning rate to 1.5625e-05
	iters: 100, epoch: 8 | loss: 0.2804224
	speed: 0.0650s/iter; left time: 201.7476s
	iters: 200, epoch: 8 | loss: 0.1848897
	speed: 0.0119s/iter; left time: 35.8815s
	iters: 300, epoch: 8 | loss: 0.1743937
	speed: 0.0118s/iter; left time: 34.1409s
	iters: 400, epoch: 8 | loss: 0.2437256
	speed: 0.0118s/iter; left time: 33.0723s
	iters: 500, epoch: 8 | loss: 0.3446518
	speed: 0.0119s/iter; left time: 32.1034s
	iters: 600, epoch: 8 | loss: 0.2533673
	speed: 0.0118s/iter; left time: 30.8037s
	iters: 700, epoch: 8 | loss: 0.2537080
	speed: 0.0117s/iter; left time: 29.2612s
	iters: 800, epoch: 8 | loss: 0.2842521
	speed: 0.0123s/iter; left time: 29.5495s
	iters: 900, epoch: 8 | loss: 0.1328679
	speed: 0.0121s/iter; left time: 27.8670s
	iters: 1000, epoch: 8 | loss: 0.1840590
	speed: 0.0122s/iter; left time: 27.0012s
Epoch: 8 cost time: 13.40392541885376
Epoch: 8, Steps: 1068 | Train Loss: 0.2674569 Vali Loss: 0.3942222 Test Loss: 0.2979705
Validation loss decreased (0.394254 --> 0.394222).  Saving model ...
Updating learning rate to 7.8125e-06
	iters: 100, epoch: 9 | loss: 0.2304482
	speed: 0.0688s/iter; left time: 140.2151s
	iters: 200, epoch: 9 | loss: 0.2500375
	speed: 0.0117s/iter; left time: 22.6455s
	iters: 300, epoch: 9 | loss: 0.3427359
	speed: 0.0118s/iter; left time: 21.6272s
	iters: 400, epoch: 9 | loss: 0.4905948
	speed: 0.0117s/iter; left time: 20.3911s
	iters: 500, epoch: 9 | loss: 0.2791784
	speed: 0.0117s/iter; left time: 19.1849s
	iters: 600, epoch: 9 | loss: 0.2034109
	speed: 0.0116s/iter; left time: 17.8147s
	iters: 700, epoch: 9 | loss: 0.3713648
	speed: 0.0115s/iter; left time: 16.5892s
	iters: 800, epoch: 9 | loss: 0.2217002
	speed: 0.0117s/iter; left time: 15.6402s
	iters: 900, epoch: 9 | loss: 0.2173858
	speed: 0.0116s/iter; left time: 14.3611s
	iters: 1000, epoch: 9 | loss: 0.3340831
	speed: 0.0116s/iter; left time: 13.1907s
Epoch: 9 cost time: 13.130019903182983
Epoch: 9, Steps: 1068 | Train Loss: 0.2671428 Vali Loss: 0.3942850 Test Loss: 0.2979498
EarlyStopping counter: 1 out of 3
Updating learning rate to 3.90625e-06
	iters: 100, epoch: 10 | loss: 0.2067826
	speed: 0.0649s/iter; left time: 62.8647s
	iters: 200, epoch: 10 | loss: 0.1902703
	speed: 0.0095s/iter; left time: 8.2737s
	iters: 300, epoch: 10 | loss: 0.1890187
	speed: 0.0094s/iter; left time: 7.2550s
	iters: 400, epoch: 10 | loss: 0.2255917
	speed: 0.0094s/iter; left time: 6.2921s
	iters: 500, epoch: 10 | loss: 0.2032867
	speed: 0.0096s/iter; left time: 5.4669s
	iters: 600, epoch: 10 | loss: 0.2423467
	speed: 0.0094s/iter; left time: 4.3946s
	iters: 700, epoch: 10 | loss: 0.3085366
	speed: 0.0099s/iter; left time: 3.6468s
	iters: 800, epoch: 10 | loss: 0.3036497
	speed: 0.0096s/iter; left time: 2.5854s
	iters: 900, epoch: 10 | loss: 0.2431771
	speed: 0.0092s/iter; left time: 1.5480s
	iters: 1000, epoch: 10 | loss: 0.2232122
	speed: 0.0094s/iter; left time: 0.6509s
Epoch: 10 cost time: 10.914489507675171
Epoch: 10, Steps: 1068 | Train Loss: 0.2670653 Vali Loss: 0.3941782 Test Loss: 0.2979348
Validation loss decreased (0.394222 --> 0.394178).  Saving model ...
Updating learning rate to 1.953125e-06
>>>>>>>testing : ETTh1_72_24_RLinear_ETTh1_ftM_sl72_ll48_pl24_dm512_nh8_el2_dl1_df2048_fc1_ebtimeF_dtTrue_Exp_0<<<<<<<<<<<<<<<<<<<<<<<<<<<<<<<<<
test 2857
mse:0.2982421815395355, mae:0.34464165568351746
