Args in experiment:
Namespace(activation='gelu', batch_size=8, c_out=7, checkpoints='/spo/NewbornTime/tahir098/SVF/data/Extra/checkpoints/', d_ff=2048, d_layers=1, d_model=512, data='ETTh1', data_path='ETTh1.csv', dec_in=7, des='Exp', devices='0,1,2,3', distil=True, do_predict=False, dropout=0.05, e_layers=2, embed='timeF', embed_type=0, enc_in=7, factor=1, features='M', freq='h', gpu=0, individual=False, is_training=1, itr=1, label_len=48, learning_rate=0.001, loss='mse', lradj='type1', model='RLinear', model_id='ETTh1_672_24', moving_avg=25, n_heads=8, num_workers=10, output_attention=False, patience=3, pred_len=24, root_path='./dataset/', seq_len=672, target='OT', test_flop=False, train_epochs=10, train_only=False, use_amp=False, use_gpu=True, use_multi_gpu=False)
Use GPU: cuda:0
>>>>>>>start training : ETTh1_672_24_RLinear_ETTh1_ftM_sl672_ll48_pl24_dm512_nh8_el2_dl1_df2048_fc1_ebtimeF_dtTrue_Exp_0>>>>>>>>>>>>>>>>>>>>>>>>>>
train 7945
val 2857
test 2857
	iters: 100, epoch: 1 | loss: 0.3897864
	speed: 0.0172s/iter; left time: 169.4529s
	iters: 200, epoch: 1 | loss: 0.2375876
	speed: 0.0107s/iter; left time: 104.0123s
	iters: 300, epoch: 1 | loss: 0.2615803
	speed: 0.0110s/iter; left time: 105.7725s
	iters: 400, epoch: 1 | loss: 0.3681710
	speed: 0.0111s/iter; left time: 106.0548s
	iters: 500, epoch: 1 | loss: 0.2863928
	speed: 0.0088s/iter; left time: 82.7008s
	iters: 600, epoch: 1 | loss: 0.3891525
	speed: 0.0082s/iter; left time: 76.4057s
	iters: 700, epoch: 1 | loss: 0.3414501
	speed: 0.0082s/iter; left time: 75.4397s
	iters: 800, epoch: 1 | loss: 0.3700296
	speed: 0.0116s/iter; left time: 105.9281s
	iters: 900, epoch: 1 | loss: 0.4426406
	speed: 0.0108s/iter; left time: 97.9825s
Epoch: 1 cost time: 10.960816144943237
Epoch: 1, Steps: 993 | Train Loss: 0.3225891 Vali Loss: 0.5621907 Test Loss: 0.3632217
Validation loss decreased (inf --> 0.562191).  Saving model ...
Updating learning rate to 0.001
	iters: 100, epoch: 2 | loss: 0.3589806
	speed: 0.0741s/iter; left time: 654.9371s
	iters: 200, epoch: 2 | loss: 0.1975476
	speed: 0.0116s/iter; left time: 101.6329s
	iters: 300, epoch: 2 | loss: 0.2342688
	speed: 0.0098s/iter; left time: 84.7935s
	iters: 400, epoch: 2 | loss: 0.2452480
	speed: 0.0095s/iter; left time: 81.0680s
	iters: 500, epoch: 2 | loss: 0.2968097
	speed: 0.0111s/iter; left time: 93.6271s
	iters: 600, epoch: 2 | loss: 0.4203315
	speed: 0.0114s/iter; left time: 95.3823s
	iters: 700, epoch: 2 | loss: 0.3022099
	speed: 0.0111s/iter; left time: 91.1802s
	iters: 800, epoch: 2 | loss: 0.2481674
	speed: 0.0115s/iter; left time: 93.6580s
	iters: 900, epoch: 2 | loss: 0.1588784
	speed: 0.0110s/iter; left time: 88.6877s
Epoch: 2 cost time: 11.642829179763794
Epoch: 2, Steps: 993 | Train Loss: 0.2925934 Vali Loss: 0.5227820 Test Loss: 0.3611228
Validation loss decreased (0.562191 --> 0.522782).  Saving model ...
Updating learning rate to 0.0005
	iters: 100, epoch: 3 | loss: 0.3819521
	speed: 0.0708s/iter; left time: 555.6628s
	iters: 200, epoch: 3 | loss: 0.2270230
	speed: 0.0109s/iter; left time: 84.0933s
	iters: 300, epoch: 3 | loss: 0.1623922
	speed: 0.0106s/iter; left time: 81.1112s
	iters: 400, epoch: 3 | loss: 0.2253707
	speed: 0.0107s/iter; left time: 81.0113s
	iters: 500, epoch: 3 | loss: 0.2699342
	speed: 0.0098s/iter; left time: 72.8276s
	iters: 600, epoch: 3 | loss: 0.1718116
	speed: 0.0084s/iter; left time: 61.9807s
	iters: 700, epoch: 3 | loss: 0.1968347
	speed: 0.0077s/iter; left time: 55.7386s
	iters: 800, epoch: 3 | loss: 0.2833378
	speed: 0.0085s/iter; left time: 60.4882s
	iters: 900, epoch: 3 | loss: 0.3158194
	speed: 0.0112s/iter; left time: 78.9776s
Epoch: 3 cost time: 10.527042865753174
Epoch: 3, Steps: 993 | Train Loss: 0.2623809 Vali Loss: 0.4830157 Test Loss: 0.3350461
Validation loss decreased (0.522782 --> 0.483016).  Saving model ...
Updating learning rate to 0.00025
	iters: 100, epoch: 4 | loss: 0.2314691
	speed: 0.0715s/iter; left time: 489.5879s
	iters: 200, epoch: 4 | loss: 0.2665619
	speed: 0.0128s/iter; left time: 86.0921s
	iters: 300, epoch: 4 | loss: 0.2615101
	speed: 0.0119s/iter; left time: 79.0247s
	iters: 400, epoch: 4 | loss: 0.2388657
	speed: 0.0107s/iter; left time: 69.8296s
	iters: 500, epoch: 4 | loss: 0.2298141
	speed: 0.0112s/iter; left time: 72.3186s
	iters: 600, epoch: 4 | loss: 0.3561493
	speed: 0.0116s/iter; left time: 73.3774s
	iters: 700, epoch: 4 | loss: 0.2502829
	speed: 0.0110s/iter; left time: 68.7767s
	iters: 800, epoch: 4 | loss: 0.3545109
	speed: 0.0112s/iter; left time: 69.1610s
	iters: 900, epoch: 4 | loss: 0.3188226
	speed: 0.0112s/iter; left time: 68.0408s
Epoch: 4 cost time: 12.006149530410767
Epoch: 4, Steps: 993 | Train Loss: 0.2477200 Vali Loss: 0.4796062 Test Loss: 0.3222665
Validation loss decreased (0.483016 --> 0.479606).  Saving model ...
Updating learning rate to 0.000125
	iters: 100, epoch: 5 | loss: 0.2396590
	speed: 0.0682s/iter; left time: 399.7465s
	iters: 200, epoch: 5 | loss: 0.2465029
	speed: 0.0127s/iter; left time: 73.2283s
	iters: 300, epoch: 5 | loss: 0.2311698
	speed: 0.0120s/iter; left time: 67.9687s
	iters: 400, epoch: 5 | loss: 0.2444814
	speed: 0.0116s/iter; left time: 64.3318s
	iters: 500, epoch: 5 | loss: 0.5191575
	speed: 0.0113s/iter; left time: 61.4411s
	iters: 600, epoch: 5 | loss: 0.2700500
	speed: 0.0116s/iter; left time: 61.9479s
	iters: 700, epoch: 5 | loss: 0.3090764
	speed: 0.0119s/iter; left time: 62.5419s
	iters: 800, epoch: 5 | loss: 0.2343257
	speed: 0.0132s/iter; left time: 68.2158s
	iters: 900, epoch: 5 | loss: 0.2210619
	speed: 0.0109s/iter; left time: 55.3463s
Epoch: 5 cost time: 12.371827602386475
Epoch: 5, Steps: 993 | Train Loss: 0.2414345 Vali Loss: 0.4339399 Test Loss: 0.3177960
Validation loss decreased (0.479606 --> 0.433940).  Saving model ...
Updating learning rate to 6.25e-05
	iters: 100, epoch: 6 | loss: 0.2661012
	speed: 0.0715s/iter; left time: 347.9491s
	iters: 200, epoch: 6 | loss: 0.2636947
	speed: 0.0107s/iter; left time: 50.8357s
	iters: 300, epoch: 6 | loss: 0.2656851
	speed: 0.0112s/iter; left time: 52.3389s
	iters: 400, epoch: 6 | loss: 0.2011883
	speed: 0.0108s/iter; left time: 49.1256s
	iters: 500, epoch: 6 | loss: 0.1822229
	speed: 0.0103s/iter; left time: 45.9697s
	iters: 600, epoch: 6 | loss: 0.1918542
	speed: 0.0111s/iter; left time: 48.4379s
	iters: 700, epoch: 6 | loss: 0.3021666
	speed: 0.0114s/iter; left time: 48.7995s
	iters: 800, epoch: 6 | loss: 0.2444586
	speed: 0.0114s/iter; left time: 47.6916s
	iters: 900, epoch: 6 | loss: 0.2264186
	speed: 0.0101s/iter; left time: 40.9826s
Epoch: 6 cost time: 11.58309531211853
Epoch: 6, Steps: 993 | Train Loss: 0.2370069 Vali Loss: 0.4297161 Test Loss: 0.3140174
Validation loss decreased (0.433940 --> 0.429716).  Saving model ...
Updating learning rate to 3.125e-05
	iters: 100, epoch: 7 | loss: 0.2652065
	speed: 0.0712s/iter; left time: 275.6004s
	iters: 200, epoch: 7 | loss: 0.2021573
	speed: 0.0108s/iter; left time: 40.5648s
	iters: 300, epoch: 7 | loss: 0.2035749
	speed: 0.0110s/iter; left time: 40.2798s
	iters: 400, epoch: 7 | loss: 0.2212598
	speed: 0.0120s/iter; left time: 42.8707s
	iters: 500, epoch: 7 | loss: 0.1811853
	speed: 0.0106s/iter; left time: 36.7544s
	iters: 600, epoch: 7 | loss: 0.2782979
	speed: 0.0100s/iter; left time: 33.7734s
	iters: 700, epoch: 7 | loss: 0.1810999
	speed: 0.0109s/iter; left time: 35.7140s
	iters: 800, epoch: 7 | loss: 0.2728262
	speed: 0.0100s/iter; left time: 31.6549s
	iters: 900, epoch: 7 | loss: 0.2015581
	speed: 0.0101s/iter; left time: 31.1240s
Epoch: 7 cost time: 11.30417537689209
Epoch: 7, Steps: 993 | Train Loss: 0.2350811 Vali Loss: 0.4301611 Test Loss: 0.3124344
EarlyStopping counter: 1 out of 3
Updating learning rate to 1.5625e-05
	iters: 100, epoch: 8 | loss: 0.2056027
	speed: 0.0692s/iter; left time: 199.2231s
	iters: 200, epoch: 8 | loss: 0.1813368
	speed: 0.0102s/iter; left time: 28.3396s
	iters: 300, epoch: 8 | loss: 0.1599381
	speed: 0.0099s/iter; left time: 26.5792s
	iters: 400, epoch: 8 | loss: 0.2585993
	speed: 0.0106s/iter; left time: 27.3920s
	iters: 500, epoch: 8 | loss: 0.2675642
	speed: 0.0114s/iter; left time: 28.2180s
	iters: 600, epoch: 8 | loss: 0.2112614
	speed: 0.0107s/iter; left time: 25.5567s
	iters: 700, epoch: 8 | loss: 0.1749337
	speed: 0.0083s/iter; left time: 19.0313s
	iters: 800, epoch: 8 | loss: 0.2886322
	speed: 0.0117s/iter; left time: 25.5440s
	iters: 900, epoch: 8 | loss: 0.2362589
	speed: 0.0118s/iter; left time: 24.5265s
Epoch: 8 cost time: 11.383868932723999
Epoch: 8, Steps: 993 | Train Loss: 0.2337767 Vali Loss: 0.4299709 Test Loss: 0.3122757
EarlyStopping counter: 2 out of 3
Updating learning rate to 7.8125e-06
	iters: 100, epoch: 9 | loss: 0.2915202
	speed: 0.0710s/iter; left time: 134.0037s
	iters: 200, epoch: 9 | loss: 0.2716561
	speed: 0.0114s/iter; left time: 20.4267s
	iters: 300, epoch: 9 | loss: 0.2597195
	speed: 0.0080s/iter; left time: 13.4505s
	iters: 400, epoch: 9 | loss: 0.2287119
	speed: 0.0104s/iter; left time: 16.4318s
	iters: 500, epoch: 9 | loss: 0.2183000
	speed: 0.0118s/iter; left time: 17.5722s
	iters: 600, epoch: 9 | loss: 0.1828721
	speed: 0.0115s/iter; left time: 16.0184s
	iters: 700, epoch: 9 | loss: 0.2417186
	speed: 0.0114s/iter; left time: 14.7150s
	iters: 800, epoch: 9 | loss: 0.2385364
	speed: 0.0112s/iter; left time: 13.3021s
	iters: 900, epoch: 9 | loss: 0.2173732
	speed: 0.0122s/iter; left time: 13.2166s
Epoch: 9 cost time: 11.701054334640503
Epoch: 9, Steps: 993 | Train Loss: 0.2335331 Vali Loss: 0.4293039 Test Loss: 0.3120470
Validation loss decreased (0.429716 --> 0.429304).  Saving model ...
Updating learning rate to 3.90625e-06
	iters: 100, epoch: 10 | loss: 0.2538766
	speed: 0.0704s/iter; left time: 62.9172s
	iters: 200, epoch: 10 | loss: 0.3315847
	speed: 0.0112s/iter; left time: 8.8685s
	iters: 300, epoch: 10 | loss: 0.2042376
	speed: 0.0105s/iter; left time: 7.2670s
	iters: 400, epoch: 10 | loss: 0.2483177
	speed: 0.0089s/iter; left time: 5.2777s
	iters: 500, epoch: 10 | loss: 0.2190941
	speed: 0.0107s/iter; left time: 5.2905s
	iters: 600, epoch: 10 | loss: 0.2660488
	speed: 0.0107s/iter; left time: 4.2248s
	iters: 700, epoch: 10 | loss: 0.1975196
	speed: 0.0112s/iter; left time: 3.3030s
	iters: 800, epoch: 10 | loss: 0.1832679
	speed: 0.0102s/iter; left time: 1.9770s
	iters: 900, epoch: 10 | loss: 0.2772596
	speed: 0.0113s/iter; left time: 1.0642s
Epoch: 10 cost time: 11.365580797195435
Epoch: 10, Steps: 993 | Train Loss: 0.2331976 Vali Loss: 0.4289853 Test Loss: 0.3120349
Validation loss decreased (0.429304 --> 0.428985).  Saving model ...
Updating learning rate to 1.953125e-06
>>>>>>>testing : ETTh1_672_24_RLinear_ETTh1_ftM_sl672_ll48_pl24_dm512_nh8_el2_dl1_df2048_fc1_ebtimeF_dtTrue_Exp_0<<<<<<<<<<<<<<<<<<<<<<<<<<<<<<<<<
test 2857
mse:0.31223610043525696, mae:0.36275359988212585
