Args in experiment:
Namespace(activation='gelu', batch_size=8, c_out=7, checkpoints='/spo/NewbornTime/tahir098/SVF/data/Extra/checkpoints/', d_ff=2048, d_layers=1, d_model=512, data='ETTh1', data_path='ETTh1.csv', dec_in=7, des='Exp', devices='0,1,2,3', distil=True, do_predict=False, dropout=0.05, e_layers=2, embed='timeF', embed_type=0, enc_in=7, factor=1, features='M', freq='h', gpu=0, individual=False, is_training=1, itr=1, label_len=48, learning_rate=0.001, loss='mse', lradj='type1', model='DLinear', model_id='ETTh1_72_720', moving_avg=25, n_heads=8, num_workers=10, output_attention=False, patience=3, pred_len=720, root_path='./dataset/', seq_len=72, target='OT', test_flop=False, train_epochs=10, train_only=False, use_amp=False, use_gpu=True, use_multi_gpu=False)
Use GPU: cuda:0
>>>>>>>start training : ETTh1_72_720_DLinear_ETTh1_ftM_sl72_ll48_pl720_dm512_nh8_el2_dl1_df2048_fc1_ebtimeF_dtTrue_Exp_0>>>>>>>>>>>>>>>>>>>>>>>>>>
train 7849
val 2161
test 2161
	iters: 100, epoch: 1 | loss: 0.5985766
	speed: 0.0156s/iter; left time: 151.1661s
	iters: 200, epoch: 1 | loss: 0.4746525
	speed: 0.0096s/iter; left time: 92.2776s
	iters: 300, epoch: 1 | loss: 0.4557085
	speed: 0.0088s/iter; left time: 83.3873s
	iters: 400, epoch: 1 | loss: 0.5138378
	speed: 0.0097s/iter; left time: 91.1494s
	iters: 500, epoch: 1 | loss: 0.5886906
	speed: 0.0095s/iter; left time: 88.2837s
	iters: 600, epoch: 1 | loss: 0.5610969
	speed: 0.0090s/iter; left time: 82.5280s
	iters: 700, epoch: 1 | loss: 0.4761870
	speed: 0.0095s/iter; left time: 86.7653s
	iters: 800, epoch: 1 | loss: 0.4795023
	speed: 0.0099s/iter; left time: 88.8075s
	iters: 900, epoch: 1 | loss: 0.6167043
	speed: 0.0096s/iter; left time: 85.7853s
Epoch: 1 cost time: 9.94821572303772
Epoch: 1, Steps: 981 | Train Loss: 0.5811694 Vali Loss: 1.2536786 Test Loss: 0.5307668
Validation loss decreased (inf --> 1.253679).  Saving model ...
Updating learning rate to 0.001
	iters: 100, epoch: 2 | loss: 0.6281582
	speed: 0.0864s/iter; left time: 753.9551s
	iters: 200, epoch: 2 | loss: 0.5138341
	speed: 0.0095s/iter; left time: 81.9588s
	iters: 300, epoch: 2 | loss: 0.6417651
	speed: 0.0097s/iter; left time: 82.7931s
	iters: 400, epoch: 2 | loss: 0.5876860
	speed: 0.0097s/iter; left time: 81.7534s
	iters: 500, epoch: 2 | loss: 0.5610048
	speed: 0.0089s/iter; left time: 74.3986s
	iters: 600, epoch: 2 | loss: 0.4160454
	speed: 0.0097s/iter; left time: 79.5984s
	iters: 700, epoch: 2 | loss: 0.6666714
	speed: 0.0099s/iter; left time: 80.3657s
	iters: 800, epoch: 2 | loss: 0.5494969
	speed: 0.0093s/iter; left time: 74.6741s
	iters: 900, epoch: 2 | loss: 0.6235049
	speed: 0.0097s/iter; left time: 76.5684s
Epoch: 2 cost time: 10.13676404953003
Epoch: 2, Steps: 981 | Train Loss: 0.5589227 Vali Loss: 1.3335946 Test Loss: 0.5052807
EarlyStopping counter: 1 out of 3
Updating learning rate to 0.0005
	iters: 100, epoch: 3 | loss: 0.5941250
	speed: 0.0910s/iter; left time: 705.1694s
	iters: 200, epoch: 3 | loss: 0.6561271
	speed: 0.0097s/iter; left time: 74.4021s
	iters: 300, epoch: 3 | loss: 0.6124484
	speed: 0.0089s/iter; left time: 67.0329s
	iters: 400, epoch: 3 | loss: 0.6681408
	speed: 0.0098s/iter; left time: 72.6286s
	iters: 500, epoch: 3 | loss: 0.4488682
	speed: 0.0100s/iter; left time: 73.3538s
	iters: 600, epoch: 3 | loss: 0.5727407
	speed: 0.0090s/iter; left time: 65.5879s
	iters: 700, epoch: 3 | loss: 0.4849949
	speed: 0.0096s/iter; left time: 68.6649s
	iters: 800, epoch: 3 | loss: 0.4529359
	speed: 0.0096s/iter; left time: 67.5000s
	iters: 900, epoch: 3 | loss: 0.4493584
	speed: 0.0091s/iter; left time: 62.9078s
Epoch: 3 cost time: 10.123883724212646
Epoch: 3, Steps: 981 | Train Loss: 0.5544561 Vali Loss: 1.3005301 Test Loss: 0.5060819
EarlyStopping counter: 2 out of 3
Updating learning rate to 0.00025
	iters: 100, epoch: 4 | loss: 0.4529460
	speed: 0.0856s/iter; left time: 579.1521s
	iters: 200, epoch: 4 | loss: 0.4478496
	speed: 0.0095s/iter; left time: 63.6519s
	iters: 300, epoch: 4 | loss: 0.4392492
	speed: 0.0096s/iter; left time: 62.8002s
	iters: 400, epoch: 4 | loss: 0.6145568
	speed: 0.0097s/iter; left time: 62.4684s
	iters: 500, epoch: 4 | loss: 0.3814070
	speed: 0.0085s/iter; left time: 54.1912s
	iters: 600, epoch: 4 | loss: 0.5380784
	speed: 0.0096s/iter; left time: 60.4323s
	iters: 700, epoch: 4 | loss: 0.5322631
	speed: 0.0097s/iter; left time: 59.9933s
	iters: 800, epoch: 4 | loss: 0.6826508
	speed: 0.0088s/iter; left time: 53.3604s
	iters: 900, epoch: 4 | loss: 0.6733690
	speed: 0.0095s/iter; left time: 56.8099s
Epoch: 4 cost time: 9.966457605361938
Epoch: 4, Steps: 981 | Train Loss: 0.5523548 Vali Loss: 1.2608442 Test Loss: 0.5172997
EarlyStopping counter: 3 out of 3
Early stopping
>>>>>>>testing : ETTh1_72_720_DLinear_ETTh1_ftM_sl72_ll48_pl720_dm512_nh8_el2_dl1_df2048_fc1_ebtimeF_dtTrue_Exp_0<<<<<<<<<<<<<<<<<<<<<<<<<<<<<<<<<
test 2161
mse:0.5302438735961914, mae:0.519123375415802
