Args in experiment:
Namespace(activation='gelu', batch_size=8, c_out=7, checkpoints='/spo/NewbornTime/tahir098/SVF/data/Extra/checkpoints/', d_ff=2048, d_layers=1, d_model=512, data='ETTh1', data_path='ETTh1.csv', dec_in=7, des='Exp', devices='0,1,2,3', distil=True, do_predict=False, dropout=0.05, e_layers=2, embed='timeF', embed_type=0, enc_in=7, factor=1, features='M', freq='h', gpu=0, individual=False, is_training=1, itr=1, label_len=48, learning_rate=0.001, loss='mse', lradj='type1', model='DLinear', model_id='ETTh1_48_720', moving_avg=25, n_heads=8, num_workers=10, output_attention=False, patience=3, pred_len=720, root_path='./dataset/', seq_len=48, target='OT', test_flop=False, train_epochs=10, train_only=False, use_amp=False, use_gpu=True, use_multi_gpu=False)
Use GPU: cuda:0
>>>>>>>start training : ETTh1_48_720_DLinear_ETTh1_ftM_sl48_ll48_pl720_dm512_nh8_el2_dl1_df2048_fc1_ebtimeF_dtTrue_Exp_0>>>>>>>>>>>>>>>>>>>>>>>>>>
train 7873
val 2161
test 2161
	iters: 100, epoch: 1 | loss: 0.4716109
	speed: 0.0102s/iter; left time: 99.5392s
	iters: 200, epoch: 1 | loss: 0.4784996
	speed: 0.0046s/iter; left time: 43.9725s
	iters: 300, epoch: 1 | loss: 0.4868980
	speed: 0.0044s/iter; left time: 42.2322s
	iters: 400, epoch: 1 | loss: 0.8082564
	speed: 0.0050s/iter; left time: 47.3958s
	iters: 500, epoch: 1 | loss: 0.5975392
	speed: 0.0046s/iter; left time: 42.9388s
	iters: 600, epoch: 1 | loss: 0.4536852
	speed: 0.0047s/iter; left time: 43.2932s
	iters: 700, epoch: 1 | loss: 0.6373432
	speed: 0.0048s/iter; left time: 43.8094s
	iters: 800, epoch: 1 | loss: 0.6675033
	speed: 0.0046s/iter; left time: 41.3732s
	iters: 900, epoch: 1 | loss: 0.5519919
	speed: 0.0046s/iter; left time: 40.7588s
Epoch: 1 cost time: 5.220634698867798
Epoch: 1, Steps: 984 | Train Loss: 0.5964363 Vali Loss: 1.2936003 Test Loss: 0.5337763
Validation loss decreased (inf --> 1.293600).  Saving model ...
Updating learning rate to 0.001
	iters: 100, epoch: 2 | loss: 0.6994709
	speed: 0.0471s/iter; left time: 412.3540s
	iters: 200, epoch: 2 | loss: 0.6236916
	speed: 0.0041s/iter; left time: 35.6249s
	iters: 300, epoch: 2 | loss: 0.5217341
	speed: 0.0049s/iter; left time: 42.1970s
	iters: 400, epoch: 2 | loss: 0.5877207
	speed: 0.0048s/iter; left time: 40.9481s
	iters: 500, epoch: 2 | loss: 0.5210797
	speed: 0.0047s/iter; left time: 39.4611s
	iters: 600, epoch: 2 | loss: 0.5664009
	speed: 0.0044s/iter; left time: 36.6037s
	iters: 700, epoch: 2 | loss: 0.6975608
	speed: 0.0045s/iter; left time: 36.3484s
	iters: 800, epoch: 2 | loss: 0.5588715
	speed: 0.0045s/iter; left time: 36.2485s
	iters: 900, epoch: 2 | loss: 0.4771379
	speed: 0.0046s/iter; left time: 36.2414s
Epoch: 2 cost time: 5.138752698898315
Epoch: 2, Steps: 984 | Train Loss: 0.5714228 Vali Loss: 1.3137355 Test Loss: 0.5249805
EarlyStopping counter: 1 out of 3
Updating learning rate to 0.0005
	iters: 100, epoch: 3 | loss: 0.5798929
	speed: 0.0481s/iter; left time: 373.7799s
	iters: 200, epoch: 3 | loss: 0.4456177
	speed: 0.0046s/iter; left time: 35.2047s
	iters: 300, epoch: 3 | loss: 0.5831156
	speed: 0.0045s/iter; left time: 33.7616s
	iters: 400, epoch: 3 | loss: 0.6578650
	speed: 0.0044s/iter; left time: 32.9413s
	iters: 500, epoch: 3 | loss: 0.6157842
	speed: 0.0042s/iter; left time: 30.9751s
	iters: 600, epoch: 3 | loss: 0.5856673
	speed: 0.0045s/iter; left time: 32.9126s
	iters: 700, epoch: 3 | loss: 0.5476766
	speed: 0.0047s/iter; left time: 33.6168s
	iters: 800, epoch: 3 | loss: 0.6673045
	speed: 0.0049s/iter; left time: 34.5552s
	iters: 900, epoch: 3 | loss: 0.4513124
	speed: 0.0047s/iter; left time: 32.6042s
Epoch: 3 cost time: 5.1878814697265625
Epoch: 3, Steps: 984 | Train Loss: 0.5675490 Vali Loss: 1.2986735 Test Loss: 0.5268841
EarlyStopping counter: 2 out of 3
Updating learning rate to 0.00025
	iters: 100, epoch: 4 | loss: 0.4144163
	speed: 0.0494s/iter; left time: 335.0635s
	iters: 200, epoch: 4 | loss: 0.5823937
	speed: 0.0042s/iter; left time: 28.2275s
	iters: 300, epoch: 4 | loss: 0.6404650
	speed: 0.0040s/iter; left time: 26.6622s
	iters: 400, epoch: 4 | loss: 0.6276443
	speed: 0.0041s/iter; left time: 26.3584s
	iters: 500, epoch: 4 | loss: 0.6929599
	speed: 0.0039s/iter; left time: 25.0361s
	iters: 600, epoch: 4 | loss: 0.6762173
	speed: 0.0039s/iter; left time: 24.8274s
	iters: 700, epoch: 4 | loss: 0.5106686
	speed: 0.0041s/iter; left time: 25.6319s
	iters: 800, epoch: 4 | loss: 0.6589324
	speed: 0.0044s/iter; left time: 26.9131s
	iters: 900, epoch: 4 | loss: 0.6104296
	speed: 0.0045s/iter; left time: 27.0175s
Epoch: 4 cost time: 4.994603157043457
Epoch: 4, Steps: 984 | Train Loss: 0.5658409 Vali Loss: 1.2914784 Test Loss: 0.5266472
Validation loss decreased (1.293600 --> 1.291478).  Saving model ...
Updating learning rate to 0.000125
	iters: 100, epoch: 5 | loss: 0.5302709
	speed: 0.0485s/iter; left time: 281.5520s
	iters: 200, epoch: 5 | loss: 0.5226896
	speed: 0.0044s/iter; left time: 24.9507s
	iters: 300, epoch: 5 | loss: 0.6960485
	speed: 0.0044s/iter; left time: 24.8511s
	iters: 400, epoch: 5 | loss: 0.5935426
	speed: 0.0045s/iter; left time: 24.5007s
	iters: 500, epoch: 5 | loss: 0.4996767
	speed: 0.0045s/iter; left time: 24.5702s
	iters: 600, epoch: 5 | loss: 0.6691786
	speed: 0.0044s/iter; left time: 23.1231s
	iters: 700, epoch: 5 | loss: 0.4694973
	speed: 0.0042s/iter; left time: 21.7621s
	iters: 800, epoch: 5 | loss: 0.4804302
	speed: 0.0043s/iter; left time: 21.7586s
	iters: 900, epoch: 5 | loss: 0.6590631
	speed: 0.0042s/iter; left time: 21.0140s
Epoch: 5 cost time: 4.978750944137573
Epoch: 5, Steps: 984 | Train Loss: 0.5651083 Vali Loss: 1.2841829 Test Loss: 0.5278105
Validation loss decreased (1.291478 --> 1.284183).  Saving model ...
Updating learning rate to 6.25e-05
	iters: 100, epoch: 6 | loss: 0.6494627
	speed: 0.0479s/iter; left time: 230.9435s
	iters: 200, epoch: 6 | loss: 0.5878978
	speed: 0.0049s/iter; left time: 23.0188s
	iters: 300, epoch: 6 | loss: 0.5964422
	speed: 0.0049s/iter; left time: 22.4524s
	iters: 400, epoch: 6 | loss: 0.5331896
	speed: 0.0045s/iter; left time: 20.4754s
	iters: 500, epoch: 6 | loss: 0.6629776
	speed: 0.0046s/iter; left time: 20.2076s
	iters: 600, epoch: 6 | loss: 0.6345320
	speed: 0.0046s/iter; left time: 19.8175s
	iters: 700, epoch: 6 | loss: 0.5770356
	speed: 0.0042s/iter; left time: 17.8134s
	iters: 800, epoch: 6 | loss: 0.5514185
	speed: 0.0047s/iter; left time: 19.4127s
	iters: 900, epoch: 6 | loss: 0.6082590
	speed: 0.0045s/iter; left time: 18.2650s
Epoch: 6 cost time: 5.245462894439697
Epoch: 6, Steps: 984 | Train Loss: 0.5646597 Vali Loss: 1.2986172 Test Loss: 0.5228612
EarlyStopping counter: 1 out of 3
Updating learning rate to 3.125e-05
	iters: 100, epoch: 7 | loss: 0.6704979
	speed: 0.0467s/iter; left time: 179.1461s
	iters: 200, epoch: 7 | loss: 0.7839995
	speed: 0.0046s/iter; left time: 17.0772s
	iters: 300, epoch: 7 | loss: 0.6427751
	speed: 0.0046s/iter; left time: 16.7296s
	iters: 400, epoch: 7 | loss: 0.4663596
	speed: 0.0044s/iter; left time: 15.7056s
	iters: 500, epoch: 7 | loss: 0.5989269
	speed: 0.0042s/iter; left time: 14.3527s
	iters: 600, epoch: 7 | loss: 0.6900347
	speed: 0.0043s/iter; left time: 14.4686s
	iters: 700, epoch: 7 | loss: 0.6273634
	speed: 0.0047s/iter; left time: 15.1898s
	iters: 800, epoch: 7 | loss: 0.3952530
	speed: 0.0047s/iter; left time: 14.7056s
	iters: 900, epoch: 7 | loss: 0.4660303
	speed: 0.0048s/iter; left time: 14.5206s
Epoch: 7 cost time: 5.128965139389038
Epoch: 7, Steps: 984 | Train Loss: 0.5644305 Vali Loss: 1.2838724 Test Loss: 0.5274735
Validation loss decreased (1.284183 --> 1.283872).  Saving model ...
Updating learning rate to 1.5625e-05
	iters: 100, epoch: 8 | loss: 0.5230278
	speed: 0.0490s/iter; left time: 139.8844s
	iters: 200, epoch: 8 | loss: 0.5957894
	speed: 0.0047s/iter; left time: 13.0634s
	iters: 300, epoch: 8 | loss: 0.5278953
	speed: 0.0047s/iter; left time: 12.5956s
	iters: 400, epoch: 8 | loss: 0.5121335
	speed: 0.0045s/iter; left time: 11.5780s
	iters: 500, epoch: 8 | loss: 0.5537168
	speed: 0.0043s/iter; left time: 10.5646s
	iters: 600, epoch: 8 | loss: 0.6403025
	speed: 0.0046s/iter; left time: 10.9117s
	iters: 700, epoch: 8 | loss: 0.6904222
	speed: 0.0047s/iter; left time: 10.5984s
	iters: 800, epoch: 8 | loss: 0.5676449
	speed: 0.0047s/iter; left time: 10.1232s
	iters: 900, epoch: 8 | loss: 0.4935071
	speed: 0.0045s/iter; left time: 9.2959s
Epoch: 8 cost time: 5.219787836074829
Epoch: 8, Steps: 984 | Train Loss: 0.5643315 Vali Loss: 1.2855582 Test Loss: 0.5267838
EarlyStopping counter: 1 out of 3
Updating learning rate to 7.8125e-06
	iters: 100, epoch: 9 | loss: 0.4741981
	speed: 0.0485s/iter; left time: 90.5642s
	iters: 200, epoch: 9 | loss: 0.5178894
	speed: 0.0047s/iter; left time: 8.2414s
	iters: 300, epoch: 9 | loss: 0.5893009
	speed: 0.0046s/iter; left time: 7.6235s
	iters: 400, epoch: 9 | loss: 0.5247988
	speed: 0.0043s/iter; left time: 6.8112s
	iters: 500, epoch: 9 | loss: 0.6292452
	speed: 0.0045s/iter; left time: 6.6178s
	iters: 600, epoch: 9 | loss: 0.5930347
	speed: 0.0043s/iter; left time: 5.9325s
	iters: 700, epoch: 9 | loss: 0.5613016
	speed: 0.0046s/iter; left time: 5.8177s
	iters: 800, epoch: 9 | loss: 0.5930440
	speed: 0.0053s/iter; left time: 6.2508s
	iters: 900, epoch: 9 | loss: 0.7186884
	speed: 0.0043s/iter; left time: 4.6401s
Epoch: 9 cost time: 5.189330577850342
Epoch: 9, Steps: 984 | Train Loss: 0.5642023 Vali Loss: 1.2862562 Test Loss: 0.5267490
EarlyStopping counter: 2 out of 3
Updating learning rate to 3.90625e-06
	iters: 100, epoch: 10 | loss: 0.6464995
	speed: 0.0517s/iter; left time: 45.7301s
	iters: 200, epoch: 10 | loss: 0.5702695
	speed: 0.0046s/iter; left time: 3.5991s
	iters: 300, epoch: 10 | loss: 0.5752842
	speed: 0.0047s/iter; left time: 3.2119s
	iters: 400, epoch: 10 | loss: 0.5692457
	speed: 0.0047s/iter; left time: 2.7469s
	iters: 500, epoch: 10 | loss: 0.6212461
	speed: 0.0046s/iter; left time: 2.2092s
	iters: 600, epoch: 10 | loss: 0.6099328
	speed: 0.0046s/iter; left time: 1.7844s
	iters: 700, epoch: 10 | loss: 0.5266387
	speed: 0.0085s/iter; left time: 2.4153s
	iters: 800, epoch: 10 | loss: 0.4217263
	speed: 0.0103s/iter; left time: 1.9033s
	iters: 900, epoch: 10 | loss: 0.4080268
	speed: 0.0054s/iter; left time: 0.4604s
Epoch: 10 cost time: 6.435428619384766
Epoch: 10, Steps: 984 | Train Loss: 0.5641618 Vali Loss: 1.2853085 Test Loss: 0.5268698
EarlyStopping counter: 3 out of 3
Early stopping
>>>>>>>testing : ETTh1_48_720_DLinear_ETTh1_ftM_sl48_ll48_pl720_dm512_nh8_el2_dl1_df2048_fc1_ebtimeF_dtTrue_Exp_0<<<<<<<<<<<<<<<<<<<<<<<<<<<<<<<<<
test 2161
mse:0.5270211100578308, mae:0.5128657817840576
