Args in experiment:
Namespace(activation='gelu', batch_size=8, c_out=7, checkpoints='/spo/NewbornTime/tahir098/SVF/data/Extra/checkpoints/', d_ff=2048, d_layers=1, d_model=512, data='ETTh1', data_path='ETTh1.csv', dec_in=7, des='Exp', devices='0,1,2,3', distil=True, do_predict=False, dropout=0.05, e_layers=2, embed='timeF', embed_type=0, enc_in=7, factor=1, features='M', freq='h', gpu=0, individual=False, is_training=1, itr=1, label_len=48, learning_rate=0.001, loss='mse', lradj='type1', model='DLinear', model_id='ETTh1_720_720', moving_avg=25, n_heads=8, num_workers=10, output_attention=False, patience=3, pred_len=720, root_path='./dataset/', seq_len=720, target='OT', test_flop=False, train_epochs=10, train_only=False, use_amp=False, use_gpu=True, use_multi_gpu=False)
Use GPU: cuda:0
>>>>>>>start training : ETTh1_720_720_DLinear_ETTh1_ftM_sl720_ll48_pl720_dm512_nh8_el2_dl1_df2048_fc1_ebtimeF_dtTrue_Exp_0>>>>>>>>>>>>>>>>>>>>>>>>>>
train 7201
val 2161
test 2161
	iters: 100, epoch: 1 | loss: 0.5639352
	speed: 0.0126s/iter; left time: 111.9286s
	iters: 200, epoch: 1 | loss: 0.5537586
	speed: 0.0050s/iter; left time: 43.7248s
	iters: 300, epoch: 1 | loss: 0.5032637
	speed: 0.0058s/iter; left time: 50.3553s
	iters: 400, epoch: 1 | loss: 0.5822286
	speed: 0.0052s/iter; left time: 45.0434s
	iters: 500, epoch: 1 | loss: 0.5605409
	speed: 0.0052s/iter; left time: 44.4640s
	iters: 600, epoch: 1 | loss: 0.4361287
	speed: 0.0054s/iter; left time: 45.6532s
	iters: 700, epoch: 1 | loss: 0.5734807
	speed: 0.0052s/iter; left time: 43.1072s
	iters: 800, epoch: 1 | loss: 0.6814218
	speed: 0.0054s/iter; left time: 44.4034s
	iters: 900, epoch: 1 | loss: 0.6226948
	speed: 0.0053s/iter; left time: 43.2291s
Epoch: 1 cost time: 5.615077018737793
Epoch: 1, Steps: 900 | Train Loss: 0.5534776 Vali Loss: 1.3669795 Test Loss: 0.5534856
Validation loss decreased (inf --> 1.366979).  Saving model ...
Updating learning rate to 0.001
	iters: 100, epoch: 2 | loss: 0.5205638
	speed: 0.0565s/iter; left time: 452.1749s
	iters: 200, epoch: 2 | loss: 0.5987332
	speed: 0.0049s/iter; left time: 38.8210s
	iters: 300, epoch: 2 | loss: 0.5135323
	speed: 0.0052s/iter; left time: 40.9172s
	iters: 400, epoch: 2 | loss: 0.5134720
	speed: 0.0052s/iter; left time: 40.1257s
	iters: 500, epoch: 2 | loss: 0.4861851
	speed: 0.0055s/iter; left time: 41.6729s
	iters: 600, epoch: 2 | loss: 0.5141658
	speed: 0.0048s/iter; left time: 36.1773s
	iters: 700, epoch: 2 | loss: 0.5108892
	speed: 0.0050s/iter; left time: 37.1139s
	iters: 800, epoch: 2 | loss: 0.5406535
	speed: 0.0051s/iter; left time: 37.2467s
	iters: 900, epoch: 2 | loss: 0.5316112
	speed: 0.0053s/iter; left time: 38.2668s
Epoch: 2 cost time: 5.5224668979644775
Epoch: 2, Steps: 900 | Train Loss: 0.5375318 Vali Loss: 1.4350882 Test Loss: 0.5196203
EarlyStopping counter: 1 out of 3
Updating learning rate to 0.0005
	iters: 100, epoch: 3 | loss: 0.4281026
	speed: 0.0559s/iter; left time: 396.8929s
	iters: 200, epoch: 3 | loss: 0.5641613
	speed: 0.0056s/iter; left time: 39.1589s
	iters: 300, epoch: 3 | loss: 0.4448212
	speed: 0.0055s/iter; left time: 38.1129s
	iters: 400, epoch: 3 | loss: 0.4737303
	speed: 0.0052s/iter; left time: 35.6918s
	iters: 500, epoch: 3 | loss: 0.5719017
	speed: 0.0056s/iter; left time: 37.2689s
	iters: 600, epoch: 3 | loss: 0.5105961
	speed: 0.0053s/iter; left time: 35.3094s
	iters: 700, epoch: 3 | loss: 0.4876626
	speed: 0.0055s/iter; left time: 35.7564s
	iters: 800, epoch: 3 | loss: 0.4300217
	speed: 0.0053s/iter; left time: 34.2123s
	iters: 900, epoch: 3 | loss: 0.5414673
	speed: 0.0056s/iter; left time: 35.0633s
Epoch: 3 cost time: 5.835876226425171
Epoch: 3, Steps: 900 | Train Loss: 0.5071058 Vali Loss: 1.2853324 Test Loss: 0.5207323
Validation loss decreased (1.366979 --> 1.285332).  Saving model ...
Updating learning rate to 0.00025
	iters: 100, epoch: 4 | loss: 0.5452244
	speed: 0.0531s/iter; left time: 329.0620s
	iters: 200, epoch: 4 | loss: 0.4137770
	speed: 0.0053s/iter; left time: 32.1299s
	iters: 300, epoch: 4 | loss: 0.4130745
	speed: 0.0055s/iter; left time: 33.1681s
	iters: 400, epoch: 4 | loss: 0.5116913
	speed: 0.0053s/iter; left time: 31.1987s
	iters: 500, epoch: 4 | loss: 0.4080679
	speed: 0.0048s/iter; left time: 27.9846s
	iters: 600, epoch: 4 | loss: 0.3876261
	speed: 0.0048s/iter; left time: 27.3026s
	iters: 700, epoch: 4 | loss: 0.4731022
	speed: 0.0056s/iter; left time: 31.5259s
	iters: 800, epoch: 4 | loss: 0.4201680
	speed: 0.0056s/iter; left time: 30.9654s
	iters: 900, epoch: 4 | loss: 0.5115716
	speed: 0.0053s/iter; left time: 28.6027s
Epoch: 4 cost time: 5.564300060272217
Epoch: 4, Steps: 900 | Train Loss: 0.4910293 Vali Loss: 1.2932031 Test Loss: 0.4952350
EarlyStopping counter: 1 out of 3
Updating learning rate to 0.000125
	iters: 100, epoch: 5 | loss: 0.4890606
	speed: 0.0557s/iter; left time: 295.0395s
	iters: 200, epoch: 5 | loss: 0.3991947
	speed: 0.0054s/iter; left time: 28.1777s
	iters: 300, epoch: 5 | loss: 0.4169357
	speed: 0.0057s/iter; left time: 29.1222s
	iters: 400, epoch: 5 | loss: 0.5984044
	speed: 0.0051s/iter; left time: 25.6202s
	iters: 500, epoch: 5 | loss: 0.5534931
	speed: 0.0058s/iter; left time: 28.5481s
	iters: 600, epoch: 5 | loss: 0.5440320
	speed: 0.0054s/iter; left time: 26.0453s
	iters: 700, epoch: 5 | loss: 0.4545338
	speed: 0.0053s/iter; left time: 24.9702s
	iters: 800, epoch: 5 | loss: 0.5003979
	speed: 0.0048s/iter; left time: 22.1686s
	iters: 900, epoch: 5 | loss: 0.5514327
	speed: 0.0050s/iter; left time: 22.3934s
Epoch: 5 cost time: 5.763018608093262
Epoch: 5, Steps: 900 | Train Loss: 0.4831184 Vali Loss: 1.2295383 Test Loss: 0.5083464
Validation loss decreased (1.285332 --> 1.229538).  Saving model ...
Updating learning rate to 6.25e-05
	iters: 100, epoch: 6 | loss: 0.4860967
	speed: 0.0537s/iter; left time: 236.3458s
	iters: 200, epoch: 6 | loss: 0.4186595
	speed: 0.0051s/iter; left time: 21.8127s
	iters: 300, epoch: 6 | loss: 0.5166699
	speed: 0.0054s/iter; left time: 22.8316s
	iters: 400, epoch: 6 | loss: 0.5162705
	speed: 0.0056s/iter; left time: 22.8052s
	iters: 500, epoch: 6 | loss: 0.4059914
	speed: 0.0051s/iter; left time: 20.5900s
	iters: 600, epoch: 6 | loss: 0.5165582
	speed: 0.0048s/iter; left time: 18.7694s
	iters: 700, epoch: 6 | loss: 0.4887547
	speed: 0.0053s/iter; left time: 20.3205s
	iters: 800, epoch: 6 | loss: 0.4956493
	speed: 0.0053s/iter; left time: 19.7700s
	iters: 900, epoch: 6 | loss: 0.5231740
	speed: 0.0051s/iter; left time: 18.4747s
Epoch: 6 cost time: 5.527397394180298
Epoch: 6, Steps: 900 | Train Loss: 0.4785080 Vali Loss: 1.2673082 Test Loss: 0.4846607
EarlyStopping counter: 1 out of 3
Updating learning rate to 3.125e-05
	iters: 100, epoch: 7 | loss: 0.4293791
	speed: 0.0536s/iter; left time: 187.5976s
	iters: 200, epoch: 7 | loss: 0.4312952
	speed: 0.0056s/iter; left time: 19.0720s
	iters: 300, epoch: 7 | loss: 0.3526944
	speed: 0.0056s/iter; left time: 18.4926s
	iters: 400, epoch: 7 | loss: 0.5190965
	speed: 0.0057s/iter; left time: 18.0990s
	iters: 500, epoch: 7 | loss: 0.4273160
	speed: 0.0061s/iter; left time: 18.9366s
	iters: 600, epoch: 7 | loss: 0.4187146
	speed: 0.0053s/iter; left time: 15.9409s
	iters: 700, epoch: 7 | loss: 0.4430776
	speed: 0.0054s/iter; left time: 15.7681s
	iters: 800, epoch: 7 | loss: 0.4968907
	speed: 0.0051s/iter; left time: 14.3406s
	iters: 900, epoch: 7 | loss: 0.4089553
	speed: 0.0052s/iter; left time: 14.0357s
Epoch: 7 cost time: 5.7198333740234375
Epoch: 7, Steps: 900 | Train Loss: 0.4762292 Vali Loss: 1.2291970 Test Loss: 0.5001513
Validation loss decreased (1.229538 --> 1.229197).  Saving model ...
Updating learning rate to 1.5625e-05
	iters: 100, epoch: 8 | loss: 0.4511182
	speed: 0.0537s/iter; left time: 139.6551s
	iters: 200, epoch: 8 | loss: 0.4816557
	speed: 0.0051s/iter; left time: 12.6407s
	iters: 300, epoch: 8 | loss: 0.3779623
	speed: 0.0054s/iter; left time: 12.8744s
	iters: 400, epoch: 8 | loss: 0.3812965
	speed: 0.0054s/iter; left time: 12.3749s
	iters: 500, epoch: 8 | loss: 0.5017676
	speed: 0.0054s/iter; left time: 11.8912s
	iters: 600, epoch: 8 | loss: 0.4923990
	speed: 0.0052s/iter; left time: 10.9965s
	iters: 700, epoch: 8 | loss: 0.5450094
	speed: 0.0055s/iter; left time: 11.0195s
	iters: 800, epoch: 8 | loss: 0.4116538
	speed: 0.0052s/iter; left time: 9.9047s
	iters: 900, epoch: 8 | loss: 0.5307074
	speed: 0.0050s/iter; left time: 8.9875s
Epoch: 8 cost time: 5.655344486236572
Epoch: 8, Steps: 900 | Train Loss: 0.4749586 Vali Loss: 1.2458107 Test Loss: 0.4908366
EarlyStopping counter: 1 out of 3
Updating learning rate to 7.8125e-06
	iters: 100, epoch: 9 | loss: 0.4660731
	speed: 0.0543s/iter; left time: 92.4023s
	iters: 200, epoch: 9 | loss: 0.4618450
	speed: 0.0056s/iter; left time: 8.9421s
	iters: 300, epoch: 9 | loss: 0.4831270
	speed: 0.0052s/iter; left time: 7.8295s
	iters: 400, epoch: 9 | loss: 0.4647688
	speed: 0.0050s/iter; left time: 6.9844s
	iters: 500, epoch: 9 | loss: 0.5466421
	speed: 0.0052s/iter; left time: 6.7424s
	iters: 600, epoch: 9 | loss: 0.3678587
	speed: 0.0050s/iter; left time: 6.0345s
	iters: 700, epoch: 9 | loss: 0.4422603
	speed: 0.0053s/iter; left time: 5.8100s
	iters: 800, epoch: 9 | loss: 0.5130923
	speed: 0.0053s/iter; left time: 5.3244s
	iters: 900, epoch: 9 | loss: 0.4361981
	speed: 0.0060s/iter; left time: 5.3792s
Epoch: 9 cost time: 5.690262079238892
Epoch: 9, Steps: 900 | Train Loss: 0.4743394 Vali Loss: 1.2389225 Test Loss: 0.4930879
EarlyStopping counter: 2 out of 3
Updating learning rate to 3.90625e-06
	iters: 100, epoch: 10 | loss: 0.5993395
	speed: 0.0557s/iter; left time: 44.6049s
	iters: 200, epoch: 10 | loss: 0.5341972
	speed: 0.0059s/iter; left time: 4.1683s
	iters: 300, epoch: 10 | loss: 0.5087511
	speed: 0.0059s/iter; left time: 3.5624s
	iters: 400, epoch: 10 | loss: 0.4041932
	speed: 0.0052s/iter; left time: 2.5989s
	iters: 500, epoch: 10 | loss: 0.4680400
	speed: 0.0050s/iter; left time: 1.9977s
	iters: 600, epoch: 10 | loss: 0.4721811
	speed: 0.0048s/iter; left time: 1.4498s
	iters: 700, epoch: 10 | loss: 0.3939821
	speed: 0.0055s/iter; left time: 1.0963s
	iters: 800, epoch: 10 | loss: 0.4982801
	speed: 0.0055s/iter; left time: 0.5578s
	iters: 900, epoch: 10 | loss: 0.4943625
	speed: 0.0051s/iter; left time: 0.0051s
Epoch: 10 cost time: 5.686020851135254
Epoch: 10, Steps: 900 | Train Loss: 0.4740091 Vali Loss: 1.2366017 Test Loss: 0.4941402
EarlyStopping counter: 3 out of 3
Early stopping
>>>>>>>testing : ETTh1_720_720_DLinear_ETTh1_ftM_sl720_ll48_pl720_dm512_nh8_el2_dl1_df2048_fc1_ebtimeF_dtTrue_Exp_0<<<<<<<<<<<<<<<<<<<<<<<<<<<<<<<<<
test 2161
mse:0.4997643530368805, mae:0.5119010210037231
