Args in experiment:
Namespace(activation='gelu', batch_size=8, c_out=7, checkpoints='/spo/NewbornTime/tahir098/SVF/data/Extra/checkpoints/', d_ff=2048, d_layers=1, d_model=512, data='ETTh1', data_path='ETTh1.csv', dec_in=7, des='Exp', devices='0,1,2,3', distil=True, do_predict=False, dropout=0.05, e_layers=2, embed='timeF', embed_type=0, enc_in=7, factor=1, features='M', freq='h', gpu=0, individual=False, is_training=1, itr=1, label_len=48, learning_rate=0.001, loss='mse', lradj='type1', model='DLinear', model_id='ETTh1_504_720', moving_avg=25, n_heads=8, num_workers=10, output_attention=False, patience=3, pred_len=720, root_path='./dataset/', seq_len=504, target='OT', test_flop=False, train_epochs=10, train_only=False, use_amp=False, use_gpu=True, use_multi_gpu=False)
Use GPU: cuda:0
>>>>>>>start training : ETTh1_504_720_DLinear_ETTh1_ftM_sl504_ll48_pl720_dm512_nh8_el2_dl1_df2048_fc1_ebtimeF_dtTrue_Exp_0>>>>>>>>>>>>>>>>>>>>>>>>>>
train 7417
val 2161
test 2161
	iters: 100, epoch: 1 | loss: 0.5595816
	speed: 0.0119s/iter; left time: 109.4136s
	iters: 200, epoch: 1 | loss: 0.5086933
	speed: 0.0051s/iter; left time: 46.0284s
	iters: 300, epoch: 1 | loss: 0.5314835
	speed: 0.0050s/iter; left time: 44.9126s
	iters: 400, epoch: 1 | loss: 0.5988706
	speed: 0.0049s/iter; left time: 43.5536s
	iters: 500, epoch: 1 | loss: 0.4882975
	speed: 0.0050s/iter; left time: 44.2352s
	iters: 600, epoch: 1 | loss: 0.4156455
	speed: 0.0048s/iter; left time: 41.3402s
	iters: 700, epoch: 1 | loss: 0.5247177
	speed: 0.0054s/iter; left time: 46.1337s
	iters: 800, epoch: 1 | loss: 0.4548677
	speed: 0.0052s/iter; left time: 44.1431s
	iters: 900, epoch: 1 | loss: 0.4951341
	speed: 0.0052s/iter; left time: 43.1808s
Epoch: 1 cost time: 5.524616479873657
Epoch: 1, Steps: 927 | Train Loss: 0.5541310 Vali Loss: 1.2449892 Test Loss: 0.5597629
Validation loss decreased (inf --> 1.244989).  Saving model ...
Updating learning rate to 0.001
	iters: 100, epoch: 2 | loss: 0.5781078
	speed: 0.0536s/iter; left time: 441.8326s
	iters: 200, epoch: 2 | loss: 0.5452951
	speed: 0.0052s/iter; left time: 42.6535s
	iters: 300, epoch: 2 | loss: 0.4851181
	speed: 0.0056s/iter; left time: 44.8197s
	iters: 400, epoch: 2 | loss: 0.4832892
	speed: 0.0055s/iter; left time: 43.9519s
	iters: 500, epoch: 2 | loss: 0.3948174
	speed: 0.0051s/iter; left time: 39.7138s
	iters: 600, epoch: 2 | loss: 0.6331794
	speed: 0.0054s/iter; left time: 42.1856s
	iters: 700, epoch: 2 | loss: 0.5573068
	speed: 0.0049s/iter; left time: 37.3687s
	iters: 800, epoch: 2 | loss: 0.5129890
	speed: 0.0049s/iter; left time: 37.0272s
	iters: 900, epoch: 2 | loss: 0.4774190
	speed: 0.0050s/iter; left time: 36.9488s
Epoch: 2 cost time: 5.577356576919556
Epoch: 2, Steps: 927 | Train Loss: 0.5408941 Vali Loss: 1.2701259 Test Loss: 0.5364616
EarlyStopping counter: 1 out of 3
Updating learning rate to 0.0005
	iters: 100, epoch: 3 | loss: 0.5465385
	speed: 0.0540s/iter; left time: 395.1860s
	iters: 200, epoch: 3 | loss: 0.5727243
	speed: 0.0053s/iter; left time: 38.0370s
	iters: 300, epoch: 3 | loss: 0.5424751
	speed: 0.0049s/iter; left time: 34.5769s
	iters: 400, epoch: 3 | loss: 0.6004612
	speed: 0.0049s/iter; left time: 34.6119s
	iters: 500, epoch: 3 | loss: 0.5347425
	speed: 0.0052s/iter; left time: 35.8887s
	iters: 600, epoch: 3 | loss: 0.4840742
	speed: 0.0052s/iter; left time: 35.7698s
	iters: 700, epoch: 3 | loss: 0.6492385
	speed: 0.0050s/iter; left time: 33.8551s
	iters: 800, epoch: 3 | loss: 0.5283959
	speed: 0.0054s/iter; left time: 35.4789s
	iters: 900, epoch: 3 | loss: 0.5458262
	speed: 0.0052s/iter; left time: 33.7766s
Epoch: 3 cost time: 5.590732574462891
Epoch: 3, Steps: 927 | Train Loss: 0.5167872 Vali Loss: 1.2900031 Test Loss: 0.4877911
EarlyStopping counter: 2 out of 3
Updating learning rate to 0.00025
	iters: 100, epoch: 4 | loss: 0.5437027
	speed: 0.0562s/iter; left time: 359.1845s
	iters: 200, epoch: 4 | loss: 0.5559109
	speed: 0.0048s/iter; left time: 29.9848s
	iters: 300, epoch: 4 | loss: 0.4863267
	speed: 0.0051s/iter; left time: 31.7816s
	iters: 400, epoch: 4 | loss: 0.4826062
	speed: 0.0052s/iter; left time: 31.5434s
	iters: 500, epoch: 4 | loss: 0.4660572
	speed: 0.0052s/iter; left time: 31.2063s
	iters: 600, epoch: 4 | loss: 0.5700460
	speed: 0.0048s/iter; left time: 28.4468s
	iters: 700, epoch: 4 | loss: 0.6703047
	speed: 0.0053s/iter; left time: 30.9369s
	iters: 800, epoch: 4 | loss: 0.5059640
	speed: 0.0054s/iter; left time: 30.5611s
	iters: 900, epoch: 4 | loss: 0.4974717
	speed: 0.0054s/iter; left time: 30.0717s
Epoch: 4 cost time: 5.682847738265991
Epoch: 4, Steps: 927 | Train Loss: 0.5053396 Vali Loss: 1.2556695 Test Loss: 0.4782501
EarlyStopping counter: 3 out of 3
Early stopping
>>>>>>>testing : ETTh1_504_720_DLinear_ETTh1_ftM_sl504_ll48_pl720_dm512_nh8_el2_dl1_df2048_fc1_ebtimeF_dtTrue_Exp_0<<<<<<<<<<<<<<<<<<<<<<<<<<<<<<<<<
test 2161
mse:0.5592942833900452, mae:0.5516175627708435
