Args in experiment:
Namespace(activation='gelu', batch_size=8, c_out=7, checkpoints='/spo/NewbornTime/tahir098/SVF/data/Extra/checkpoints/', d_ff=2048, d_layers=1, d_model=512, data='ETTh1', data_path='ETTh1.csv', dec_in=7, des='Exp', devices='0,1,2,3', distil=True, do_predict=False, dropout=0.05, e_layers=2, embed='timeF', embed_type=0, enc_in=7, factor=1, features='M', freq='h', gpu=0, individual=False, is_training=1, itr=1, label_len=48, learning_rate=0.001, loss='mse', lradj='type1', model='DLinear', model_id='ETTh1_336_720', moving_avg=25, n_heads=8, num_workers=10, output_attention=False, patience=3, pred_len=720, root_path='./dataset/', seq_len=336, target='OT', test_flop=False, train_epochs=10, train_only=False, use_amp=False, use_gpu=True, use_multi_gpu=False)
Use GPU: cuda:0
>>>>>>>start training : ETTh1_336_720_DLinear_ETTh1_ftM_sl336_ll48_pl720_dm512_nh8_el2_dl1_df2048_fc1_ebtimeF_dtTrue_Exp_0>>>>>>>>>>>>>>>>>>>>>>>>>>
train 7585
val 2161
test 2161
	iters: 100, epoch: 1 | loss: 0.6261821
	speed: 0.0177s/iter; left time: 165.9731s
	iters: 200, epoch: 1 | loss: 0.4898110
	speed: 0.0097s/iter; left time: 89.9134s
	iters: 300, epoch: 1 | loss: 0.7100032
	speed: 0.0085s/iter; left time: 78.3836s
	iters: 400, epoch: 1 | loss: 0.5549924
	speed: 0.0095s/iter; left time: 86.2718s
	iters: 500, epoch: 1 | loss: 0.6055632
	speed: 0.0096s/iter; left time: 86.0657s
	iters: 600, epoch: 1 | loss: 0.5889516
	speed: 0.0081s/iter; left time: 71.5471s
	iters: 700, epoch: 1 | loss: 0.5025333
	speed: 0.0090s/iter; left time: 78.8098s
	iters: 800, epoch: 1 | loss: 0.5140823
	speed: 0.0095s/iter; left time: 82.5112s
	iters: 900, epoch: 1 | loss: 0.5491350
	speed: 0.0098s/iter; left time: 83.9168s
Epoch: 1 cost time: 9.591709613800049
Epoch: 1, Steps: 948 | Train Loss: 0.5603245 Vali Loss: 1.2965177 Test Loss: 0.5005026
Validation loss decreased (inf --> 1.296518).  Saving model ...
Updating learning rate to 0.001
	iters: 100, epoch: 2 | loss: 0.4522937
	speed: 0.0742s/iter; left time: 625.8482s
	iters: 200, epoch: 2 | loss: 0.6173236
	speed: 0.0095s/iter; left time: 78.8227s
	iters: 300, epoch: 2 | loss: 0.5406762
	speed: 0.0090s/iter; left time: 74.0864s
	iters: 400, epoch: 2 | loss: 0.7087802
	speed: 0.0097s/iter; left time: 78.6741s
	iters: 500, epoch: 2 | loss: 0.6727020
	speed: 0.0098s/iter; left time: 78.6481s
	iters: 600, epoch: 2 | loss: 0.4677610
	speed: 0.0088s/iter; left time: 69.6514s
	iters: 700, epoch: 2 | loss: 0.6038924
	speed: 0.0095s/iter; left time: 74.5618s
	iters: 800, epoch: 2 | loss: 0.5113690
	speed: 0.0097s/iter; left time: 74.8574s
	iters: 900, epoch: 2 | loss: 0.4645594
	speed: 0.0086s/iter; left time: 65.9739s
Epoch: 2 cost time: 9.641720056533813
Epoch: 2, Steps: 948 | Train Loss: 0.5444599 Vali Loss: 1.2706625 Test Loss: 0.5003217
Validation loss decreased (1.296518 --> 1.270663).  Saving model ...
Updating learning rate to 0.0005
	iters: 100, epoch: 3 | loss: 0.6229837
	speed: 0.0740s/iter; left time: 553.6641s
	iters: 200, epoch: 3 | loss: 0.5772838
	speed: 0.0085s/iter; left time: 63.1336s
	iters: 300, epoch: 3 | loss: 0.6011109
	speed: 0.0094s/iter; left time: 68.4519s
	iters: 400, epoch: 3 | loss: 0.5894261
	speed: 0.0096s/iter; left time: 68.6567s
	iters: 500, epoch: 3 | loss: 0.4578262
	speed: 0.0092s/iter; left time: 65.0666s
	iters: 600, epoch: 3 | loss: 0.4758394
	speed: 0.0086s/iter; left time: 60.2927s
	iters: 700, epoch: 3 | loss: 0.4911938
	speed: 0.0095s/iter; left time: 65.6239s
	iters: 800, epoch: 3 | loss: 0.4638761
	speed: 0.0098s/iter; left time: 66.5408s
	iters: 900, epoch: 3 | loss: 0.5587393
	speed: 0.0095s/iter; left time: 63.2526s
Epoch: 3 cost time: 9.679970741271973
Epoch: 3, Steps: 948 | Train Loss: 0.5277875 Vali Loss: 1.2074444 Test Loss: 0.4978827
Validation loss decreased (1.270663 --> 1.207444).  Saving model ...
Updating learning rate to 0.00025
	iters: 100, epoch: 4 | loss: 0.6023563
	speed: 0.0750s/iter; left time: 490.2959s
	iters: 200, epoch: 4 | loss: 0.5456478
	speed: 0.0084s/iter; left time: 54.3508s
	iters: 300, epoch: 4 | loss: 0.5522230
	speed: 0.0094s/iter; left time: 59.7446s
	iters: 400, epoch: 4 | loss: 0.5785118
	speed: 0.0098s/iter; left time: 60.8169s
	iters: 500, epoch: 4 | loss: 0.3962921
	speed: 0.0085s/iter; left time: 52.3167s
	iters: 600, epoch: 4 | loss: 0.4347568
	speed: 0.0093s/iter; left time: 55.9479s
	iters: 700, epoch: 4 | loss: 0.4392805
	speed: 0.0094s/iter; left time: 55.6279s
	iters: 800, epoch: 4 | loss: 0.5148616
	speed: 0.0088s/iter; left time: 51.2548s
	iters: 900, epoch: 4 | loss: 0.5489451
	speed: 0.0083s/iter; left time: 47.7554s
Epoch: 4 cost time: 9.382615089416504
Epoch: 4, Steps: 948 | Train Loss: 0.5200707 Vali Loss: 1.2306247 Test Loss: 0.4799147
EarlyStopping counter: 1 out of 3
Updating learning rate to 0.000125
	iters: 100, epoch: 5 | loss: 0.3691869
	speed: 0.0772s/iter; left time: 431.5249s
	iters: 200, epoch: 5 | loss: 0.4902866
	speed: 0.0080s/iter; left time: 43.7413s
	iters: 300, epoch: 5 | loss: 0.4753882
	speed: 0.0094s/iter; left time: 50.7701s
	iters: 400, epoch: 5 | loss: 0.7865731
	speed: 0.0095s/iter; left time: 50.3560s
	iters: 500, epoch: 5 | loss: 0.5203145
	speed: 0.0084s/iter; left time: 43.4806s
	iters: 600, epoch: 5 | loss: 0.5327470
	speed: 0.0090s/iter; left time: 46.0127s
	iters: 700, epoch: 5 | loss: 0.5756271
	speed: 0.0094s/iter; left time: 46.9433s
	iters: 800, epoch: 5 | loss: 0.5273778
	speed: 0.0098s/iter; left time: 47.7017s
	iters: 900, epoch: 5 | loss: 0.5314518
	speed: 0.0086s/iter; left time: 41.2247s
Epoch: 5 cost time: 9.618361711502075
Epoch: 5, Steps: 948 | Train Loss: 0.5157401 Vali Loss: 1.2309086 Test Loss: 0.4709795
EarlyStopping counter: 2 out of 3
Updating learning rate to 6.25e-05
	iters: 100, epoch: 6 | loss: 0.5733136
	speed: 0.0772s/iter; left time: 358.2993s
	iters: 200, epoch: 6 | loss: 0.4927881
	speed: 0.0093s/iter; left time: 42.3198s
	iters: 300, epoch: 6 | loss: 0.4032145
	speed: 0.0087s/iter; left time: 38.7986s
	iters: 400, epoch: 6 | loss: 0.3607710
	speed: 0.0087s/iter; left time: 37.6223s
	iters: 500, epoch: 6 | loss: 0.5074472
	speed: 0.0095s/iter; left time: 40.4500s
	iters: 600, epoch: 6 | loss: 0.4442335
	speed: 0.0097s/iter; left time: 40.1673s
	iters: 700, epoch: 6 | loss: 0.5303188
	speed: 0.0089s/iter; left time: 35.8096s
	iters: 800, epoch: 6 | loss: 0.4661076
	speed: 0.0095s/iter; left time: 37.3201s
	iters: 900, epoch: 6 | loss: 0.5131551
	speed: 0.0096s/iter; left time: 36.8424s
Epoch: 6 cost time: 9.876521110534668
Epoch: 6, Steps: 948 | Train Loss: 0.5134697 Vali Loss: 1.2446458 Test Loss: 0.4625924
EarlyStopping counter: 3 out of 3
Early stopping
>>>>>>>testing : ETTh1_336_720_DLinear_ETTh1_ftM_sl336_ll48_pl720_dm512_nh8_el2_dl1_df2048_fc1_ebtimeF_dtTrue_Exp_0<<<<<<<<<<<<<<<<<<<<<<<<<<<<<<<<<
test 2161
mse:0.4974733889102936, mae:0.5086880326271057
