2025-04-19 11:38:55,489 - exp.exp_main - INFO - Logger initialized successfully
2025-04-19 11:38:55,489 - exp.exp_main - INFO - 确保结果目录存在: ./train_result/ETTh1_GLinear_ETTh1_ftM_sl336ll48pl24_dm512nh8el2dl1_df2048_fc1ebtimeFdtTrue_Exp_0\result_csv/
2025-04-19 11:39:25,181 - exp.exp_main - INFO - 	iters: 100, epoch: 1 | loss: 0.3974369
2025-04-19 11:39:25,181 - exp.exp_main - INFO - 	speed: 0.2963s/iter; left time: 277.2938s
2025-04-19 11:39:25,484 - exp.exp_main - INFO - 	iters: 200, epoch: 1 | loss: 0.1793086
2025-04-19 11:39:25,484 - exp.exp_main - INFO - 	speed: 0.0030s/iter; left time: 2.5352s
2025-04-19 11:39:25,771 - exp.exp_main - INFO - 	iters: 300, epoch: 1 | loss: 0.2432493
2025-04-19 11:39:25,773 - exp.exp_main - INFO - 	speed: 0.0029s/iter; left time: 2.1260s
2025-04-19 11:39:26,055 - exp.exp_main - INFO - 	iters: 400, epoch: 1 | loss: 0.2679332
2025-04-19 11:39:26,056 - exp.exp_main - INFO - 	speed: 0.0028s/iter; left time: 1.8036s
2025-04-19 11:39:26,344 - exp.exp_main - INFO - 	iters: 500, epoch: 1 | loss: 0.2526236
2025-04-19 11:39:26,344 - exp.exp_main - INFO - 	speed: 0.0029s/iter; left time: 1.5405s
2025-04-19 11:39:26,619 - exp.exp_main - INFO - 	iters: 600, epoch: 1 | loss: 0.2308761
2025-04-19 11:39:26,619 - exp.exp_main - INFO - 	speed: 0.0028s/iter; left time: 1.2006s
2025-04-19 11:39:26,902 - exp.exp_main - INFO - 	iters: 700, epoch: 1 | loss: 0.3083184
2025-04-19 11:39:26,902 - exp.exp_main - INFO - 	speed: 0.0028s/iter; left time: 0.9495s
2025-04-19 11:39:27,190 - exp.exp_main - INFO - 	iters: 800, epoch: 1 | loss: 0.2940053
2025-04-19 11:39:27,191 - exp.exp_main - INFO - 	speed: 0.0029s/iter; left time: 0.6831s
2025-04-19 11:39:27,477 - exp.exp_main - INFO - 	iters: 900, epoch: 1 | loss: 0.5878361
2025-04-19 11:39:27,477 - exp.exp_main - INFO - 	speed: 0.0029s/iter; left time: 0.3893s
2025-04-19 11:39:27,753 - exp.exp_main - INFO - 	iters: 1000, epoch: 1 | loss: 0.3310682
2025-04-19 11:39:27,755 - exp.exp_main - INFO - 	speed: 0.0028s/iter; left time: 0.0999s
2025-04-19 11:39:28,784 - exp.exp_main - INFO - Epoch: 1 cost time: 32.6906361579895
2025-04-19 11:40:29,286 - exp.exp_main - INFO - Epoch: 1, Steps: 1035 | Train Loss: 0.2753958 Vali Loss: 0.4404659 Test Loss: 0.3329054
2025-04-19 11:41:01,343 - exp.exp_main - INFO - mse:0.33331263065338135, mae:0.37886515259742737
