2025-04-19 10:44:01,023 - exp.exp_main - INFO - Logger initialized successfully
2025-04-19 10:44:01,024 - exp.exp_main - INFO - 确保结果目录存在: ./train_result/ETTh1_GLinear_ETTh1_ftM_sl336ll48pl24_dm512nh8el2dl1_df2048_fc1ebtimeFdtTrue_Exp_0\result_csv/
2025-04-19 10:44:31,210 - exp.exp_main - INFO - 	iters: 100, epoch: 1 | loss: 0.3974369
2025-04-19 10:44:31,212 - exp.exp_main - INFO - 	speed: 0.3011s/iter; left time: 3086.3996s
2025-04-19 10:44:31,564 - exp.exp_main - INFO - 	iters: 200, epoch: 1 | loss: 0.1793086
2025-04-19 10:44:31,564 - exp.exp_main - INFO - 	speed: 0.0035s/iter; left time: 35.7550s
2025-04-19 10:44:31,892 - exp.exp_main - INFO - 	iters: 300, epoch: 1 | loss: 0.2432493
2025-04-19 10:44:31,892 - exp.exp_main - INFO - 	speed: 0.0033s/iter; left time: 32.9602s
2025-04-19 10:44:32,206 - exp.exp_main - INFO - 	iters: 400, epoch: 1 | loss: 0.2679332
2025-04-19 10:44:32,206 - exp.exp_main - INFO - 	speed: 0.0031s/iter; left time: 31.1567s
2025-04-19 10:44:32,521 - exp.exp_main - INFO - 	iters: 500, epoch: 1 | loss: 0.2526236
2025-04-19 10:44:32,521 - exp.exp_main - INFO - 	speed: 0.0031s/iter; left time: 31.0186s
2025-04-19 10:44:32,830 - exp.exp_main - INFO - 	iters: 600, epoch: 1 | loss: 0.2308761
2025-04-19 10:44:32,830 - exp.exp_main - INFO - 	speed: 0.0031s/iter; left time: 30.1075s
2025-04-19 10:44:33,135 - exp.exp_main - INFO - 	iters: 700, epoch: 1 | loss: 0.3083184
2025-04-19 10:44:33,136 - exp.exp_main - INFO - 	speed: 0.0031s/iter; left time: 29.5439s
2025-04-19 10:44:33,447 - exp.exp_main - INFO - 	iters: 800, epoch: 1 | loss: 0.2940053
2025-04-19 10:44:33,447 - exp.exp_main - INFO - 	speed: 0.0031s/iter; left time: 29.6752s
2025-04-19 10:44:33,746 - exp.exp_main - INFO - 	iters: 900, epoch: 1 | loss: 0.5878361
2025-04-19 10:44:33,747 - exp.exp_main - INFO - 	speed: 0.0030s/iter; left time: 28.2671s
2025-04-19 10:44:34,056 - exp.exp_main - INFO - 	iters: 1000, epoch: 1 | loss: 0.3310682
2025-04-19 10:44:34,056 - exp.exp_main - INFO - 	speed: 0.0031s/iter; left time: 28.8585s
2025-04-19 10:44:35,069 - exp.exp_main - INFO - Epoch: 1 cost time: 33.41041946411133
2025-04-19 10:45:38,385 - exp.exp_main - INFO - Epoch: 1, Steps: 1035 | Train Loss: 0.2753958 Vali Loss: 0.4404659 Test Loss: 0.3329054
2025-04-19 10:46:08,014 - exp.exp_main - INFO - 	iters: 100, epoch: 2 | loss: 0.3408595
2025-04-19 10:46:08,014 - exp.exp_main - INFO - 	speed: 0.9396s/iter; left time: 8659.1382s
2025-04-19 10:46:08,310 - exp.exp_main - INFO - 	iters: 200, epoch: 2 | loss: 0.1715018
2025-04-19 10:46:08,310 - exp.exp_main - INFO - 	speed: 0.0030s/iter; left time: 27.0475s
2025-04-19 10:46:08,624 - exp.exp_main - INFO - 	iters: 300, epoch: 2 | loss: 0.1730552
2025-04-19 10:46:08,626 - exp.exp_main - INFO - 	speed: 0.0032s/iter; left time: 28.4412s
2025-04-19 10:46:08,921 - exp.exp_main - INFO - 	iters: 400, epoch: 2 | loss: 0.2720608
2025-04-19 10:46:08,921 - exp.exp_main - INFO - 	speed: 0.0030s/iter; left time: 26.3216s
2025-04-19 10:46:09,234 - exp.exp_main - INFO - 	iters: 500, epoch: 2 | loss: 0.1901755
2025-04-19 10:46:09,234 - exp.exp_main - INFO - 	speed: 0.0031s/iter; left time: 27.5546s
2025-04-19 10:46:09,548 - exp.exp_main - INFO - 	iters: 600, epoch: 2 | loss: 0.2517885
2025-04-19 10:46:09,548 - exp.exp_main - INFO - 	speed: 0.0031s/iter; left time: 27.4445s
2025-04-19 10:46:09,854 - exp.exp_main - INFO - 	iters: 700, epoch: 2 | loss: 0.2417130
2025-04-19 10:46:09,854 - exp.exp_main - INFO - 	speed: 0.0031s/iter; left time: 26.3442s
2025-04-19 10:46:10,179 - exp.exp_main - INFO - 	iters: 800, epoch: 2 | loss: 0.2173559
2025-04-19 10:46:10,181 - exp.exp_main - INFO - 	speed: 0.0032s/iter; left time: 27.6612s
2025-04-19 10:46:10,488 - exp.exp_main - INFO - 	iters: 900, epoch: 2 | loss: 0.2425447
2025-04-19 10:46:10,488 - exp.exp_main - INFO - 	speed: 0.0031s/iter; left time: 25.9045s
2025-04-19 10:46:10,823 - exp.exp_main - INFO - 	iters: 1000, epoch: 2 | loss: 0.2394961
2025-04-19 10:46:10,823 - exp.exp_main - INFO - 	speed: 0.0033s/iter; left time: 27.6884s
2025-04-19 10:46:11,929 - exp.exp_main - INFO - Epoch: 2 cost time: 33.53971529006958
2025-04-19 10:47:14,658 - exp.exp_main - INFO - Epoch: 2, Steps: 1035 | Train Loss: 0.2448937 Vali Loss: 0.4494638 Test Loss: 0.3267429
2025-04-19 10:47:45,447 - exp.exp_main - INFO - 	iters: 100, epoch: 3 | loss: 0.2253186
2025-04-19 10:47:45,447 - exp.exp_main - INFO - 	speed: 0.9462s/iter; left time: 7741.1962s
2025-04-19 10:47:45,752 - exp.exp_main - INFO - 	iters: 200, epoch: 3 | loss: 0.2091601
2025-04-19 10:47:45,752 - exp.exp_main - INFO - 	speed: 0.0031s/iter; left time: 24.6666s
2025-04-19 10:47:46,062 - exp.exp_main - INFO - 	iters: 300, epoch: 3 | loss: 0.3077652
2025-04-19 10:47:46,062 - exp.exp_main - INFO - 	speed: 0.0031s/iter; left time: 24.7287s
2025-04-19 10:47:46,370 - exp.exp_main - INFO - 	iters: 400, epoch: 3 | loss: 0.2499527
2025-04-19 10:47:46,370 - exp.exp_main - INFO - 	speed: 0.0031s/iter; left time: 24.2642s
2025-04-19 10:47:46,666 - exp.exp_main - INFO - 	iters: 500, epoch: 3 | loss: 0.1831727
2025-04-19 10:47:46,666 - exp.exp_main - INFO - 	speed: 0.0029s/iter; left time: 22.9306s
2025-04-19 10:47:46,973 - exp.exp_main - INFO - 	iters: 600, epoch: 3 | loss: 0.2104099
2025-04-19 10:47:46,973 - exp.exp_main - INFO - 	speed: 0.0031s/iter; left time: 23.5697s
2025-04-19 10:47:47,273 - exp.exp_main - INFO - 	iters: 700, epoch: 3 | loss: 0.2391640
2025-04-19 10:47:47,273 - exp.exp_main - INFO - 	speed: 0.0030s/iter; left time: 22.6019s
2025-04-19 10:47:47,577 - exp.exp_main - INFO - 	iters: 800, epoch: 3 | loss: 0.2251781
2025-04-19 10:47:47,578 - exp.exp_main - INFO - 	speed: 0.0031s/iter; left time: 22.8502s
2025-04-19 10:47:47,875 - exp.exp_main - INFO - 	iters: 900, epoch: 3 | loss: 0.2057171
2025-04-19 10:47:47,875 - exp.exp_main - INFO - 	speed: 0.0030s/iter; left time: 21.9537s
2025-04-19 10:47:48,173 - exp.exp_main - INFO - 	iters: 1000, epoch: 3 | loss: 0.2296869
2025-04-19 10:47:48,173 - exp.exp_main - INFO - 	speed: 0.0030s/iter; left time: 21.6592s
2025-04-19 10:47:49,201 - exp.exp_main - INFO - Epoch: 3 cost time: 34.541680335998535
2025-04-19 10:48:32,199 - exp.exp_main - INFO - Logger initialized successfully
2025-04-19 10:48:32,200 - exp.exp_main - INFO - 确保结果目录存在: ./train_result/ETTh1_GLinear_ETTh1_ftM_sl336ll48pl24_dm512nh8el2dl1_df2048_fc1ebtimeFdtTrue_Exp_0\result_csv/
2025-04-19 10:49:19,129 - exp.exp_main - INFO - Logger initialized successfully
2025-04-19 10:49:19,130 - exp.exp_main - INFO - 确保结果目录存在: ./train_result/ETTh1_GLinear_ETTh1_ftM_sl336ll48pl24_dm512nh8el2dl1_df2048_fc1ebtimeFdtTrue_Exp_0\result_csv/
2025-04-19 10:50:14,215 - exp.exp_main - INFO - 	iters: 100, epoch: 1 | loss: 0.3974369
2025-04-19 10:50:14,215 - exp.exp_main - INFO - 	speed: 0.5499s/iter; left time: 514.7446s
2025-04-19 10:50:14,556 - exp.exp_main - INFO - 	iters: 200, epoch: 1 | loss: 0.1793086
2025-04-19 10:50:14,557 - exp.exp_main - INFO - 	speed: 0.0034s/iter; left time: 2.8440s
2025-04-19 10:50:14,873 - exp.exp_main - INFO - 	iters: 300, epoch: 1 | loss: 0.2432493
2025-04-19 10:50:14,873 - exp.exp_main - INFO - 	speed: 0.0032s/iter; left time: 2.3281s
2025-04-19 10:50:15,209 - exp.exp_main - INFO - 	iters: 400, epoch: 1 | loss: 0.2679332
2025-04-19 10:50:15,209 - exp.exp_main - INFO - 	speed: 0.0033s/iter; left time: 2.1224s
2025-04-19 10:50:15,538 - exp.exp_main - INFO - 	iters: 500, epoch: 1 | loss: 0.2526236
2025-04-19 10:50:15,538 - exp.exp_main - INFO - 	speed: 0.0033s/iter; left time: 1.7648s
2025-04-19 10:50:15,867 - exp.exp_main - INFO - 	iters: 600, epoch: 1 | loss: 0.2308761
2025-04-19 10:50:15,867 - exp.exp_main - INFO - 	speed: 0.0033s/iter; left time: 1.4342s
2025-04-19 10:50:16,194 - exp.exp_main - INFO - 	iters: 700, epoch: 1 | loss: 0.3083184
2025-04-19 10:50:16,194 - exp.exp_main - INFO - 	speed: 0.0033s/iter; left time: 1.0960s
2025-04-19 10:50:16,519 - exp.exp_main - INFO - 	iters: 800, epoch: 1 | loss: 0.2940053
2025-04-19 10:50:16,521 - exp.exp_main - INFO - 	speed: 0.0033s/iter; left time: 0.7728s
2025-04-19 10:50:16,860 - exp.exp_main - INFO - 	iters: 900, epoch: 1 | loss: 0.5878361
2025-04-19 10:50:16,860 - exp.exp_main - INFO - 	speed: 0.0034s/iter; left time: 0.4603s
2025-04-19 10:50:17,217 - exp.exp_main - INFO - 	iters: 1000, epoch: 1 | loss: 0.3310682
2025-04-19 10:50:17,217 - exp.exp_main - INFO - 	speed: 0.0036s/iter; left time: 0.1285s
2025-04-19 10:50:18,586 - exp.exp_main - INFO - Epoch: 1 cost time: 49.35760998725891
2025-04-19 10:51:49,441 - exp.exp_main - INFO - Epoch: 1, Steps: 1035 | Train Loss: 0.2753958 Vali Loss: 0.4404659 Test Loss: 0.3329054
2025-04-19 10:52:40,814 - exp.exp_main - INFO - mse:0.33331263065338135, mae:0.37886515259742737
