2025-04-19 11:07:08,300 - exp.exp_main - INFO - Logger initialized successfully
2025-04-19 11:07:08,300 - exp.exp_main - INFO - 确保结果目录存在: ./train_result/ETTh1_GLinear_ETTh1_ftM_sl336ll48pl24_dm512nh8el2dl1_df2048_fc1ebtimeFdtTrue_Exp_0\result_csv/
2025-04-19 11:07:37,910 - exp.exp_main - INFO - 	iters: 100, epoch: 1 | loss: 0.3974369
2025-04-19 11:07:37,910 - exp.exp_main - INFO - 	speed: 0.2954s/iter; left time: 276.5069s
2025-04-19 11:07:38,216 - exp.exp_main - INFO - 	iters: 200, epoch: 1 | loss: 0.1793086
2025-04-19 11:07:38,218 - exp.exp_main - INFO - 	speed: 0.0031s/iter; left time: 2.5760s
2025-04-19 11:07:38,512 - exp.exp_main - INFO - 	iters: 300, epoch: 1 | loss: 0.2432493
2025-04-19 11:07:38,512 - exp.exp_main - INFO - 	speed: 0.0029s/iter; left time: 2.1635s
2025-04-19 11:07:38,793 - exp.exp_main - INFO - 	iters: 400, epoch: 1 | loss: 0.2679332
2025-04-19 11:07:38,795 - exp.exp_main - INFO - 	speed: 0.0028s/iter; left time: 1.7884s
2025-04-19 11:07:39,104 - exp.exp_main - INFO - 	iters: 500, epoch: 1 | loss: 0.2526236
2025-04-19 11:07:39,104 - exp.exp_main - INFO - 	speed: 0.0031s/iter; left time: 1.6583s
2025-04-19 11:07:39,398 - exp.exp_main - INFO - 	iters: 600, epoch: 1 | loss: 0.2308761
2025-04-19 11:07:39,399 - exp.exp_main - INFO - 	speed: 0.0030s/iter; left time: 1.2884s
2025-04-19 11:07:39,689 - exp.exp_main - INFO - 	iters: 700, epoch: 1 | loss: 0.3083184
2025-04-19 11:07:39,689 - exp.exp_main - INFO - 	speed: 0.0029s/iter; left time: 0.9743s
2025-04-19 11:07:39,971 - exp.exp_main - INFO - 	iters: 800, epoch: 1 | loss: 0.2940053
2025-04-19 11:07:39,972 - exp.exp_main - INFO - 	speed: 0.0028s/iter; left time: 0.6675s
2025-04-19 11:07:40,274 - exp.exp_main - INFO - 	iters: 900, epoch: 1 | loss: 0.5878361
2025-04-19 11:07:40,274 - exp.exp_main - INFO - 	speed: 0.0030s/iter; left time: 0.4107s
2025-04-19 11:07:40,559 - exp.exp_main - INFO - 	iters: 1000, epoch: 1 | loss: 0.3310682
2025-04-19 11:07:40,561 - exp.exp_main - INFO - 	speed: 0.0029s/iter; left time: 0.1032s
2025-04-19 11:07:41,561 - exp.exp_main - INFO - Epoch: 1 cost time: 32.65080213546753
2025-04-19 11:08:42,036 - exp.exp_main - INFO - Epoch: 1, Steps: 1035 | Train Loss: 0.2753958 Vali Loss: 0.4404659 Test Loss: 0.3329054
