Args in experiment:
Namespace(activation='gelu', batch_size=16, c_out=7, checkpoints='/spo/NewbornTime/tahir098/SVF/data/Extra/checkpoints/', d_ff=2048, d_layers=1, d_model=512, data='custom', data_path='weather.csv', dec_in=7, des='Exp', devices='0,1,2,3', distil=True, do_predict=False, dropout=0.05, e_layers=2, embed='timeF', embed_type=0, enc_in=21, factor=1, features='M', freq='h', gpu=0, individual=False, is_training=1, itr=1, label_len=48, learning_rate=0.001, loss='mse', lradj='type1', model='NLinear', model_id='weather_336_720', moving_avg=25, n_heads=8, num_workers=10, output_attention=False, patience=3, pred_len=720, root_path='./dataset/', seq_len=336, target='OT', test_flop=False, train_epochs=10, train_only=False, use_amp=False, use_gpu=True, use_multi_gpu=False)
Use GPU: cuda:0
>>>>>>>start training : weather_336_720_NLinear_custom_ftM_sl336_ll48_pl720_dm512_nh8_el2_dl1_df2048_fc1_ebtimeF_dtTrue_Exp_0>>>>>>>>>>>>>>>>>>>>>>>>>>
train 35832
val 4551
test 9820
	iters: 100, epoch: 1 | loss: 0.4903657
	speed: 0.0114s/iter; left time: 254.0265s
	iters: 200, epoch: 1 | loss: 0.7532602
	speed: 0.0049s/iter; left time: 108.0004s
	iters: 300, epoch: 1 | loss: 0.6254994
	speed: 0.0049s/iter; left time: 109.0760s
	iters: 400, epoch: 1 | loss: 0.5790974
	speed: 0.0050s/iter; left time: 109.1692s
	iters: 500, epoch: 1 | loss: 0.7819445
	speed: 0.0049s/iter; left time: 107.8571s
	iters: 600, epoch: 1 | loss: 0.7698623
	speed: 0.0050s/iter; left time: 108.6587s
	iters: 700, epoch: 1 | loss: 0.6061968
	speed: 0.0049s/iter; left time: 106.9855s
	iters: 800, epoch: 1 | loss: 0.6357049
	speed: 0.0049s/iter; left time: 106.4736s
	iters: 900, epoch: 1 | loss: 0.6275129
	speed: 0.0050s/iter; left time: 106.8883s
	iters: 1000, epoch: 1 | loss: 0.5977068
	speed: 0.0049s/iter; left time: 105.5940s
	iters: 1100, epoch: 1 | loss: 0.8350233
	speed: 0.0056s/iter; left time: 118.4217s
	iters: 1200, epoch: 1 | loss: 0.4772472
	speed: 0.0059s/iter; left time: 125.8282s
	iters: 1300, epoch: 1 | loss: 0.6123000
	speed: 0.0052s/iter; left time: 108.8151s
	iters: 1400, epoch: 1 | loss: 0.5806767
	speed: 0.0049s/iter; left time: 102.7401s
	iters: 1500, epoch: 1 | loss: 0.6812009
	speed: 0.0047s/iter; left time: 97.7530s
	iters: 1600, epoch: 1 | loss: 0.6331397
	speed: 0.0050s/iter; left time: 104.3699s
	iters: 1700, epoch: 1 | loss: 0.4696342
	speed: 0.0050s/iter; left time: 102.8416s
	iters: 1800, epoch: 1 | loss: 0.5251102
	speed: 0.0049s/iter; left time: 100.4739s
	iters: 1900, epoch: 1 | loss: 0.5236081
	speed: 0.0049s/iter; left time: 100.3135s
	iters: 2000, epoch: 1 | loss: 0.4848329
	speed: 0.0052s/iter; left time: 106.0675s
	iters: 2100, epoch: 1 | loss: 0.8368583
	speed: 0.0050s/iter; left time: 101.2728s
	iters: 2200, epoch: 1 | loss: 0.5932208
	speed: 0.0047s/iter; left time: 95.6622s
Epoch: 1 cost time: 11.981485366821289
Epoch: 1, Steps: 2239 | Train Loss: 0.6857948 Vali Loss: 0.7021542 Test Loss: 0.3365548
Validation loss decreased (inf --> 0.702154).  Saving model ...
Updating learning rate to 0.001
	iters: 100, epoch: 2 | loss: 0.4802187
	speed: 0.0759s/iter; left time: 1521.0282s
	iters: 200, epoch: 2 | loss: 0.8161193
	speed: 0.0050s/iter; left time: 100.6636s
	iters: 300, epoch: 2 | loss: 0.5535077
	speed: 0.0049s/iter; left time: 97.4422s
	iters: 400, epoch: 2 | loss: 0.4448386
	speed: 0.0051s/iter; left time: 101.1361s
	iters: 500, epoch: 2 | loss: 0.5850460
	speed: 0.0052s/iter; left time: 101.5807s
	iters: 600, epoch: 2 | loss: 0.8478354
	speed: 0.0048s/iter; left time: 93.6024s
	iters: 700, epoch: 2 | loss: 1.0498707
	speed: 0.0050s/iter; left time: 98.0575s
	iters: 800, epoch: 2 | loss: 0.9226859
	speed: 0.0049s/iter; left time: 94.7268s
	iters: 900, epoch: 2 | loss: 0.4944470
	speed: 0.0049s/iter; left time: 93.5567s
	iters: 1000, epoch: 2 | loss: 0.5284162
	speed: 0.0048s/iter; left time: 92.0575s
	iters: 1100, epoch: 2 | loss: 0.8431358
	speed: 0.0061s/iter; left time: 115.7049s
	iters: 1200, epoch: 2 | loss: 0.5478119
	speed: 0.0049s/iter; left time: 92.7081s
	iters: 1300, epoch: 2 | loss: 0.4496669
	speed: 0.0050s/iter; left time: 93.7853s
	iters: 1400, epoch: 2 | loss: 0.6532902
	speed: 0.0048s/iter; left time: 90.3375s
	iters: 1500, epoch: 2 | loss: 0.5380579
	speed: 0.0055s/iter; left time: 102.0339s
	iters: 1600, epoch: 2 | loss: 0.5312765
	speed: 0.0050s/iter; left time: 92.1289s
	iters: 1700, epoch: 2 | loss: 0.8214921
	speed: 0.0054s/iter; left time: 99.0363s
	iters: 1800, epoch: 2 | loss: 0.7295039
	speed: 0.0052s/iter; left time: 95.9328s
	iters: 1900, epoch: 2 | loss: 0.5451469
	speed: 0.0052s/iter; left time: 95.7712s
	iters: 2000, epoch: 2 | loss: 0.6578439
	speed: 0.0053s/iter; left time: 96.3011s
	iters: 2100, epoch: 2 | loss: 0.5427637
	speed: 0.0056s/iter; left time: 100.7179s
	iters: 2200, epoch: 2 | loss: 0.4808666
	speed: 0.0053s/iter; left time: 95.1759s
Epoch: 2 cost time: 12.27935266494751
Epoch: 2, Steps: 2239 | Train Loss: 0.6733831 Vali Loss: 0.6926238 Test Loss: 0.3343655
Validation loss decreased (0.702154 --> 0.692624).  Saving model ...
Updating learning rate to 0.0005
	iters: 100, epoch: 3 | loss: 0.7214583
	speed: 0.0769s/iter; left time: 1369.9001s
	iters: 200, epoch: 3 | loss: 0.6039350
	speed: 0.0047s/iter; left time: 83.2263s
	iters: 300, epoch: 3 | loss: 0.7190973
	speed: 0.0048s/iter; left time: 83.9720s
	iters: 400, epoch: 3 | loss: 0.7360915
	speed: 0.0051s/iter; left time: 88.4581s
	iters: 500, epoch: 3 | loss: 0.9663131
	speed: 0.0050s/iter; left time: 87.5196s
	iters: 600, epoch: 3 | loss: 0.5579340
	speed: 0.0050s/iter; left time: 86.9467s
	iters: 700, epoch: 3 | loss: 1.8056107
	speed: 0.0051s/iter; left time: 87.7515s
	iters: 800, epoch: 3 | loss: 0.6758295
	speed: 0.0050s/iter; left time: 86.1624s
	iters: 900, epoch: 3 | loss: 0.8605778
	speed: 0.0052s/iter; left time: 88.4196s
	iters: 1000, epoch: 3 | loss: 0.4744597
	speed: 0.0051s/iter; left time: 86.6939s
	iters: 1100, epoch: 3 | loss: 0.7081654
	speed: 0.0050s/iter; left time: 84.1437s
	iters: 1200, epoch: 3 | loss: 0.5496272
	speed: 0.0057s/iter; left time: 94.5577s
	iters: 1300, epoch: 3 | loss: 0.8265237
	speed: 0.0054s/iter; left time: 89.0030s
	iters: 1400, epoch: 3 | loss: 0.6468777
	speed: 0.0051s/iter; left time: 83.8923s
	iters: 1500, epoch: 3 | loss: 0.6042544
	speed: 0.0050s/iter; left time: 81.9779s
	iters: 1600, epoch: 3 | loss: 0.4568740
	speed: 0.0053s/iter; left time: 86.9848s
	iters: 1700, epoch: 3 | loss: 0.3905145
	speed: 0.0051s/iter; left time: 82.1033s
	iters: 1800, epoch: 3 | loss: 0.9506014
	speed: 0.0050s/iter; left time: 81.2717s
	iters: 1900, epoch: 3 | loss: 0.5266514
	speed: 0.0050s/iter; left time: 80.5173s
	iters: 2000, epoch: 3 | loss: 0.8484342
	speed: 0.0050s/iter; left time: 79.4928s
	iters: 2100, epoch: 3 | loss: 0.5292969
	speed: 0.0052s/iter; left time: 81.8833s
	iters: 2200, epoch: 3 | loss: 0.5541264
	speed: 0.0051s/iter; left time: 80.0000s
Epoch: 3 cost time: 12.392730951309204
Epoch: 3, Steps: 2239 | Train Loss: 0.6509221 Vali Loss: 0.6892588 Test Loss: 0.3352720
Validation loss decreased (0.692624 --> 0.689259).  Saving model ...
Updating learning rate to 0.00025
	iters: 100, epoch: 4 | loss: 0.5599920
	speed: 0.0777s/iter; left time: 1209.6679s
	iters: 200, epoch: 4 | loss: 0.6194490
	speed: 0.0049s/iter; left time: 75.1800s
	iters: 300, epoch: 4 | loss: 0.4319661
	speed: 0.0049s/iter; left time: 74.7957s
	iters: 400, epoch: 4 | loss: 0.6467779
	speed: 0.0051s/iter; left time: 77.4257s
	iters: 500, epoch: 4 | loss: 0.6890087
	speed: 0.0051s/iter; left time: 76.6716s
	iters: 600, epoch: 4 | loss: 0.7057829
	speed: 0.0046s/iter; left time: 69.7599s
	iters: 700, epoch: 4 | loss: 1.0117627
	speed: 0.0048s/iter; left time: 72.3806s
	iters: 800, epoch: 4 | loss: 0.6298701
	speed: 0.0050s/iter; left time: 73.7294s
	iters: 900, epoch: 4 | loss: 0.4956610
	speed: 0.0049s/iter; left time: 71.8008s
	iters: 1000, epoch: 4 | loss: 0.6844862
	speed: 0.0049s/iter; left time: 71.5960s
	iters: 1100, epoch: 4 | loss: 0.4632688
	speed: 0.0049s/iter; left time: 71.8042s
	iters: 1200, epoch: 4 | loss: 0.4532582
	speed: 0.0060s/iter; left time: 86.2669s
	iters: 1300, epoch: 4 | loss: 0.5306694
	speed: 0.0056s/iter; left time: 80.7947s
	iters: 1400, epoch: 4 | loss: 0.4824310
	speed: 0.0053s/iter; left time: 74.9720s
	iters: 1500, epoch: 4 | loss: 0.7185220
	speed: 0.0052s/iter; left time: 73.2066s
	iters: 1600, epoch: 4 | loss: 0.6200042
	speed: 0.0051s/iter; left time: 71.8491s
	iters: 1700, epoch: 4 | loss: 0.5109826
	speed: 0.0051s/iter; left time: 70.9486s
	iters: 1800, epoch: 4 | loss: 0.7488181
	speed: 0.0050s/iter; left time: 69.9575s
	iters: 1900, epoch: 4 | loss: 0.6132914
	speed: 0.0052s/iter; left time: 72.0492s
	iters: 2000, epoch: 4 | loss: 0.4799758
	speed: 0.0052s/iter; left time: 70.6706s
	iters: 2100, epoch: 4 | loss: 0.5939977
	speed: 0.0049s/iter; left time: 66.5194s
	iters: 2200, epoch: 4 | loss: 0.4655308
	speed: 0.0049s/iter; left time: 66.1762s
Epoch: 4 cost time: 12.215323686599731
Epoch: 4, Steps: 2239 | Train Loss: 0.6372015 Vali Loss: 0.6889547 Test Loss: 0.3335202
Validation loss decreased (0.689259 --> 0.688955).  Saving model ...
Updating learning rate to 0.000125
	iters: 100, epoch: 5 | loss: 0.5172812
	speed: 0.0757s/iter; left time: 1009.4082s
	iters: 200, epoch: 5 | loss: 0.4069129
	speed: 0.0049s/iter; left time: 65.3820s
	iters: 300, epoch: 5 | loss: 0.4865710
	speed: 0.0047s/iter; left time: 62.0735s
	iters: 400, epoch: 5 | loss: 0.5519723
	speed: 0.0048s/iter; left time: 62.3062s
	iters: 500, epoch: 5 | loss: 0.5576964
	speed: 0.0049s/iter; left time: 63.3302s
	iters: 600, epoch: 5 | loss: 0.6576017
	speed: 0.0048s/iter; left time: 61.3816s
	iters: 700, epoch: 5 | loss: 0.5003034
	speed: 0.0049s/iter; left time: 62.7757s
	iters: 800, epoch: 5 | loss: 0.5896512
	speed: 0.0052s/iter; left time: 65.7060s
	iters: 900, epoch: 5 | loss: 0.5755185
	speed: 0.0051s/iter; left time: 63.3685s
	iters: 1000, epoch: 5 | loss: 0.6423593
	speed: 0.0051s/iter; left time: 63.7526s
	iters: 1100, epoch: 5 | loss: 0.5204555
	speed: 0.0050s/iter; left time: 61.0661s
	iters: 1200, epoch: 5 | loss: 0.8212253
	speed: 0.0050s/iter; left time: 61.5224s
	iters: 1300, epoch: 5 | loss: 0.4868065
	speed: 0.0051s/iter; left time: 61.2964s
	iters: 1400, epoch: 5 | loss: 0.5814950
	speed: 0.0049s/iter; left time: 58.7490s
	iters: 1500, epoch: 5 | loss: 0.4448807
	speed: 0.0048s/iter; left time: 57.0067s
	iters: 1600, epoch: 5 | loss: 0.5080951
	speed: 0.0049s/iter; left time: 57.8009s
	iters: 1700, epoch: 5 | loss: 0.7817833
	speed: 0.0047s/iter; left time: 55.6856s
	iters: 1800, epoch: 5 | loss: 0.7140837
	speed: 0.0047s/iter; left time: 54.5908s
	iters: 1900, epoch: 5 | loss: 0.5661904
	speed: 0.0048s/iter; left time: 55.3479s
	iters: 2000, epoch: 5 | loss: 0.7806559
	speed: 0.0047s/iter; left time: 53.8786s
	iters: 2100, epoch: 5 | loss: 0.7496760
	speed: 0.0049s/iter; left time: 56.0655s
	iters: 2200, epoch: 5 | loss: 1.0448080
	speed: 0.0051s/iter; left time: 57.3078s
Epoch: 5 cost time: 11.833320379257202
Epoch: 5, Steps: 2239 | Train Loss: 0.6356534 Vali Loss: 0.6914725 Test Loss: 0.3369089
EarlyStopping counter: 1 out of 3
Updating learning rate to 6.25e-05
	iters: 100, epoch: 6 | loss: 0.5289274
	speed: 0.0768s/iter; left time: 852.4678s
	iters: 200, epoch: 6 | loss: 0.8860041
	speed: 0.0052s/iter; left time: 56.8693s
	iters: 300, epoch: 6 | loss: 0.7622569
	speed: 0.0050s/iter; left time: 54.8136s
	iters: 400, epoch: 6 | loss: 0.5446276
	speed: 0.0049s/iter; left time: 52.5163s
	iters: 500, epoch: 6 | loss: 0.9820859
	speed: 0.0048s/iter; left time: 51.0038s
	iters: 600, epoch: 6 | loss: 0.4992872
	speed: 0.0048s/iter; left time: 50.7625s
	iters: 700, epoch: 6 | loss: 0.4538267
	speed: 0.0048s/iter; left time: 50.8254s
	iters: 800, epoch: 6 | loss: 0.4745812
	speed: 0.0046s/iter; left time: 47.7265s
	iters: 900, epoch: 6 | loss: 0.6029981
	speed: 0.0044s/iter; left time: 45.7859s
	iters: 1000, epoch: 6 | loss: 0.7327631
	speed: 0.0048s/iter; left time: 48.6108s
	iters: 1100, epoch: 6 | loss: 0.5590775
	speed: 0.0049s/iter; left time: 49.8729s
	iters: 1200, epoch: 6 | loss: 0.5865205
	speed: 0.0049s/iter; left time: 48.9184s
	iters: 1300, epoch: 6 | loss: 0.7767856
	speed: 0.0049s/iter; left time: 48.8424s
	iters: 1400, epoch: 6 | loss: 0.5974937
	speed: 0.0049s/iter; left time: 48.2794s
	iters: 1500, epoch: 6 | loss: 0.4919159
	speed: 0.0049s/iter; left time: 47.2742s
	iters: 1600, epoch: 6 | loss: 0.6321867
	speed: 0.0050s/iter; left time: 47.6218s
	iters: 1700, epoch: 6 | loss: 0.9402589
	speed: 0.0048s/iter; left time: 45.2926s
	iters: 1800, epoch: 6 | loss: 0.8527177
	speed: 0.0048s/iter; left time: 45.5018s
	iters: 1900, epoch: 6 | loss: 0.5261764
	speed: 0.0048s/iter; left time: 44.5047s
	iters: 2000, epoch: 6 | loss: 0.7659458
	speed: 0.0053s/iter; left time: 48.6299s
	iters: 2100, epoch: 6 | loss: 0.6998795
	speed: 0.0055s/iter; left time: 49.7643s
	iters: 2200, epoch: 6 | loss: 0.6642988
	speed: 0.0048s/iter; left time: 43.3269s
Epoch: 6 cost time: 11.707016229629517
Epoch: 6, Steps: 2239 | Train Loss: 0.6341401 Vali Loss: 0.6854253 Test Loss: 0.3342924
Validation loss decreased (0.688955 --> 0.685425).  Saving model ...
Updating learning rate to 3.125e-05
	iters: 100, epoch: 7 | loss: 0.5218095
	speed: 0.0758s/iter; left time: 670.9367s
	iters: 200, epoch: 7 | loss: 0.4744503
	speed: 0.0050s/iter; left time: 43.8315s
	iters: 300, epoch: 7 | loss: 0.5757651
	speed: 0.0050s/iter; left time: 43.6042s
	iters: 400, epoch: 7 | loss: 0.7986149
	speed: 0.0054s/iter; left time: 45.9595s
	iters: 500, epoch: 7 | loss: 0.6257026
	speed: 0.0052s/iter; left time: 43.7760s
	iters: 600, epoch: 7 | loss: 0.5791097
	speed: 0.0049s/iter; left time: 40.5571s
	iters: 700, epoch: 7 | loss: 0.4659795
	speed: 0.0052s/iter; left time: 42.9648s
	iters: 800, epoch: 7 | loss: 0.5245252
	speed: 0.0048s/iter; left time: 39.4222s
	iters: 900, epoch: 7 | loss: 0.7663751
	speed: 0.0050s/iter; left time: 39.9532s
	iters: 1000, epoch: 7 | loss: 0.4659862
	speed: 0.0049s/iter; left time: 39.2894s
	iters: 1100, epoch: 7 | loss: 0.8084819
	speed: 0.0049s/iter; left time: 38.4305s
	iters: 1200, epoch: 7 | loss: 0.5361400
	speed: 0.0049s/iter; left time: 37.9502s
	iters: 1300, epoch: 7 | loss: 0.6854190
	speed: 0.0048s/iter; left time: 36.9455s
	iters: 1400, epoch: 7 | loss: 0.9927869
	speed: 0.0048s/iter; left time: 36.4703s
	iters: 1500, epoch: 7 | loss: 0.5027642
	speed: 0.0050s/iter; left time: 36.9366s
	iters: 1600, epoch: 7 | loss: 0.7210846
	speed: 0.0046s/iter; left time: 34.1089s
	iters: 1700, epoch: 7 | loss: 0.6309714
	speed: 0.0046s/iter; left time: 33.3411s
	iters: 1800, epoch: 7 | loss: 0.6225657
	speed: 0.0048s/iter; left time: 34.0973s
	iters: 1900, epoch: 7 | loss: 0.4827344
	speed: 0.0047s/iter; left time: 33.2431s
	iters: 2000, epoch: 7 | loss: 0.6268438
	speed: 0.0048s/iter; left time: 33.7134s
	iters: 2100, epoch: 7 | loss: 0.5243331
	speed: 0.0048s/iter; left time: 33.1505s
	iters: 2200, epoch: 7 | loss: 0.7101415
	speed: 0.0049s/iter; left time: 33.2368s
Epoch: 7 cost time: 11.740809440612793
Epoch: 7, Steps: 2239 | Train Loss: 0.6312778 Vali Loss: 0.6849492 Test Loss: 0.3340022
Validation loss decreased (0.685425 --> 0.684949).  Saving model ...
Updating learning rate to 1.5625e-05
	iters: 100, epoch: 8 | loss: 0.9509947
	speed: 0.0742s/iter; left time: 491.1636s
	iters: 200, epoch: 8 | loss: 0.4931701
	speed: 0.0048s/iter; left time: 31.5393s
	iters: 300, epoch: 8 | loss: 0.4810759
	speed: 0.0051s/iter; left time: 32.5772s
	iters: 400, epoch: 8 | loss: 0.4500971
	speed: 0.0049s/iter; left time: 31.1869s
	iters: 500, epoch: 8 | loss: 0.6824222
	speed: 0.0048s/iter; left time: 29.8659s
	iters: 600, epoch: 8 | loss: 0.5654676
	speed: 0.0051s/iter; left time: 31.3460s
	iters: 700, epoch: 8 | loss: 0.8637890
	speed: 0.0051s/iter; left time: 30.5333s
	iters: 800, epoch: 8 | loss: 0.8421304
	speed: 0.0050s/iter; left time: 29.2991s
	iters: 900, epoch: 8 | loss: 0.6668440
	speed: 0.0046s/iter; left time: 26.4758s
	iters: 1000, epoch: 8 | loss: 0.5427777
	speed: 0.0049s/iter; left time: 28.2893s
	iters: 1100, epoch: 8 | loss: 0.7243391
	speed: 0.0057s/iter; left time: 31.7900s
	iters: 1200, epoch: 8 | loss: 0.5537531
	speed: 0.0049s/iter; left time: 27.2196s
	iters: 1300, epoch: 8 | loss: 0.8997173
	speed: 0.0047s/iter; left time: 25.6996s
	iters: 1400, epoch: 8 | loss: 0.7407165
	speed: 0.0047s/iter; left time: 25.1262s
	iters: 1500, epoch: 8 | loss: 0.7454120
	speed: 0.0050s/iter; left time: 25.8361s
	iters: 1600, epoch: 8 | loss: 1.1646847
	speed: 0.0049s/iter; left time: 25.2755s
	iters: 1700, epoch: 8 | loss: 0.8650371
	speed: 0.0052s/iter; left time: 26.2913s
	iters: 1800, epoch: 8 | loss: 0.9011602
	speed: 0.0046s/iter; left time: 22.5908s
	iters: 1900, epoch: 8 | loss: 0.4674449
	speed: 0.0048s/iter; left time: 23.0373s
	iters: 2000, epoch: 8 | loss: 0.6002598
	speed: 0.0048s/iter; left time: 22.8766s
	iters: 2100, epoch: 8 | loss: 0.5541223
	speed: 0.0052s/iter; left time: 24.0235s
	iters: 2200, epoch: 8 | loss: 0.5648432
	speed: 0.0061s/iter; left time: 27.4972s
Epoch: 8 cost time: 11.980684280395508
Epoch: 8, Steps: 2239 | Train Loss: 0.6309320 Vali Loss: 0.6892552 Test Loss: 0.3396513
EarlyStopping counter: 1 out of 3
Updating learning rate to 7.8125e-06
	iters: 100, epoch: 9 | loss: 0.9193963
	speed: 0.0728s/iter; left time: 318.7147s
	iters: 200, epoch: 9 | loss: 0.4988031
	speed: 0.0049s/iter; left time: 21.1364s
	iters: 300, epoch: 9 | loss: 0.6504680
	speed: 0.0052s/iter; left time: 21.7117s
	iters: 400, epoch: 9 | loss: 0.7056887
	speed: 0.0050s/iter; left time: 20.4485s
	iters: 500, epoch: 9 | loss: 0.7670881
	speed: 0.0050s/iter; left time: 20.0645s
	iters: 600, epoch: 9 | loss: 0.6100904
	speed: 0.0052s/iter; left time: 20.0747s
	iters: 700, epoch: 9 | loss: 0.5962123
	speed: 0.0050s/iter; left time: 18.8225s
	iters: 800, epoch: 9 | loss: 0.4969319
	speed: 0.0049s/iter; left time: 18.0880s
	iters: 900, epoch: 9 | loss: 0.5973040
	speed: 0.0047s/iter; left time: 16.9718s
	iters: 1000, epoch: 9 | loss: 0.5530989
	speed: 0.0049s/iter; left time: 16.9687s
	iters: 1100, epoch: 9 | loss: 0.5792372
	speed: 0.0068s/iter; left time: 22.9285s
	iters: 1200, epoch: 9 | loss: 0.5570042
	speed: 0.0050s/iter; left time: 16.4863s
	iters: 1300, epoch: 9 | loss: 0.5027323
	speed: 0.0048s/iter; left time: 15.4020s
	iters: 1400, epoch: 9 | loss: 0.5588431
	speed: 0.0049s/iter; left time: 15.2102s
	iters: 1500, epoch: 9 | loss: 0.5079778
	speed: 0.0049s/iter; left time: 14.6064s
	iters: 1600, epoch: 9 | loss: 0.5626073
	speed: 0.0049s/iter; left time: 14.1934s
	iters: 1700, epoch: 9 | loss: 0.5500067
	speed: 0.0048s/iter; left time: 13.2207s
	iters: 1800, epoch: 9 | loss: 0.5061453
	speed: 0.0047s/iter; left time: 12.5646s
	iters: 1900, epoch: 9 | loss: 0.5515881
	speed: 0.0050s/iter; left time: 12.7965s
	iters: 2000, epoch: 9 | loss: 0.7427026
	speed: 0.0050s/iter; left time: 12.3284s
	iters: 2100, epoch: 9 | loss: 0.7572584
	speed: 0.0049s/iter; left time: 11.7023s
	iters: 2200, epoch: 9 | loss: 0.4794658
	speed: 0.0046s/iter; left time: 10.4544s
Epoch: 9 cost time: 11.901710033416748
Epoch: 9, Steps: 2239 | Train Loss: 0.6307949 Vali Loss: 0.6851498 Test Loss: 0.3345786
EarlyStopping counter: 2 out of 3
Updating learning rate to 3.90625e-06
	iters: 100, epoch: 10 | loss: 0.6058245
	speed: 0.0723s/iter; left time: 154.6878s
	iters: 200, epoch: 10 | loss: 0.8595402
	speed: 0.0049s/iter; left time: 9.9541s
	iters: 300, epoch: 10 | loss: 0.4592448
	speed: 0.0048s/iter; left time: 9.2964s
	iters: 400, epoch: 10 | loss: 0.7204971
	speed: 0.0049s/iter; left time: 9.1061s
	iters: 500, epoch: 10 | loss: 0.7445650
	speed: 0.0049s/iter; left time: 8.4652s
	iters: 600, epoch: 10 | loss: 0.6150641
	speed: 0.0052s/iter; left time: 8.5161s
	iters: 700, epoch: 10 | loss: 0.4503297
	speed: 0.0052s/iter; left time: 7.9569s
	iters: 800, epoch: 10 | loss: 0.7512473
	speed: 0.0049s/iter; left time: 7.1003s
	iters: 900, epoch: 10 | loss: 0.4421533
	speed: 0.0048s/iter; left time: 6.4570s
	iters: 1000, epoch: 10 | loss: 0.7715577
	speed: 0.0048s/iter; left time: 5.9868s
	iters: 1100, epoch: 10 | loss: 0.4568935
	speed: 0.0058s/iter; left time: 6.6612s
	iters: 1200, epoch: 10 | loss: 0.8604372
	speed: 0.0062s/iter; left time: 6.4105s
	iters: 1300, epoch: 10 | loss: 0.7694600
	speed: 0.0068s/iter; left time: 6.4091s
	iters: 1400, epoch: 10 | loss: 0.5799215
	speed: 0.0051s/iter; left time: 4.2455s
	iters: 1500, epoch: 10 | loss: 0.5593102
	speed: 0.0052s/iter; left time: 3.8438s
	iters: 1600, epoch: 10 | loss: 0.6257198
	speed: 0.0051s/iter; left time: 3.2900s
	iters: 1700, epoch: 10 | loss: 0.5864068
	speed: 0.0049s/iter; left time: 2.6237s
	iters: 1800, epoch: 10 | loss: 0.5192081
	speed: 0.0050s/iter; left time: 2.2010s
	iters: 1900, epoch: 10 | loss: 0.6611829
	speed: 0.0050s/iter; left time: 1.7058s
	iters: 2000, epoch: 10 | loss: 0.7588366
	speed: 0.0051s/iter; left time: 1.2316s
	iters: 2100, epoch: 10 | loss: 0.6864312
	speed: 0.0053s/iter; left time: 0.7409s
	iters: 2200, epoch: 10 | loss: 0.5714494
	speed: 0.0052s/iter; left time: 0.2065s
Epoch: 10 cost time: 12.333584070205688
Epoch: 10, Steps: 2239 | Train Loss: 0.6306546 Vali Loss: 0.6850170 Test Loss: 0.3349579
EarlyStopping counter: 3 out of 3
Early stopping
>>>>>>>testing : weather_336_720_NLinear_custom_ftM_sl336_ll48_pl720_dm512_nh8_el2_dl1_df2048_fc1_ebtimeF_dtTrue_Exp_0<<<<<<<<<<<<<<<<<<<<<<<<<<<<<<<<<
test 9820
mse:0.3339160978794098, mae:0.34373944997787476
