Args in experiment:
Namespace(activation='gelu', batch_size=16, c_out=7, checkpoints='/spo/NewbornTime/tahir098/SVF/data/Extra/checkpoints/', d_ff=2048, d_layers=1, d_model=512, data='custom', data_path='weather.csv', dec_in=7, des='Exp', devices='0,1,2,3', distil=True, do_predict=False, dropout=0.05, e_layers=2, embed='timeF', embed_type=0, enc_in=21, factor=1, features='M', freq='h', gpu=0, individual=False, is_training=1, itr=1, label_len=48, learning_rate=0.001, loss='mse', lradj='type1', model='NLinear', model_id='weather_72_720', moving_avg=25, n_heads=8, num_workers=10, output_attention=False, patience=3, pred_len=720, root_path='./dataset/', seq_len=72, target='OT', test_flop=False, train_epochs=10, train_only=False, use_amp=False, use_gpu=True, use_multi_gpu=False)
Use GPU: cuda:0
>>>>>>>start training : weather_72_720_NLinear_custom_ftM_sl72_ll48_pl720_dm512_nh8_el2_dl1_df2048_fc1_ebtimeF_dtTrue_Exp_0>>>>>>>>>>>>>>>>>>>>>>>>>>
train 36096
val 4551
test 9820
	iters: 100, epoch: 1 | loss: 0.8022140
	speed: 0.0114s/iter; left time: 255.2770s
	iters: 200, epoch: 1 | loss: 0.9502203
	speed: 0.0049s/iter; left time: 109.5591s
	iters: 300, epoch: 1 | loss: 0.8280185
	speed: 0.0047s/iter; left time: 104.3873s
	iters: 400, epoch: 1 | loss: 0.6995525
	speed: 0.0047s/iter; left time: 103.3938s
	iters: 500, epoch: 1 | loss: 0.7468629
	speed: 0.0051s/iter; left time: 111.4101s
	iters: 600, epoch: 1 | loss: 1.0948051
	speed: 0.0047s/iter; left time: 102.4945s
	iters: 700, epoch: 1 | loss: 0.6384677
	speed: 0.0048s/iter; left time: 105.0148s
	iters: 800, epoch: 1 | loss: 1.1446705
	speed: 0.0046s/iter; left time: 100.2615s
	iters: 900, epoch: 1 | loss: 0.6097267
	speed: 0.0047s/iter; left time: 101.5884s
	iters: 1000, epoch: 1 | loss: 0.6414245
	speed: 0.0054s/iter; left time: 115.6310s
	iters: 1100, epoch: 1 | loss: 0.5763317
	speed: 0.0046s/iter; left time: 98.6168s
	iters: 1200, epoch: 1 | loss: 0.7591027
	speed: 0.0047s/iter; left time: 101.2147s
	iters: 1300, epoch: 1 | loss: 0.7607937
	speed: 0.0050s/iter; left time: 106.1364s
	iters: 1400, epoch: 1 | loss: 0.6035101
	speed: 0.0049s/iter; left time: 103.0042s
	iters: 1500, epoch: 1 | loss: 0.5942855
	speed: 0.0045s/iter; left time: 95.2467s
	iters: 1600, epoch: 1 | loss: 0.9700006
	speed: 0.0048s/iter; left time: 100.4790s
	iters: 1700, epoch: 1 | loss: 0.8485808
	speed: 0.0046s/iter; left time: 96.2475s
	iters: 1800, epoch: 1 | loss: 0.7716998
	speed: 0.0047s/iter; left time: 97.2678s
	iters: 1900, epoch: 1 | loss: 0.6683879
	speed: 0.0046s/iter; left time: 96.0486s
	iters: 2000, epoch: 1 | loss: 1.1785496
	speed: 0.0049s/iter; left time: 101.0459s
	iters: 2100, epoch: 1 | loss: 0.8726549
	speed: 0.0048s/iter; left time: 98.6966s
	iters: 2200, epoch: 1 | loss: 0.7225874
	speed: 0.0048s/iter; left time: 98.2848s
Epoch: 1 cost time: 11.55968689918518
Epoch: 1, Steps: 2256 | Train Loss: 0.8551429 Vali Loss: 0.8376386 Test Loss: 0.3820422
Validation loss decreased (inf --> 0.837639).  Saving model ...
Updating learning rate to 0.001
	iters: 100, epoch: 2 | loss: 0.9929903
	speed: 0.0732s/iter; left time: 1478.4309s
	iters: 200, epoch: 2 | loss: 0.7309113
	speed: 0.0046s/iter; left time: 91.8131s
	iters: 300, epoch: 2 | loss: 0.6221005
	speed: 0.0048s/iter; left time: 96.5553s
	iters: 400, epoch: 2 | loss: 0.6845402
	speed: 0.0048s/iter; left time: 96.1663s
	iters: 500, epoch: 2 | loss: 0.9061859
	speed: 0.0045s/iter; left time: 89.7317s
	iters: 600, epoch: 2 | loss: 0.9012983
	speed: 0.0046s/iter; left time: 90.4182s
	iters: 700, epoch: 2 | loss: 0.7254441
	speed: 0.0046s/iter; left time: 91.0458s
	iters: 800, epoch: 2 | loss: 0.6308284
	speed: 0.0046s/iter; left time: 89.8748s
	iters: 900, epoch: 2 | loss: 0.8190504
	speed: 0.0045s/iter; left time: 86.5583s
	iters: 1000, epoch: 2 | loss: 0.6143042
	speed: 0.0047s/iter; left time: 90.8087s
	iters: 1100, epoch: 2 | loss: 0.9114237
	speed: 0.0046s/iter; left time: 87.9559s
	iters: 1200, epoch: 2 | loss: 1.2765061
	speed: 0.0048s/iter; left time: 91.5725s
	iters: 1300, epoch: 2 | loss: 0.7730645
	speed: 0.0047s/iter; left time: 88.6724s
	iters: 1400, epoch: 2 | loss: 0.8151990
	speed: 0.0047s/iter; left time: 88.3575s
	iters: 1500, epoch: 2 | loss: 0.8355500
	speed: 0.0047s/iter; left time: 88.4897s
	iters: 1600, epoch: 2 | loss: 0.5822616
	speed: 0.0047s/iter; left time: 88.1591s
	iters: 1700, epoch: 2 | loss: 0.5951801
	speed: 0.0046s/iter; left time: 85.8416s
	iters: 1800, epoch: 2 | loss: 0.7772256
	speed: 0.0046s/iter; left time: 84.2183s
	iters: 1900, epoch: 2 | loss: 0.7600177
	speed: 0.0044s/iter; left time: 81.8551s
	iters: 2000, epoch: 2 | loss: 0.7859840
	speed: 0.0044s/iter; left time: 80.3619s
	iters: 2100, epoch: 2 | loss: 0.6972033
	speed: 0.0048s/iter; left time: 87.6408s
	iters: 2200, epoch: 2 | loss: 0.6719223
	speed: 0.0046s/iter; left time: 84.1364s
Epoch: 2 cost time: 11.162459135055542
Epoch: 2, Steps: 2256 | Train Loss: 0.8041908 Vali Loss: 0.8476073 Test Loss: 0.3826550
EarlyStopping counter: 1 out of 3
Updating learning rate to 0.0005
	iters: 100, epoch: 3 | loss: 0.6811633
	speed: 0.0708s/iter; left time: 1270.3189s
	iters: 200, epoch: 3 | loss: 0.6759656
	speed: 0.0048s/iter; left time: 86.3123s
	iters: 300, epoch: 3 | loss: 0.7289190
	speed: 0.0047s/iter; left time: 82.6814s
	iters: 400, epoch: 3 | loss: 0.8591082
	speed: 0.0046s/iter; left time: 81.8771s
	iters: 500, epoch: 3 | loss: 1.0815772
	speed: 0.0047s/iter; left time: 82.1349s
	iters: 600, epoch: 3 | loss: 0.7280195
	speed: 0.0045s/iter; left time: 79.2157s
	iters: 700, epoch: 3 | loss: 0.5976238
	speed: 0.0046s/iter; left time: 80.6324s
	iters: 800, epoch: 3 | loss: 0.9441643
	speed: 0.0048s/iter; left time: 82.7330s
	iters: 900, epoch: 3 | loss: 0.8307683
	speed: 0.0047s/iter; left time: 79.8273s
	iters: 1000, epoch: 3 | loss: 0.8686783
	speed: 0.0044s/iter; left time: 75.3407s
	iters: 1100, epoch: 3 | loss: 0.9734367
	speed: 0.0047s/iter; left time: 80.3592s
	iters: 1200, epoch: 3 | loss: 1.0310940
	speed: 0.0044s/iter; left time: 74.3617s
	iters: 1300, epoch: 3 | loss: 0.7455892
	speed: 0.0046s/iter; left time: 76.2446s
	iters: 1400, epoch: 3 | loss: 0.8555281
	speed: 0.0046s/iter; left time: 75.9081s
	iters: 1500, epoch: 3 | loss: 0.5763372
	speed: 0.0045s/iter; left time: 74.7097s
	iters: 1600, epoch: 3 | loss: 1.0160581
	speed: 0.0046s/iter; left time: 74.9059s
	iters: 1700, epoch: 3 | loss: 0.6953745
	speed: 0.0045s/iter; left time: 73.6795s
	iters: 1800, epoch: 3 | loss: 0.6377227
	speed: 0.0045s/iter; left time: 73.2738s
	iters: 1900, epoch: 3 | loss: 0.8625283
	speed: 0.0045s/iter; left time: 73.0851s
	iters: 2000, epoch: 3 | loss: 0.5262418
	speed: 0.0047s/iter; left time: 74.9859s
	iters: 2100, epoch: 3 | loss: 0.5599927
	speed: 0.0046s/iter; left time: 73.2209s
	iters: 2200, epoch: 3 | loss: 0.6145346
	speed: 0.0050s/iter; left time: 78.5963s
Epoch: 3 cost time: 11.210957050323486
Epoch: 3, Steps: 2256 | Train Loss: 0.7893187 Vali Loss: 0.8280468 Test Loss: 0.3786781
Validation loss decreased (0.837639 --> 0.828047).  Saving model ...
Updating learning rate to 0.00025
	iters: 100, epoch: 4 | loss: 0.7608232
	speed: 0.0690s/iter; left time: 1082.9975s
	iters: 200, epoch: 4 | loss: 0.7112711
	speed: 0.0045s/iter; left time: 70.1031s
	iters: 300, epoch: 4 | loss: 1.1719878
	speed: 0.0044s/iter; left time: 68.6043s
	iters: 400, epoch: 4 | loss: 0.6588200
	speed: 0.0045s/iter; left time: 68.6161s
	iters: 500, epoch: 4 | loss: 0.6408433
	speed: 0.0046s/iter; left time: 70.2151s
	iters: 600, epoch: 4 | loss: 0.5976899
	speed: 0.0047s/iter; left time: 70.9880s
	iters: 700, epoch: 4 | loss: 0.5888140
	speed: 0.0046s/iter; left time: 69.4759s
	iters: 800, epoch: 4 | loss: 0.6381686
	speed: 0.0046s/iter; left time: 68.9132s
	iters: 900, epoch: 4 | loss: 0.6947651
	speed: 0.0046s/iter; left time: 68.7341s
	iters: 1000, epoch: 4 | loss: 0.8518267
	speed: 0.0044s/iter; left time: 65.6540s
	iters: 1100, epoch: 4 | loss: 1.1049936
	speed: 0.0044s/iter; left time: 63.9487s
	iters: 1200, epoch: 4 | loss: 0.6774586
	speed: 0.0047s/iter; left time: 68.4009s
	iters: 1300, epoch: 4 | loss: 0.6179373
	speed: 0.0051s/iter; left time: 74.2600s
	iters: 1400, epoch: 4 | loss: 0.5565153
	speed: 0.0049s/iter; left time: 70.9159s
	iters: 1500, epoch: 4 | loss: 0.6662811
	speed: 0.0046s/iter; left time: 65.1070s
	iters: 1600, epoch: 4 | loss: 0.7823958
	speed: 0.0047s/iter; left time: 66.2622s
	iters: 1700, epoch: 4 | loss: 0.7058467
	speed: 0.0048s/iter; left time: 67.1149s
	iters: 1800, epoch: 4 | loss: 0.9752386
	speed: 0.0046s/iter; left time: 64.0390s
	iters: 1900, epoch: 4 | loss: 1.1443282
	speed: 0.0046s/iter; left time: 63.5863s
	iters: 2000, epoch: 4 | loss: 0.9576057
	speed: 0.0046s/iter; left time: 63.0488s
	iters: 2100, epoch: 4 | loss: 0.5161414
	speed: 0.0045s/iter; left time: 61.8741s
	iters: 2200, epoch: 4 | loss: 0.6996657
	speed: 0.0044s/iter; left time: 59.5792s
Epoch: 4 cost time: 11.113966464996338
Epoch: 4, Steps: 2256 | Train Loss: 0.7825639 Vali Loss: 0.8275577 Test Loss: 0.3782970
Validation loss decreased (0.828047 --> 0.827558).  Saving model ...
Updating learning rate to 0.000125
	iters: 100, epoch: 5 | loss: 0.6790339
	speed: 0.0708s/iter; left time: 951.0940s
	iters: 200, epoch: 5 | loss: 0.6938439
	speed: 0.0046s/iter; left time: 61.3947s
	iters: 300, epoch: 5 | loss: 0.5183550
	speed: 0.0044s/iter; left time: 58.8341s
	iters: 400, epoch: 5 | loss: 0.7557729
	speed: 0.0046s/iter; left time: 59.9176s
	iters: 500, epoch: 5 | loss: 0.6402885
	speed: 0.0044s/iter; left time: 56.8765s
	iters: 600, epoch: 5 | loss: 0.8558099
	speed: 0.0046s/iter; left time: 59.2304s
	iters: 700, epoch: 5 | loss: 0.6534082
	speed: 0.0048s/iter; left time: 61.1610s
	iters: 800, epoch: 5 | loss: 0.7183144
	speed: 0.0044s/iter; left time: 56.2161s
	iters: 900, epoch: 5 | loss: 0.8767998
	speed: 0.0046s/iter; left time: 57.6247s
	iters: 1000, epoch: 5 | loss: 0.7845233
	speed: 0.0047s/iter; left time: 58.8837s
	iters: 1100, epoch: 5 | loss: 0.7552361
	speed: 0.0046s/iter; left time: 57.5444s
	iters: 1200, epoch: 5 | loss: 0.7465526
	speed: 0.0047s/iter; left time: 57.5624s
	iters: 1300, epoch: 5 | loss: 0.6490865
	speed: 0.0049s/iter; left time: 59.5682s
	iters: 1400, epoch: 5 | loss: 0.6067250
	speed: 0.0047s/iter; left time: 56.6026s
	iters: 1500, epoch: 5 | loss: 0.5341064
	speed: 0.0048s/iter; left time: 57.7033s
	iters: 1600, epoch: 5 | loss: 0.5419555
	speed: 0.0047s/iter; left time: 55.5182s
	iters: 1700, epoch: 5 | loss: 0.6896741
	speed: 0.0046s/iter; left time: 54.3824s
	iters: 1800, epoch: 5 | loss: 0.9244944
	speed: 0.0044s/iter; left time: 51.4376s
	iters: 1900, epoch: 5 | loss: 0.8062038
	speed: 0.0045s/iter; left time: 52.0397s
	iters: 2000, epoch: 5 | loss: 0.6385213
	speed: 0.0048s/iter; left time: 54.8245s
	iters: 2100, epoch: 5 | loss: 0.9505457
	speed: 0.0045s/iter; left time: 51.6705s
	iters: 2200, epoch: 5 | loss: 0.7450691
	speed: 0.0050s/iter; left time: 56.9696s
Epoch: 5 cost time: 11.174944877624512
Epoch: 5, Steps: 2256 | Train Loss: 0.7800858 Vali Loss: 0.8249964 Test Loss: 0.3775742
Validation loss decreased (0.827558 --> 0.824996).  Saving model ...
Updating learning rate to 6.25e-05
	iters: 100, epoch: 6 | loss: 1.1782885
	speed: 0.0710s/iter; left time: 794.1614s
	iters: 200, epoch: 6 | loss: 1.0317426
	speed: 0.0044s/iter; left time: 48.4569s
	iters: 300, epoch: 6 | loss: 0.8654374
	speed: 0.0048s/iter; left time: 52.9699s
	iters: 400, epoch: 6 | loss: 1.0019969
	speed: 0.0049s/iter; left time: 53.5788s
	iters: 500, epoch: 6 | loss: 0.6542672
	speed: 0.0049s/iter; left time: 53.3216s
	iters: 600, epoch: 6 | loss: 0.9921000
	speed: 0.0047s/iter; left time: 50.3808s
	iters: 700, epoch: 6 | loss: 0.6151547
	speed: 0.0047s/iter; left time: 49.5310s
	iters: 800, epoch: 6 | loss: 0.7910851
	speed: 0.0047s/iter; left time: 49.4211s
	iters: 900, epoch: 6 | loss: 0.7764158
	speed: 0.0049s/iter; left time: 51.3440s
	iters: 1000, epoch: 6 | loss: 0.8544391
	speed: 0.0047s/iter; left time: 48.6808s
	iters: 1100, epoch: 6 | loss: 0.6587233
	speed: 0.0050s/iter; left time: 50.8448s
	iters: 1200, epoch: 6 | loss: 0.8733904
	speed: 0.0046s/iter; left time: 46.8535s
	iters: 1300, epoch: 6 | loss: 0.5585566
	speed: 0.0047s/iter; left time: 47.2331s
	iters: 1400, epoch: 6 | loss: 0.8002222
	speed: 0.0047s/iter; left time: 46.4070s
	iters: 1500, epoch: 6 | loss: 0.6010208
	speed: 0.0046s/iter; left time: 44.9639s
	iters: 1600, epoch: 6 | loss: 0.6652684
	speed: 0.0047s/iter; left time: 45.4769s
	iters: 1700, epoch: 6 | loss: 0.9007678
	speed: 0.0046s/iter; left time: 43.7496s
	iters: 1800, epoch: 6 | loss: 0.7625602
	speed: 0.0047s/iter; left time: 44.5309s
	iters: 1900, epoch: 6 | loss: 0.8799108
	speed: 0.0044s/iter; left time: 41.0231s
	iters: 2000, epoch: 6 | loss: 0.7649126
	speed: 0.0046s/iter; left time: 42.3583s
	iters: 2100, epoch: 6 | loss: 0.8738020
	speed: 0.0048s/iter; left time: 43.7745s
	iters: 2200, epoch: 6 | loss: 0.5587293
	speed: 0.0048s/iter; left time: 43.7698s
Epoch: 6 cost time: 11.369980335235596
Epoch: 6, Steps: 2256 | Train Loss: 0.7784654 Vali Loss: 0.8257855 Test Loss: 0.3776675
EarlyStopping counter: 1 out of 3
Updating learning rate to 3.125e-05
	iters: 100, epoch: 7 | loss: 1.0742671
	speed: 0.0716s/iter; left time: 638.8137s
	iters: 200, epoch: 7 | loss: 0.6668870
	speed: 0.0046s/iter; left time: 40.5948s
	iters: 300, epoch: 7 | loss: 0.7526018
	speed: 0.0045s/iter; left time: 39.5699s
	iters: 400, epoch: 7 | loss: 0.8746673
	speed: 0.0048s/iter; left time: 41.2813s
	iters: 500, epoch: 7 | loss: 1.1446223
	speed: 0.0046s/iter; left time: 39.4579s
	iters: 600, epoch: 7 | loss: 0.6081954
	speed: 0.0046s/iter; left time: 38.7493s
	iters: 700, epoch: 7 | loss: 0.6518942
	speed: 0.0044s/iter; left time: 36.9623s
	iters: 800, epoch: 7 | loss: 0.8602042
	speed: 0.0046s/iter; left time: 38.0207s
	iters: 900, epoch: 7 | loss: 0.7755494
	speed: 0.0047s/iter; left time: 38.0007s
	iters: 1000, epoch: 7 | loss: 0.6076550
	speed: 0.0049s/iter; left time: 39.7107s
	iters: 1100, epoch: 7 | loss: 0.6327261
	speed: 0.0051s/iter; left time: 40.2504s
	iters: 1200, epoch: 7 | loss: 0.6103043
	speed: 0.0051s/iter; left time: 39.6374s
	iters: 1300, epoch: 7 | loss: 0.7804953
	speed: 0.0049s/iter; left time: 37.7404s
	iters: 1400, epoch: 7 | loss: 0.9487988
	speed: 0.0047s/iter; left time: 35.8076s
	iters: 1500, epoch: 7 | loss: 0.6218313
	speed: 0.0046s/iter; left time: 34.7817s
	iters: 1600, epoch: 7 | loss: 0.7611409
	speed: 0.0049s/iter; left time: 36.2381s
	iters: 1700, epoch: 7 | loss: 0.6440160
	speed: 0.0044s/iter; left time: 32.0807s
	iters: 1800, epoch: 7 | loss: 0.7932104
	speed: 0.0047s/iter; left time: 33.6500s
	iters: 1900, epoch: 7 | loss: 0.6096082
	speed: 0.0046s/iter; left time: 32.9221s
	iters: 2000, epoch: 7 | loss: 0.7607931
	speed: 0.0048s/iter; left time: 33.5359s
	iters: 2100, epoch: 7 | loss: 0.5823024
	speed: 0.0048s/iter; left time: 33.3258s
	iters: 2200, epoch: 7 | loss: 0.6842064
	speed: 0.0046s/iter; left time: 31.0868s
Epoch: 7 cost time: 11.348196506500244
Epoch: 7, Steps: 2256 | Train Loss: 0.7777086 Vali Loss: 0.8264816 Test Loss: 0.3781449
EarlyStopping counter: 2 out of 3
Updating learning rate to 1.5625e-05
	iters: 100, epoch: 8 | loss: 0.8956427
	speed: 0.0699s/iter; left time: 466.1030s
	iters: 200, epoch: 8 | loss: 0.5299916
	speed: 0.0046s/iter; left time: 30.1947s
	iters: 300, epoch: 8 | loss: 0.8389846
	speed: 0.0047s/iter; left time: 30.1313s
	iters: 400, epoch: 8 | loss: 0.6375278
	speed: 0.0046s/iter; left time: 29.5586s
	iters: 500, epoch: 8 | loss: 0.6187070
	speed: 0.0046s/iter; left time: 29.0046s
	iters: 600, epoch: 8 | loss: 0.7065024
	speed: 0.0046s/iter; left time: 28.4086s
	iters: 700, epoch: 8 | loss: 0.9372719
	speed: 0.0045s/iter; left time: 27.5748s
	iters: 800, epoch: 8 | loss: 0.9183864
	speed: 0.0047s/iter; left time: 27.7964s
	iters: 900, epoch: 8 | loss: 0.6463184
	speed: 0.0047s/iter; left time: 27.8423s
	iters: 1000, epoch: 8 | loss: 0.4909561
	speed: 0.0045s/iter; left time: 25.9469s
	iters: 1100, epoch: 8 | loss: 0.6208960
	speed: 0.0042s/iter; left time: 23.7995s
	iters: 1200, epoch: 8 | loss: 0.6268983
	speed: 0.0042s/iter; left time: 23.4401s
	iters: 1300, epoch: 8 | loss: 0.6762292
	speed: 0.0045s/iter; left time: 24.7938s
	iters: 1400, epoch: 8 | loss: 0.9487573
	speed: 0.0046s/iter; left time: 24.5113s
	iters: 1500, epoch: 8 | loss: 0.6456460
	speed: 0.0048s/iter; left time: 25.4351s
	iters: 1600, epoch: 8 | loss: 0.9731013
	speed: 0.0047s/iter; left time: 24.2938s
	iters: 1700, epoch: 8 | loss: 0.8990646
	speed: 0.0048s/iter; left time: 24.1421s
	iters: 1800, epoch: 8 | loss: 0.6120372
	speed: 0.0047s/iter; left time: 23.5978s
	iters: 1900, epoch: 8 | loss: 0.5457516
	speed: 0.0047s/iter; left time: 22.7292s
	iters: 2000, epoch: 8 | loss: 0.9190450
	speed: 0.0046s/iter; left time: 22.0259s
	iters: 2100, epoch: 8 | loss: 0.6435959
	speed: 0.0046s/iter; left time: 21.5191s
	iters: 2200, epoch: 8 | loss: 0.6711187
	speed: 0.0047s/iter; left time: 21.3309s
Epoch: 8 cost time: 11.13852071762085
Epoch: 8, Steps: 2256 | Train Loss: 0.7775790 Vali Loss: 0.8265935 Test Loss: 0.3781410
EarlyStopping counter: 3 out of 3
Early stopping
>>>>>>>testing : weather_72_720_NLinear_custom_ftM_sl72_ll48_pl720_dm512_nh8_el2_dl1_df2048_fc1_ebtimeF_dtTrue_Exp_0<<<<<<<<<<<<<<<<<<<<<<<<<<<<<<<<<
test 9820
mse:0.377470999956131, mae:0.362625390291214
