Args in experiment:
Namespace(activation='gelu', batch_size=16, c_out=7, checkpoints='/spo/NewbornTime/tahir098/SVF/data/Extra/checkpoints/', d_ff=2048, d_layers=1, d_model=512, data='custom', data_path='weather.csv', dec_in=7, des='Exp', devices='0,1,2,3', distil=True, do_predict=False, dropout=0.05, e_layers=2, embed='timeF', embed_type=0, enc_in=21, factor=1, features='M', freq='h', gpu=0, individual=False, is_training=1, itr=1, label_len=48, learning_rate=0.001, loss='mse', lradj='type1', model='GRevagLinear', model_id='weather_336_720', moving_avg=25, n_heads=8, num_workers=10, output_attention=False, patience=3, pred_len=720, root_path='./dataset/', seq_len=336, target='OT', test_flop=False, train_epochs=10, train_only=False, use_amp=False, use_gpu=True, use_multi_gpu=False)
Use GPU: cuda:0
>>>>>>>start training : weather_336_720_GRevagLinear_custom_ftM_sl336_ll48_pl720_dm512_nh8_el2_dl1_df2048_fc1_ebtimeF_dtTrue_Exp_0>>>>>>>>>>>>>>>>>>>>>>>>>>
train 35832
val 4551
test 9820
	iters: 100, epoch: 1 | loss: 0.8618270
	speed: 0.0137s/iter; left time: 305.6991s
	iters: 200, epoch: 1 | loss: 0.7697213
	speed: 0.0074s/iter; left time: 165.0139s
	iters: 300, epoch: 1 | loss: 0.5767257
	speed: 0.0075s/iter; left time: 164.8956s
	iters: 400, epoch: 1 | loss: 0.6873749
	speed: 0.0070s/iter; left time: 153.2440s
	iters: 500, epoch: 1 | loss: 0.6083398
	speed: 0.0068s/iter; left time: 148.0160s
	iters: 600, epoch: 1 | loss: 0.6169952
	speed: 0.0067s/iter; left time: 145.1725s
	iters: 700, epoch: 1 | loss: 0.4702560
	speed: 0.0068s/iter; left time: 147.1959s
	iters: 800, epoch: 1 | loss: 0.5708593
	speed: 0.0068s/iter; left time: 146.2720s
	iters: 900, epoch: 1 | loss: 0.4417002
	speed: 0.0067s/iter; left time: 144.7658s
	iters: 1000, epoch: 1 | loss: 0.7699437
	speed: 0.0068s/iter; left time: 145.2201s
	iters: 1100, epoch: 1 | loss: 1.0481776
	speed: 0.0083s/iter; left time: 177.0772s
	iters: 1200, epoch: 1 | loss: 0.4902504
	speed: 0.0069s/iter; left time: 146.0197s
	iters: 1300, epoch: 1 | loss: 0.4378006
	speed: 0.0069s/iter; left time: 145.5325s
	iters: 1400, epoch: 1 | loss: 0.4904108
	speed: 0.0069s/iter; left time: 144.1697s
	iters: 1500, epoch: 1 | loss: 0.6100120
	speed: 0.0069s/iter; left time: 143.6799s
	iters: 1600, epoch: 1 | loss: 1.2482862
	speed: 0.0070s/iter; left time: 145.8652s
	iters: 1700, epoch: 1 | loss: 0.6411865
	speed: 0.0068s/iter; left time: 140.6430s
	iters: 1800, epoch: 1 | loss: 0.4426110
	speed: 0.0072s/iter; left time: 148.3647s
	iters: 1900, epoch: 1 | loss: 0.7042859
	speed: 0.0068s/iter; left time: 138.4806s
	iters: 2000, epoch: 1 | loss: 0.7132322
	speed: 0.0069s/iter; left time: 140.7881s
	iters: 2100, epoch: 1 | loss: 0.5538720
	speed: 0.0066s/iter; left time: 134.7769s
	iters: 2200, epoch: 1 | loss: 0.5472349
	speed: 0.0068s/iter; left time: 137.8418s
Epoch: 1 cost time: 16.36638855934143
Epoch: 1, Steps: 2239 | Train Loss: 0.6107837 Vali Loss: 0.6546141 Test Loss: 0.3213519
Validation loss decreased (inf --> 0.654614).  Saving model ...
Updating learning rate to 0.001
	iters: 100, epoch: 2 | loss: 0.4564490
	speed: 0.0843s/iter; left time: 1689.8562s
	iters: 200, epoch: 2 | loss: 0.4887594
	speed: 0.0068s/iter; left time: 135.7138s
	iters: 300, epoch: 2 | loss: 0.7744424
	speed: 0.0068s/iter; left time: 134.6127s
	iters: 400, epoch: 2 | loss: 0.6302403
	speed: 0.0068s/iter; left time: 134.6572s
	iters: 500, epoch: 2 | loss: 0.4133900
	speed: 0.0068s/iter; left time: 134.3892s
	iters: 600, epoch: 2 | loss: 0.5150875
	speed: 0.0070s/iter; left time: 136.2614s
	iters: 700, epoch: 2 | loss: 0.4882721
	speed: 0.0075s/iter; left time: 146.8516s
	iters: 800, epoch: 2 | loss: 0.4633140
	speed: 0.0070s/iter; left time: 135.7925s
	iters: 900, epoch: 2 | loss: 0.5081058
	speed: 0.0068s/iter; left time: 131.2592s
	iters: 1000, epoch: 2 | loss: 0.5947183
	speed: 0.0069s/iter; left time: 132.6316s
	iters: 1100, epoch: 2 | loss: 0.5040124
	speed: 0.0068s/iter; left time: 128.7678s
	iters: 1200, epoch: 2 | loss: 0.4753799
	speed: 0.0069s/iter; left time: 131.3132s
	iters: 1300, epoch: 2 | loss: 0.5663085
	speed: 0.0070s/iter; left time: 131.8281s
	iters: 1400, epoch: 2 | loss: 0.5174904
	speed: 0.0071s/iter; left time: 132.6369s
	iters: 1500, epoch: 2 | loss: 0.4717015
	speed: 0.0073s/iter; left time: 136.2311s
	iters: 1600, epoch: 2 | loss: 0.5808006
	speed: 0.0069s/iter; left time: 128.3566s
	iters: 1700, epoch: 2 | loss: 0.4940727
	speed: 0.0068s/iter; left time: 125.5589s
	iters: 1800, epoch: 2 | loss: 0.6244075
	speed: 0.0069s/iter; left time: 126.3698s
	iters: 1900, epoch: 2 | loss: 0.7175235
	speed: 0.0068s/iter; left time: 124.5179s
	iters: 2000, epoch: 2 | loss: 0.4622653
	speed: 0.0069s/iter; left time: 125.2390s
	iters: 2100, epoch: 2 | loss: 0.4513021
	speed: 0.0070s/iter; left time: 126.6531s
	iters: 2200, epoch: 2 | loss: 1.0757631
	speed: 0.0074s/iter; left time: 132.2313s
Epoch: 2 cost time: 16.35851216316223
Epoch: 2, Steps: 2239 | Train Loss: 0.5971622 Vali Loss: 0.6417949 Test Loss: 0.3181373
Validation loss decreased (0.654614 --> 0.641795).  Saving model ...
Updating learning rate to 0.0005
	iters: 100, epoch: 3 | loss: 0.4087832
	speed: 0.0874s/iter; left time: 1556.6307s
	iters: 200, epoch: 3 | loss: 0.5375233
	speed: 0.0069s/iter; left time: 122.7166s
	iters: 300, epoch: 3 | loss: 0.4773286
	speed: 0.0073s/iter; left time: 129.3245s
	iters: 400, epoch: 3 | loss: 0.3978747
	speed: 0.0072s/iter; left time: 125.6030s
	iters: 500, epoch: 3 | loss: 0.7819239
	speed: 0.0066s/iter; left time: 114.0840s
	iters: 600, epoch: 3 | loss: 0.6954727
	speed: 0.0074s/iter; left time: 127.2539s
	iters: 700, epoch: 3 | loss: 0.7244191
	speed: 0.0069s/iter; left time: 119.5970s
	iters: 800, epoch: 3 | loss: 0.5107725
	speed: 0.0069s/iter; left time: 118.3886s
	iters: 900, epoch: 3 | loss: 0.4929112
	speed: 0.0073s/iter; left time: 124.1963s
	iters: 1000, epoch: 3 | loss: 0.5296338
	speed: 0.0071s/iter; left time: 119.8459s
	iters: 1100, epoch: 3 | loss: 0.9772891
	speed: 0.0070s/iter; left time: 117.9955s
	iters: 1200, epoch: 3 | loss: 0.7499573
	speed: 0.0070s/iter; left time: 117.1762s
	iters: 1300, epoch: 3 | loss: 0.5520989
	speed: 0.0067s/iter; left time: 111.1888s
	iters: 1400, epoch: 3 | loss: 0.4041967
	speed: 0.0073s/iter; left time: 120.1189s
	iters: 1500, epoch: 3 | loss: 0.5143030
	speed: 0.0073s/iter; left time: 119.9721s
	iters: 1600, epoch: 3 | loss: 0.4076720
	speed: 0.0070s/iter; left time: 113.7955s
	iters: 1700, epoch: 3 | loss: 0.4740715
	speed: 0.0070s/iter; left time: 114.2018s
	iters: 1800, epoch: 3 | loss: 0.4850332
	speed: 0.0070s/iter; left time: 113.2756s
	iters: 1900, epoch: 3 | loss: 0.4951511
	speed: 0.0069s/iter; left time: 111.1878s
	iters: 2000, epoch: 3 | loss: 0.4391547
	speed: 0.0069s/iter; left time: 109.5066s
	iters: 2100, epoch: 3 | loss: 0.5922357
	speed: 0.0067s/iter; left time: 105.2664s
	iters: 2200, epoch: 3 | loss: 0.4969575
	speed: 0.0071s/iter; left time: 111.3219s
Epoch: 3 cost time: 16.497593879699707
Epoch: 3, Steps: 2239 | Train Loss: 0.5835384 Vali Loss: 0.6348950 Test Loss: 0.3173514
Validation loss decreased (0.641795 --> 0.634895).  Saving model ...
Updating learning rate to 0.00025
	iters: 100, epoch: 4 | loss: 0.7618064
	speed: 0.0819s/iter; left time: 1274.7394s
	iters: 200, epoch: 4 | loss: 0.5750781
	speed: 0.0069s/iter; left time: 106.6578s
	iters: 300, epoch: 4 | loss: 0.4985166
	speed: 0.0070s/iter; left time: 107.0621s
	iters: 400, epoch: 4 | loss: 0.4213183
	speed: 0.0066s/iter; left time: 100.4613s
	iters: 500, epoch: 4 | loss: 0.5551164
	speed: 0.0071s/iter; left time: 108.0561s
	iters: 600, epoch: 4 | loss: 0.7915273
	speed: 0.0069s/iter; left time: 104.3007s
	iters: 700, epoch: 4 | loss: 0.4546795
	speed: 0.0070s/iter; left time: 105.2686s
	iters: 800, epoch: 4 | loss: 0.4674759
	speed: 0.0070s/iter; left time: 104.3055s
	iters: 900, epoch: 4 | loss: 0.5669072
	speed: 0.0069s/iter; left time: 101.5168s
	iters: 1000, epoch: 4 | loss: 0.7835287
	speed: 0.0070s/iter; left time: 102.6489s
	iters: 1100, epoch: 4 | loss: 0.4712600
	speed: 0.0071s/iter; left time: 102.7868s
	iters: 1200, epoch: 4 | loss: 0.4779170
	speed: 0.0071s/iter; left time: 102.7994s
	iters: 1300, epoch: 4 | loss: 0.8598123
	speed: 0.0067s/iter; left time: 96.0888s
	iters: 1400, epoch: 4 | loss: 1.0371342
	speed: 0.0072s/iter; left time: 103.2074s
	iters: 1500, epoch: 4 | loss: 0.4844071
	speed: 0.0072s/iter; left time: 101.5946s
	iters: 1600, epoch: 4 | loss: 0.4822475
	speed: 0.0069s/iter; left time: 96.9248s
	iters: 1700, epoch: 4 | loss: 0.5619791
	speed: 0.0070s/iter; left time: 97.3143s
	iters: 1800, epoch: 4 | loss: 0.6488190
	speed: 0.0069s/iter; left time: 95.9059s
	iters: 1900, epoch: 4 | loss: 0.4997327
	speed: 0.0065s/iter; left time: 89.2969s
	iters: 2000, epoch: 4 | loss: 0.4461335
	speed: 0.0070s/iter; left time: 96.2821s
	iters: 2100, epoch: 4 | loss: 0.3829432
	speed: 0.0071s/iter; left time: 96.9089s
	iters: 2200, epoch: 4 | loss: 0.4854220
	speed: 0.0076s/iter; left time: 102.9786s
Epoch: 4 cost time: 16.346966981887817
Epoch: 4, Steps: 2239 | Train Loss: 0.5718794 Vali Loss: 0.6343440 Test Loss: 0.3192755
Validation loss decreased (0.634895 --> 0.634344).  Saving model ...
Updating learning rate to 0.000125
	iters: 100, epoch: 5 | loss: 0.6138530
	speed: 0.0854s/iter; left time: 1139.3130s
	iters: 200, epoch: 5 | loss: 0.5013734
	speed: 0.0071s/iter; left time: 94.1649s
	iters: 300, epoch: 5 | loss: 0.6928049
	speed: 0.0072s/iter; left time: 94.2117s
	iters: 400, epoch: 5 | loss: 0.3526522
	speed: 0.0068s/iter; left time: 89.0982s
	iters: 500, epoch: 5 | loss: 0.4810965
	speed: 0.0069s/iter; left time: 89.1543s
	iters: 600, epoch: 5 | loss: 0.4482485
	speed: 0.0068s/iter; left time: 86.7342s
	iters: 700, epoch: 5 | loss: 0.5828344
	speed: 0.0067s/iter; left time: 85.2035s
	iters: 800, epoch: 5 | loss: 0.5817160
	speed: 0.0071s/iter; left time: 89.5084s
	iters: 900, epoch: 5 | loss: 0.5225163
	speed: 0.0069s/iter; left time: 86.4704s
	iters: 1000, epoch: 5 | loss: 0.7675292
	speed: 0.0071s/iter; left time: 88.4978s
	iters: 1100, epoch: 5 | loss: 0.4985431
	speed: 0.0070s/iter; left time: 86.5081s
	iters: 1200, epoch: 5 | loss: 0.5500866
	speed: 0.0070s/iter; left time: 85.9467s
	iters: 1300, epoch: 5 | loss: 0.7830227
	speed: 0.0068s/iter; left time: 83.0809s
	iters: 1400, epoch: 5 | loss: 0.4493169
	speed: 0.0067s/iter; left time: 80.8914s
	iters: 1500, epoch: 5 | loss: 0.6869005
	speed: 0.0068s/iter; left time: 80.6274s
	iters: 1600, epoch: 5 | loss: 0.5742991
	speed: 0.0069s/iter; left time: 81.3052s
	iters: 1700, epoch: 5 | loss: 0.5422148
	speed: 0.0073s/iter; left time: 85.8808s
	iters: 1800, epoch: 5 | loss: 0.4105759
	speed: 0.0071s/iter; left time: 82.7885s
	iters: 1900, epoch: 5 | loss: 0.4259149
	speed: 0.0069s/iter; left time: 79.1237s
	iters: 2000, epoch: 5 | loss: 0.6835159
	speed: 0.0070s/iter; left time: 79.5641s
	iters: 2100, epoch: 5 | loss: 0.4572659
	speed: 0.0073s/iter; left time: 82.8011s
	iters: 2200, epoch: 5 | loss: 0.4771575
	speed: 0.0070s/iter; left time: 79.0196s
Epoch: 5 cost time: 16.387250423431396
Epoch: 5, Steps: 2239 | Train Loss: 0.5652859 Vali Loss: 0.6332546 Test Loss: 0.3223043
Validation loss decreased (0.634344 --> 0.633255).  Saving model ...
Updating learning rate to 6.25e-05
	iters: 100, epoch: 6 | loss: 0.5435054
	speed: 0.0834s/iter; left time: 925.1577s
	iters: 200, epoch: 6 | loss: 0.4727697
	speed: 0.0067s/iter; left time: 74.0748s
	iters: 300, epoch: 6 | loss: 0.4395642
	speed: 0.0070s/iter; left time: 75.7787s
	iters: 400, epoch: 6 | loss: 0.5044716
	speed: 0.0068s/iter; left time: 73.0340s
	iters: 500, epoch: 6 | loss: 0.5267217
	speed: 0.0068s/iter; left time: 72.5546s
	iters: 600, epoch: 6 | loss: 0.4050252
	speed: 0.0071s/iter; left time: 75.0189s
	iters: 700, epoch: 6 | loss: 0.5560305
	speed: 0.0071s/iter; left time: 74.4354s
	iters: 800, epoch: 6 | loss: 0.9534541
	speed: 0.0069s/iter; left time: 72.1297s
	iters: 900, epoch: 6 | loss: 0.5342079
	speed: 0.0069s/iter; left time: 70.7159s
	iters: 1000, epoch: 6 | loss: 0.5359265
	speed: 0.0068s/iter; left time: 68.8967s
	iters: 1100, epoch: 6 | loss: 0.7333952
	speed: 0.0068s/iter; left time: 68.1949s
	iters: 1200, epoch: 6 | loss: 0.4876591
	speed: 0.0068s/iter; left time: 68.2859s
	iters: 1300, epoch: 6 | loss: 0.3958418
	speed: 0.0069s/iter; left time: 68.7324s
	iters: 1400, epoch: 6 | loss: 0.7614371
	speed: 0.0072s/iter; left time: 70.5360s
	iters: 1500, epoch: 6 | loss: 0.6990501
	speed: 0.0070s/iter; left time: 67.9481s
	iters: 1600, epoch: 6 | loss: 0.5041881
	speed: 0.0073s/iter; left time: 69.7448s
	iters: 1700, epoch: 6 | loss: 0.5097888
	speed: 0.0070s/iter; left time: 66.2401s
	iters: 1800, epoch: 6 | loss: 0.8654543
	speed: 0.0070s/iter; left time: 65.5757s
	iters: 1900, epoch: 6 | loss: 0.4062917
	speed: 0.0068s/iter; left time: 62.9612s
	iters: 2000, epoch: 6 | loss: 0.5458015
	speed: 0.0069s/iter; left time: 63.3433s
	iters: 2100, epoch: 6 | loss: 0.4105824
	speed: 0.0073s/iter; left time: 66.2411s
	iters: 2200, epoch: 6 | loss: 0.5021115
	speed: 0.0068s/iter; left time: 61.5784s
Epoch: 6 cost time: 16.248778820037842
Epoch: 6, Steps: 2239 | Train Loss: 0.5618105 Vali Loss: 0.6310465 Test Loss: 0.3200520
Validation loss decreased (0.633255 --> 0.631046).  Saving model ...
Updating learning rate to 3.125e-05
	iters: 100, epoch: 7 | loss: 0.6798411
	speed: 0.0857s/iter; left time: 759.0455s
	iters: 200, epoch: 7 | loss: 0.7757493
	speed: 0.0073s/iter; left time: 64.0832s
	iters: 300, epoch: 7 | loss: 0.5324867
	speed: 0.0070s/iter; left time: 60.6258s
	iters: 400, epoch: 7 | loss: 0.5088234
	speed: 0.0066s/iter; left time: 56.3612s
	iters: 500, epoch: 7 | loss: 0.5189312
	speed: 0.0068s/iter; left time: 57.3981s
	iters: 600, epoch: 7 | loss: 0.4126472
	speed: 0.0067s/iter; left time: 55.9733s
	iters: 700, epoch: 7 | loss: 0.5347952
	speed: 0.0069s/iter; left time: 56.8894s
	iters: 800, epoch: 7 | loss: 0.6990517
	speed: 0.0066s/iter; left time: 53.9657s
	iters: 900, epoch: 7 | loss: 0.6810521
	speed: 0.0068s/iter; left time: 55.0118s
	iters: 1000, epoch: 7 | loss: 0.7263374
	speed: 0.0075s/iter; left time: 59.2883s
	iters: 1100, epoch: 7 | loss: 0.5110539
	speed: 0.0070s/iter; left time: 54.9765s
	iters: 1200, epoch: 7 | loss: 0.4222287
	speed: 0.0070s/iter; left time: 54.4554s
	iters: 1300, epoch: 7 | loss: 0.5096983
	speed: 0.0069s/iter; left time: 52.7534s
	iters: 1400, epoch: 7 | loss: 0.7596903
	speed: 0.0072s/iter; left time: 54.1500s
	iters: 1500, epoch: 7 | loss: 0.5821842
	speed: 0.0068s/iter; left time: 50.4734s
	iters: 1600, epoch: 7 | loss: 0.7015381
	speed: 0.0068s/iter; left time: 49.6944s
	iters: 1700, epoch: 7 | loss: 0.4688713
	speed: 0.0072s/iter; left time: 52.0077s
	iters: 1800, epoch: 7 | loss: 0.4456573
	speed: 0.0074s/iter; left time: 53.1083s
	iters: 1900, epoch: 7 | loss: 0.8623107
	speed: 0.0069s/iter; left time: 48.7950s
	iters: 2000, epoch: 7 | loss: 0.3980219
	speed: 0.0069s/iter; left time: 48.1781s
	iters: 2100, epoch: 7 | loss: 0.7549769
	speed: 0.0068s/iter; left time: 46.6504s
	iters: 2200, epoch: 7 | loss: 0.5203282
	speed: 0.0068s/iter; left time: 45.9046s
Epoch: 7 cost time: 16.340464115142822
Epoch: 7, Steps: 2239 | Train Loss: 0.5601374 Vali Loss: 0.6318298 Test Loss: 0.3210017
EarlyStopping counter: 1 out of 3
Updating learning rate to 1.5625e-05
	iters: 100, epoch: 8 | loss: 0.4992103
	speed: 0.0841s/iter; left time: 556.5487s
	iters: 200, epoch: 8 | loss: 0.6916376
	speed: 0.0067s/iter; left time: 43.8484s
	iters: 300, epoch: 8 | loss: 0.4715561
	speed: 0.0067s/iter; left time: 42.8476s
	iters: 400, epoch: 8 | loss: 0.5351261
	speed: 0.0067s/iter; left time: 42.4083s
	iters: 500, epoch: 8 | loss: 0.4761053
	speed: 0.0066s/iter; left time: 40.8040s
	iters: 600, epoch: 8 | loss: 0.3881703
	speed: 0.0069s/iter; left time: 42.3997s
	iters: 700, epoch: 8 | loss: 0.4541846
	speed: 0.0069s/iter; left time: 41.7108s
	iters: 800, epoch: 8 | loss: 0.3898515
	speed: 0.0070s/iter; left time: 41.2423s
	iters: 900, epoch: 8 | loss: 0.5946098
	speed: 0.0070s/iter; left time: 40.6014s
	iters: 1000, epoch: 8 | loss: 0.7791442
	speed: 0.0067s/iter; left time: 38.5464s
	iters: 1100, epoch: 8 | loss: 0.5717864
	speed: 0.0068s/iter; left time: 38.4613s
	iters: 1200, epoch: 8 | loss: 0.6961648
	speed: 0.0070s/iter; left time: 38.8701s
	iters: 1300, epoch: 8 | loss: 0.3910731
	speed: 0.0069s/iter; left time: 37.1247s
	iters: 1400, epoch: 8 | loss: 0.8086308
	speed: 0.0070s/iter; left time: 37.0453s
	iters: 1500, epoch: 8 | loss: 0.4878055
	speed: 0.0071s/iter; left time: 37.1089s
	iters: 1600, epoch: 8 | loss: 0.5126710
	speed: 0.0068s/iter; left time: 34.5934s
	iters: 1700, epoch: 8 | loss: 0.5663109
	speed: 0.0065s/iter; left time: 32.8176s
	iters: 1800, epoch: 8 | loss: 0.4443462
	speed: 0.0068s/iter; left time: 33.6683s
	iters: 1900, epoch: 8 | loss: 0.3939171
	speed: 0.0071s/iter; left time: 34.2652s
	iters: 2000, epoch: 8 | loss: 0.3622901
	speed: 0.0071s/iter; left time: 33.7114s
	iters: 2100, epoch: 8 | loss: 0.4545194
	speed: 0.0072s/iter; left time: 33.0452s
	iters: 2200, epoch: 8 | loss: 0.4847267
	speed: 0.0071s/iter; left time: 31.9926s
Epoch: 8 cost time: 16.163769245147705
Epoch: 8, Steps: 2239 | Train Loss: 0.5591724 Vali Loss: 0.6336192 Test Loss: 0.3214223
EarlyStopping counter: 2 out of 3
Updating learning rate to 7.8125e-06
	iters: 100, epoch: 9 | loss: 0.4683770
	speed: 0.0846s/iter; left time: 370.3426s
	iters: 200, epoch: 9 | loss: 0.5276109
	speed: 0.0070s/iter; left time: 29.9586s
	iters: 300, epoch: 9 | loss: 0.5884884
	speed: 0.0070s/iter; left time: 29.1614s
	iters: 400, epoch: 9 | loss: 0.4889364
	speed: 0.0070s/iter; left time: 28.3987s
	iters: 500, epoch: 9 | loss: 0.4447930
	speed: 0.0068s/iter; left time: 27.1332s
	iters: 600, epoch: 9 | loss: 0.4736317
	speed: 0.0064s/iter; left time: 24.6437s
	iters: 700, epoch: 9 | loss: 0.5365025
	speed: 0.0067s/iter; left time: 25.5012s
	iters: 800, epoch: 9 | loss: 0.4772675
	speed: 0.0068s/iter; left time: 25.1864s
	iters: 900, epoch: 9 | loss: 0.5186195
	speed: 0.0068s/iter; left time: 24.3057s
	iters: 1000, epoch: 9 | loss: 0.4544674
	speed: 0.0072s/iter; left time: 25.1216s
	iters: 1100, epoch: 9 | loss: 0.6693863
	speed: 0.0070s/iter; left time: 23.8096s
	iters: 1200, epoch: 9 | loss: 0.4553663
	speed: 0.0068s/iter; left time: 22.1347s
	iters: 1300, epoch: 9 | loss: 0.4999766
	speed: 0.0069s/iter; left time: 22.0109s
	iters: 1400, epoch: 9 | loss: 0.5654948
	speed: 0.0066s/iter; left time: 20.3485s
	iters: 1500, epoch: 9 | loss: 0.7065040
	speed: 0.0066s/iter; left time: 19.7751s
	iters: 1600, epoch: 9 | loss: 0.4197133
	speed: 0.0071s/iter; left time: 20.4135s
	iters: 1700, epoch: 9 | loss: 0.7459881
	speed: 0.0068s/iter; left time: 18.9343s
	iters: 1800, epoch: 9 | loss: 0.4895044
	speed: 0.0076s/iter; left time: 20.3262s
	iters: 1900, epoch: 9 | loss: 0.7124517
	speed: 0.0070s/iter; left time: 18.1667s
	iters: 2000, epoch: 9 | loss: 0.4676406
	speed: 0.0070s/iter; left time: 17.4048s
	iters: 2100, epoch: 9 | loss: 0.5321093
	speed: 0.0068s/iter; left time: 16.2288s
	iters: 2200, epoch: 9 | loss: 0.4262286
	speed: 0.0067s/iter; left time: 15.2936s
Epoch: 9 cost time: 16.30530071258545
Epoch: 9, Steps: 2239 | Train Loss: 0.5587311 Vali Loss: 0.6327852 Test Loss: 0.3212246
EarlyStopping counter: 3 out of 3
Early stopping
>>>>>>>testing : weather_336_720_GRevagLinear_custom_ftM_sl336_ll48_pl720_dm512_nh8_el2_dl1_df2048_fc1_ebtimeF_dtTrue_Exp_0<<<<<<<<<<<<<<<<<<<<<<<<<<<<<<<<<
test 9820
mse:0.31999918818473816, mae:0.33340123295783997
