Args in experiment:
Namespace(activation='gelu', batch_size=16, c_out=7, checkpoints='/spo/NewbornTime/tahir098/SVF/data/Extra/checkpoints/', d_ff=2048, d_layers=1, d_model=512, data='custom', data_path='weather.csv', dec_in=7, des='Exp', devices='0,1,2,3', distil=True, do_predict=False, dropout=0.05, e_layers=2, embed='timeF', embed_type=0, enc_in=21, factor=1, features='M', freq='h', gpu=0, individual=False, is_training=1, itr=1, label_len=48, learning_rate=0.001, loss='mse', lradj='type1', model='GRevagLinear', model_id='weather_336_24', moving_avg=25, n_heads=8, num_workers=10, output_attention=False, patience=3, pred_len=24, root_path='./dataset/', seq_len=336, target='OT', test_flop=False, train_epochs=10, train_only=False, use_amp=False, use_gpu=True, use_multi_gpu=False)
Use GPU: cuda:0
>>>>>>>start training : weather_336_24_GRevagLinear_custom_ftM_sl336_ll48_pl24_dm512_nh8_el2_dl1_df2048_fc1_ebtimeF_dtTrue_Exp_0>>>>>>>>>>>>>>>>>>>>>>>>>>
train 36528
val 5247
test 10516
	iters: 100, epoch: 1 | loss: 0.1285836
	speed: 0.0123s/iter; left time: 278.7382s
	iters: 200, epoch: 1 | loss: 0.1376419
	speed: 0.0059s/iter; left time: 132.7276s
	iters: 300, epoch: 1 | loss: 0.3253856
	speed: 0.0063s/iter; left time: 142.5899s
	iters: 400, epoch: 1 | loss: 0.2121002
	speed: 0.0062s/iter; left time: 138.9947s
	iters: 500, epoch: 1 | loss: 0.2016542
	speed: 0.0061s/iter; left time: 135.8269s
	iters: 600, epoch: 1 | loss: 0.9823048
	speed: 0.0059s/iter; left time: 130.4837s
	iters: 700, epoch: 1 | loss: 0.1062069
	speed: 0.0061s/iter; left time: 134.1643s
	iters: 800, epoch: 1 | loss: 0.6257180
	speed: 0.0060s/iter; left time: 131.8816s
	iters: 900, epoch: 1 | loss: 0.2720126
	speed: 0.0058s/iter; left time: 127.7719s
	iters: 1000, epoch: 1 | loss: 0.1741742
	speed: 0.0061s/iter; left time: 133.1514s
	iters: 1100, epoch: 1 | loss: 0.1593884
	speed: 0.0063s/iter; left time: 137.6119s
	iters: 1200, epoch: 1 | loss: 0.1468755
	speed: 0.0066s/iter; left time: 143.5704s
	iters: 1300, epoch: 1 | loss: 0.1724330
	speed: 0.0059s/iter; left time: 127.8434s
	iters: 1400, epoch: 1 | loss: 0.1640873
	speed: 0.0061s/iter; left time: 131.1979s
	iters: 1500, epoch: 1 | loss: 1.3047467
	speed: 0.0061s/iter; left time: 129.2730s
	iters: 1600, epoch: 1 | loss: 0.1583573
	speed: 0.0060s/iter; left time: 127.6860s
	iters: 1700, epoch: 1 | loss: 0.1058484
	speed: 0.0058s/iter; left time: 122.0691s
	iters: 1800, epoch: 1 | loss: 0.1901143
	speed: 0.0059s/iter; left time: 124.1211s
	iters: 1900, epoch: 1 | loss: 0.2713276
	speed: 0.0060s/iter; left time: 126.3351s
	iters: 2000, epoch: 1 | loss: 0.6899781
	speed: 0.0055s/iter; left time: 114.0210s
	iters: 2100, epoch: 1 | loss: 0.0713338
	speed: 0.0056s/iter; left time: 115.3802s
	iters: 2200, epoch: 1 | loss: 0.1904694
	speed: 0.0059s/iter; left time: 121.4082s
Epoch: 1 cost time: 14.41762900352478
Epoch: 1, Steps: 2283 | Train Loss: 0.3163807 Vali Loss: 0.2784328 Test Loss: 0.0931926
Validation loss decreased (inf --> 0.278433).  Saving model ...
Updating learning rate to 0.001
	iters: 100, epoch: 2 | loss: 0.1348271
	speed: 0.0694s/iter; left time: 1418.3682s
	iters: 200, epoch: 2 | loss: 0.1306383
	speed: 0.0057s/iter; left time: 115.3079s
	iters: 300, epoch: 2 | loss: 0.2105626
	speed: 0.0059s/iter; left time: 119.1442s
	iters: 400, epoch: 2 | loss: 0.1869396
	speed: 0.0059s/iter; left time: 119.6231s
	iters: 500, epoch: 2 | loss: 0.2308033
	speed: 0.0060s/iter; left time: 120.3379s
	iters: 600, epoch: 2 | loss: 0.7528148
	speed: 0.0058s/iter; left time: 115.2657s
	iters: 700, epoch: 2 | loss: 0.5455053
	speed: 0.0061s/iter; left time: 120.9385s
	iters: 800, epoch: 2 | loss: 0.1713026
	speed: 0.0060s/iter; left time: 118.5491s
	iters: 900, epoch: 2 | loss: 0.3109082
	speed: 0.0055s/iter; left time: 108.2074s
	iters: 1000, epoch: 2 | loss: 0.3181193
	speed: 0.0059s/iter; left time: 115.7492s
	iters: 1100, epoch: 2 | loss: 0.2127230
	speed: 0.0058s/iter; left time: 111.8747s
	iters: 1200, epoch: 2 | loss: 0.1264340
	speed: 0.0064s/iter; left time: 123.8304s
	iters: 1300, epoch: 2 | loss: 0.1185728
	speed: 0.0062s/iter; left time: 119.4223s
	iters: 1400, epoch: 2 | loss: 0.1230685
	speed: 0.0059s/iter; left time: 113.7689s
	iters: 1500, epoch: 2 | loss: 0.1720289
	speed: 0.0062s/iter; left time: 117.9532s
	iters: 1600, epoch: 2 | loss: 0.1219103
	speed: 0.0057s/iter; left time: 107.5986s
	iters: 1700, epoch: 2 | loss: 0.2629181
	speed: 0.0056s/iter; left time: 106.2876s
	iters: 1800, epoch: 2 | loss: 0.1973262
	speed: 0.0050s/iter; left time: 93.3969s
	iters: 1900, epoch: 2 | loss: 0.2397277
	speed: 0.0058s/iter; left time: 107.8477s
	iters: 2000, epoch: 2 | loss: 0.5894791
	speed: 0.0057s/iter; left time: 105.3557s
	iters: 2100, epoch: 2 | loss: 0.3015684
	speed: 0.0055s/iter; left time: 102.0627s
	iters: 2200, epoch: 2 | loss: 0.1665559
	speed: 0.0058s/iter; left time: 105.8560s
Epoch: 2 cost time: 14.03467082977295
Epoch: 2, Steps: 2283 | Train Loss: 0.2981074 Vali Loss: 0.3103107 Test Loss: 0.1023681
EarlyStopping counter: 1 out of 3
Updating learning rate to 0.0005
	iters: 100, epoch: 3 | loss: 0.0783914
	speed: 0.0689s/iter; left time: 1251.2505s
	iters: 200, epoch: 3 | loss: 0.1712737
	speed: 0.0060s/iter; left time: 108.3178s
	iters: 300, epoch: 3 | loss: 0.4031076
	speed: 0.0060s/iter; left time: 107.0620s
	iters: 400, epoch: 3 | loss: 0.1561528
	speed: 0.0058s/iter; left time: 103.7828s
	iters: 500, epoch: 3 | loss: 0.3994867
	speed: 0.0056s/iter; left time: 98.9356s
	iters: 600, epoch: 3 | loss: 0.2725088
	speed: 0.0057s/iter; left time: 100.0831s
	iters: 700, epoch: 3 | loss: 0.1884195
	speed: 0.0056s/iter; left time: 97.7177s
	iters: 800, epoch: 3 | loss: 0.3756631
	speed: 0.0058s/iter; left time: 101.1993s
	iters: 900, epoch: 3 | loss: 0.0951375
	speed: 0.0059s/iter; left time: 103.2703s
	iters: 1000, epoch: 3 | loss: 0.1469072
	speed: 0.0060s/iter; left time: 103.7006s
	iters: 1100, epoch: 3 | loss: 0.1022629
	speed: 0.0060s/iter; left time: 103.4629s
	iters: 1200, epoch: 3 | loss: 0.1580398
	speed: 0.0067s/iter; left time: 114.2984s
	iters: 1300, epoch: 3 | loss: 0.1024483
	speed: 0.0062s/iter; left time: 105.7672s
	iters: 1400, epoch: 3 | loss: 0.2794036
	speed: 0.0063s/iter; left time: 106.0585s
	iters: 1500, epoch: 3 | loss: 0.1992936
	speed: 0.0059s/iter; left time: 98.3682s
	iters: 1600, epoch: 3 | loss: 0.0987845
	speed: 0.0058s/iter; left time: 96.6733s
	iters: 1700, epoch: 3 | loss: 0.1643393
	speed: 0.0060s/iter; left time: 98.6271s
	iters: 1800, epoch: 3 | loss: 0.1382144
	speed: 0.0060s/iter; left time: 98.5445s
	iters: 1900, epoch: 3 | loss: 0.1319796
	speed: 0.0059s/iter; left time: 96.1758s
	iters: 2000, epoch: 3 | loss: 0.1554545
	speed: 0.0056s/iter; left time: 91.5645s
	iters: 2100, epoch: 3 | loss: 0.1105500
	speed: 0.0059s/iter; left time: 94.7581s
	iters: 2200, epoch: 3 | loss: 0.1396419
	speed: 0.0056s/iter; left time: 90.1293s
Epoch: 3 cost time: 14.213573217391968
Epoch: 3, Steps: 2283 | Train Loss: 0.2867015 Vali Loss: 0.2745841 Test Loss: 0.0933667
Validation loss decreased (0.278433 --> 0.274584).  Saving model ...
Updating learning rate to 0.00025
	iters: 100, epoch: 4 | loss: 0.0743685
	speed: 0.0706s/iter; left time: 1120.6152s
	iters: 200, epoch: 4 | loss: 0.1472765
	speed: 0.0064s/iter; left time: 100.2279s
	iters: 300, epoch: 4 | loss: 0.7893898
	speed: 0.0065s/iter; left time: 101.9977s
	iters: 400, epoch: 4 | loss: 0.1490940
	speed: 0.0057s/iter; left time: 88.5950s
	iters: 500, epoch: 4 | loss: 0.6709075
	speed: 0.0057s/iter; left time: 88.9570s
	iters: 600, epoch: 4 | loss: 0.2528076
	speed: 0.0063s/iter; left time: 96.5442s
	iters: 700, epoch: 4 | loss: 0.1314480
	speed: 0.0057s/iter; left time: 87.4670s
	iters: 800, epoch: 4 | loss: 0.1636839
	speed: 0.0059s/iter; left time: 89.8774s
	iters: 900, epoch: 4 | loss: 0.2899211
	speed: 0.0054s/iter; left time: 82.0660s
	iters: 1000, epoch: 4 | loss: 0.0899364
	speed: 0.0061s/iter; left time: 90.7349s
	iters: 1100, epoch: 4 | loss: 0.1570091
	speed: 0.0062s/iter; left time: 92.7189s
	iters: 1200, epoch: 4 | loss: 0.0926545
	speed: 0.0067s/iter; left time: 98.5089s
	iters: 1300, epoch: 4 | loss: 0.4979531
	speed: 0.0060s/iter; left time: 88.6385s
	iters: 1400, epoch: 4 | loss: 0.1021121
	speed: 0.0060s/iter; left time: 88.1292s
	iters: 1500, epoch: 4 | loss: 0.1299932
	speed: 0.0061s/iter; left time: 87.7860s
	iters: 1600, epoch: 4 | loss: 0.1162653
	speed: 0.0062s/iter; left time: 88.9433s
	iters: 1700, epoch: 4 | loss: 0.1654599
	speed: 0.0060s/iter; left time: 85.4385s
	iters: 1800, epoch: 4 | loss: 0.2099997
	speed: 0.0061s/iter; left time: 86.1212s
	iters: 1900, epoch: 4 | loss: 0.2134850
	speed: 0.0058s/iter; left time: 82.3281s
	iters: 2000, epoch: 4 | loss: 0.3084275
	speed: 0.0063s/iter; left time: 88.4578s
	iters: 2100, epoch: 4 | loss: 0.1423655
	speed: 0.0067s/iter; left time: 92.9812s
	iters: 2200, epoch: 4 | loss: 0.1688434
	speed: 0.0067s/iter; left time: 91.7381s
Epoch: 4 cost time: 14.710699558258057
Epoch: 4, Steps: 2283 | Train Loss: 0.2786655 Vali Loss: 0.2610290 Test Loss: 0.0907829
Validation loss decreased (0.274584 --> 0.261029).  Saving model ...
Updating learning rate to 0.000125
	iters: 100, epoch: 5 | loss: 0.1217292
	speed: 0.0741s/iter; left time: 1007.2909s
	iters: 200, epoch: 5 | loss: 0.1376514
	speed: 0.0060s/iter; left time: 81.0399s
	iters: 300, epoch: 5 | loss: 0.2705833
	speed: 0.0061s/iter; left time: 81.3177s
	iters: 400, epoch: 5 | loss: 0.2576855
	speed: 0.0059s/iter; left time: 77.8644s
	iters: 500, epoch: 5 | loss: 0.6356857
	speed: 0.0067s/iter; left time: 88.0073s
	iters: 600, epoch: 5 | loss: 0.5593312
	speed: 0.0064s/iter; left time: 84.4866s
	iters: 700, epoch: 5 | loss: 0.1561459
	speed: 0.0059s/iter; left time: 76.7520s
	iters: 800, epoch: 5 | loss: 0.0754201
	speed: 0.0057s/iter; left time: 74.0789s
	iters: 900, epoch: 5 | loss: 1.3156188
	speed: 0.0058s/iter; left time: 74.4053s
	iters: 1000, epoch: 5 | loss: 0.1339149
	speed: 0.0057s/iter; left time: 72.8547s
	iters: 1100, epoch: 5 | loss: 0.2294804
	speed: 0.0060s/iter; left time: 75.2320s
	iters: 1200, epoch: 5 | loss: 0.1138456
	speed: 0.0058s/iter; left time: 72.2675s
	iters: 1300, epoch: 5 | loss: 0.1696491
	speed: 0.0063s/iter; left time: 78.6009s
	iters: 1400, epoch: 5 | loss: 0.1473878
	speed: 0.0059s/iter; left time: 72.8046s
	iters: 1500, epoch: 5 | loss: 0.1100477
	speed: 0.0058s/iter; left time: 71.0248s
	iters: 1600, epoch: 5 | loss: 0.2226287
	speed: 0.0062s/iter; left time: 74.4125s
	iters: 1700, epoch: 5 | loss: 0.1179358
	speed: 0.0062s/iter; left time: 74.2105s
	iters: 1800, epoch: 5 | loss: 0.0958748
	speed: 0.0059s/iter; left time: 70.2583s
	iters: 1900, epoch: 5 | loss: 0.1524198
	speed: 0.0057s/iter; left time: 67.4642s
	iters: 2000, epoch: 5 | loss: 0.1505647
	speed: 0.0058s/iter; left time: 67.6708s
	iters: 2100, epoch: 5 | loss: 0.2661693
	speed: 0.0057s/iter; left time: 65.9328s
	iters: 2200, epoch: 5 | loss: 0.1698538
	speed: 0.0052s/iter; left time: 59.5075s
Epoch: 5 cost time: 14.234043836593628
Epoch: 5, Steps: 2283 | Train Loss: 0.2744472 Vali Loss: 0.2619232 Test Loss: 0.0902609
EarlyStopping counter: 1 out of 3
Updating learning rate to 6.25e-05
	iters: 100, epoch: 6 | loss: 0.1334551
	speed: 0.0682s/iter; left time: 772.0084s
	iters: 200, epoch: 6 | loss: 0.1017976
	speed: 0.0059s/iter; left time: 66.1345s
	iters: 300, epoch: 6 | loss: 0.1566662
	speed: 0.0060s/iter; left time: 66.2361s
	iters: 400, epoch: 6 | loss: 0.1091780
	speed: 0.0060s/iter; left time: 65.7418s
	iters: 500, epoch: 6 | loss: 0.0967041
	speed: 0.0059s/iter; left time: 64.2198s
	iters: 600, epoch: 6 | loss: 0.1078606
	speed: 0.0061s/iter; left time: 65.6233s
	iters: 700, epoch: 6 | loss: 0.1806254
	speed: 0.0058s/iter; left time: 62.1559s
	iters: 800, epoch: 6 | loss: 0.1321494
	speed: 0.0060s/iter; left time: 64.1706s
	iters: 900, epoch: 6 | loss: 0.3271298
	speed: 0.0059s/iter; left time: 62.5228s
	iters: 1000, epoch: 6 | loss: 0.0582233
	speed: 0.0058s/iter; left time: 60.6479s
	iters: 1100, epoch: 6 | loss: 0.1647705
	speed: 0.0061s/iter; left time: 62.5144s
	iters: 1200, epoch: 6 | loss: 0.2694288
	speed: 0.0061s/iter; left time: 62.4270s
	iters: 1300, epoch: 6 | loss: 0.2378454
	speed: 0.0059s/iter; left time: 59.3741s
	iters: 1400, epoch: 6 | loss: 0.1658692
	speed: 0.0058s/iter; left time: 58.3259s
	iters: 1500, epoch: 6 | loss: 0.2961952
	speed: 0.0057s/iter; left time: 56.3827s
	iters: 1600, epoch: 6 | loss: 0.0864062
	speed: 0.0060s/iter; left time: 59.2945s
	iters: 1700, epoch: 6 | loss: 0.1429001
	speed: 0.0059s/iter; left time: 57.3814s
	iters: 1800, epoch: 6 | loss: 0.1555127
	speed: 0.0057s/iter; left time: 54.8764s
	iters: 1900, epoch: 6 | loss: 0.1901705
	speed: 0.0056s/iter; left time: 52.8908s
	iters: 2000, epoch: 6 | loss: 0.1015260
	speed: 0.0058s/iter; left time: 54.3693s
	iters: 2100, epoch: 6 | loss: 0.3068370
	speed: 0.0058s/iter; left time: 53.6703s
	iters: 2200, epoch: 6 | loss: 0.1234138
	speed: 0.0064s/iter; left time: 59.2076s
Epoch: 6 cost time: 14.246970415115356
Epoch: 6, Steps: 2283 | Train Loss: 0.2721537 Vali Loss: 0.2624550 Test Loss: 0.0902481
EarlyStopping counter: 2 out of 3
Updating learning rate to 3.125e-05
	iters: 100, epoch: 7 | loss: 0.6819437
	speed: 0.0723s/iter; left time: 652.9562s
	iters: 200, epoch: 7 | loss: 0.1884570
	speed: 0.0059s/iter; left time: 53.0284s
	iters: 300, epoch: 7 | loss: 0.0971751
	speed: 0.0059s/iter; left time: 52.3047s
	iters: 400, epoch: 7 | loss: 0.5466638
	speed: 0.0056s/iter; left time: 48.7448s
	iters: 500, epoch: 7 | loss: 0.1568877
	speed: 0.0060s/iter; left time: 51.9552s
	iters: 600, epoch: 7 | loss: 0.0991012
	speed: 0.0062s/iter; left time: 52.7443s
	iters: 700, epoch: 7 | loss: 0.2040602
	speed: 0.0056s/iter; left time: 47.3889s
	iters: 800, epoch: 7 | loss: 0.1506469
	speed: 0.0060s/iter; left time: 49.7102s
	iters: 900, epoch: 7 | loss: 0.1299286
	speed: 0.0059s/iter; left time: 48.2154s
	iters: 1000, epoch: 7 | loss: 0.1304461
	speed: 0.0059s/iter; left time: 47.6832s
	iters: 1100, epoch: 7 | loss: 0.2315841
	speed: 0.0058s/iter; left time: 46.5214s
	iters: 1200, epoch: 7 | loss: 0.5773511
	speed: 0.0057s/iter; left time: 45.1939s
	iters: 1300, epoch: 7 | loss: 0.0826677
	speed: 0.0058s/iter; left time: 45.0806s
	iters: 1400, epoch: 7 | loss: 0.0971963
	speed: 0.0057s/iter; left time: 44.4062s
	iters: 1500, epoch: 7 | loss: 0.2173884
	speed: 0.0057s/iter; left time: 43.7084s
	iters: 1600, epoch: 7 | loss: 0.3175775
	speed: 0.0056s/iter; left time: 42.4188s
	iters: 1700, epoch: 7 | loss: 0.1338279
	speed: 0.0059s/iter; left time: 44.0842s
	iters: 1800, epoch: 7 | loss: 0.1202574
	speed: 0.0057s/iter; left time: 41.9414s
	iters: 1900, epoch: 7 | loss: 0.1404959
	speed: 0.0060s/iter; left time: 43.1789s
	iters: 2000, epoch: 7 | loss: 0.3427774
	speed: 0.0060s/iter; left time: 42.7247s
	iters: 2100, epoch: 7 | loss: 0.1209219
	speed: 0.0061s/iter; left time: 43.1500s
	iters: 2200, epoch: 7 | loss: 0.1714986
	speed: 0.0060s/iter; left time: 41.7783s
Epoch: 7 cost time: 14.09450888633728
Epoch: 7, Steps: 2283 | Train Loss: 0.2708833 Vali Loss: 0.2612672 Test Loss: 0.0897757
EarlyStopping counter: 3 out of 3
Early stopping
>>>>>>>testing : weather_336_24_GRevagLinear_custom_ftM_sl336_ll48_pl24_dm512_nh8_el2_dl1_df2048_fc1_ebtimeF_dtTrue_Exp_0<<<<<<<<<<<<<<<<<<<<<<<<<<<<<<<<<
test 10516
mse:0.09087157994508743, mae:0.12474265694618225
