Args in experiment:
Namespace(activation='gelu', batch_size=16, c_out=7, checkpoints='/spo/NewbornTime/tahir098/SVF/data/Extra/checkpoints/', d_ff=2048, d_layers=1, d_model=512, data='custom', data_path='weather.csv', dec_in=7, des='Exp', devices='0,1,2,3', distil=True, do_predict=False, dropout=0.05, e_layers=2, embed='timeF', embed_type=0, enc_in=21, factor=1, features='M', freq='h', gpu=0, individual=False, is_training=1, itr=1, label_len=48, learning_rate=0.001, loss='mse', lradj='type1', model='GRevagLinear', model_id='weather_336_192', moving_avg=25, n_heads=8, num_workers=10, output_attention=False, patience=3, pred_len=192, root_path='./dataset/', seq_len=336, target='OT', test_flop=False, train_epochs=10, train_only=False, use_amp=False, use_gpu=True, use_multi_gpu=False)
Use GPU: cuda:0
>>>>>>>start training : weather_336_192_GRevagLinear_custom_ftM_sl336_ll48_pl192_dm512_nh8_el2_dl1_df2048_fc1_ebtimeF_dtTrue_Exp_0>>>>>>>>>>>>>>>>>>>>>>>>>>
train 36360
val 5079
test 10348
	iters: 100, epoch: 1 | loss: 0.3305663
	speed: 0.0128s/iter; left time: 290.5991s
	iters: 200, epoch: 1 | loss: 0.5702118
	speed: 0.0062s/iter; left time: 140.6227s
	iters: 300, epoch: 1 | loss: 0.4202779
	speed: 0.0065s/iter; left time: 144.7274s
	iters: 400, epoch: 1 | loss: 0.3526408
	speed: 0.0065s/iter; left time: 145.9252s
	iters: 500, epoch: 1 | loss: 0.4791987
	speed: 0.0063s/iter; left time: 140.1912s
	iters: 600, epoch: 1 | loss: 0.4767841
	speed: 0.0064s/iter; left time: 140.4855s
	iters: 700, epoch: 1 | loss: 0.2911975
	speed: 0.0063s/iter; left time: 139.7015s
	iters: 800, epoch: 1 | loss: 0.6818045
	speed: 0.0060s/iter; left time: 131.2243s
	iters: 900, epoch: 1 | loss: 0.3209998
	speed: 0.0066s/iter; left time: 142.9422s
	iters: 1000, epoch: 1 | loss: 0.3570200
	speed: 0.0062s/iter; left time: 134.5343s
	iters: 1100, epoch: 1 | loss: 0.2954352
	speed: 0.0071s/iter; left time: 153.9067s
	iters: 1200, epoch: 1 | loss: 0.3866827
	speed: 0.0070s/iter; left time: 151.4004s
	iters: 1300, epoch: 1 | loss: 0.3535979
	speed: 0.0058s/iter; left time: 123.7947s
	iters: 1400, epoch: 1 | loss: 0.3065733
	speed: 0.0056s/iter; left time: 119.7355s
	iters: 1500, epoch: 1 | loss: 0.3191608
	speed: 0.0055s/iter; left time: 116.4078s
	iters: 1600, epoch: 1 | loss: 0.2758569
	speed: 0.0057s/iter; left time: 120.3828s
	iters: 1700, epoch: 1 | loss: 0.5481539
	speed: 0.0062s/iter; left time: 129.6332s
	iters: 1800, epoch: 1 | loss: 0.3088419
	speed: 0.0065s/iter; left time: 135.0599s
	iters: 1900, epoch: 1 | loss: 0.3677395
	speed: 0.0064s/iter; left time: 133.8252s
	iters: 2000, epoch: 1 | loss: 0.7798453
	speed: 0.0064s/iter; left time: 133.6502s
	iters: 2100, epoch: 1 | loss: 0.3203803
	speed: 0.0064s/iter; left time: 131.9875s
	iters: 2200, epoch: 1 | loss: 1.2333230
	speed: 0.0065s/iter; left time: 133.0583s
Epoch: 1 cost time: 15.043272972106934
Epoch: 1, Steps: 2272 | Train Loss: 0.4871720 Vali Loss: 0.4660469 Test Loss: 0.1945172
Validation loss decreased (inf --> 0.466047).  Saving model ...
Updating learning rate to 0.001
	iters: 100, epoch: 2 | loss: 0.4139233
	speed: 0.0775s/iter; left time: 1577.5799s
	iters: 200, epoch: 2 | loss: 0.3385396
	speed: 0.0066s/iter; left time: 132.9398s
	iters: 300, epoch: 2 | loss: 0.3072096
	speed: 0.0065s/iter; left time: 131.3527s
	iters: 400, epoch: 2 | loss: 0.5377105
	speed: 0.0069s/iter; left time: 139.2506s
	iters: 500, epoch: 2 | loss: 0.3375971
	speed: 0.0066s/iter; left time: 130.7499s
	iters: 600, epoch: 2 | loss: 0.3552355
	speed: 0.0068s/iter; left time: 134.0650s
	iters: 700, epoch: 2 | loss: 0.2611808
	speed: 0.0065s/iter; left time: 129.0509s
	iters: 800, epoch: 2 | loss: 0.4308165
	speed: 0.0066s/iter; left time: 128.7263s
	iters: 900, epoch: 2 | loss: 0.2987574
	speed: 0.0063s/iter; left time: 124.0178s
	iters: 1000, epoch: 2 | loss: 0.3484600
	speed: 0.0070s/iter; left time: 136.1474s
	iters: 1100, epoch: 2 | loss: 1.3798422
	speed: 0.0074s/iter; left time: 142.4934s
	iters: 1200, epoch: 2 | loss: 0.3638538
	speed: 0.0070s/iter; left time: 134.5603s
	iters: 1300, epoch: 2 | loss: 0.3247302
	speed: 0.0065s/iter; left time: 124.6251s
	iters: 1400, epoch: 2 | loss: 0.4997470
	speed: 0.0065s/iter; left time: 124.2074s
	iters: 1500, epoch: 2 | loss: 0.2801218
	speed: 0.0069s/iter; left time: 130.9259s
	iters: 1600, epoch: 2 | loss: 0.5144346
	speed: 0.0072s/iter; left time: 136.5822s
	iters: 1700, epoch: 2 | loss: 0.4842579
	speed: 0.0067s/iter; left time: 126.2605s
	iters: 1800, epoch: 2 | loss: 0.5817970
	speed: 0.0069s/iter; left time: 127.8170s
	iters: 1900, epoch: 2 | loss: 0.4834072
	speed: 0.0067s/iter; left time: 123.7571s
	iters: 2000, epoch: 2 | loss: 0.3033503
	speed: 0.0067s/iter; left time: 122.9479s
	iters: 2100, epoch: 2 | loss: 0.2868487
	speed: 0.0067s/iter; left time: 122.7353s
	iters: 2200, epoch: 2 | loss: 0.3200673
	speed: 0.0064s/iter; left time: 116.7919s
Epoch: 2 cost time: 16.10776114463806
Epoch: 2, Steps: 2272 | Train Loss: 0.4690214 Vali Loss: 0.4656345 Test Loss: 0.1925024
Validation loss decreased (0.466047 --> 0.465634).  Saving model ...
Updating learning rate to 0.0005
	iters: 100, epoch: 3 | loss: 0.3440630
	speed: 0.0771s/iter; left time: 1392.8333s
	iters: 200, epoch: 3 | loss: 0.2982623
	speed: 0.0060s/iter; left time: 108.4300s
	iters: 300, epoch: 3 | loss: 0.3053882
	speed: 0.0063s/iter; left time: 112.1321s
	iters: 400, epoch: 3 | loss: 0.3786546
	speed: 0.0065s/iter; left time: 115.1877s
	iters: 500, epoch: 3 | loss: 1.2521868
	speed: 0.0067s/iter; left time: 118.3544s
	iters: 600, epoch: 3 | loss: 0.2790112
	speed: 0.0064s/iter; left time: 112.5326s
	iters: 700, epoch: 3 | loss: 0.3978803
	speed: 0.0067s/iter; left time: 117.2213s
	iters: 800, epoch: 3 | loss: 0.4994001
	speed: 0.0065s/iter; left time: 113.0872s
	iters: 900, epoch: 3 | loss: 0.2623813
	speed: 0.0064s/iter; left time: 110.9449s
	iters: 1000, epoch: 3 | loss: 0.4620052
	speed: 0.0065s/iter; left time: 111.0438s
	iters: 1100, epoch: 3 | loss: 0.3387129
	speed: 0.0064s/iter; left time: 109.1549s
	iters: 1200, epoch: 3 | loss: 0.4089082
	speed: 0.0065s/iter; left time: 110.6434s
	iters: 1300, epoch: 3 | loss: 0.4868497
	speed: 0.0063s/iter; left time: 106.4465s
	iters: 1400, epoch: 3 | loss: 0.3636714
	speed: 0.0066s/iter; left time: 110.8531s
	iters: 1500, epoch: 3 | loss: 0.2759372
	speed: 0.0065s/iter; left time: 107.7491s
	iters: 1600, epoch: 3 | loss: 0.2385937
	speed: 0.0063s/iter; left time: 104.6721s
	iters: 1700, epoch: 3 | loss: 0.3954429
	speed: 0.0063s/iter; left time: 103.9287s
	iters: 1800, epoch: 3 | loss: 0.3048391
	speed: 0.0062s/iter; left time: 100.9568s
	iters: 1900, epoch: 3 | loss: 0.4152473
	speed: 0.0063s/iter; left time: 102.3704s
	iters: 2000, epoch: 3 | loss: 0.3957471
	speed: 0.0063s/iter; left time: 101.4878s
	iters: 2100, epoch: 3 | loss: 0.2756375
	speed: 0.0061s/iter; left time: 98.2996s
	iters: 2200, epoch: 3 | loss: 0.2310778
	speed: 0.0062s/iter; left time: 99.5019s
Epoch: 3 cost time: 15.261656045913696
Epoch: 3, Steps: 2272 | Train Loss: 0.4558801 Vali Loss: 0.4513210 Test Loss: 0.1893918
Validation loss decreased (0.465634 --> 0.451321).  Saving model ...
Updating learning rate to 0.00025
	iters: 100, epoch: 4 | loss: 0.3494225
	speed: 0.0757s/iter; left time: 1196.1053s
	iters: 200, epoch: 4 | loss: 0.3299009
	speed: 0.0062s/iter; left time: 96.9220s
	iters: 300, epoch: 4 | loss: 0.2889726
	speed: 0.0059s/iter; left time: 92.3456s
	iters: 400, epoch: 4 | loss: 0.3776010
	speed: 0.0059s/iter; left time: 91.8583s
	iters: 500, epoch: 4 | loss: 0.4206395
	speed: 0.0064s/iter; left time: 98.3218s
	iters: 600, epoch: 4 | loss: 0.3940774
	speed: 0.0062s/iter; left time: 95.2848s
	iters: 700, epoch: 4 | loss: 0.2879038
	speed: 0.0063s/iter; left time: 95.3996s
	iters: 800, epoch: 4 | loss: 0.3698507
	speed: 0.0065s/iter; left time: 98.9339s
	iters: 900, epoch: 4 | loss: 0.4420512
	speed: 0.0065s/iter; left time: 97.6023s
	iters: 1000, epoch: 4 | loss: 0.2816269
	speed: 0.0066s/iter; left time: 98.6593s
	iters: 1100, epoch: 4 | loss: 0.3207431
	speed: 0.0062s/iter; left time: 91.3591s
	iters: 1200, epoch: 4 | loss: 0.2867256
	speed: 0.0066s/iter; left time: 97.5947s
	iters: 1300, epoch: 4 | loss: 0.3736511
	speed: 0.0071s/iter; left time: 103.5993s
	iters: 1400, epoch: 4 | loss: 0.3403150
	speed: 0.0064s/iter; left time: 92.8103s
	iters: 1500, epoch: 4 | loss: 0.3281750
	speed: 0.0062s/iter; left time: 89.4800s
	iters: 1600, epoch: 4 | loss: 0.3947943
	speed: 0.0065s/iter; left time: 92.7046s
	iters: 1700, epoch: 4 | loss: 0.6094235
	speed: 0.0062s/iter; left time: 88.3385s
	iters: 1800, epoch: 4 | loss: 0.4770995
	speed: 0.0065s/iter; left time: 92.1855s
	iters: 1900, epoch: 4 | loss: 0.5805970
	speed: 0.0063s/iter; left time: 88.2268s
	iters: 2000, epoch: 4 | loss: 0.3045248
	speed: 0.0066s/iter; left time: 91.2035s
	iters: 2100, epoch: 4 | loss: 0.2857523
	speed: 0.0062s/iter; left time: 85.0019s
	iters: 2200, epoch: 4 | loss: 0.2782220
	speed: 0.0060s/iter; left time: 82.8181s
Epoch: 4 cost time: 15.168612718582153
Epoch: 4, Steps: 2272 | Train Loss: 0.4464706 Vali Loss: 0.4473994 Test Loss: 0.1892189
Validation loss decreased (0.451321 --> 0.447399).  Saving model ...
Updating learning rate to 0.000125
	iters: 100, epoch: 5 | loss: 0.4486288
	speed: 0.0751s/iter; left time: 1016.2444s
	iters: 200, epoch: 5 | loss: 1.1205072
	speed: 0.0061s/iter; left time: 81.6697s
	iters: 300, epoch: 5 | loss: 0.2852327
	speed: 0.0067s/iter; left time: 88.7322s
	iters: 400, epoch: 5 | loss: 0.5125145
	speed: 0.0060s/iter; left time: 78.9179s
	iters: 500, epoch: 5 | loss: 0.3219581
	speed: 0.0065s/iter; left time: 85.0290s
	iters: 600, epoch: 5 | loss: 0.3612492
	speed: 0.0066s/iter; left time: 85.8208s
	iters: 700, epoch: 5 | loss: 0.2865827
	speed: 0.0062s/iter; left time: 79.9011s
	iters: 800, epoch: 5 | loss: 1.3559344
	speed: 0.0064s/iter; left time: 82.4112s
	iters: 900, epoch: 5 | loss: 0.3591464
	speed: 0.0062s/iter; left time: 78.8187s
	iters: 1000, epoch: 5 | loss: 0.2948943
	speed: 0.0064s/iter; left time: 80.6570s
	iters: 1100, epoch: 5 | loss: 0.4336058
	speed: 0.0063s/iter; left time: 78.7488s
	iters: 1200, epoch: 5 | loss: 0.3461952
	speed: 0.0063s/iter; left time: 78.2960s
	iters: 1300, epoch: 5 | loss: 0.3271137
	speed: 0.0063s/iter; left time: 77.4466s
	iters: 1400, epoch: 5 | loss: 0.3852015
	speed: 0.0058s/iter; left time: 70.7123s
	iters: 1500, epoch: 5 | loss: 0.3885749
	speed: 0.0059s/iter; left time: 71.0127s
	iters: 1600, epoch: 5 | loss: 0.3401156
	speed: 0.0063s/iter; left time: 75.7693s
	iters: 1700, epoch: 5 | loss: 0.2783490
	speed: 0.0063s/iter; left time: 74.7746s
	iters: 1800, epoch: 5 | loss: 0.3497070
	speed: 0.0064s/iter; left time: 75.5300s
	iters: 1900, epoch: 5 | loss: 0.3057202
	speed: 0.0061s/iter; left time: 71.2098s
	iters: 2000, epoch: 5 | loss: 0.3095129
	speed: 0.0065s/iter; left time: 75.3519s
	iters: 2100, epoch: 5 | loss: 0.3639857
	speed: 0.0070s/iter; left time: 81.1841s
	iters: 2200, epoch: 5 | loss: 0.4155922
	speed: 0.0062s/iter; left time: 70.6531s
Epoch: 5 cost time: 15.109338760375977
Epoch: 5, Steps: 2272 | Train Loss: 0.4412711 Vali Loss: 0.4475879 Test Loss: 0.1890941
EarlyStopping counter: 1 out of 3
Updating learning rate to 6.25e-05
	iters: 100, epoch: 6 | loss: 0.4267241
	speed: 0.0776s/iter; left time: 874.3616s
	iters: 200, epoch: 6 | loss: 0.3649510
	speed: 0.0062s/iter; left time: 69.7387s
	iters: 300, epoch: 6 | loss: 0.2940766
	speed: 0.0066s/iter; left time: 73.2126s
	iters: 400, epoch: 6 | loss: 1.3156918
	speed: 0.0064s/iter; left time: 70.4812s
	iters: 500, epoch: 6 | loss: 0.4070394
	speed: 0.0061s/iter; left time: 66.7023s
	iters: 600, epoch: 6 | loss: 0.3554676
	speed: 0.0065s/iter; left time: 70.1507s
	iters: 700, epoch: 6 | loss: 0.2371099
	speed: 0.0066s/iter; left time: 70.3127s
	iters: 800, epoch: 6 | loss: 0.6810242
	speed: 0.0066s/iter; left time: 69.1927s
	iters: 900, epoch: 6 | loss: 0.2671973
	speed: 0.0067s/iter; left time: 69.5883s
	iters: 1000, epoch: 6 | loss: 1.3402437
	speed: 0.0063s/iter; left time: 65.1110s
	iters: 1100, epoch: 6 | loss: 0.3669345
	speed: 0.0064s/iter; left time: 65.1766s
	iters: 1200, epoch: 6 | loss: 0.3426843
	speed: 0.0069s/iter; left time: 69.7823s
	iters: 1300, epoch: 6 | loss: 0.2500571
	speed: 0.0065s/iter; left time: 65.7305s
	iters: 1400, epoch: 6 | loss: 0.2078422
	speed: 0.0065s/iter; left time: 64.4695s
	iters: 1500, epoch: 6 | loss: 0.3289941
	speed: 0.0063s/iter; left time: 62.2855s
	iters: 1600, epoch: 6 | loss: 0.3754563
	speed: 0.0061s/iter; left time: 59.6745s
	iters: 1700, epoch: 6 | loss: 0.3069326
	speed: 0.0065s/iter; left time: 62.4079s
	iters: 1800, epoch: 6 | loss: 0.3561285
	speed: 0.0062s/iter; left time: 59.5598s
	iters: 1900, epoch: 6 | loss: 0.3603582
	speed: 0.0063s/iter; left time: 59.5996s
	iters: 2000, epoch: 6 | loss: 0.3265848
	speed: 0.0065s/iter; left time: 60.4557s
	iters: 2100, epoch: 6 | loss: 0.4195462
	speed: 0.0062s/iter; left time: 57.0780s
	iters: 2200, epoch: 6 | loss: 0.2335412
	speed: 0.0065s/iter; left time: 59.9229s
Epoch: 6 cost time: 15.31708812713623
Epoch: 6, Steps: 2272 | Train Loss: 0.4386304 Vali Loss: 0.4477932 Test Loss: 0.1896141
EarlyStopping counter: 2 out of 3
Updating learning rate to 3.125e-05
	iters: 100, epoch: 7 | loss: 0.4005505
	speed: 0.0752s/iter; left time: 676.1015s
	iters: 200, epoch: 7 | loss: 0.2403939
	speed: 0.0063s/iter; left time: 55.6737s
	iters: 300, epoch: 7 | loss: 0.2778885
	speed: 0.0062s/iter; left time: 54.1302s
	iters: 400, epoch: 7 | loss: 0.3975113
	speed: 0.0059s/iter; left time: 51.5041s
	iters: 500, epoch: 7 | loss: 0.4653027
	speed: 0.0064s/iter; left time: 54.6764s
	iters: 600, epoch: 7 | loss: 0.3795741
	speed: 0.0065s/iter; left time: 55.1320s
	iters: 700, epoch: 7 | loss: 0.2799560
	speed: 0.0063s/iter; left time: 53.2554s
	iters: 800, epoch: 7 | loss: 0.3709445
	speed: 0.0064s/iter; left time: 52.6711s
	iters: 900, epoch: 7 | loss: 0.4407208
	speed: 0.0063s/iter; left time: 51.8160s
	iters: 1000, epoch: 7 | loss: 1.4729351
	speed: 0.0063s/iter; left time: 50.7055s
	iters: 1100, epoch: 7 | loss: 0.4223287
	speed: 0.0065s/iter; left time: 51.8159s
	iters: 1200, epoch: 7 | loss: 0.3135775
	speed: 0.0066s/iter; left time: 52.0164s
	iters: 1300, epoch: 7 | loss: 0.2850249
	speed: 0.0066s/iter; left time: 51.7369s
	iters: 1400, epoch: 7 | loss: 1.4934628
	speed: 0.0064s/iter; left time: 49.2774s
	iters: 1500, epoch: 7 | loss: 0.2652736
	speed: 0.0066s/iter; left time: 49.8877s
	iters: 1600, epoch: 7 | loss: 0.2720799
	speed: 0.0066s/iter; left time: 49.4268s
	iters: 1700, epoch: 7 | loss: 0.5444282
	speed: 0.0069s/iter; left time: 51.2666s
	iters: 1800, epoch: 7 | loss: 0.3157769
	speed: 0.0071s/iter; left time: 51.9494s
	iters: 1900, epoch: 7 | loss: 0.6064783
	speed: 0.0069s/iter; left time: 49.2547s
	iters: 2000, epoch: 7 | loss: 1.1943542
	speed: 0.0073s/iter; left time: 52.0264s
	iters: 2100, epoch: 7 | loss: 0.2505262
	speed: 0.0070s/iter; left time: 49.0139s
	iters: 2200, epoch: 7 | loss: 0.3890362
	speed: 0.0066s/iter; left time: 45.1773s
Epoch: 7 cost time: 15.638893842697144
Epoch: 7, Steps: 2272 | Train Loss: 0.4371434 Vali Loss: 0.4450095 Test Loss: 0.1884282
Validation loss decreased (0.447399 --> 0.445010).  Saving model ...
Updating learning rate to 1.5625e-05
	iters: 100, epoch: 8 | loss: 0.2472509
	speed: 0.0766s/iter; left time: 514.5880s
	iters: 200, epoch: 8 | loss: 1.2534853
	speed: 0.0064s/iter; left time: 42.1094s
	iters: 300, epoch: 8 | loss: 0.7228764
	speed: 0.0064s/iter; left time: 41.9396s
	iters: 400, epoch: 8 | loss: 0.5437536
	speed: 0.0066s/iter; left time: 42.5612s
	iters: 500, epoch: 8 | loss: 0.2643213
	speed: 0.0062s/iter; left time: 39.1450s
	iters: 600, epoch: 8 | loss: 0.2839945
	speed: 0.0063s/iter; left time: 39.3283s
	iters: 700, epoch: 8 | loss: 0.3376639
	speed: 0.0065s/iter; left time: 39.8543s
	iters: 800, epoch: 8 | loss: 0.4105432
	speed: 0.0061s/iter; left time: 36.4918s
	iters: 900, epoch: 8 | loss: 0.4309137
	speed: 0.0062s/iter; left time: 36.7642s
	iters: 1000, epoch: 8 | loss: 0.3502782
	speed: 0.0063s/iter; left time: 36.5611s
	iters: 1100, epoch: 8 | loss: 0.3500386
	speed: 0.0072s/iter; left time: 41.4157s
	iters: 1200, epoch: 8 | loss: 0.3230410
	speed: 0.0066s/iter; left time: 37.2769s
	iters: 1300, epoch: 8 | loss: 0.2883269
	speed: 0.0067s/iter; left time: 36.6964s
	iters: 1400, epoch: 8 | loss: 0.2899536
	speed: 0.0065s/iter; left time: 35.1707s
	iters: 1500, epoch: 8 | loss: 0.2616870
	speed: 0.0066s/iter; left time: 35.1259s
	iters: 1600, epoch: 8 | loss: 0.3733714
	speed: 0.0065s/iter; left time: 33.8105s
	iters: 1700, epoch: 8 | loss: 0.2468811
	speed: 0.0069s/iter; left time: 35.3426s
	iters: 1800, epoch: 8 | loss: 0.3299322
	speed: 0.0065s/iter; left time: 32.8421s
	iters: 1900, epoch: 8 | loss: 0.3470958
	speed: 0.0068s/iter; left time: 33.2739s
	iters: 2000, epoch: 8 | loss: 0.3389989
	speed: 0.0077s/iter; left time: 37.2685s
	iters: 2100, epoch: 8 | loss: 0.4048092
	speed: 0.0068s/iter; left time: 32.2468s
	iters: 2200, epoch: 8 | loss: 0.2969280
	speed: 0.0066s/iter; left time: 30.5040s
Epoch: 8 cost time: 15.697683095932007
Epoch: 8, Steps: 2272 | Train Loss: 0.4363965 Vali Loss: 0.4444348 Test Loss: 0.1882835
Validation loss decreased (0.445010 --> 0.444435).  Saving model ...
Updating learning rate to 7.8125e-06
	iters: 100, epoch: 9 | loss: 0.2414969
	speed: 0.0753s/iter; left time: 334.7312s
	iters: 200, epoch: 9 | loss: 0.3093776
	speed: 0.0064s/iter; left time: 27.6007s
	iters: 300, epoch: 9 | loss: 0.5980127
	speed: 0.0064s/iter; left time: 27.1311s
	iters: 400, epoch: 9 | loss: 0.2948648
	speed: 0.0064s/iter; left time: 26.7126s
	iters: 500, epoch: 9 | loss: 0.3750720
	speed: 0.0064s/iter; left time: 25.8032s
	iters: 600, epoch: 9 | loss: 0.3527307
	speed: 0.0063s/iter; left time: 24.7422s
	iters: 700, epoch: 9 | loss: 0.4234789
	speed: 0.0060s/iter; left time: 23.0771s
	iters: 800, epoch: 9 | loss: 0.3964100
	speed: 0.0062s/iter; left time: 23.1585s
	iters: 900, epoch: 9 | loss: 0.2870658
	speed: 0.0062s/iter; left time: 22.4686s
	iters: 1000, epoch: 9 | loss: 1.2630744
	speed: 0.0064s/iter; left time: 22.6459s
	iters: 1100, epoch: 9 | loss: 0.3209267
	speed: 0.0062s/iter; left time: 21.4558s
	iters: 1200, epoch: 9 | loss: 0.4624220
	speed: 0.0063s/iter; left time: 21.1647s
	iters: 1300, epoch: 9 | loss: 0.2298400
	speed: 0.0061s/iter; left time: 19.6959s
	iters: 1400, epoch: 9 | loss: 0.3082581
	speed: 0.0063s/iter; left time: 19.6604s
	iters: 1500, epoch: 9 | loss: 0.2387397
	speed: 0.0062s/iter; left time: 18.8138s
	iters: 1600, epoch: 9 | loss: 1.5264812
	speed: 0.0063s/iter; left time: 18.6769s
	iters: 1700, epoch: 9 | loss: 0.9161751
	speed: 0.0065s/iter; left time: 18.4060s
	iters: 1800, epoch: 9 | loss: 0.3677238
	speed: 0.0064s/iter; left time: 17.4793s
	iters: 1900, epoch: 9 | loss: 1.2307738
	speed: 0.0063s/iter; left time: 16.7658s
	iters: 2000, epoch: 9 | loss: 0.4576370
	speed: 0.0066s/iter; left time: 16.6740s
	iters: 2100, epoch: 9 | loss: 0.2804643
	speed: 0.0064s/iter; left time: 15.6928s
	iters: 2200, epoch: 9 | loss: 0.2239870
	speed: 0.0062s/iter; left time: 14.5737s
Epoch: 9 cost time: 15.09186053276062
Epoch: 9, Steps: 2272 | Train Loss: 0.4360180 Vali Loss: 0.4446307 Test Loss: 0.1885205
EarlyStopping counter: 1 out of 3
Updating learning rate to 3.90625e-06
	iters: 100, epoch: 10 | loss: 0.2968260
	speed: 0.0756s/iter; left time: 164.2896s
	iters: 200, epoch: 10 | loss: 0.3293037
	speed: 0.0064s/iter; left time: 13.3244s
	iters: 300, epoch: 10 | loss: 0.2845735
	speed: 0.0066s/iter; left time: 13.0032s
	iters: 400, epoch: 10 | loss: 0.2707756
	speed: 0.0065s/iter; left time: 12.1629s
	iters: 500, epoch: 10 | loss: 1.2738149
	speed: 0.0067s/iter; left time: 11.9009s
	iters: 600, epoch: 10 | loss: 0.3671867
	speed: 0.0063s/iter; left time: 10.5951s
	iters: 700, epoch: 10 | loss: 0.4356845
	speed: 0.0065s/iter; left time: 10.2000s
	iters: 800, epoch: 10 | loss: 0.3891375
	speed: 0.0067s/iter; left time: 9.8061s
	iters: 900, epoch: 10 | loss: 0.3874632
	speed: 0.0064s/iter; left time: 8.8005s
	iters: 1000, epoch: 10 | loss: 0.3633903
	speed: 0.0064s/iter; left time: 8.1421s
	iters: 1100, epoch: 10 | loss: 0.5778943
	speed: 0.0065s/iter; left time: 7.6524s
	iters: 1200, epoch: 10 | loss: 0.4164889
	speed: 0.0064s/iter; left time: 6.8373s
	iters: 1300, epoch: 10 | loss: 0.3154998
	speed: 0.0066s/iter; left time: 6.4548s
	iters: 1400, epoch: 10 | loss: 0.2677080
	speed: 0.0066s/iter; left time: 5.7671s
	iters: 1500, epoch: 10 | loss: 0.4935808
	speed: 0.0069s/iter; left time: 5.3088s
	iters: 1600, epoch: 10 | loss: 0.2981005
	speed: 0.0069s/iter; left time: 4.6353s
	iters: 1700, epoch: 10 | loss: 1.2822256
	speed: 0.0065s/iter; left time: 3.7130s
	iters: 1800, epoch: 10 | loss: 0.2684972
	speed: 0.0066s/iter; left time: 3.1194s
	iters: 1900, epoch: 10 | loss: 0.3150761
	speed: 0.0069s/iter; left time: 2.5640s
	iters: 2000, epoch: 10 | loss: 0.4648082
	speed: 0.0075s/iter; left time: 2.0355s
	iters: 2100, epoch: 10 | loss: 0.3637080
	speed: 0.0065s/iter; left time: 1.1288s
	iters: 2200, epoch: 10 | loss: 0.4727112
	speed: 0.0065s/iter; left time: 0.4719s
Epoch: 10 cost time: 15.744868278503418
Epoch: 10, Steps: 2272 | Train Loss: 0.4358247 Vali Loss: 0.4450089 Test Loss: 0.1885057
EarlyStopping counter: 2 out of 3
Updating learning rate to 1.953125e-06
>>>>>>>testing : weather_336_192_GRevagLinear_custom_ftM_sl336_ll48_pl192_dm512_nh8_el2_dl1_df2048_fc1_ebtimeF_dtTrue_Exp_0<<<<<<<<<<<<<<<<<<<<<<<<<<<<<<<<<
test 10348
mse:0.18832707405090332, mae:0.23852159082889557
