Args in experiment:
Namespace(activation='gelu', batch_size=16, c_out=7, checkpoints='/spo/NewbornTime/tahir098/SVF/data/Extra/checkpoints/', d_ff=2048, d_layers=1, d_model=512, data='custom', data_path='weather.csv', dec_in=7, des='Exp', devices='0,1,2,3', distil=True, do_predict=False, dropout=0.05, e_layers=2, embed='timeF', embed_type=0, enc_in=21, factor=1, features='M', freq='h', gpu=0, individual=False, is_training=1, itr=1, label_len=48, learning_rate=0.0001, loss='mse', lradj='type1', model='GLinear', model_id='weather_336_12', moving_avg=25, n_heads=8, num_workers=10, output_attention=False, patience=3, pred_len=12, root_path='./dataset/', seq_len=336, target='OT', test_flop=False, train_epochs=10, train_only=False, use_amp=False, use_gpu=True, use_multi_gpu=False)
Use GPU: cuda:0
>>>>>>>start training : weather_336_12_GLinear_custom_ftM_sl336_ll48_pl12_dm512_nh8_el2_dl1_df2048_fc1_ebtimeF_dtTrue_Exp_0>>>>>>>>>>>>>>>>>>>>>>>>>>
train 36540
val 5259
test 10528
	iters: 100, epoch: 1 | loss: 1.6437675
	speed: 0.0141s/iter; left time: 320.0311s
	iters: 200, epoch: 1 | loss: 11.1996946
	speed: 0.0063s/iter; left time: 141.7760s
	iters: 300, epoch: 1 | loss: 0.2356950
	speed: 0.0062s/iter; left time: 140.6639s
	iters: 400, epoch: 1 | loss: 0.1105763
	speed: 0.0061s/iter; left time: 137.4361s
	iters: 500, epoch: 1 | loss: 0.1500238
	speed: 0.0056s/iter; left time: 124.5751s
	iters: 600, epoch: 1 | loss: 0.1897187
	speed: 0.0060s/iter; left time: 134.3517s
	iters: 700, epoch: 1 | loss: 0.1353556
	speed: 0.0060s/iter; left time: 133.6357s
	iters: 800, epoch: 1 | loss: 0.1308391
	speed: 0.0058s/iter; left time: 128.7217s
	iters: 900, epoch: 1 | loss: 0.1304181
	speed: 0.0053s/iter; left time: 116.3329s
	iters: 1000, epoch: 1 | loss: 0.1867932
	speed: 0.0059s/iter; left time: 127.7584s
	iters: 1100, epoch: 1 | loss: 0.1343679
	speed: 0.0071s/iter; left time: 155.0963s
	iters: 1200, epoch: 1 | loss: 0.1880285
	speed: 0.0061s/iter; left time: 132.5870s
	iters: 1300, epoch: 1 | loss: 0.1036641
	speed: 0.0053s/iter; left time: 115.1337s
	iters: 1400, epoch: 1 | loss: 0.1549833
	speed: 0.0055s/iter; left time: 117.5208s
	iters: 1500, epoch: 1 | loss: 0.0888369
	speed: 0.0061s/iter; left time: 130.3118s
	iters: 1600, epoch: 1 | loss: 0.1785586
	speed: 0.0059s/iter; left time: 125.8401s
	iters: 1700, epoch: 1 | loss: 0.2400977
	speed: 0.0059s/iter; left time: 125.2514s
	iters: 1800, epoch: 1 | loss: 0.0823852
	speed: 0.0057s/iter; left time: 120.6845s
	iters: 1900, epoch: 1 | loss: 0.0659307
	speed: 0.0056s/iter; left time: 117.4860s
	iters: 2000, epoch: 1 | loss: 0.1186548
	speed: 0.0060s/iter; left time: 124.2325s
	iters: 2100, epoch: 1 | loss: 0.0871178
	speed: 0.0061s/iter; left time: 125.9658s
	iters: 2200, epoch: 1 | loss: 0.0974963
	speed: 0.0064s/iter; left time: 132.7825s
Epoch: 1 cost time: 14.50457763671875
Epoch: 1, Steps: 2283 | Train Loss: 0.2989154 Vali Loss: 0.2332317 Test Loss: 0.0839129
Validation loss decreased (inf --> 0.233232).  Saving model ...
Updating learning rate to 0.0001
	iters: 100, epoch: 2 | loss: 0.1147813
	speed: 0.0795s/iter; left time: 1625.1167s
	iters: 200, epoch: 2 | loss: 0.1403578
	speed: 0.0057s/iter; left time: 115.9962s
	iters: 300, epoch: 2 | loss: 0.7452303
	speed: 0.0053s/iter; left time: 107.9955s
	iters: 400, epoch: 2 | loss: 0.1346372
	speed: 0.0068s/iter; left time: 137.1083s
	iters: 500, epoch: 2 | loss: 0.1413116
	speed: 0.0058s/iter; left time: 116.8325s
	iters: 600, epoch: 2 | loss: 0.0705384
	speed: 0.0064s/iter; left time: 128.5521s
	iters: 700, epoch: 2 | loss: 0.1674549
	speed: 0.0056s/iter; left time: 111.8066s
	iters: 800, epoch: 2 | loss: 0.1590323
	speed: 0.0057s/iter; left time: 111.7183s
	iters: 900, epoch: 2 | loss: 0.1501374
	speed: 0.0058s/iter; left time: 114.0919s
	iters: 1000, epoch: 2 | loss: 0.1750665
	speed: 0.0059s/iter; left time: 115.4332s
	iters: 1100, epoch: 2 | loss: 0.2167135
	speed: 0.0061s/iter; left time: 118.2842s
	iters: 1200, epoch: 2 | loss: 0.2782706
	speed: 0.0058s/iter; left time: 112.3697s
	iters: 1300, epoch: 2 | loss: 0.2863654
	speed: 0.0053s/iter; left time: 101.5684s
	iters: 1400, epoch: 2 | loss: 0.1694133
	speed: 0.0054s/iter; left time: 102.7961s
	iters: 1500, epoch: 2 | loss: 0.1517629
	speed: 0.0051s/iter; left time: 97.3973s
	iters: 1600, epoch: 2 | loss: 0.2076184
	speed: 0.0052s/iter; left time: 98.5251s
	iters: 1700, epoch: 2 | loss: 0.2421600
	speed: 0.0062s/iter; left time: 117.5303s
	iters: 1800, epoch: 2 | loss: 0.2759064
	speed: 0.0058s/iter; left time: 108.5350s
	iters: 1900, epoch: 2 | loss: 0.1811218
	speed: 0.0058s/iter; left time: 108.4470s
	iters: 2000, epoch: 2 | loss: 0.1891859
	speed: 0.0056s/iter; left time: 104.3229s
	iters: 2100, epoch: 2 | loss: 0.1027582
	speed: 0.0055s/iter; left time: 100.5840s
	iters: 2200, epoch: 2 | loss: 0.1264228
	speed: 0.0056s/iter; left time: 103.5271s
Epoch: 2 cost time: 13.968869686126709
Epoch: 2, Steps: 2283 | Train Loss: 0.2628057 Vali Loss: 0.2218484 Test Loss: 0.0802615
Validation loss decreased (0.233232 --> 0.221848).  Saving model ...
Updating learning rate to 5e-05
	iters: 100, epoch: 3 | loss: 0.1719865
	speed: 0.0705s/iter; left time: 1279.8625s
	iters: 200, epoch: 3 | loss: 0.0748165
	speed: 0.0058s/iter; left time: 104.2183s
	iters: 300, epoch: 3 | loss: 0.6217993
	speed: 0.0051s/iter; left time: 91.6911s
	iters: 400, epoch: 3 | loss: 0.2957982
	speed: 0.0055s/iter; left time: 98.6405s
	iters: 500, epoch: 3 | loss: 0.0757799
	speed: 0.0054s/iter; left time: 96.1424s
	iters: 600, epoch: 3 | loss: 0.1179179
	speed: 0.0059s/iter; left time: 104.9351s
	iters: 700, epoch: 3 | loss: 0.3241058
	speed: 0.0056s/iter; left time: 98.0219s
	iters: 800, epoch: 3 | loss: 0.2147982
	speed: 0.0056s/iter; left time: 97.8955s
	iters: 900, epoch: 3 | loss: 0.0949442
	speed: 0.0053s/iter; left time: 91.3914s
	iters: 1000, epoch: 3 | loss: 0.1660586
	speed: 0.0052s/iter; left time: 89.8553s
	iters: 1100, epoch: 3 | loss: 0.0811548
	speed: 0.0058s/iter; left time: 99.9737s
	iters: 1200, epoch: 3 | loss: 0.3337414
	speed: 0.0059s/iter; left time: 100.9132s
	iters: 1300, epoch: 3 | loss: 0.1573238
	speed: 0.0057s/iter; left time: 96.1764s
	iters: 1400, epoch: 3 | loss: 0.0875693
	speed: 0.0055s/iter; left time: 92.7533s
	iters: 1500, epoch: 3 | loss: 11.4082661
	speed: 0.0055s/iter; left time: 91.7643s
	iters: 1600, epoch: 3 | loss: 0.0988950
	speed: 0.0056s/iter; left time: 92.9973s
	iters: 1700, epoch: 3 | loss: 0.2529935
	speed: 0.0053s/iter; left time: 88.3620s
	iters: 1800, epoch: 3 | loss: 0.0973696
	speed: 0.0057s/iter; left time: 93.3711s
	iters: 1900, epoch: 3 | loss: 0.7425091
	speed: 0.0061s/iter; left time: 99.2282s
	iters: 2000, epoch: 3 | loss: 0.1186432
	speed: 0.0061s/iter; left time: 99.3437s
	iters: 2100, epoch: 3 | loss: 0.2780760
	speed: 0.0056s/iter; left time: 89.8517s
	iters: 2200, epoch: 3 | loss: 0.1241097
	speed: 0.0053s/iter; left time: 84.4238s
Epoch: 3 cost time: 13.495179176330566
Epoch: 3, Steps: 2283 | Train Loss: 0.2563620 Vali Loss: 0.2184437 Test Loss: 0.0779234
Validation loss decreased (0.221848 --> 0.218444).  Saving model ...
Updating learning rate to 2.5e-05
	iters: 100, epoch: 4 | loss: 0.0855071
	speed: 0.0733s/iter; left time: 1164.4869s
	iters: 200, epoch: 4 | loss: 0.1078812
	speed: 0.0055s/iter; left time: 87.2646s
	iters: 300, epoch: 4 | loss: 0.1338867
	speed: 0.0056s/iter; left time: 87.9109s
	iters: 400, epoch: 4 | loss: 0.1149247
	speed: 0.0055s/iter; left time: 85.8507s
	iters: 500, epoch: 4 | loss: 0.1243108
	speed: 0.0060s/iter; left time: 92.9959s
	iters: 600, epoch: 4 | loss: 0.1806420
	speed: 0.0059s/iter; left time: 90.7364s
	iters: 700, epoch: 4 | loss: 0.0563883
	speed: 0.0056s/iter; left time: 85.8083s
	iters: 800, epoch: 4 | loss: 0.1020999
	speed: 0.0059s/iter; left time: 89.3112s
	iters: 900, epoch: 4 | loss: 0.2382555
	speed: 0.0055s/iter; left time: 83.3469s
	iters: 1000, epoch: 4 | loss: 0.1620268
	speed: 0.0063s/iter; left time: 94.6622s
	iters: 1100, epoch: 4 | loss: 0.1406748
	speed: 0.0060s/iter; left time: 89.0990s
	iters: 1200, epoch: 4 | loss: 0.2345380
	speed: 0.0054s/iter; left time: 79.1457s
	iters: 1300, epoch: 4 | loss: 0.1142924
	speed: 0.0061s/iter; left time: 89.5250s
	iters: 1400, epoch: 4 | loss: 0.1247936
	speed: 0.0053s/iter; left time: 76.9354s
	iters: 1500, epoch: 4 | loss: 0.0777789
	speed: 0.0053s/iter; left time: 76.1356s
	iters: 1600, epoch: 4 | loss: 0.7155395
	speed: 0.0052s/iter; left time: 74.3956s
	iters: 1700, epoch: 4 | loss: 0.1097818
	speed: 0.0055s/iter; left time: 78.2910s
	iters: 1800, epoch: 4 | loss: 0.0981676
	speed: 0.0055s/iter; left time: 77.5268s
	iters: 1900, epoch: 4 | loss: 0.0858096
	speed: 0.0058s/iter; left time: 82.1903s
	iters: 2000, epoch: 4 | loss: 0.1027164
	speed: 0.0053s/iter; left time: 73.9940s
	iters: 2100, epoch: 4 | loss: 0.1942573
	speed: 0.0054s/iter; left time: 74.4744s
	iters: 2200, epoch: 4 | loss: 0.0807403
	speed: 0.0054s/iter; left time: 74.0733s
Epoch: 4 cost time: 13.661357164382935
Epoch: 4, Steps: 2283 | Train Loss: 0.2537624 Vali Loss: 0.2171603 Test Loss: 0.0776701
Validation loss decreased (0.218444 --> 0.217160).  Saving model ...
Updating learning rate to 1.25e-05
	iters: 100, epoch: 5 | loss: 0.1088600
	speed: 0.0714s/iter; left time: 971.0773s
	iters: 200, epoch: 5 | loss: 0.1001619
	speed: 0.0056s/iter; left time: 75.1996s
	iters: 300, epoch: 5 | loss: 0.0639368
	speed: 0.0059s/iter; left time: 78.8447s
	iters: 400, epoch: 5 | loss: 0.1422499
	speed: 0.0056s/iter; left time: 74.9559s
	iters: 500, epoch: 5 | loss: 0.1784067
	speed: 0.0057s/iter; left time: 75.7454s
	iters: 600, epoch: 5 | loss: 0.2072792
	speed: 0.0060s/iter; left time: 79.2341s
	iters: 700, epoch: 5 | loss: 0.0780098
	speed: 0.0054s/iter; left time: 70.1213s
	iters: 800, epoch: 5 | loss: 0.1683939
	speed: 0.0052s/iter; left time: 66.8886s
	iters: 900, epoch: 5 | loss: 0.0751580
	speed: 0.0053s/iter; left time: 68.0444s
	iters: 1000, epoch: 5 | loss: 0.3144574
	speed: 0.0058s/iter; left time: 73.1524s
	iters: 1100, epoch: 5 | loss: 0.1302881
	speed: 0.0057s/iter; left time: 72.1424s
	iters: 1200, epoch: 5 | loss: 0.1049893
	speed: 0.0059s/iter; left time: 74.3221s
	iters: 1300, epoch: 5 | loss: 0.0811594
	speed: 0.0054s/iter; left time: 66.5396s
	iters: 1400, epoch: 5 | loss: 0.1142330
	speed: 0.0056s/iter; left time: 68.9790s
	iters: 1500, epoch: 5 | loss: 0.2369866
	speed: 0.0060s/iter; left time: 72.7330s
	iters: 1600, epoch: 5 | loss: 1.0851883
	speed: 0.0054s/iter; left time: 65.6699s
	iters: 1700, epoch: 5 | loss: 0.1414485
	speed: 0.0060s/iter; left time: 71.9818s
	iters: 1800, epoch: 5 | loss: 0.1144010
	speed: 0.0058s/iter; left time: 69.3905s
	iters: 1900, epoch: 5 | loss: 0.0934466
	speed: 0.0057s/iter; left time: 67.5066s
	iters: 2000, epoch: 5 | loss: 0.0888373
	speed: 0.0058s/iter; left time: 67.5520s
	iters: 2100, epoch: 5 | loss: 0.1597550
	speed: 0.0054s/iter; left time: 63.0143s
	iters: 2200, epoch: 5 | loss: 0.0565554
	speed: 0.0054s/iter; left time: 62.0200s
Epoch: 5 cost time: 13.664541006088257
Epoch: 5, Steps: 2283 | Train Loss: 0.2525854 Vali Loss: 0.2168356 Test Loss: 0.0777443
Validation loss decreased (0.217160 --> 0.216836).  Saving model ...
Updating learning rate to 6.25e-06
	iters: 100, epoch: 6 | loss: 0.1650187
	speed: 0.0779s/iter; left time: 881.3495s
	iters: 200, epoch: 6 | loss: 0.1288574
	speed: 0.0057s/iter; left time: 64.2151s
	iters: 300, epoch: 6 | loss: 0.2963157
	speed: 0.0060s/iter; left time: 67.1835s
	iters: 400, epoch: 6 | loss: 0.0996010
	speed: 0.0056s/iter; left time: 61.3889s
	iters: 500, epoch: 6 | loss: 0.1094498
	speed: 0.0062s/iter; left time: 67.7959s
	iters: 600, epoch: 6 | loss: 0.1651251
	speed: 0.0059s/iter; left time: 63.3515s
	iters: 700, epoch: 6 | loss: 0.3001541
	speed: 0.0064s/iter; left time: 68.8475s
	iters: 800, epoch: 6 | loss: 0.1100840
	speed: 0.0052s/iter; left time: 55.2527s
	iters: 900, epoch: 6 | loss: 0.1011292
	speed: 0.0055s/iter; left time: 57.4135s
	iters: 1000, epoch: 6 | loss: 0.0917611
	speed: 0.0058s/iter; left time: 60.2291s
	iters: 1100, epoch: 6 | loss: 10.2170677
	speed: 0.0061s/iter; left time: 63.2817s
	iters: 1200, epoch: 6 | loss: 11.4428225
	speed: 0.0059s/iter; left time: 60.1029s
	iters: 1300, epoch: 6 | loss: 0.1090373
	speed: 0.0056s/iter; left time: 56.8578s
	iters: 1400, epoch: 6 | loss: 0.1426367
	speed: 0.0054s/iter; left time: 54.2198s
	iters: 1500, epoch: 6 | loss: 0.0858094
	speed: 0.0055s/iter; left time: 54.9191s
	iters: 1600, epoch: 6 | loss: 0.3151195
	speed: 0.0068s/iter; left time: 66.8401s
	iters: 1700, epoch: 6 | loss: 0.1281020
	speed: 0.0065s/iter; left time: 63.3031s
	iters: 1800, epoch: 6 | loss: 0.3089512
	speed: 0.0055s/iter; left time: 52.6699s
	iters: 1900, epoch: 6 | loss: 0.2546779
	speed: 0.0056s/iter; left time: 52.9484s
	iters: 2000, epoch: 6 | loss: 0.1665151
	speed: 0.0055s/iter; left time: 51.4763s
	iters: 2100, epoch: 6 | loss: 0.1717268
	speed: 0.0056s/iter; left time: 51.9251s
	iters: 2200, epoch: 6 | loss: 0.1804336
	speed: 0.0056s/iter; left time: 51.6841s
Epoch: 6 cost time: 14.10247540473938
Epoch: 6, Steps: 2283 | Train Loss: 0.2519484 Vali Loss: 0.2167380 Test Loss: 0.0776429
Validation loss decreased (0.216836 --> 0.216738).  Saving model ...
Updating learning rate to 3.125e-06
	iters: 100, epoch: 7 | loss: 0.1008067
	speed: 0.0780s/iter; left time: 704.1717s
	iters: 200, epoch: 7 | loss: 0.3751471
	speed: 0.0051s/iter; left time: 45.4946s
	iters: 300, epoch: 7 | loss: 0.0920520
	speed: 0.0056s/iter; left time: 49.2983s
	iters: 400, epoch: 7 | loss: 0.1085970
	speed: 0.0051s/iter; left time: 44.4510s
	iters: 500, epoch: 7 | loss: 0.1606018
	speed: 0.0056s/iter; left time: 48.0083s
	iters: 600, epoch: 7 | loss: 0.0593899
	speed: 0.0060s/iter; left time: 51.0501s
	iters: 700, epoch: 7 | loss: 0.1045828
	speed: 0.0060s/iter; left time: 50.4806s
	iters: 800, epoch: 7 | loss: 0.1444439
	speed: 0.0073s/iter; left time: 60.7463s
	iters: 900, epoch: 7 | loss: 0.1153621
	speed: 0.0067s/iter; left time: 55.2503s
	iters: 1000, epoch: 7 | loss: 0.0732505
	speed: 0.0063s/iter; left time: 51.1729s
	iters: 1100, epoch: 7 | loss: 0.1527731
	speed: 0.0064s/iter; left time: 51.5323s
	iters: 1200, epoch: 7 | loss: 0.3179307
	speed: 0.0058s/iter; left time: 45.9330s
	iters: 1300, epoch: 7 | loss: 0.3027187
	speed: 0.0054s/iter; left time: 42.6372s
	iters: 1400, epoch: 7 | loss: 0.1499275
	speed: 0.0051s/iter; left time: 39.3206s
	iters: 1500, epoch: 7 | loss: 0.1796808
	speed: 0.0051s/iter; left time: 38.7544s
	iters: 1600, epoch: 7 | loss: 0.1159523
	speed: 0.0057s/iter; left time: 43.0888s
	iters: 1700, epoch: 7 | loss: 0.1221786
	speed: 0.0052s/iter; left time: 38.5684s
	iters: 1800, epoch: 7 | loss: 0.1423022
	speed: 0.0049s/iter; left time: 36.1634s
	iters: 1900, epoch: 7 | loss: 0.1414909
	speed: 0.0049s/iter; left time: 35.6859s
	iters: 2000, epoch: 7 | loss: 0.1670264
	speed: 0.0049s/iter; left time: 34.9003s
	iters: 2100, epoch: 7 | loss: 0.1592179
	speed: 0.0057s/iter; left time: 39.7770s
	iters: 2200, epoch: 7 | loss: 0.2528709
	speed: 0.0051s/iter; left time: 35.3804s
Epoch: 7 cost time: 13.505483627319336
Epoch: 7, Steps: 2283 | Train Loss: 0.2515862 Vali Loss: 0.2165541 Test Loss: 0.0775598
Validation loss decreased (0.216738 --> 0.216554).  Saving model ...
Updating learning rate to 1.5625e-06
	iters: 100, epoch: 8 | loss: 0.6320739
	speed: 0.0725s/iter; left time: 489.2815s
	iters: 200, epoch: 8 | loss: 0.0728390
	speed: 0.0054s/iter; left time: 36.1412s
	iters: 300, epoch: 8 | loss: 0.0871730
	speed: 0.0068s/iter; left time: 44.5679s
	iters: 400, epoch: 8 | loss: 1.2862628
	speed: 0.0068s/iter; left time: 43.8303s
	iters: 500, epoch: 8 | loss: 0.2069973
	speed: 0.0057s/iter; left time: 36.2805s
	iters: 600, epoch: 8 | loss: 0.1801247
	speed: 0.0054s/iter; left time: 33.5298s
	iters: 700, epoch: 8 | loss: 0.2164537
	speed: 0.0056s/iter; left time: 34.4483s
	iters: 800, epoch: 8 | loss: 0.6669128
	speed: 0.0054s/iter; left time: 32.5654s
	iters: 900, epoch: 8 | loss: 0.1861950
	speed: 0.0060s/iter; left time: 35.6493s
	iters: 1000, epoch: 8 | loss: 0.0951603
	speed: 0.0075s/iter; left time: 43.6488s
	iters: 1100, epoch: 8 | loss: 0.0589840
	speed: 0.0055s/iter; left time: 31.8107s
	iters: 1200, epoch: 8 | loss: 0.1682454
	speed: 0.0053s/iter; left time: 29.9277s
	iters: 1300, epoch: 8 | loss: 0.0847508
	speed: 0.0050s/iter; left time: 27.5328s
	iters: 1400, epoch: 8 | loss: 0.5624208
	speed: 0.0051s/iter; left time: 27.8566s
	iters: 1500, epoch: 8 | loss: 0.1932530
	speed: 0.0053s/iter; left time: 28.1023s
	iters: 1600, epoch: 8 | loss: 0.0625117
	speed: 0.0062s/iter; left time: 32.4822s
	iters: 1700, epoch: 8 | loss: 0.2234146
	speed: 0.0067s/iter; left time: 34.2561s
	iters: 1800, epoch: 8 | loss: 0.1250182
	speed: 0.0051s/iter; left time: 25.5496s
	iters: 1900, epoch: 8 | loss: 0.1860839
	speed: 0.0060s/iter; left time: 29.6620s
	iters: 2000, epoch: 8 | loss: 0.2329942
	speed: 0.0058s/iter; left time: 27.9433s
	iters: 2100, epoch: 8 | loss: 0.0696996
	speed: 0.0054s/iter; left time: 25.8238s
	iters: 2200, epoch: 8 | loss: 0.0519321
	speed: 0.0058s/iter; left time: 26.8988s
Epoch: 8 cost time: 13.995847225189209
Epoch: 8, Steps: 2283 | Train Loss: 0.2514614 Vali Loss: 0.2157458 Test Loss: 0.0775522
Validation loss decreased (0.216554 --> 0.215746).  Saving model ...
Updating learning rate to 7.8125e-07
	iters: 100, epoch: 9 | loss: 0.3316245
	speed: 0.0689s/iter; left time: 307.6915s
	iters: 200, epoch: 9 | loss: 0.0799368
	speed: 0.0050s/iter; left time: 21.6721s
	iters: 300, epoch: 9 | loss: 0.0651520
	speed: 0.0061s/iter; left time: 26.2222s
	iters: 400, epoch: 9 | loss: 0.0850305
	speed: 0.0061s/iter; left time: 25.4037s
	iters: 500, epoch: 9 | loss: 0.2423446
	speed: 0.0056s/iter; left time: 22.9512s
	iters: 600, epoch: 9 | loss: 0.1090612
	speed: 0.0051s/iter; left time: 20.4025s
	iters: 700, epoch: 9 | loss: 0.8183187
	speed: 0.0050s/iter; left time: 19.1452s
	iters: 800, epoch: 9 | loss: 0.1511364
	speed: 0.0051s/iter; left time: 19.0871s
	iters: 900, epoch: 9 | loss: 0.1553842
	speed: 0.0062s/iter; left time: 22.8949s
	iters: 1000, epoch: 9 | loss: 0.0866217
	speed: 0.0049s/iter; left time: 17.5899s
	iters: 1100, epoch: 9 | loss: 0.0827853
	speed: 0.0062s/iter; left time: 21.6637s
	iters: 1200, epoch: 9 | loss: 0.0689001
	speed: 0.0055s/iter; left time: 18.4905s
	iters: 1300, epoch: 9 | loss: 0.2234584
	speed: 0.0052s/iter; left time: 17.0739s
	iters: 1400, epoch: 9 | loss: 0.0885537
	speed: 0.0051s/iter; left time: 16.1280s
	iters: 1500, epoch: 9 | loss: 0.1062593
	speed: 0.0054s/iter; left time: 16.6916s
	iters: 1600, epoch: 9 | loss: 0.1388115
	speed: 0.0050s/iter; left time: 14.9352s
	iters: 1700, epoch: 9 | loss: 0.0626382
	speed: 0.0088s/iter; left time: 25.1151s
	iters: 1800, epoch: 9 | loss: 1.1647851
	speed: 0.0097s/iter; left time: 26.8767s
	iters: 1900, epoch: 9 | loss: 0.1714919
	speed: 0.0082s/iter; left time: 21.9087s
	iters: 2000, epoch: 9 | loss: 0.0834339
	speed: 0.0067s/iter; left time: 17.1646s
	iters: 2100, epoch: 9 | loss: 0.0901240
	speed: 0.0075s/iter; left time: 18.5015s
	iters: 2200, epoch: 9 | loss: 0.0826229
	speed: 0.0067s/iter; left time: 15.9324s
Epoch: 9 cost time: 14.719245195388794
Epoch: 9, Steps: 2283 | Train Loss: 0.2513627 Vali Loss: 0.2163095 Test Loss: 0.0775501
EarlyStopping counter: 1 out of 3
Updating learning rate to 3.90625e-07
	iters: 100, epoch: 10 | loss: 0.1545379
	speed: 0.0862s/iter; left time: 188.3456s
	iters: 200, epoch: 10 | loss: 0.6053374
	speed: 0.0065s/iter; left time: 13.5593s
	iters: 300, epoch: 10 | loss: 1.3219336
	speed: 0.0064s/iter; left time: 12.6832s
	iters: 400, epoch: 10 | loss: 0.1913612
	speed: 0.0068s/iter; left time: 12.7290s
	iters: 500, epoch: 10 | loss: 0.1255146
	speed: 0.0060s/iter; left time: 10.6875s
	iters: 600, epoch: 10 | loss: 0.1365336
	speed: 0.0059s/iter; left time: 9.9168s
	iters: 700, epoch: 10 | loss: 0.0641138
	speed: 0.0079s/iter; left time: 12.4425s
	iters: 800, epoch: 10 | loss: 0.1142096
	speed: 0.0067s/iter; left time: 9.9523s
	iters: 900, epoch: 10 | loss: 0.1355728
	speed: 0.0056s/iter; left time: 7.8007s
	iters: 1000, epoch: 10 | loss: 0.0826464
	speed: 0.0063s/iter; left time: 8.0651s
	iters: 1100, epoch: 10 | loss: 0.9356512
	speed: 0.0065s/iter; left time: 7.7486s
	iters: 1200, epoch: 10 | loss: 0.0712498
	speed: 0.0065s/iter; left time: 7.0563s
	iters: 1300, epoch: 10 | loss: 0.0978708
	speed: 0.0063s/iter; left time: 6.2464s
	iters: 1400, epoch: 10 | loss: 0.1804323
	speed: 0.0065s/iter; left time: 5.7074s
	iters: 1500, epoch: 10 | loss: 0.0889606
	speed: 0.0060s/iter; left time: 4.6874s
	iters: 1600, epoch: 10 | loss: 0.1471507
	speed: 0.0058s/iter; left time: 3.9539s
	iters: 1700, epoch: 10 | loss: 0.3998524
	speed: 0.0057s/iter; left time: 3.3577s
	iters: 1800, epoch: 10 | loss: 0.4821072
	speed: 0.0064s/iter; left time: 3.0778s
	iters: 1900, epoch: 10 | loss: 0.0582923
	speed: 0.0061s/iter; left time: 2.3246s
	iters: 2000, epoch: 10 | loss: 0.1413653
	speed: 0.0069s/iter; left time: 1.9471s
	iters: 2100, epoch: 10 | loss: 0.3363188
	speed: 0.0061s/iter; left time: 1.1174s
	iters: 2200, epoch: 10 | loss: 0.4609092
	speed: 0.0068s/iter; left time: 0.5696s
Epoch: 10 cost time: 15.383673667907715
Epoch: 10, Steps: 2283 | Train Loss: 0.2513196 Vali Loss: 0.2163962 Test Loss: 0.0775368
EarlyStopping counter: 2 out of 3
Updating learning rate to 1.953125e-07
>>>>>>>testing : weather_336_12_GLinear_custom_ftM_sl336_ll48_pl12_dm512_nh8_el2_dl1_df2048_fc1_ebtimeF_dtTrue_Exp_0<<<<<<<<<<<<<<<<<<<<<<<<<<<<<<<<<
test 10528
mse:0.0775521844625473, mae:0.11201174557209015
