Args in experiment:
Namespace(activation='gelu', batch_size=16, c_out=7, checkpoints='/spo/NewbornTime/tahir098/SVF/data/Extra/checkpoints/', d_ff=2048, d_layers=1, d_model=512, data='custom', data_path='weather.csv', dec_in=7, des='Exp', devices='0,1,2,3', distil=True, do_predict=False, dropout=0.05, e_layers=2, embed='timeF', embed_type=0, enc_in=21, factor=1, features='M', freq='h', gpu=0, individual=False, is_training=1, itr=1, label_len=48, learning_rate=0.001, loss='mse', lradj='type1', model='NLinear', model_id='weather_168_24', moving_avg=25, n_heads=8, num_workers=10, output_attention=False, patience=3, pred_len=24, root_path='./dataset/', seq_len=168, target='OT', test_flop=False, train_epochs=10, train_only=False, use_amp=False, use_gpu=True, use_multi_gpu=False)
Use GPU: cuda:0
>>>>>>>start training : weather_168_24_NLinear_custom_ftM_sl168_ll48_pl24_dm512_nh8_el2_dl1_df2048_fc1_ebtimeF_dtTrue_Exp_0>>>>>>>>>>>>>>>>>>>>>>>>>>
train 36696
val 5247
test 10516
	iters: 100, epoch: 1 | loss: 0.2164985
	speed: 0.0109s/iter; left time: 247.7648s
	iters: 200, epoch: 1 | loss: 0.2590331
	speed: 0.0038s/iter; left time: 86.8062s
	iters: 300, epoch: 1 | loss: 0.6820839
	speed: 0.0039s/iter; left time: 87.8780s
	iters: 400, epoch: 1 | loss: 0.3057400
	speed: 0.0041s/iter; left time: 92.7191s
	iters: 500, epoch: 1 | loss: 0.5465915
	speed: 0.0041s/iter; left time: 91.7775s
	iters: 600, epoch: 1 | loss: 0.3495961
	speed: 0.0040s/iter; left time: 90.2785s
	iters: 700, epoch: 1 | loss: 0.5100111
	speed: 0.0041s/iter; left time: 90.2726s
	iters: 800, epoch: 1 | loss: 0.1485676
	speed: 0.0041s/iter; left time: 91.0446s
	iters: 900, epoch: 1 | loss: 0.4509296
	speed: 0.0041s/iter; left time: 90.6265s
	iters: 1000, epoch: 1 | loss: 0.1920369
	speed: 0.0041s/iter; left time: 90.3936s
	iters: 1100, epoch: 1 | loss: 0.1397300
	speed: 0.0043s/iter; left time: 94.6145s
	iters: 1200, epoch: 1 | loss: 0.2584626
	speed: 0.0045s/iter; left time: 97.3334s
	iters: 1300, epoch: 1 | loss: 0.1403331
	speed: 0.0041s/iter; left time: 88.1586s
	iters: 1400, epoch: 1 | loss: 0.4426658
	speed: 0.0040s/iter; left time: 85.6368s
	iters: 1500, epoch: 1 | loss: 0.0974581
	speed: 0.0040s/iter; left time: 86.2541s
	iters: 1600, epoch: 1 | loss: 0.2905091
	speed: 0.0040s/iter; left time: 84.3007s
	iters: 1700, epoch: 1 | loss: 0.2343011
	speed: 0.0039s/iter; left time: 83.2752s
	iters: 1800, epoch: 1 | loss: 0.2809209
	speed: 0.0039s/iter; left time: 82.9224s
	iters: 1900, epoch: 1 | loss: 0.1724858
	speed: 0.0039s/iter; left time: 82.3347s
	iters: 2000, epoch: 1 | loss: 0.1472884
	speed: 0.0039s/iter; left time: 81.8426s
	iters: 2100, epoch: 1 | loss: 0.2970702
	speed: 0.0040s/iter; left time: 83.7847s
	iters: 2200, epoch: 1 | loss: 2.5893083
	speed: 0.0041s/iter; left time: 84.5588s
Epoch: 1 cost time: 10.092063665390015
Epoch: 1, Steps: 2293 | Train Loss: 0.4384573 Vali Loss: 0.3380388 Test Loss: 0.1197290
Validation loss decreased (inf --> 0.338039).  Saving model ...
Updating learning rate to 0.001
	iters: 100, epoch: 2 | loss: 0.1826836
	speed: 0.0607s/iter; left time: 1245.7035s
	iters: 200, epoch: 2 | loss: 0.8122420
	speed: 0.0041s/iter; left time: 83.5542s
	iters: 300, epoch: 2 | loss: 0.1673064
	speed: 0.0040s/iter; left time: 81.6294s
	iters: 400, epoch: 2 | loss: 0.1757034
	speed: 0.0042s/iter; left time: 84.9893s
	iters: 500, epoch: 2 | loss: 0.1551254
	speed: 0.0041s/iter; left time: 81.7386s
	iters: 600, epoch: 2 | loss: 0.4042756
	speed: 0.0040s/iter; left time: 79.7394s
	iters: 700, epoch: 2 | loss: 0.1704504
	speed: 0.0039s/iter; left time: 78.0373s
	iters: 800, epoch: 2 | loss: 0.3548074
	speed: 0.0038s/iter; left time: 75.6883s
	iters: 900, epoch: 2 | loss: 0.1274558
	speed: 0.0040s/iter; left time: 77.9933s
	iters: 1000, epoch: 2 | loss: 0.2239208
	speed: 0.0039s/iter; left time: 76.2642s
	iters: 1100, epoch: 2 | loss: 0.2967617
	speed: 0.0038s/iter; left time: 73.4179s
	iters: 1200, epoch: 2 | loss: 0.1228192
	speed: 0.0045s/iter; left time: 87.5760s
	iters: 1300, epoch: 2 | loss: 0.6414726
	speed: 0.0043s/iter; left time: 83.7370s
	iters: 1400, epoch: 2 | loss: 0.1177760
	speed: 0.0038s/iter; left time: 74.0344s
	iters: 1500, epoch: 2 | loss: 0.2109406
	speed: 0.0038s/iter; left time: 73.3283s
	iters: 1600, epoch: 2 | loss: 0.1727975
	speed: 0.0040s/iter; left time: 76.2100s
	iters: 1700, epoch: 2 | loss: 0.1876389
	speed: 0.0041s/iter; left time: 77.3268s
	iters: 1800, epoch: 2 | loss: 0.2004507
	speed: 0.0040s/iter; left time: 75.1498s
	iters: 1900, epoch: 2 | loss: 0.3174389
	speed: 0.0044s/iter; left time: 82.4687s
	iters: 2000, epoch: 2 | loss: 0.2017318
	speed: 0.0040s/iter; left time: 74.4856s
	iters: 2100, epoch: 2 | loss: 0.1683104
	speed: 0.0041s/iter; left time: 76.6630s
	iters: 2200, epoch: 2 | loss: 0.1653199
	speed: 0.0040s/iter; left time: 74.4236s
Epoch: 2 cost time: 9.994373321533203
Epoch: 2, Steps: 2293 | Train Loss: 0.3658368 Vali Loss: 0.3054764 Test Loss: 0.1118285
Validation loss decreased (0.338039 --> 0.305476).  Saving model ...
Updating learning rate to 0.0005
	iters: 100, epoch: 3 | loss: 0.3730142
	speed: 0.0670s/iter; left time: 1221.9821s
	iters: 200, epoch: 3 | loss: 0.2252593
	speed: 0.0045s/iter; left time: 82.2488s
	iters: 300, epoch: 3 | loss: 0.2227334
	speed: 0.0043s/iter; left time: 78.2996s
	iters: 400, epoch: 3 | loss: 0.1728574
	speed: 0.0043s/iter; left time: 76.4912s
	iters: 500, epoch: 3 | loss: 0.1923013
	speed: 0.0042s/iter; left time: 74.5909s
	iters: 600, epoch: 3 | loss: 0.7395625
	speed: 0.0041s/iter; left time: 71.8917s
	iters: 700, epoch: 3 | loss: 0.1352185
	speed: 0.0041s/iter; left time: 72.4531s
	iters: 800, epoch: 3 | loss: 0.1289450
	speed: 0.0043s/iter; left time: 74.9110s
	iters: 900, epoch: 3 | loss: 0.1091988
	speed: 0.0045s/iter; left time: 77.8840s
	iters: 1000, epoch: 3 | loss: 0.1327628
	speed: 0.0042s/iter; left time: 73.1143s
	iters: 1100, epoch: 3 | loss: 0.1878192
	speed: 0.0042s/iter; left time: 73.1167s
	iters: 1200, epoch: 3 | loss: 0.6294543
	speed: 0.0053s/iter; left time: 91.2988s
	iters: 1300, epoch: 3 | loss: 0.1436448
	speed: 0.0047s/iter; left time: 80.0264s
	iters: 1400, epoch: 3 | loss: 0.1652158
	speed: 0.0047s/iter; left time: 79.7660s
	iters: 1500, epoch: 3 | loss: 0.1720717
	speed: 0.0043s/iter; left time: 71.8405s
	iters: 1600, epoch: 3 | loss: 0.1478171
	speed: 0.0042s/iter; left time: 70.2763s
	iters: 1700, epoch: 3 | loss: 0.2122709
	speed: 0.0041s/iter; left time: 68.6954s
	iters: 1800, epoch: 3 | loss: 0.1648685
	speed: 0.0040s/iter; left time: 66.8117s
	iters: 1900, epoch: 3 | loss: 0.4455566
	speed: 0.0040s/iter; left time: 65.9794s
	iters: 2000, epoch: 3 | loss: 0.1495411
	speed: 0.0041s/iter; left time: 66.8770s
	iters: 2100, epoch: 3 | loss: 0.2846528
	speed: 0.0046s/iter; left time: 74.1266s
	iters: 2200, epoch: 3 | loss: 0.1810762
	speed: 0.0041s/iter; left time: 66.1787s
Epoch: 3 cost time: 10.774655818939209
Epoch: 3, Steps: 2293 | Train Loss: 0.3661896 Vali Loss: 0.3013264 Test Loss: 0.1081401
Validation loss decreased (0.305476 --> 0.301326).  Saving model ...
Updating learning rate to 0.00025
	iters: 100, epoch: 4 | loss: 0.3518457
	speed: 0.0627s/iter; left time: 1000.5865s
	iters: 200, epoch: 4 | loss: 0.2210026
	speed: 0.0040s/iter; left time: 63.8945s
	iters: 300, epoch: 4 | loss: 0.1883104
	speed: 0.0039s/iter; left time: 61.9829s
	iters: 400, epoch: 4 | loss: 0.1076060
	speed: 0.0040s/iter; left time: 62.0150s
	iters: 500, epoch: 4 | loss: 0.1383413
	speed: 0.0040s/iter; left time: 61.4936s
	iters: 600, epoch: 4 | loss: 0.2426530
	speed: 0.0040s/iter; left time: 62.5279s
	iters: 700, epoch: 4 | loss: 0.2727678
	speed: 0.0039s/iter; left time: 59.7096s
	iters: 800, epoch: 4 | loss: 0.2046656
	speed: 0.0040s/iter; left time: 61.3993s
	iters: 900, epoch: 4 | loss: 0.4336705
	speed: 0.0046s/iter; left time: 69.3786s
	iters: 1000, epoch: 4 | loss: 0.1828993
	speed: 0.0045s/iter; left time: 68.0739s
	iters: 1100, epoch: 4 | loss: 0.2201245
	speed: 0.0042s/iter; left time: 62.1395s
	iters: 1200, epoch: 4 | loss: 0.1062114
	speed: 0.0041s/iter; left time: 61.6344s
	iters: 1300, epoch: 4 | loss: 0.2637899
	speed: 0.0041s/iter; left time: 59.8912s
	iters: 1400, epoch: 4 | loss: 0.3163285
	speed: 0.0041s/iter; left time: 60.4639s
	iters: 1500, epoch: 4 | loss: 0.5594070
	speed: 0.0041s/iter; left time: 59.9303s
	iters: 1600, epoch: 4 | loss: 0.2684819
	speed: 0.0040s/iter; left time: 58.1904s
	iters: 1700, epoch: 4 | loss: 0.4033456
	speed: 0.0041s/iter; left time: 58.5400s
	iters: 1800, epoch: 4 | loss: 0.1260015
	speed: 0.0039s/iter; left time: 55.5318s
	iters: 1900, epoch: 4 | loss: 0.2154581
	speed: 0.0038s/iter; left time: 53.4461s
	iters: 2000, epoch: 4 | loss: 0.2189160
	speed: 0.0038s/iter; left time: 53.8223s
	iters: 2100, epoch: 4 | loss: 0.1506191
	speed: 0.0042s/iter; left time: 59.2921s
	iters: 2200, epoch: 4 | loss: 0.1527092
	speed: 0.0050s/iter; left time: 68.7793s
Epoch: 4 cost time: 10.332350730895996
Epoch: 4, Steps: 2293 | Train Loss: 0.3506300 Vali Loss: 0.3023325 Test Loss: 0.1100238
EarlyStopping counter: 1 out of 3
Updating learning rate to 0.000125
	iters: 100, epoch: 5 | loss: 0.1536128
	speed: 0.0643s/iter; left time: 878.5484s
	iters: 200, epoch: 5 | loss: 1.5104666
	speed: 0.0040s/iter; left time: 54.7144s
	iters: 300, epoch: 5 | loss: 0.1982869
	speed: 0.0041s/iter; left time: 54.6474s
	iters: 400, epoch: 5 | loss: 0.2705739
	speed: 0.0039s/iter; left time: 51.5329s
	iters: 500, epoch: 5 | loss: 0.2775511
	speed: 0.0040s/iter; left time: 53.1209s
	iters: 600, epoch: 5 | loss: 0.1791792
	speed: 0.0040s/iter; left time: 52.8310s
	iters: 700, epoch: 5 | loss: 0.0872349
	speed: 0.0039s/iter; left time: 51.0114s
	iters: 800, epoch: 5 | loss: 0.1523724
	speed: 0.0039s/iter; left time: 50.7353s
	iters: 900, epoch: 5 | loss: 0.3019006
	speed: 0.0040s/iter; left time: 51.5671s
	iters: 1000, epoch: 5 | loss: 0.1658650
	speed: 0.0040s/iter; left time: 51.5390s
	iters: 1100, epoch: 5 | loss: 0.1157427
	speed: 0.0042s/iter; left time: 53.0129s
	iters: 1200, epoch: 5 | loss: 0.3211758
	speed: 0.0044s/iter; left time: 55.6426s
	iters: 1300, epoch: 5 | loss: 0.1585772
	speed: 0.0046s/iter; left time: 56.7515s
	iters: 1400, epoch: 5 | loss: 0.1174404
	speed: 0.0044s/iter; left time: 54.0963s
	iters: 1500, epoch: 5 | loss: 0.1093877
	speed: 0.0041s/iter; left time: 50.3293s
	iters: 1600, epoch: 5 | loss: 0.1394203
	speed: 0.0039s/iter; left time: 47.4358s
	iters: 1700, epoch: 5 | loss: 0.2497399
	speed: 0.0039s/iter; left time: 47.5005s
	iters: 1800, epoch: 5 | loss: 0.1734612
	speed: 0.0039s/iter; left time: 46.6768s
	iters: 1900, epoch: 5 | loss: 0.1022982
	speed: 0.0037s/iter; left time: 44.4204s
	iters: 2000, epoch: 5 | loss: 0.2974512
	speed: 0.0039s/iter; left time: 45.7537s
	iters: 2100, epoch: 5 | loss: 0.2864003
	speed: 0.0041s/iter; left time: 47.2759s
	iters: 2200, epoch: 5 | loss: 0.2480996
	speed: 0.0039s/iter; left time: 44.6044s
Epoch: 5 cost time: 10.12014651298523
Epoch: 5, Steps: 2293 | Train Loss: 0.3421026 Vali Loss: 0.3015354 Test Loss: 0.1086420
EarlyStopping counter: 2 out of 3
Updating learning rate to 6.25e-05
	iters: 100, epoch: 6 | loss: 0.1746956
	speed: 0.0619s/iter; left time: 703.3447s
	iters: 200, epoch: 6 | loss: 0.2534306
	speed: 0.0044s/iter; left time: 49.1176s
	iters: 300, epoch: 6 | loss: 0.2952444
	speed: 0.0041s/iter; left time: 45.4685s
	iters: 400, epoch: 6 | loss: 0.2630950
	speed: 0.0042s/iter; left time: 46.2615s
	iters: 500, epoch: 6 | loss: 0.2268666
	speed: 0.0039s/iter; left time: 43.2542s
	iters: 600, epoch: 6 | loss: 0.2143408
	speed: 0.0042s/iter; left time: 45.5711s
	iters: 700, epoch: 6 | loss: 1.6885002
	speed: 0.0041s/iter; left time: 44.6399s
	iters: 800, epoch: 6 | loss: 0.1325397
	speed: 0.0042s/iter; left time: 44.8246s
	iters: 900, epoch: 6 | loss: 6.6765733
	speed: 0.0040s/iter; left time: 42.1163s
	iters: 1000, epoch: 6 | loss: 0.2692366
	speed: 0.0041s/iter; left time: 42.5711s
	iters: 1100, epoch: 6 | loss: 0.2865023
	speed: 0.0042s/iter; left time: 43.8045s
	iters: 1200, epoch: 6 | loss: 0.1087859
	speed: 0.0047s/iter; left time: 48.4209s
	iters: 1300, epoch: 6 | loss: 0.2198382
	speed: 0.0041s/iter; left time: 41.2855s
	iters: 1400, epoch: 6 | loss: 0.3685732
	speed: 0.0042s/iter; left time: 41.7900s
	iters: 1500, epoch: 6 | loss: 0.2725646
	speed: 0.0043s/iter; left time: 42.3717s
	iters: 1600, epoch: 6 | loss: 0.1402556
	speed: 0.0043s/iter; left time: 42.2688s
	iters: 1700, epoch: 6 | loss: 0.2600037
	speed: 0.0039s/iter; left time: 38.4085s
	iters: 1800, epoch: 6 | loss: 0.1906532
	speed: 0.0040s/iter; left time: 38.5314s
	iters: 1900, epoch: 6 | loss: 0.1025199
	speed: 0.0038s/iter; left time: 36.5673s
	iters: 2000, epoch: 6 | loss: 0.1527061
	speed: 0.0039s/iter; left time: 36.5195s
	iters: 2100, epoch: 6 | loss: 0.1141823
	speed: 0.0039s/iter; left time: 36.3530s
	iters: 2200, epoch: 6 | loss: 0.4231365
	speed: 0.0040s/iter; left time: 37.3642s
Epoch: 6 cost time: 10.29848313331604
Epoch: 6, Steps: 2293 | Train Loss: 0.3391843 Vali Loss: 0.2968687 Test Loss: 0.1083232
Validation loss decreased (0.301326 --> 0.296869).  Saving model ...
Updating learning rate to 3.125e-05
	iters: 100, epoch: 7 | loss: 0.3894190
	speed: 0.0665s/iter; left time: 603.7834s
	iters: 200, epoch: 7 | loss: 0.1640885
	speed: 0.0040s/iter; left time: 36.1493s
	iters: 300, epoch: 7 | loss: 0.3443159
	speed: 0.0039s/iter; left time: 34.3290s
	iters: 400, epoch: 7 | loss: 0.1451633
	speed: 0.0039s/iter; left time: 34.5711s
	iters: 500, epoch: 7 | loss: 0.1479800
	speed: 0.0040s/iter; left time: 35.0757s
	iters: 600, epoch: 7 | loss: 0.1629684
	speed: 0.0041s/iter; left time: 34.7770s
	iters: 700, epoch: 7 | loss: 0.1783928
	speed: 0.0040s/iter; left time: 33.8640s
	iters: 800, epoch: 7 | loss: 0.2176104
	speed: 0.0040s/iter; left time: 33.7729s
	iters: 900, epoch: 7 | loss: 0.1388528
	speed: 0.0040s/iter; left time: 33.4290s
	iters: 1000, epoch: 7 | loss: 0.3274124
	speed: 0.0041s/iter; left time: 33.5244s
	iters: 1100, epoch: 7 | loss: 0.5052350
	speed: 0.0042s/iter; left time: 33.8514s
	iters: 1200, epoch: 7 | loss: 0.1263928
	speed: 0.0042s/iter; left time: 33.2894s
	iters: 1300, epoch: 7 | loss: 0.2704958
	speed: 0.0044s/iter; left time: 34.6711s
	iters: 1400, epoch: 7 | loss: 0.0802085
	speed: 0.0042s/iter; left time: 32.2819s
	iters: 1500, epoch: 7 | loss: 0.1512815
	speed: 0.0042s/iter; left time: 31.9588s
	iters: 1600, epoch: 7 | loss: 0.6969748
	speed: 0.0041s/iter; left time: 31.1035s
	iters: 1700, epoch: 7 | loss: 0.1853458
	speed: 0.0040s/iter; left time: 29.7975s
	iters: 1800, epoch: 7 | loss: 0.2543283
	speed: 0.0039s/iter; left time: 28.7975s
	iters: 1900, epoch: 7 | loss: 6.0024290
	speed: 0.0040s/iter; left time: 29.4192s
	iters: 2000, epoch: 7 | loss: 0.1327295
	speed: 0.0040s/iter; left time: 29.0430s
	iters: 2100, epoch: 7 | loss: 1.5666537
	speed: 0.0041s/iter; left time: 29.0094s
	iters: 2200, epoch: 7 | loss: 0.2451670
	speed: 0.0041s/iter; left time: 28.2741s
Epoch: 7 cost time: 10.106741428375244
Epoch: 7, Steps: 2293 | Train Loss: 0.3388651 Vali Loss: 0.3011611 Test Loss: 0.1087361
EarlyStopping counter: 1 out of 3
Updating learning rate to 1.5625e-05
	iters: 100, epoch: 8 | loss: 0.2313739
	speed: 0.0599s/iter; left time: 405.9976s
	iters: 200, epoch: 8 | loss: 0.2263453
	speed: 0.0041s/iter; left time: 27.1915s
	iters: 300, epoch: 8 | loss: 0.1769722
	speed: 0.0041s/iter; left time: 26.6728s
	iters: 400, epoch: 8 | loss: 0.5560326
	speed: 0.0039s/iter; left time: 25.4790s
	iters: 500, epoch: 8 | loss: 0.1601274
	speed: 0.0042s/iter; left time: 27.0920s
	iters: 600, epoch: 8 | loss: 0.4989313
	speed: 0.0042s/iter; left time: 26.5744s
	iters: 700, epoch: 8 | loss: 0.2935983
	speed: 0.0041s/iter; left time: 25.2530s
	iters: 800, epoch: 8 | loss: 0.1951260
	speed: 0.0040s/iter; left time: 24.1359s
	iters: 900, epoch: 8 | loss: 0.1099073
	speed: 0.0039s/iter; left time: 23.2405s
	iters: 1000, epoch: 8 | loss: 0.1439490
	speed: 0.0041s/iter; left time: 23.8702s
	iters: 1100, epoch: 8 | loss: 0.1398695
	speed: 0.0044s/iter; left time: 25.2562s
	iters: 1200, epoch: 8 | loss: 0.1050028
	speed: 0.0042s/iter; left time: 23.9391s
	iters: 1300, epoch: 8 | loss: 0.1718317
	speed: 0.0037s/iter; left time: 20.7084s
	iters: 1400, epoch: 8 | loss: 0.1610695
	speed: 0.0040s/iter; left time: 22.0126s
	iters: 1500, epoch: 8 | loss: 0.1776204
	speed: 0.0040s/iter; left time: 21.2792s
	iters: 1600, epoch: 8 | loss: 0.1687032
	speed: 0.0039s/iter; left time: 20.7144s
	iters: 1700, epoch: 8 | loss: 0.2647537
	speed: 0.0041s/iter; left time: 21.2883s
	iters: 1800, epoch: 8 | loss: 0.1477602
	speed: 0.0042s/iter; left time: 21.3936s
	iters: 1900, epoch: 8 | loss: 0.2952638
	speed: 0.0040s/iter; left time: 20.1290s
	iters: 2000, epoch: 8 | loss: 0.1661895
	speed: 0.0039s/iter; left time: 19.1296s
	iters: 2100, epoch: 8 | loss: 0.1628375
	speed: 0.0039s/iter; left time: 18.4864s
	iters: 2200, epoch: 8 | loss: 0.1970898
	speed: 0.0039s/iter; left time: 18.1543s
Epoch: 8 cost time: 10.03933572769165
Epoch: 8, Steps: 2293 | Train Loss: 0.3375798 Vali Loss: 0.3013938 Test Loss: 0.1091180
EarlyStopping counter: 2 out of 3
Updating learning rate to 7.8125e-06
	iters: 100, epoch: 9 | loss: 0.2950525
	speed: 0.0615s/iter; left time: 276.0479s
	iters: 200, epoch: 9 | loss: 0.3582564
	speed: 0.0039s/iter; left time: 17.2741s
	iters: 300, epoch: 9 | loss: 0.4998738
	speed: 0.0041s/iter; left time: 17.5045s
	iters: 400, epoch: 9 | loss: 0.6683591
	speed: 0.0039s/iter; left time: 16.4906s
	iters: 500, epoch: 9 | loss: 0.1786643
	speed: 0.0039s/iter; left time: 15.8820s
	iters: 600, epoch: 9 | loss: 0.2344888
	speed: 0.0042s/iter; left time: 16.5776s
	iters: 700, epoch: 9 | loss: 0.1709360
	speed: 0.0043s/iter; left time: 16.7900s
	iters: 800, epoch: 9 | loss: 0.3747585
	speed: 0.0044s/iter; left time: 16.5362s
	iters: 900, epoch: 9 | loss: 0.3019625
	speed: 0.0040s/iter; left time: 14.7953s
	iters: 1000, epoch: 9 | loss: 0.1258244
	speed: 0.0039s/iter; left time: 14.0617s
	iters: 1100, epoch: 9 | loss: 0.7882671
	speed: 0.0043s/iter; left time: 14.9287s
	iters: 1200, epoch: 9 | loss: 0.2674063
	speed: 0.0045s/iter; left time: 15.2754s
	iters: 1300, epoch: 9 | loss: 0.2924999
	speed: 0.0045s/iter; left time: 14.9459s
	iters: 1400, epoch: 9 | loss: 0.1634909
	speed: 0.0041s/iter; left time: 13.1240s
	iters: 1500, epoch: 9 | loss: 0.2240281
	speed: 0.0040s/iter; left time: 12.3129s
	iters: 1600, epoch: 9 | loss: 0.2028355
	speed: 0.0040s/iter; left time: 11.9282s
	iters: 1700, epoch: 9 | loss: 0.6639010
	speed: 0.0040s/iter; left time: 11.5462s
	iters: 1800, epoch: 9 | loss: 0.1629452
	speed: 0.0041s/iter; left time: 11.3457s
	iters: 1900, epoch: 9 | loss: 0.1183619
	speed: 0.0045s/iter; left time: 11.9790s
	iters: 2000, epoch: 9 | loss: 0.1497480
	speed: 0.0041s/iter; left time: 10.6574s
	iters: 2100, epoch: 9 | loss: 0.3279772
	speed: 0.0042s/iter; left time: 10.5475s
	iters: 2200, epoch: 9 | loss: 0.1075454
	speed: 0.0044s/iter; left time: 10.3926s
Epoch: 9 cost time: 10.26085877418518
Epoch: 9, Steps: 2293 | Train Loss: 0.3369389 Vali Loss: 0.3012120 Test Loss: 0.1086223
EarlyStopping counter: 3 out of 3
Early stopping
>>>>>>>testing : weather_168_24_NLinear_custom_ftM_sl168_ll48_pl24_dm512_nh8_el2_dl1_df2048_fc1_ebtimeF_dtTrue_Exp_0<<<<<<<<<<<<<<<<<<<<<<<<<<<<<<<<<
test 10516
mse:0.10843530297279358, mae:0.1464826762676239
