Args in experiment:
Namespace(activation='gelu', batch_size=16, c_out=7, checkpoints='/spo/NewbornTime/tahir098/SVF/data/Extra/checkpoints/', d_ff=2048, d_layers=1, d_model=512, data='custom', data_path='weather.csv', dec_in=7, des='Exp', devices='0,1,2,3', distil=True, do_predict=False, dropout=0.05, e_layers=2, embed='timeF', embed_type=0, enc_in=21, factor=1, features='M', freq='h', gpu=0, individual=False, is_training=1, itr=1, label_len=48, learning_rate=0.001, loss='mse', lradj='type1', model='NLinear', model_id='weather_720_24', moving_avg=25, n_heads=8, num_workers=10, output_attention=False, patience=3, pred_len=24, root_path='./dataset/', seq_len=720, target='OT', test_flop=False, train_epochs=10, train_only=False, use_amp=False, use_gpu=True, use_multi_gpu=False)
Use GPU: cuda:0
>>>>>>>start training : weather_720_24_NLinear_custom_ftM_sl720_ll48_pl24_dm512_nh8_el2_dl1_df2048_fc1_ebtimeF_dtTrue_Exp_0>>>>>>>>>>>>>>>>>>>>>>>>>>
train 36144
val 5247
test 10516
	iters: 100, epoch: 1 | loss: 0.4308879
	speed: 0.0130s/iter; left time: 292.2496s
	iters: 200, epoch: 1 | loss: 0.1508670
	speed: 0.0052s/iter; left time: 117.5117s
	iters: 300, epoch: 1 | loss: 0.2993096
	speed: 0.0054s/iter; left time: 119.9270s
	iters: 400, epoch: 1 | loss: 0.3539764
	speed: 0.0054s/iter; left time: 119.8969s
	iters: 500, epoch: 1 | loss: 0.1761731
	speed: 0.0053s/iter; left time: 116.3270s
	iters: 600, epoch: 1 | loss: 0.2920516
	speed: 0.0056s/iter; left time: 122.3357s
	iters: 700, epoch: 1 | loss: 0.2484372
	speed: 0.0056s/iter; left time: 123.4566s
	iters: 800, epoch: 1 | loss: 0.2132190
	speed: 0.0054s/iter; left time: 117.5508s
	iters: 900, epoch: 1 | loss: 0.2825165
	speed: 0.0056s/iter; left time: 120.4887s
	iters: 1000, epoch: 1 | loss: 0.4105052
	speed: 0.0057s/iter; left time: 122.2582s
	iters: 1100, epoch: 1 | loss: 0.3568019
	speed: 0.0063s/iter; left time: 134.8426s
	iters: 1200, epoch: 1 | loss: 0.2351693
	speed: 0.0060s/iter; left time: 127.6917s
	iters: 1300, epoch: 1 | loss: 0.4283495
	speed: 0.0061s/iter; left time: 130.2789s
	iters: 1400, epoch: 1 | loss: 0.7202498
	speed: 0.0052s/iter; left time: 110.4770s
	iters: 1500, epoch: 1 | loss: 2.1912532
	speed: 0.0049s/iter; left time: 103.5880s
	iters: 1600, epoch: 1 | loss: 0.4931085
	speed: 0.0056s/iter; left time: 116.6108s
	iters: 1700, epoch: 1 | loss: 0.3516908
	speed: 0.0059s/iter; left time: 123.5269s
	iters: 1800, epoch: 1 | loss: 0.1440819
	speed: 0.0059s/iter; left time: 123.5055s
	iters: 1900, epoch: 1 | loss: 0.2514808
	speed: 0.0057s/iter; left time: 118.7019s
	iters: 2000, epoch: 1 | loss: 0.1896098
	speed: 0.0057s/iter; left time: 117.7230s
	iters: 2100, epoch: 1 | loss: 0.2050554
	speed: 0.0060s/iter; left time: 122.6506s
	iters: 2200, epoch: 1 | loss: 0.2592675
	speed: 0.0058s/iter; left time: 117.4753s
Epoch: 1 cost time: 13.550122261047363
Epoch: 1, Steps: 2259 | Train Loss: 0.6254425 Vali Loss: 0.3002251 Test Loss: 0.1048251
Validation loss decreased (inf --> 0.300225).  Saving model ...
Updating learning rate to 0.001
	iters: 100, epoch: 2 | loss: 0.1924850
	speed: 0.0766s/iter; left time: 1549.1820s
	iters: 200, epoch: 2 | loss: 0.1756230
	speed: 0.0057s/iter; left time: 114.6735s
	iters: 300, epoch: 2 | loss: 0.1855878
	speed: 0.0054s/iter; left time: 107.2285s
	iters: 400, epoch: 2 | loss: 0.2020831
	speed: 0.0053s/iter; left time: 106.1974s
	iters: 500, epoch: 2 | loss: 0.1015912
	speed: 0.0053s/iter; left time: 104.4635s
	iters: 600, epoch: 2 | loss: 0.2674019
	speed: 0.0056s/iter; left time: 110.7784s
	iters: 700, epoch: 2 | loss: 1.9817860
	speed: 0.0053s/iter; left time: 103.6399s
	iters: 800, epoch: 2 | loss: 0.2343711
	speed: 0.0056s/iter; left time: 110.1325s
	iters: 900, epoch: 2 | loss: 0.2873614
	speed: 0.0056s/iter; left time: 109.6645s
	iters: 1000, epoch: 2 | loss: 0.5081530
	speed: 0.0053s/iter; left time: 103.1107s
	iters: 1100, epoch: 2 | loss: 0.3511364
	speed: 0.0075s/iter; left time: 144.4715s
	iters: 1200, epoch: 2 | loss: 0.2738011
	speed: 0.0055s/iter; left time: 105.5136s
	iters: 1300, epoch: 2 | loss: 0.6409175
	speed: 0.0053s/iter; left time: 101.4688s
	iters: 1400, epoch: 2 | loss: 0.4204229
	speed: 0.0052s/iter; left time: 97.6576s
	iters: 1500, epoch: 2 | loss: 0.2241681
	speed: 0.0053s/iter; left time: 100.1554s
	iters: 1600, epoch: 2 | loss: 0.2800438
	speed: 0.0054s/iter; left time: 100.9450s
	iters: 1700, epoch: 2 | loss: 0.2815491
	speed: 0.0067s/iter; left time: 124.8398s
	iters: 1800, epoch: 2 | loss: 0.2450362
	speed: 0.0055s/iter; left time: 101.0074s
	iters: 1900, epoch: 2 | loss: 0.1630108
	speed: 0.0056s/iter; left time: 102.5951s
	iters: 2000, epoch: 2 | loss: 0.2859421
	speed: 0.0059s/iter; left time: 109.0678s
	iters: 2100, epoch: 2 | loss: 0.1847601
	speed: 0.0053s/iter; left time: 97.2565s
	iters: 2200, epoch: 2 | loss: 0.5057239
	speed: 0.0053s/iter; left time: 95.2211s
Epoch: 2 cost time: 13.516025304794312
Epoch: 2, Steps: 2259 | Train Loss: 0.5774849 Vali Loss: 0.3071542 Test Loss: 0.1072371
EarlyStopping counter: 1 out of 3
Updating learning rate to 0.0005
	iters: 100, epoch: 3 | loss: 0.1402966
	speed: 0.0778s/iter; left time: 1399.0560s
	iters: 200, epoch: 3 | loss: 0.1638853
	speed: 0.0052s/iter; left time: 92.4581s
	iters: 300, epoch: 3 | loss: 0.1789180
	speed: 0.0052s/iter; left time: 92.7852s
	iters: 400, epoch: 3 | loss: 0.1574304
	speed: 0.0050s/iter; left time: 88.6460s
	iters: 500, epoch: 3 | loss: 0.2295242
	speed: 0.0056s/iter; left time: 99.0284s
	iters: 600, epoch: 3 | loss: 0.2407814
	speed: 0.0056s/iter; left time: 97.7627s
	iters: 700, epoch: 3 | loss: 0.1351635
	speed: 0.0054s/iter; left time: 94.5646s
	iters: 800, epoch: 3 | loss: 0.1141887
	speed: 0.0057s/iter; left time: 98.4385s
	iters: 900, epoch: 3 | loss: 0.1694873
	speed: 0.0054s/iter; left time: 93.4783s
	iters: 1000, epoch: 3 | loss: 0.1352507
	speed: 0.0055s/iter; left time: 94.2477s
	iters: 1100, epoch: 3 | loss: 0.2801703
	speed: 0.0067s/iter; left time: 114.1110s
	iters: 1200, epoch: 3 | loss: 0.2195229
	speed: 0.0055s/iter; left time: 93.3685s
	iters: 1300, epoch: 3 | loss: 0.1242004
	speed: 0.0053s/iter; left time: 88.4878s
	iters: 1400, epoch: 3 | loss: 0.1474568
	speed: 0.0052s/iter; left time: 87.5312s
	iters: 1500, epoch: 3 | loss: 0.1211851
	speed: 0.0058s/iter; left time: 95.8119s
	iters: 1600, epoch: 3 | loss: 0.2067686
	speed: 0.0056s/iter; left time: 92.7957s
	iters: 1700, epoch: 3 | loss: 0.1897179
	speed: 0.0051s/iter; left time: 84.1229s
	iters: 1800, epoch: 3 | loss: 0.4345322
	speed: 0.0051s/iter; left time: 82.1857s
	iters: 1900, epoch: 3 | loss: 0.1506999
	speed: 0.0055s/iter; left time: 88.9146s
	iters: 2000, epoch: 3 | loss: 0.1592474
	speed: 0.0054s/iter; left time: 87.4635s
	iters: 2100, epoch: 3 | loss: 0.1304843
	speed: 0.0057s/iter; left time: 90.5151s
	iters: 2200, epoch: 3 | loss: 0.2729634
	speed: 0.0062s/iter; left time: 98.3699s
Epoch: 3 cost time: 13.375685453414917
Epoch: 3, Steps: 2259 | Train Loss: 0.4092001 Vali Loss: 0.2892665 Test Loss: 0.1023228
Validation loss decreased (0.300225 --> 0.289266).  Saving model ...
Updating learning rate to 0.00025
	iters: 100, epoch: 4 | loss: 0.1462717
	speed: 0.0768s/iter; left time: 1206.8473s
	iters: 200, epoch: 4 | loss: 0.3124548
	speed: 0.0052s/iter; left time: 80.8518s
	iters: 300, epoch: 4 | loss: 0.1646126
	speed: 0.0051s/iter; left time: 79.6572s
	iters: 400, epoch: 4 | loss: 1.1342396
	speed: 0.0050s/iter; left time: 76.6264s
	iters: 500, epoch: 4 | loss: 0.1103840
	speed: 0.0053s/iter; left time: 81.0312s
	iters: 600, epoch: 4 | loss: 0.5905142
	speed: 0.0051s/iter; left time: 77.0007s
	iters: 700, epoch: 4 | loss: 0.1523040
	speed: 0.0054s/iter; left time: 81.6143s
	iters: 800, epoch: 4 | loss: 0.1403380
	speed: 0.0052s/iter; left time: 77.9200s
	iters: 900, epoch: 4 | loss: 0.1485454
	speed: 0.0054s/iter; left time: 80.6727s
	iters: 1000, epoch: 4 | loss: 0.2859396
	speed: 0.0052s/iter; left time: 76.5464s
	iters: 1100, epoch: 4 | loss: 0.1435719
	speed: 0.0051s/iter; left time: 75.3958s
	iters: 1200, epoch: 4 | loss: 0.1140477
	speed: 0.0053s/iter; left time: 77.3411s
	iters: 1300, epoch: 4 | loss: 0.1641859
	speed: 0.0051s/iter; left time: 73.4992s
	iters: 1400, epoch: 4 | loss: 1.1744248
	speed: 0.0051s/iter; left time: 73.4975s
	iters: 1500, epoch: 4 | loss: 1.2974963
	speed: 0.0053s/iter; left time: 75.6875s
	iters: 1600, epoch: 4 | loss: 0.2066667
	speed: 0.0065s/iter; left time: 92.8731s
	iters: 1700, epoch: 4 | loss: 0.4980201
	speed: 0.0063s/iter; left time: 89.3440s
	iters: 1800, epoch: 4 | loss: 0.1808537
	speed: 0.0052s/iter; left time: 72.5852s
	iters: 1900, epoch: 4 | loss: 0.2650734
	speed: 0.0051s/iter; left time: 70.4326s
	iters: 2000, epoch: 4 | loss: 0.1911011
	speed: 0.0051s/iter; left time: 70.3979s
	iters: 2100, epoch: 4 | loss: 0.7532542
	speed: 0.0053s/iter; left time: 72.0521s
	iters: 2200, epoch: 4 | loss: 5.8738499
	speed: 0.0056s/iter; left time: 76.7082s
Epoch: 4 cost time: 12.831747770309448
Epoch: 4, Steps: 2259 | Train Loss: 0.3507098 Vali Loss: 0.2817088 Test Loss: 0.1004504
Validation loss decreased (0.289266 --> 0.281709).  Saving model ...
Updating learning rate to 0.000125
	iters: 100, epoch: 5 | loss: 0.1440356
	speed: 0.0753s/iter; left time: 1012.5007s
	iters: 200, epoch: 5 | loss: 0.2084713
	speed: 0.0053s/iter; left time: 70.9599s
	iters: 300, epoch: 5 | loss: 0.2583231
	speed: 0.0055s/iter; left time: 73.1375s
	iters: 400, epoch: 5 | loss: 0.3140073
	speed: 0.0052s/iter; left time: 68.3850s
	iters: 500, epoch: 5 | loss: 0.1836133
	speed: 0.0051s/iter; left time: 65.9700s
	iters: 600, epoch: 5 | loss: 0.1649340
	speed: 0.0052s/iter; left time: 67.8724s
	iters: 700, epoch: 5 | loss: 0.2515704
	speed: 0.0054s/iter; left time: 69.2857s
	iters: 800, epoch: 5 | loss: 0.1594640
	speed: 0.0053s/iter; left time: 68.0355s
	iters: 900, epoch: 5 | loss: 0.2302904
	speed: 0.0058s/iter; left time: 73.0797s
	iters: 1000, epoch: 5 | loss: 0.4637396
	speed: 0.0056s/iter; left time: 70.5061s
	iters: 1100, epoch: 5 | loss: 0.7340555
	speed: 0.0056s/iter; left time: 70.3498s
	iters: 1200, epoch: 5 | loss: 0.1393685
	speed: 0.0071s/iter; left time: 88.1771s
	iters: 1300, epoch: 5 | loss: 0.2371475
	speed: 0.0064s/iter; left time: 79.0199s
	iters: 1400, epoch: 5 | loss: 0.1600525
	speed: 0.0059s/iter; left time: 72.3098s
	iters: 1500, epoch: 5 | loss: 0.1281087
	speed: 0.0051s/iter; left time: 60.9313s
	iters: 1600, epoch: 5 | loss: 0.2059151
	speed: 0.0050s/iter; left time: 60.0497s
	iters: 1700, epoch: 5 | loss: 0.3006209
	speed: 0.0052s/iter; left time: 61.7686s
	iters: 1800, epoch: 5 | loss: 0.1308924
	speed: 0.0050s/iter; left time: 59.2927s
	iters: 1900, epoch: 5 | loss: 0.1628453
	speed: 0.0049s/iter; left time: 57.0642s
	iters: 2000, epoch: 5 | loss: 0.7262024
	speed: 0.0052s/iter; left time: 60.3838s
	iters: 2100, epoch: 5 | loss: 0.2453699
	speed: 0.0054s/iter; left time: 61.6266s
	iters: 2200, epoch: 5 | loss: 0.2302649
	speed: 0.0057s/iter; left time: 64.6107s
Epoch: 5 cost time: 13.245414972305298
Epoch: 5, Steps: 2259 | Train Loss: 0.3333634 Vali Loss: 0.2802545 Test Loss: 0.1006050
Validation loss decreased (0.281709 --> 0.280255).  Saving model ...
Updating learning rate to 6.25e-05
	iters: 100, epoch: 6 | loss: 0.2677543
	speed: 0.0759s/iter; left time: 850.0162s
	iters: 200, epoch: 6 | loss: 0.5166095
	speed: 0.0054s/iter; left time: 59.4952s
	iters: 300, epoch: 6 | loss: 0.3039798
	speed: 0.0050s/iter; left time: 55.3026s
	iters: 400, epoch: 6 | loss: 0.1944113
	speed: 0.0051s/iter; left time: 55.8878s
	iters: 500, epoch: 6 | loss: 0.4839894
	speed: 0.0053s/iter; left time: 56.8514s
	iters: 600, epoch: 6 | loss: 0.1040149
	speed: 0.0052s/iter; left time: 55.3207s
	iters: 700, epoch: 6 | loss: 0.2605605
	speed: 0.0053s/iter; left time: 56.2569s
	iters: 800, epoch: 6 | loss: 0.1641123
	speed: 0.0053s/iter; left time: 55.3501s
	iters: 900, epoch: 6 | loss: 0.2778863
	speed: 0.0054s/iter; left time: 55.7319s
	iters: 1000, epoch: 6 | loss: 0.2501203
	speed: 0.0051s/iter; left time: 52.5284s
	iters: 1100, epoch: 6 | loss: 0.2898860
	speed: 0.0049s/iter; left time: 49.7792s
	iters: 1200, epoch: 6 | loss: 0.1166415
	speed: 0.0055s/iter; left time: 55.3732s
	iters: 1300, epoch: 6 | loss: 0.1089775
	speed: 0.0054s/iter; left time: 53.9381s
	iters: 1400, epoch: 6 | loss: 0.2373600
	speed: 0.0057s/iter; left time: 55.9665s
	iters: 1500, epoch: 6 | loss: 0.1375033
	speed: 0.0054s/iter; left time: 52.7947s
	iters: 1600, epoch: 6 | loss: 0.1017333
	speed: 0.0049s/iter; left time: 47.6799s
	iters: 1700, epoch: 6 | loss: 0.1561329
	speed: 0.0051s/iter; left time: 49.2325s
	iters: 1800, epoch: 6 | loss: 0.1228364
	speed: 0.0053s/iter; left time: 50.3715s
	iters: 1900, epoch: 6 | loss: 0.2199049
	speed: 0.0052s/iter; left time: 48.4520s
	iters: 2000, epoch: 6 | loss: 0.2102350
	speed: 0.0053s/iter; left time: 49.3622s
	iters: 2100, epoch: 6 | loss: 0.1419193
	speed: 0.0058s/iter; left time: 53.7543s
	iters: 2200, epoch: 6 | loss: 0.4123217
	speed: 0.0070s/iter; left time: 63.5171s
Epoch: 6 cost time: 12.9684317111969
Epoch: 6, Steps: 2259 | Train Loss: 0.3282006 Vali Loss: 0.2809874 Test Loss: 0.1000711
EarlyStopping counter: 1 out of 3
Updating learning rate to 3.125e-05
	iters: 100, epoch: 7 | loss: 0.1119751
	speed: 0.0754s/iter; left time: 673.8374s
	iters: 200, epoch: 7 | loss: 0.1286076
	speed: 0.0051s/iter; left time: 45.2876s
	iters: 300, epoch: 7 | loss: 0.1990919
	speed: 0.0051s/iter; left time: 44.2655s
	iters: 400, epoch: 7 | loss: 0.4087120
	speed: 0.0056s/iter; left time: 48.3799s
	iters: 500, epoch: 7 | loss: 0.0909093
	speed: 0.0057s/iter; left time: 48.5953s
	iters: 600, epoch: 7 | loss: 0.1379327
	speed: 0.0054s/iter; left time: 45.8213s
	iters: 700, epoch: 7 | loss: 0.1004599
	speed: 0.0051s/iter; left time: 42.4881s
	iters: 800, epoch: 7 | loss: 0.1130074
	speed: 0.0054s/iter; left time: 44.3879s
	iters: 900, epoch: 7 | loss: 0.1024205
	speed: 0.0054s/iter; left time: 44.0260s
	iters: 1000, epoch: 7 | loss: 0.3022847
	speed: 0.0055s/iter; left time: 43.9128s
	iters: 1100, epoch: 7 | loss: 0.3425993
	speed: 0.0056s/iter; left time: 44.1128s
	iters: 1200, epoch: 7 | loss: 0.2613143
	speed: 0.0063s/iter; left time: 49.4930s
	iters: 1300, epoch: 7 | loss: 0.1274690
	speed: 0.0057s/iter; left time: 44.0599s
	iters: 1400, epoch: 7 | loss: 0.1996826
	speed: 0.0055s/iter; left time: 42.3124s
	iters: 1500, epoch: 7 | loss: 6.1546283
	speed: 0.0050s/iter; left time: 37.3527s
	iters: 1600, epoch: 7 | loss: 0.2443397
	speed: 0.0051s/iter; left time: 37.9806s
	iters: 1700, epoch: 7 | loss: 0.1073785
	speed: 0.0054s/iter; left time: 39.6681s
	iters: 1800, epoch: 7 | loss: 0.2127047
	speed: 0.0055s/iter; left time: 39.6555s
	iters: 1900, epoch: 7 | loss: 0.3510966
	speed: 0.0058s/iter; left time: 41.7441s
	iters: 2000, epoch: 7 | loss: 0.1545022
	speed: 0.0051s/iter; left time: 36.0082s
	iters: 2100, epoch: 7 | loss: 0.1784843
	speed: 0.0057s/iter; left time: 39.4011s
	iters: 2200, epoch: 7 | loss: 0.2464434
	speed: 0.0051s/iter; left time: 34.5351s
Epoch: 7 cost time: 13.149638652801514
Epoch: 7, Steps: 2259 | Train Loss: 0.3272213 Vali Loss: 0.2795996 Test Loss: 0.1015528
Validation loss decreased (0.280255 --> 0.279600).  Saving model ...
Updating learning rate to 1.5625e-05
	iters: 100, epoch: 8 | loss: 0.1529951
	speed: 0.0736s/iter; left time: 491.4456s
	iters: 200, epoch: 8 | loss: 0.2886258
	speed: 0.0051s/iter; left time: 33.6368s
	iters: 300, epoch: 8 | loss: 0.2854309
	speed: 0.0052s/iter; left time: 33.6828s
	iters: 400, epoch: 8 | loss: 0.3781214
	speed: 0.0053s/iter; left time: 33.6746s
	iters: 500, epoch: 8 | loss: 0.1695133
	speed: 0.0051s/iter; left time: 32.0687s
	iters: 600, epoch: 8 | loss: 0.1922346
	speed: 0.0050s/iter; left time: 31.1891s
	iters: 700, epoch: 8 | loss: 0.2120340
	speed: 0.0052s/iter; left time: 31.4051s
	iters: 800, epoch: 8 | loss: 0.1414333
	speed: 0.0052s/iter; left time: 31.3754s
	iters: 900, epoch: 8 | loss: 0.2339424
	speed: 0.0058s/iter; left time: 34.3026s
	iters: 1000, epoch: 8 | loss: 0.0882255
	speed: 0.0052s/iter; left time: 30.0041s
	iters: 1100, epoch: 8 | loss: 0.1777984
	speed: 0.0055s/iter; left time: 31.3654s
	iters: 1200, epoch: 8 | loss: 0.2310803
	speed: 0.0052s/iter; left time: 28.7880s
	iters: 1300, epoch: 8 | loss: 0.0915882
	speed: 0.0055s/iter; left time: 30.1535s
	iters: 1400, epoch: 8 | loss: 0.2396546
	speed: 0.0052s/iter; left time: 27.8431s
	iters: 1500, epoch: 8 | loss: 0.2253272
	speed: 0.0053s/iter; left time: 28.0454s
	iters: 1600, epoch: 8 | loss: 0.2123180
	speed: 0.0050s/iter; left time: 26.0244s
	iters: 1700, epoch: 8 | loss: 0.2981563
	speed: 0.0053s/iter; left time: 26.7244s
	iters: 1800, epoch: 8 | loss: 0.1244491
	speed: 0.0054s/iter; left time: 26.8981s
	iters: 1900, epoch: 8 | loss: 0.3757010
	speed: 0.0053s/iter; left time: 25.8414s
	iters: 2000, epoch: 8 | loss: 0.3902848
	speed: 0.0056s/iter; left time: 26.5930s
	iters: 2100, epoch: 8 | loss: 0.1059786
	speed: 0.0056s/iter; left time: 26.2063s
	iters: 2200, epoch: 8 | loss: 0.1708833
	speed: 0.0054s/iter; left time: 24.7307s
Epoch: 8 cost time: 12.777207612991333
Epoch: 8, Steps: 2259 | Train Loss: 0.3207974 Vali Loss: 0.2794527 Test Loss: 0.1012412
Validation loss decreased (0.279600 --> 0.279453).  Saving model ...
Updating learning rate to 7.8125e-06
	iters: 100, epoch: 9 | loss: 0.1298219
	speed: 0.0753s/iter; left time: 332.9363s
	iters: 200, epoch: 9 | loss: 0.2051770
	speed: 0.0053s/iter; left time: 22.6853s
	iters: 300, epoch: 9 | loss: 0.2853497
	speed: 0.0056s/iter; left time: 23.5080s
	iters: 400, epoch: 9 | loss: 0.2817857
	speed: 0.0053s/iter; left time: 21.8201s
	iters: 500, epoch: 9 | loss: 0.7034618
	speed: 0.0051s/iter; left time: 20.3280s
	iters: 600, epoch: 9 | loss: 0.1770682
	speed: 0.0054s/iter; left time: 21.2144s
	iters: 700, epoch: 9 | loss: 0.1179588
	speed: 0.0049s/iter; left time: 18.8325s
	iters: 800, epoch: 9 | loss: 0.1248038
	speed: 0.0051s/iter; left time: 19.1041s
	iters: 900, epoch: 9 | loss: 0.2023697
	speed: 0.0050s/iter; left time: 18.2707s
	iters: 1000, epoch: 9 | loss: 0.1489696
	speed: 0.0052s/iter; left time: 18.4695s
	iters: 1100, epoch: 9 | loss: 0.2165367
	speed: 0.0056s/iter; left time: 19.1203s
	iters: 1200, epoch: 9 | loss: 0.2810394
	speed: 0.0069s/iter; left time: 22.8274s
	iters: 1300, epoch: 9 | loss: 0.1237707
	speed: 0.0051s/iter; left time: 16.3794s
	iters: 1400, epoch: 9 | loss: 0.2457293
	speed: 0.0049s/iter; left time: 15.3504s
	iters: 1500, epoch: 9 | loss: 0.1706156
	speed: 0.0050s/iter; left time: 14.9633s
	iters: 1600, epoch: 9 | loss: 0.1310548
	speed: 0.0051s/iter; left time: 14.9811s
	iters: 1700, epoch: 9 | loss: 0.1214081
	speed: 0.0052s/iter; left time: 14.7623s
	iters: 1800, epoch: 9 | loss: 0.1792266
	speed: 0.0052s/iter; left time: 14.0497s
	iters: 1900, epoch: 9 | loss: 0.3086984
	speed: 0.0053s/iter; left time: 13.8476s
	iters: 2000, epoch: 9 | loss: 0.1295266
	speed: 0.0052s/iter; left time: 13.1921s
	iters: 2100, epoch: 9 | loss: 0.2045010
	speed: 0.0054s/iter; left time: 13.1337s
	iters: 2200, epoch: 9 | loss: 0.0853295
	speed: 0.0054s/iter; left time: 12.4068s
Epoch: 9 cost time: 12.836387634277344
Epoch: 9, Steps: 2259 | Train Loss: 0.3191336 Vali Loss: 0.2841075 Test Loss: 0.1057786
EarlyStopping counter: 1 out of 3
Updating learning rate to 3.90625e-06
	iters: 100, epoch: 10 | loss: 0.6141394
	speed: 0.0753s/iter; left time: 162.7273s
	iters: 200, epoch: 10 | loss: 0.2379986
	speed: 0.0052s/iter; left time: 10.6530s
	iters: 300, epoch: 10 | loss: 0.2193777
	speed: 0.0050s/iter; left time: 9.7352s
	iters: 400, epoch: 10 | loss: 0.1815541
	speed: 0.0050s/iter; left time: 9.2252s
	iters: 500, epoch: 10 | loss: 0.2235154
	speed: 0.0052s/iter; left time: 9.1690s
	iters: 600, epoch: 10 | loss: 0.6000717
	speed: 0.0052s/iter; left time: 8.5767s
	iters: 700, epoch: 10 | loss: 0.4645053
	speed: 0.0052s/iter; left time: 8.1373s
	iters: 800, epoch: 10 | loss: 0.2886018
	speed: 0.0051s/iter; left time: 7.3893s
	iters: 900, epoch: 10 | loss: 0.1303258
	speed: 0.0052s/iter; left time: 7.1031s
	iters: 1000, epoch: 10 | loss: 0.2248793
	speed: 0.0054s/iter; left time: 6.8311s
	iters: 1100, epoch: 10 | loss: 0.2477411
	speed: 0.0053s/iter; left time: 6.1323s
	iters: 1200, epoch: 10 | loss: 0.1692785
	speed: 0.0052s/iter; left time: 5.4986s
	iters: 1300, epoch: 10 | loss: 0.1074643
	speed: 0.0053s/iter; left time: 5.1077s
	iters: 1400, epoch: 10 | loss: 0.1393341
	speed: 0.0052s/iter; left time: 4.4597s
	iters: 1500, epoch: 10 | loss: 0.6615775
	speed: 0.0053s/iter; left time: 4.0573s
	iters: 1600, epoch: 10 | loss: 0.0916589
	speed: 0.0053s/iter; left time: 3.5099s
	iters: 1700, epoch: 10 | loss: 0.2356721
	speed: 0.0052s/iter; left time: 2.8888s
	iters: 1800, epoch: 10 | loss: 0.3645351
	speed: 0.0052s/iter; left time: 2.3773s
	iters: 1900, epoch: 10 | loss: 1.2882737
	speed: 0.0050s/iter; left time: 1.7871s
	iters: 2000, epoch: 10 | loss: 0.3749076
	speed: 0.0054s/iter; left time: 1.4046s
	iters: 2100, epoch: 10 | loss: 0.1586871
	speed: 0.0054s/iter; left time: 0.8601s
	iters: 2200, epoch: 10 | loss: 0.1714807
	speed: 0.0051s/iter; left time: 0.3044s
Epoch: 10 cost time: 12.625648498535156
Epoch: 10, Steps: 2259 | Train Loss: 0.3197861 Vali Loss: 0.2763048 Test Loss: 0.1026189
Validation loss decreased (0.279453 --> 0.276305).  Saving model ...
Updating learning rate to 1.953125e-06
>>>>>>>testing : weather_720_24_NLinear_custom_ftM_sl720_ll48_pl24_dm512_nh8_el2_dl1_df2048_fc1_ebtimeF_dtTrue_Exp_0<<<<<<<<<<<<<<<<<<<<<<<<<<<<<<<<<
test 10516
mse:0.10271745920181274, mae:0.15106795728206635
