Args in experiment:
Namespace(activation='gelu', batch_size=8, c_out=7, checkpoints='/spo/NewbornTime/tahir098/SVF/data/Extra/checkpoints/', d_ff=2048, d_layers=1, d_model=512, data='ETTh1', data_path='ETTh1.csv', dec_in=7, des='Exp', devices='0,1,2,3', distil=True, do_predict=False, dropout=0.05, e_layers=2, embed='timeF', embed_type=0, enc_in=7, factor=1, features='M', freq='h', gpu=0, individual=False, is_training=1, itr=1, label_len=48, learning_rate=0.001, loss='mse', lradj='type1', model='GRevagLinear', model_id='ETTh1_336_96', moving_avg=25, n_heads=8, num_workers=10, output_attention=False, patience=3, pred_len=96, root_path='./dataset/', seq_len=336, target='OT', test_flop=False, train_epochs=10, train_only=False, use_amp=False, use_gpu=True, use_multi_gpu=False)
Use GPU: cuda:0
>>>>>>>start training : ETTh1_336_96_GRevagLinear_ETTh1_ftM_sl336_ll48_pl96_dm512_nh8_el2_dl1_df2048_fc1_ebtimeF_dtTrue_Exp_0>>>>>>>>>>>>>>>>>>>>>>>>>>
train 8209
val 2785
test 2785
	iters: 100, epoch: 1 | loss: 0.3335050
	speed: 0.0114s/iter; left time: 116.0098s
	iters: 200, epoch: 1 | loss: 0.4074259
	speed: 0.0054s/iter; left time: 54.7268s
	iters: 300, epoch: 1 | loss: 0.3190624
	speed: 0.0054s/iter; left time: 53.8605s
	iters: 400, epoch: 1 | loss: 0.2920285
	speed: 0.0055s/iter; left time: 53.8839s
	iters: 500, epoch: 1 | loss: 0.3364853
	speed: 0.0053s/iter; left time: 51.8712s
	iters: 600, epoch: 1 | loss: 0.2420661
	speed: 0.0054s/iter; left time: 51.7034s
	iters: 700, epoch: 1 | loss: 0.3422767
	speed: 0.0053s/iter; left time: 51.0136s
	iters: 800, epoch: 1 | loss: 0.5067281
	speed: 0.0062s/iter; left time: 59.1245s
	iters: 900, epoch: 1 | loss: 0.3478781
	speed: 0.0064s/iter; left time: 59.7251s
	iters: 1000, epoch: 1 | loss: 0.2536017
	speed: 0.0061s/iter; left time: 56.4047s
Epoch: 1 cost time: 6.502423286437988
Epoch: 1, Steps: 1026 | Train Loss: 0.3555458 Vali Loss: 0.7038732 Test Loss: 0.3821030
Validation loss decreased (inf --> 0.703873).  Saving model ...
Updating learning rate to 0.001
	iters: 100, epoch: 2 | loss: 0.2812593
	speed: 0.0490s/iter; left time: 448.0594s
	iters: 200, epoch: 2 | loss: 0.6001359
	speed: 0.0056s/iter; left time: 50.6490s
	iters: 300, epoch: 2 | loss: 0.2781630
	speed: 0.0053s/iter; left time: 47.7507s
	iters: 400, epoch: 2 | loss: 0.3115226
	speed: 0.0054s/iter; left time: 47.8040s
	iters: 500, epoch: 2 | loss: 0.3309911
	speed: 0.0055s/iter; left time: 48.2098s
	iters: 600, epoch: 2 | loss: 0.3673646
	speed: 0.0054s/iter; left time: 46.5157s
	iters: 700, epoch: 2 | loss: 0.2815259
	speed: 0.0054s/iter; left time: 46.1145s
	iters: 800, epoch: 2 | loss: 0.2670439
	speed: 0.0054s/iter; left time: 45.4986s
	iters: 900, epoch: 2 | loss: 0.3313240
	speed: 0.0055s/iter; left time: 45.6606s
	iters: 1000, epoch: 2 | loss: 0.6867578
	speed: 0.0054s/iter; left time: 44.2902s
Epoch: 2 cost time: 6.2283594608306885
Epoch: 2, Steps: 1026 | Train Loss: 0.3306239 Vali Loss: 0.7657210 Test Loss: 0.3961073
EarlyStopping counter: 1 out of 3
Updating learning rate to 0.0005
	iters: 100, epoch: 3 | loss: 0.2464474
	speed: 0.0504s/iter; left time: 408.9238s
	iters: 200, epoch: 3 | loss: 0.3412801
	speed: 0.0054s/iter; left time: 43.0450s
	iters: 300, epoch: 3 | loss: 0.2064688
	speed: 0.0054s/iter; left time: 42.3971s
	iters: 400, epoch: 3 | loss: 0.3245217
	speed: 0.0053s/iter; left time: 41.4197s
	iters: 500, epoch: 3 | loss: 0.3294238
	speed: 0.0053s/iter; left time: 41.2013s
	iters: 600, epoch: 3 | loss: 0.3358381
	speed: 0.0055s/iter; left time: 41.6813s
	iters: 700, epoch: 3 | loss: 0.2587298
	speed: 0.0053s/iter; left time: 40.0183s
	iters: 800, epoch: 3 | loss: 0.3583443
	speed: 0.0053s/iter; left time: 39.1620s
	iters: 900, epoch: 3 | loss: 0.4559840
	speed: 0.0055s/iter; left time: 40.2885s
	iters: 1000, epoch: 3 | loss: 0.2388739
	speed: 0.0054s/iter; left time: 39.1263s
Epoch: 3 cost time: 6.232388496398926
Epoch: 3, Steps: 1026 | Train Loss: 0.3056569 Vali Loss: 0.7188818 Test Loss: 0.3839175
EarlyStopping counter: 2 out of 3
Updating learning rate to 0.00025
	iters: 100, epoch: 4 | loss: 0.2239044
	speed: 0.0496s/iter; left time: 351.2996s
	iters: 200, epoch: 4 | loss: 0.2553006
	speed: 0.0054s/iter; left time: 37.9104s
	iters: 300, epoch: 4 | loss: 0.3453435
	speed: 0.0054s/iter; left time: 37.4964s
	iters: 400, epoch: 4 | loss: 0.2596466
	speed: 0.0054s/iter; left time: 36.7486s
	iters: 500, epoch: 4 | loss: 0.2053599
	speed: 0.0055s/iter; left time: 36.4787s
	iters: 600, epoch: 4 | loss: 0.2217747
	speed: 0.0057s/iter; left time: 37.6893s
	iters: 700, epoch: 4 | loss: 0.2789645
	speed: 0.0058s/iter; left time: 37.8732s
	iters: 800, epoch: 4 | loss: 0.2561503
	speed: 0.0056s/iter; left time: 36.0555s
	iters: 900, epoch: 4 | loss: 0.3107751
	speed: 0.0054s/iter; left time: 34.0549s
	iters: 1000, epoch: 4 | loss: 0.2701940
	speed: 0.0055s/iter; left time: 34.2102s
Epoch: 4 cost time: 6.360738277435303
Epoch: 4, Steps: 1026 | Train Loss: 0.2892999 Vali Loss: 0.7510019 Test Loss: 0.3922488
EarlyStopping counter: 3 out of 3
Early stopping
>>>>>>>testing : ETTh1_336_96_GRevagLinear_ETTh1_ftM_sl336_ll48_pl96_dm512_nh8_el2_dl1_df2048_fc1_ebtimeF_dtTrue_Exp_0<<<<<<<<<<<<<<<<<<<<<<<<<<<<<<<<<
test 2785
mse:0.3820124566555023, mae:0.40247800946235657
