Args in experiment:
Namespace(activation='gelu', batch_size=8, c_out=7, checkpoints='/spo/NewbornTime/tahir098/SVF/data/Extra/checkpoints/', d_ff=2048, d_layers=1, d_model=512, data='ETTh1', data_path='ETTh1.csv', dec_in=7, des='Exp', devices='0,1,2,3', distil=True, do_predict=False, dropout=0.05, e_layers=2, embed='timeF', embed_type=0, enc_in=7, factor=1, features='M', freq='h', gpu=0, individual=False, is_training=1, itr=1, label_len=48, learning_rate=0.001, loss='mse', lradj='type1', model='GRevagLinear', model_id='ETTh1_336_24', moving_avg=25, n_heads=8, num_workers=10, output_attention=False, patience=3, pred_len=24, root_path='./dataset/', seq_len=336, target='OT', test_flop=False, train_epochs=10, train_only=False, use_amp=False, use_gpu=True, use_multi_gpu=False)
Use GPU: cuda:0
>>>>>>>start training : ETTh1_336_24_GRevagLinear_ETTh1_ftM_sl336_ll48_pl24_dm512_nh8_el2_dl1_df2048_fc1_ebtimeF_dtTrue_Exp_0>>>>>>>>>>>>>>>>>>>>>>>>>>
train 8281
val 2857
test 2857
	iters: 100, epoch: 1 | loss: 0.3974369
	speed: 0.0122s/iter; left time: 125.5650s
	iters: 200, epoch: 1 | loss: 0.1793086
	speed: 0.0054s/iter; left time: 54.7330s
	iters: 300, epoch: 1 | loss: 0.2432493
	speed: 0.0058s/iter; left time: 58.6603s
	iters: 400, epoch: 1 | loss: 0.2679332
	speed: 0.0059s/iter; left time: 58.4148s
	iters: 500, epoch: 1 | loss: 0.2526236
	speed: 0.0057s/iter; left time: 55.6689s
	iters: 600, epoch: 1 | loss: 0.2308761
	speed: 0.0055s/iter; left time: 53.6117s
	iters: 700, epoch: 1 | loss: 0.3083184
	speed: 0.0057s/iter; left time: 55.0565s
	iters: 800, epoch: 1 | loss: 0.2940053
	speed: 0.0057s/iter; left time: 54.1778s
	iters: 900, epoch: 1 | loss: 0.5878361
	speed: 0.0069s/iter; left time: 65.5005s
	iters: 1000, epoch: 1 | loss: 0.3310682
	speed: 0.0054s/iter; left time: 50.3780s
Epoch: 1 cost time: 6.702293634414673
Epoch: 1, Steps: 1035 | Train Loss: 0.2753958 Vali Loss: 0.4404659 Test Loss: 0.3329054
Validation loss decreased (inf --> 0.440466).  Saving model ...
Updating learning rate to 0.001
	iters: 100, epoch: 2 | loss: 0.3408595
	speed: 0.0515s/iter; left time: 474.3146s
	iters: 200, epoch: 2 | loss: 0.1715018
	speed: 0.0062s/iter; left time: 56.8682s
	iters: 300, epoch: 2 | loss: 0.1730553
	speed: 0.0061s/iter; left time: 55.1582s
	iters: 400, epoch: 2 | loss: 0.2720608
	speed: 0.0062s/iter; left time: 55.4801s
	iters: 500, epoch: 2 | loss: 0.1901755
	speed: 0.0058s/iter; left time: 51.1149s
	iters: 600, epoch: 2 | loss: 0.2517885
	speed: 0.0055s/iter; left time: 48.3181s
	iters: 700, epoch: 2 | loss: 0.2417130
	speed: 0.0056s/iter; left time: 48.6224s
	iters: 800, epoch: 2 | loss: 0.2173559
	speed: 0.0054s/iter; left time: 45.8438s
	iters: 900, epoch: 2 | loss: 0.2425447
	speed: 0.0057s/iter; left time: 47.7027s
	iters: 1000, epoch: 2 | loss: 0.2394961
	speed: 0.0055s/iter; left time: 45.6304s
Epoch: 2 cost time: 6.725543737411499
Epoch: 2, Steps: 1035 | Train Loss: 0.2448937 Vali Loss: 0.4494638 Test Loss: 0.3267429
EarlyStopping counter: 1 out of 3
Updating learning rate to 0.0005
	iters: 100, epoch: 3 | loss: 0.2253186
	speed: 0.0517s/iter; left time: 422.9697s
	iters: 200, epoch: 3 | loss: 0.2091601
	speed: 0.0057s/iter; left time: 46.0784s
	iters: 300, epoch: 3 | loss: 0.3077652
	speed: 0.0055s/iter; left time: 43.9671s
	iters: 400, epoch: 3 | loss: 0.2499527
	speed: 0.0056s/iter; left time: 44.0236s
	iters: 500, epoch: 3 | loss: 0.1831727
	speed: 0.0060s/iter; left time: 46.9776s
	iters: 600, epoch: 3 | loss: 0.2104099
	speed: 0.0063s/iter; left time: 48.5167s
	iters: 700, epoch: 3 | loss: 0.2391640
	speed: 0.0057s/iter; left time: 42.8394s
	iters: 800, epoch: 3 | loss: 0.2251781
	speed: 0.0057s/iter; left time: 42.8040s
	iters: 900, epoch: 3 | loss: 0.2057171
	speed: 0.0066s/iter; left time: 49.0420s
	iters: 1000, epoch: 3 | loss: 0.2296869
	speed: 0.0062s/iter; left time: 45.1498s
Epoch: 3 cost time: 6.890415906906128
Epoch: 3, Steps: 1035 | Train Loss: 0.2173643 Vali Loss: 0.4284885 Test Loss: 0.3207544
Validation loss decreased (0.440466 --> 0.428488).  Saving model ...
Updating learning rate to 0.00025
	iters: 100, epoch: 4 | loss: 0.1864951
	speed: 0.0515s/iter; left time: 367.8103s
	iters: 200, epoch: 4 | loss: 0.1546068
	speed: 0.0054s/iter; left time: 38.0591s
	iters: 300, epoch: 4 | loss: 0.1872239
	speed: 0.0055s/iter; left time: 37.9234s
	iters: 400, epoch: 4 | loss: 0.2081951
	speed: 0.0056s/iter; left time: 38.3029s
	iters: 500, epoch: 4 | loss: 0.1658306
	speed: 0.0056s/iter; left time: 37.9912s
	iters: 600, epoch: 4 | loss: 0.2052598
	speed: 0.0056s/iter; left time: 37.5091s
	iters: 700, epoch: 4 | loss: 0.1573303
	speed: 0.0058s/iter; left time: 38.0462s
	iters: 800, epoch: 4 | loss: 0.2316115
	speed: 0.0057s/iter; left time: 36.5218s
	iters: 900, epoch: 4 | loss: 0.1542070
	speed: 0.0055s/iter; left time: 34.6341s
	iters: 1000, epoch: 4 | loss: 0.2020962
	speed: 0.0055s/iter; left time: 34.3254s
Epoch: 4 cost time: 6.461337327957153
Epoch: 4, Steps: 1035 | Train Loss: 0.2011034 Vali Loss: 0.4253118 Test Loss: 0.3161187
Validation loss decreased (0.428488 --> 0.425312).  Saving model ...
Updating learning rate to 0.000125
	iters: 100, epoch: 5 | loss: 0.1760667
	speed: 0.0515s/iter; left time: 314.9849s
	iters: 200, epoch: 5 | loss: 0.2256322
	speed: 0.0055s/iter; left time: 32.8973s
	iters: 300, epoch: 5 | loss: 0.1457150
	speed: 0.0055s/iter; left time: 32.2512s
	iters: 400, epoch: 5 | loss: 0.1556080
	speed: 0.0057s/iter; left time: 33.2824s
	iters: 500, epoch: 5 | loss: 0.1710563
	speed: 0.0058s/iter; left time: 32.9204s
	iters: 600, epoch: 5 | loss: 0.4000855
	speed: 0.0058s/iter; left time: 32.3512s
	iters: 700, epoch: 5 | loss: 0.3031078
	speed: 0.0057s/iter; left time: 31.2746s
	iters: 800, epoch: 5 | loss: 0.1387249
	speed: 0.0056s/iter; left time: 30.2444s
	iters: 900, epoch: 5 | loss: 0.2190794
	speed: 0.0063s/iter; left time: 33.3792s
	iters: 1000, epoch: 5 | loss: 0.1592413
	speed: 0.0056s/iter; left time: 29.2587s
Epoch: 5 cost time: 6.578223466873169
Epoch: 5, Steps: 1035 | Train Loss: 0.1911660 Vali Loss: 0.4280314 Test Loss: 0.3177705
EarlyStopping counter: 1 out of 3
Updating learning rate to 6.25e-05
	iters: 100, epoch: 6 | loss: 0.1403317
	speed: 0.0525s/iter; left time: 266.3372s
	iters: 200, epoch: 6 | loss: 0.2368048
	speed: 0.0062s/iter; left time: 30.7853s
	iters: 300, epoch: 6 | loss: 0.1620095
	speed: 0.0055s/iter; left time: 26.7026s
	iters: 400, epoch: 6 | loss: 0.1592043
	speed: 0.0058s/iter; left time: 27.9066s
	iters: 500, epoch: 6 | loss: 0.2219668
	speed: 0.0061s/iter; left time: 28.5376s
	iters: 600, epoch: 6 | loss: 0.1659923
	speed: 0.0061s/iter; left time: 27.9177s
	iters: 700, epoch: 6 | loss: 0.1874806
	speed: 0.0058s/iter; left time: 25.8217s
	iters: 800, epoch: 6 | loss: 0.1736445
	speed: 0.0057s/iter; left time: 24.7591s
	iters: 900, epoch: 6 | loss: 0.1763192
	speed: 0.0057s/iter; left time: 24.3890s
	iters: 1000, epoch: 6 | loss: 0.1497998
	speed: 0.0055s/iter; left time: 23.0291s
Epoch: 6 cost time: 6.705418586730957
Epoch: 6, Steps: 1035 | Train Loss: 0.1859175 Vali Loss: 0.4251374 Test Loss: 0.3143982
Validation loss decreased (0.425312 --> 0.425137).  Saving model ...
Updating learning rate to 3.125e-05
	iters: 100, epoch: 7 | loss: 0.2047254
	speed: 0.0538s/iter; left time: 217.3528s
	iters: 200, epoch: 7 | loss: 0.2185360
	speed: 0.0056s/iter; left time: 22.2160s
	iters: 300, epoch: 7 | loss: 0.1419924
	speed: 0.0058s/iter; left time: 22.2260s
	iters: 400, epoch: 7 | loss: 0.1550333
	speed: 0.0056s/iter; left time: 21.1128s
	iters: 500, epoch: 7 | loss: 0.1655955
	speed: 0.0057s/iter; left time: 20.8889s
	iters: 600, epoch: 7 | loss: 0.1487252
	speed: 0.0058s/iter; left time: 20.6146s
	iters: 700, epoch: 7 | loss: 0.2682655
	speed: 0.0056s/iter; left time: 19.1570s
	iters: 800, epoch: 7 | loss: 0.1537913
	speed: 0.0078s/iter; left time: 25.8953s
	iters: 900, epoch: 7 | loss: 0.2291560
	speed: 0.0060s/iter; left time: 19.3595s
	iters: 1000, epoch: 7 | loss: 0.1895791
	speed: 0.0058s/iter; left time: 18.1696s
Epoch: 7 cost time: 6.913038730621338
Epoch: 7, Steps: 1035 | Train Loss: 0.1831044 Vali Loss: 0.4229900 Test Loss: 0.3136709
Validation loss decreased (0.425137 --> 0.422990).  Saving model ...
Updating learning rate to 1.5625e-05
	iters: 100, epoch: 8 | loss: 0.1550491
	speed: 0.0567s/iter; left time: 170.4783s
	iters: 200, epoch: 8 | loss: 0.1721882
	speed: 0.0056s/iter; left time: 16.3915s
	iters: 300, epoch: 8 | loss: 0.1936068
	speed: 0.0056s/iter; left time: 15.8488s
	iters: 400, epoch: 8 | loss: 0.2187982
	speed: 0.0057s/iter; left time: 15.4991s
	iters: 500, epoch: 8 | loss: 0.1923134
	speed: 0.0057s/iter; left time: 14.8279s
	iters: 600, epoch: 8 | loss: 0.1903884
	speed: 0.0056s/iter; left time: 14.0647s
	iters: 700, epoch: 8 | loss: 0.2350167
	speed: 0.0056s/iter; left time: 13.3849s
	iters: 800, epoch: 8 | loss: 0.1566102
	speed: 0.0069s/iter; left time: 15.8105s
	iters: 900, epoch: 8 | loss: 0.1685467
	speed: 0.0056s/iter; left time: 12.4624s
	iters: 1000, epoch: 8 | loss: 0.1441275
	speed: 0.0062s/iter; left time: 13.0281s
Epoch: 8 cost time: 6.907829999923706
Epoch: 8, Steps: 1035 | Train Loss: 0.1815829 Vali Loss: 0.4233922 Test Loss: 0.3149886
EarlyStopping counter: 1 out of 3
Updating learning rate to 7.8125e-06
	iters: 100, epoch: 9 | loss: 0.2098508
	speed: 0.0554s/iter; left time: 109.1732s
	iters: 200, epoch: 9 | loss: 0.2005994
	speed: 0.0057s/iter; left time: 10.6712s
	iters: 300, epoch: 9 | loss: 0.1774154
	speed: 0.0056s/iter; left time: 9.9941s
	iters: 400, epoch: 9 | loss: 0.1582513
	speed: 0.0057s/iter; left time: 9.5035s
	iters: 500, epoch: 9 | loss: 0.1947627
	speed: 0.0055s/iter; left time: 8.6423s
	iters: 600, epoch: 9 | loss: 0.2172284
	speed: 0.0055s/iter; left time: 8.0790s
	iters: 700, epoch: 9 | loss: 0.1362078
	speed: 0.0055s/iter; left time: 7.5677s
	iters: 800, epoch: 9 | loss: 0.1226408
	speed: 0.0055s/iter; left time: 7.0405s
	iters: 900, epoch: 9 | loss: 0.1675028
	speed: 0.0057s/iter; left time: 6.7135s
	iters: 1000, epoch: 9 | loss: 0.1846824
	speed: 0.0055s/iter; left time: 5.9051s
Epoch: 9 cost time: 6.61635947227478
Epoch: 9, Steps: 1035 | Train Loss: 0.1807994 Vali Loss: 0.4239162 Test Loss: 0.3151670
EarlyStopping counter: 2 out of 3
Updating learning rate to 3.90625e-06
	iters: 100, epoch: 10 | loss: 0.1497374
	speed: 0.0548s/iter; left time: 51.2780s
	iters: 200, epoch: 10 | loss: 0.1685990
	speed: 0.0055s/iter; left time: 4.5833s
	iters: 300, epoch: 10 | loss: 0.2561509
	speed: 0.0053s/iter; left time: 3.9233s
	iters: 400, epoch: 10 | loss: 0.2114870
	speed: 0.0055s/iter; left time: 3.4886s
	iters: 500, epoch: 10 | loss: 0.1297193
	speed: 0.0052s/iter; left time: 2.7997s
	iters: 600, epoch: 10 | loss: 0.1125009
	speed: 0.0054s/iter; left time: 2.3407s
	iters: 700, epoch: 10 | loss: 0.2207825
	speed: 0.0055s/iter; left time: 1.8392s
	iters: 800, epoch: 10 | loss: 0.1767663
	speed: 0.0054s/iter; left time: 1.2800s
	iters: 900, epoch: 10 | loss: 0.2250100
	speed: 0.0058s/iter; left time: 0.7843s
	iters: 1000, epoch: 10 | loss: 0.1625392
	speed: 0.0058s/iter; left time: 0.2103s
Epoch: 10 cost time: 6.546043157577515
Epoch: 10, Steps: 1035 | Train Loss: 0.1804364 Vali Loss: 0.4243006 Test Loss: 0.3148316
EarlyStopping counter: 3 out of 3
Early stopping
>>>>>>>testing : ETTh1_336_24_GRevagLinear_ETTh1_ftM_sl336_ll48_pl24_dm512_nh8_el2_dl1_df2048_fc1_ebtimeF_dtTrue_Exp_0<<<<<<<<<<<<<<<<<<<<<<<<<<<<<<<<<
test 2857
mse:0.3141649067401886, mae:0.3653869926929474
