Args in experiment:
Namespace(activation='gelu', batch_size=16, c_out=7, checkpoints='/spo/NewbornTime/tahir098/SVF/data/Extra/checkpoints/', d_ff=2048, d_layers=1, d_model=512, data='custom', data_path='electricity.csv', dec_in=7, des='Exp', devices='0,1,2,3', distil=True, do_predict=False, dropout=0.05, e_layers=2, embed='timeF', embed_type=0, enc_in=321, factor=1, features='M', freq='h', gpu=0, individual=False, is_training=1, itr=1, label_len=48, learning_rate=0.001, loss='mse', lradj='type1', model='GRevagLinear', model_id='Electricity_720_720', moving_avg=25, n_heads=8, num_workers=10, output_attention=False, patience=3, pred_len=720, root_path='./dataset/', seq_len=720, target='OT', test_flop=False, train_epochs=10, train_only=False, use_amp=False, use_gpu=True, use_multi_gpu=False)
Use GPU: cuda:0
>>>>>>>start training : Electricity_720_720_GRevagLinear_custom_ftM_sl720_ll48_pl720_dm512_nh8_el2_dl1_df2048_fc1_ebtimeF_dtTrue_Exp_0>>>>>>>>>>>>>>>>>>>>>>>>>>
train 16973
val 1913
test 4541
	iters: 100, epoch: 1 | loss: 0.2357057
	speed: 0.0326s/iter; left time: 341.9358s
	iters: 200, epoch: 1 | loss: 0.2885565
	speed: 0.0255s/iter; left time: 264.8695s
	iters: 300, epoch: 1 | loss: 0.2416857
	speed: 0.0256s/iter; left time: 263.3188s
	iters: 400, epoch: 1 | loss: 0.2002177
	speed: 0.0250s/iter; left time: 255.3350s
	iters: 500, epoch: 1 | loss: 0.2280070
	speed: 0.0252s/iter; left time: 254.9930s
	iters: 600, epoch: 1 | loss: 0.2439143
	speed: 0.0262s/iter; left time: 262.1031s
	iters: 700, epoch: 1 | loss: 0.1954661
	speed: 0.0256s/iter; left time: 253.9451s
	iters: 800, epoch: 1 | loss: 0.2164310
	speed: 0.0254s/iter; left time: 248.5697s
	iters: 900, epoch: 1 | loss: 0.2115188
	speed: 0.0256s/iter; left time: 248.5748s
	iters: 1000, epoch: 1 | loss: 0.2182507
	speed: 0.0271s/iter; left time: 260.2574s
Epoch: 1 cost time: 28.004883289337158
Epoch: 1, Steps: 1060 | Train Loss: 0.2344936 Vali Loss: 0.1827018 Test Loss: 0.2131088
Validation loss decreased (inf --> 0.182702).  Saving model ...
Updating learning rate to 0.001
	iters: 100, epoch: 2 | loss: 0.2104085
	speed: 0.2162s/iter; left time: 2040.9800s
	iters: 200, epoch: 2 | loss: 0.2128144
	speed: 0.0252s/iter; left time: 235.1217s
	iters: 300, epoch: 2 | loss: 0.2662930
	speed: 0.0252s/iter; left time: 232.7661s
	iters: 400, epoch: 2 | loss: 0.2014492
	speed: 0.0255s/iter; left time: 232.9372s
	iters: 500, epoch: 2 | loss: 0.2018777
	speed: 0.0254s/iter; left time: 229.4941s
	iters: 600, epoch: 2 | loss: 0.2496449
	speed: 0.0253s/iter; left time: 226.2717s
	iters: 700, epoch: 2 | loss: 0.2225556
	speed: 0.0252s/iter; left time: 222.8244s
	iters: 800, epoch: 2 | loss: 0.2662559
	speed: 0.0261s/iter; left time: 228.4676s
	iters: 900, epoch: 2 | loss: 0.2365867
	speed: 0.0263s/iter; left time: 227.0445s
	iters: 1000, epoch: 2 | loss: 0.1972556
	speed: 0.0266s/iter; left time: 227.4181s
Epoch: 2 cost time: 27.888301610946655
Epoch: 2, Steps: 1060 | Train Loss: 0.2192043 Vali Loss: 0.1764116 Test Loss: 0.2047825
Validation loss decreased (0.182702 --> 0.176412).  Saving model ...
Updating learning rate to 0.0005
	iters: 100, epoch: 3 | loss: 0.1987696
	speed: 0.2305s/iter; left time: 1932.2204s
	iters: 200, epoch: 3 | loss: 0.1844222
	speed: 0.0256s/iter; left time: 211.9043s
	iters: 300, epoch: 3 | loss: 0.1915132
	speed: 0.0262s/iter; left time: 214.0689s
	iters: 400, epoch: 3 | loss: 0.2051874
	speed: 0.0255s/iter; left time: 206.3347s
	iters: 500, epoch: 3 | loss: 0.2375117
	speed: 0.0257s/iter; left time: 205.4716s
	iters: 600, epoch: 3 | loss: 0.1922161
	speed: 0.0256s/iter; left time: 201.3838s
	iters: 700, epoch: 3 | loss: 0.2068377
	speed: 0.0257s/iter; left time: 199.8775s
	iters: 800, epoch: 3 | loss: 0.2002351
	speed: 0.0257s/iter; left time: 197.4373s
	iters: 900, epoch: 3 | loss: 0.2386020
	speed: 0.0261s/iter; left time: 197.9031s
	iters: 1000, epoch: 3 | loss: 0.2313665
	speed: 0.0258s/iter; left time: 193.2905s
Epoch: 3 cost time: 28.239060878753662
Epoch: 3, Steps: 1060 | Train Loss: 0.2125530 Vali Loss: 0.1766264 Test Loss: 0.2011096
EarlyStopping counter: 1 out of 3
Updating learning rate to 0.00025
	iters: 100, epoch: 4 | loss: 0.1946032
	speed: 0.2181s/iter; left time: 1596.9846s
	iters: 200, epoch: 4 | loss: 0.1810306
	speed: 0.0254s/iter; left time: 183.2284s
	iters: 300, epoch: 4 | loss: 0.2314538
	speed: 0.0257s/iter; left time: 183.1626s
	iters: 400, epoch: 4 | loss: 0.2270784
	speed: 0.0261s/iter; left time: 183.2724s
	iters: 500, epoch: 4 | loss: 0.2611001
	speed: 0.0258s/iter; left time: 178.6584s
	iters: 600, epoch: 4 | loss: 0.1807787
	speed: 0.0258s/iter; left time: 176.1218s
	iters: 700, epoch: 4 | loss: 0.2131684
	speed: 0.0260s/iter; left time: 174.8506s
	iters: 800, epoch: 4 | loss: 0.2544940
	speed: 0.0257s/iter; left time: 170.3423s
	iters: 900, epoch: 4 | loss: 0.1810066
	speed: 0.0258s/iter; left time: 168.2891s
	iters: 1000, epoch: 4 | loss: 0.1945626
	speed: 0.0266s/iter; left time: 171.1190s
Epoch: 4 cost time: 28.34281873703003
Epoch: 4, Steps: 1060 | Train Loss: 0.2093927 Vali Loss: 0.1729779 Test Loss: 0.2000565
Validation loss decreased (0.176412 --> 0.172978).  Saving model ...
Updating learning rate to 0.000125
	iters: 100, epoch: 5 | loss: 0.2177629
	speed: 0.2135s/iter; left time: 1336.4900s
	iters: 200, epoch: 5 | loss: 0.2272218
	speed: 0.0256s/iter; left time: 157.9168s
	iters: 300, epoch: 5 | loss: 0.1828727
	speed: 0.0257s/iter; left time: 155.8600s
	iters: 400, epoch: 5 | loss: 0.2009039
	speed: 0.0252s/iter; left time: 150.4342s
	iters: 500, epoch: 5 | loss: 0.2005210
	speed: 0.0258s/iter; left time: 151.2371s
	iters: 600, epoch: 5 | loss: 0.2287210
	speed: 0.0251s/iter; left time: 144.8168s
	iters: 700, epoch: 5 | loss: 0.2183103
	speed: 0.0253s/iter; left time: 143.0079s
	iters: 800, epoch: 5 | loss: 0.2372539
	speed: 0.0256s/iter; left time: 142.1008s
	iters: 900, epoch: 5 | loss: 0.1845855
	speed: 0.0258s/iter; left time: 141.0171s
	iters: 1000, epoch: 5 | loss: 0.2105254
	speed: 0.0260s/iter; left time: 139.3378s
Epoch: 5 cost time: 28.099103212356567
Epoch: 5, Steps: 1060 | Train Loss: 0.2076788 Vali Loss: 0.1716233 Test Loss: 0.2001581
Validation loss decreased (0.172978 --> 0.171623).  Saving model ...
Updating learning rate to 6.25e-05
	iters: 100, epoch: 6 | loss: 0.1846955
	speed: 0.2153s/iter; left time: 1119.7600s
	iters: 200, epoch: 6 | loss: 0.2014028
	speed: 0.0254s/iter; left time: 129.7285s
	iters: 300, epoch: 6 | loss: 0.2003359
	speed: 0.0255s/iter; left time: 127.2862s
	iters: 400, epoch: 6 | loss: 0.2007169
	speed: 0.0255s/iter; left time: 124.8861s
	iters: 500, epoch: 6 | loss: 0.2019869
	speed: 0.0251s/iter; left time: 120.5369s
	iters: 600, epoch: 6 | loss: 0.2253945
	speed: 0.0253s/iter; left time: 118.8007s
	iters: 700, epoch: 6 | loss: 0.2153954
	speed: 0.0265s/iter; left time: 121.7090s
	iters: 800, epoch: 6 | loss: 0.1846935
	speed: 0.0258s/iter; left time: 116.2175s
	iters: 900, epoch: 6 | loss: 0.2179550
	speed: 0.0253s/iter; left time: 111.5267s
	iters: 1000, epoch: 6 | loss: 0.2280747
	speed: 0.0254s/iter; left time: 109.1336s
Epoch: 6 cost time: 28.025731086730957
Epoch: 6, Steps: 1060 | Train Loss: 0.2066495 Vali Loss: 0.1711685 Test Loss: 0.1980055
Validation loss decreased (0.171623 --> 0.171169).  Saving model ...
Updating learning rate to 3.125e-05
	iters: 100, epoch: 7 | loss: 0.2013991
	speed: 0.2324s/iter; left time: 962.3123s
	iters: 200, epoch: 7 | loss: 0.2137191
	speed: 0.0260s/iter; left time: 104.9332s
	iters: 300, epoch: 7 | loss: 0.1918577
	speed: 0.0254s/iter; left time: 100.1504s
	iters: 400, epoch: 7 | loss: 0.2118415
	speed: 0.0252s/iter; left time: 96.8701s
	iters: 500, epoch: 7 | loss: 0.2082889
	speed: 0.0255s/iter; left time: 95.4521s
	iters: 600, epoch: 7 | loss: 0.1812746
	speed: 0.0255s/iter; left time: 92.6684s
	iters: 700, epoch: 7 | loss: 0.2186965
	speed: 0.0252s/iter; left time: 89.3553s
	iters: 800, epoch: 7 | loss: 0.2096519
	speed: 0.0251s/iter; left time: 86.5093s
	iters: 900, epoch: 7 | loss: 0.2348475
	speed: 0.0261s/iter; left time: 87.3282s
	iters: 1000, epoch: 7 | loss: 0.2318985
	speed: 0.0256s/iter; left time: 83.1234s
Epoch: 7 cost time: 27.99287986755371
Epoch: 7, Steps: 1060 | Train Loss: 0.2060526 Vali Loss: 0.1704919 Test Loss: 0.1980152
Validation loss decreased (0.171169 --> 0.170492).  Saving model ...
Updating learning rate to 1.5625e-05
	iters: 100, epoch: 8 | loss: 0.1964571
	speed: 0.2291s/iter; left time: 705.8210s
	iters: 200, epoch: 8 | loss: 0.1992976
	speed: 0.0262s/iter; left time: 78.1705s
	iters: 300, epoch: 8 | loss: 0.2362434
	speed: 0.0253s/iter; left time: 72.8354s
	iters: 400, epoch: 8 | loss: 0.1814379
	speed: 0.0255s/iter; left time: 70.8428s
	iters: 500, epoch: 8 | loss: 0.1884091
	speed: 0.0257s/iter; left time: 68.8968s
	iters: 600, epoch: 8 | loss: 0.2443938
	speed: 0.0251s/iter; left time: 64.8893s
	iters: 700, epoch: 8 | loss: 0.2224944
	speed: 0.0254s/iter; left time: 63.0260s
	iters: 800, epoch: 8 | loss: 0.2174436
	speed: 0.0261s/iter; left time: 62.1069s
	iters: 900, epoch: 8 | loss: 0.1897831
	speed: 0.0263s/iter; left time: 59.9386s
	iters: 1000, epoch: 8 | loss: 0.2269901
	speed: 0.0260s/iter; left time: 56.7848s
Epoch: 8 cost time: 28.291426181793213
Epoch: 8, Steps: 1060 | Train Loss: 0.2057251 Vali Loss: 0.1704767 Test Loss: 0.1977207
Validation loss decreased (0.170492 --> 0.170477).  Saving model ...
Updating learning rate to 7.8125e-06
	iters: 100, epoch: 9 | loss: 0.2307841
	speed: 0.2012s/iter; left time: 406.7194s
	iters: 200, epoch: 9 | loss: 0.1924386
	speed: 0.0263s/iter; left time: 50.4420s
	iters: 300, epoch: 9 | loss: 0.2190617
	speed: 0.0253s/iter; left time: 46.1397s
	iters: 400, epoch: 9 | loss: 0.2025479
	speed: 0.0254s/iter; left time: 43.7388s
	iters: 500, epoch: 9 | loss: 0.1824660
	speed: 0.0251s/iter; left time: 40.7144s
	iters: 600, epoch: 9 | loss: 0.1990694
	speed: 0.0252s/iter; left time: 38.3893s
	iters: 700, epoch: 9 | loss: 0.1987656
	speed: 0.0257s/iter; left time: 36.5178s
	iters: 800, epoch: 9 | loss: 0.2282027
	speed: 0.0254s/iter; left time: 33.6108s
	iters: 900, epoch: 9 | loss: 0.2180831
	speed: 0.0252s/iter; left time: 30.7414s
	iters: 1000, epoch: 9 | loss: 0.1925877
	speed: 0.0254s/iter; left time: 28.4623s
Epoch: 9 cost time: 28.007203578948975
Epoch: 9, Steps: 1060 | Train Loss: 0.2055270 Vali Loss: 0.1705702 Test Loss: 0.1975558
EarlyStopping counter: 1 out of 3
Updating learning rate to 3.90625e-06
	iters: 100, epoch: 10 | loss: 0.2033145
	speed: 0.2105s/iter; left time: 202.2554s
	iters: 200, epoch: 10 | loss: 0.2058871
	speed: 0.0254s/iter; left time: 21.8611s
	iters: 300, epoch: 10 | loss: 0.2169089
	speed: 0.0258s/iter; left time: 19.6161s
	iters: 400, epoch: 10 | loss: 0.2293081
	speed: 0.0256s/iter; left time: 16.9061s
	iters: 500, epoch: 10 | loss: 0.2603088
	speed: 0.0252s/iter; left time: 14.1260s
	iters: 600, epoch: 10 | loss: 0.1879333
	speed: 0.0250s/iter; left time: 11.5044s
	iters: 700, epoch: 10 | loss: 0.2244314
	speed: 0.0254s/iter; left time: 9.1616s
	iters: 800, epoch: 10 | loss: 0.2090043
	speed: 0.0255s/iter; left time: 6.6562s
	iters: 900, epoch: 10 | loss: 0.2193777
	speed: 0.0257s/iter; left time: 4.1338s
	iters: 1000, epoch: 10 | loss: 0.2522440
	speed: 0.0259s/iter; left time: 1.5807s
Epoch: 10 cost time: 27.91014575958252
Epoch: 10, Steps: 1060 | Train Loss: 0.2054028 Vali Loss: 0.1706696 Test Loss: 0.1974721
EarlyStopping counter: 2 out of 3
Updating learning rate to 1.953125e-06
>>>>>>>testing : Electricity_720_720_GRevagLinear_custom_ftM_sl720_ll48_pl720_dm512_nh8_el2_dl1_df2048_fc1_ebtimeF_dtTrue_Exp_0<<<<<<<<<<<<<<<<<<<<<<<<<<<<<<<<<
test 4541
mse:0.1976289302110672, mae:0.2878490686416626
