Args in experiment:
Namespace(activation='gelu', batch_size=16, c_out=7, checkpoints='/spo/NewbornTime/tahir098/SVF/data/Extra/checkpoints/', d_ff=2048, d_layers=1, d_model=512, data='custom', data_path='weather.csv', dec_in=7, des='Exp', devices='0,1,2,3', distil=True, do_predict=False, dropout=0.05, e_layers=2, embed='timeF', embed_type=0, enc_in=21, factor=1, features='M', freq='h', gpu=0, individual=False, is_training=1, itr=1, label_len=48, learning_rate=0.001, loss='mse', lradj='type1', model='DLinear', model_id='weather_672_24', moving_avg=25, n_heads=8, num_workers=10, output_attention=False, patience=3, pred_len=24, root_path='./dataset/', seq_len=672, target='OT', test_flop=False, train_epochs=10, train_only=False, use_amp=False, use_gpu=True, use_multi_gpu=False)
Use GPU: cuda:0
>>>>>>>start training : weather_672_24_DLinear_custom_ftM_sl672_ll48_pl24_dm512_nh8_el2_dl1_df2048_fc1_ebtimeF_dtTrue_Exp_0>>>>>>>>>>>>>>>>>>>>>>>>>>
train 36192
val 5247
test 10516
	iters: 100, epoch: 1 | loss: 0.3299235
	speed: 0.0129s/iter; left time: 291.1579s
	iters: 200, epoch: 1 | loss: 0.2103235
	speed: 0.0055s/iter; left time: 123.6596s
	iters: 300, epoch: 1 | loss: 0.2472536
	speed: 0.0059s/iter; left time: 130.8427s
	iters: 400, epoch: 1 | loss: 0.6167997
	speed: 0.0058s/iter; left time: 127.7714s
	iters: 500, epoch: 1 | loss: 0.1027357
	speed: 0.0055s/iter; left time: 122.5035s
	iters: 600, epoch: 1 | loss: 0.4054726
	speed: 0.0056s/iter; left time: 124.3233s
	iters: 700, epoch: 1 | loss: 0.1643599
	speed: 0.0058s/iter; left time: 126.4162s
	iters: 800, epoch: 1 | loss: 0.2071898
	speed: 0.0057s/iter; left time: 123.3960s
	iters: 900, epoch: 1 | loss: 0.1596618
	speed: 0.0058s/iter; left time: 125.0590s
	iters: 1000, epoch: 1 | loss: 0.1880298
	speed: 0.0056s/iter; left time: 121.9413s
	iters: 1100, epoch: 1 | loss: 0.2458114
	speed: 0.0064s/iter; left time: 138.5819s
	iters: 1200, epoch: 1 | loss: 0.1047382
	speed: 0.0058s/iter; left time: 124.5026s
	iters: 1300, epoch: 1 | loss: 0.2363570
	speed: 0.0056s/iter; left time: 120.4505s
	iters: 1400, epoch: 1 | loss: 0.3508764
	speed: 0.0060s/iter; left time: 126.2938s
	iters: 1500, epoch: 1 | loss: 0.2354601
	speed: 0.0054s/iter; left time: 114.3295s
	iters: 1600, epoch: 1 | loss: 0.2605712
	speed: 0.0060s/iter; left time: 125.7937s
	iters: 1700, epoch: 1 | loss: 0.5135050
	speed: 0.0066s/iter; left time: 137.3309s
	iters: 1800, epoch: 1 | loss: 0.1630599
	speed: 0.0058s/iter; left time: 120.6380s
	iters: 1900, epoch: 1 | loss: 0.2932481
	speed: 0.0055s/iter; left time: 114.0533s
	iters: 2000, epoch: 1 | loss: 0.1596444
	speed: 0.0058s/iter; left time: 118.8696s
	iters: 2100, epoch: 1 | loss: 0.3018398
	speed: 0.0056s/iter; left time: 115.3261s
	iters: 2200, epoch: 1 | loss: 0.7398112
	speed: 0.0063s/iter; left time: 129.0520s
Epoch: 1 cost time: 13.970294713973999
Epoch: 1, Steps: 2262 | Train Loss: 0.3479839 Vali Loss: 0.2963565 Test Loss: 0.1066869
Validation loss decreased (inf --> 0.296357).  Saving model ...
Updating learning rate to 0.001
	iters: 100, epoch: 2 | loss: 0.2614901
	speed: 0.0779s/iter; left time: 1577.2558s
	iters: 200, epoch: 2 | loss: 0.1471272
	speed: 0.0058s/iter; left time: 116.0555s
	iters: 300, epoch: 2 | loss: 0.1134693
	speed: 0.0056s/iter; left time: 113.0609s
	iters: 400, epoch: 2 | loss: 0.1446036
	speed: 0.0062s/iter; left time: 123.7563s
	iters: 500, epoch: 2 | loss: 0.2044534
	speed: 0.0062s/iter; left time: 122.5176s
	iters: 600, epoch: 2 | loss: 0.1680461
	speed: 0.0055s/iter; left time: 108.3955s
	iters: 700, epoch: 2 | loss: 0.3070365
	speed: 0.0058s/iter; left time: 113.1297s
	iters: 800, epoch: 2 | loss: 0.2008745
	speed: 0.0056s/iter; left time: 110.1830s
	iters: 900, epoch: 2 | loss: 0.2078545
	speed: 0.0060s/iter; left time: 116.1773s
	iters: 1000, epoch: 2 | loss: 0.3593440
	speed: 0.0059s/iter; left time: 114.0604s
	iters: 1100, epoch: 2 | loss: 0.3112999
	speed: 0.0056s/iter; left time: 108.7281s
	iters: 1200, epoch: 2 | loss: 0.1866831
	speed: 0.0058s/iter; left time: 110.4964s
	iters: 1300, epoch: 2 | loss: 0.2979007
	speed: 0.0062s/iter; left time: 117.6398s
	iters: 1400, epoch: 2 | loss: 0.3348008
	speed: 0.0055s/iter; left time: 104.2065s
	iters: 1500, epoch: 2 | loss: 0.3286344
	speed: 0.0056s/iter; left time: 106.1027s
	iters: 1600, epoch: 2 | loss: 0.3195660
	speed: 0.0059s/iter; left time: 110.5732s
	iters: 1700, epoch: 2 | loss: 0.3973040
	speed: 0.0056s/iter; left time: 104.5919s
	iters: 1800, epoch: 2 | loss: 0.1164283
	speed: 0.0055s/iter; left time: 102.6541s
	iters: 1900, epoch: 2 | loss: 0.1690215
	speed: 0.0055s/iter; left time: 102.0016s
	iters: 2000, epoch: 2 | loss: 0.2043844
	speed: 0.0058s/iter; left time: 105.9135s
	iters: 2100, epoch: 2 | loss: 0.1660632
	speed: 0.0060s/iter; left time: 109.3830s
	iters: 2200, epoch: 2 | loss: 0.4656633
	speed: 0.0066s/iter; left time: 120.5394s
Epoch: 2 cost time: 13.996296644210815
Epoch: 2, Steps: 2262 | Train Loss: 0.3391132 Vali Loss: 0.2951376 Test Loss: 0.1092566
Validation loss decreased (0.296357 --> 0.295138).  Saving model ...
Updating learning rate to 0.0005
	iters: 100, epoch: 3 | loss: 0.3920250
	speed: 0.0782s/iter; left time: 1407.4655s
	iters: 200, epoch: 3 | loss: 0.2144926
	speed: 0.0061s/iter; left time: 109.2002s
	iters: 300, epoch: 3 | loss: 0.2340141
	speed: 0.0059s/iter; left time: 104.9773s
	iters: 400, epoch: 3 | loss: 0.1639747
	speed: 0.0060s/iter; left time: 106.7153s
	iters: 500, epoch: 3 | loss: 0.2383568
	speed: 0.0059s/iter; left time: 103.0247s
	iters: 600, epoch: 3 | loss: 0.1371947
	speed: 0.0060s/iter; left time: 104.9061s
	iters: 700, epoch: 3 | loss: 0.2008198
	speed: 0.0056s/iter; left time: 97.8913s
	iters: 800, epoch: 3 | loss: 0.2018553
	speed: 0.0061s/iter; left time: 105.8070s
	iters: 900, epoch: 3 | loss: 0.1301908
	speed: 0.0060s/iter; left time: 103.8565s
	iters: 1000, epoch: 3 | loss: 0.6730779
	speed: 0.0058s/iter; left time: 99.8924s
	iters: 1100, epoch: 3 | loss: 0.1454263
	speed: 0.0061s/iter; left time: 103.2484s
	iters: 1200, epoch: 3 | loss: 0.1750835
	speed: 0.0059s/iter; left time: 100.5353s
	iters: 1300, epoch: 3 | loss: 0.1286898
	speed: 0.0062s/iter; left time: 104.5710s
	iters: 1400, epoch: 3 | loss: 0.1908976
	speed: 0.0060s/iter; left time: 99.9752s
	iters: 1500, epoch: 3 | loss: 0.2860858
	speed: 0.0056s/iter; left time: 92.9727s
	iters: 1600, epoch: 3 | loss: 0.1616486
	speed: 0.0056s/iter; left time: 92.8237s
	iters: 1700, epoch: 3 | loss: 0.1684470
	speed: 0.0061s/iter; left time: 99.2677s
	iters: 1800, epoch: 3 | loss: 0.1498097
	speed: 0.0057s/iter; left time: 93.2178s
	iters: 1900, epoch: 3 | loss: 0.1295888
	speed: 0.0057s/iter; left time: 91.8747s
	iters: 2000, epoch: 3 | loss: 0.2873209
	speed: 0.0064s/iter; left time: 102.3257s
	iters: 2100, epoch: 3 | loss: 0.5918190
	speed: 0.0058s/iter; left time: 93.3525s
	iters: 2200, epoch: 3 | loss: 0.1891183
	speed: 0.0068s/iter; left time: 107.8590s
Epoch: 3 cost time: 14.337415218353271
Epoch: 3, Steps: 2262 | Train Loss: 0.3267956 Vali Loss: 0.2872041 Test Loss: 0.1061151
Validation loss decreased (0.295138 --> 0.287204).  Saving model ...
Updating learning rate to 0.00025
	iters: 100, epoch: 4 | loss: 0.1663636
	speed: 0.0767s/iter; left time: 1207.4566s
	iters: 200, epoch: 4 | loss: 0.1559895
	speed: 0.0059s/iter; left time: 91.8555s
	iters: 300, epoch: 4 | loss: 0.2130306
	speed: 0.0057s/iter; left time: 88.1836s
	iters: 400, epoch: 4 | loss: 0.1019230
	speed: 0.0057s/iter; left time: 87.5161s
	iters: 500, epoch: 4 | loss: 0.1020008
	speed: 0.0058s/iter; left time: 89.2033s
	iters: 600, epoch: 4 | loss: 0.2607684
	speed: 0.0061s/iter; left time: 92.9973s
	iters: 700, epoch: 4 | loss: 0.3617770
	speed: 0.0061s/iter; left time: 92.0710s
	iters: 800, epoch: 4 | loss: 0.3259350
	speed: 0.0060s/iter; left time: 89.7947s
	iters: 900, epoch: 4 | loss: 0.1229874
	speed: 0.0064s/iter; left time: 96.0559s
	iters: 1000, epoch: 4 | loss: 0.2018591
	speed: 0.0056s/iter; left time: 83.5709s
	iters: 1100, epoch: 4 | loss: 0.2409072
	speed: 0.0055s/iter; left time: 81.5461s
	iters: 1200, epoch: 4 | loss: 0.3008211
	speed: 0.0058s/iter; left time: 84.7182s
	iters: 1300, epoch: 4 | loss: 0.2735400
	speed: 0.0057s/iter; left time: 82.9013s
	iters: 1400, epoch: 4 | loss: 0.1771847
	speed: 0.0058s/iter; left time: 83.9484s
	iters: 1500, epoch: 4 | loss: 0.2462976
	speed: 0.0059s/iter; left time: 84.7367s
	iters: 1600, epoch: 4 | loss: 0.5714222
	speed: 0.0057s/iter; left time: 80.7602s
	iters: 1700, epoch: 4 | loss: 0.1387052
	speed: 0.0057s/iter; left time: 80.6591s
	iters: 1800, epoch: 4 | loss: 0.1968507
	speed: 0.0055s/iter; left time: 77.3999s
	iters: 1900, epoch: 4 | loss: 0.2032786
	speed: 0.0058s/iter; left time: 80.3554s
	iters: 2000, epoch: 4 | loss: 0.1236865
	speed: 0.0056s/iter; left time: 78.0278s
	iters: 2100, epoch: 4 | loss: 0.1095305
	speed: 0.0054s/iter; left time: 74.5887s
	iters: 2200, epoch: 4 | loss: 0.2185593
	speed: 0.0054s/iter; left time: 74.2153s
Epoch: 4 cost time: 13.889940738677979
Epoch: 4, Steps: 2262 | Train Loss: 0.3220583 Vali Loss: 0.2821321 Test Loss: 0.1018227
Validation loss decreased (0.287204 --> 0.282132).  Saving model ...
Updating learning rate to 0.000125
	iters: 100, epoch: 5 | loss: 0.1143921
	speed: 0.0765s/iter; left time: 1030.2839s
	iters: 200, epoch: 5 | loss: 0.0930403
	speed: 0.0057s/iter; left time: 75.8915s
	iters: 300, epoch: 5 | loss: 1.3034626
	speed: 0.0061s/iter; left time: 81.3784s
	iters: 400, epoch: 5 | loss: 0.1314752
	speed: 0.0061s/iter; left time: 79.9590s
	iters: 500, epoch: 5 | loss: 0.3164382
	speed: 0.0057s/iter; left time: 74.5870s
	iters: 600, epoch: 5 | loss: 0.2566274
	speed: 0.0063s/iter; left time: 82.3055s
	iters: 700, epoch: 5 | loss: 0.2285685
	speed: 0.0060s/iter; left time: 77.6634s
	iters: 800, epoch: 5 | loss: 0.1706268
	speed: 0.0062s/iter; left time: 79.2083s
	iters: 900, epoch: 5 | loss: 0.1502638
	speed: 0.0057s/iter; left time: 72.6294s
	iters: 1000, epoch: 5 | loss: 0.3608167
	speed: 0.0062s/iter; left time: 77.6913s
	iters: 1100, epoch: 5 | loss: 0.6832315
	speed: 0.0067s/iter; left time: 83.9597s
	iters: 1200, epoch: 5 | loss: 0.3305385
	speed: 0.0059s/iter; left time: 73.1848s
	iters: 1300, epoch: 5 | loss: 0.1984168
	speed: 0.0058s/iter; left time: 71.5743s
	iters: 1400, epoch: 5 | loss: 0.2212233
	speed: 0.0057s/iter; left time: 69.6567s
	iters: 1500, epoch: 5 | loss: 0.2517291
	speed: 0.0063s/iter; left time: 75.6637s
	iters: 1600, epoch: 5 | loss: 0.2339570
	speed: 0.0058s/iter; left time: 70.0294s
	iters: 1700, epoch: 5 | loss: 0.1508370
	speed: 0.0062s/iter; left time: 73.4172s
	iters: 1800, epoch: 5 | loss: 0.1314793
	speed: 0.0058s/iter; left time: 68.6114s
	iters: 1900, epoch: 5 | loss: 1.4029460
	speed: 0.0059s/iter; left time: 68.4547s
	iters: 2000, epoch: 5 | loss: 0.2909008
	speed: 0.0059s/iter; left time: 68.2803s
	iters: 2100, epoch: 5 | loss: 0.1765273
	speed: 0.0070s/iter; left time: 80.4665s
	iters: 2200, epoch: 5 | loss: 0.1235208
	speed: 0.0058s/iter; left time: 65.9062s
Epoch: 5 cost time: 14.578667402267456
Epoch: 5, Steps: 2262 | Train Loss: 0.3187460 Vali Loss: 0.2820829 Test Loss: 0.1015227
Validation loss decreased (0.282132 --> 0.282083).  Saving model ...
Updating learning rate to 6.25e-05
	iters: 100, epoch: 6 | loss: 0.1702394
	speed: 0.0818s/iter; left time: 917.5550s
	iters: 200, epoch: 6 | loss: 0.1374355
	speed: 0.0058s/iter; left time: 64.1431s
	iters: 300, epoch: 6 | loss: 0.1657630
	speed: 0.0057s/iter; left time: 62.2431s
	iters: 400, epoch: 6 | loss: 0.1607330
	speed: 0.0060s/iter; left time: 65.4999s
	iters: 500, epoch: 6 | loss: 0.1709133
	speed: 0.0060s/iter; left time: 64.3927s
	iters: 600, epoch: 6 | loss: 0.1683699
	speed: 0.0060s/iter; left time: 63.8741s
	iters: 700, epoch: 6 | loss: 0.1244580
	speed: 0.0066s/iter; left time: 70.2410s
	iters: 800, epoch: 6 | loss: 0.1757500
	speed: 0.0057s/iter; left time: 60.4003s
	iters: 900, epoch: 6 | loss: 0.2339966
	speed: 0.0057s/iter; left time: 58.8248s
	iters: 1000, epoch: 6 | loss: 0.1321021
	speed: 0.0059s/iter; left time: 60.7550s
	iters: 1100, epoch: 6 | loss: 0.2159137
	speed: 0.0058s/iter; left time: 59.3121s
	iters: 1200, epoch: 6 | loss: 0.1556625
	speed: 0.0057s/iter; left time: 57.2390s
	iters: 1300, epoch: 6 | loss: 0.1229657
	speed: 0.0061s/iter; left time: 61.4267s
	iters: 1400, epoch: 6 | loss: 0.1345138
	speed: 0.0058s/iter; left time: 56.9922s
	iters: 1500, epoch: 6 | loss: 0.2801411
	speed: 0.0055s/iter; left time: 54.0011s
	iters: 1600, epoch: 6 | loss: 0.6221417
	speed: 0.0056s/iter; left time: 54.0403s
	iters: 1700, epoch: 6 | loss: 0.4595485
	speed: 0.0054s/iter; left time: 51.7372s
	iters: 1800, epoch: 6 | loss: 0.1723623
	speed: 0.0058s/iter; left time: 55.3126s
	iters: 1900, epoch: 6 | loss: 0.1450551
	speed: 0.0061s/iter; left time: 56.9670s
	iters: 2000, epoch: 6 | loss: 0.8579392
	speed: 0.0061s/iter; left time: 56.4339s
	iters: 2100, epoch: 6 | loss: 1.6843046
	speed: 0.0056s/iter; left time: 51.1670s
	iters: 2200, epoch: 6 | loss: 0.1842558
	speed: 0.0057s/iter; left time: 51.5511s
Epoch: 6 cost time: 14.045050859451294
Epoch: 6, Steps: 2262 | Train Loss: 0.3171441 Vali Loss: 0.2794630 Test Loss: 0.1010297
Validation loss decreased (0.282083 --> 0.279463).  Saving model ...
Updating learning rate to 3.125e-05
	iters: 100, epoch: 7 | loss: 0.4133208
	speed: 0.0770s/iter; left time: 689.1502s
	iters: 200, epoch: 7 | loss: 0.1851761
	speed: 0.0054s/iter; left time: 48.0266s
	iters: 300, epoch: 7 | loss: 0.1817266
	speed: 0.0058s/iter; left time: 50.9707s
	iters: 400, epoch: 7 | loss: 0.0967914
	speed: 0.0058s/iter; left time: 49.8499s
	iters: 500, epoch: 7 | loss: 0.2696542
	speed: 0.0065s/iter; left time: 55.5636s
	iters: 600, epoch: 7 | loss: 0.1571319
	speed: 0.0058s/iter; left time: 48.9317s
	iters: 700, epoch: 7 | loss: 0.2581013
	speed: 0.0061s/iter; left time: 51.1375s
	iters: 800, epoch: 7 | loss: 0.1123230
	speed: 0.0060s/iter; left time: 49.6450s
	iters: 900, epoch: 7 | loss: 0.1624901
	speed: 0.0054s/iter; left time: 44.2989s
	iters: 1000, epoch: 7 | loss: 0.3050540
	speed: 0.0054s/iter; left time: 43.6194s
	iters: 1100, epoch: 7 | loss: 0.1115597
	speed: 0.0056s/iter; left time: 44.2401s
	iters: 1200, epoch: 7 | loss: 0.1780716
	speed: 0.0058s/iter; left time: 45.6520s
	iters: 1300, epoch: 7 | loss: 0.2373041
	speed: 0.0057s/iter; left time: 43.9801s
	iters: 1400, epoch: 7 | loss: 0.2365619
	speed: 0.0060s/iter; left time: 45.9053s
	iters: 1500, epoch: 7 | loss: 0.1442315
	speed: 0.0060s/iter; left time: 45.6022s
	iters: 1600, epoch: 7 | loss: 0.4171402
	speed: 0.0057s/iter; left time: 42.4966s
	iters: 1700, epoch: 7 | loss: 0.1684310
	speed: 0.0056s/iter; left time: 41.2236s
	iters: 1800, epoch: 7 | loss: 0.1875016
	speed: 0.0056s/iter; left time: 40.5218s
	iters: 1900, epoch: 7 | loss: 0.5974170
	speed: 0.0056s/iter; left time: 40.3479s
	iters: 2000, epoch: 7 | loss: 0.2427100
	speed: 0.0060s/iter; left time: 42.1499s
	iters: 2100, epoch: 7 | loss: 0.2313006
	speed: 0.0057s/iter; left time: 39.6193s
	iters: 2200, epoch: 7 | loss: 0.1001490
	speed: 0.0057s/iter; left time: 38.8409s
Epoch: 7 cost time: 13.89221715927124
Epoch: 7, Steps: 2262 | Train Loss: 0.3163228 Vali Loss: 0.2804009 Test Loss: 0.1013379
EarlyStopping counter: 1 out of 3
Updating learning rate to 1.5625e-05
	iters: 100, epoch: 8 | loss: 0.4332412
	speed: 0.0764s/iter; left time: 510.6885s
	iters: 200, epoch: 8 | loss: 0.9612019
	speed: 0.0062s/iter; left time: 40.9119s
	iters: 300, epoch: 8 | loss: 0.2390500
	speed: 0.0063s/iter; left time: 40.6492s
	iters: 400, epoch: 8 | loss: 0.1704386
	speed: 0.0060s/iter; left time: 38.4140s
	iters: 500, epoch: 8 | loss: 0.3336841
	speed: 0.0056s/iter; left time: 35.3219s
	iters: 600, epoch: 8 | loss: 0.1530319
	speed: 0.0055s/iter; left time: 33.8169s
	iters: 700, epoch: 8 | loss: 0.4654095
	speed: 0.0054s/iter; left time: 32.6653s
	iters: 800, epoch: 8 | loss: 0.2826704
	speed: 0.0056s/iter; left time: 33.7253s
	iters: 900, epoch: 8 | loss: 0.3879034
	speed: 0.0056s/iter; left time: 33.2470s
	iters: 1000, epoch: 8 | loss: 0.3408326
	speed: 0.0056s/iter; left time: 32.3081s
	iters: 1100, epoch: 8 | loss: 0.2864402
	speed: 0.0057s/iter; left time: 32.3314s
	iters: 1200, epoch: 8 | loss: 0.1754588
	speed: 0.0058s/iter; left time: 32.4242s
	iters: 1300, epoch: 8 | loss: 0.1340474
	speed: 0.0054s/iter; left time: 29.7830s
	iters: 1400, epoch: 8 | loss: 0.4690929
	speed: 0.0056s/iter; left time: 29.9074s
	iters: 1500, epoch: 8 | loss: 0.1933273
	speed: 0.0055s/iter; left time: 29.0963s
	iters: 1600, epoch: 8 | loss: 0.2694734
	speed: 0.0058s/iter; left time: 30.3403s
	iters: 1700, epoch: 8 | loss: 0.3203202
	speed: 0.0056s/iter; left time: 28.6360s
	iters: 1800, epoch: 8 | loss: 0.1631927
	speed: 0.0057s/iter; left time: 28.6719s
	iters: 1900, epoch: 8 | loss: 0.0963966
	speed: 0.0060s/iter; left time: 29.0975s
	iters: 2000, epoch: 8 | loss: 0.1508843
	speed: 0.0054s/iter; left time: 25.6526s
	iters: 2100, epoch: 8 | loss: 0.1626567
	speed: 0.0060s/iter; left time: 27.9568s
	iters: 2200, epoch: 8 | loss: 0.2639847
	speed: 0.0060s/iter; left time: 27.6675s
Epoch: 8 cost time: 13.890405654907227
Epoch: 8, Steps: 2262 | Train Loss: 0.3158729 Vali Loss: 0.2803465 Test Loss: 0.1013090
EarlyStopping counter: 2 out of 3
Updating learning rate to 7.8125e-06
	iters: 100, epoch: 9 | loss: 0.1189182
	speed: 0.0766s/iter; left time: 338.8852s
	iters: 200, epoch: 9 | loss: 0.1525623
	speed: 0.0058s/iter; left time: 25.2408s
	iters: 300, epoch: 9 | loss: 0.3121265
	speed: 0.0060s/iter; left time: 25.5103s
	iters: 400, epoch: 9 | loss: 0.1712989
	speed: 0.0059s/iter; left time: 24.1901s
	iters: 500, epoch: 9 | loss: 0.6340566
	speed: 0.0060s/iter; left time: 24.0086s
	iters: 600, epoch: 9 | loss: 0.0894165
	speed: 0.0061s/iter; left time: 23.8703s
	iters: 700, epoch: 9 | loss: 0.1352689
	speed: 0.0055s/iter; left time: 20.9130s
	iters: 800, epoch: 9 | loss: 0.4788670
	speed: 0.0053s/iter; left time: 19.8512s
	iters: 900, epoch: 9 | loss: 0.1087778
	speed: 0.0056s/iter; left time: 20.3039s
	iters: 1000, epoch: 9 | loss: 0.1310620
	speed: 0.0059s/iter; left time: 20.7922s
	iters: 1100, epoch: 9 | loss: 1.6430309
	speed: 0.0057s/iter; left time: 19.6134s
	iters: 1200, epoch: 9 | loss: 0.1876289
	speed: 0.0060s/iter; left time: 19.7900s
	iters: 1300, epoch: 9 | loss: 1.2482498
	speed: 0.0054s/iter; left time: 17.3389s
	iters: 1400, epoch: 9 | loss: 0.7084833
	speed: 0.0057s/iter; left time: 17.7882s
	iters: 1500, epoch: 9 | loss: 0.2007740
	speed: 0.0057s/iter; left time: 17.2633s
	iters: 1600, epoch: 9 | loss: 0.1738268
	speed: 0.0059s/iter; left time: 17.1546s
	iters: 1700, epoch: 9 | loss: 0.1453792
	speed: 0.0055s/iter; left time: 15.6181s
	iters: 1800, epoch: 9 | loss: 0.1611220
	speed: 0.0060s/iter; left time: 16.4623s
	iters: 1900, epoch: 9 | loss: 0.2247891
	speed: 0.0059s/iter; left time: 15.4342s
	iters: 2000, epoch: 9 | loss: 0.2154916
	speed: 0.0056s/iter; left time: 14.2513s
	iters: 2100, epoch: 9 | loss: 0.1708514
	speed: 0.0057s/iter; left time: 13.9189s
	iters: 2200, epoch: 9 | loss: 0.6415299
	speed: 0.0058s/iter; left time: 13.4442s
Epoch: 9 cost time: 13.86519980430603
Epoch: 9, Steps: 2262 | Train Loss: 0.3156169 Vali Loss: 0.2799517 Test Loss: 0.1011046
EarlyStopping counter: 3 out of 3
Early stopping
>>>>>>>testing : weather_672_24_DLinear_custom_ftM_sl672_ll48_pl24_dm512_nh8_el2_dl1_df2048_fc1_ebtimeF_dtTrue_Exp_0<<<<<<<<<<<<<<<<<<<<<<<<<<<<<<<<<
test 10516
mse:0.10113266855478287, mae:0.14654137194156647
