Args in experiment:
Namespace(activation='gelu', batch_size=16, c_out=7, checkpoints='/spo/NewbornTime/tahir098/SVF/data/Extra/checkpoints/', d_ff=2048, d_layers=1, d_model=512, data='custom', data_path='weather.csv', dec_in=7, des='Exp', devices='0,1,2,3', distil=True, do_predict=False, dropout=0.05, e_layers=2, embed='timeF', embed_type=0, enc_in=21, factor=1, features='M', freq='h', gpu=0, individual=False, is_training=1, itr=1, label_len=48, learning_rate=0.001, loss='mse', lradj='type1', model='DLinear', model_id='weather_48_24', moving_avg=25, n_heads=8, num_workers=10, output_attention=False, patience=3, pred_len=24, root_path='./dataset/', seq_len=48, target='OT', test_flop=False, train_epochs=10, train_only=False, use_amp=False, use_gpu=True, use_multi_gpu=False)
Use GPU: cuda:0
>>>>>>>start training : weather_48_24_DLinear_custom_ftM_sl48_ll48_pl24_dm512_nh8_el2_dl1_df2048_fc1_ebtimeF_dtTrue_Exp_0>>>>>>>>>>>>>>>>>>>>>>>>>>
train 36816
val 5247
test 10516
	iters: 100, epoch: 1 | loss: 0.3769722
	speed: 0.0099s/iter; left time: 226.1262s
	iters: 200, epoch: 1 | loss: 0.1629727
	speed: 0.0044s/iter; left time: 101.0098s
	iters: 300, epoch: 1 | loss: 0.2376415
	speed: 0.0044s/iter; left time: 99.1397s
	iters: 400, epoch: 1 | loss: 0.2303853
	speed: 0.0044s/iter; left time: 98.6944s
	iters: 500, epoch: 1 | loss: 0.2312604
	speed: 0.0044s/iter; left time: 99.4428s
	iters: 600, epoch: 1 | loss: 0.2945903
	speed: 0.0044s/iter; left time: 98.4478s
	iters: 700, epoch: 1 | loss: 0.2040200
	speed: 0.0045s/iter; left time: 99.6067s
	iters: 800, epoch: 1 | loss: 0.3454685
	speed: 0.0048s/iter; left time: 107.3078s
	iters: 900, epoch: 1 | loss: 0.2733220
	speed: 0.0060s/iter; left time: 132.0670s
	iters: 1000, epoch: 1 | loss: 0.2349433
	speed: 0.0048s/iter; left time: 106.4312s
	iters: 1100, epoch: 1 | loss: 0.3337007
	speed: 0.0048s/iter; left time: 104.6606s
	iters: 1200, epoch: 1 | loss: 0.2523364
	speed: 0.0051s/iter; left time: 112.0888s
	iters: 1300, epoch: 1 | loss: 1.5739954
	speed: 0.0048s/iter; left time: 103.2705s
	iters: 1400, epoch: 1 | loss: 0.2383694
	speed: 0.0045s/iter; left time: 96.9169s
	iters: 1500, epoch: 1 | loss: 0.2782016
	speed: 0.0045s/iter; left time: 97.4751s
	iters: 1600, epoch: 1 | loss: 0.7491306
	speed: 0.0046s/iter; left time: 99.1241s
	iters: 1700, epoch: 1 | loss: 0.3524042
	speed: 0.0045s/iter; left time: 96.7491s
	iters: 1800, epoch: 1 | loss: 0.3170562
	speed: 0.0046s/iter; left time: 97.5917s
	iters: 1900, epoch: 1 | loss: 0.2837722
	speed: 0.0046s/iter; left time: 97.7320s
	iters: 2000, epoch: 1 | loss: 0.1491025
	speed: 0.0047s/iter; left time: 98.5800s
	iters: 2100, epoch: 1 | loss: 6.2718816
	speed: 0.0047s/iter; left time: 98.1495s
	iters: 2200, epoch: 1 | loss: 0.2485947
	speed: 0.0047s/iter; left time: 97.9616s
	iters: 2300, epoch: 1 | loss: 0.2358785
	speed: 0.0045s/iter; left time: 92.7972s
Epoch: 1 cost time: 11.354076385498047
Epoch: 1, Steps: 2301 | Train Loss: 0.4231881 Vali Loss: 0.3572986 Test Loss: 0.1352432
Validation loss decreased (inf --> 0.357299).  Saving model ...
Updating learning rate to 0.001
	iters: 100, epoch: 2 | loss: 0.5674130
	speed: 0.0557s/iter; left time: 1148.2417s
	iters: 200, epoch: 2 | loss: 0.2505172
	speed: 0.0049s/iter; left time: 99.8333s
	iters: 300, epoch: 2 | loss: 0.1940459
	speed: 0.0047s/iter; left time: 95.9857s
	iters: 400, epoch: 2 | loss: 0.2474798
	speed: 0.0047s/iter; left time: 94.9324s
	iters: 500, epoch: 2 | loss: 0.2222066
	speed: 0.0047s/iter; left time: 94.7196s
	iters: 600, epoch: 2 | loss: 0.1493572
	speed: 0.0052s/iter; left time: 104.8089s
	iters: 700, epoch: 2 | loss: 0.2571792
	speed: 0.0052s/iter; left time: 103.4221s
	iters: 800, epoch: 2 | loss: 0.2296602
	speed: 0.0051s/iter; left time: 101.9459s
	iters: 900, epoch: 2 | loss: 0.7348754
	speed: 0.0045s/iter; left time: 89.9456s
	iters: 1000, epoch: 2 | loss: 0.3842572
	speed: 0.0045s/iter; left time: 88.7150s
	iters: 1100, epoch: 2 | loss: 0.2291504
	speed: 0.0045s/iter; left time: 88.2852s
	iters: 1200, epoch: 2 | loss: 0.2134397
	speed: 0.0045s/iter; left time: 87.9907s
	iters: 1300, epoch: 2 | loss: 0.2176552
	speed: 0.0046s/iter; left time: 88.7690s
	iters: 1400, epoch: 2 | loss: 0.2742253
	speed: 0.0047s/iter; left time: 91.4354s
	iters: 1500, epoch: 2 | loss: 0.1988807
	speed: 0.0053s/iter; left time: 102.4366s
	iters: 1600, epoch: 2 | loss: 0.3229003
	speed: 0.0049s/iter; left time: 94.2316s
	iters: 1700, epoch: 2 | loss: 1.4439411
	speed: 0.0046s/iter; left time: 87.0870s
	iters: 1800, epoch: 2 | loss: 0.2774847
	speed: 0.0047s/iter; left time: 89.6693s
	iters: 1900, epoch: 2 | loss: 0.1750097
	speed: 0.0046s/iter; left time: 86.7894s
	iters: 2000, epoch: 2 | loss: 0.1464376
	speed: 0.0046s/iter; left time: 85.5408s
	iters: 2100, epoch: 2 | loss: 0.1876478
	speed: 0.0046s/iter; left time: 85.4244s
	iters: 2200, epoch: 2 | loss: 0.3098710
	speed: 0.0045s/iter; left time: 83.8794s
	iters: 2300, epoch: 2 | loss: 0.1589295
	speed: 0.0044s/iter; left time: 81.0005s
Epoch: 2 cost time: 11.520737648010254
Epoch: 2, Steps: 2301 | Train Loss: 0.4011094 Vali Loss: 0.3509790 Test Loss: 0.1272917
Validation loss decreased (0.357299 --> 0.350979).  Saving model ...
Updating learning rate to 0.0005
	iters: 100, epoch: 3 | loss: 0.2257266
	speed: 0.0531s/iter; left time: 972.8951s
	iters: 200, epoch: 3 | loss: 0.2318359
	speed: 0.0047s/iter; left time: 85.1472s
	iters: 300, epoch: 3 | loss: 0.3584765
	speed: 0.0048s/iter; left time: 87.6535s
	iters: 400, epoch: 3 | loss: 0.4821419
	speed: 0.0046s/iter; left time: 83.6059s
	iters: 500, epoch: 3 | loss: 0.2778186
	speed: 0.0049s/iter; left time: 88.2200s
	iters: 600, epoch: 3 | loss: 0.2636876
	speed: 0.0044s/iter; left time: 78.6826s
	iters: 700, epoch: 3 | loss: 1.4066284
	speed: 0.0048s/iter; left time: 84.9096s
	iters: 800, epoch: 3 | loss: 0.2402118
	speed: 0.0051s/iter; left time: 90.0689s
	iters: 900, epoch: 3 | loss: 0.2033737
	speed: 0.0059s/iter; left time: 103.6380s
	iters: 1000, epoch: 3 | loss: 0.2334152
	speed: 0.0053s/iter; left time: 92.7515s
	iters: 1100, epoch: 3 | loss: 0.2839242
	speed: 0.0047s/iter; left time: 81.5607s
	iters: 1200, epoch: 3 | loss: 0.4117934
	speed: 0.0046s/iter; left time: 79.3754s
	iters: 1300, epoch: 3 | loss: 0.2007212
	speed: 0.0047s/iter; left time: 80.1117s
	iters: 1400, epoch: 3 | loss: 0.3646744
	speed: 0.0046s/iter; left time: 78.2241s
	iters: 1500, epoch: 3 | loss: 0.2209593
	speed: 0.0046s/iter; left time: 77.4044s
	iters: 1600, epoch: 3 | loss: 0.1973338
	speed: 0.0049s/iter; left time: 81.8899s
	iters: 1700, epoch: 3 | loss: 0.1826430
	speed: 0.0044s/iter; left time: 74.0000s
	iters: 1800, epoch: 3 | loss: 0.1857263
	speed: 0.0043s/iter; left time: 72.2221s
	iters: 1900, epoch: 3 | loss: 0.3104374
	speed: 0.0045s/iter; left time: 73.6803s
	iters: 2000, epoch: 3 | loss: 0.3658715
	speed: 0.0050s/iter; left time: 82.1432s
	iters: 2100, epoch: 3 | loss: 0.2155939
	speed: 0.0048s/iter; left time: 77.6867s
	iters: 2200, epoch: 3 | loss: 0.2564059
	speed: 0.0043s/iter; left time: 70.2278s
	iters: 2300, epoch: 3 | loss: 0.3059160
	speed: 0.0046s/iter; left time: 74.2671s
Epoch: 3 cost time: 11.533890724182129
Epoch: 3, Steps: 2301 | Train Loss: 0.3966734 Vali Loss: 0.3517992 Test Loss: 0.1412902
EarlyStopping counter: 1 out of 3
Updating learning rate to 0.00025
	iters: 100, epoch: 4 | loss: 0.2246845
	speed: 0.0537s/iter; left time: 859.7668s
	iters: 200, epoch: 4 | loss: 0.5932052
	speed: 0.0048s/iter; left time: 76.2125s
	iters: 300, epoch: 4 | loss: 0.2112379
	speed: 0.0047s/iter; left time: 74.7429s
	iters: 400, epoch: 4 | loss: 0.2758497
	speed: 0.0050s/iter; left time: 77.8058s
	iters: 500, epoch: 4 | loss: 0.2802856
	speed: 0.0044s/iter; left time: 69.0038s
	iters: 600, epoch: 4 | loss: 0.4699329
	speed: 0.0044s/iter; left time: 68.4198s
	iters: 700, epoch: 4 | loss: 0.1798917
	speed: 0.0044s/iter; left time: 67.6184s
	iters: 800, epoch: 4 | loss: 0.1589243
	speed: 0.0048s/iter; left time: 72.8356s
	iters: 900, epoch: 4 | loss: 0.2176041
	speed: 0.0046s/iter; left time: 69.3019s
	iters: 1000, epoch: 4 | loss: 5.4107795
	speed: 0.0047s/iter; left time: 70.4598s
	iters: 1100, epoch: 4 | loss: 0.3181309
	speed: 0.0045s/iter; left time: 67.7122s
	iters: 1200, epoch: 4 | loss: 1.7983239
	speed: 0.0045s/iter; left time: 66.5936s
	iters: 1300, epoch: 4 | loss: 0.2786831
	speed: 0.0046s/iter; left time: 68.1056s
	iters: 1400, epoch: 4 | loss: 0.2453869
	speed: 0.0045s/iter; left time: 66.2663s
	iters: 1500, epoch: 4 | loss: 0.3895582
	speed: 0.0045s/iter; left time: 65.6968s
	iters: 1600, epoch: 4 | loss: 0.3639234
	speed: 0.0044s/iter; left time: 64.2192s
	iters: 1700, epoch: 4 | loss: 0.6497859
	speed: 0.0040s/iter; left time: 58.2041s
	iters: 1800, epoch: 4 | loss: 0.2488541
	speed: 0.0046s/iter; left time: 65.7040s
	iters: 1900, epoch: 4 | loss: 0.2668490
	speed: 0.0045s/iter; left time: 64.0478s
	iters: 2000, epoch: 4 | loss: 0.2842288
	speed: 0.0047s/iter; left time: 66.7566s
	iters: 2100, epoch: 4 | loss: 0.1403294
	speed: 0.0045s/iter; left time: 62.8135s
	iters: 2200, epoch: 4 | loss: 0.2471273
	speed: 0.0046s/iter; left time: 63.6468s
	iters: 2300, epoch: 4 | loss: 0.2675950
	speed: 0.0044s/iter; left time: 60.8623s
Epoch: 4 cost time: 11.122714042663574
Epoch: 4, Steps: 2301 | Train Loss: 0.3953403 Vali Loss: 0.3504593 Test Loss: 0.1253588
Validation loss decreased (0.350979 --> 0.350459).  Saving model ...
Updating learning rate to 0.000125
	iters: 100, epoch: 5 | loss: 0.1528853
	speed: 0.0536s/iter; left time: 734.1589s
	iters: 200, epoch: 5 | loss: 0.2734033
	speed: 0.0042s/iter; left time: 57.7836s
	iters: 300, epoch: 5 | loss: 0.3580632
	speed: 0.0043s/iter; left time: 57.5710s
	iters: 400, epoch: 5 | loss: 0.3280198
	speed: 0.0045s/iter; left time: 60.8242s
	iters: 500, epoch: 5 | loss: 0.1457178
	speed: 0.0044s/iter; left time: 58.0968s
	iters: 600, epoch: 5 | loss: 0.2357505
	speed: 0.0045s/iter; left time: 59.2176s
	iters: 700, epoch: 5 | loss: 0.4169756
	speed: 0.0044s/iter; left time: 58.1109s
	iters: 800, epoch: 5 | loss: 0.4034476
	speed: 0.0044s/iter; left time: 56.6456s
	iters: 900, epoch: 5 | loss: 0.3849750
	speed: 0.0055s/iter; left time: 70.6290s
	iters: 1000, epoch: 5 | loss: 0.2228501
	speed: 0.0049s/iter; left time: 62.9278s
	iters: 1100, epoch: 5 | loss: 0.4912096
	speed: 0.0049s/iter; left time: 61.9660s
	iters: 1200, epoch: 5 | loss: 0.1988271
	speed: 0.0049s/iter; left time: 61.2988s
	iters: 1300, epoch: 5 | loss: 0.2862287
	speed: 0.0045s/iter; left time: 56.0896s
	iters: 1400, epoch: 5 | loss: 0.2596740
	speed: 0.0044s/iter; left time: 54.3154s
	iters: 1500, epoch: 5 | loss: 0.1968637
	speed: 0.0042s/iter; left time: 51.8737s
	iters: 1600, epoch: 5 | loss: 0.2396717
	speed: 0.0039s/iter; left time: 47.8706s
	iters: 1700, epoch: 5 | loss: 0.2609383
	speed: 0.0041s/iter; left time: 49.6867s
	iters: 1800, epoch: 5 | loss: 0.2912379
	speed: 0.0039s/iter; left time: 47.2948s
	iters: 1900, epoch: 5 | loss: 0.2182046
	speed: 0.0039s/iter; left time: 46.3456s
	iters: 2000, epoch: 5 | loss: 0.3093315
	speed: 0.0039s/iter; left time: 45.5647s
	iters: 2100, epoch: 5 | loss: 0.4545894
	speed: 0.0039s/iter; left time: 45.8684s
	iters: 2200, epoch: 5 | loss: 0.3557415
	speed: 0.0039s/iter; left time: 45.1292s
	iters: 2300, epoch: 5 | loss: 0.2663744
	speed: 0.0044s/iter; left time: 50.6561s
Epoch: 5 cost time: 10.770270347595215
Epoch: 5, Steps: 2301 | Train Loss: 0.3942065 Vali Loss: 0.3495455 Test Loss: 0.1301029
Validation loss decreased (0.350459 --> 0.349545).  Saving model ...
Updating learning rate to 6.25e-05
	iters: 100, epoch: 6 | loss: 0.2055919
	speed: 0.0531s/iter; left time: 606.2019s
	iters: 200, epoch: 6 | loss: 0.3722955
	speed: 0.0045s/iter; left time: 51.0624s
	iters: 300, epoch: 6 | loss: 0.2753583
	speed: 0.0044s/iter; left time: 48.9239s
	iters: 400, epoch: 6 | loss: 0.1713872
	speed: 0.0048s/iter; left time: 52.7578s
	iters: 500, epoch: 6 | loss: 0.6803955
	speed: 0.0046s/iter; left time: 50.1209s
	iters: 600, epoch: 6 | loss: 0.1767742
	speed: 0.0045s/iter; left time: 48.7425s
	iters: 700, epoch: 6 | loss: 0.2208306
	speed: 0.0048s/iter; left time: 51.7689s
	iters: 800, epoch: 6 | loss: 0.1935782
	speed: 0.0049s/iter; left time: 52.0668s
	iters: 900, epoch: 6 | loss: 0.1741744
	speed: 0.0053s/iter; left time: 56.5662s
	iters: 1000, epoch: 6 | loss: 0.6774066
	speed: 0.0045s/iter; left time: 47.4895s
	iters: 1100, epoch: 6 | loss: 0.3818356
	speed: 0.0044s/iter; left time: 45.9640s
	iters: 1200, epoch: 6 | loss: 0.3712412
	speed: 0.0044s/iter; left time: 45.7653s
	iters: 1300, epoch: 6 | loss: 0.2150061
	speed: 0.0044s/iter; left time: 45.2345s
	iters: 1400, epoch: 6 | loss: 0.3042359
	speed: 0.0044s/iter; left time: 44.5323s
	iters: 1500, epoch: 6 | loss: 0.2787582
	speed: 0.0045s/iter; left time: 44.8282s
	iters: 1600, epoch: 6 | loss: 0.1691472
	speed: 0.0044s/iter; left time: 43.9147s
	iters: 1700, epoch: 6 | loss: 0.4675836
	speed: 0.0050s/iter; left time: 49.0758s
	iters: 1800, epoch: 6 | loss: 1.5143358
	speed: 0.0048s/iter; left time: 46.6573s
	iters: 1900, epoch: 6 | loss: 0.3822674
	speed: 0.0044s/iter; left time: 42.1756s
	iters: 2000, epoch: 6 | loss: 0.2983958
	speed: 0.0048s/iter; left time: 45.1789s
	iters: 2100, epoch: 6 | loss: 0.4137072
	speed: 0.0046s/iter; left time: 43.3702s
	iters: 2200, epoch: 6 | loss: 0.2024488
	speed: 0.0047s/iter; left time: 43.7488s
	iters: 2300, epoch: 6 | loss: 0.2590339
	speed: 0.0045s/iter; left time: 41.8265s
Epoch: 6 cost time: 11.232547760009766
Epoch: 6, Steps: 2301 | Train Loss: 0.3939614 Vali Loss: 0.3495351 Test Loss: 0.1301391
Validation loss decreased (0.349545 --> 0.349535).  Saving model ...
Updating learning rate to 3.125e-05
	iters: 100, epoch: 7 | loss: 0.1370023
	speed: 0.0529s/iter; left time: 481.8474s
	iters: 200, epoch: 7 | loss: 0.3767563
	speed: 0.0044s/iter; left time: 39.7627s
	iters: 300, epoch: 7 | loss: 0.3449005
	speed: 0.0044s/iter; left time: 39.2628s
	iters: 400, epoch: 7 | loss: 0.1877082
	speed: 0.0045s/iter; left time: 39.5509s
	iters: 500, epoch: 7 | loss: 0.2294780
	speed: 0.0044s/iter; left time: 38.3642s
	iters: 600, epoch: 7 | loss: 1.8773366
	speed: 0.0041s/iter; left time: 35.2414s
	iters: 700, epoch: 7 | loss: 0.3469616
	speed: 0.0039s/iter; left time: 33.4115s
	iters: 800, epoch: 7 | loss: 0.3458342
	speed: 0.0041s/iter; left time: 34.3733s
	iters: 900, epoch: 7 | loss: 0.2981481
	speed: 0.0042s/iter; left time: 34.6646s
	iters: 1000, epoch: 7 | loss: 0.1889251
	speed: 0.0042s/iter; left time: 34.3215s
	iters: 1100, epoch: 7 | loss: 0.2974816
	speed: 0.0045s/iter; left time: 36.6677s
	iters: 1200, epoch: 7 | loss: 0.2277505
	speed: 0.0045s/iter; left time: 36.3780s
	iters: 1300, epoch: 7 | loss: 0.3158658
	speed: 0.0045s/iter; left time: 35.2072s
	iters: 1400, epoch: 7 | loss: 0.2538213
	speed: 0.0045s/iter; left time: 34.7471s
	iters: 1500, epoch: 7 | loss: 0.3466591
	speed: 0.0045s/iter; left time: 34.3808s
	iters: 1600, epoch: 7 | loss: 0.1999166
	speed: 0.0044s/iter; left time: 33.7765s
	iters: 1700, epoch: 7 | loss: 0.2101018
	speed: 0.0045s/iter; left time: 33.4607s
	iters: 1800, epoch: 7 | loss: 0.1955359
	speed: 0.0045s/iter; left time: 33.1825s
	iters: 1900, epoch: 7 | loss: 0.1958468
	speed: 0.0045s/iter; left time: 33.0623s
	iters: 2000, epoch: 7 | loss: 0.1786359
	speed: 0.0045s/iter; left time: 32.2326s
	iters: 2100, epoch: 7 | loss: 0.1989152
	speed: 0.0045s/iter; left time: 32.3138s
	iters: 2200, epoch: 7 | loss: 0.3284718
	speed: 0.0046s/iter; left time: 32.2445s
	iters: 2300, epoch: 7 | loss: 0.3512213
	speed: 0.0046s/iter; left time: 31.6755s
Epoch: 7 cost time: 10.746964454650879
Epoch: 7, Steps: 2301 | Train Loss: 0.3935225 Vali Loss: 0.3501160 Test Loss: 0.1274034
EarlyStopping counter: 1 out of 3
Updating learning rate to 1.5625e-05
	iters: 100, epoch: 8 | loss: 0.1347841
	speed: 0.0531s/iter; left time: 361.0164s
	iters: 200, epoch: 8 | loss: 0.1969140
	speed: 0.0045s/iter; left time: 30.1002s
	iters: 300, epoch: 8 | loss: 0.1795297
	speed: 0.0045s/iter; left time: 29.5420s
	iters: 400, epoch: 8 | loss: 0.2092311
	speed: 0.0046s/iter; left time: 29.7478s
	iters: 500, epoch: 8 | loss: 0.2865141
	speed: 0.0049s/iter; left time: 31.1134s
	iters: 600, epoch: 8 | loss: 0.4089110
	speed: 0.0049s/iter; left time: 30.6575s
	iters: 700, epoch: 8 | loss: 0.2676042
	speed: 0.0048s/iter; left time: 29.5936s
	iters: 800, epoch: 8 | loss: 0.2863819
	speed: 0.0048s/iter; left time: 29.1235s
	iters: 900, epoch: 8 | loss: 0.6105731
	speed: 0.0048s/iter; left time: 28.8703s
	iters: 1000, epoch: 8 | loss: 0.2478083
	speed: 0.0048s/iter; left time: 28.3586s
	iters: 1100, epoch: 8 | loss: 0.2855611
	speed: 0.0046s/iter; left time: 26.4748s
	iters: 1200, epoch: 8 | loss: 0.2439502
	speed: 0.0044s/iter; left time: 25.2469s
	iters: 1300, epoch: 8 | loss: 0.3508920
	speed: 0.0045s/iter; left time: 24.9890s
	iters: 1400, epoch: 8 | loss: 1.4404572
	speed: 0.0045s/iter; left time: 24.8248s
	iters: 1500, epoch: 8 | loss: 0.3463859
	speed: 0.0044s/iter; left time: 24.0062s
	iters: 1600, epoch: 8 | loss: 0.3219995
	speed: 0.0044s/iter; left time: 23.5893s
	iters: 1700, epoch: 8 | loss: 0.3540448
	speed: 0.0045s/iter; left time: 23.2222s
	iters: 1800, epoch: 8 | loss: 0.2127312
	speed: 0.0046s/iter; left time: 23.5921s
	iters: 1900, epoch: 8 | loss: 0.1981219
	speed: 0.0054s/iter; left time: 26.8528s
	iters: 2000, epoch: 8 | loss: 0.2555595
	speed: 0.0050s/iter; left time: 24.7333s
	iters: 2100, epoch: 8 | loss: 0.4643897
	speed: 0.0051s/iter; left time: 24.4201s
	iters: 2200, epoch: 8 | loss: 0.2372246
	speed: 0.0047s/iter; left time: 22.1864s
	iters: 2300, epoch: 8 | loss: 0.2061116
	speed: 0.0044s/iter; left time: 20.4563s
Epoch: 8 cost time: 11.389644384384155
Epoch: 8, Steps: 2301 | Train Loss: 0.3934328 Vali Loss: 0.3500882 Test Loss: 0.1272798
EarlyStopping counter: 2 out of 3
Updating learning rate to 7.8125e-06
	iters: 100, epoch: 9 | loss: 0.2507982
	speed: 0.0544s/iter; left time: 244.9436s
	iters: 200, epoch: 9 | loss: 0.5707324
	speed: 0.0045s/iter; left time: 19.9313s
	iters: 300, epoch: 9 | loss: 0.2793148
	speed: 0.0045s/iter; left time: 19.2179s
	iters: 400, epoch: 9 | loss: 0.3176860
	speed: 0.0044s/iter; left time: 18.6997s
	iters: 500, epoch: 9 | loss: 0.3095555
	speed: 0.0045s/iter; left time: 18.3616s
	iters: 600, epoch: 9 | loss: 0.2075416
	speed: 0.0044s/iter; left time: 17.7717s
	iters: 700, epoch: 9 | loss: 0.2861981
	speed: 0.0045s/iter; left time: 17.5353s
	iters: 800, epoch: 9 | loss: 0.3237199
	speed: 0.0045s/iter; left time: 16.9618s
	iters: 900, epoch: 9 | loss: 0.1706403
	speed: 0.0044s/iter; left time: 16.4745s
	iters: 1000, epoch: 9 | loss: 0.4588574
	speed: 0.0049s/iter; left time: 17.5449s
	iters: 1100, epoch: 9 | loss: 0.3484707
	speed: 0.0051s/iter; left time: 17.8188s
	iters: 1200, epoch: 9 | loss: 0.3563479
	speed: 0.0050s/iter; left time: 17.0450s
	iters: 1300, epoch: 9 | loss: 0.1622612
	speed: 0.0050s/iter; left time: 16.6359s
	iters: 1400, epoch: 9 | loss: 0.2151360
	speed: 0.0050s/iter; left time: 15.9556s
	iters: 1500, epoch: 9 | loss: 0.2610026
	speed: 0.0050s/iter; left time: 15.5754s
	iters: 1600, epoch: 9 | loss: 0.4074770
	speed: 0.0049s/iter; left time: 14.8449s
	iters: 1700, epoch: 9 | loss: 0.2075951
	speed: 0.0050s/iter; left time: 14.4099s
	iters: 1800, epoch: 9 | loss: 0.1714896
	speed: 0.0050s/iter; left time: 13.9213s
	iters: 1900, epoch: 9 | loss: 0.3630559
	speed: 0.0050s/iter; left time: 13.4233s
	iters: 2000, epoch: 9 | loss: 0.2913467
	speed: 0.0048s/iter; left time: 12.5963s
	iters: 2100, epoch: 9 | loss: 0.7277037
	speed: 0.0045s/iter; left time: 11.3651s
	iters: 2200, epoch: 9 | loss: 0.2565965
	speed: 0.0045s/iter; left time: 10.7582s
	iters: 2300, epoch: 9 | loss: 1.4650835
	speed: 0.0045s/iter; left time: 10.2814s
Epoch: 9 cost time: 11.438377380371094
Epoch: 9, Steps: 2301 | Train Loss: 0.3933698 Vali Loss: 0.3500184 Test Loss: 0.1279818
EarlyStopping counter: 3 out of 3
Early stopping
>>>>>>>testing : weather_48_24_DLinear_custom_ftM_sl48_ll48_pl24_dm512_nh8_el2_dl1_df2048_fc1_ebtimeF_dtTrue_Exp_0<<<<<<<<<<<<<<<<<<<<<<<<<<<<<<<<<
test 10516
mse:0.1302390843629837, mae:0.19609448313713074
