Args in experiment:
Namespace(activation='gelu', batch_size=16, c_out=7, checkpoints='/spo/NewbornTime/tahir098/SVF/data/Extra/checkpoints/', d_ff=2048, d_layers=1, d_model=512, data='custom', data_path='weather.csv', dec_in=7, des='Exp', devices='0,1,2,3', distil=True, do_predict=False, dropout=0.05, e_layers=2, embed='timeF', embed_type=0, enc_in=21, factor=1, features='M', freq='h', gpu=0, individual=False, is_training=1, itr=1, label_len=48, learning_rate=0.001, loss='mse', lradj='type1', model='DLinear', model_id='weather_504_24', moving_avg=25, n_heads=8, num_workers=10, output_attention=False, patience=3, pred_len=24, root_path='./dataset/', seq_len=504, target='OT', test_flop=False, train_epochs=10, train_only=False, use_amp=False, use_gpu=True, use_multi_gpu=False)
Use GPU: cuda:0
>>>>>>>start training : weather_504_24_DLinear_custom_ftM_sl504_ll48_pl24_dm512_nh8_el2_dl1_df2048_fc1_ebtimeF_dtTrue_Exp_0>>>>>>>>>>>>>>>>>>>>>>>>>>
train 36360
val 5247
test 10516
	iters: 100, epoch: 1 | loss: 0.5089548
	speed: 0.0159s/iter; left time: 359.8506s
	iters: 200, epoch: 1 | loss: 0.1449318
	speed: 0.0059s/iter; left time: 132.9181s
	iters: 300, epoch: 1 | loss: 0.1479996
	speed: 0.0055s/iter; left time: 123.1028s
	iters: 400, epoch: 1 | loss: 0.2072717
	speed: 0.0060s/iter; left time: 132.8377s
	iters: 500, epoch: 1 | loss: 0.1574433
	speed: 0.0055s/iter; left time: 122.0351s
	iters: 600, epoch: 1 | loss: 0.1852624
	speed: 0.0053s/iter; left time: 117.6937s
	iters: 700, epoch: 1 | loss: 0.2560660
	speed: 0.0055s/iter; left time: 120.8708s
	iters: 800, epoch: 1 | loss: 0.2300580
	speed: 0.0054s/iter; left time: 117.4580s
	iters: 900, epoch: 1 | loss: 0.4588440
	speed: 0.0057s/iter; left time: 124.3066s
	iters: 1000, epoch: 1 | loss: 0.2417657
	speed: 0.0053s/iter; left time: 115.3362s
	iters: 1100, epoch: 1 | loss: 0.1573776
	speed: 0.0064s/iter; left time: 138.8248s
	iters: 1200, epoch: 1 | loss: 0.3388089
	speed: 0.0056s/iter; left time: 121.1754s
	iters: 1300, epoch: 1 | loss: 0.1216630
	speed: 0.0054s/iter; left time: 116.0595s
	iters: 1400, epoch: 1 | loss: 0.1476518
	speed: 0.0063s/iter; left time: 134.3110s
	iters: 1500, epoch: 1 | loss: 0.4151258
	speed: 0.0059s/iter; left time: 124.2197s
	iters: 1600, epoch: 1 | loss: 0.1303938
	speed: 0.0053s/iter; left time: 112.8333s
	iters: 1700, epoch: 1 | loss: 0.1748297
	speed: 0.0060s/iter; left time: 126.5080s
	iters: 1800, epoch: 1 | loss: 0.1480814
	speed: 0.0056s/iter; left time: 116.3776s
	iters: 1900, epoch: 1 | loss: 0.5424223
	speed: 0.0055s/iter; left time: 114.7276s
	iters: 2000, epoch: 1 | loss: 0.9200411
	speed: 0.0061s/iter; left time: 125.6935s
	iters: 2100, epoch: 1 | loss: 0.1578353
	speed: 0.0063s/iter; left time: 130.0374s
	iters: 2200, epoch: 1 | loss: 0.2377568
	speed: 0.0062s/iter; left time: 128.0905s
Epoch: 1 cost time: 14.237401485443115
Epoch: 1, Steps: 2272 | Train Loss: 0.3451259 Vali Loss: 0.2943089 Test Loss: 0.1077858
Validation loss decreased (inf --> 0.294309).  Saving model ...
Updating learning rate to 0.001
	iters: 100, epoch: 2 | loss: 0.5842977
	speed: 0.0830s/iter; left time: 1689.4874s
	iters: 200, epoch: 2 | loss: 6.4326782
	speed: 0.0057s/iter; left time: 114.6342s
	iters: 300, epoch: 2 | loss: 0.1484800
	speed: 0.0055s/iter; left time: 109.9753s
	iters: 400, epoch: 2 | loss: 0.1459927
	speed: 0.0057s/iter; left time: 113.8460s
	iters: 500, epoch: 2 | loss: 0.1582380
	speed: 0.0057s/iter; left time: 113.9402s
	iters: 600, epoch: 2 | loss: 0.1949389
	speed: 0.0054s/iter; left time: 106.2551s
	iters: 700, epoch: 2 | loss: 0.2625505
	speed: 0.0050s/iter; left time: 99.5137s
	iters: 800, epoch: 2 | loss: 0.1517995
	speed: 0.0058s/iter; left time: 114.0815s
	iters: 900, epoch: 2 | loss: 0.7622358
	speed: 0.0054s/iter; left time: 104.6090s
	iters: 1000, epoch: 2 | loss: 0.0984446
	speed: 0.0054s/iter; left time: 104.6540s
	iters: 1100, epoch: 2 | loss: 0.2916010
	speed: 0.0053s/iter; left time: 102.8942s
	iters: 1200, epoch: 2 | loss: 0.1895299
	speed: 0.0053s/iter; left time: 102.5719s
	iters: 1300, epoch: 2 | loss: 0.1511347
	speed: 0.0053s/iter; left time: 101.0085s
	iters: 1400, epoch: 2 | loss: 0.2383880
	speed: 0.0053s/iter; left time: 100.1607s
	iters: 1500, epoch: 2 | loss: 0.1131809
	speed: 0.0059s/iter; left time: 112.1681s
	iters: 1600, epoch: 2 | loss: 0.3237740
	speed: 0.0057s/iter; left time: 106.8304s
	iters: 1700, epoch: 2 | loss: 0.1517299
	speed: 0.0059s/iter; left time: 110.4421s
	iters: 1800, epoch: 2 | loss: 0.2444414
	speed: 0.0054s/iter; left time: 101.2590s
	iters: 1900, epoch: 2 | loss: 0.7908943
	speed: 0.0052s/iter; left time: 96.2435s
	iters: 2000, epoch: 2 | loss: 0.1903728
	speed: 0.0052s/iter; left time: 96.4700s
	iters: 2100, epoch: 2 | loss: 0.1639330
	speed: 0.0054s/iter; left time: 99.1256s
	iters: 2200, epoch: 2 | loss: 0.1719052
	speed: 0.0055s/iter; left time: 100.9312s
Epoch: 2 cost time: 13.321681261062622
Epoch: 2, Steps: 2272 | Train Loss: 0.3382237 Vali Loss: 0.2995780 Test Loss: 0.1099341
EarlyStopping counter: 1 out of 3
Updating learning rate to 0.0005
	iters: 100, epoch: 3 | loss: 0.2006510
	speed: 0.0720s/iter; left time: 1301.5912s
	iters: 200, epoch: 3 | loss: 0.7859390
	speed: 0.0056s/iter; left time: 100.2521s
	iters: 300, epoch: 3 | loss: 0.1589981
	speed: 0.0056s/iter; left time: 99.7767s
	iters: 400, epoch: 3 | loss: 0.1313134
	speed: 0.0052s/iter; left time: 93.3054s
	iters: 500, epoch: 3 | loss: 0.2311589
	speed: 0.0054s/iter; left time: 95.3037s
	iters: 600, epoch: 3 | loss: 0.2278355
	speed: 0.0052s/iter; left time: 91.0833s
	iters: 700, epoch: 3 | loss: 0.1828701
	speed: 0.0052s/iter; left time: 90.4441s
	iters: 800, epoch: 3 | loss: 0.2040824
	speed: 0.0059s/iter; left time: 101.6664s
	iters: 900, epoch: 3 | loss: 5.6248188
	speed: 0.0057s/iter; left time: 98.6429s
	iters: 1000, epoch: 3 | loss: 0.2987989
	speed: 0.0055s/iter; left time: 94.6437s
	iters: 1100, epoch: 3 | loss: 0.2242095
	speed: 0.0054s/iter; left time: 91.9666s
	iters: 1200, epoch: 3 | loss: 0.1096336
	speed: 0.0054s/iter; left time: 92.1883s
	iters: 1300, epoch: 3 | loss: 0.5800048
	speed: 0.0054s/iter; left time: 90.6258s
	iters: 1400, epoch: 3 | loss: 0.1240418
	speed: 0.0057s/iter; left time: 95.4279s
	iters: 1500, epoch: 3 | loss: 0.1586984
	speed: 0.0054s/iter; left time: 90.5594s
	iters: 1600, epoch: 3 | loss: 0.3516929
	speed: 0.0055s/iter; left time: 91.9685s
	iters: 1700, epoch: 3 | loss: 0.1789541
	speed: 0.0054s/iter; left time: 89.5535s
	iters: 1800, epoch: 3 | loss: 0.2204548
	speed: 0.0053s/iter; left time: 86.7476s
	iters: 1900, epoch: 3 | loss: 0.4926378
	speed: 0.0051s/iter; left time: 83.5140s
	iters: 2000, epoch: 3 | loss: 0.2969911
	speed: 0.0053s/iter; left time: 85.6507s
	iters: 2100, epoch: 3 | loss: 0.1604153
	speed: 0.0054s/iter; left time: 86.0850s
	iters: 2200, epoch: 3 | loss: 0.1483014
	speed: 0.0052s/iter; left time: 82.7099s
Epoch: 3 cost time: 13.171724319458008
Epoch: 3, Steps: 2272 | Train Loss: 0.3291361 Vali Loss: 0.2894693 Test Loss: 0.1039785
Validation loss decreased (0.294309 --> 0.289469).  Saving model ...
Updating learning rate to 0.00025
	iters: 100, epoch: 4 | loss: 0.2615990
	speed: 0.0735s/iter; left time: 1161.4821s
	iters: 200, epoch: 4 | loss: 0.2560897
	speed: 0.0054s/iter; left time: 85.1058s
	iters: 300, epoch: 4 | loss: 0.1989836
	speed: 0.0054s/iter; left time: 84.6686s
	iters: 400, epoch: 4 | loss: 0.1345387
	speed: 0.0051s/iter; left time: 79.2022s
	iters: 500, epoch: 4 | loss: 0.2367450
	speed: 0.0053s/iter; left time: 81.8326s
	iters: 600, epoch: 4 | loss: 0.0798243
	speed: 0.0056s/iter; left time: 86.1285s
	iters: 700, epoch: 4 | loss: 0.1300157
	speed: 0.0056s/iter; left time: 84.6469s
	iters: 800, epoch: 4 | loss: 0.2095602
	speed: 0.0061s/iter; left time: 91.4684s
	iters: 900, epoch: 4 | loss: 0.0944754
	speed: 0.0050s/iter; left time: 75.6932s
	iters: 1000, epoch: 4 | loss: 0.1611893
	speed: 0.0050s/iter; left time: 75.1954s
	iters: 1100, epoch: 4 | loss: 0.2291403
	speed: 0.0054s/iter; left time: 79.6838s
	iters: 1200, epoch: 4 | loss: 1.0755744
	speed: 0.0055s/iter; left time: 81.4253s
	iters: 1300, epoch: 4 | loss: 0.3197449
	speed: 0.0056s/iter; left time: 81.8179s
	iters: 1400, epoch: 4 | loss: 0.2605750
	speed: 0.0054s/iter; left time: 78.9748s
	iters: 1500, epoch: 4 | loss: 0.3022041
	speed: 0.0057s/iter; left time: 82.5838s
	iters: 1600, epoch: 4 | loss: 0.2551525
	speed: 0.0054s/iter; left time: 77.6693s
	iters: 1700, epoch: 4 | loss: 0.1553515
	speed: 0.0052s/iter; left time: 74.1482s
	iters: 1800, epoch: 4 | loss: 0.9048994
	speed: 0.0053s/iter; left time: 74.4396s
	iters: 1900, epoch: 4 | loss: 0.2158187
	speed: 0.0054s/iter; left time: 75.5082s
	iters: 2000, epoch: 4 | loss: 0.1406449
	speed: 0.0056s/iter; left time: 78.4941s
	iters: 2100, epoch: 4 | loss: 0.1203719
	speed: 0.0060s/iter; left time: 83.0404s
	iters: 2200, epoch: 4 | loss: 0.3399293
	speed: 0.0054s/iter; left time: 73.7696s
Epoch: 4 cost time: 13.214060306549072
Epoch: 4, Steps: 2272 | Train Loss: 0.3237847 Vali Loss: 0.2874739 Test Loss: 0.1022492
Validation loss decreased (0.289469 --> 0.287474).  Saving model ...
Updating learning rate to 0.000125
	iters: 100, epoch: 5 | loss: 0.1444239
	speed: 0.0735s/iter; left time: 994.3989s
	iters: 200, epoch: 5 | loss: 0.1492583
	speed: 0.0054s/iter; left time: 72.0343s
	iters: 300, epoch: 5 | loss: 0.1774011
	speed: 0.0051s/iter; left time: 68.0210s
	iters: 400, epoch: 5 | loss: 0.1419921
	speed: 0.0051s/iter; left time: 68.0336s
	iters: 500, epoch: 5 | loss: 0.7509124
	speed: 0.0052s/iter; left time: 68.2858s
	iters: 600, epoch: 5 | loss: 0.1108425
	speed: 0.0055s/iter; left time: 71.9349s
	iters: 700, epoch: 5 | loss: 0.2175515
	speed: 0.0054s/iter; left time: 69.8676s
	iters: 800, epoch: 5 | loss: 0.1554782
	speed: 0.0057s/iter; left time: 73.2590s
	iters: 900, epoch: 5 | loss: 0.1518203
	speed: 0.0054s/iter; left time: 68.5588s
	iters: 1000, epoch: 5 | loss: 0.1964454
	speed: 0.0051s/iter; left time: 64.7128s
	iters: 1100, epoch: 5 | loss: 0.1375358
	speed: 0.0049s/iter; left time: 61.9174s
	iters: 1200, epoch: 5 | loss: 0.2305796
	speed: 0.0054s/iter; left time: 67.2954s
	iters: 1300, epoch: 5 | loss: 0.1963134
	speed: 0.0053s/iter; left time: 65.6751s
	iters: 1400, epoch: 5 | loss: 0.1742270
	speed: 0.0057s/iter; left time: 69.8175s
	iters: 1500, epoch: 5 | loss: 0.1304983
	speed: 0.0058s/iter; left time: 70.3290s
	iters: 1600, epoch: 5 | loss: 0.2004484
	speed: 0.0054s/iter; left time: 65.4820s
	iters: 1700, epoch: 5 | loss: 0.2955600
	speed: 0.0053s/iter; left time: 63.1623s
	iters: 1800, epoch: 5 | loss: 0.3608268
	speed: 0.0054s/iter; left time: 63.7117s
	iters: 1900, epoch: 5 | loss: 5.8451414
	speed: 0.0053s/iter; left time: 62.1292s
	iters: 2000, epoch: 5 | loss: 0.2085465
	speed: 0.0054s/iter; left time: 62.8481s
	iters: 2100, epoch: 5 | loss: 0.3228034
	speed: 0.0053s/iter; left time: 60.6705s
	iters: 2200, epoch: 5 | loss: 0.2422486
	speed: 0.0055s/iter; left time: 62.3185s
Epoch: 5 cost time: 12.994155883789062
Epoch: 5, Steps: 2272 | Train Loss: 0.3214369 Vali Loss: 0.2882408 Test Loss: 0.1051382
EarlyStopping counter: 1 out of 3
Updating learning rate to 6.25e-05
	iters: 100, epoch: 6 | loss: 0.1073032
	speed: 0.0712s/iter; left time: 801.9777s
	iters: 200, epoch: 6 | loss: 0.2423873
	speed: 0.0057s/iter; left time: 63.4516s
	iters: 300, epoch: 6 | loss: 0.0984242
	speed: 0.0051s/iter; left time: 56.2612s
	iters: 400, epoch: 6 | loss: 0.1571242
	speed: 0.0052s/iter; left time: 56.8961s
	iters: 500, epoch: 6 | loss: 0.1741708
	speed: 0.0054s/iter; left time: 58.2208s
	iters: 600, epoch: 6 | loss: 0.5376783
	speed: 0.0056s/iter; left time: 60.1184s
	iters: 700, epoch: 6 | loss: 0.2127178
	speed: 0.0053s/iter; left time: 56.5346s
	iters: 800, epoch: 6 | loss: 0.2992354
	speed: 0.0056s/iter; left time: 58.7752s
	iters: 900, epoch: 6 | loss: 0.1302905
	speed: 0.0056s/iter; left time: 58.4170s
	iters: 1000, epoch: 6 | loss: 0.2052139
	speed: 0.0054s/iter; left time: 55.6618s
	iters: 1100, epoch: 6 | loss: 0.1887140
	speed: 0.0051s/iter; left time: 52.1379s
	iters: 1200, epoch: 6 | loss: 0.2220010
	speed: 0.0052s/iter; left time: 52.9751s
	iters: 1300, epoch: 6 | loss: 0.3494948
	speed: 0.0058s/iter; left time: 58.6168s
	iters: 1400, epoch: 6 | loss: 0.1661129
	speed: 0.0057s/iter; left time: 56.6853s
	iters: 1500, epoch: 6 | loss: 0.2501467
	speed: 0.0058s/iter; left time: 57.1167s
	iters: 1600, epoch: 6 | loss: 0.2890519
	speed: 0.0057s/iter; left time: 56.0896s
	iters: 1700, epoch: 6 | loss: 0.1500314
	speed: 0.0051s/iter; left time: 48.8822s
	iters: 1800, epoch: 6 | loss: 0.2616921
	speed: 0.0054s/iter; left time: 51.7263s
	iters: 1900, epoch: 6 | loss: 0.2349690
	speed: 0.0060s/iter; left time: 56.9158s
	iters: 2000, epoch: 6 | loss: 0.2045785
	speed: 0.0061s/iter; left time: 56.6732s
	iters: 2100, epoch: 6 | loss: 0.1717156
	speed: 0.0063s/iter; left time: 57.8916s
	iters: 2200, epoch: 6 | loss: 0.1857788
	speed: 0.0054s/iter; left time: 49.5831s
Epoch: 6 cost time: 13.333433389663696
Epoch: 6, Steps: 2272 | Train Loss: 0.3203269 Vali Loss: 0.2824227 Test Loss: 0.1015826
Validation loss decreased (0.287474 --> 0.282423).  Saving model ...
Updating learning rate to 3.125e-05
	iters: 100, epoch: 7 | loss: 0.1540060
	speed: 0.0753s/iter; left time: 677.0898s
	iters: 200, epoch: 7 | loss: 0.1698464
	speed: 0.0059s/iter; left time: 52.1718s
	iters: 300, epoch: 7 | loss: 0.1739540
	speed: 0.0053s/iter; left time: 46.9822s
	iters: 400, epoch: 7 | loss: 0.2071613
	speed: 0.0056s/iter; left time: 48.5651s
	iters: 500, epoch: 7 | loss: 0.2068395
	speed: 0.0059s/iter; left time: 50.5583s
	iters: 600, epoch: 7 | loss: 0.1319008
	speed: 0.0055s/iter; left time: 47.0852s
	iters: 700, epoch: 7 | loss: 1.3220673
	speed: 0.0052s/iter; left time: 43.7194s
	iters: 800, epoch: 7 | loss: 0.1562868
	speed: 0.0051s/iter; left time: 42.6858s
	iters: 900, epoch: 7 | loss: 1.4102892
	speed: 0.0054s/iter; left time: 43.8902s
	iters: 1000, epoch: 7 | loss: 5.7549543
	speed: 0.0057s/iter; left time: 46.4760s
	iters: 1100, epoch: 7 | loss: 0.2233083
	speed: 0.0061s/iter; left time: 48.4216s
	iters: 1200, epoch: 7 | loss: 0.3088770
	speed: 0.0060s/iter; left time: 47.0893s
	iters: 1300, epoch: 7 | loss: 0.2075756
	speed: 0.0056s/iter; left time: 43.5650s
	iters: 1400, epoch: 7 | loss: 0.3035244
	speed: 0.0054s/iter; left time: 41.1940s
	iters: 1500, epoch: 7 | loss: 0.1178292
	speed: 0.0053s/iter; left time: 40.5315s
	iters: 1600, epoch: 7 | loss: 1.6018479
	speed: 0.0053s/iter; left time: 39.7485s
	iters: 1700, epoch: 7 | loss: 0.1742272
	speed: 0.0054s/iter; left time: 40.1835s
	iters: 1800, epoch: 7 | loss: 0.2228946
	speed: 0.0051s/iter; left time: 37.5295s
	iters: 1900, epoch: 7 | loss: 0.1474976
	speed: 0.0053s/iter; left time: 38.1475s
	iters: 2000, epoch: 7 | loss: 0.1379204
	speed: 0.0053s/iter; left time: 37.7855s
	iters: 2100, epoch: 7 | loss: 0.3663261
	speed: 0.0052s/iter; left time: 36.3614s
	iters: 2200, epoch: 7 | loss: 0.1940844
	speed: 0.0052s/iter; left time: 35.5533s
Epoch: 7 cost time: 13.349678754806519
Epoch: 7, Steps: 2272 | Train Loss: 0.3194735 Vali Loss: 0.2847132 Test Loss: 0.1025161
EarlyStopping counter: 1 out of 3
Updating learning rate to 1.5625e-05
	iters: 100, epoch: 8 | loss: 0.2244544
	speed: 0.0758s/iter; left time: 508.8779s
	iters: 200, epoch: 8 | loss: 0.1280057
	speed: 0.0056s/iter; left time: 36.9542s
	iters: 300, epoch: 8 | loss: 0.2725644
	speed: 0.0054s/iter; left time: 35.3865s
	iters: 400, epoch: 8 | loss: 0.0929300
	speed: 0.0056s/iter; left time: 35.9200s
	iters: 500, epoch: 8 | loss: 0.2176489
	speed: 0.0055s/iter; left time: 34.4592s
	iters: 600, epoch: 8 | loss: 0.1752858
	speed: 0.0056s/iter; left time: 34.8152s
	iters: 700, epoch: 8 | loss: 0.1905328
	speed: 0.0052s/iter; left time: 31.6487s
	iters: 800, epoch: 8 | loss: 0.1646005
	speed: 0.0056s/iter; left time: 33.8253s
	iters: 900, epoch: 8 | loss: 0.0857702
	speed: 0.0054s/iter; left time: 31.9417s
	iters: 1000, epoch: 8 | loss: 0.1282285
	speed: 0.0055s/iter; left time: 31.7372s
	iters: 1100, epoch: 8 | loss: 0.2661793
	speed: 0.0053s/iter; left time: 30.5344s
	iters: 1200, epoch: 8 | loss: 0.1820855
	speed: 0.0055s/iter; left time: 30.6723s
	iters: 1300, epoch: 8 | loss: 0.1383035
	speed: 0.0053s/iter; left time: 29.4146s
	iters: 1400, epoch: 8 | loss: 0.1690359
	speed: 0.0051s/iter; left time: 27.8298s
	iters: 1500, epoch: 8 | loss: 0.2223365
	speed: 0.0054s/iter; left time: 28.9685s
	iters: 1600, epoch: 8 | loss: 0.1975101
	speed: 0.0055s/iter; left time: 28.5075s
	iters: 1700, epoch: 8 | loss: 0.2222847
	speed: 0.0052s/iter; left time: 26.7367s
	iters: 1800, epoch: 8 | loss: 0.0693221
	speed: 0.0053s/iter; left time: 26.8256s
	iters: 1900, epoch: 8 | loss: 0.2826636
	speed: 0.0053s/iter; left time: 26.0276s
	iters: 2000, epoch: 8 | loss: 0.1592525
	speed: 0.0050s/iter; left time: 24.2128s
	iters: 2100, epoch: 8 | loss: 0.1781740
	speed: 0.0053s/iter; left time: 24.8864s
	iters: 2200, epoch: 8 | loss: 0.1638767
	speed: 0.0057s/iter; left time: 26.1504s
Epoch: 8 cost time: 13.19402027130127
Epoch: 8, Steps: 2272 | Train Loss: 0.3191124 Vali Loss: 0.2824706 Test Loss: 0.1018225
EarlyStopping counter: 2 out of 3
Updating learning rate to 7.8125e-06
	iters: 100, epoch: 9 | loss: 0.1422508
	speed: 0.0770s/iter; left time: 342.2679s
	iters: 200, epoch: 9 | loss: 0.1713060
	speed: 0.0058s/iter; left time: 25.2568s
	iters: 300, epoch: 9 | loss: 0.9482727
	speed: 0.0056s/iter; left time: 23.6121s
	iters: 400, epoch: 9 | loss: 0.5585800
	speed: 0.0055s/iter; left time: 22.6762s
	iters: 500, epoch: 9 | loss: 0.3571616
	speed: 0.0058s/iter; left time: 23.4681s
	iters: 600, epoch: 9 | loss: 0.1197345
	speed: 0.0055s/iter; left time: 21.5844s
	iters: 700, epoch: 9 | loss: 0.1441499
	speed: 0.0061s/iter; left time: 23.5304s
	iters: 800, epoch: 9 | loss: 0.3061043
	speed: 0.0058s/iter; left time: 21.8774s
	iters: 900, epoch: 9 | loss: 0.1541108
	speed: 0.0057s/iter; left time: 20.8441s
	iters: 1000, epoch: 9 | loss: 0.3201576
	speed: 0.0053s/iter; left time: 18.8947s
	iters: 1100, epoch: 9 | loss: 0.3059313
	speed: 0.0052s/iter; left time: 17.9840s
	iters: 1200, epoch: 9 | loss: 0.1426371
	speed: 0.0054s/iter; left time: 17.9669s
	iters: 1300, epoch: 9 | loss: 0.5738935
	speed: 0.0061s/iter; left time: 19.6631s
	iters: 1400, epoch: 9 | loss: 0.2464269
	speed: 0.0059s/iter; left time: 18.5773s
	iters: 1500, epoch: 9 | loss: 0.1354252
	speed: 0.0056s/iter; left time: 16.9087s
	iters: 1600, epoch: 9 | loss: 0.2150272
	speed: 0.0067s/iter; left time: 19.8716s
	iters: 1700, epoch: 9 | loss: 0.1408931
	speed: 0.0063s/iter; left time: 17.9097s
	iters: 1800, epoch: 9 | loss: 0.1376597
	speed: 0.0064s/iter; left time: 17.4567s
	iters: 1900, epoch: 9 | loss: 0.1554436
	speed: 0.0060s/iter; left time: 15.8348s
	iters: 2000, epoch: 9 | loss: 0.1306273
	speed: 0.0057s/iter; left time: 14.6009s
	iters: 2100, epoch: 9 | loss: 0.1439022
	speed: 0.0061s/iter; left time: 15.0244s
	iters: 2200, epoch: 9 | loss: 0.1389989
	speed: 0.0063s/iter; left time: 14.8498s
Epoch: 9 cost time: 14.128620386123657
Epoch: 9, Steps: 2272 | Train Loss: 0.3189010 Vali Loss: 0.2827568 Test Loss: 0.1022847
EarlyStopping counter: 3 out of 3
Early stopping
>>>>>>>testing : weather_504_24_DLinear_custom_ftM_sl504_ll48_pl24_dm512_nh8_el2_dl1_df2048_fc1_ebtimeF_dtTrue_Exp_0<<<<<<<<<<<<<<<<<<<<<<<<<<<<<<<<<
test 10516
mse:0.10168442130088806, mae:0.1495448350906372
