Args in experiment:
Namespace(activation='gelu', batch_size=16, c_out=7, checkpoints='/spo/NewbornTime/tahir098/SVF/data/Extra/checkpoints/', d_ff=2048, d_layers=1, d_model=512, data='custom', data_path='traffic.csv', dec_in=7, des='Exp', devices='0,1,2,3', distil=True, do_predict=False, dropout=0.05, e_layers=2, embed='timeF', embed_type=0, enc_in=862, factor=1, features='M', freq='h', gpu=0, individual=False, is_training=1, itr=1, label_len=48, learning_rate=0.001, loss='mse', lradj='type1', model='GLinear', model_id='traffic_336_720', moving_avg=25, n_heads=8, num_workers=10, output_attention=False, patience=3, pred_len=720, root_path='./dataset/', seq_len=336, target='OT', test_flop=False, train_epochs=10, train_only=False, use_amp=False, use_gpu=True, use_multi_gpu=False)
Use GPU: cuda:0
>>>>>>>start training : traffic_336_720_GLinear_custom_ftM_sl336_ll48_pl720_dm512_nh8_el2_dl1_df2048_fc1_ebtimeF_dtTrue_Exp_0>>>>>>>>>>>>>>>>>>>>>>>>>>
train 11225
val 1037
test 2789
	iters: 100, epoch: 1 | loss: 0.3453695
	speed: 0.0553s/iter; left time: 382.1000s
	iters: 200, epoch: 1 | loss: 0.2968362
	speed: 0.0469s/iter; left time: 319.4317s
	iters: 300, epoch: 1 | loss: 0.2857092
	speed: 0.0474s/iter; left time: 318.3995s
	iters: 400, epoch: 1 | loss: 0.2994398
	speed: 0.0478s/iter; left time: 315.9842s
	iters: 500, epoch: 1 | loss: 0.2703506
	speed: 0.0484s/iter; left time: 315.3041s
	iters: 600, epoch: 1 | loss: 0.2660119
	speed: 0.0475s/iter; left time: 304.2559s
	iters: 700, epoch: 1 | loss: 0.2758835
	speed: 0.0476s/iter; left time: 300.4446s
Epoch: 1 cost time: 34.31731867790222
Epoch: 1, Steps: 701 | Train Loss: 0.3113928 Vali Loss: 0.4187532 Test Loss: 0.4785917
Validation loss decreased (inf --> 0.418753).  Saving model ...
Updating learning rate to 0.001
	iters: 100, epoch: 2 | loss: 0.2612318
	speed: 0.3630s/iter; left time: 2254.4239s
	iters: 200, epoch: 2 | loss: 0.2867524
	speed: 0.0504s/iter; left time: 307.7503s
	iters: 300, epoch: 2 | loss: 0.2704830
	speed: 0.0507s/iter; left time: 304.6197s
	iters: 400, epoch: 2 | loss: 0.2765209
	speed: 0.0512s/iter; left time: 302.5945s
	iters: 500, epoch: 2 | loss: 0.2916351
	speed: 0.0508s/iter; left time: 295.4296s
	iters: 600, epoch: 2 | loss: 0.2704081
	speed: 0.0503s/iter; left time: 287.2647s
	iters: 700, epoch: 2 | loss: 0.2826548
	speed: 0.0495s/iter; left time: 277.8141s
Epoch: 2 cost time: 36.38723635673523
Epoch: 2, Steps: 701 | Train Loss: 0.2787605 Vali Loss: 0.4161806 Test Loss: 0.4742249
Validation loss decreased (0.418753 --> 0.416181).  Saving model ...
Updating learning rate to 0.0005
	iters: 100, epoch: 3 | loss: 0.2631930
	speed: 0.3620s/iter; left time: 1994.0372s
	iters: 200, epoch: 3 | loss: 0.2920046
	speed: 0.0493s/iter; left time: 266.7886s
	iters: 300, epoch: 3 | loss: 0.2615336
	speed: 0.0503s/iter; left time: 267.1203s
	iters: 400, epoch: 3 | loss: 0.2943215
	speed: 0.0492s/iter; left time: 256.2198s
	iters: 500, epoch: 3 | loss: 0.2929369
	speed: 0.0500s/iter; left time: 255.2225s
	iters: 600, epoch: 3 | loss: 0.2895489
	speed: 0.0484s/iter; left time: 242.3571s
	iters: 700, epoch: 3 | loss: 0.2591416
	speed: 0.0488s/iter; left time: 239.5910s
Epoch: 3 cost time: 35.84913897514343
Epoch: 3, Steps: 701 | Train Loss: 0.2716850 Vali Loss: 0.4105000 Test Loss: 0.4641567
Validation loss decreased (0.416181 --> 0.410500).  Saving model ...
Updating learning rate to 0.00025
	iters: 100, epoch: 4 | loss: 0.2653012
	speed: 0.3639s/iter; left time: 1749.5069s
	iters: 200, epoch: 4 | loss: 0.2698815
	speed: 0.0495s/iter; left time: 232.9573s
	iters: 300, epoch: 4 | loss: 0.2711223
	speed: 0.0487s/iter; left time: 224.5876s
	iters: 400, epoch: 4 | loss: 0.2830319
	speed: 0.0481s/iter; left time: 217.0296s
	iters: 500, epoch: 4 | loss: 0.2549364
	speed: 0.0479s/iter; left time: 211.0969s
	iters: 600, epoch: 4 | loss: 0.2568251
	speed: 0.0492s/iter; left time: 212.1319s
	iters: 700, epoch: 4 | loss: 0.2544664
	speed: 0.0495s/iter; left time: 208.2917s
Epoch: 4 cost time: 35.45555067062378
Epoch: 4, Steps: 701 | Train Loss: 0.2687566 Vali Loss: 0.4078535 Test Loss: 0.4612063
Validation loss decreased (0.410500 --> 0.407853).  Saving model ...
Updating learning rate to 0.000125
	iters: 100, epoch: 5 | loss: 0.2732408
	speed: 0.3613s/iter; left time: 1483.9525s
	iters: 200, epoch: 5 | loss: 0.2718716
	speed: 0.0500s/iter; left time: 200.2122s
	iters: 300, epoch: 5 | loss: 0.2627217
	speed: 0.0501s/iter; left time: 195.6235s
	iters: 400, epoch: 5 | loss: 0.3005102
	speed: 0.0483s/iter; left time: 183.9238s
	iters: 500, epoch: 5 | loss: 0.2653711
	speed: 0.0509s/iter; left time: 188.5132s
	iters: 600, epoch: 5 | loss: 0.3005557
	speed: 0.0497s/iter; left time: 179.4464s
	iters: 700, epoch: 5 | loss: 0.2576953
	speed: 0.0473s/iter; left time: 165.8071s
Epoch: 5 cost time: 35.71054482460022
Epoch: 5, Steps: 701 | Train Loss: 0.2672250 Vali Loss: 0.4058849 Test Loss: 0.4605007
Validation loss decreased (0.407853 --> 0.405885).  Saving model ...
Updating learning rate to 6.25e-05
	iters: 100, epoch: 6 | loss: 0.2686416
	speed: 0.3680s/iter; left time: 1253.4139s
	iters: 200, epoch: 6 | loss: 0.2838252
	speed: 0.0495s/iter; left time: 163.6543s
	iters: 300, epoch: 6 | loss: 0.2521247
	speed: 0.0497s/iter; left time: 159.1873s
	iters: 400, epoch: 6 | loss: 0.2487846
	speed: 0.0509s/iter; left time: 158.1493s
	iters: 500, epoch: 6 | loss: 0.2687527
	speed: 0.0497s/iter; left time: 149.4651s
	iters: 600, epoch: 6 | loss: 0.2633751
	speed: 0.0491s/iter; left time: 142.7434s
	iters: 700, epoch: 6 | loss: 0.2638175
	speed: 0.0469s/iter; left time: 131.5023s
Epoch: 6 cost time: 35.74924945831299
Epoch: 6, Steps: 701 | Train Loss: 0.2664849 Vali Loss: 0.4052644 Test Loss: 0.4593812
Validation loss decreased (0.405885 --> 0.405264).  Saving model ...
Updating learning rate to 3.125e-05
	iters: 100, epoch: 7 | loss: 0.2878613
	speed: 0.3645s/iter; left time: 985.9761s
	iters: 200, epoch: 7 | loss: 0.2602580
	speed: 0.0508s/iter; left time: 132.2591s
	iters: 300, epoch: 7 | loss: 0.2684949
	speed: 0.0498s/iter; left time: 124.8437s
	iters: 400, epoch: 7 | loss: 0.2949998
	speed: 0.0496s/iter; left time: 119.3807s
	iters: 500, epoch: 7 | loss: 0.2594469
	speed: 0.0495s/iter; left time: 114.1250s
	iters: 600, epoch: 7 | loss: 0.2842906
	speed: 0.0481s/iter; left time: 106.1306s
	iters: 700, epoch: 7 | loss: 0.2686189
	speed: 0.0473s/iter; left time: 99.5856s
Epoch: 7 cost time: 35.45045304298401
Epoch: 7, Steps: 701 | Train Loss: 0.2660767 Vali Loss: 0.4048414 Test Loss: 0.4583027
Validation loss decreased (0.405264 --> 0.404841).  Saving model ...
Updating learning rate to 1.5625e-05
	iters: 100, epoch: 8 | loss: 0.2638251
	speed: 0.3680s/iter; left time: 737.3874s
	iters: 200, epoch: 8 | loss: 0.2549833
	speed: 0.0482s/iter; left time: 91.8029s
	iters: 300, epoch: 8 | loss: 0.2669638
	speed: 0.0490s/iter; left time: 88.3567s
	iters: 400, epoch: 8 | loss: 0.2865896
	speed: 0.0493s/iter; left time: 83.9775s
	iters: 500, epoch: 8 | loss: 0.2437020
	speed: 0.0493s/iter; left time: 79.0704s
	iters: 600, epoch: 8 | loss: 0.2578746
	speed: 0.0495s/iter; left time: 74.5184s
	iters: 700, epoch: 8 | loss: 0.2637059
	speed: 0.0485s/iter; left time: 68.1117s
Epoch: 8 cost time: 35.104774951934814
Epoch: 8, Steps: 701 | Train Loss: 0.2658591 Vali Loss: 0.4047624 Test Loss: 0.4579485
Validation loss decreased (0.404841 --> 0.404762).  Saving model ...
Updating learning rate to 7.8125e-06
	iters: 100, epoch: 9 | loss: 0.2687067
	speed: 0.3567s/iter; left time: 464.8346s
	iters: 200, epoch: 9 | loss: 0.2556282
	speed: 0.0502s/iter; left time: 60.4323s
	iters: 300, epoch: 9 | loss: 0.2510610
	speed: 0.0492s/iter; left time: 54.2488s
	iters: 400, epoch: 9 | loss: 0.2732302
	speed: 0.0492s/iter; left time: 49.3695s
	iters: 500, epoch: 9 | loss: 0.2678123
	speed: 0.0490s/iter; left time: 44.2214s
	iters: 600, epoch: 9 | loss: 0.2578330
	speed: 0.0504s/iter; left time: 40.4519s
	iters: 700, epoch: 9 | loss: 0.2908971
	speed: 0.0477s/iter; left time: 33.5195s
Epoch: 9 cost time: 35.24078631401062
Epoch: 9, Steps: 701 | Train Loss: 0.2657203 Vali Loss: 0.4048795 Test Loss: 0.4579048
EarlyStopping counter: 1 out of 3
Updating learning rate to 3.90625e-06
	iters: 100, epoch: 10 | loss: 0.2601358
	speed: 0.3613s/iter; left time: 217.5267s
	iters: 200, epoch: 10 | loss: 0.2513731
	speed: 0.0500s/iter; left time: 25.1032s
	iters: 300, epoch: 10 | loss: 0.2453247
	speed: 0.0477s/iter; left time: 19.1651s
	iters: 400, epoch: 10 | loss: 0.2490765
	speed: 0.0478s/iter; left time: 14.4376s
	iters: 500, epoch: 10 | loss: 0.2838488
	speed: 0.0479s/iter; left time: 9.6723s
	iters: 600, epoch: 10 | loss: 0.2574515
	speed: 0.0487s/iter; left time: 4.9651s
	iters: 700, epoch: 10 | loss: 0.2640662
	speed: 0.0480s/iter; left time: 0.0959s
Epoch: 10 cost time: 35.15525221824646
Epoch: 10, Steps: 701 | Train Loss: 0.2656513 Vali Loss: 0.4048596 Test Loss: 0.4580624
EarlyStopping counter: 2 out of 3
Updating learning rate to 1.953125e-06
>>>>>>>testing : traffic_336_720_GLinear_custom_ftM_sl336_ll48_pl720_dm512_nh8_el2_dl1_df2048_fc1_ebtimeF_dtTrue_Exp_0<<<<<<<<<<<<<<<<<<<<<<<<<<<<<<<<<
test 2789
mse:0.4578365683555603, mae:0.30897146463394165
