Args in experiment:
Namespace(activation='gelu', batch_size=16, c_out=7, checkpoints='/spo/NewbornTime/tahir098/SVF/data/Extra/checkpoints/', d_ff=2048, d_layers=1, d_model=512, data='custom', data_path='traffic.csv', dec_in=7, des='Exp', devices='0,1,2,3', distil=True, do_predict=False, dropout=0.05, e_layers=2, embed='timeF', embed_type=0, enc_in=862, factor=1, features='M', freq='h', gpu=0, individual=False, is_training=1, itr=1, label_len=48, learning_rate=0.001, loss='mse', lradj='type1', model='RLinear', model_id='traffic_672_720', moving_avg=25, n_heads=8, num_workers=10, output_attention=False, patience=3, pred_len=720, root_path='./dataset/', seq_len=672, target='OT', test_flop=False, train_epochs=10, train_only=False, use_amp=False, use_gpu=True, use_multi_gpu=False)
Use GPU: cuda:0
>>>>>>>start training : traffic_672_720_RLinear_custom_ftM_sl672_ll48_pl720_dm512_nh8_el2_dl1_df2048_fc1_ebtimeF_dtTrue_Exp_0>>>>>>>>>>>>>>>>>>>>>>>>>>
train 10889
val 1037
test 2789
	iters: 100, epoch: 1 | loss: 0.3838414
	speed: 0.8810s/iter; left time: 5903.3309s
	iters: 200, epoch: 1 | loss: 0.3525862
	speed: 0.8734s/iter; left time: 5765.3981s
	iters: 300, epoch: 1 | loss: 0.3408163
	speed: 0.8769s/iter; left time: 5700.8366s
	iters: 400, epoch: 1 | loss: 0.3401673
	speed: 0.9021s/iter; left time: 5774.5322s
	iters: 500, epoch: 1 | loss: 0.3353191
	speed: 0.8955s/iter; left time: 5642.5473s
	iters: 600, epoch: 1 | loss: 0.3268871
	speed: 0.8819s/iter; left time: 5468.8236s
Epoch: 1 cost time: 601.7782166004181
Epoch: 1, Steps: 680 | Train Loss: 0.3632023 Vali Loss: 0.4379261 Test Loss: 0.5203949
Validation loss decreased (inf --> 0.437926).  Saving model ...
Updating learning rate to 0.001
	iters: 100, epoch: 2 | loss: 0.3223589
	speed: 2.1579s/iter; left time: 12992.8706s
	iters: 200, epoch: 2 | loss: 0.2969950
	speed: 0.8830s/iter; left time: 5228.4727s
	iters: 300, epoch: 2 | loss: 0.3323933
	speed: 0.8834s/iter; left time: 5142.2661s
	iters: 400, epoch: 2 | loss: 0.3044119
	speed: 0.8798s/iter; left time: 5033.5538s
	iters: 500, epoch: 2 | loss: 0.3176529
	speed: 0.8781s/iter; left time: 4935.8955s
	iters: 600, epoch: 2 | loss: 0.2824376
	speed: 0.8820s/iter; left time: 4869.7927s
Epoch: 2 cost time: 599.9946167469025
Epoch: 2, Steps: 680 | Train Loss: 0.3118651 Vali Loss: 0.4346488 Test Loss: 0.5090956
Validation loss decreased (0.437926 --> 0.434649).  Saving model ...
Updating learning rate to 0.0005
	iters: 100, epoch: 3 | loss: 0.2900643
	speed: 2.1240s/iter; left time: 11344.0422s
	iters: 200, epoch: 3 | loss: 0.2834486
	speed: 0.8769s/iter; left time: 4595.7671s
	iters: 300, epoch: 3 | loss: 0.2621224
	speed: 0.8752s/iter; left time: 4499.6478s
	iters: 400, epoch: 3 | loss: 0.3078344
	speed: 0.8786s/iter; left time: 4429.1423s
	iters: 500, epoch: 3 | loss: 0.2602319
	speed: 0.8811s/iter; left time: 4353.5029s
	iters: 600, epoch: 3 | loss: 0.2867751
	speed: 0.8785s/iter; left time: 4252.8583s
Epoch: 3 cost time: 599.2747323513031
Epoch: 3, Steps: 680 | Train Loss: 0.2876244 Vali Loss: 0.4133570 Test Loss: 0.4851568
Validation loss decreased (0.434649 --> 0.413357).  Saving model ...
Updating learning rate to 0.00025
	iters: 100, epoch: 4 | loss: 0.2863141
	speed: 2.1743s/iter; left time: 10134.2453s
	iters: 200, epoch: 4 | loss: 0.3146051
	speed: 0.9297s/iter; left time: 4240.4262s
	iters: 300, epoch: 4 | loss: 0.2715093
	speed: 0.9011s/iter; left time: 4019.9366s
	iters: 400, epoch: 4 | loss: 0.2704029
	speed: 0.9193s/iter; left time: 4009.1015s
	iters: 500, epoch: 4 | loss: 0.2853138
	speed: 0.8963s/iter; left time: 3819.1212s
	iters: 600, epoch: 4 | loss: 0.2670879
	speed: 0.9215s/iter; left time: 3834.5104s
Epoch: 4 cost time: 620.7412414550781
Epoch: 4, Steps: 680 | Train Loss: 0.2758517 Vali Loss: 0.4047783 Test Loss: 0.4741732
Validation loss decreased (0.413357 --> 0.404778).  Saving model ...
Updating learning rate to 0.000125
	iters: 100, epoch: 5 | loss: 0.2675039
	speed: 2.2356s/iter; left time: 8900.0184s
	iters: 200, epoch: 5 | loss: 0.2674991
	speed: 0.9096s/iter; left time: 3530.2097s
	iters: 300, epoch: 5 | loss: 0.2627891
	speed: 0.9192s/iter; left time: 3475.3170s
	iters: 400, epoch: 5 | loss: 0.2713884
	speed: 0.9006s/iter; left time: 3315.0272s
	iters: 500, epoch: 5 | loss: 0.2792689
	speed: 0.9080s/iter; left time: 3251.4917s
	iters: 600, epoch: 5 | loss: 0.2668400
	speed: 0.9145s/iter; left time: 3183.4214s
Epoch: 5 cost time: 624.5559146404266
Epoch: 5, Steps: 680 | Train Loss: 0.2698955 Vali Loss: 0.4005295 Test Loss: 0.4698289
Validation loss decreased (0.404778 --> 0.400529).  Saving model ...
Updating learning rate to 6.25e-05
	iters: 100, epoch: 6 | loss: 0.2651307
	speed: 2.2036s/iter; left time: 7274.1212s
	iters: 200, epoch: 6 | loss: 0.2607290
	speed: 0.8914s/iter; left time: 2853.5304s
	iters: 300, epoch: 6 | loss: 0.2622755
	speed: 0.8903s/iter; left time: 2760.9174s
	iters: 400, epoch: 6 | loss: 0.2795641
	speed: 0.8941s/iter; left time: 2683.0826s
	iters: 500, epoch: 6 | loss: 0.2564281
	speed: 0.8914s/iter; left time: 2585.8902s
	iters: 600, epoch: 6 | loss: 0.2689909
	speed: 0.8904s/iter; left time: 2494.0933s
Epoch: 6 cost time: 607.6143734455109
Epoch: 6, Steps: 680 | Train Loss: 0.2667357 Vali Loss: 0.3984875 Test Loss: 0.4673266
Validation loss decreased (0.400529 --> 0.398487).  Saving model ...
Updating learning rate to 3.125e-05
	iters: 100, epoch: 7 | loss: 0.2734244
	speed: 2.1834s/iter; left time: 5722.5869s
	iters: 200, epoch: 7 | loss: 0.2610158
	speed: 0.8934s/iter; left time: 2252.3861s
	iters: 300, epoch: 7 | loss: 0.2655666
	speed: 0.8922s/iter; left time: 2160.1114s
	iters: 400, epoch: 7 | loss: 0.2606761
	speed: 0.8961s/iter; left time: 2079.8156s
	iters: 500, epoch: 7 | loss: 0.2791649
	speed: 0.9021s/iter; left time: 2003.4568s
	iters: 600, epoch: 7 | loss: 0.2677559
	speed: 0.9172s/iter; left time: 1945.3647s
Epoch: 7 cost time: 613.512686252594
Epoch: 7, Steps: 680 | Train Loss: 0.2650977 Vali Loss: 0.3973845 Test Loss: 0.4658598
Validation loss decreased (0.398487 --> 0.397384).  Saving model ...
Updating learning rate to 1.5625e-05
	iters: 100, epoch: 8 | loss: 0.2913257
	speed: 2.1239s/iter; left time: 4122.4921s
	iters: 200, epoch: 8 | loss: 0.2568838
	speed: 0.8898s/iter; left time: 1638.2138s
	iters: 300, epoch: 8 | loss: 0.2631659
	speed: 0.8960s/iter; left time: 1559.9205s
	iters: 400, epoch: 8 | loss: 0.2601833
	speed: 0.9065s/iter; left time: 1487.6346s
	iters: 500, epoch: 8 | loss: 0.2659063
	speed: 0.9264s/iter; left time: 1427.6244s
	iters: 600, epoch: 8 | loss: 0.2716970
	speed: 0.8948s/iter; left time: 1289.3578s
Epoch: 8 cost time: 613.0920984745026
Epoch: 8, Steps: 680 | Train Loss: 0.2642732 Vali Loss: 0.3972737 Test Loss: 0.4657526
Validation loss decreased (0.397384 --> 0.397274).  Saving model ...
Updating learning rate to 7.8125e-06
	iters: 100, epoch: 9 | loss: 0.2457664
	speed: 2.1416s/iter; left time: 2700.5502s
	iters: 200, epoch: 9 | loss: 0.2744612
	speed: 0.8902s/iter; left time: 1033.5468s
	iters: 300, epoch: 9 | loss: 0.2544827
	speed: 0.9376s/iter; left time: 994.7978s
	iters: 400, epoch: 9 | loss: 0.2705728
	speed: 0.9156s/iter; left time: 879.8645s
	iters: 500, epoch: 9 | loss: 0.2505341
	speed: 0.9003s/iter; left time: 775.1561s
	iters: 600, epoch: 9 | loss: 0.2731070
	speed: 0.9262s/iter; left time: 704.8623s
Epoch: 9 cost time: 619.995893239975
Epoch: 9, Steps: 680 | Train Loss: 0.2637599 Vali Loss: 0.3967862 Test Loss: 0.4655097
Validation loss decreased (0.397274 --> 0.396786).  Saving model ...
Updating learning rate to 3.90625e-06
	iters: 100, epoch: 10 | loss: 0.2668247
	speed: 2.1700s/iter; left time: 1260.7645s
	iters: 200, epoch: 10 | loss: 0.2606313
	speed: 0.8908s/iter; left time: 428.4672s
	iters: 300, epoch: 10 | loss: 0.2782311
	speed: 0.9057s/iter; left time: 345.0575s
	iters: 400, epoch: 10 | loss: 0.2687197
	speed: 0.8967s/iter; left time: 251.9588s
	iters: 500, epoch: 10 | loss: 0.2713977
	speed: 0.8954s/iter; left time: 162.0618s
	iters: 600, epoch: 10 | loss: 0.2539789
	speed: 0.9127s/iter; left time: 73.9285s
Epoch: 10 cost time: 611.4562118053436
Epoch: 10, Steps: 680 | Train Loss: 0.2634980 Vali Loss: 0.3966927 Test Loss: 0.4653442
Validation loss decreased (0.396786 --> 0.396693).  Saving model ...
Updating learning rate to 1.953125e-06
>>>>>>>testing : traffic_672_720_RLinear_custom_ftM_sl672_ll48_pl720_dm512_nh8_el2_dl1_df2048_fc1_ebtimeF_dtTrue_Exp_0<<<<<<<<<<<<<<<<<<<<<<<<<<<<<<<<<
test 2789
mse:0.46518880128860474, mae:0.3170181214809418
