Args in experiment:
Namespace(activation='gelu', batch_size=16, c_out=7, checkpoints='/spo/NewbornTime/tahir098/SVF/data/Extra/checkpoints/', d_ff=2048, d_layers=1, d_model=512, data='custom', data_path='traffic.csv', dec_in=7, des='Exp', devices='0,1,2,3', distil=True, do_predict=False, dropout=0.05, e_layers=2, embed='timeF', embed_type=0, enc_in=862, factor=1, features='M', freq='h', gpu=0, individual=False, is_training=1, itr=1, label_len=48, learning_rate=0.001, loss='mse', lradj='type1', model='RLinear', model_id='traffic_72_720', moving_avg=25, n_heads=8, num_workers=10, output_attention=False, patience=3, pred_len=720, root_path='./dataset/', seq_len=72, target='OT', test_flop=False, train_epochs=10, train_only=False, use_amp=False, use_gpu=True, use_multi_gpu=False)
Use GPU: cuda:0
>>>>>>>start training : traffic_72_720_RLinear_custom_ftM_sl72_ll48_pl720_dm512_nh8_el2_dl1_df2048_fc1_ebtimeF_dtTrue_Exp_0>>>>>>>>>>>>>>>>>>>>>>>>>>
train 11489
val 1037
test 2789
	iters: 100, epoch: 1 | loss: 0.6009415
	speed: 0.5322s/iter; left time: 3768.2902s
	iters: 200, epoch: 1 | loss: 0.5498782
	speed: 0.5162s/iter; left time: 3603.9232s
	iters: 300, epoch: 1 | loss: 0.5210586
	speed: 0.5144s/iter; left time: 3539.8142s
	iters: 400, epoch: 1 | loss: 0.4704536
	speed: 0.5172s/iter; left time: 3506.8727s
	iters: 500, epoch: 1 | loss: 0.4795978
	speed: 0.5173s/iter; left time: 3455.9881s
	iters: 600, epoch: 1 | loss: 0.5134071
	speed: 0.5182s/iter; left time: 3410.3295s
	iters: 700, epoch: 1 | loss: 0.4594465
	speed: 0.5285s/iter; left time: 3425.1589s
Epoch: 1 cost time: 376.3431725502014
Epoch: 1, Steps: 718 | Train Loss: 0.5386932 Vali Loss: 0.6157545 Test Loss: 0.7573355
Validation loss decreased (inf --> 0.615754).  Saving model ...
Updating learning rate to 0.001
	iters: 100, epoch: 2 | loss: 0.4303833
	speed: 1.1778s/iter; left time: 7494.2956s
	iters: 200, epoch: 2 | loss: 0.4275147
	speed: 0.5442s/iter; left time: 3408.4373s
	iters: 300, epoch: 2 | loss: 0.5111427
	speed: 0.5492s/iter; left time: 3384.7313s
	iters: 400, epoch: 2 | loss: 0.4907993
	speed: 0.5301s/iter; left time: 3214.2418s
	iters: 500, epoch: 2 | loss: 0.4319196
	speed: 0.5867s/iter; left time: 3498.2747s
	iters: 600, epoch: 2 | loss: 0.4808984
	speed: 0.5359s/iter; left time: 3142.0144s
	iters: 700, epoch: 2 | loss: 0.4931719
	speed: 0.5231s/iter; left time: 3014.8314s
Epoch: 2 cost time: 392.43418073654175
Epoch: 2, Steps: 718 | Train Loss: 0.4623331 Vali Loss: 0.6034309 Test Loss: 0.7393665
Validation loss decreased (0.615754 --> 0.603431).  Saving model ...
Updating learning rate to 0.0005
	iters: 100, epoch: 3 | loss: 0.4369527
	speed: 1.1237s/iter; left time: 6343.5543s
	iters: 200, epoch: 3 | loss: 0.4993199
	speed: 0.5124s/iter; left time: 2841.0172s
	iters: 300, epoch: 3 | loss: 0.4555548
	speed: 0.5110s/iter; left time: 2782.5152s
	iters: 400, epoch: 3 | loss: 0.4517079
	speed: 0.5130s/iter; left time: 2742.1449s
	iters: 500, epoch: 3 | loss: 0.4590839
	speed: 0.5125s/iter; left time: 2688.2823s
	iters: 600, epoch: 3 | loss: 0.4526291
	speed: 0.5139s/iter; left time: 2643.8078s
	iters: 700, epoch: 3 | loss: 0.4689724
	speed: 0.5147s/iter; left time: 2596.6972s
Epoch: 3 cost time: 369.02177453041077
Epoch: 3, Steps: 718 | Train Loss: 0.4538019 Vali Loss: 0.5993297 Test Loss: 0.7329795
Validation loss decreased (0.603431 --> 0.599330).  Saving model ...
Updating learning rate to 0.00025
	iters: 100, epoch: 4 | loss: 0.4558828
	speed: 1.1401s/iter; left time: 5617.4866s
	iters: 200, epoch: 4 | loss: 0.4596637
	speed: 0.5231s/iter; left time: 2524.8471s
	iters: 300, epoch: 4 | loss: 0.4372205
	speed: 0.5545s/iter; left time: 2621.1469s
	iters: 400, epoch: 4 | loss: 0.4287448
	speed: 0.5485s/iter; left time: 2537.7556s
	iters: 500, epoch: 4 | loss: 0.4633894
	speed: 0.5339s/iter; left time: 2416.9767s
	iters: 600, epoch: 4 | loss: 0.4629985
	speed: 0.5213s/iter; left time: 2307.6246s
	iters: 700, epoch: 4 | loss: 0.4679752
	speed: 0.5299s/iter; left time: 2292.8930s
Epoch: 4 cost time: 383.70662784576416
Epoch: 4, Steps: 718 | Train Loss: 0.4510000 Vali Loss: 0.5966243 Test Loss: 0.7303738
Validation loss decreased (0.599330 --> 0.596624).  Saving model ...
Updating learning rate to 0.000125
	iters: 100, epoch: 5 | loss: 0.4386696
	speed: 1.1037s/iter; left time: 4645.4357s
	iters: 200, epoch: 5 | loss: 0.4516808
	speed: 0.5116s/iter; left time: 2102.2341s
	iters: 300, epoch: 5 | loss: 0.4294715
	speed: 0.5208s/iter; left time: 2088.0233s
	iters: 400, epoch: 5 | loss: 0.4269467
	speed: 0.5171s/iter; left time: 2021.1852s
	iters: 500, epoch: 5 | loss: 0.4344252
	speed: 0.5119s/iter; left time: 1949.8685s
	iters: 600, epoch: 5 | loss: 0.4423023
	speed: 0.5100s/iter; left time: 1891.7709s
	iters: 700, epoch: 5 | loss: 0.4510244
	speed: 0.5149s/iter; left time: 1858.1393s
Epoch: 5 cost time: 369.98737382888794
Epoch: 5, Steps: 718 | Train Loss: 0.4497198 Vali Loss: 0.5958540 Test Loss: 0.7294506
Validation loss decreased (0.596624 --> 0.595854).  Saving model ...
Updating learning rate to 6.25e-05
	iters: 100, epoch: 6 | loss: 0.4662518
	speed: 1.1092s/iter; left time: 3872.0534s
	iters: 200, epoch: 6 | loss: 0.4401043
	speed: 0.5329s/iter; left time: 1807.0845s
	iters: 300, epoch: 6 | loss: 0.4502215
	speed: 0.5371s/iter; left time: 1767.4587s
	iters: 400, epoch: 6 | loss: 0.4626812
	speed: 0.5146s/iter; left time: 1642.2053s
	iters: 500, epoch: 6 | loss: 0.4632070
	speed: 0.5823s/iter; left time: 1799.9210s
	iters: 600, epoch: 6 | loss: 0.4157098
	speed: 0.5114s/iter; left time: 1529.6033s
	iters: 700, epoch: 6 | loss: 0.4470283
	speed: 0.5624s/iter; left time: 1625.8022s
Epoch: 6 cost time: 384.85645627975464
Epoch: 6, Steps: 718 | Train Loss: 0.4490468 Vali Loss: 0.5952697 Test Loss: 0.7289510
Validation loss decreased (0.595854 --> 0.595270).  Saving model ...
Updating learning rate to 3.125e-05
	iters: 100, epoch: 7 | loss: 0.4401422
	speed: 1.1237s/iter; left time: 3115.9419s
	iters: 200, epoch: 7 | loss: 0.4437383
	speed: 0.5149s/iter; left time: 1376.2932s
	iters: 300, epoch: 7 | loss: 0.4429253
	speed: 0.5692s/iter; left time: 1464.6617s
	iters: 400, epoch: 7 | loss: 0.4732973
	speed: 0.6048s/iter; left time: 1495.5645s
	iters: 500, epoch: 7 | loss: 0.4682078
	speed: 0.6255s/iter; left time: 1484.4148s
	iters: 600, epoch: 7 | loss: 0.4229715
	speed: 0.6015s/iter; left time: 1367.2715s
	iters: 700, epoch: 7 | loss: 0.4645284
	speed: 0.5387s/iter; left time: 1170.5238s
Epoch: 7 cost time: 408.70709204673767
Epoch: 7, Steps: 718 | Train Loss: 0.4486973 Vali Loss: 0.5954541 Test Loss: 0.7289405
EarlyStopping counter: 1 out of 3
Updating learning rate to 1.5625e-05
	iters: 100, epoch: 8 | loss: 0.4534292
	speed: 1.1342s/iter; left time: 2330.7472s
	iters: 200, epoch: 8 | loss: 0.4212262
	speed: 0.5308s/iter; left time: 1037.6934s
	iters: 300, epoch: 8 | loss: 0.4250836
	speed: 0.5250s/iter; left time: 973.9209s
	iters: 400, epoch: 8 | loss: 0.4459024
	speed: 0.5180s/iter; left time: 909.0189s
	iters: 500, epoch: 8 | loss: 0.4506932
	speed: 0.5354s/iter; left time: 886.1550s
	iters: 600, epoch: 8 | loss: 0.4439349
	speed: 0.5669s/iter; left time: 881.4910s
	iters: 700, epoch: 8 | loss: 0.4350386
	speed: 0.5554s/iter; left time: 808.1757s
Epoch: 8 cost time: 385.0578284263611
Epoch: 8, Steps: 718 | Train Loss: 0.4485072 Vali Loss: 0.5961654 Test Loss: 0.7288349
EarlyStopping counter: 2 out of 3
Updating learning rate to 7.8125e-06
	iters: 100, epoch: 9 | loss: 0.4183008
	speed: 1.1114s/iter; left time: 1486.0025s
	iters: 200, epoch: 9 | loss: 0.4524661
	speed: 0.5231s/iter; left time: 647.0248s
	iters: 300, epoch: 9 | loss: 0.4659621
	speed: 0.5172s/iter; left time: 588.0591s
	iters: 400, epoch: 9 | loss: 0.4495629
	speed: 0.5159s/iter; left time: 535.0007s
	iters: 500, epoch: 9 | loss: 0.4698815
	speed: 0.5175s/iter; left time: 484.9284s
	iters: 600, epoch: 9 | loss: 0.4978407
	speed: 0.5205s/iter; left time: 435.6488s
	iters: 700, epoch: 9 | loss: 0.4553721
	speed: 0.5163s/iter; left time: 380.5358s
Epoch: 9 cost time: 372.89601969718933
Epoch: 9, Steps: 718 | Train Loss: 0.4484358 Vali Loss: 0.5945849 Test Loss: 0.7288136
Validation loss decreased (0.595270 --> 0.594585).  Saving model ...
Updating learning rate to 3.90625e-06
	iters: 100, epoch: 10 | loss: 0.4361858
	speed: 1.1373s/iter; left time: 703.9985s
	iters: 200, epoch: 10 | loss: 0.4237806
	speed: 0.5149s/iter; left time: 267.2425s
	iters: 300, epoch: 10 | loss: 0.4397265
	speed: 0.5871s/iter; left time: 245.9873s
	iters: 400, epoch: 10 | loss: 0.4107446
	speed: 0.5149s/iter; left time: 164.2690s
	iters: 500, epoch: 10 | loss: 0.5293607
	speed: 0.5450s/iter; left time: 119.3569s
	iters: 600, epoch: 10 | loss: 0.4700333
	speed: 0.5153s/iter; left time: 61.3227s
	iters: 700, epoch: 10 | loss: 0.4404490
	speed: 0.5520s/iter; left time: 10.4888s
Epoch: 10 cost time: 386.6653871536255
Epoch: 10, Steps: 718 | Train Loss: 0.4483681 Vali Loss: 0.5956905 Test Loss: 0.7288091
EarlyStopping counter: 1 out of 3
Updating learning rate to 1.953125e-06
>>>>>>>testing : traffic_72_720_RLinear_custom_ftM_sl72_ll48_pl720_dm512_nh8_el2_dl1_df2048_fc1_ebtimeF_dtTrue_Exp_0<<<<<<<<<<<<<<<<<<<<<<<<<<<<<<<<<
test 2789
mse:0.7283428311347961, mae:0.41798946261405945
