Args in experiment:
Namespace(activation='gelu', batch_size=8, c_out=7, checkpoints='/spo/NewbornTime/tahir098/SVF/data/Extra/checkpoints/', d_ff=2048, d_layers=1, d_model=512, data='ETTh1', data_path='ETTh1.csv', dec_in=7, des='Exp', devices='0,1,2,3', distil=True, do_predict=False, dropout=0.05, e_layers=2, embed='timeF', embed_type=0, enc_in=7, factor=1, features='M', freq='h', gpu=0, individual=False, is_training=1, itr=1, label_len=48, learning_rate=0.001, loss='mse', lradj='type1', model='DLinear', model_id='ETTh1_336_48', moving_avg=25, n_heads=8, num_workers=10, output_attention=False, patience=3, pred_len=48, root_path='./dataset/', seq_len=336, target='OT', test_flop=False, train_epochs=10, train_only=False, use_amp=False, use_gpu=True, use_multi_gpu=False)
Use GPU: cuda:0
>>>>>>>start training : ETTh1_336_48_DLinear_ETTh1_ftM_sl336_ll48_pl48_dm512_nh8_el2_dl1_df2048_fc1_ebtimeF_dtTrue_Exp_0>>>>>>>>>>>>>>>>>>>>>>>>>>
train 8257
val 2833
test 2833
	iters: 100, epoch: 1 | loss: 0.2796388
	speed: 0.0089s/iter; left time: 90.8659s
	iters: 200, epoch: 1 | loss: 0.3284540
	speed: 0.0042s/iter; left time: 42.5284s
	iters: 300, epoch: 1 | loss: 0.4076441
	speed: 0.0043s/iter; left time: 42.8261s
	iters: 400, epoch: 1 | loss: 0.3395431
	speed: 0.0043s/iter; left time: 42.5842s
	iters: 500, epoch: 1 | loss: 0.2629396
	speed: 0.0043s/iter; left time: 42.0778s
	iters: 600, epoch: 1 | loss: 0.3402124
	speed: 0.0043s/iter; left time: 41.4413s
	iters: 700, epoch: 1 | loss: 0.3422326
	speed: 0.0039s/iter; left time: 37.2862s
	iters: 800, epoch: 1 | loss: 0.2794740
	speed: 0.0039s/iter; left time: 36.7068s
	iters: 900, epoch: 1 | loss: 0.3704657
	speed: 0.0045s/iter; left time: 42.5447s
	iters: 1000, epoch: 1 | loss: 0.3389604
	speed: 0.0047s/iter; left time: 43.5930s
Epoch: 1 cost time: 4.951124668121338
Epoch: 1, Steps: 1032 | Train Loss: 0.3311304 Vali Loss: 0.5523556 Test Loss: 0.3693226
Validation loss decreased (inf --> 0.552356).  Saving model ...
Updating learning rate to 0.001
	iters: 100, epoch: 2 | loss: 0.4181349
	speed: 0.0427s/iter; left time: 392.6172s
	iters: 200, epoch: 2 | loss: 0.2771412
	speed: 0.0043s/iter; left time: 39.2744s
	iters: 300, epoch: 2 | loss: 0.3431612
	speed: 0.0044s/iter; left time: 39.2326s
	iters: 400, epoch: 2 | loss: 0.2541710
	speed: 0.0044s/iter; left time: 38.8903s
	iters: 500, epoch: 2 | loss: 0.5486591
	speed: 0.0045s/iter; left time: 39.6238s
	iters: 600, epoch: 2 | loss: 0.2945099
	speed: 0.0045s/iter; left time: 39.3459s
	iters: 700, epoch: 2 | loss: 0.2715734
	speed: 0.0043s/iter; left time: 36.5139s
	iters: 800, epoch: 2 | loss: 0.2988704
	speed: 0.0039s/iter; left time: 32.7208s
	iters: 900, epoch: 2 | loss: 0.2861735
	speed: 0.0040s/iter; left time: 33.5027s
	iters: 1000, epoch: 2 | loss: 0.2141653
	speed: 0.0044s/iter; left time: 36.8367s
Epoch: 2 cost time: 4.969454765319824
Epoch: 2, Steps: 1032 | Train Loss: 0.3133196 Vali Loss: 0.5472139 Test Loss: 0.3630783
Validation loss decreased (0.552356 --> 0.547214).  Saving model ...
Updating learning rate to 0.0005
	iters: 100, epoch: 3 | loss: 0.2472936
	speed: 0.0431s/iter; left time: 351.7913s
	iters: 200, epoch: 3 | loss: 0.2439290
	speed: 0.0043s/iter; left time: 34.7611s
	iters: 300, epoch: 3 | loss: 0.2232748
	speed: 0.0043s/iter; left time: 34.1259s
	iters: 400, epoch: 3 | loss: 0.2455402
	speed: 0.0043s/iter; left time: 34.1526s
	iters: 500, epoch: 3 | loss: 0.2039295
	speed: 0.0042s/iter; left time: 32.9600s
	iters: 600, epoch: 3 | loss: 0.2683491
	speed: 0.0043s/iter; left time: 32.9061s
	iters: 700, epoch: 3 | loss: 0.2950251
	speed: 0.0044s/iter; left time: 33.4045s
	iters: 800, epoch: 3 | loss: 0.5641092
	speed: 0.0044s/iter; left time: 32.4896s
	iters: 900, epoch: 3 | loss: 0.2725102
	speed: 0.0044s/iter; left time: 32.0406s
	iters: 1000, epoch: 3 | loss: 0.2794974
	speed: 0.0044s/iter; left time: 31.6228s
Epoch: 3 cost time: 5.0137999057769775
Epoch: 3, Steps: 1032 | Train Loss: 0.2996948 Vali Loss: 0.5215419 Test Loss: 0.3520128
Validation loss decreased (0.547214 --> 0.521542).  Saving model ...
Updating learning rate to 0.00025
	iters: 100, epoch: 4 | loss: 0.4753271
	speed: 0.0427s/iter; left time: 304.2832s
	iters: 200, epoch: 4 | loss: 0.2504949
	speed: 0.0043s/iter; left time: 30.4710s
	iters: 300, epoch: 4 | loss: 0.2601162
	speed: 0.0043s/iter; left time: 29.9231s
	iters: 400, epoch: 4 | loss: 0.3170488
	speed: 0.0044s/iter; left time: 29.9345s
	iters: 500, epoch: 4 | loss: 0.3572474
	speed: 0.0042s/iter; left time: 28.5041s
	iters: 600, epoch: 4 | loss: 0.3220038
	speed: 0.0047s/iter; left time: 31.2183s
	iters: 700, epoch: 4 | loss: 0.2871902
	speed: 0.0049s/iter; left time: 31.7908s
	iters: 800, epoch: 4 | loss: 0.3581028
	speed: 0.0047s/iter; left time: 30.2125s
	iters: 900, epoch: 4 | loss: 0.3236298
	speed: 0.0047s/iter; left time: 29.6202s
	iters: 1000, epoch: 4 | loss: 0.1960381
	speed: 0.0046s/iter; left time: 28.7494s
Epoch: 4 cost time: 5.207843065261841
Epoch: 4, Steps: 1032 | Train Loss: 0.2938213 Vali Loss: 0.4997689 Test Loss: 0.3484701
Validation loss decreased (0.521542 --> 0.499769).  Saving model ...
Updating learning rate to 0.000125
	iters: 100, epoch: 5 | loss: 0.3925228
	speed: 0.0426s/iter; left time: 259.2614s
	iters: 200, epoch: 5 | loss: 0.2829107
	speed: 0.0044s/iter; left time: 26.4352s
	iters: 300, epoch: 5 | loss: 0.2347981
	speed: 0.0044s/iter; left time: 25.7790s
	iters: 400, epoch: 5 | loss: 0.2734081
	speed: 0.0045s/iter; left time: 25.8440s
	iters: 500, epoch: 5 | loss: 0.2861259
	speed: 0.0044s/iter; left time: 24.7924s
	iters: 600, epoch: 5 | loss: 0.3259204
	speed: 0.0044s/iter; left time: 24.4193s
	iters: 700, epoch: 5 | loss: 0.4362764
	speed: 0.0044s/iter; left time: 24.4404s
	iters: 800, epoch: 5 | loss: 0.1954874
	speed: 0.0045s/iter; left time: 24.0544s
	iters: 900, epoch: 5 | loss: 0.2717890
	speed: 0.0044s/iter; left time: 23.0430s
	iters: 1000, epoch: 5 | loss: 0.2921040
	speed: 0.0043s/iter; left time: 22.4630s
Epoch: 5 cost time: 5.048573017120361
Epoch: 5, Steps: 1032 | Train Loss: 0.2903707 Vali Loss: 0.4944382 Test Loss: 0.3477861
Validation loss decreased (0.499769 --> 0.494438).  Saving model ...
Updating learning rate to 6.25e-05
	iters: 100, epoch: 6 | loss: 0.2380673
	speed: 0.0440s/iter; left time: 222.8797s
	iters: 200, epoch: 6 | loss: 0.3092177
	speed: 0.0043s/iter; left time: 21.4947s
	iters: 300, epoch: 6 | loss: 0.3687354
	speed: 0.0045s/iter; left time: 21.7713s
	iters: 400, epoch: 6 | loss: 0.2657228
	speed: 0.0044s/iter; left time: 21.1074s
	iters: 500, epoch: 6 | loss: 0.3238021
	speed: 0.0046s/iter; left time: 21.5294s
	iters: 600, epoch: 6 | loss: 0.3189786
	speed: 0.0045s/iter; left time: 20.5625s
	iters: 700, epoch: 6 | loss: 0.2505804
	speed: 0.0045s/iter; left time: 20.0482s
	iters: 800, epoch: 6 | loss: 0.2185978
	speed: 0.0044s/iter; left time: 19.1970s
	iters: 900, epoch: 6 | loss: 0.2604303
	speed: 0.0054s/iter; left time: 22.7994s
	iters: 1000, epoch: 6 | loss: 0.2405100
	speed: 0.0049s/iter; left time: 20.1881s
Epoch: 6 cost time: 5.337040901184082
Epoch: 6, Steps: 1032 | Train Loss: 0.2886988 Vali Loss: 0.5001421 Test Loss: 0.3440963
EarlyStopping counter: 1 out of 3
Updating learning rate to 3.125e-05
	iters: 100, epoch: 7 | loss: 0.2821635
	speed: 0.0448s/iter; left time: 180.5682s
	iters: 200, epoch: 7 | loss: 0.2785430
	speed: 0.0050s/iter; left time: 19.6369s
	iters: 300, epoch: 7 | loss: 0.2456535
	speed: 0.0049s/iter; left time: 18.8047s
	iters: 400, epoch: 7 | loss: 0.3216034
	speed: 0.0050s/iter; left time: 18.4776s
	iters: 500, epoch: 7 | loss: 0.5869297
	speed: 0.0049s/iter; left time: 17.7746s
	iters: 600, epoch: 7 | loss: 0.4394933
	speed: 0.0046s/iter; left time: 16.2724s
	iters: 700, epoch: 7 | loss: 0.2927625
	speed: 0.0044s/iter; left time: 15.0873s
	iters: 800, epoch: 7 | loss: 0.2209446
	speed: 0.0044s/iter; left time: 14.6746s
	iters: 900, epoch: 7 | loss: 0.3943668
	speed: 0.0044s/iter; left time: 14.2446s
	iters: 1000, epoch: 7 | loss: 0.3552682
	speed: 0.0044s/iter; left time: 13.8270s
Epoch: 7 cost time: 5.416475534439087
Epoch: 7, Steps: 1032 | Train Loss: 0.2878085 Vali Loss: 0.5032641 Test Loss: 0.3421733
EarlyStopping counter: 2 out of 3
Updating learning rate to 1.5625e-05
	iters: 100, epoch: 8 | loss: 0.3645965
	speed: 0.0429s/iter; left time: 128.5487s
	iters: 200, epoch: 8 | loss: 0.2394013
	speed: 0.0045s/iter; left time: 13.0725s
	iters: 300, epoch: 8 | loss: 0.3522384
	speed: 0.0050s/iter; left time: 13.9484s
	iters: 400, epoch: 8 | loss: 0.2702836
	speed: 0.0049s/iter; left time: 13.2738s
	iters: 500, epoch: 8 | loss: 0.3391089
	speed: 0.0048s/iter; left time: 12.5903s
	iters: 600, epoch: 8 | loss: 0.4538167
	speed: 0.0048s/iter; left time: 12.0968s
	iters: 700, epoch: 8 | loss: 0.2571624
	speed: 0.0048s/iter; left time: 11.5398s
	iters: 800, epoch: 8 | loss: 0.3062609
	speed: 0.0049s/iter; left time: 11.2547s
	iters: 900, epoch: 8 | loss: 0.2926758
	speed: 0.0048s/iter; left time: 10.6409s
	iters: 1000, epoch: 8 | loss: 0.3048059
	speed: 0.0048s/iter; left time: 10.1022s
Epoch: 8 cost time: 5.493006706237793
Epoch: 8, Steps: 1032 | Train Loss: 0.2872336 Vali Loss: 0.4956533 Test Loss: 0.3432133
EarlyStopping counter: 3 out of 3
Early stopping
>>>>>>>testing : ETTh1_336_48_DLinear_ETTh1_ftM_sl336_ll48_pl48_dm512_nh8_el2_dl1_df2048_fc1_ebtimeF_dtTrue_Exp_0<<<<<<<<<<<<<<<<<<<<<<<<<<<<<<<<<
test 2833
mse:0.3477170169353485, mae:0.3803165853023529
