Args in experiment:
Namespace(activation='gelu', batch_size=8, c_out=7, checkpoints='/spo/NewbornTime/tahir098/SVF/data/Extra/checkpoints/', d_ff=2048, d_layers=1, d_model=512, data='ETTh1', data_path='ETTh1.csv', dec_in=7, des='Exp', devices='0,1,2,3', distil=True, do_predict=False, dropout=0.05, e_layers=2, embed='timeF', embed_type=0, enc_in=7, factor=1, features='M', freq='h', gpu=0, individual=False, is_training=1, itr=1, label_len=48, learning_rate=0.001, loss='mse', lradj='type1', model='DLinear', model_id='ETTh1_48_24', moving_avg=25, n_heads=8, num_workers=10, output_attention=False, patience=3, pred_len=24, root_path='./dataset/', seq_len=48, target='OT', test_flop=False, train_epochs=10, train_only=False, use_amp=False, use_gpu=True, use_multi_gpu=False)
Use GPU: cuda:0
>>>>>>>start training : ETTh1_48_24_DLinear_ETTh1_ftM_sl48_ll48_pl24_dm512_nh8_el2_dl1_df2048_fc1_ebtimeF_dtTrue_Exp_0>>>>>>>>>>>>>>>>>>>>>>>>>>
train 8569
val 2857
test 2857
	iters: 100, epoch: 1 | loss: 0.3067538
	speed: 0.0098s/iter; left time: 103.5689s
	iters: 200, epoch: 1 | loss: 0.2126177
	speed: 0.0043s/iter; left time: 44.6759s
	iters: 300, epoch: 1 | loss: 0.2225483
	speed: 0.0043s/iter; left time: 44.3887s
	iters: 400, epoch: 1 | loss: 0.2716426
	speed: 0.0042s/iter; left time: 43.7496s
	iters: 500, epoch: 1 | loss: 0.3269332
	speed: 0.0043s/iter; left time: 43.7650s
	iters: 600, epoch: 1 | loss: 0.2095705
	speed: 0.0043s/iter; left time: 43.8418s
	iters: 700, epoch: 1 | loss: 0.2497690
	speed: 0.0043s/iter; left time: 42.7997s
	iters: 800, epoch: 1 | loss: 0.3549878
	speed: 0.0043s/iter; left time: 42.8739s
	iters: 900, epoch: 1 | loss: 0.2125270
	speed: 0.0049s/iter; left time: 47.8307s
	iters: 1000, epoch: 1 | loss: 0.3173454
	speed: 0.0043s/iter; left time: 41.8204s
Epoch: 1 cost time: 5.303226470947266
Epoch: 1, Steps: 1071 | Train Loss: 0.3313852 Vali Loss: 0.4033804 Test Loss: 0.3228079
Validation loss decreased (inf --> 0.403380).  Saving model ...
Updating learning rate to 0.001
	iters: 100, epoch: 2 | loss: 0.2054127
	speed: 0.0473s/iter; left time: 450.8372s
	iters: 200, epoch: 2 | loss: 0.2732477
	speed: 0.0043s/iter; left time: 40.6879s
	iters: 300, epoch: 2 | loss: 0.2543991
	speed: 0.0044s/iter; left time: 40.9007s
	iters: 400, epoch: 2 | loss: 0.3275739
	speed: 0.0043s/iter; left time: 40.1462s
	iters: 500, epoch: 2 | loss: 0.2753333
	speed: 0.0044s/iter; left time: 39.8937s
	iters: 600, epoch: 2 | loss: 0.2218422
	speed: 0.0044s/iter; left time: 39.8076s
	iters: 700, epoch: 2 | loss: 0.1804447
	speed: 0.0043s/iter; left time: 38.4594s
	iters: 800, epoch: 2 | loss: 0.2597161
	speed: 0.0043s/iter; left time: 37.9581s
	iters: 900, epoch: 2 | loss: 0.2672380
	speed: 0.0045s/iter; left time: 39.0434s
	iters: 1000, epoch: 2 | loss: 0.3086488
	speed: 0.0046s/iter; left time: 40.1740s
Epoch: 2 cost time: 5.413902759552002
Epoch: 2, Steps: 1071 | Train Loss: 0.2908569 Vali Loss: 0.4021545 Test Loss: 0.3204674
Validation loss decreased (0.403380 --> 0.402154).  Saving model ...
Updating learning rate to 0.0005
	iters: 100, epoch: 3 | loss: 0.2588847
	speed: 0.0471s/iter; left time: 398.5037s
	iters: 200, epoch: 3 | loss: 0.2824960
	speed: 0.0043s/iter; left time: 36.2701s
	iters: 300, epoch: 3 | loss: 0.2795502
	speed: 0.0043s/iter; left time: 35.2667s
	iters: 400, epoch: 3 | loss: 0.3405267
	speed: 0.0043s/iter; left time: 34.8567s
	iters: 500, epoch: 3 | loss: 0.3106271
	speed: 0.0043s/iter; left time: 34.4871s
	iters: 600, epoch: 3 | loss: 0.3713657
	speed: 0.0044s/iter; left time: 35.2594s
	iters: 700, epoch: 3 | loss: 0.4795488
	speed: 0.0047s/iter; left time: 37.0820s
	iters: 800, epoch: 3 | loss: 0.2576067
	speed: 0.0047s/iter; left time: 36.5961s
	iters: 900, epoch: 3 | loss: 0.1809809
	speed: 0.0050s/iter; left time: 38.7230s
	iters: 1000, epoch: 3 | loss: 0.1743211
	speed: 0.0047s/iter; left time: 35.8013s
Epoch: 3 cost time: 5.4379799365997314
Epoch: 3, Steps: 1071 | Train Loss: 0.2883267 Vali Loss: 0.4055434 Test Loss: 0.3154796
EarlyStopping counter: 1 out of 3
Updating learning rate to 0.00025
	iters: 100, epoch: 4 | loss: 0.1726117
	speed: 0.0467s/iter; left time: 345.1514s
	iters: 200, epoch: 4 | loss: 0.2447147
	speed: 0.0042s/iter; left time: 30.8643s
	iters: 300, epoch: 4 | loss: 0.2183746
	speed: 0.0044s/iter; left time: 31.5242s
	iters: 400, epoch: 4 | loss: 0.2020698
	speed: 0.0043s/iter; left time: 30.4058s
	iters: 500, epoch: 4 | loss: 0.2833086
	speed: 0.0043s/iter; left time: 29.8325s
	iters: 600, epoch: 4 | loss: 0.2865407
	speed: 0.0043s/iter; left time: 29.4429s
	iters: 700, epoch: 4 | loss: 0.2224944
	speed: 0.0043s/iter; left time: 28.9478s
	iters: 800, epoch: 4 | loss: 0.1797144
	speed: 0.0043s/iter; left time: 28.4924s
	iters: 900, epoch: 4 | loss: 0.2397165
	speed: 0.0044s/iter; left time: 29.2871s
	iters: 1000, epoch: 4 | loss: 0.2414906
	speed: 0.0048s/iter; left time: 31.2566s
Epoch: 4 cost time: 5.305741548538208
Epoch: 4, Steps: 1071 | Train Loss: 0.2871235 Vali Loss: 0.4023183 Test Loss: 0.3158742
EarlyStopping counter: 2 out of 3
Updating learning rate to 0.000125
	iters: 100, epoch: 5 | loss: 0.2034038
	speed: 0.0463s/iter; left time: 292.6257s
	iters: 200, epoch: 5 | loss: 0.3026851
	speed: 0.0045s/iter; left time: 27.9534s
	iters: 300, epoch: 5 | loss: 0.3982038
	speed: 0.0046s/iter; left time: 27.8841s
	iters: 400, epoch: 5 | loss: 0.4609366
	speed: 0.0045s/iter; left time: 27.3255s
	iters: 500, epoch: 5 | loss: 0.1766664
	speed: 0.0045s/iter; left time: 26.8375s
	iters: 600, epoch: 5 | loss: 0.2466897
	speed: 0.0045s/iter; left time: 26.4175s
	iters: 700, epoch: 5 | loss: 0.2260734
	speed: 0.0045s/iter; left time: 26.0492s
	iters: 800, epoch: 5 | loss: 0.2654027
	speed: 0.0045s/iter; left time: 25.5935s
	iters: 900, epoch: 5 | loss: 0.2454137
	speed: 0.0046s/iter; left time: 25.2154s
	iters: 1000, epoch: 5 | loss: 0.4635637
	speed: 0.0046s/iter; left time: 24.7767s
Epoch: 5 cost time: 5.414890289306641
Epoch: 5, Steps: 1071 | Train Loss: 0.2865385 Vali Loss: 0.4014021 Test Loss: 0.3153684
Validation loss decreased (0.402154 --> 0.401402).  Saving model ...
Updating learning rate to 6.25e-05
	iters: 100, epoch: 6 | loss: 0.1537078
	speed: 0.0468s/iter; left time: 246.0920s
	iters: 200, epoch: 6 | loss: 0.5462680
	speed: 0.0045s/iter; left time: 23.1590s
	iters: 300, epoch: 6 | loss: 0.3061607
	speed: 0.0044s/iter; left time: 22.2793s
	iters: 400, epoch: 6 | loss: 0.2127507
	speed: 0.0043s/iter; left time: 21.5076s
	iters: 500, epoch: 6 | loss: 0.3895708
	speed: 0.0044s/iter; left time: 21.4207s
	iters: 600, epoch: 6 | loss: 0.3895506
	speed: 0.0043s/iter; left time: 20.6886s
	iters: 700, epoch: 6 | loss: 0.1965743
	speed: 0.0043s/iter; left time: 20.1023s
	iters: 800, epoch: 6 | loss: 0.4503251
	speed: 0.0043s/iter; left time: 19.7367s
	iters: 900, epoch: 6 | loss: 0.2951618
	speed: 0.0047s/iter; left time: 20.9219s
	iters: 1000, epoch: 6 | loss: 0.2549440
	speed: 0.0046s/iter; left time: 20.0334s
Epoch: 6 cost time: 5.349142074584961
Epoch: 6, Steps: 1071 | Train Loss: 0.2861949 Vali Loss: 0.4030240 Test Loss: 0.3149631
EarlyStopping counter: 1 out of 3
Updating learning rate to 3.125e-05
	iters: 100, epoch: 7 | loss: 0.2604810
	speed: 0.0460s/iter; left time: 192.3453s
	iters: 200, epoch: 7 | loss: 0.3016010
	speed: 0.0043s/iter; left time: 17.4090s
	iters: 300, epoch: 7 | loss: 0.4161482
	speed: 0.0042s/iter; left time: 16.9221s
	iters: 400, epoch: 7 | loss: 0.2547678
	speed: 0.0043s/iter; left time: 16.5367s
	iters: 500, epoch: 7 | loss: 0.2578582
	speed: 0.0042s/iter; left time: 16.0703s
	iters: 600, epoch: 7 | loss: 0.3624378
	speed: 0.0044s/iter; left time: 16.2001s
	iters: 700, epoch: 7 | loss: 0.3609351
	speed: 0.0043s/iter; left time: 15.3837s
	iters: 800, epoch: 7 | loss: 0.5040873
	speed: 0.0042s/iter; left time: 14.8022s
	iters: 900, epoch: 7 | loss: 0.3770528
	speed: 0.0043s/iter; left time: 14.4933s
	iters: 1000, epoch: 7 | loss: 0.3747531
	speed: 0.0043s/iter; left time: 14.1622s
Epoch: 7 cost time: 5.2154929637908936
Epoch: 7, Steps: 1071 | Train Loss: 0.2860520 Vali Loss: 0.4006447 Test Loss: 0.3148420
Validation loss decreased (0.401402 --> 0.400645).  Saving model ...
Updating learning rate to 1.5625e-05
	iters: 100, epoch: 8 | loss: 0.2705348
	speed: 0.0461s/iter; left time: 143.5765s
	iters: 200, epoch: 8 | loss: 0.5036432
	speed: 0.0043s/iter; left time: 12.9560s
	iters: 300, epoch: 8 | loss: 0.2074429
	speed: 0.0042s/iter; left time: 12.2575s
	iters: 400, epoch: 8 | loss: 0.2477330
	speed: 0.0042s/iter; left time: 11.8452s
	iters: 500, epoch: 8 | loss: 0.4017236
	speed: 0.0042s/iter; left time: 11.3995s
	iters: 600, epoch: 8 | loss: 0.2774554
	speed: 0.0042s/iter; left time: 11.0414s
	iters: 700, epoch: 8 | loss: 0.3339309
	speed: 0.0043s/iter; left time: 10.7327s
	iters: 800, epoch: 8 | loss: 0.3415357
	speed: 0.0042s/iter; left time: 10.2402s
	iters: 900, epoch: 8 | loss: 0.2328821
	speed: 0.0043s/iter; left time: 9.8976s
	iters: 1000, epoch: 8 | loss: 0.2128872
	speed: 0.0043s/iter; left time: 9.5288s
Epoch: 8 cost time: 5.1299216747283936
Epoch: 8, Steps: 1071 | Train Loss: 0.2859471 Vali Loss: 0.4011688 Test Loss: 0.3147250
EarlyStopping counter: 1 out of 3
Updating learning rate to 7.8125e-06
	iters: 100, epoch: 9 | loss: 0.2728628
	speed: 0.0458s/iter; left time: 93.6194s
	iters: 200, epoch: 9 | loss: 0.2037428
	speed: 0.0045s/iter; left time: 8.7496s
	iters: 300, epoch: 9 | loss: 0.2380220
	speed: 0.0044s/iter; left time: 8.0500s
	iters: 400, epoch: 9 | loss: 0.3828801
	speed: 0.0043s/iter; left time: 7.4516s
	iters: 500, epoch: 9 | loss: 0.2464647
	speed: 0.0043s/iter; left time: 7.0514s
	iters: 600, epoch: 9 | loss: 0.2781396
	speed: 0.0043s/iter; left time: 6.5625s
	iters: 700, epoch: 9 | loss: 0.3177925
	speed: 0.0042s/iter; left time: 6.1254s
	iters: 800, epoch: 9 | loss: 0.4108783
	speed: 0.0042s/iter; left time: 5.6924s
	iters: 900, epoch: 9 | loss: 0.3199145
	speed: 0.0047s/iter; left time: 5.7968s
	iters: 1000, epoch: 9 | loss: 0.2241466
	speed: 0.0043s/iter; left time: 4.9144s
Epoch: 9 cost time: 5.329287767410278
Epoch: 9, Steps: 1071 | Train Loss: 0.2858658 Vali Loss: 0.4003986 Test Loss: 0.3147630
Validation loss decreased (0.400645 --> 0.400399).  Saving model ...
Updating learning rate to 3.90625e-06
	iters: 100, epoch: 10 | loss: 0.3300649
	speed: 0.0456s/iter; left time: 44.2959s
	iters: 200, epoch: 10 | loss: 0.3070522
	speed: 0.0043s/iter; left time: 3.7098s
	iters: 300, epoch: 10 | loss: 0.2481329
	speed: 0.0042s/iter; left time: 3.2719s
	iters: 400, epoch: 10 | loss: 0.2391542
	speed: 0.0043s/iter; left time: 2.8604s
	iters: 500, epoch: 10 | loss: 0.3326048
	speed: 0.0043s/iter; left time: 2.4368s
	iters: 600, epoch: 10 | loss: 0.2959065
	speed: 0.0043s/iter; left time: 2.0384s
	iters: 700, epoch: 10 | loss: 0.1916390
	speed: 0.0043s/iter; left time: 1.5978s
	iters: 800, epoch: 10 | loss: 0.3410905
	speed: 0.0043s/iter; left time: 1.1694s
	iters: 900, epoch: 10 | loss: 0.2829883
	speed: 0.0043s/iter; left time: 0.7357s
	iters: 1000, epoch: 10 | loss: 0.3103915
	speed: 0.0044s/iter; left time: 0.3184s
Epoch: 10 cost time: 5.189895868301392
Epoch: 10, Steps: 1071 | Train Loss: 0.2858969 Vali Loss: 0.4008990 Test Loss: 0.3147308
EarlyStopping counter: 1 out of 3
Updating learning rate to 1.953125e-06
>>>>>>>testing : ETTh1_48_24_DLinear_ETTh1_ftM_sl48_ll48_pl24_dm512_nh8_el2_dl1_df2048_fc1_ebtimeF_dtTrue_Exp_0<<<<<<<<<<<<<<<<<<<<<<<<<<<<<<<<<
test 2857
mse:0.31540995836257935, mae:0.35283324122428894
