Args in experiment:
Namespace(activation='gelu', batch_size=8, c_out=7, checkpoints='/spo/NewbornTime/tahir098/SVF/data/Extra/checkpoints/', d_ff=2048, d_layers=1, d_model=512, data='ETTh1', data_path='ETTh1.csv', dec_in=7, des='Exp', devices='0,1,2,3', distil=True, do_predict=False, dropout=0.05, e_layers=2, embed='timeF', embed_type=0, enc_in=7, factor=1, features='M', freq='h', gpu=0, individual=False, is_training=1, itr=1, label_len=48, learning_rate=0.001, loss='mse', lradj='type1', model='DLinear', model_id='ETTh1_192_24', moving_avg=25, n_heads=8, num_workers=10, output_attention=False, patience=3, pred_len=24, root_path='./dataset/', seq_len=192, target='OT', test_flop=False, train_epochs=10, train_only=False, use_amp=False, use_gpu=True, use_multi_gpu=False)
Use GPU: cuda:0
>>>>>>>start training : ETTh1_192_24_DLinear_ETTh1_ftM_sl192_ll48_pl24_dm512_nh8_el2_dl1_df2048_fc1_ebtimeF_dtTrue_Exp_0>>>>>>>>>>>>>>>>>>>>>>>>>>
train 8425
val 2857
test 2857
	iters: 100, epoch: 1 | loss: 0.2500278
	speed: 0.0206s/iter; left time: 214.9678s
	iters: 200, epoch: 1 | loss: 0.2557140
	speed: 0.0140s/iter; left time: 145.0915s
	iters: 300, epoch: 1 | loss: 0.2251166
	speed: 0.0117s/iter; left time: 119.5145s
	iters: 400, epoch: 1 | loss: 0.3072277
	speed: 0.0138s/iter; left time: 139.8178s
	iters: 500, epoch: 1 | loss: 0.3143687
	speed: 0.0118s/iter; left time: 118.1735s
	iters: 600, epoch: 1 | loss: 0.2426415
	speed: 0.0129s/iter; left time: 128.3382s
	iters: 700, epoch: 1 | loss: 0.2698775
	speed: 0.0121s/iter; left time: 119.0149s
	iters: 800, epoch: 1 | loss: 0.2436174
	speed: 0.0103s/iter; left time: 100.2683s
	iters: 900, epoch: 1 | loss: 0.3872555
	speed: 0.0142s/iter; left time: 136.5056s
	iters: 1000, epoch: 1 | loss: 0.2867482
	speed: 0.0125s/iter; left time: 119.2070s
Epoch: 1 cost time: 14.211499452590942
Epoch: 1, Steps: 1053 | Train Loss: 0.2954139 Vali Loss: 0.4243893 Test Loss: 0.3293413
Validation loss decreased (inf --> 0.424389).  Saving model ...
Updating learning rate to 0.001
	iters: 100, epoch: 2 | loss: 0.2432169
	speed: 0.1260s/iter; left time: 1181.2975s
	iters: 200, epoch: 2 | loss: 0.3179040
	speed: 0.0140s/iter; left time: 129.7799s
	iters: 300, epoch: 2 | loss: 0.2478600
	speed: 0.0114s/iter; left time: 104.6200s
	iters: 400, epoch: 2 | loss: 0.1648440
	speed: 0.0139s/iter; left time: 126.1830s
	iters: 500, epoch: 2 | loss: 0.2973786
	speed: 0.0123s/iter; left time: 110.2045s
	iters: 600, epoch: 2 | loss: 0.3065690
	speed: 0.0135s/iter; left time: 120.1145s
	iters: 700, epoch: 2 | loss: 0.1786584
	speed: 0.0115s/iter; left time: 101.3692s
	iters: 800, epoch: 2 | loss: 0.3268836
	speed: 0.0125s/iter; left time: 108.0463s
	iters: 900, epoch: 2 | loss: 0.2445599
	speed: 0.0141s/iter; left time: 120.8827s
	iters: 1000, epoch: 2 | loss: 0.2573518
	speed: 0.0094s/iter; left time: 79.3859s
Epoch: 2 cost time: 14.220313310623169
Epoch: 2, Steps: 1053 | Train Loss: 0.2745155 Vali Loss: 0.4015316 Test Loss: 0.3359476
Validation loss decreased (0.424389 --> 0.401532).  Saving model ...
Updating learning rate to 0.0005
	iters: 100, epoch: 3 | loss: 0.1758590
	speed: 0.1207s/iter; left time: 1004.7013s
	iters: 200, epoch: 3 | loss: 0.2874478
	speed: 0.0137s/iter; left time: 112.6137s
	iters: 300, epoch: 3 | loss: 0.3723413
	speed: 0.0128s/iter; left time: 103.6121s
	iters: 400, epoch: 3 | loss: 0.2209286
	speed: 0.0134s/iter; left time: 107.2632s
	iters: 500, epoch: 3 | loss: 0.3383302
	speed: 0.0130s/iter; left time: 102.8439s
	iters: 600, epoch: 3 | loss: 0.2679289
	speed: 0.0124s/iter; left time: 97.1747s
	iters: 700, epoch: 3 | loss: 0.2509031
	speed: 0.0137s/iter; left time: 105.7830s
	iters: 800, epoch: 3 | loss: 0.2392927
	speed: 0.0118s/iter; left time: 89.6655s
	iters: 900, epoch: 3 | loss: 0.2937372
	speed: 0.0138s/iter; left time: 103.9567s
	iters: 1000, epoch: 3 | loss: 0.3141479
	speed: 0.0127s/iter; left time: 94.2048s
Epoch: 3 cost time: 14.543281078338623
Epoch: 3, Steps: 1053 | Train Loss: 0.2670379 Vali Loss: 0.3963664 Test Loss: 0.3199838
Validation loss decreased (0.401532 --> 0.396366).  Saving model ...
Updating learning rate to 0.00025
	iters: 100, epoch: 4 | loss: 0.1873170
	speed: 0.1305s/iter; left time: 948.7058s
	iters: 200, epoch: 4 | loss: 0.1973618
	speed: 0.0123s/iter; left time: 88.3060s
	iters: 300, epoch: 4 | loss: 0.2644901
	speed: 0.0128s/iter; left time: 90.2137s
	iters: 400, epoch: 4 | loss: 0.2682664
	speed: 0.0138s/iter; left time: 96.5529s
	iters: 500, epoch: 4 | loss: 0.2432238
	speed: 0.0114s/iter; left time: 78.0842s
	iters: 600, epoch: 4 | loss: 0.2572823
	speed: 0.0130s/iter; left time: 88.0639s
	iters: 700, epoch: 4 | loss: 0.4013906
	speed: 0.0128s/iter; left time: 85.1430s
	iters: 800, epoch: 4 | loss: 0.2270697
	speed: 0.0143s/iter; left time: 94.0441s
	iters: 900, epoch: 4 | loss: 0.2362995
	speed: 0.0134s/iter; left time: 86.5675s
	iters: 1000, epoch: 4 | loss: 0.2289226
	speed: 0.0130s/iter; left time: 82.6728s
Epoch: 4 cost time: 14.661466598510742
Epoch: 4, Steps: 1053 | Train Loss: 0.2636506 Vali Loss: 0.3991974 Test Loss: 0.3165281
EarlyStopping counter: 1 out of 3
Updating learning rate to 0.000125
	iters: 100, epoch: 5 | loss: 0.3469101
	speed: 0.1280s/iter; left time: 796.2787s
	iters: 200, epoch: 5 | loss: 0.1756431
	speed: 0.0112s/iter; left time: 68.5638s
	iters: 300, epoch: 5 | loss: 0.3269242
	speed: 0.0136s/iter; left time: 81.6154s
	iters: 400, epoch: 5 | loss: 0.2905350
	speed: 0.0113s/iter; left time: 66.7805s
	iters: 500, epoch: 5 | loss: 0.3017785
	speed: 0.0131s/iter; left time: 76.1104s
	iters: 600, epoch: 5 | loss: 0.2911297
	speed: 0.0139s/iter; left time: 79.7266s
	iters: 700, epoch: 5 | loss: 0.3426897
	speed: 0.0109s/iter; left time: 61.0162s
	iters: 800, epoch: 5 | loss: 0.4773968
	speed: 0.0142s/iter; left time: 78.6243s
	iters: 900, epoch: 5 | loss: 0.2553745
	speed: 0.0116s/iter; left time: 62.7781s
	iters: 1000, epoch: 5 | loss: 0.3274541
	speed: 0.0126s/iter; left time: 67.0816s
Epoch: 5 cost time: 14.250526666641235
Epoch: 5, Steps: 1053 | Train Loss: 0.2615548 Vali Loss: 0.3965545 Test Loss: 0.3167463
EarlyStopping counter: 2 out of 3
Updating learning rate to 6.25e-05
	iters: 100, epoch: 6 | loss: 0.2167710
	speed: 0.1292s/iter; left time: 667.4901s
	iters: 200, epoch: 6 | loss: 0.2227843
	speed: 0.0135s/iter; left time: 68.4921s
	iters: 300, epoch: 6 | loss: 0.3202288
	speed: 0.0134s/iter; left time: 66.7392s
	iters: 400, epoch: 6 | loss: 0.2250134
	speed: 0.0128s/iter; left time: 62.2145s
	iters: 500, epoch: 6 | loss: 0.2928750
	speed: 0.0140s/iter; left time: 66.7289s
	iters: 600, epoch: 6 | loss: 0.2459062
	speed: 0.0126s/iter; left time: 58.6165s
	iters: 700, epoch: 6 | loss: 0.2227336
	speed: 0.0138s/iter; left time: 63.2048s
	iters: 800, epoch: 6 | loss: 0.2004149
	speed: 0.0130s/iter; left time: 57.9481s
	iters: 900, epoch: 6 | loss: 0.3023207
	speed: 0.0133s/iter; left time: 58.2696s
	iters: 1000, epoch: 6 | loss: 0.2095666
	speed: 0.0127s/iter; left time: 54.1623s
Epoch: 6 cost time: 14.657341480255127
Epoch: 6, Steps: 1053 | Train Loss: 0.2604929 Vali Loss: 0.3974962 Test Loss: 0.3146469
EarlyStopping counter: 3 out of 3
Early stopping
>>>>>>>testing : ETTh1_192_24_DLinear_ETTh1_ftM_sl192_ll48_pl24_dm512_nh8_el2_dl1_df2048_fc1_ebtimeF_dtTrue_Exp_0<<<<<<<<<<<<<<<<<<<<<<<<<<<<<<<<<
test 2857
mse:0.3204120397567749, mae:0.364895761013031
