Args in experiment:
Namespace(activation='gelu', batch_size=8, c_out=7, checkpoints='/spo/NewbornTime/tahir098/SVF/data/Extra/checkpoints/', d_ff=2048, d_layers=1, d_model=512, data='ETTh1', data_path='ETTh1.csv', dec_in=7, des='Exp', devices='0,1,2,3', distil=True, do_predict=False, dropout=0.05, e_layers=2, embed='timeF', embed_type=0, enc_in=7, factor=1, features='M', freq='h', gpu=0, individual=False, is_training=1, itr=1, label_len=48, learning_rate=0.001, loss='mse', lradj='type1', model='DLinear', model_id='ETTh1_504_24', moving_avg=25, n_heads=8, num_workers=10, output_attention=False, patience=3, pred_len=24, root_path='./dataset/', seq_len=504, target='OT', test_flop=False, train_epochs=10, train_only=False, use_amp=False, use_gpu=True, use_multi_gpu=False)
Use GPU: cuda:0
>>>>>>>start training : ETTh1_504_24_DLinear_ETTh1_ftM_sl504_ll48_pl24_dm512_nh8_el2_dl1_df2048_fc1_ebtimeF_dtTrue_Exp_0>>>>>>>>>>>>>>>>>>>>>>>>>>
train 8113
val 2857
test 2857
	iters: 100, epoch: 1 | loss: 0.2239666
	speed: 0.0134s/iter; left time: 134.5136s
	iters: 200, epoch: 1 | loss: 0.2920163
	speed: 0.0047s/iter; left time: 46.8120s
	iters: 300, epoch: 1 | loss: 0.2116170
	speed: 0.0052s/iter; left time: 51.4882s
	iters: 400, epoch: 1 | loss: 0.2348826
	speed: 0.0053s/iter; left time: 51.1660s
	iters: 500, epoch: 1 | loss: 0.2140193
	speed: 0.0055s/iter; left time: 53.3677s
	iters: 600, epoch: 1 | loss: 0.3493972
	speed: 0.0049s/iter; left time: 47.2218s
	iters: 700, epoch: 1 | loss: 0.4699506
	speed: 0.0052s/iter; left time: 49.1270s
	iters: 800, epoch: 1 | loss: 0.2920330
	speed: 0.0050s/iter; left time: 46.2749s
	iters: 900, epoch: 1 | loss: 0.4302970
	speed: 0.0063s/iter; left time: 58.6116s
	iters: 1000, epoch: 1 | loss: 0.3541892
	speed: 0.0052s/iter; left time: 47.7265s
Epoch: 1 cost time: 6.283922910690308
Epoch: 1, Steps: 1014 | Train Loss: 0.3082107 Vali Loss: 0.4502086 Test Loss: 0.3427363
Validation loss decreased (inf --> 0.450209).  Saving model ...
Updating learning rate to 0.001
	iters: 100, epoch: 2 | loss: 0.2622032
	speed: 0.0582s/iter; left time: 524.9209s
	iters: 200, epoch: 2 | loss: 0.2822122
	speed: 0.0051s/iter; left time: 45.1837s
	iters: 300, epoch: 2 | loss: 0.2349951
	speed: 0.0050s/iter; left time: 44.2076s
	iters: 400, epoch: 2 | loss: 0.2947343
	speed: 0.0050s/iter; left time: 43.3787s
	iters: 500, epoch: 2 | loss: 0.2083624
	speed: 0.0048s/iter; left time: 41.7975s
	iters: 600, epoch: 2 | loss: 0.2394066
	speed: 0.0055s/iter; left time: 47.2794s
	iters: 700, epoch: 2 | loss: 0.2315589
	speed: 0.0054s/iter; left time: 45.2347s
	iters: 800, epoch: 2 | loss: 0.3206824
	speed: 0.0054s/iter; left time: 44.5845s
	iters: 900, epoch: 2 | loss: 0.1867834
	speed: 0.0058s/iter; left time: 47.3423s
	iters: 1000, epoch: 2 | loss: 0.3141906
	speed: 0.0051s/iter; left time: 41.0645s
Epoch: 2 cost time: 6.13467812538147
Epoch: 2, Steps: 1014 | Train Loss: 0.2878321 Vali Loss: 0.4351407 Test Loss: 0.3490914
Validation loss decreased (0.450209 --> 0.435141).  Saving model ...
Updating learning rate to 0.0005
	iters: 100, epoch: 3 | loss: 0.2918239
	speed: 0.0554s/iter; left time: 444.2203s
	iters: 200, epoch: 3 | loss: 0.2673975
	speed: 0.0049s/iter; left time: 38.5347s
	iters: 300, epoch: 3 | loss: 0.3312834
	speed: 0.0048s/iter; left time: 37.7494s
	iters: 400, epoch: 3 | loss: 0.2927437
	speed: 0.0050s/iter; left time: 38.8480s
	iters: 500, epoch: 3 | loss: 0.1627840
	speed: 0.0052s/iter; left time: 39.6677s
	iters: 600, epoch: 3 | loss: 0.3348737
	speed: 0.0051s/iter; left time: 38.0604s
	iters: 700, epoch: 3 | loss: 0.2665598
	speed: 0.0059s/iter; left time: 43.4361s
	iters: 800, epoch: 3 | loss: 0.2555161
	speed: 0.0051s/iter; left time: 37.2960s
	iters: 900, epoch: 3 | loss: 0.4003844
	speed: 0.0061s/iter; left time: 43.8714s
	iters: 1000, epoch: 3 | loss: 0.3227724
	speed: 0.0049s/iter; left time: 34.5030s
Epoch: 3 cost time: 6.055384874343872
Epoch: 3, Steps: 1014 | Train Loss: 0.2699317 Vali Loss: 0.4359518 Test Loss: 0.3339896
EarlyStopping counter: 1 out of 3
Updating learning rate to 0.00025
	iters: 100, epoch: 4 | loss: 0.2231445
	speed: 0.0552s/iter; left time: 386.1753s
	iters: 200, epoch: 4 | loss: 0.2283684
	speed: 0.0048s/iter; left time: 33.2507s
	iters: 300, epoch: 4 | loss: 0.3968095
	speed: 0.0047s/iter; left time: 32.1702s
	iters: 400, epoch: 4 | loss: 0.5723128
	speed: 0.0051s/iter; left time: 34.1486s
	iters: 500, epoch: 4 | loss: 0.2411267
	speed: 0.0050s/iter; left time: 33.2324s
	iters: 600, epoch: 4 | loss: 0.2259417
	speed: 0.0049s/iter; left time: 31.7018s
	iters: 700, epoch: 4 | loss: 0.1893682
	speed: 0.0049s/iter; left time: 31.1924s
	iters: 800, epoch: 4 | loss: 0.3549645
	speed: 0.0051s/iter; left time: 32.0146s
	iters: 900, epoch: 4 | loss: 0.3403159
	speed: 0.0050s/iter; left time: 30.9963s
	iters: 1000, epoch: 4 | loss: 0.1899098
	speed: 0.0049s/iter; left time: 29.6247s
Epoch: 4 cost time: 5.810266971588135
Epoch: 4, Steps: 1014 | Train Loss: 0.2613130 Vali Loss: 0.3937573 Test Loss: 0.3174148
Validation loss decreased (0.435141 --> 0.393757).  Saving model ...
Updating learning rate to 0.000125
	iters: 100, epoch: 5 | loss: 0.1734665
	speed: 0.0546s/iter; left time: 326.5923s
	iters: 200, epoch: 5 | loss: 0.3703334
	speed: 0.0049s/iter; left time: 28.9310s
	iters: 300, epoch: 5 | loss: 0.2116019
	speed: 0.0053s/iter; left time: 30.6406s
	iters: 400, epoch: 5 | loss: 0.3354819
	speed: 0.0055s/iter; left time: 31.1082s
	iters: 500, epoch: 5 | loss: 0.3126953
	speed: 0.0051s/iter; left time: 28.3815s
	iters: 600, epoch: 5 | loss: 0.2214027
	speed: 0.0047s/iter; left time: 25.6258s
	iters: 700, epoch: 5 | loss: 0.2038176
	speed: 0.0049s/iter; left time: 26.3688s
	iters: 800, epoch: 5 | loss: 0.2085521
	speed: 0.0050s/iter; left time: 26.2953s
	iters: 900, epoch: 5 | loss: 0.2536952
	speed: 0.0049s/iter; left time: 25.3824s
	iters: 1000, epoch: 5 | loss: 0.1660995
	speed: 0.0054s/iter; left time: 27.2174s
Epoch: 5 cost time: 6.026734352111816
Epoch: 5, Steps: 1014 | Train Loss: 0.2565878 Vali Loss: 0.4007018 Test Loss: 0.3143330
EarlyStopping counter: 1 out of 3
Updating learning rate to 6.25e-05
	iters: 100, epoch: 6 | loss: 0.2923290
	speed: 0.0548s/iter; left time: 272.6224s
	iters: 200, epoch: 6 | loss: 0.2498491
	speed: 0.0049s/iter; left time: 23.6517s
	iters: 300, epoch: 6 | loss: 0.2251727
	speed: 0.0048s/iter; left time: 22.9229s
	iters: 400, epoch: 6 | loss: 0.1905496
	speed: 0.0050s/iter; left time: 23.4363s
	iters: 500, epoch: 6 | loss: 0.2083102
	speed: 0.0048s/iter; left time: 21.7909s
	iters: 600, epoch: 6 | loss: 0.2000651
	speed: 0.0049s/iter; left time: 21.8711s
	iters: 700, epoch: 6 | loss: 0.2077786
	speed: 0.0047s/iter; left time: 20.7295s
	iters: 800, epoch: 6 | loss: 0.2585954
	speed: 0.0047s/iter; left time: 20.2036s
	iters: 900, epoch: 6 | loss: 0.3077033
	speed: 0.0047s/iter; left time: 19.5492s
	iters: 1000, epoch: 6 | loss: 0.2926841
	speed: 0.0050s/iter; left time: 20.3385s
Epoch: 6 cost time: 5.742444038391113
Epoch: 6, Steps: 1014 | Train Loss: 0.2544758 Vali Loss: 0.3885671 Test Loss: 0.3139449
Validation loss decreased (0.393757 --> 0.388567).  Saving model ...
Updating learning rate to 3.125e-05
	iters: 100, epoch: 7 | loss: 0.3701598
	speed: 0.0538s/iter; left time: 212.8206s
	iters: 200, epoch: 7 | loss: 0.2134742
	speed: 0.0048s/iter; left time: 18.5903s
	iters: 300, epoch: 7 | loss: 0.4351009
	speed: 0.0048s/iter; left time: 17.8538s
	iters: 400, epoch: 7 | loss: 0.2393947
	speed: 0.0048s/iter; left time: 17.5344s
	iters: 500, epoch: 7 | loss: 0.1974238
	speed: 0.0050s/iter; left time: 17.9181s
	iters: 600, epoch: 7 | loss: 0.2068666
	speed: 0.0048s/iter; left time: 16.7208s
	iters: 700, epoch: 7 | loss: 0.2099601
	speed: 0.0054s/iter; left time: 18.0813s
	iters: 800, epoch: 7 | loss: 0.3589623
	speed: 0.0052s/iter; left time: 16.8249s
	iters: 900, epoch: 7 | loss: 0.2861504
	speed: 0.0048s/iter; left time: 15.2240s
	iters: 1000, epoch: 7 | loss: 0.2614798
	speed: 0.0047s/iter; left time: 14.4982s
Epoch: 7 cost time: 5.837390899658203
Epoch: 7, Steps: 1014 | Train Loss: 0.2530683 Vali Loss: 0.3889370 Test Loss: 0.3120770
EarlyStopping counter: 1 out of 3
Updating learning rate to 1.5625e-05
	iters: 100, epoch: 8 | loss: 0.2863626
	speed: 0.0562s/iter; left time: 165.3923s
	iters: 200, epoch: 8 | loss: 0.1794988
	speed: 0.0048s/iter; left time: 13.6055s
	iters: 300, epoch: 8 | loss: 0.2497517
	speed: 0.0050s/iter; left time: 13.6920s
	iters: 400, epoch: 8 | loss: 0.2475167
	speed: 0.0047s/iter; left time: 12.3802s
	iters: 500, epoch: 8 | loss: 0.2277165
	speed: 0.0050s/iter; left time: 12.6809s
	iters: 600, epoch: 8 | loss: 0.2928706
	speed: 0.0047s/iter; left time: 11.5093s
	iters: 700, epoch: 8 | loss: 0.2382317
	speed: 0.0048s/iter; left time: 11.1496s
	iters: 800, epoch: 8 | loss: 0.2794784
	speed: 0.0051s/iter; left time: 11.5440s
	iters: 900, epoch: 8 | loss: 0.2447384
	speed: 0.0047s/iter; left time: 9.9774s
	iters: 1000, epoch: 8 | loss: 0.2708234
	speed: 0.0049s/iter; left time: 10.0739s
Epoch: 8 cost time: 5.713787794113159
Epoch: 8, Steps: 1014 | Train Loss: 0.2522840 Vali Loss: 0.3888531 Test Loss: 0.3114023
EarlyStopping counter: 2 out of 3
Updating learning rate to 7.8125e-06
	iters: 100, epoch: 9 | loss: 0.2157574
	speed: 0.0538s/iter; left time: 103.7578s
	iters: 200, epoch: 9 | loss: 0.3542866
	speed: 0.0052s/iter; left time: 9.4755s
	iters: 300, epoch: 9 | loss: 0.3576593
	speed: 0.0049s/iter; left time: 8.4818s
	iters: 400, epoch: 9 | loss: 0.2747535
	speed: 0.0052s/iter; left time: 8.4434s
	iters: 500, epoch: 9 | loss: 0.3892616
	speed: 0.0047s/iter; left time: 7.2110s
	iters: 600, epoch: 9 | loss: 0.2614581
	speed: 0.0049s/iter; left time: 7.0406s
	iters: 700, epoch: 9 | loss: 0.2995968
	speed: 0.0048s/iter; left time: 6.4417s
	iters: 800, epoch: 9 | loss: 0.2430197
	speed: 0.0047s/iter; left time: 5.8015s
	iters: 900, epoch: 9 | loss: 0.1691281
	speed: 0.0049s/iter; left time: 5.4787s
	iters: 1000, epoch: 9 | loss: 0.3207783
	speed: 0.0044s/iter; left time: 4.5539s
Epoch: 9 cost time: 5.843374013900757
Epoch: 9, Steps: 1014 | Train Loss: 0.2519312 Vali Loss: 0.3886574 Test Loss: 0.3114350
EarlyStopping counter: 3 out of 3
Early stopping
>>>>>>>testing : ETTh1_504_24_DLinear_ETTh1_ftM_sl504_ll48_pl24_dm512_nh8_el2_dl1_df2048_fc1_ebtimeF_dtTrue_Exp_0<<<<<<<<<<<<<<<<<<<<<<<<<<<<<<<<<
test 2857
mse:0.31427690386772156, mae:0.3636429011821747
