Args in experiment:
Namespace(activation='gelu', batch_size=8, c_out=7, checkpoints='/spo/NewbornTime/tahir098/SVF/data/Extra/checkpoints/', d_ff=2048, d_layers=1, d_model=512, data='ETTh1', data_path='ETTh1.csv', dec_in=7, des='Exp', devices='0,1,2,3', distil=True, do_predict=False, dropout=0.05, e_layers=2, embed='timeF', embed_type=0, enc_in=7, factor=1, features='M', freq='h', gpu=0, individual=False, is_training=1, itr=1, label_len=48, learning_rate=0.001, loss='mse', lradj='type1', model='DLinear', model_id='ETTh1_672_24', moving_avg=25, n_heads=8, num_workers=10, output_attention=False, patience=3, pred_len=24, root_path='./dataset/', seq_len=672, target='OT', test_flop=False, train_epochs=10, train_only=False, use_amp=False, use_gpu=True, use_multi_gpu=False)
Use GPU: cuda:0
>>>>>>>start training : ETTh1_672_24_DLinear_ETTh1_ftM_sl672_ll48_pl24_dm512_nh8_el2_dl1_df2048_fc1_ebtimeF_dtTrue_Exp_0>>>>>>>>>>>>>>>>>>>>>>>>>>
train 7945
val 2857
test 2857
	iters: 100, epoch: 1 | loss: 0.4392430
	speed: 0.0136s/iter; left time: 134.1640s
	iters: 200, epoch: 1 | loss: 0.2404531
	speed: 0.0054s/iter; left time: 52.3628s
	iters: 300, epoch: 1 | loss: 0.2132549
	speed: 0.0051s/iter; left time: 49.2269s
	iters: 400, epoch: 1 | loss: 0.2863718
	speed: 0.0050s/iter; left time: 47.6219s
	iters: 500, epoch: 1 | loss: 0.3801755
	speed: 0.0052s/iter; left time: 48.9112s
	iters: 600, epoch: 1 | loss: 0.2734207
	speed: 0.0050s/iter; left time: 46.7748s
	iters: 700, epoch: 1 | loss: 0.3471336
	speed: 0.0051s/iter; left time: 46.9410s
	iters: 800, epoch: 1 | loss: 0.2582866
	speed: 0.0051s/iter; left time: 46.1297s
	iters: 900, epoch: 1 | loss: 0.2227145
	speed: 0.0053s/iter; left time: 47.8657s
Epoch: 1 cost time: 6.072856664657593
Epoch: 1, Steps: 993 | Train Loss: 0.3128290 Vali Loss: 0.4448736 Test Loss: 0.3629098
Validation loss decreased (inf --> 0.444874).  Saving model ...
Updating learning rate to 0.001
	iters: 100, epoch: 2 | loss: 0.2530466
	speed: 0.0592s/iter; left time: 523.4052s
	iters: 200, epoch: 2 | loss: 0.2216013
	speed: 0.0050s/iter; left time: 43.9620s
	iters: 300, epoch: 2 | loss: 0.3289827
	speed: 0.0058s/iter; left time: 50.0793s
	iters: 400, epoch: 2 | loss: 0.3369065
	speed: 0.0048s/iter; left time: 40.9573s
	iters: 500, epoch: 2 | loss: 0.3325019
	speed: 0.0050s/iter; left time: 42.4623s
	iters: 600, epoch: 2 | loss: 0.2300954
	speed: 0.0052s/iter; left time: 43.4964s
	iters: 700, epoch: 2 | loss: 0.3912510
	speed: 0.0049s/iter; left time: 40.7141s
	iters: 800, epoch: 2 | loss: 0.2736678
	speed: 0.0051s/iter; left time: 41.4666s
	iters: 900, epoch: 2 | loss: 0.2053902
	speed: 0.0051s/iter; left time: 41.3815s
Epoch: 2 cost time: 5.899007558822632
Epoch: 2, Steps: 993 | Train Loss: 0.2954392 Vali Loss: 0.4503794 Test Loss: 0.3712744
EarlyStopping counter: 1 out of 3
Updating learning rate to 0.0005
	iters: 100, epoch: 3 | loss: 0.3346491
	speed: 0.0610s/iter; left time: 478.4163s
	iters: 200, epoch: 3 | loss: 0.2118780
	speed: 0.0057s/iter; left time: 44.1122s
	iters: 300, epoch: 3 | loss: 0.2560029
	speed: 0.0049s/iter; left time: 37.5347s
	iters: 400, epoch: 3 | loss: 0.1603681
	speed: 0.0051s/iter; left time: 38.8342s
	iters: 500, epoch: 3 | loss: 0.2323127
	speed: 0.0051s/iter; left time: 38.0492s
	iters: 600, epoch: 3 | loss: 0.2141298
	speed: 0.0051s/iter; left time: 37.7205s
	iters: 700, epoch: 3 | loss: 0.2343946
	speed: 0.0047s/iter; left time: 33.9794s
	iters: 800, epoch: 3 | loss: 0.3093587
	speed: 0.0049s/iter; left time: 35.0716s
	iters: 900, epoch: 3 | loss: 0.4588105
	speed: 0.0055s/iter; left time: 38.8238s
Epoch: 3 cost time: 5.882855176925659
Epoch: 3, Steps: 993 | Train Loss: 0.2724800 Vali Loss: 0.4277156 Test Loss: 0.3354244
Validation loss decreased (0.444874 --> 0.427716).  Saving model ...
Updating learning rate to 0.00025
	iters: 100, epoch: 4 | loss: 0.1882731
	speed: 0.0609s/iter; left time: 417.0803s
	iters: 200, epoch: 4 | loss: 0.2518525
	speed: 0.0047s/iter; left time: 32.0492s
	iters: 300, epoch: 4 | loss: 0.2318475
	speed: 0.0051s/iter; left time: 33.6440s
	iters: 400, epoch: 4 | loss: 0.2656351
	speed: 0.0054s/iter; left time: 35.1906s
	iters: 500, epoch: 4 | loss: 0.4412473
	speed: 0.0048s/iter; left time: 30.7458s
	iters: 600, epoch: 4 | loss: 0.2850336
	speed: 0.0053s/iter; left time: 33.9253s
	iters: 700, epoch: 4 | loss: 0.2650813
	speed: 0.0051s/iter; left time: 31.9966s
	iters: 800, epoch: 4 | loss: 0.4792056
	speed: 0.0047s/iter; left time: 29.1145s
	iters: 900, epoch: 4 | loss: 0.3092155
	speed: 0.0050s/iter; left time: 30.2487s
Epoch: 4 cost time: 5.829269170761108
Epoch: 4, Steps: 993 | Train Loss: 0.2615211 Vali Loss: 0.4078016 Test Loss: 0.3221127
Validation loss decreased (0.427716 --> 0.407802).  Saving model ...
Updating learning rate to 0.000125
	iters: 100, epoch: 5 | loss: 0.2228384
	speed: 0.0593s/iter; left time: 347.6696s
	iters: 200, epoch: 5 | loss: 0.2147229
	speed: 0.0053s/iter; left time: 30.7330s
	iters: 300, epoch: 5 | loss: 0.2108044
	speed: 0.0052s/iter; left time: 29.3050s
	iters: 400, epoch: 5 | loss: 0.2509474
	speed: 0.0047s/iter; left time: 26.0409s
	iters: 500, epoch: 5 | loss: 0.2642198
	speed: 0.0050s/iter; left time: 27.2747s
	iters: 600, epoch: 5 | loss: 0.2687319
	speed: 0.0048s/iter; left time: 25.6702s
	iters: 700, epoch: 5 | loss: 0.2012087
	speed: 0.0049s/iter; left time: 25.9618s
	iters: 800, epoch: 5 | loss: 0.3379100
	speed: 0.0049s/iter; left time: 25.2168s
	iters: 900, epoch: 5 | loss: 0.3350999
	speed: 0.0050s/iter; left time: 25.4774s
Epoch: 5 cost time: 5.787334442138672
Epoch: 5, Steps: 993 | Train Loss: 0.2552845 Vali Loss: 0.4203116 Test Loss: 0.3239467
EarlyStopping counter: 1 out of 3
Updating learning rate to 6.25e-05
	iters: 100, epoch: 6 | loss: 0.2905554
	speed: 0.0603s/iter; left time: 293.4307s
	iters: 200, epoch: 6 | loss: 0.2418219
	speed: 0.0049s/iter; left time: 23.3198s
	iters: 300, epoch: 6 | loss: 0.1801117
	speed: 0.0054s/iter; left time: 25.0121s
	iters: 400, epoch: 6 | loss: 0.3543231
	speed: 0.0052s/iter; left time: 23.9254s
	iters: 500, epoch: 6 | loss: 0.2877324
	speed: 0.0052s/iter; left time: 23.0108s
	iters: 600, epoch: 6 | loss: 0.2379668
	speed: 0.0049s/iter; left time: 21.4253s
	iters: 700, epoch: 6 | loss: 0.1887137
	speed: 0.0047s/iter; left time: 19.9242s
	iters: 800, epoch: 6 | loss: 0.2503377
	speed: 0.0052s/iter; left time: 21.6593s
	iters: 900, epoch: 6 | loss: 0.2784615
	speed: 0.0053s/iter; left time: 21.3493s
Epoch: 6 cost time: 5.831399440765381
Epoch: 6, Steps: 993 | Train Loss: 0.2520314 Vali Loss: 0.4011243 Test Loss: 0.3189464
Validation loss decreased (0.407802 --> 0.401124).  Saving model ...
Updating learning rate to 3.125e-05
	iters: 100, epoch: 7 | loss: 0.2192684
	speed: 0.0602s/iter; left time: 233.1896s
	iters: 200, epoch: 7 | loss: 0.1744398
	speed: 0.0053s/iter; left time: 20.1817s
	iters: 300, epoch: 7 | loss: 0.2645994
	speed: 0.0053s/iter; left time: 19.3468s
	iters: 400, epoch: 7 | loss: 0.2364374
	speed: 0.0057s/iter; left time: 20.5293s
	iters: 500, epoch: 7 | loss: 0.2024231
	speed: 0.0051s/iter; left time: 17.7638s
	iters: 600, epoch: 7 | loss: 0.2381781
	speed: 0.0048s/iter; left time: 16.2757s
	iters: 700, epoch: 7 | loss: 0.2558228
	speed: 0.0051s/iter; left time: 16.6359s
	iters: 800, epoch: 7 | loss: 0.1607135
	speed: 0.0055s/iter; left time: 17.3340s
	iters: 900, epoch: 7 | loss: 0.2906100
	speed: 0.0052s/iter; left time: 16.0728s
Epoch: 7 cost time: 6.0323004722595215
Epoch: 7, Steps: 993 | Train Loss: 0.2504838 Vali Loss: 0.4003808 Test Loss: 0.3174827
Validation loss decreased (0.401124 --> 0.400381).  Saving model ...
Updating learning rate to 1.5625e-05
	iters: 100, epoch: 8 | loss: 0.2739811
	speed: 0.0616s/iter; left time: 177.5520s
	iters: 200, epoch: 8 | loss: 0.2688648
	speed: 0.0049s/iter; left time: 13.4841s
	iters: 300, epoch: 8 | loss: 0.1874780
	speed: 0.0052s/iter; left time: 13.8387s
	iters: 400, epoch: 8 | loss: 0.2697918
	speed: 0.0054s/iter; left time: 13.9855s
	iters: 500, epoch: 8 | loss: 0.2136225
	speed: 0.0049s/iter; left time: 12.1735s
	iters: 600, epoch: 8 | loss: 0.2714528
	speed: 0.0049s/iter; left time: 11.7110s
	iters: 700, epoch: 8 | loss: 0.2827615
	speed: 0.0053s/iter; left time: 12.1578s
	iters: 800, epoch: 8 | loss: 0.1797515
	speed: 0.0051s/iter; left time: 11.1826s
	iters: 900, epoch: 8 | loss: 0.2354270
	speed: 0.0052s/iter; left time: 10.7362s
Epoch: 8 cost time: 5.860566854476929
Epoch: 8, Steps: 993 | Train Loss: 0.2495427 Vali Loss: 0.3985147 Test Loss: 0.3174330
Validation loss decreased (0.400381 --> 0.398515).  Saving model ...
Updating learning rate to 7.8125e-06
	iters: 100, epoch: 9 | loss: 0.3250332
	speed: 0.0614s/iter; left time: 115.9525s
	iters: 200, epoch: 9 | loss: 0.3242439
	speed: 0.0047s/iter; left time: 8.4061s
	iters: 300, epoch: 9 | loss: 0.2575887
	speed: 0.0050s/iter; left time: 8.3886s
	iters: 400, epoch: 9 | loss: 0.1505710
	speed: 0.0053s/iter; left time: 8.4382s
	iters: 500, epoch: 9 | loss: 0.1723211
	speed: 0.0049s/iter; left time: 7.3480s
	iters: 600, epoch: 9 | loss: 0.2493510
	speed: 0.0051s/iter; left time: 7.1102s
	iters: 700, epoch: 9 | loss: 0.2678906
	speed: 0.0057s/iter; left time: 7.2970s
	iters: 800, epoch: 9 | loss: 0.2604078
	speed: 0.0051s/iter; left time: 6.0180s
	iters: 900, epoch: 9 | loss: 0.3221804
	speed: 0.0055s/iter; left time: 6.0191s
Epoch: 9 cost time: 5.918514013290405
Epoch: 9, Steps: 993 | Train Loss: 0.2491080 Vali Loss: 0.4014903 Test Loss: 0.3171868
EarlyStopping counter: 1 out of 3
Updating learning rate to 3.90625e-06
	iters: 100, epoch: 10 | loss: 0.5523776
	speed: 0.0614s/iter; left time: 54.8807s
	iters: 200, epoch: 10 | loss: 0.2813214
	speed: 0.0053s/iter; left time: 4.2396s
	iters: 300, epoch: 10 | loss: 0.2193137
	speed: 0.0049s/iter; left time: 3.4037s
	iters: 400, epoch: 10 | loss: 0.2539518
	speed: 0.0053s/iter; left time: 3.1619s
	iters: 500, epoch: 10 | loss: 0.2882082
	speed: 0.0052s/iter; left time: 2.5451s
	iters: 600, epoch: 10 | loss: 0.2917795
	speed: 0.0047s/iter; left time: 1.8667s
	iters: 700, epoch: 10 | loss: 0.1576084
	speed: 0.0049s/iter; left time: 1.4399s
	iters: 800, epoch: 10 | loss: 0.2042855
	speed: 0.0048s/iter; left time: 0.9330s
	iters: 900, epoch: 10 | loss: 0.2520556
	speed: 0.0054s/iter; left time: 0.5075s
Epoch: 10 cost time: 5.90815544128418
Epoch: 10, Steps: 993 | Train Loss: 0.2488630 Vali Loss: 0.4004537 Test Loss: 0.3170172
EarlyStopping counter: 2 out of 3
Updating learning rate to 1.953125e-06
>>>>>>>testing : ETTh1_672_24_DLinear_ETTh1_ftM_sl672_ll48_pl24_dm512_nh8_el2_dl1_df2048_fc1_ebtimeF_dtTrue_Exp_0<<<<<<<<<<<<<<<<<<<<<<<<<<<<<<<<<
test 2857
mse:0.3176877200603485, mae:0.36494094133377075
