Args in experiment:
Namespace(activation='gelu', batch_size=8, c_out=7, checkpoints='/spo/NewbornTime/tahir098/SVF/data/Extra/checkpoints/', d_ff=2048, d_layers=1, d_model=512, data='ETTh1', data_path='ETTh1.csv', dec_in=7, des='Exp', devices='0,1,2,3', distil=True, do_predict=False, dropout=0.05, e_layers=2, embed='timeF', embed_type=0, enc_in=7, factor=1, features='M', freq='h', gpu=0, individual=False, is_training=1, itr=1, label_len=48, learning_rate=0.001, loss='mse', lradj='type1', model='DLinear', model_id='ETTh1_144_24', moving_avg=25, n_heads=8, num_workers=10, output_attention=False, patience=3, pred_len=24, root_path='./dataset/', seq_len=144, target='OT', test_flop=False, train_epochs=10, train_only=False, use_amp=False, use_gpu=True, use_multi_gpu=False)
Use GPU: cuda:0
>>>>>>>start training : ETTh1_144_24_DLinear_ETTh1_ftM_sl144_ll48_pl24_dm512_nh8_el2_dl1_df2048_fc1_ebtimeF_dtTrue_Exp_0>>>>>>>>>>>>>>>>>>>>>>>>>>
train 8473
val 2857
test 2857
	iters: 100, epoch: 1 | loss: 0.3294257
	speed: 0.0198s/iter; left time: 207.4235s
	iters: 200, epoch: 1 | loss: 0.3850994
	speed: 0.0138s/iter; left time: 143.5645s
	iters: 300, epoch: 1 | loss: 0.2328443
	speed: 0.0124s/iter; left time: 127.4418s
	iters: 400, epoch: 1 | loss: 0.2505716
	speed: 0.0138s/iter; left time: 140.6674s
	iters: 500, epoch: 1 | loss: 0.2360140
	speed: 0.0130s/iter; left time: 131.6221s
	iters: 600, epoch: 1 | loss: 0.4225593
	speed: 0.0135s/iter; left time: 134.8318s
	iters: 700, epoch: 1 | loss: 0.2288224
	speed: 0.0131s/iter; left time: 129.0968s
	iters: 800, epoch: 1 | loss: 0.3905757
	speed: 0.0139s/iter; left time: 136.1583s
	iters: 900, epoch: 1 | loss: 0.2004303
	speed: 0.0145s/iter; left time: 140.2766s
	iters: 1000, epoch: 1 | loss: 0.2851982
	speed: 0.0123s/iter; left time: 118.0834s
Epoch: 1 cost time: 14.894326448440552
Epoch: 1, Steps: 1059 | Train Loss: 0.2957770 Vali Loss: 0.4159595 Test Loss: 0.3225103
Validation loss decreased (inf --> 0.415960).  Saving model ...
Updating learning rate to 0.001
	iters: 100, epoch: 2 | loss: 0.3631176
	speed: 0.1268s/iter; left time: 1195.7555s
	iters: 200, epoch: 2 | loss: 0.2337257
	speed: 0.0125s/iter; left time: 116.4104s
	iters: 300, epoch: 2 | loss: 0.1636068
	speed: 0.0139s/iter; left time: 128.3494s
	iters: 400, epoch: 2 | loss: 0.2766755
	speed: 0.0126s/iter; left time: 115.3518s
	iters: 500, epoch: 2 | loss: 0.1902403
	speed: 0.0138s/iter; left time: 124.4982s
	iters: 600, epoch: 2 | loss: 0.2402548
	speed: 0.0130s/iter; left time: 116.1592s
	iters: 700, epoch: 2 | loss: 0.4875998
	speed: 0.0136s/iter; left time: 120.1135s
	iters: 800, epoch: 2 | loss: 0.2701797
	speed: 0.0130s/iter; left time: 113.3629s
	iters: 900, epoch: 2 | loss: 0.3836145
	speed: 0.0133s/iter; left time: 114.7258s
	iters: 1000, epoch: 2 | loss: 0.4050267
	speed: 0.0142s/iter; left time: 120.8670s
Epoch: 2 cost time: 14.831973552703857
Epoch: 2, Steps: 1059 | Train Loss: 0.2734660 Vali Loss: 0.4071442 Test Loss: 0.3205040
Validation loss decreased (0.415960 --> 0.407144).  Saving model ...
Updating learning rate to 0.0005
	iters: 100, epoch: 3 | loss: 0.1940294
	speed: 0.1343s/iter; left time: 1124.5956s
	iters: 200, epoch: 3 | loss: 0.2481101
	speed: 0.0128s/iter; left time: 105.5240s
	iters: 300, epoch: 3 | loss: 0.3252243
	speed: 0.0136s/iter; left time: 111.4648s
	iters: 400, epoch: 3 | loss: 0.2913084
	speed: 0.0130s/iter; left time: 104.9702s
	iters: 500, epoch: 3 | loss: 0.2489255
	speed: 0.0135s/iter; left time: 107.4485s
	iters: 600, epoch: 3 | loss: 0.2140149
	speed: 0.0141s/iter; left time: 111.1763s
	iters: 700, epoch: 3 | loss: 0.3615860
	speed: 0.0125s/iter; left time: 97.0810s
	iters: 800, epoch: 3 | loss: 0.2115591
	speed: 0.0140s/iter; left time: 107.0906s
	iters: 900, epoch: 3 | loss: 0.5174298
	speed: 0.0124s/iter; left time: 94.1997s
	iters: 1000, epoch: 3 | loss: 0.2538770
	speed: 0.0138s/iter; left time: 103.1828s
Epoch: 3 cost time: 15.04770040512085
Epoch: 3, Steps: 1059 | Train Loss: 0.2679613 Vali Loss: 0.3969944 Test Loss: 0.3147682
Validation loss decreased (0.407144 --> 0.396994).  Saving model ...
Updating learning rate to 0.00025
	iters: 100, epoch: 4 | loss: 0.3673518
	speed: 0.1285s/iter; left time: 939.6464s
	iters: 200, epoch: 4 | loss: 0.3979780
	speed: 0.0138s/iter; left time: 99.3123s
	iters: 300, epoch: 4 | loss: 0.2246222
	speed: 0.0127s/iter; left time: 90.4981s
	iters: 400, epoch: 4 | loss: 0.2222501
	speed: 0.0134s/iter; left time: 94.3336s
	iters: 500, epoch: 4 | loss: 0.2660926
	speed: 0.0131s/iter; left time: 90.3223s
	iters: 600, epoch: 4 | loss: 0.2591647
	speed: 0.0134s/iter; left time: 91.4215s
	iters: 700, epoch: 4 | loss: 0.2634885
	speed: 0.0142s/iter; left time: 95.0721s
	iters: 800, epoch: 4 | loss: 0.2270953
	speed: 0.0123s/iter; left time: 81.4212s
	iters: 900, epoch: 4 | loss: 0.3881542
	speed: 0.0139s/iter; left time: 90.5992s
	iters: 1000, epoch: 4 | loss: 0.2429034
	speed: 0.0124s/iter; left time: 79.3835s
Epoch: 4 cost time: 14.699753999710083
Epoch: 4, Steps: 1059 | Train Loss: 0.2652085 Vali Loss: 0.4092226 Test Loss: 0.3135145
EarlyStopping counter: 1 out of 3
Updating learning rate to 0.000125
	iters: 100, epoch: 5 | loss: 0.3677970
	speed: 0.1304s/iter; left time: 815.5497s
	iters: 200, epoch: 5 | loss: 0.2813587
	speed: 0.0121s/iter; left time: 74.2188s
	iters: 300, epoch: 5 | loss: 0.2090946
	speed: 0.0141s/iter; left time: 85.3254s
	iters: 400, epoch: 5 | loss: 0.3051924
	speed: 0.0127s/iter; left time: 75.4309s
	iters: 500, epoch: 5 | loss: 0.3193834
	speed: 0.0139s/iter; left time: 81.4271s
	iters: 600, epoch: 5 | loss: 0.3961415
	speed: 0.0126s/iter; left time: 72.4267s
	iters: 700, epoch: 5 | loss: 0.2731293
	speed: 0.0134s/iter; left time: 75.8640s
	iters: 800, epoch: 5 | loss: 0.2405593
	speed: 0.0131s/iter; left time: 72.7859s
	iters: 900, epoch: 5 | loss: 0.2175435
	speed: 0.0136s/iter; left time: 74.3582s
	iters: 1000, epoch: 5 | loss: 0.3058880
	speed: 0.0139s/iter; left time: 74.2499s
Epoch: 5 cost time: 14.897687911987305
Epoch: 5, Steps: 1059 | Train Loss: 0.2636600 Vali Loss: 0.3920006 Test Loss: 0.3141234
Validation loss decreased (0.396994 --> 0.392001).  Saving model ...
Updating learning rate to 6.25e-05
	iters: 100, epoch: 6 | loss: 0.2582260
	speed: 0.1317s/iter; left time: 684.4011s
	iters: 200, epoch: 6 | loss: 0.3050522
	speed: 0.0132s/iter; left time: 67.0771s
	iters: 300, epoch: 6 | loss: 0.2219213
	speed: 0.0134s/iter; left time: 66.7124s
	iters: 400, epoch: 6 | loss: 0.2336087
	speed: 0.0141s/iter; left time: 68.8432s
	iters: 500, epoch: 6 | loss: 0.1921903
	speed: 0.0122s/iter; left time: 58.3243s
	iters: 600, epoch: 6 | loss: 0.2081388
	speed: 0.0138s/iter; left time: 64.7270s
	iters: 700, epoch: 6 | loss: 0.2596724
	speed: 0.0125s/iter; left time: 57.5007s
	iters: 800, epoch: 6 | loss: 0.2333603
	speed: 0.0135s/iter; left time: 60.9015s
	iters: 900, epoch: 6 | loss: 0.3418725
	speed: 0.0129s/iter; left time: 56.7512s
	iters: 1000, epoch: 6 | loss: 0.2908292
	speed: 0.0134s/iter; left time: 57.5296s
Epoch: 6 cost time: 14.768102884292603
Epoch: 6, Steps: 1059 | Train Loss: 0.2628471 Vali Loss: 0.3944319 Test Loss: 0.3124174
EarlyStopping counter: 1 out of 3
Updating learning rate to 3.125e-05
	iters: 100, epoch: 7 | loss: 0.2845255
	speed: 0.1301s/iter; left time: 538.3943s
	iters: 200, epoch: 7 | loss: 0.2887942
	speed: 0.0136s/iter; left time: 54.8592s
	iters: 300, epoch: 7 | loss: 0.3401278
	speed: 0.0129s/iter; left time: 50.8999s
	iters: 400, epoch: 7 | loss: 0.2734133
	speed: 0.0133s/iter; left time: 51.0376s
	iters: 500, epoch: 7 | loss: 0.3172836
	speed: 0.0133s/iter; left time: 49.5353s
	iters: 600, epoch: 7 | loss: 0.2765276
	speed: 0.0128s/iter; left time: 46.6534s
	iters: 700, epoch: 7 | loss: 0.2198834
	speed: 0.0140s/iter; left time: 49.4638s
	iters: 800, epoch: 7 | loss: 0.1828348
	speed: 0.0127s/iter; left time: 43.7146s
	iters: 900, epoch: 7 | loss: 0.1934657
	speed: 0.0140s/iter; left time: 46.7399s
	iters: 1000, epoch: 7 | loss: 0.2396286
	speed: 0.0126s/iter; left time: 40.6676s
Epoch: 7 cost time: 14.701918601989746
Epoch: 7, Steps: 1059 | Train Loss: 0.2623493 Vali Loss: 0.3958544 Test Loss: 0.3120601
EarlyStopping counter: 2 out of 3
Updating learning rate to 1.5625e-05
	iters: 100, epoch: 8 | loss: 0.3535689
	speed: 0.1285s/iter; left time: 395.6014s
	iters: 200, epoch: 8 | loss: 0.1853136
	speed: 0.0125s/iter; left time: 37.3669s
	iters: 300, epoch: 8 | loss: 0.3276661
	speed: 0.0136s/iter; left time: 39.0481s
	iters: 400, epoch: 8 | loss: 0.2528526
	speed: 0.0129s/iter; left time: 35.8515s
	iters: 500, epoch: 8 | loss: 0.1598318
	speed: 0.0135s/iter; left time: 36.1944s
	iters: 600, epoch: 8 | loss: 0.2764019
	speed: 0.0132s/iter; left time: 34.1539s
	iters: 700, epoch: 8 | loss: 0.2154766
	speed: 0.0127s/iter; left time: 31.5745s
	iters: 800, epoch: 8 | loss: 0.1988785
	speed: 0.0140s/iter; left time: 33.3952s
	iters: 900, epoch: 8 | loss: 0.2371699
	speed: 0.0125s/iter; left time: 28.4650s
	iters: 1000, epoch: 8 | loss: 0.2585906
	speed: 0.0139s/iter; left time: 30.3624s
Epoch: 8 cost time: 14.759964942932129
Epoch: 8, Steps: 1059 | Train Loss: 0.2621019 Vali Loss: 0.3953888 Test Loss: 0.3120250
EarlyStopping counter: 3 out of 3
Early stopping
>>>>>>>testing : ETTh1_144_24_DLinear_ETTh1_ftM_sl144_ll48_pl24_dm512_nh8_el2_dl1_df2048_fc1_ebtimeF_dtTrue_Exp_0<<<<<<<<<<<<<<<<<<<<<<<<<<<<<<<<<
test 2857
mse:0.3146883249282837, mae:0.35889989137649536
