Args in experiment:
Namespace(activation='gelu', batch_size=8, c_out=7, checkpoints='/spo/NewbornTime/tahir098/SVF/data/Extra/checkpoints/', d_ff=2048, d_layers=1, d_model=512, data='ETTh1', data_path='ETTh1.csv', dec_in=7, des='Exp', devices='0,1,2,3', distil=True, do_predict=False, dropout=0.05, e_layers=2, embed='timeF', embed_type=0, enc_in=7, factor=1, features='M', freq='h', gpu=0, individual=False, is_training=1, itr=1, label_len=48, learning_rate=0.001, loss='mse', lradj='type1', model='DLinear', model_id='ETTh1_120_24', moving_avg=25, n_heads=8, num_workers=10, output_attention=False, patience=3, pred_len=24, root_path='./dataset/', seq_len=120, target='OT', test_flop=False, train_epochs=10, train_only=False, use_amp=False, use_gpu=True, use_multi_gpu=False)
Use GPU: cuda:0
>>>>>>>start training : ETTh1_120_24_DLinear_ETTh1_ftM_sl120_ll48_pl24_dm512_nh8_el2_dl1_df2048_fc1_ebtimeF_dtTrue_Exp_0>>>>>>>>>>>>>>>>>>>>>>>>>>
train 8497
val 2857
test 2857
	iters: 100, epoch: 1 | loss: 0.4128706
	speed: 0.0200s/iter; left time: 210.8805s
	iters: 200, epoch: 1 | loss: 0.2511257
	speed: 0.0124s/iter; left time: 128.9981s
	iters: 300, epoch: 1 | loss: 0.2623572
	speed: 0.0136s/iter; left time: 140.7379s
	iters: 400, epoch: 1 | loss: 0.2970206
	speed: 0.0124s/iter; left time: 127.1477s
	iters: 500, epoch: 1 | loss: 0.2718426
	speed: 0.0134s/iter; left time: 135.5520s
	iters: 600, epoch: 1 | loss: 0.2479762
	speed: 0.0129s/iter; left time: 129.3083s
	iters: 700, epoch: 1 | loss: 0.2685649
	speed: 0.0132s/iter; left time: 130.6027s
	iters: 800, epoch: 1 | loss: 0.3333552
	speed: 0.0140s/iter; left time: 137.8708s
	iters: 900, epoch: 1 | loss: 0.4643948
	speed: 0.0108s/iter; left time: 104.8287s
	iters: 1000, epoch: 1 | loss: 0.1844169
	speed: 0.0139s/iter; left time: 133.3456s
Epoch: 1 cost time: 14.565988063812256
Epoch: 1, Steps: 1062 | Train Loss: 0.2991945 Vali Loss: 0.4230565 Test Loss: 0.3192415
Validation loss decreased (inf --> 0.423057).  Saving model ...
Updating learning rate to 0.001
	iters: 100, epoch: 2 | loss: 0.1834430
	speed: 0.1255s/iter; left time: 1186.9735s
	iters: 200, epoch: 2 | loss: 0.4288823
	speed: 0.0133s/iter; left time: 124.7023s
	iters: 300, epoch: 2 | loss: 0.1856463
	speed: 0.0141s/iter; left time: 130.4114s
	iters: 400, epoch: 2 | loss: 0.2654034
	speed: 0.0123s/iter; left time: 112.3487s
	iters: 500, epoch: 2 | loss: 0.2798143
	speed: 0.0138s/iter; left time: 125.0116s
	iters: 600, epoch: 2 | loss: 0.2231903
	speed: 0.0124s/iter; left time: 111.4986s
	iters: 700, epoch: 2 | loss: 0.1685674
	speed: 0.0137s/iter; left time: 120.9918s
	iters: 800, epoch: 2 | loss: 0.3069602
	speed: 0.0125s/iter; left time: 109.8566s
	iters: 900, epoch: 2 | loss: 0.2150483
	speed: 0.0124s/iter; left time: 107.2364s
	iters: 1000, epoch: 2 | loss: 0.2342167
	speed: 0.0141s/iter; left time: 120.3968s
Epoch: 2 cost time: 14.465169906616211
Epoch: 2, Steps: 1062 | Train Loss: 0.2740704 Vali Loss: 0.4030648 Test Loss: 0.3183237
Validation loss decreased (0.423057 --> 0.403065).  Saving model ...
Updating learning rate to 0.0005
	iters: 100, epoch: 3 | loss: 0.2999978
	speed: 0.1246s/iter; left time: 1046.0749s
	iters: 200, epoch: 3 | loss: 0.2106823
	speed: 0.0134s/iter; left time: 111.2421s
	iters: 300, epoch: 3 | loss: 0.2032986
	speed: 0.0130s/iter; left time: 106.8092s
	iters: 400, epoch: 3 | loss: 0.3792596
	speed: 0.0121s/iter; left time: 98.3231s
	iters: 500, epoch: 3 | loss: 0.1719007
	speed: 0.0140s/iter; left time: 111.6643s
	iters: 600, epoch: 3 | loss: 0.2094755
	speed: 0.0112s/iter; left time: 88.7133s
	iters: 700, epoch: 3 | loss: 0.3534820
	speed: 0.0135s/iter; left time: 104.9684s
	iters: 800, epoch: 3 | loss: 0.1916686
	speed: 0.0130s/iter; left time: 100.2447s
	iters: 900, epoch: 3 | loss: 0.2888704
	speed: 0.0135s/iter; left time: 102.5095s
	iters: 1000, epoch: 3 | loss: 0.3084716
	speed: 0.0142s/iter; left time: 106.5486s
Epoch: 3 cost time: 14.310163974761963
Epoch: 3, Steps: 1062 | Train Loss: 0.2687616 Vali Loss: 0.3951902 Test Loss: 0.3138581
Validation loss decreased (0.403065 --> 0.395190).  Saving model ...
Updating learning rate to 0.00025
	iters: 100, epoch: 4 | loss: 0.2369557
	speed: 0.1268s/iter; left time: 929.7562s
	iters: 200, epoch: 4 | loss: 0.2166458
	speed: 0.0139s/iter; left time: 100.2267s
	iters: 300, epoch: 4 | loss: 0.1755369
	speed: 0.0127s/iter; left time: 90.7029s
	iters: 400, epoch: 4 | loss: 0.2311498
	speed: 0.0135s/iter; left time: 94.8486s
	iters: 500, epoch: 4 | loss: 0.2461071
	speed: 0.0129s/iter; left time: 89.6891s
	iters: 600, epoch: 4 | loss: 0.3764398
	speed: 0.0132s/iter; left time: 90.4759s
	iters: 700, epoch: 4 | loss: 0.2945352
	speed: 0.0139s/iter; left time: 93.8373s
	iters: 800, epoch: 4 | loss: 0.2214632
	speed: 0.0125s/iter; left time: 83.0131s
	iters: 900, epoch: 4 | loss: 0.1735205
	speed: 0.0142s/iter; left time: 92.5866s
	iters: 1000, epoch: 4 | loss: 0.2013736
	speed: 0.0124s/iter; left time: 79.8435s
Epoch: 4 cost time: 14.663483619689941
Epoch: 4, Steps: 1062 | Train Loss: 0.2666358 Vali Loss: 0.3926157 Test Loss: 0.3122647
Validation loss decreased (0.395190 --> 0.392616).  Saving model ...
Updating learning rate to 0.000125
	iters: 100, epoch: 5 | loss: 0.2016194
	speed: 0.1301s/iter; left time: 815.9116s
	iters: 200, epoch: 5 | loss: 0.2387324
	speed: 0.0128s/iter; left time: 79.0058s
	iters: 300, epoch: 5 | loss: 0.2997345
	speed: 0.0133s/iter; left time: 80.5851s
	iters: 400, epoch: 5 | loss: 0.3442729
	speed: 0.0139s/iter; left time: 82.8296s
	iters: 500, epoch: 5 | loss: 0.2462167
	speed: 0.0124s/iter; left time: 72.6550s
	iters: 600, epoch: 5 | loss: 0.2474163
	speed: 0.0139s/iter; left time: 79.9891s
	iters: 700, epoch: 5 | loss: 0.2594147
	speed: 0.0124s/iter; left time: 70.3437s
	iters: 800, epoch: 5 | loss: 0.2909313
	speed: 0.0138s/iter; left time: 76.8876s
	iters: 900, epoch: 5 | loss: 0.3395118
	speed: 0.0128s/iter; left time: 70.1674s
	iters: 1000, epoch: 5 | loss: 0.1840576
	speed: 0.0133s/iter; left time: 71.3612s
Epoch: 5 cost time: 14.892197370529175
Epoch: 5, Steps: 1062 | Train Loss: 0.2653869 Vali Loss: 0.3951399 Test Loss: 0.3116233
EarlyStopping counter: 1 out of 3
Updating learning rate to 6.25e-05
	iters: 100, epoch: 6 | loss: 0.2781889
	speed: 0.1241s/iter; left time: 646.6255s
	iters: 200, epoch: 6 | loss: 0.1746831
	speed: 0.0127s/iter; left time: 65.0105s
	iters: 300, epoch: 6 | loss: 0.2199553
	speed: 0.0136s/iter; left time: 68.1301s
	iters: 400, epoch: 6 | loss: 0.2373738
	speed: 0.0127s/iter; left time: 62.2040s
	iters: 500, epoch: 6 | loss: 0.2371633
	speed: 0.0132s/iter; left time: 63.7268s
	iters: 600, epoch: 6 | loss: 0.2297108
	speed: 0.0139s/iter; left time: 65.6925s
	iters: 700, epoch: 6 | loss: 0.3055206
	speed: 0.0120s/iter; left time: 55.1345s
	iters: 800, epoch: 6 | loss: 0.2119343
	speed: 0.0142s/iter; left time: 64.1291s
	iters: 900, epoch: 6 | loss: 0.1918719
	speed: 0.0120s/iter; left time: 53.1456s
	iters: 1000, epoch: 6 | loss: 0.2223047
	speed: 0.0137s/iter; left time: 58.9030s
Epoch: 6 cost time: 14.82275938987732
Epoch: 6, Steps: 1062 | Train Loss: 0.2645971 Vali Loss: 0.3944661 Test Loss: 0.3108863
EarlyStopping counter: 2 out of 3
Updating learning rate to 3.125e-05
	iters: 100, epoch: 7 | loss: 0.2249410
	speed: 0.1260s/iter; left time: 522.6196s
	iters: 200, epoch: 7 | loss: 0.2346992
	speed: 0.0117s/iter; left time: 47.4052s
	iters: 300, epoch: 7 | loss: 0.2020147
	speed: 0.0138s/iter; left time: 54.5119s
	iters: 400, epoch: 7 | loss: 0.4382316
	speed: 0.0123s/iter; left time: 47.2209s
	iters: 500, epoch: 7 | loss: 0.1947688
	speed: 0.0136s/iter; left time: 50.8220s
	iters: 600, epoch: 7 | loss: 0.2319194
	speed: 0.0128s/iter; left time: 46.5590s
	iters: 700, epoch: 7 | loss: 0.2152595
	speed: 0.0133s/iter; left time: 47.3448s
	iters: 800, epoch: 7 | loss: 0.2641864
	speed: 0.0141s/iter; left time: 48.7004s
	iters: 900, epoch: 7 | loss: 0.2114253
	speed: 0.0123s/iter; left time: 41.2657s
	iters: 1000, epoch: 7 | loss: 0.2571136
	speed: 0.0139s/iter; left time: 45.0821s
Epoch: 7 cost time: 14.68489146232605
Epoch: 7, Steps: 1062 | Train Loss: 0.2641955 Vali Loss: 0.3973026 Test Loss: 0.3104151
EarlyStopping counter: 3 out of 3
Early stopping
>>>>>>>testing : ETTh1_120_24_DLinear_ETTh1_ftM_sl120_ll48_pl24_dm512_nh8_el2_dl1_df2048_fc1_ebtimeF_dtTrue_Exp_0<<<<<<<<<<<<<<<<<<<<<<<<<<<<<<<<<
test 2857
mse:0.31288906931877136, mae:0.3561458885669708
