Args in experiment:
Namespace(activation='gelu', batch_size=8, c_out=7, checkpoints='/spo/NewbornTime/tahir098/SVF/data/Extra/checkpoints/', d_ff=2048, d_layers=1, d_model=512, data='ETTh1', data_path='ETTh1.csv', dec_in=7, des='Exp', devices='0,1,2,3', distil=True, do_predict=False, dropout=0.05, e_layers=2, embed='timeF', embed_type=0, enc_in=7, factor=1, features='M', freq='h', gpu=0, individual=False, is_training=1, itr=1, label_len=48, learning_rate=0.001, loss='mse', lradj='type1', model='DLinear', model_id='ETTh1_72_24', moving_avg=25, n_heads=8, num_workers=10, output_attention=False, patience=3, pred_len=24, root_path='./dataset/', seq_len=72, target='OT', test_flop=False, train_epochs=10, train_only=False, use_amp=False, use_gpu=True, use_multi_gpu=False)
Use GPU: cuda:0
>>>>>>>start training : ETTh1_72_24_DLinear_ETTh1_ftM_sl72_ll48_pl24_dm512_nh8_el2_dl1_df2048_fc1_ebtimeF_dtTrue_Exp_0>>>>>>>>>>>>>>>>>>>>>>>>>>
train 8545
val 2857
test 2857
	iters: 100, epoch: 1 | loss: 0.4614598
	speed: 0.0186s/iter; left time: 196.9324s
	iters: 200, epoch: 1 | loss: 0.2181508
	speed: 0.0139s/iter; left time: 145.1709s
	iters: 300, epoch: 1 | loss: 0.2755502
	speed: 0.0124s/iter; left time: 128.5986s
	iters: 400, epoch: 1 | loss: 0.2702776
	speed: 0.0132s/iter; left time: 135.5788s
	iters: 500, epoch: 1 | loss: 0.2690974
	speed: 0.0127s/iter; left time: 129.7394s
	iters: 600, epoch: 1 | loss: 0.2526900
	speed: 0.0134s/iter; left time: 134.6394s
	iters: 700, epoch: 1 | loss: 0.2160092
	speed: 0.0138s/iter; left time: 137.5386s
	iters: 800, epoch: 1 | loss: 0.1948007
	speed: 0.0123s/iter; left time: 121.5955s
	iters: 900, epoch: 1 | loss: 0.2627266
	speed: 0.0135s/iter; left time: 132.3958s
	iters: 1000, epoch: 1 | loss: 0.2633040
	speed: 0.0127s/iter; left time: 123.3759s
Epoch: 1 cost time: 14.62460732460022
Epoch: 1, Steps: 1068 | Train Loss: 0.3152622 Vali Loss: 0.4032197 Test Loss: 0.3153537
Validation loss decreased (inf --> 0.403220).  Saving model ...
Updating learning rate to 0.001
	iters: 100, epoch: 2 | loss: 0.2946865
	speed: 0.1259s/iter; left time: 1198.0693s
	iters: 200, epoch: 2 | loss: 0.2505478
	speed: 0.0139s/iter; left time: 130.5323s
	iters: 300, epoch: 2 | loss: 0.2298094
	speed: 0.0123s/iter; left time: 114.9699s
	iters: 400, epoch: 2 | loss: 0.3526957
	speed: 0.0135s/iter; left time: 124.8241s
	iters: 500, epoch: 2 | loss: 0.3234424
	speed: 0.0124s/iter; left time: 112.5714s
	iters: 600, epoch: 2 | loss: 0.4222134
	speed: 0.0128s/iter; left time: 115.0207s
	iters: 700, epoch: 2 | loss: 0.2456256
	speed: 0.0139s/iter; left time: 123.4863s
	iters: 800, epoch: 2 | loss: 0.2559238
	speed: 0.0109s/iter; left time: 95.8118s
	iters: 900, epoch: 2 | loss: 0.2182215
	speed: 0.0137s/iter; left time: 118.9332s
	iters: 1000, epoch: 2 | loss: 0.2665067
	speed: 0.0117s/iter; left time: 100.6261s
Epoch: 2 cost time: 14.339330196380615
Epoch: 2, Steps: 1068 | Train Loss: 0.2851072 Vali Loss: 0.4089509 Test Loss: 0.3196173
EarlyStopping counter: 1 out of 3
Updating learning rate to 0.0005
	iters: 100, epoch: 3 | loss: 0.2419946
	speed: 0.1246s/iter; left time: 1052.0132s
	iters: 200, epoch: 3 | loss: 0.3252968
	speed: 0.0137s/iter; left time: 114.5106s
	iters: 300, epoch: 3 | loss: 0.3013873
	speed: 0.0126s/iter; left time: 103.7327s
	iters: 400, epoch: 3 | loss: 0.3546416
	speed: 0.0135s/iter; left time: 109.7683s
	iters: 500, epoch: 3 | loss: 0.5333049
	speed: 0.0125s/iter; left time: 100.8429s
	iters: 600, epoch: 3 | loss: 0.2019180
	speed: 0.0130s/iter; left time: 103.5922s
	iters: 700, epoch: 3 | loss: 0.2225771
	speed: 0.0139s/iter; left time: 108.7726s
	iters: 800, epoch: 3 | loss: 0.2918580
	speed: 0.0121s/iter; left time: 93.4629s
	iters: 900, epoch: 3 | loss: 0.3170492
	speed: 0.0133s/iter; left time: 101.8145s
	iters: 1000, epoch: 3 | loss: 0.2874778
	speed: 0.0126s/iter; left time: 94.9677s
Epoch: 3 cost time: 14.511886358261108
Epoch: 3, Steps: 1068 | Train Loss: 0.2812883 Vali Loss: 0.4025031 Test Loss: 0.3097941
Validation loss decreased (0.403220 --> 0.402503).  Saving model ...
Updating learning rate to 0.00025
	iters: 100, epoch: 4 | loss: 0.1958439
	speed: 0.1216s/iter; left time: 896.8334s
	iters: 200, epoch: 4 | loss: 0.3188066
	speed: 0.0137s/iter; left time: 99.6833s
	iters: 300, epoch: 4 | loss: 0.3586417
	speed: 0.0130s/iter; left time: 93.3235s
	iters: 400, epoch: 4 | loss: 0.2891696
	speed: 0.0135s/iter; left time: 95.3494s
	iters: 500, epoch: 4 | loss: 0.2452932
	speed: 0.0137s/iter; left time: 95.7582s
	iters: 600, epoch: 4 | loss: 0.2247611
	speed: 0.0122s/iter; left time: 83.7485s
	iters: 700, epoch: 4 | loss: 0.2214184
	speed: 0.0137s/iter; left time: 92.6911s
	iters: 800, epoch: 4 | loss: 0.2500151
	speed: 0.0123s/iter; left time: 81.8701s
	iters: 900, epoch: 4 | loss: 0.3105564
	speed: 0.0135s/iter; left time: 88.4759s
	iters: 1000, epoch: 4 | loss: 0.2974742
	speed: 0.0129s/iter; left time: 83.6025s
Epoch: 4 cost time: 14.595270156860352
Epoch: 4, Steps: 1068 | Train Loss: 0.2795777 Vali Loss: 0.3975481 Test Loss: 0.3080635
Validation loss decreased (0.402503 --> 0.397548).  Saving model ...
Updating learning rate to 0.000125
	iters: 100, epoch: 5 | loss: 0.3351159
	speed: 0.1242s/iter; left time: 783.6136s
	iters: 200, epoch: 5 | loss: 0.3257754
	speed: 0.0137s/iter; left time: 85.2877s
	iters: 300, epoch: 5 | loss: 0.3679318
	speed: 0.0128s/iter; left time: 77.9680s
	iters: 400, epoch: 5 | loss: 0.2622463
	speed: 0.0134s/iter; left time: 80.7441s
	iters: 500, epoch: 5 | loss: 0.2417833
	speed: 0.0129s/iter; left time: 76.1969s
	iters: 600, epoch: 5 | loss: 0.2060914
	speed: 0.0130s/iter; left time: 75.6881s
	iters: 700, epoch: 5 | loss: 0.3031120
	speed: 0.0139s/iter; left time: 79.2062s
	iters: 800, epoch: 5 | loss: 0.2275975
	speed: 0.0120s/iter; left time: 67.3025s
	iters: 900, epoch: 5 | loss: 0.2907360
	speed: 0.0137s/iter; left time: 75.3880s
	iters: 1000, epoch: 5 | loss: 0.2095456
	speed: 0.0127s/iter; left time: 68.5505s
Epoch: 5 cost time: 14.529438495635986
Epoch: 5, Steps: 1068 | Train Loss: 0.2787173 Vali Loss: 0.3956082 Test Loss: 0.3075922
Validation loss decreased (0.397548 --> 0.395608).  Saving model ...
Updating learning rate to 6.25e-05
	iters: 100, epoch: 6 | loss: 0.3110819
	speed: 0.1212s/iter; left time: 635.0647s
	iters: 200, epoch: 6 | loss: 0.2303032
	speed: 0.0137s/iter; left time: 70.1935s
	iters: 300, epoch: 6 | loss: 0.2435191
	speed: 0.0129s/iter; left time: 64.8118s
	iters: 400, epoch: 6 | loss: 0.2083630
	speed: 0.0133s/iter; left time: 65.9104s
	iters: 500, epoch: 6 | loss: 0.2357161
	speed: 0.0138s/iter; left time: 66.5679s
	iters: 600, epoch: 6 | loss: 0.2925493
	speed: 0.0125s/iter; left time: 59.2890s
	iters: 700, epoch: 6 | loss: 0.2080238
	speed: 0.0137s/iter; left time: 63.6919s
	iters: 800, epoch: 6 | loss: 0.3453348
	speed: 0.0125s/iter; left time: 56.7201s
	iters: 900, epoch: 6 | loss: 0.2911576
	speed: 0.0138s/iter; left time: 61.4606s
	iters: 1000, epoch: 6 | loss: 0.3017545
	speed: 0.0129s/iter; left time: 55.9757s
Epoch: 6 cost time: 14.695480108261108
Epoch: 6, Steps: 1068 | Train Loss: 0.2782516 Vali Loss: 0.3966925 Test Loss: 0.3069712
EarlyStopping counter: 1 out of 3
Updating learning rate to 3.125e-05
	iters: 100, epoch: 7 | loss: 0.2526187
	speed: 0.1219s/iter; left time: 508.8511s
	iters: 200, epoch: 7 | loss: 0.2488853
	speed: 0.0136s/iter; left time: 55.2254s
	iters: 300, epoch: 7 | loss: 0.1545180
	speed: 0.0128s/iter; left time: 51.0085s
	iters: 400, epoch: 7 | loss: 0.2297501
	speed: 0.0133s/iter; left time: 51.3188s
	iters: 500, epoch: 7 | loss: 0.3176848
	speed: 0.0139s/iter; left time: 52.5369s
	iters: 600, epoch: 7 | loss: 0.3161272
	speed: 0.0121s/iter; left time: 44.4572s
	iters: 700, epoch: 7 | loss: 0.2659476
	speed: 0.0138s/iter; left time: 49.1691s
	iters: 800, epoch: 7 | loss: 0.2882382
	speed: 0.0123s/iter; left time: 42.6667s
	iters: 900, epoch: 7 | loss: 0.3462799
	speed: 0.0137s/iter; left time: 46.1075s
	iters: 1000, epoch: 7 | loss: 0.3002158
	speed: 0.0126s/iter; left time: 41.1652s
Epoch: 7 cost time: 14.619245052337646
Epoch: 7, Steps: 1068 | Train Loss: 0.2780219 Vali Loss: 0.3969522 Test Loss: 0.3068592
EarlyStopping counter: 2 out of 3
Updating learning rate to 1.5625e-05
	iters: 100, epoch: 8 | loss: 0.4150815
	speed: 0.0886s/iter; left time: 275.2110s
	iters: 200, epoch: 8 | loss: 0.1926363
	speed: 0.0044s/iter; left time: 13.3112s
	iters: 300, epoch: 8 | loss: 0.2596934
	speed: 0.0044s/iter; left time: 12.8686s
	iters: 400, epoch: 8 | loss: 0.2375246
	speed: 0.0046s/iter; left time: 12.9521s
	iters: 500, epoch: 8 | loss: 0.2677786
	speed: 0.0046s/iter; left time: 12.3888s
	iters: 600, epoch: 8 | loss: 0.2179911
	speed: 0.0045s/iter; left time: 11.6154s
	iters: 700, epoch: 8 | loss: 0.2997301
	speed: 0.0046s/iter; left time: 11.4997s
	iters: 800, epoch: 8 | loss: 0.3974727
	speed: 0.0044s/iter; left time: 10.6639s
	iters: 900, epoch: 8 | loss: 0.1627971
	speed: 0.0045s/iter; left time: 10.2859s
	iters: 1000, epoch: 8 | loss: 0.2718120
	speed: 0.0048s/iter; left time: 10.4792s
Epoch: 8 cost time: 5.590412139892578
Epoch: 8, Steps: 1068 | Train Loss: 0.2778070 Vali Loss: 0.3962766 Test Loss: 0.3068366
EarlyStopping counter: 3 out of 3
Early stopping
>>>>>>>testing : ETTh1_72_24_DLinear_ETTh1_ftM_sl72_ll48_pl24_dm512_nh8_el2_dl1_df2048_fc1_ebtimeF_dtTrue_Exp_0<<<<<<<<<<<<<<<<<<<<<<<<<<<<<<<<<
test 2857
mse:0.3080880045890808, mae:0.35159677267074585
