Args in experiment:
Namespace(activation='gelu', batch_size=16, c_out=7, checkpoints='/spo/NewbornTime/tahir098/SVF/data/Extra/checkpoints/', d_ff=2048, d_layers=1, d_model=512, data='custom', data_path='weather.csv', dec_in=7, des='Exp', devices='0,1,2,3', distil=True, do_predict=False, dropout=0.05, e_layers=2, embed='timeF', embed_type=0, enc_in=21, factor=1, features='M', freq='h', gpu=0, individual=False, is_training=1, itr=1, label_len=48, learning_rate=0.001, loss='mse', lradj='type1', model='RLinear', model_id='weather_144_24', moving_avg=25, n_heads=8, num_workers=10, output_attention=False, patience=3, pred_len=24, root_path='./dataset/', seq_len=144, target='OT', test_flop=False, train_epochs=10, train_only=False, use_amp=False, use_gpu=True, use_multi_gpu=False)
Use GPU: cuda:0
>>>>>>>start training : weather_144_24_RLinear_custom_ftM_sl144_ll48_pl24_dm512_nh8_el2_dl1_df2048_fc1_ebtimeF_dtTrue_Exp_0>>>>>>>>>>>>>>>>>>>>>>>>>>
train 36720
val 5247
test 10516
	iters: 100, epoch: 1 | loss: 0.2410750
	speed: 0.0359s/iter; left time: 821.0488s
	iters: 200, epoch: 1 | loss: 0.2098155
	speed: 0.0277s/iter; left time: 630.8361s
	iters: 300, epoch: 1 | loss: 0.2813850
	speed: 0.0252s/iter; left time: 571.7946s
	iters: 400, epoch: 1 | loss: 0.1701007
	speed: 0.0230s/iter; left time: 519.2591s
	iters: 500, epoch: 1 | loss: 0.1567542
	speed: 0.0246s/iter; left time: 552.5456s
	iters: 600, epoch: 1 | loss: 0.4285572
	speed: 0.0212s/iter; left time: 473.0345s
	iters: 700, epoch: 1 | loss: 0.1893680
	speed: 0.0208s/iter; left time: 462.3777s
	iters: 800, epoch: 1 | loss: 0.1554697
	speed: 0.0295s/iter; left time: 652.3986s
	iters: 900, epoch: 1 | loss: 0.1781420
	speed: 0.0306s/iter; left time: 675.4066s
	iters: 1000, epoch: 1 | loss: 0.2169030
	speed: 0.0309s/iter; left time: 677.5277s
	iters: 1100, epoch: 1 | loss: 0.1537594
	speed: 0.0273s/iter; left time: 596.1094s
	iters: 1200, epoch: 1 | loss: 0.0801982
	speed: 0.0277s/iter; left time: 602.6979s
	iters: 1300, epoch: 1 | loss: 0.6577123
	speed: 0.0285s/iter; left time: 617.1803s
	iters: 1400, epoch: 1 | loss: 0.2328798
	speed: 0.0288s/iter; left time: 620.2524s
	iters: 1500, epoch: 1 | loss: 0.7351494
	speed: 0.0263s/iter; left time: 565.1916s
	iters: 1600, epoch: 1 | loss: 0.1584606
	speed: 0.0279s/iter; left time: 594.8854s
	iters: 1700, epoch: 1 | loss: 0.2669167
	speed: 0.0287s/iter; left time: 609.1674s
	iters: 1800, epoch: 1 | loss: 0.1349066
	speed: 0.0277s/iter; left time: 586.8077s
	iters: 1900, epoch: 1 | loss: 0.0804972
	speed: 0.0301s/iter; left time: 633.7657s
	iters: 2000, epoch: 1 | loss: 0.3454937
	speed: 0.0282s/iter; left time: 589.9723s
	iters: 2100, epoch: 1 | loss: 6.6268382
	speed: 0.0276s/iter; left time: 575.9211s
	iters: 2200, epoch: 1 | loss: 0.2398601
	speed: 0.0294s/iter; left time: 610.6253s
Epoch: 1 cost time: 63.514167070388794
Epoch: 1, Steps: 2295 | Train Loss: 0.3472256 Vali Loss: 0.2665101 Test Loss: 0.0942817
Validation loss decreased (inf --> 0.266510).  Saving model ...
Updating learning rate to 0.001
	iters: 100, epoch: 2 | loss: 0.1462661
	speed: 0.1833s/iter; left time: 3768.6588s
	iters: 200, epoch: 2 | loss: 0.1319650
	speed: 0.0278s/iter; left time: 569.6222s
	iters: 300, epoch: 2 | loss: 0.1881134
	speed: 0.0280s/iter; left time: 569.0549s
	iters: 400, epoch: 2 | loss: 0.1044074
	speed: 0.0277s/iter; left time: 560.6900s
	iters: 500, epoch: 2 | loss: 0.2790134
	speed: 0.0275s/iter; left time: 554.3222s
	iters: 600, epoch: 2 | loss: 0.1266148
	speed: 0.0257s/iter; left time: 516.1235s
	iters: 700, epoch: 2 | loss: 0.2839055
	speed: 0.0273s/iter; left time: 544.8958s
	iters: 800, epoch: 2 | loss: 0.1943391
	speed: 0.0269s/iter; left time: 535.0849s
	iters: 900, epoch: 2 | loss: 0.1450624
	speed: 0.0289s/iter; left time: 570.8493s
	iters: 1000, epoch: 2 | loss: 0.1347108
	speed: 0.0276s/iter; left time: 542.2953s
	iters: 1100, epoch: 2 | loss: 0.1326344
	speed: 0.0294s/iter; left time: 574.1609s
	iters: 1200, epoch: 2 | loss: 0.1753694
	speed: 0.0295s/iter; left time: 574.7928s
	iters: 1300, epoch: 2 | loss: 0.2001242
	speed: 0.0299s/iter; left time: 578.4461s
	iters: 1400, epoch: 2 | loss: 1.6149279
	speed: 0.0307s/iter; left time: 590.3753s
	iters: 1500, epoch: 2 | loss: 0.2413144
	speed: 0.0296s/iter; left time: 567.0164s
	iters: 1600, epoch: 2 | loss: 0.2188339
	speed: 0.0289s/iter; left time: 551.0675s
	iters: 1700, epoch: 2 | loss: 0.1165247
	speed: 0.0301s/iter; left time: 570.4858s
	iters: 1800, epoch: 2 | loss: 0.1531207
	speed: 0.0288s/iter; left time: 543.3846s
	iters: 1900, epoch: 2 | loss: 0.1950154
	speed: 0.0296s/iter; left time: 555.4058s
	iters: 2000, epoch: 2 | loss: 0.2411835
	speed: 0.0289s/iter; left time: 538.9463s
	iters: 2100, epoch: 2 | loss: 0.1625913
	speed: 0.0277s/iter; left time: 514.5370s
	iters: 2200, epoch: 2 | loss: 0.4576104
	speed: 0.0289s/iter; left time: 533.6705s
Epoch: 2 cost time: 66.17588877677917
Epoch: 2, Steps: 2295 | Train Loss: 0.3259542 Vali Loss: 0.2728212 Test Loss: 0.0963474
EarlyStopping counter: 1 out of 3
Updating learning rate to 0.0005
	iters: 100, epoch: 3 | loss: 0.2059394
	speed: 0.1821s/iter; left time: 3325.8174s
	iters: 200, epoch: 3 | loss: 1.6583550
	speed: 0.0290s/iter; left time: 526.8302s
	iters: 300, epoch: 3 | loss: 0.1500494
	speed: 0.0288s/iter; left time: 520.6360s
	iters: 400, epoch: 3 | loss: 0.4965634
	speed: 0.0268s/iter; left time: 480.4902s
	iters: 500, epoch: 3 | loss: 0.1700317
	speed: 0.0278s/iter; left time: 497.2884s
	iters: 600, epoch: 3 | loss: 0.1566768
	speed: 0.0269s/iter; left time: 478.1509s
	iters: 700, epoch: 3 | loss: 0.1623681
	speed: 0.0281s/iter; left time: 495.4818s
	iters: 800, epoch: 3 | loss: 0.1416790
	speed: 0.0281s/iter; left time: 493.5861s
	iters: 900, epoch: 3 | loss: 0.2705896
	speed: 0.0288s/iter; left time: 502.1796s
	iters: 1000, epoch: 3 | loss: 5.7783027
	speed: 0.0275s/iter; left time: 478.0935s
	iters: 1100, epoch: 3 | loss: 0.1442134
	speed: 0.0280s/iter; left time: 483.8497s
	iters: 1200, epoch: 3 | loss: 0.1404627
	speed: 0.0306s/iter; left time: 524.2908s
	iters: 1300, epoch: 3 | loss: 0.4859949
	speed: 0.0279s/iter; left time: 475.8117s
	iters: 1400, epoch: 3 | loss: 0.2842361
	speed: 0.0275s/iter; left time: 466.2294s
	iters: 1500, epoch: 3 | loss: 0.1475185
	speed: 0.0266s/iter; left time: 449.1744s
	iters: 1600, epoch: 3 | loss: 0.2568046
	speed: 0.0281s/iter; left time: 470.2549s
	iters: 1700, epoch: 3 | loss: 0.0912263
	speed: 0.0275s/iter; left time: 458.5474s
	iters: 1800, epoch: 3 | loss: 0.1157440
	speed: 0.0291s/iter; left time: 482.4585s
	iters: 1900, epoch: 3 | loss: 0.2432303
	speed: 0.0277s/iter; left time: 456.4904s
	iters: 2000, epoch: 3 | loss: 0.2152463
	speed: 0.0308s/iter; left time: 503.7752s
	iters: 2100, epoch: 3 | loss: 0.1577884
	speed: 0.0303s/iter; left time: 492.3260s
	iters: 2200, epoch: 3 | loss: 0.4254521
	speed: 0.0276s/iter; left time: 445.2996s
Epoch: 3 cost time: 65.62328219413757
Epoch: 3, Steps: 2295 | Train Loss: 0.3107251 Vali Loss: 0.2670672 Test Loss: 0.0929290
EarlyStopping counter: 2 out of 3
Updating learning rate to 0.00025
	iters: 100, epoch: 4 | loss: 0.2476137
	speed: 0.1869s/iter; left time: 2984.4076s
	iters: 200, epoch: 4 | loss: 0.1426015
	speed: 0.0281s/iter; left time: 446.4014s
	iters: 300, epoch: 4 | loss: 0.1256867
	speed: 0.0272s/iter; left time: 428.8458s
	iters: 400, epoch: 4 | loss: 0.1332181
	speed: 0.0283s/iter; left time: 443.0585s
	iters: 500, epoch: 4 | loss: 0.6114070
	speed: 0.0281s/iter; left time: 437.6838s
	iters: 600, epoch: 4 | loss: 0.1609714
	speed: 0.0278s/iter; left time: 429.8232s
	iters: 700, epoch: 4 | loss: 0.2142265
	speed: 0.0288s/iter; left time: 442.6456s
	iters: 800, epoch: 4 | loss: 0.1742415
	speed: 0.0306s/iter; left time: 466.7080s
	iters: 900, epoch: 4 | loss: 0.3147810
	speed: 0.0287s/iter; left time: 435.7491s
	iters: 1000, epoch: 4 | loss: 0.0826301
	speed: 0.0271s/iter; left time: 408.5717s
	iters: 1100, epoch: 4 | loss: 0.1977817
	speed: 0.0272s/iter; left time: 407.0046s
	iters: 1200, epoch: 4 | loss: 0.2430650
	speed: 0.0277s/iter; left time: 412.4031s
	iters: 1300, epoch: 4 | loss: 0.3336850
	speed: 0.0273s/iter; left time: 403.8333s
	iters: 1400, epoch: 4 | loss: 0.2134636
	speed: 0.0284s/iter; left time: 417.0201s
	iters: 1500, epoch: 4 | loss: 0.7628091
	speed: 0.0271s/iter; left time: 395.1444s
	iters: 1600, epoch: 4 | loss: 0.1562704
	speed: 0.0293s/iter; left time: 423.5252s
	iters: 1700, epoch: 4 | loss: 0.1236361
	speed: 0.0264s/iter; left time: 378.8232s
	iters: 1800, epoch: 4 | loss: 0.1579149
	speed: 0.0299s/iter; left time: 425.9694s
	iters: 1900, epoch: 4 | loss: 0.2179587
	speed: 0.0281s/iter; left time: 397.7968s
	iters: 2000, epoch: 4 | loss: 0.0778388
	speed: 0.0275s/iter; left time: 386.9536s
	iters: 2100, epoch: 4 | loss: 0.2372209
	speed: 0.0290s/iter; left time: 404.4998s
	iters: 2200, epoch: 4 | loss: 0.1683028
	speed: 0.0284s/iter; left time: 393.7498s
Epoch: 4 cost time: 65.51749992370605
Epoch: 4, Steps: 2295 | Train Loss: 0.3027111 Vali Loss: 0.2658046 Test Loss: 0.0924503
Validation loss decreased (0.266510 --> 0.265805).  Saving model ...
Updating learning rate to 0.000125
	iters: 100, epoch: 5 | loss: 0.1606983
	speed: 0.1857s/iter; left time: 2538.9304s
	iters: 200, epoch: 5 | loss: 0.5901084
	speed: 0.0287s/iter; left time: 389.4295s
	iters: 300, epoch: 5 | loss: 0.1250708
	speed: 0.0285s/iter; left time: 384.2507s
	iters: 400, epoch: 5 | loss: 0.1071643
	speed: 0.0287s/iter; left time: 384.0297s
	iters: 500, epoch: 5 | loss: 0.2331431
	speed: 0.0297s/iter; left time: 394.2525s
	iters: 600, epoch: 5 | loss: 0.1462290
	speed: 0.0278s/iter; left time: 366.5710s
	iters: 700, epoch: 5 | loss: 0.1571108
	speed: 0.0278s/iter; left time: 362.8927s
	iters: 800, epoch: 5 | loss: 0.0903083
	speed: 0.0313s/iter; left time: 405.4693s
	iters: 900, epoch: 5 | loss: 0.1206654
	speed: 0.0294s/iter; left time: 377.8089s
	iters: 1000, epoch: 5 | loss: 0.2720286
	speed: 0.0294s/iter; left time: 375.9943s
	iters: 1100, epoch: 5 | loss: 0.2976270
	speed: 0.0279s/iter; left time: 352.8917s
	iters: 1200, epoch: 5 | loss: 0.2118054
	speed: 0.0291s/iter; left time: 365.8399s
	iters: 1300, epoch: 5 | loss: 0.3411909
	speed: 0.0293s/iter; left time: 365.1596s
	iters: 1400, epoch: 5 | loss: 1.3508714
	speed: 0.0267s/iter; left time: 330.6347s
	iters: 1500, epoch: 5 | loss: 0.0771933
	speed: 0.0276s/iter; left time: 338.7334s
	iters: 1600, epoch: 5 | loss: 0.1692916
	speed: 0.0273s/iter; left time: 332.1187s
	iters: 1700, epoch: 5 | loss: 0.1759082
	speed: 0.0264s/iter; left time: 318.1769s
	iters: 1800, epoch: 5 | loss: 0.3365937
	speed: 0.0274s/iter; left time: 327.7768s
	iters: 1900, epoch: 5 | loss: 0.1872536
	speed: 0.0291s/iter; left time: 345.1839s
	iters: 2000, epoch: 5 | loss: 0.6504282
	speed: 0.0299s/iter; left time: 351.7997s
	iters: 2100, epoch: 5 | loss: 0.1999356
	speed: 0.0284s/iter; left time: 331.4093s
	iters: 2200, epoch: 5 | loss: 0.1045439
	speed: 0.0272s/iter; left time: 314.3351s
Epoch: 5 cost time: 66.11721897125244
Epoch: 5, Steps: 2295 | Train Loss: 0.3010126 Vali Loss: 0.2631555 Test Loss: 0.0923458
Validation loss decreased (0.265805 --> 0.263155).  Saving model ...
Updating learning rate to 6.25e-05
	iters: 100, epoch: 6 | loss: 0.1202603
	speed: 0.1823s/iter; left time: 2073.7362s
	iters: 200, epoch: 6 | loss: 0.3460128
	speed: 0.0311s/iter; left time: 350.4545s
	iters: 300, epoch: 6 | loss: 0.1383384
	speed: 0.0271s/iter; left time: 303.4022s
	iters: 400, epoch: 6 | loss: 0.1505817
	speed: 0.0289s/iter; left time: 319.7608s
	iters: 500, epoch: 6 | loss: 0.1154959
	speed: 0.0281s/iter; left time: 308.3549s
	iters: 600, epoch: 6 | loss: 0.1161677
	speed: 0.0280s/iter; left time: 304.3579s
	iters: 700, epoch: 6 | loss: 0.1571076
	speed: 0.0275s/iter; left time: 296.8508s
	iters: 800, epoch: 6 | loss: 0.2982650
	speed: 0.0274s/iter; left time: 293.0529s
	iters: 900, epoch: 6 | loss: 0.1293339
	speed: 0.0280s/iter; left time: 296.0313s
	iters: 1000, epoch: 6 | loss: 0.4145851
	speed: 0.0265s/iter; left time: 277.4509s
	iters: 1100, epoch: 6 | loss: 0.1078616
	speed: 0.0284s/iter; left time: 295.1884s
	iters: 1200, epoch: 6 | loss: 0.3106346
	speed: 0.0271s/iter; left time: 278.9354s
	iters: 1300, epoch: 6 | loss: 0.1827594
	speed: 0.0290s/iter; left time: 294.7538s
	iters: 1400, epoch: 6 | loss: 0.3597595
	speed: 0.0268s/iter; left time: 269.7599s
	iters: 1500, epoch: 6 | loss: 0.1638180
	speed: 0.0292s/iter; left time: 290.9329s
	iters: 1600, epoch: 6 | loss: 0.2073409
	speed: 0.0275s/iter; left time: 272.0143s
	iters: 1700, epoch: 6 | loss: 0.1502296
	speed: 0.0287s/iter; left time: 280.2827s
	iters: 1800, epoch: 6 | loss: 0.1503867
	speed: 0.0281s/iter; left time: 272.3778s
	iters: 1900, epoch: 6 | loss: 0.1298818
	speed: 0.0281s/iter; left time: 269.3292s
	iters: 2000, epoch: 6 | loss: 0.3739536
	speed: 0.0283s/iter; left time: 268.1965s
	iters: 2100, epoch: 6 | loss: 0.1459916
	speed: 0.0274s/iter; left time: 257.3626s
	iters: 2200, epoch: 6 | loss: 0.5742026
	speed: 0.0285s/iter; left time: 264.0383s
Epoch: 6 cost time: 65.28636598587036
Epoch: 6, Steps: 2295 | Train Loss: 0.2988879 Vali Loss: 0.2646157 Test Loss: 0.0922116
EarlyStopping counter: 1 out of 3
Updating learning rate to 3.125e-05
	iters: 100, epoch: 7 | loss: 0.1372283
	speed: 0.1770s/iter; left time: 1607.4380s
	iters: 200, epoch: 7 | loss: 0.1817240
	speed: 0.0293s/iter; left time: 262.9007s
	iters: 300, epoch: 7 | loss: 0.1664937
	speed: 0.0290s/iter; left time: 257.7879s
	iters: 400, epoch: 7 | loss: 0.0992087
	speed: 0.0300s/iter; left time: 263.8325s
	iters: 500, epoch: 7 | loss: 0.2430572
	speed: 0.0296s/iter; left time: 256.5984s
	iters: 600, epoch: 7 | loss: 0.3220620
	speed: 0.0287s/iter; left time: 246.1763s
	iters: 700, epoch: 7 | loss: 0.1999929
	speed: 0.0288s/iter; left time: 244.6350s
	iters: 800, epoch: 7 | loss: 0.2239912
	speed: 0.0282s/iter; left time: 236.6232s
	iters: 900, epoch: 7 | loss: 0.1786238
	speed: 0.0298s/iter; left time: 246.9608s
	iters: 1000, epoch: 7 | loss: 0.2583224
	speed: 0.0289s/iter; left time: 236.2119s
	iters: 1100, epoch: 7 | loss: 0.2199961
	speed: 0.0277s/iter; left time: 223.9621s
	iters: 1200, epoch: 7 | loss: 0.1224357
	speed: 0.0283s/iter; left time: 225.6130s
	iters: 1300, epoch: 7 | loss: 0.3896755
	speed: 0.0284s/iter; left time: 223.5084s
	iters: 1400, epoch: 7 | loss: 0.1821811
	speed: 0.0280s/iter; left time: 217.7999s
	iters: 1500, epoch: 7 | loss: 0.1783868
	speed: 0.0279s/iter; left time: 214.3647s
	iters: 1600, epoch: 7 | loss: 0.3331636
	speed: 0.0287s/iter; left time: 217.5639s
	iters: 1700, epoch: 7 | loss: 0.2805636
	speed: 0.0294s/iter; left time: 219.9714s
	iters: 1800, epoch: 7 | loss: 0.3792543
	speed: 0.0283s/iter; left time: 209.0871s
	iters: 1900, epoch: 7 | loss: 0.1522437
	speed: 0.0272s/iter; left time: 198.2650s
	iters: 2000, epoch: 7 | loss: 0.1329734
	speed: 0.0278s/iter; left time: 199.8476s
	iters: 2100, epoch: 7 | loss: 0.2255199
	speed: 0.0284s/iter; left time: 201.1534s
	iters: 2200, epoch: 7 | loss: 0.1112484
	speed: 0.0295s/iter; left time: 205.8286s
Epoch: 7 cost time: 66.50736165046692
Epoch: 7, Steps: 2295 | Train Loss: 0.2986169 Vali Loss: 0.2596178 Test Loss: 0.0918707
Validation loss decreased (0.263155 --> 0.259618).  Saving model ...
Updating learning rate to 1.5625e-05
	iters: 100, epoch: 8 | loss: 0.4229054
	speed: 0.1832s/iter; left time: 1243.3716s
	iters: 200, epoch: 8 | loss: 0.0847233
	speed: 0.0285s/iter; left time: 190.7464s
	iters: 300, epoch: 8 | loss: 0.1241935
	speed: 0.0290s/iter; left time: 191.1464s
	iters: 400, epoch: 8 | loss: 0.1154941
	speed: 0.0269s/iter; left time: 174.3882s
	iters: 500, epoch: 8 | loss: 0.8543541
	speed: 0.0271s/iter; left time: 173.1231s
	iters: 600, epoch: 8 | loss: 0.3222848
	speed: 0.0268s/iter; left time: 168.6475s
	iters: 700, epoch: 8 | loss: 0.2842448
	speed: 0.0269s/iter; left time: 166.3065s
	iters: 800, epoch: 8 | loss: 0.2248967
	speed: 0.0274s/iter; left time: 167.0604s
	iters: 900, epoch: 8 | loss: 0.2676844
	speed: 0.0284s/iter; left time: 170.2538s
	iters: 1000, epoch: 8 | loss: 0.1706680
	speed: 0.0278s/iter; left time: 163.5088s
	iters: 1100, epoch: 8 | loss: 0.4150020
	speed: 0.0287s/iter; left time: 165.8439s
	iters: 1200, epoch: 8 | loss: 0.1206865
	speed: 0.0278s/iter; left time: 158.0031s
	iters: 1300, epoch: 8 | loss: 0.2254684
	speed: 0.0267s/iter; left time: 149.3449s
	iters: 1400, epoch: 8 | loss: 0.1382937
	speed: 0.0280s/iter; left time: 153.7819s
	iters: 1500, epoch: 8 | loss: 0.1762067
	speed: 0.0278s/iter; left time: 149.6204s
	iters: 1600, epoch: 8 | loss: 0.3476284
	speed: 0.0284s/iter; left time: 150.3366s
	iters: 1700, epoch: 8 | loss: 0.1060426
	speed: 0.0294s/iter; left time: 152.5280s
	iters: 1800, epoch: 8 | loss: 0.1679064
	speed: 0.0284s/iter; left time: 144.6312s
	iters: 1900, epoch: 8 | loss: 0.1311458
	speed: 0.0289s/iter; left time: 144.1782s
	iters: 2000, epoch: 8 | loss: 0.1958563
	speed: 0.0275s/iter; left time: 134.1701s
	iters: 2100, epoch: 8 | loss: 0.1339217
	speed: 0.0272s/iter; left time: 130.4037s
	iters: 2200, epoch: 8 | loss: 0.3008439
	speed: 0.0297s/iter; left time: 139.0016s
Epoch: 8 cost time: 64.89258790016174
Epoch: 8, Steps: 2295 | Train Loss: 0.2982284 Vali Loss: 0.2642096 Test Loss: 0.0920328
EarlyStopping counter: 1 out of 3
Updating learning rate to 7.8125e-06
	iters: 100, epoch: 9 | loss: 0.0697804
	speed: 0.1865s/iter; left time: 837.5798s
	iters: 200, epoch: 9 | loss: 0.5429562
	speed: 0.0282s/iter; left time: 123.9410s
	iters: 300, epoch: 9 | loss: 0.1408533
	speed: 0.0282s/iter; left time: 120.8282s
	iters: 400, epoch: 9 | loss: 0.1842766
	speed: 0.0297s/iter; left time: 124.5824s
	iters: 500, epoch: 9 | loss: 0.2996927
	speed: 0.0289s/iter; left time: 118.0375s
	iters: 600, epoch: 9 | loss: 0.2056365
	speed: 0.0298s/iter; left time: 119.1300s
	iters: 700, epoch: 9 | loss: 0.1589157
	speed: 0.0284s/iter; left time: 110.4265s
	iters: 800, epoch: 9 | loss: 0.1749029
	speed: 0.0291s/iter; left time: 110.3413s
	iters: 900, epoch: 9 | loss: 0.1309294
	speed: 0.0291s/iter; left time: 107.5686s
	iters: 1000, epoch: 9 | loss: 0.1546108
	speed: 0.0286s/iter; left time: 102.6966s
	iters: 1100, epoch: 9 | loss: 0.2891980
	speed: 0.0305s/iter; left time: 106.5735s
	iters: 1200, epoch: 9 | loss: 0.2081446
	speed: 0.0280s/iter; left time: 94.8930s
	iters: 1300, epoch: 9 | loss: 0.1944602
	speed: 0.0293s/iter; left time: 96.5424s
	iters: 1400, epoch: 9 | loss: 0.2121237
	speed: 0.0278s/iter; left time: 88.6017s
	iters: 1500, epoch: 9 | loss: 0.2368370
	speed: 0.0275s/iter; left time: 85.0732s
	iters: 1600, epoch: 9 | loss: 0.0878057
	speed: 0.0306s/iter; left time: 91.6213s
	iters: 1700, epoch: 9 | loss: 0.4272529
	speed: 0.0279s/iter; left time: 80.6684s
	iters: 1800, epoch: 9 | loss: 0.1996844
	speed: 0.0270s/iter; left time: 75.4772s
	iters: 1900, epoch: 9 | loss: 0.2655352
	speed: 0.0279s/iter; left time: 75.1280s
	iters: 2000, epoch: 9 | loss: 0.3843022
	speed: 0.0281s/iter; left time: 72.8837s
	iters: 2100, epoch: 9 | loss: 0.1118006
	speed: 0.0301s/iter; left time: 74.9175s
	iters: 2200, epoch: 9 | loss: 0.1255803
	speed: 0.0283s/iter; left time: 67.6653s
Epoch: 9 cost time: 67.07005763053894
Epoch: 9, Steps: 2295 | Train Loss: 0.2986245 Vali Loss: 0.2641428 Test Loss: 0.0919770
EarlyStopping counter: 2 out of 3
Updating learning rate to 3.90625e-06
	iters: 100, epoch: 10 | loss: 0.1614243
	speed: 0.1829s/iter; left time: 401.6890s
	iters: 200, epoch: 10 | loss: 0.3356918
	speed: 0.0283s/iter; left time: 59.2708s
	iters: 300, epoch: 10 | loss: 0.3925202
	speed: 0.0290s/iter; left time: 57.9676s
	iters: 400, epoch: 10 | loss: 0.1002056
	speed: 0.0274s/iter; left time: 51.9842s
	iters: 500, epoch: 10 | loss: 0.2937806
	speed: 0.0290s/iter; left time: 52.0021s
	iters: 600, epoch: 10 | loss: 0.1768437
	speed: 0.0265s/iter; left time: 44.9739s
	iters: 700, epoch: 10 | loss: 0.1389165
	speed: 0.0279s/iter; left time: 44.5366s
	iters: 800, epoch: 10 | loss: 0.0954526
	speed: 0.0290s/iter; left time: 43.4424s
	iters: 900, epoch: 10 | loss: 0.2378227
	speed: 0.0281s/iter; left time: 39.2688s
	iters: 1000, epoch: 10 | loss: 5.3911052
	speed: 0.0296s/iter; left time: 38.3767s
	iters: 1100, epoch: 10 | loss: 0.1637468
	speed: 0.0280s/iter; left time: 33.5329s
	iters: 1200, epoch: 10 | loss: 0.1731831
	speed: 0.0289s/iter; left time: 31.6385s
	iters: 1300, epoch: 10 | loss: 0.2311114
	speed: 0.0282s/iter; left time: 28.1095s
	iters: 1400, epoch: 10 | loss: 0.1244300
	speed: 0.0280s/iter; left time: 25.0806s
	iters: 1500, epoch: 10 | loss: 0.1409486
	speed: 0.0278s/iter; left time: 22.1406s
	iters: 1600, epoch: 10 | loss: 0.2345917
	speed: 0.0284s/iter; left time: 19.7381s
	iters: 1700, epoch: 10 | loss: 0.6834416
	speed: 0.0279s/iter; left time: 16.6403s
	iters: 1800, epoch: 10 | loss: 0.1752493
	speed: 0.0290s/iter; left time: 14.4040s
	iters: 1900, epoch: 10 | loss: 0.3559060
	speed: 0.0291s/iter; left time: 11.5368s
	iters: 2000, epoch: 10 | loss: 0.5527859
	speed: 0.0280s/iter; left time: 8.2866s
	iters: 2100, epoch: 10 | loss: 0.1787894
	speed: 0.0283s/iter; left time: 5.5451s
	iters: 2200, epoch: 10 | loss: 0.1378164
	speed: 0.0279s/iter; left time: 2.6808s
Epoch: 10 cost time: 65.72102880477905
Epoch: 10, Steps: 2295 | Train Loss: 0.2979575 Vali Loss: 0.2642836 Test Loss: 0.0919547
EarlyStopping counter: 3 out of 3
Early stopping
>>>>>>>testing : weather_144_24_RLinear_custom_ftM_sl144_ll48_pl24_dm512_nh8_el2_dl1_df2048_fc1_ebtimeF_dtTrue_Exp_0<<<<<<<<<<<<<<<<<<<<<<<<<<<<<<<<<
test 10516
mse:0.09196153283119202, mae:0.12422043085098267
