Args in experiment:
Namespace(activation='gelu', batch_size=16, c_out=7, checkpoints='/spo/NewbornTime/tahir098/SVF/data/Extra/checkpoints/', d_ff=2048, d_layers=1, d_model=512, data='custom', data_path='weather.csv', dec_in=7, des='Exp', devices='0,1,2,3', distil=True, do_predict=False, dropout=0.05, e_layers=2, embed='timeF', embed_type=0, enc_in=21, factor=1, features='M', freq='h', gpu=0, individual=False, is_training=1, itr=1, label_len=48, learning_rate=0.001, loss='mse', lradj='type1', model='RLinear', model_id='weather_672_24', moving_avg=25, n_heads=8, num_workers=10, output_attention=False, patience=3, pred_len=24, root_path='./dataset/', seq_len=672, target='OT', test_flop=False, train_epochs=10, train_only=False, use_amp=False, use_gpu=True, use_multi_gpu=False)
Use GPU: cuda:0
>>>>>>>start training : weather_672_24_RLinear_custom_ftM_sl672_ll48_pl24_dm512_nh8_el2_dl1_df2048_fc1_ebtimeF_dtTrue_Exp_0>>>>>>>>>>>>>>>>>>>>>>>>>>
train 36192
val 5247
test 10516
	iters: 100, epoch: 1 | loss: 0.4945437
	speed: 0.0318s/iter; left time: 715.9600s
	iters: 200, epoch: 1 | loss: 0.2800339
	speed: 0.0224s/iter; left time: 501.3880s
	iters: 300, epoch: 1 | loss: 0.3212343
	speed: 0.0210s/iter; left time: 469.3889s
	iters: 400, epoch: 1 | loss: 0.1623513
	speed: 0.0219s/iter; left time: 486.2224s
	iters: 500, epoch: 1 | loss: 0.2002905
	speed: 0.0216s/iter; left time: 477.7705s
	iters: 600, epoch: 1 | loss: 0.1908776
	speed: 0.0221s/iter; left time: 487.5946s
	iters: 700, epoch: 1 | loss: 0.2106133
	speed: 0.0219s/iter; left time: 479.0229s
	iters: 800, epoch: 1 | loss: 0.4212340
	speed: 0.0214s/iter; left time: 467.0664s
	iters: 900, epoch: 1 | loss: 0.2717175
	speed: 0.0208s/iter; left time: 451.4440s
	iters: 1000, epoch: 1 | loss: 0.7496333
	speed: 0.0210s/iter; left time: 454.1205s
	iters: 1100, epoch: 1 | loss: 0.2225881
	speed: 0.0206s/iter; left time: 443.3378s
	iters: 1200, epoch: 1 | loss: 0.1943521
	speed: 0.0220s/iter; left time: 470.6442s
	iters: 1300, epoch: 1 | loss: 0.2543605
	speed: 0.0216s/iter; left time: 459.9928s
	iters: 1400, epoch: 1 | loss: 0.1640505
	speed: 0.0209s/iter; left time: 444.0333s
	iters: 1500, epoch: 1 | loss: 0.3667614
	speed: 0.0223s/iter; left time: 470.9174s
	iters: 1600, epoch: 1 | loss: 0.2126058
	speed: 0.0213s/iter; left time: 447.1028s
	iters: 1700, epoch: 1 | loss: 0.3744591
	speed: 0.0222s/iter; left time: 463.9545s
	iters: 1800, epoch: 1 | loss: 0.4449207
	speed: 0.0225s/iter; left time: 468.7448s
	iters: 1900, epoch: 1 | loss: 0.3398559
	speed: 0.0242s/iter; left time: 502.4014s
	iters: 2000, epoch: 1 | loss: 0.2327325
	speed: 0.0206s/iter; left time: 425.4260s
	iters: 2100, epoch: 1 | loss: 0.1438279
	speed: 0.0205s/iter; left time: 419.9097s
	iters: 2200, epoch: 1 | loss: 6.9111462
	speed: 0.0202s/iter; left time: 411.7111s
Epoch: 1 cost time: 49.80453968048096
Epoch: 1, Steps: 2262 | Train Loss: 0.3886499 Vali Loss: 0.2937432 Test Loss: 0.0988840
Validation loss decreased (inf --> 0.293743).  Saving model ...
Updating learning rate to 0.001
	iters: 100, epoch: 2 | loss: 0.1575673
	speed: 0.1206s/iter; left time: 2443.5160s
	iters: 200, epoch: 2 | loss: 0.2099734
	speed: 0.0223s/iter; left time: 450.1325s
	iters: 300, epoch: 2 | loss: 0.1567507
	speed: 0.0211s/iter; left time: 422.4377s
	iters: 400, epoch: 2 | loss: 0.3605131
	speed: 0.0223s/iter; left time: 444.9914s
	iters: 500, epoch: 2 | loss: 0.1909829
	speed: 0.0210s/iter; left time: 416.2844s
	iters: 600, epoch: 2 | loss: 0.5083938
	speed: 0.0205s/iter; left time: 405.0719s
	iters: 700, epoch: 2 | loss: 0.7472605
	speed: 0.0217s/iter; left time: 426.0538s
	iters: 800, epoch: 2 | loss: 0.2645763
	speed: 0.0206s/iter; left time: 403.5972s
	iters: 900, epoch: 2 | loss: 0.2452903
	speed: 0.0216s/iter; left time: 421.2129s
	iters: 1000, epoch: 2 | loss: 0.1741351
	speed: 0.0202s/iter; left time: 390.6419s
	iters: 1100, epoch: 2 | loss: 0.3340312
	speed: 0.0214s/iter; left time: 412.2326s
	iters: 1200, epoch: 2 | loss: 0.4441631
	speed: 0.0211s/iter; left time: 403.3027s
	iters: 1300, epoch: 2 | loss: 0.1806009
	speed: 0.0219s/iter; left time: 418.0563s
	iters: 1400, epoch: 2 | loss: 0.1991557
	speed: 0.0228s/iter; left time: 432.2918s
	iters: 1500, epoch: 2 | loss: 2.2165010
	speed: 0.0207s/iter; left time: 390.1994s
	iters: 1600, epoch: 2 | loss: 0.1663555
	speed: 0.0226s/iter; left time: 424.1210s
	iters: 1700, epoch: 2 | loss: 0.5303032
	speed: 0.0234s/iter; left time: 436.9584s
	iters: 1800, epoch: 2 | loss: 0.2097288
	speed: 0.0215s/iter; left time: 399.7312s
	iters: 1900, epoch: 2 | loss: 0.3554168
	speed: 0.0215s/iter; left time: 396.1937s
	iters: 2000, epoch: 2 | loss: 0.6666924
	speed: 0.0205s/iter; left time: 375.4918s
	iters: 2100, epoch: 2 | loss: 0.3125200
	speed: 0.0212s/iter; left time: 386.6881s
	iters: 2200, epoch: 2 | loss: 0.1947517
	speed: 0.0207s/iter; left time: 375.5532s
Epoch: 2 cost time: 49.46841239929199
Epoch: 2, Steps: 2262 | Train Loss: 0.4750712 Vali Loss: 0.3005266 Test Loss: 0.1017056
EarlyStopping counter: 1 out of 3
Updating learning rate to 0.0005
	iters: 100, epoch: 3 | loss: 0.4244103
	speed: 0.1168s/iter; left time: 2102.8798s
	iters: 200, epoch: 3 | loss: 0.1628782
	speed: 0.0209s/iter; left time: 374.6366s
	iters: 300, epoch: 3 | loss: 0.2278870
	speed: 0.0204s/iter; left time: 363.7119s
	iters: 400, epoch: 3 | loss: 0.1216376
	speed: 0.0201s/iter; left time: 355.5675s
	iters: 500, epoch: 3 | loss: 0.2301943
	speed: 0.0204s/iter; left time: 358.2348s
	iters: 600, epoch: 3 | loss: 0.1430333
	speed: 0.0188s/iter; left time: 328.5577s
	iters: 700, epoch: 3 | loss: 0.2411196
	speed: 0.0205s/iter; left time: 357.2468s
	iters: 800, epoch: 3 | loss: 0.2054894
	speed: 0.0211s/iter; left time: 364.2999s
	iters: 900, epoch: 3 | loss: 0.6142135
	speed: 0.0213s/iter; left time: 366.4214s
	iters: 1000, epoch: 3 | loss: 0.1795590
	speed: 0.0212s/iter; left time: 362.6577s
	iters: 1100, epoch: 3 | loss: 0.1328532
	speed: 0.0234s/iter; left time: 396.9244s
	iters: 1200, epoch: 3 | loss: 0.3966411
	speed: 0.0224s/iter; left time: 377.7673s
	iters: 1300, epoch: 3 | loss: 0.3160012
	speed: 0.0239s/iter; left time: 400.8905s
	iters: 1400, epoch: 3 | loss: 0.1705875
	speed: 0.0228s/iter; left time: 380.7186s
	iters: 1500, epoch: 3 | loss: 0.5369666
	speed: 0.0229s/iter; left time: 379.5086s
	iters: 1600, epoch: 3 | loss: 0.1539756
	speed: 0.0242s/iter; left time: 399.2081s
	iters: 1700, epoch: 3 | loss: 0.1632017
	speed: 0.0213s/iter; left time: 349.2348s
	iters: 1800, epoch: 3 | loss: 0.4540247
	speed: 0.0202s/iter; left time: 329.6590s
	iters: 1900, epoch: 3 | loss: 1.0083710
	speed: 0.0203s/iter; left time: 328.3186s
	iters: 2000, epoch: 3 | loss: 0.1354881
	speed: 0.0202s/iter; left time: 324.5103s
	iters: 2100, epoch: 3 | loss: 0.1971194
	speed: 0.0208s/iter; left time: 331.9575s
	iters: 2200, epoch: 3 | loss: 0.2542042
	speed: 0.0204s/iter; left time: 324.9350s
Epoch: 3 cost time: 48.872809410095215
Epoch: 3, Steps: 2262 | Train Loss: 0.3812902 Vali Loss: 0.2728542 Test Loss: 0.0952660
Validation loss decreased (0.293743 --> 0.272854).  Saving model ...
Updating learning rate to 0.00025
	iters: 100, epoch: 4 | loss: 0.1708756
	speed: 0.1148s/iter; left time: 1807.0365s
	iters: 200, epoch: 4 | loss: 0.2049640
	speed: 0.0223s/iter; left time: 348.1655s
	iters: 300, epoch: 4 | loss: 0.3006513
	speed: 0.0208s/iter; left time: 322.9892s
	iters: 400, epoch: 4 | loss: 0.4666140
	speed: 0.0208s/iter; left time: 320.7080s
	iters: 500, epoch: 4 | loss: 6.3183451
	speed: 0.0233s/iter; left time: 357.6427s
	iters: 600, epoch: 4 | loss: 0.0872351
	speed: 0.0241s/iter; left time: 367.0733s
	iters: 700, epoch: 4 | loss: 0.0865913
	speed: 0.0243s/iter; left time: 367.6640s
	iters: 800, epoch: 4 | loss: 0.5472032
	speed: 0.0243s/iter; left time: 364.7552s
	iters: 900, epoch: 4 | loss: 0.1060883
	speed: 0.0227s/iter; left time: 338.9551s
	iters: 1000, epoch: 4 | loss: 0.2331202
	speed: 0.0208s/iter; left time: 308.1531s
	iters: 1100, epoch: 4 | loss: 0.7592732
	speed: 0.0217s/iter; left time: 319.4729s
	iters: 1200, epoch: 4 | loss: 0.1479829
	speed: 0.0215s/iter; left time: 314.5446s
	iters: 1300, epoch: 4 | loss: 0.2467040
	speed: 0.0206s/iter; left time: 300.1116s
	iters: 1400, epoch: 4 | loss: 0.1579103
	speed: 0.0239s/iter; left time: 345.0767s
	iters: 1500, epoch: 4 | loss: 0.1841474
	speed: 0.0225s/iter; left time: 322.2787s
	iters: 1600, epoch: 4 | loss: 0.6566564
	speed: 0.0217s/iter; left time: 308.7211s
	iters: 1700, epoch: 4 | loss: 0.1875239
	speed: 0.0232s/iter; left time: 327.7130s
	iters: 1800, epoch: 4 | loss: 0.1241275
	speed: 0.0212s/iter; left time: 297.6051s
	iters: 1900, epoch: 4 | loss: 0.4842443
	speed: 0.0240s/iter; left time: 333.9726s
	iters: 2000, epoch: 4 | loss: 0.4257219
	speed: 0.0244s/iter; left time: 337.8265s
	iters: 2100, epoch: 4 | loss: 0.3597817
	speed: 0.0254s/iter; left time: 348.4579s
	iters: 2200, epoch: 4 | loss: 1.0207547
	speed: 0.0215s/iter; left time: 293.1596s
Epoch: 4 cost time: 51.57522797584534
Epoch: 4, Steps: 2262 | Train Loss: 0.3445648 Vali Loss: 0.2637470 Test Loss: 0.0921311
Validation loss decreased (0.272854 --> 0.263747).  Saving model ...
Updating learning rate to 0.000125
	iters: 100, epoch: 5 | loss: 0.1533532
	speed: 0.1167s/iter; left time: 1572.9545s
	iters: 200, epoch: 5 | loss: 0.3130142
	speed: 0.0206s/iter; left time: 275.5563s
	iters: 300, epoch: 5 | loss: 0.2651041
	speed: 0.0208s/iter; left time: 276.0943s
	iters: 400, epoch: 5 | loss: 0.3314407
	speed: 0.0213s/iter; left time: 280.3973s
	iters: 500, epoch: 5 | loss: 0.1355669
	speed: 0.0208s/iter; left time: 272.1097s
	iters: 600, epoch: 5 | loss: 0.3949799
	speed: 0.0204s/iter; left time: 265.1458s
	iters: 700, epoch: 5 | loss: 0.2230365
	speed: 0.0207s/iter; left time: 266.0917s
	iters: 800, epoch: 5 | loss: 0.4286044
	speed: 0.0209s/iter; left time: 266.5564s
	iters: 900, epoch: 5 | loss: 5.5172033
	speed: 0.0219s/iter; left time: 277.9502s
	iters: 1000, epoch: 5 | loss: 0.1199830
	speed: 0.0205s/iter; left time: 258.2429s
	iters: 1100, epoch: 5 | loss: 0.4107006
	speed: 0.0212s/iter; left time: 264.5627s
	iters: 1200, epoch: 5 | loss: 0.2250251
	speed: 0.0237s/iter; left time: 292.6606s
	iters: 1300, epoch: 5 | loss: 0.1843216
	speed: 0.0221s/iter; left time: 271.1786s
	iters: 1400, epoch: 5 | loss: 0.2641001
	speed: 0.0219s/iter; left time: 266.2119s
	iters: 1500, epoch: 5 | loss: 1.1790748
	speed: 0.0213s/iter; left time: 256.7113s
	iters: 1600, epoch: 5 | loss: 0.1434281
	speed: 0.0214s/iter; left time: 255.7123s
	iters: 1700, epoch: 5 | loss: 0.2138032
	speed: 0.0238s/iter; left time: 282.9406s
	iters: 1800, epoch: 5 | loss: 0.1268745
	speed: 0.0231s/iter; left time: 271.8073s
	iters: 1900, epoch: 5 | loss: 0.1073200
	speed: 0.0210s/iter; left time: 245.0407s
	iters: 2000, epoch: 5 | loss: 0.7253901
	speed: 0.0209s/iter; left time: 241.6991s
	iters: 2100, epoch: 5 | loss: 0.1485172
	speed: 0.0209s/iter; left time: 240.2915s
	iters: 2200, epoch: 5 | loss: 0.2072957
	speed: 0.0210s/iter; left time: 238.6047s
Epoch: 5 cost time: 49.27476954460144
Epoch: 5, Steps: 2262 | Train Loss: 0.3295750 Vali Loss: 0.2607733 Test Loss: 0.0907081
Validation loss decreased (0.263747 --> 0.260773).  Saving model ...
Updating learning rate to 6.25e-05
	iters: 100, epoch: 6 | loss: 0.3391021
	speed: 0.1147s/iter; left time: 1285.5944s
	iters: 200, epoch: 6 | loss: 0.0678970
	speed: 0.0180s/iter; left time: 200.5251s
	iters: 300, epoch: 6 | loss: 0.1752912
	speed: 0.0180s/iter; left time: 197.7275s
	iters: 400, epoch: 6 | loss: 0.2893149
	speed: 0.0180s/iter; left time: 196.2821s
	iters: 500, epoch: 6 | loss: 0.1698438
	speed: 0.0180s/iter; left time: 194.1765s
	iters: 600, epoch: 6 | loss: 0.1407914
	speed: 0.0201s/iter; left time: 214.7904s
	iters: 700, epoch: 6 | loss: 0.2473599
	speed: 0.0210s/iter; left time: 222.6100s
	iters: 800, epoch: 6 | loss: 0.1925617
	speed: 0.0207s/iter; left time: 217.2513s
	iters: 900, epoch: 6 | loss: 0.2384293
	speed: 0.0208s/iter; left time: 216.8834s
	iters: 1000, epoch: 6 | loss: 0.3516337
	speed: 0.0210s/iter; left time: 216.8474s
	iters: 1100, epoch: 6 | loss: 0.8257855
	speed: 0.0206s/iter; left time: 210.8089s
	iters: 1200, epoch: 6 | loss: 0.3012308
	speed: 0.0203s/iter; left time: 205.0663s
	iters: 1300, epoch: 6 | loss: 0.3437540
	speed: 0.0205s/iter; left time: 205.5579s
	iters: 1400, epoch: 6 | loss: 0.1782639
	speed: 0.0207s/iter; left time: 205.3564s
	iters: 1500, epoch: 6 | loss: 0.2446366
	speed: 0.0203s/iter; left time: 198.8918s
	iters: 1600, epoch: 6 | loss: 0.6705837
	speed: 0.0236s/iter; left time: 229.2264s
	iters: 1700, epoch: 6 | loss: 0.1959028
	speed: 0.0211s/iter; left time: 202.9706s
	iters: 1800, epoch: 6 | loss: 0.1256828
	speed: 0.0227s/iter; left time: 215.7672s
	iters: 1900, epoch: 6 | loss: 0.1926792
	speed: 0.0214s/iter; left time: 201.7820s
	iters: 2000, epoch: 6 | loss: 0.1853144
	speed: 0.0178s/iter; left time: 165.3217s
	iters: 2100, epoch: 6 | loss: 0.0875997
	speed: 0.0176s/iter; left time: 162.5025s
	iters: 2200, epoch: 6 | loss: 0.0890392
	speed: 0.0177s/iter; left time: 161.6380s
Epoch: 6 cost time: 45.850566148757935
Epoch: 6, Steps: 2262 | Train Loss: 0.3223494 Vali Loss: 0.2617830 Test Loss: 0.0901606
EarlyStopping counter: 1 out of 3
Updating learning rate to 3.125e-05
	iters: 100, epoch: 7 | loss: 0.1326025
	speed: 0.1118s/iter; left time: 1000.6210s
	iters: 200, epoch: 7 | loss: 0.2423714
	speed: 0.0204s/iter; left time: 180.4142s
	iters: 300, epoch: 7 | loss: 0.2112612
	speed: 0.0219s/iter; left time: 191.9599s
	iters: 400, epoch: 7 | loss: 0.4775774
	speed: 0.0218s/iter; left time: 188.8573s
	iters: 500, epoch: 7 | loss: 0.1647040
	speed: 0.0225s/iter; left time: 192.7122s
	iters: 600, epoch: 7 | loss: 0.2016593
	speed: 0.0228s/iter; left time: 192.7193s
	iters: 700, epoch: 7 | loss: 0.2427946
	speed: 0.0234s/iter; left time: 195.2225s
	iters: 800, epoch: 7 | loss: 0.1422317
	speed: 0.0237s/iter; left time: 195.3502s
	iters: 900, epoch: 7 | loss: 0.1581761
	speed: 0.0249s/iter; left time: 202.7472s
	iters: 1000, epoch: 7 | loss: 0.3390456
	speed: 0.0251s/iter; left time: 202.0457s
	iters: 1100, epoch: 7 | loss: 0.1597310
	speed: 0.0240s/iter; left time: 190.5655s
	iters: 1200, epoch: 7 | loss: 0.2863769
	speed: 0.0241s/iter; left time: 188.9374s
	iters: 1300, epoch: 7 | loss: 0.1422801
	speed: 0.0240s/iter; left time: 186.0009s
	iters: 1400, epoch: 7 | loss: 0.0654668
	speed: 0.0240s/iter; left time: 183.4795s
	iters: 1500, epoch: 7 | loss: 0.2659076
	speed: 0.0240s/iter; left time: 181.3361s
	iters: 1600, epoch: 7 | loss: 0.1306575
	speed: 0.0240s/iter; left time: 178.7219s
	iters: 1700, epoch: 7 | loss: 0.1048252
	speed: 0.0239s/iter; left time: 175.7592s
	iters: 1800, epoch: 7 | loss: 0.1970384
	speed: 0.0246s/iter; left time: 178.4589s
	iters: 1900, epoch: 7 | loss: 0.4106472
	speed: 0.0243s/iter; left time: 173.5443s
	iters: 2000, epoch: 7 | loss: 0.1789555
	speed: 0.0221s/iter; left time: 155.9216s
	iters: 2100, epoch: 7 | loss: 0.0634333
	speed: 0.0218s/iter; left time: 151.5644s
	iters: 2200, epoch: 7 | loss: 0.6815770
	speed: 0.0223s/iter; left time: 152.5251s
Epoch: 7 cost time: 53.36680507659912
Epoch: 7, Steps: 2262 | Train Loss: 0.3207609 Vali Loss: 0.2609473 Test Loss: 0.0899251
EarlyStopping counter: 2 out of 3
Updating learning rate to 1.5625e-05
	iters: 100, epoch: 8 | loss: 0.5118262
	speed: 0.1231s/iter; left time: 823.4943s
	iters: 200, epoch: 8 | loss: 0.2742546
	speed: 0.0223s/iter; left time: 146.9770s
	iters: 300, epoch: 8 | loss: 0.1279396
	speed: 0.0212s/iter; left time: 137.7971s
	iters: 400, epoch: 8 | loss: 0.1995833
	speed: 0.0214s/iter; left time: 136.4380s
	iters: 500, epoch: 8 | loss: 0.0824385
	speed: 0.0214s/iter; left time: 134.5451s
	iters: 600, epoch: 8 | loss: 0.1520306
	speed: 0.0216s/iter; left time: 133.9228s
	iters: 700, epoch: 8 | loss: 0.3904723
	speed: 0.0218s/iter; left time: 132.8795s
	iters: 800, epoch: 8 | loss: 0.3383767
	speed: 0.0241s/iter; left time: 144.2521s
	iters: 900, epoch: 8 | loss: 0.4307074
	speed: 0.0240s/iter; left time: 141.0516s
	iters: 1000, epoch: 8 | loss: 0.1438946
	speed: 0.0238s/iter; left time: 137.9273s
	iters: 1100, epoch: 8 | loss: 0.3930657
	speed: 0.0238s/iter; left time: 135.5598s
	iters: 1200, epoch: 8 | loss: 0.1547084
	speed: 0.0241s/iter; left time: 134.7774s
	iters: 1300, epoch: 8 | loss: 0.4888497
	speed: 0.0235s/iter; left time: 129.1106s
	iters: 1400, epoch: 8 | loss: 0.1282913
	speed: 0.0262s/iter; left time: 141.3961s
	iters: 1500, epoch: 8 | loss: 0.1088646
	speed: 0.0255s/iter; left time: 135.0477s
	iters: 1600, epoch: 8 | loss: 0.5057904
	speed: 0.0241s/iter; left time: 124.9052s
	iters: 1700, epoch: 8 | loss: 0.2561196
	speed: 0.0253s/iter; left time: 128.5469s
	iters: 1800, epoch: 8 | loss: 0.2192388
	speed: 0.0239s/iter; left time: 119.3414s
	iters: 1900, epoch: 8 | loss: 0.3574697
	speed: 0.0239s/iter; left time: 116.6614s
	iters: 2000, epoch: 8 | loss: 0.0844326
	speed: 0.0260s/iter; left time: 124.6846s
	iters: 2100, epoch: 8 | loss: 0.1430883
	speed: 0.0244s/iter; left time: 114.2742s
	iters: 2200, epoch: 8 | loss: 0.1887194
	speed: 0.0248s/iter; left time: 113.5746s
Epoch: 8 cost time: 54.4250853061676
Epoch: 8, Steps: 2262 | Train Loss: 0.3175504 Vali Loss: 0.2605304 Test Loss: 0.0897605
Validation loss decreased (0.260773 --> 0.260530).  Saving model ...
Updating learning rate to 7.8125e-06
	iters: 100, epoch: 9 | loss: 0.2723682
	speed: 0.1172s/iter; left time: 518.4915s
	iters: 200, epoch: 9 | loss: 0.1749102
	speed: 0.0215s/iter; left time: 92.8064s
	iters: 300, epoch: 9 | loss: 0.1495679
	speed: 0.0212s/iter; left time: 89.4730s
	iters: 400, epoch: 9 | loss: 0.1520658
	speed: 0.0215s/iter; left time: 88.6318s
	iters: 500, epoch: 9 | loss: 0.1323774
	speed: 0.0212s/iter; left time: 85.4989s
	iters: 600, epoch: 9 | loss: 0.1364699
	speed: 0.0212s/iter; left time: 83.2768s
	iters: 700, epoch: 9 | loss: 0.7317767
	speed: 0.0205s/iter; left time: 78.5971s
	iters: 800, epoch: 9 | loss: 0.3004283
	speed: 0.0206s/iter; left time: 76.8160s
	iters: 900, epoch: 9 | loss: 0.2982160
	speed: 0.0206s/iter; left time: 74.7173s
	iters: 1000, epoch: 9 | loss: 0.1175763
	speed: 0.0205s/iter; left time: 72.3844s
	iters: 1100, epoch: 9 | loss: 0.7363577
	speed: 0.0204s/iter; left time: 69.8385s
	iters: 1200, epoch: 9 | loss: 0.1267331
	speed: 0.0203s/iter; left time: 67.6607s
	iters: 1300, epoch: 9 | loss: 6.0927181
	speed: 0.0206s/iter; left time: 66.4434s
	iters: 1400, epoch: 9 | loss: 0.1179314
	speed: 0.0214s/iter; left time: 66.8002s
	iters: 1500, epoch: 9 | loss: 0.1304288
	speed: 0.0204s/iter; left time: 61.8206s
	iters: 1600, epoch: 9 | loss: 0.2692203
	speed: 0.0208s/iter; left time: 60.8240s
	iters: 1700, epoch: 9 | loss: 0.4257265
	speed: 0.0211s/iter; left time: 59.6261s
	iters: 1800, epoch: 9 | loss: 1.7665796
	speed: 0.0207s/iter; left time: 56.2952s
	iters: 1900, epoch: 9 | loss: 0.3753749
	speed: 0.0207s/iter; left time: 54.3214s
	iters: 2000, epoch: 9 | loss: 0.1297184
	speed: 0.0206s/iter; left time: 52.1223s
	iters: 2100, epoch: 9 | loss: 0.2073540
	speed: 0.0207s/iter; left time: 50.0794s
	iters: 2200, epoch: 9 | loss: 0.1493249
	speed: 0.0205s/iter; left time: 47.6987s
Epoch: 9 cost time: 47.800455808639526
Epoch: 9, Steps: 2262 | Train Loss: 0.3164474 Vali Loss: 0.2605058 Test Loss: 0.0896966
Validation loss decreased (0.260530 --> 0.260506).  Saving model ...
Updating learning rate to 3.90625e-06
	iters: 100, epoch: 10 | loss: 0.0853675
	speed: 0.1188s/iter; left time: 256.9204s
	iters: 200, epoch: 10 | loss: 0.1447189
	speed: 0.0205s/iter; left time: 42.2593s
	iters: 300, epoch: 10 | loss: 0.1953558
	speed: 0.0205s/iter; left time: 40.2797s
	iters: 400, epoch: 10 | loss: 0.1569424
	speed: 0.0207s/iter; left time: 38.4889s
	iters: 500, epoch: 10 | loss: 0.4542288
	speed: 0.0215s/iter; left time: 37.9299s
	iters: 600, epoch: 10 | loss: 0.1408005
	speed: 0.0210s/iter; left time: 34.9334s
	iters: 700, epoch: 10 | loss: 0.1300384
	speed: 0.0219s/iter; left time: 34.2101s
	iters: 800, epoch: 10 | loss: 0.2855771
	speed: 0.0214s/iter; left time: 31.2902s
	iters: 900, epoch: 10 | loss: 0.1099094
	speed: 0.0207s/iter; left time: 28.1669s
	iters: 1000, epoch: 10 | loss: 0.1050110
	speed: 0.0210s/iter; left time: 26.5311s
	iters: 1100, epoch: 10 | loss: 0.1458699
	speed: 0.0207s/iter; left time: 24.1241s
	iters: 1200, epoch: 10 | loss: 0.2152251
	speed: 0.0206s/iter; left time: 21.9402s
	iters: 1300, epoch: 10 | loss: 0.3155089
	speed: 0.0210s/iter; left time: 20.2039s
	iters: 1400, epoch: 10 | loss: 0.2263111
	speed: 0.0210s/iter; left time: 18.1603s
	iters: 1500, epoch: 10 | loss: 0.1303834
	speed: 0.0208s/iter; left time: 15.8893s
	iters: 1600, epoch: 10 | loss: 0.2629063
	speed: 0.0203s/iter; left time: 13.4519s
	iters: 1700, epoch: 10 | loss: 0.1412627
	speed: 0.0201s/iter; left time: 11.2964s
	iters: 1800, epoch: 10 | loss: 0.1676419
	speed: 0.0205s/iter; left time: 9.5122s
	iters: 1900, epoch: 10 | loss: 0.1750594
	speed: 0.0210s/iter; left time: 7.6352s
	iters: 2000, epoch: 10 | loss: 0.1567387
	speed: 0.0218s/iter; left time: 5.7313s
	iters: 2100, epoch: 10 | loss: 0.2086631
	speed: 0.0214s/iter; left time: 3.4935s
	iters: 2200, epoch: 10 | loss: 0.1386289
	speed: 0.0233s/iter; left time: 1.4706s
Epoch: 10 cost time: 48.4060275554657
Epoch: 10, Steps: 2262 | Train Loss: 0.3169031 Vali Loss: 0.2606320 Test Loss: 0.0896898
EarlyStopping counter: 1 out of 3
Updating learning rate to 1.953125e-06
>>>>>>>testing : weather_672_24_RLinear_custom_ftM_sl672_ll48_pl24_dm512_nh8_el2_dl1_df2048_fc1_ebtimeF_dtTrue_Exp_0<<<<<<<<<<<<<<<<<<<<<<<<<<<<<<<<<
test 10516
mse:0.0897793397307396, mae:0.12540936470031738
