Args in experiment:
Namespace(activation='gelu', batch_size=16, c_out=7, checkpoints='/spo/NewbornTime/tahir098/SVF/data/Extra/checkpoints/', d_ff=2048, d_layers=1, d_model=512, data='custom', data_path='weather.csv', dec_in=7, des='Exp', devices='0,1,2,3', distil=True, do_predict=False, dropout=0.05, e_layers=2, embed='timeF', embed_type=0, enc_in=21, factor=1, features='M', freq='h', gpu=0, individual=False, is_training=1, itr=1, label_len=48, learning_rate=0.001, loss='mse', lradj='type1', model='RLinear', model_id='weather_720_24', moving_avg=25, n_heads=8, num_workers=10, output_attention=False, patience=3, pred_len=24, root_path='./dataset/', seq_len=720, target='OT', test_flop=False, train_epochs=10, train_only=False, use_amp=False, use_gpu=True, use_multi_gpu=False)
Use GPU: cuda:0
>>>>>>>start training : weather_720_24_RLinear_custom_ftM_sl720_ll48_pl24_dm512_nh8_el2_dl1_df2048_fc1_ebtimeF_dtTrue_Exp_0>>>>>>>>>>>>>>>>>>>>>>>>>>
train 36144
val 5247
test 10516
	iters: 100, epoch: 1 | loss: 0.3643580
	speed: 0.0259s/iter; left time: 581.7733s
	iters: 200, epoch: 1 | loss: 0.2464232
	speed: 0.0217s/iter; left time: 486.6429s
	iters: 300, epoch: 1 | loss: 0.2125612
	speed: 0.0222s/iter; left time: 494.7947s
	iters: 400, epoch: 1 | loss: 0.3975763
	speed: 0.0216s/iter; left time: 479.9147s
	iters: 500, epoch: 1 | loss: 0.1697976
	speed: 0.0216s/iter; left time: 476.1878s
	iters: 600, epoch: 1 | loss: 0.2909913
	speed: 0.0215s/iter; left time: 473.6078s
	iters: 700, epoch: 1 | loss: 0.2286504
	speed: 0.0204s/iter; left time: 446.1662s
	iters: 800, epoch: 1 | loss: 0.4288917
	speed: 0.0205s/iter; left time: 446.8418s
	iters: 900, epoch: 1 | loss: 0.3287224
	speed: 0.0207s/iter; left time: 448.6643s
	iters: 1000, epoch: 1 | loss: 0.1381526
	speed: 0.0204s/iter; left time: 440.3331s
	iters: 1100, epoch: 1 | loss: 0.2893565
	speed: 0.0209s/iter; left time: 448.7368s
	iters: 1200, epoch: 1 | loss: 0.2430267
	speed: 0.0204s/iter; left time: 435.5163s
	iters: 1300, epoch: 1 | loss: 0.2751143
	speed: 0.0203s/iter; left time: 431.8210s
	iters: 1400, epoch: 1 | loss: 0.1795929
	speed: 0.0203s/iter; left time: 430.0780s
	iters: 1500, epoch: 1 | loss: 0.2419176
	speed: 0.0204s/iter; left time: 431.1679s
	iters: 1600, epoch: 1 | loss: 0.2040293
	speed: 0.0201s/iter; left time: 422.5428s
	iters: 1700, epoch: 1 | loss: 0.5125685
	speed: 0.0203s/iter; left time: 423.6981s
	iters: 1800, epoch: 1 | loss: 1.3211143
	speed: 0.0204s/iter; left time: 424.6134s
	iters: 1900, epoch: 1 | loss: 0.3711812
	speed: 0.0203s/iter; left time: 420.7191s
	iters: 2000, epoch: 1 | loss: 0.2259677
	speed: 0.0203s/iter; left time: 417.8101s
	iters: 2100, epoch: 1 | loss: 0.2613857
	speed: 0.0205s/iter; left time: 419.1238s
	iters: 2200, epoch: 1 | loss: 0.4924799
	speed: 0.0202s/iter; left time: 411.0310s
Epoch: 1 cost time: 47.37074422836304
Epoch: 1, Steps: 2259 | Train Loss: 0.3971761 Vali Loss: 0.2962699 Test Loss: 0.1009899
Validation loss decreased (inf --> 0.296270).  Saving model ...
Updating learning rate to 0.001
	iters: 100, epoch: 2 | loss: 0.2514170
	speed: 0.1119s/iter; left time: 2263.1394s
	iters: 200, epoch: 2 | loss: 0.1491102
	speed: 0.0202s/iter; left time: 406.8930s
	iters: 300, epoch: 2 | loss: 1.1167251
	speed: 0.0203s/iter; left time: 406.9209s
	iters: 400, epoch: 2 | loss: 0.0972426
	speed: 0.0207s/iter; left time: 412.5228s
	iters: 500, epoch: 2 | loss: 0.1983695
	speed: 0.0209s/iter; left time: 414.0524s
	iters: 600, epoch: 2 | loss: 0.1722201
	speed: 0.0204s/iter; left time: 401.5857s
	iters: 700, epoch: 2 | loss: 0.2845460
	speed: 0.0212s/iter; left time: 416.6796s
	iters: 800, epoch: 2 | loss: 0.3752648
	speed: 0.0211s/iter; left time: 412.4586s
	iters: 900, epoch: 2 | loss: 0.1690881
	speed: 0.0204s/iter; left time: 395.6218s
	iters: 1000, epoch: 2 | loss: 0.1383632
	speed: 0.0209s/iter; left time: 403.8582s
	iters: 1100, epoch: 2 | loss: 1.7414017
	speed: 0.0199s/iter; left time: 383.5466s
	iters: 1200, epoch: 2 | loss: 0.2391762
	speed: 0.0197s/iter; left time: 376.5819s
	iters: 1300, epoch: 2 | loss: 0.5685920
	speed: 0.0200s/iter; left time: 381.1246s
	iters: 1400, epoch: 2 | loss: 2.5676155
	speed: 0.0202s/iter; left time: 381.5982s
	iters: 1500, epoch: 2 | loss: 0.3851782
	speed: 0.0200s/iter; left time: 376.4452s
	iters: 1600, epoch: 2 | loss: 0.1604127
	speed: 0.0205s/iter; left time: 384.2881s
	iters: 1700, epoch: 2 | loss: 0.2111972
	speed: 0.0199s/iter; left time: 370.4542s
	iters: 1800, epoch: 2 | loss: 0.1913747
	speed: 0.0204s/iter; left time: 378.1136s
	iters: 1900, epoch: 2 | loss: 0.1017413
	speed: 0.0213s/iter; left time: 392.3255s
	iters: 2000, epoch: 2 | loss: 0.2081367
	speed: 0.0201s/iter; left time: 368.3652s
	iters: 2100, epoch: 2 | loss: 0.5509323
	speed: 0.0215s/iter; left time: 392.4624s
	iters: 2200, epoch: 2 | loss: 0.1819809
	speed: 0.0201s/iter; left time: 364.6285s
Epoch: 2 cost time: 46.866857290267944
Epoch: 2, Steps: 2259 | Train Loss: 0.5105737 Vali Loss: 0.3018154 Test Loss: 0.1018387
EarlyStopping counter: 1 out of 3
Updating learning rate to 0.0005
	iters: 100, epoch: 3 | loss: 6.5619364
	speed: 0.1090s/iter; left time: 1959.3722s
	iters: 200, epoch: 3 | loss: 1.0647514
	speed: 0.0206s/iter; left time: 367.5253s
	iters: 300, epoch: 3 | loss: 0.1293348
	speed: 0.0199s/iter; left time: 354.0912s
	iters: 400, epoch: 3 | loss: 0.1407357
	speed: 0.0200s/iter; left time: 353.1965s
	iters: 500, epoch: 3 | loss: 0.2161217
	speed: 0.0204s/iter; left time: 358.2779s
	iters: 600, epoch: 3 | loss: 0.1895914
	speed: 0.0200s/iter; left time: 349.0868s
	iters: 700, epoch: 3 | loss: 0.1739842
	speed: 0.0216s/iter; left time: 376.1027s
	iters: 800, epoch: 3 | loss: 0.1712670
	speed: 0.0212s/iter; left time: 366.5665s
	iters: 900, epoch: 3 | loss: 0.4302925
	speed: 0.0206s/iter; left time: 353.0040s
	iters: 1000, epoch: 3 | loss: 0.5873501
	speed: 0.0201s/iter; left time: 343.1283s
	iters: 1100, epoch: 3 | loss: 0.1783601
	speed: 0.0196s/iter; left time: 333.0031s
	iters: 1200, epoch: 3 | loss: 0.1394367
	speed: 0.0198s/iter; left time: 333.2483s
	iters: 1300, epoch: 3 | loss: 0.1571402
	speed: 0.0198s/iter; left time: 332.5832s
	iters: 1400, epoch: 3 | loss: 0.9748349
	speed: 0.0207s/iter; left time: 344.7754s
	iters: 1500, epoch: 3 | loss: 0.1911669
	speed: 0.0208s/iter; left time: 344.2428s
	iters: 1600, epoch: 3 | loss: 0.1371952
	speed: 0.0212s/iter; left time: 349.7416s
	iters: 1700, epoch: 3 | loss: 0.1241259
	speed: 0.0202s/iter; left time: 330.5189s
	iters: 1800, epoch: 3 | loss: 1.0250098
	speed: 0.0206s/iter; left time: 335.1469s
	iters: 1900, epoch: 3 | loss: 0.1292185
	speed: 0.0204s/iter; left time: 330.0395s
	iters: 2000, epoch: 3 | loss: 0.2059377
	speed: 0.0200s/iter; left time: 321.8580s
	iters: 2100, epoch: 3 | loss: 0.1398467
	speed: 0.0198s/iter; left time: 316.7284s
	iters: 2200, epoch: 3 | loss: 0.2211863
	speed: 0.0202s/iter; left time: 320.7406s
Epoch: 3 cost time: 46.752636432647705
Epoch: 3, Steps: 2259 | Train Loss: 0.4016763 Vali Loss: 0.2735659 Test Loss: 0.0938641
Validation loss decreased (0.296270 --> 0.273566).  Saving model ...
Updating learning rate to 0.00025
	iters: 100, epoch: 4 | loss: 0.3871249
	speed: 0.1100s/iter; left time: 1728.3259s
	iters: 200, epoch: 4 | loss: 0.3161157
	speed: 0.0207s/iter; left time: 322.5714s
	iters: 300, epoch: 4 | loss: 1.3163484
	speed: 0.0220s/iter; left time: 342.0553s
	iters: 400, epoch: 4 | loss: 0.1010845
	speed: 0.0202s/iter; left time: 311.9341s
	iters: 500, epoch: 4 | loss: 0.1071795
	speed: 0.0201s/iter; left time: 307.3199s
	iters: 600, epoch: 4 | loss: 0.5490817
	speed: 0.0201s/iter; left time: 305.0778s
	iters: 700, epoch: 4 | loss: 0.1827209
	speed: 0.0196s/iter; left time: 295.5183s
	iters: 800, epoch: 4 | loss: 0.2706503
	speed: 0.0200s/iter; left time: 299.9194s
	iters: 900, epoch: 4 | loss: 0.5029581
	speed: 0.0212s/iter; left time: 315.5866s
	iters: 1000, epoch: 4 | loss: 0.6611892
	speed: 0.0210s/iter; left time: 310.6963s
	iters: 1100, epoch: 4 | loss: 0.1991150
	speed: 0.0212s/iter; left time: 312.5168s
	iters: 1200, epoch: 4 | loss: 1.5177671
	speed: 0.0203s/iter; left time: 296.1272s
	iters: 1300, epoch: 4 | loss: 0.1334876
	speed: 0.0201s/iter; left time: 292.1685s
	iters: 1400, epoch: 4 | loss: 0.6589746
	speed: 0.0211s/iter; left time: 303.8202s
	iters: 1500, epoch: 4 | loss: 0.1104188
	speed: 0.0205s/iter; left time: 293.8441s
	iters: 1600, epoch: 4 | loss: 0.1951988
	speed: 0.0198s/iter; left time: 281.3844s
	iters: 1700, epoch: 4 | loss: 1.4462481
	speed: 0.0195s/iter; left time: 275.7104s
	iters: 1800, epoch: 4 | loss: 0.1470682
	speed: 0.0196s/iter; left time: 275.0891s
	iters: 1900, epoch: 4 | loss: 0.1405571
	speed: 0.0200s/iter; left time: 278.9702s
	iters: 2000, epoch: 4 | loss: 0.1816882
	speed: 0.0203s/iter; left time: 279.8433s
	iters: 2100, epoch: 4 | loss: 0.2569695
	speed: 0.0207s/iter; left time: 283.8991s
	iters: 2200, epoch: 4 | loss: 0.1713481
	speed: 0.0203s/iter; left time: 275.9122s
Epoch: 4 cost time: 46.66975927352905
Epoch: 4, Steps: 2259 | Train Loss: 0.3598058 Vali Loss: 0.2668268 Test Loss: 0.0919622
Validation loss decreased (0.273566 --> 0.266827).  Saving model ...
Updating learning rate to 0.000125
	iters: 100, epoch: 5 | loss: 0.5835136
	speed: 0.1108s/iter; left time: 1491.2083s
	iters: 200, epoch: 5 | loss: 0.2341428
	speed: 0.0203s/iter; left time: 270.4802s
	iters: 300, epoch: 5 | loss: 0.1328607
	speed: 0.0204s/iter; left time: 270.2544s
	iters: 400, epoch: 5 | loss: 0.1342383
	speed: 0.0201s/iter; left time: 264.8027s
	iters: 500, epoch: 5 | loss: 0.3617631
	speed: 0.0192s/iter; left time: 250.6352s
	iters: 600, epoch: 5 | loss: 0.1578854
	speed: 0.0203s/iter; left time: 263.5721s
	iters: 700, epoch: 5 | loss: 0.4407244
	speed: 0.0199s/iter; left time: 255.2985s
	iters: 800, epoch: 5 | loss: 0.5402690
	speed: 0.0217s/iter; left time: 276.7189s
	iters: 900, epoch: 5 | loss: 0.3929329
	speed: 0.0234s/iter; left time: 296.2986s
	iters: 1000, epoch: 5 | loss: 0.1298314
	speed: 0.0207s/iter; left time: 259.3950s
	iters: 1100, epoch: 5 | loss: 0.1539627
	speed: 0.0191s/iter; left time: 237.8746s
	iters: 1200, epoch: 5 | loss: 1.1562828
	speed: 0.0198s/iter; left time: 244.8914s
	iters: 1300, epoch: 5 | loss: 0.4777831
	speed: 0.0205s/iter; left time: 250.6899s
	iters: 1400, epoch: 5 | loss: 0.2497275
	speed: 0.0202s/iter; left time: 245.8709s
	iters: 1500, epoch: 5 | loss: 0.2235084
	speed: 0.0201s/iter; left time: 241.9044s
	iters: 1600, epoch: 5 | loss: 0.1848637
	speed: 0.0202s/iter; left time: 241.1228s
	iters: 1700, epoch: 5 | loss: 0.0912701
	speed: 0.0210s/iter; left time: 248.6167s
	iters: 1800, epoch: 5 | loss: 0.1412757
	speed: 0.0209s/iter; left time: 245.6652s
	iters: 1900, epoch: 5 | loss: 0.2195137
	speed: 0.0206s/iter; left time: 240.3630s
	iters: 2000, epoch: 5 | loss: 0.2324242
	speed: 0.0200s/iter; left time: 231.1553s
	iters: 2100, epoch: 5 | loss: 0.1524334
	speed: 0.0210s/iter; left time: 240.2425s
	iters: 2200, epoch: 5 | loss: 0.2507694
	speed: 0.0210s/iter; left time: 238.1412s
Epoch: 5 cost time: 46.96649360656738
Epoch: 5, Steps: 2259 | Train Loss: 0.3419381 Vali Loss: 0.2635953 Test Loss: 0.0906317
Validation loss decreased (0.266827 --> 0.263595).  Saving model ...
Updating learning rate to 6.25e-05
	iters: 100, epoch: 6 | loss: 0.2966434
	speed: 0.1082s/iter; left time: 1211.5221s
	iters: 200, epoch: 6 | loss: 0.1404383
	speed: 0.0218s/iter; left time: 242.4339s
	iters: 300, epoch: 6 | loss: 0.2384956
	speed: 0.0220s/iter; left time: 242.3761s
	iters: 400, epoch: 6 | loss: 0.1062626
	speed: 0.0225s/iter; left time: 245.3035s
	iters: 500, epoch: 6 | loss: 0.2826563
	speed: 0.0216s/iter; left time: 233.4946s
	iters: 600, epoch: 6 | loss: 0.2302301
	speed: 0.0200s/iter; left time: 213.9122s
	iters: 700, epoch: 6 | loss: 0.2819148
	speed: 0.0192s/iter; left time: 203.4669s
	iters: 800, epoch: 6 | loss: 0.2701366
	speed: 0.0189s/iter; left time: 198.3969s
	iters: 900, epoch: 6 | loss: 0.9394242
	speed: 0.0194s/iter; left time: 201.4322s
	iters: 1000, epoch: 6 | loss: 0.1765376
	speed: 0.0193s/iter; left time: 198.5414s
	iters: 1100, epoch: 6 | loss: 0.1409418
	speed: 0.0195s/iter; left time: 198.7415s
	iters: 1200, epoch: 6 | loss: 0.1392583
	speed: 0.0192s/iter; left time: 193.6772s
	iters: 1300, epoch: 6 | loss: 0.1507659
	speed: 0.0187s/iter; left time: 187.3542s
	iters: 1400, epoch: 6 | loss: 0.1037146
	speed: 0.0194s/iter; left time: 192.3326s
	iters: 1500, epoch: 6 | loss: 0.2199420
	speed: 0.0193s/iter; left time: 188.6433s
	iters: 1600, epoch: 6 | loss: 0.1834014
	speed: 0.0195s/iter; left time: 189.5128s
	iters: 1700, epoch: 6 | loss: 0.2035582
	speed: 0.0194s/iter; left time: 185.8083s
	iters: 1800, epoch: 6 | loss: 0.1538850
	speed: 0.0196s/iter; left time: 186.2885s
	iters: 1900, epoch: 6 | loss: 0.1387508
	speed: 0.0196s/iter; left time: 184.2936s
	iters: 2000, epoch: 6 | loss: 0.2284698
	speed: 0.0194s/iter; left time: 180.7271s
	iters: 2100, epoch: 6 | loss: 0.0994460
	speed: 0.0220s/iter; left time: 202.3046s
	iters: 2200, epoch: 6 | loss: 0.2279736
	speed: 0.0218s/iter; left time: 197.9251s
Epoch: 6 cost time: 46.23546552658081
Epoch: 6, Steps: 2259 | Train Loss: 0.3333016 Vali Loss: 0.2617721 Test Loss: 0.0897726
Validation loss decreased (0.263595 --> 0.261772).  Saving model ...
Updating learning rate to 3.125e-05
	iters: 100, epoch: 7 | loss: 0.1830681
	speed: 0.1091s/iter; left time: 974.8988s
	iters: 200, epoch: 7 | loss: 0.5234051
	speed: 0.0210s/iter; left time: 185.8243s
	iters: 300, epoch: 7 | loss: 0.2257999
	speed: 0.0208s/iter; left time: 181.7151s
	iters: 400, epoch: 7 | loss: 0.2642210
	speed: 0.0208s/iter; left time: 179.9939s
	iters: 500, epoch: 7 | loss: 0.0802394
	speed: 0.0202s/iter; left time: 172.6694s
	iters: 600, epoch: 7 | loss: 0.1562139
	speed: 0.0212s/iter; left time: 179.2474s
	iters: 700, epoch: 7 | loss: 0.4005807
	speed: 0.0203s/iter; left time: 169.4860s
	iters: 800, epoch: 7 | loss: 0.2290362
	speed: 0.0200s/iter; left time: 165.0974s
	iters: 900, epoch: 7 | loss: 0.1938047
	speed: 0.0203s/iter; left time: 164.8843s
	iters: 1000, epoch: 7 | loss: 1.7061501
	speed: 0.0206s/iter; left time: 165.8389s
	iters: 1100, epoch: 7 | loss: 0.4781393
	speed: 0.0200s/iter; left time: 159.0257s
	iters: 1200, epoch: 7 | loss: 0.2504344
	speed: 0.0212s/iter; left time: 166.1475s
	iters: 1300, epoch: 7 | loss: 0.1542265
	speed: 0.0209s/iter; left time: 161.9590s
	iters: 1400, epoch: 7 | loss: 0.1563898
	speed: 0.0202s/iter; left time: 154.4669s
	iters: 1500, epoch: 7 | loss: 0.3123716
	speed: 0.0199s/iter; left time: 149.8578s
	iters: 1600, epoch: 7 | loss: 0.1471832
	speed: 0.0202s/iter; left time: 150.2121s
	iters: 1700, epoch: 7 | loss: 0.2506025
	speed: 0.0206s/iter; left time: 151.1296s
	iters: 1800, epoch: 7 | loss: 0.1796540
	speed: 0.0207s/iter; left time: 149.5262s
	iters: 1900, epoch: 7 | loss: 0.4100020
	speed: 0.0199s/iter; left time: 142.2770s
	iters: 2000, epoch: 7 | loss: 0.5947879
	speed: 0.0204s/iter; left time: 143.7659s
	iters: 2100, epoch: 7 | loss: 0.1432380
	speed: 0.0204s/iter; left time: 141.6310s
	iters: 2200, epoch: 7 | loss: 0.1121768
	speed: 0.0194s/iter; left time: 132.5754s
Epoch: 7 cost time: 46.79895567893982
Epoch: 7, Steps: 2259 | Train Loss: 0.3303371 Vali Loss: 0.2609876 Test Loss: 0.0898377
Validation loss decreased (0.261772 --> 0.260988).  Saving model ...
Updating learning rate to 1.5625e-05
	iters: 100, epoch: 8 | loss: 0.1217491
	speed: 0.1099s/iter; left time: 733.6971s
	iters: 200, epoch: 8 | loss: 0.2696657
	speed: 0.0198s/iter; left time: 130.4154s
	iters: 300, epoch: 8 | loss: 0.1309002
	speed: 0.0198s/iter; left time: 128.4359s
	iters: 400, epoch: 8 | loss: 0.1042520
	speed: 0.0203s/iter; left time: 129.1659s
	iters: 500, epoch: 8 | loss: 0.1368991
	speed: 0.0203s/iter; left time: 127.1670s
	iters: 600, epoch: 8 | loss: 0.1548029
	speed: 0.0202s/iter; left time: 125.0650s
	iters: 700, epoch: 8 | loss: 0.2137888
	speed: 0.0202s/iter; left time: 122.5001s
	iters: 800, epoch: 8 | loss: 0.1580296
	speed: 0.0204s/iter; left time: 121.7541s
	iters: 900, epoch: 8 | loss: 0.1868738
	speed: 0.0204s/iter; left time: 120.0885s
	iters: 1000, epoch: 8 | loss: 0.2402279
	speed: 0.0203s/iter; left time: 117.4202s
	iters: 1100, epoch: 8 | loss: 0.2416655
	speed: 0.0203s/iter; left time: 115.0819s
	iters: 1200, epoch: 8 | loss: 0.4211712
	speed: 0.0204s/iter; left time: 113.8907s
	iters: 1300, epoch: 8 | loss: 0.1130110
	speed: 0.0204s/iter; left time: 111.9061s
	iters: 1400, epoch: 8 | loss: 0.1267240
	speed: 0.0200s/iter; left time: 107.5233s
	iters: 1500, epoch: 8 | loss: 0.3317194
	speed: 0.0201s/iter; left time: 105.9628s
	iters: 1600, epoch: 8 | loss: 0.4735828
	speed: 0.0201s/iter; left time: 103.9721s
	iters: 1700, epoch: 8 | loss: 0.5077828
	speed: 0.0202s/iter; left time: 102.7310s
	iters: 1800, epoch: 8 | loss: 0.1456006
	speed: 0.0203s/iter; left time: 101.0173s
	iters: 1900, epoch: 8 | loss: 0.3309475
	speed: 0.0210s/iter; left time: 102.5428s
	iters: 2000, epoch: 8 | loss: 0.6337046
	speed: 0.0201s/iter; left time: 96.0902s
	iters: 2100, epoch: 8 | loss: 0.1462113
	speed: 0.0210s/iter; left time: 98.0965s
	iters: 2200, epoch: 8 | loss: 0.1547351
	speed: 0.0222s/iter; left time: 101.5991s
Epoch: 8 cost time: 46.972904443740845
Epoch: 8, Steps: 2259 | Train Loss: 0.3285189 Vali Loss: 0.2604043 Test Loss: 0.0895474
Validation loss decreased (0.260988 --> 0.260404).  Saving model ...
Updating learning rate to 7.8125e-06
	iters: 100, epoch: 9 | loss: 0.1146706
	speed: 0.1153s/iter; left time: 509.6796s
	iters: 200, epoch: 9 | loss: 0.2939523
	speed: 0.0211s/iter; left time: 91.2126s
	iters: 300, epoch: 9 | loss: 0.1505048
	speed: 0.0212s/iter; left time: 89.3116s
	iters: 400, epoch: 9 | loss: 0.5621465
	speed: 0.0210s/iter; left time: 86.6270s
	iters: 500, epoch: 9 | loss: 0.2411222
	speed: 0.0205s/iter; left time: 82.3447s
	iters: 600, epoch: 9 | loss: 0.3487516
	speed: 0.0206s/iter; left time: 80.7320s
	iters: 700, epoch: 9 | loss: 0.2494097
	speed: 0.0194s/iter; left time: 73.9972s
	iters: 800, epoch: 9 | loss: 0.4099064
	speed: 0.0193s/iter; left time: 71.9505s
	iters: 900, epoch: 9 | loss: 0.1937514
	speed: 0.0189s/iter; left time: 68.5480s
	iters: 1000, epoch: 9 | loss: 0.1085497
	speed: 0.0188s/iter; left time: 66.0120s
	iters: 1100, epoch: 9 | loss: 0.2370118
	speed: 0.0189s/iter; left time: 64.7212s
	iters: 1200, epoch: 9 | loss: 0.1299356
	speed: 0.0189s/iter; left time: 62.6501s
	iters: 1300, epoch: 9 | loss: 0.0855139
	speed: 0.0196s/iter; left time: 62.9481s
	iters: 1400, epoch: 9 | loss: 0.1126105
	speed: 0.0199s/iter; left time: 62.2065s
	iters: 1500, epoch: 9 | loss: 0.6333382
	speed: 0.0196s/iter; left time: 59.2155s
	iters: 1600, epoch: 9 | loss: 0.4086370
	speed: 0.0194s/iter; left time: 56.5211s
	iters: 1700, epoch: 9 | loss: 0.0658013
	speed: 0.0206s/iter; left time: 58.1064s
	iters: 1800, epoch: 9 | loss: 0.1254215
	speed: 0.0214s/iter; left time: 58.3127s
	iters: 1900, epoch: 9 | loss: 0.4491734
	speed: 0.0204s/iter; left time: 53.3063s
	iters: 2000, epoch: 9 | loss: 0.1501704
	speed: 0.0204s/iter; left time: 51.3139s
	iters: 2100, epoch: 9 | loss: 0.2044132
	speed: 0.0205s/iter; left time: 49.6425s
	iters: 2200, epoch: 9 | loss: 0.1096207
	speed: 0.0203s/iter; left time: 46.9824s
Epoch: 9 cost time: 46.007150173187256
Epoch: 9, Steps: 2259 | Train Loss: 0.3250145 Vali Loss: 0.2600072 Test Loss: 0.0895032
Validation loss decreased (0.260404 --> 0.260007).  Saving model ...
Updating learning rate to 3.90625e-06
	iters: 100, epoch: 10 | loss: 0.4513314
	speed: 0.1102s/iter; left time: 238.0534s
	iters: 200, epoch: 10 | loss: 7.1244569
	speed: 0.0204s/iter; left time: 42.1247s
	iters: 300, epoch: 10 | loss: 0.2211195
	speed: 0.0214s/iter; left time: 41.8643s
	iters: 400, epoch: 10 | loss: 0.1140361
	speed: 0.0224s/iter; left time: 41.6493s
	iters: 500, epoch: 10 | loss: 0.1753364
	speed: 0.0214s/iter; left time: 37.7509s
	iters: 600, epoch: 10 | loss: 0.2295360
	speed: 0.0205s/iter; left time: 34.0249s
	iters: 700, epoch: 10 | loss: 0.2214886
	speed: 0.0203s/iter; left time: 31.7083s
	iters: 800, epoch: 10 | loss: 0.1900375
	speed: 0.0205s/iter; left time: 29.9661s
	iters: 900, epoch: 10 | loss: 0.2575659
	speed: 0.0201s/iter; left time: 27.3126s
	iters: 1000, epoch: 10 | loss: 0.2207907
	speed: 0.0202s/iter; left time: 25.4515s
	iters: 1100, epoch: 10 | loss: 0.6523622
	speed: 0.0202s/iter; left time: 23.4369s
	iters: 1200, epoch: 10 | loss: 0.2024654
	speed: 0.0201s/iter; left time: 21.3232s
	iters: 1300, epoch: 10 | loss: 0.7892872
	speed: 0.0204s/iter; left time: 19.5454s
	iters: 1400, epoch: 10 | loss: 0.0955671
	speed: 0.0200s/iter; left time: 17.1682s
	iters: 1500, epoch: 10 | loss: 0.1146304
	speed: 0.0202s/iter; left time: 15.3702s
	iters: 1600, epoch: 10 | loss: 0.3553011
	speed: 0.0200s/iter; left time: 13.2124s
	iters: 1700, epoch: 10 | loss: 0.2722728
	speed: 0.0199s/iter; left time: 11.1415s
	iters: 1800, epoch: 10 | loss: 0.1140623
	speed: 0.0200s/iter; left time: 9.1785s
	iters: 1900, epoch: 10 | loss: 0.2455170
	speed: 0.0199s/iter; left time: 7.1794s
	iters: 2000, epoch: 10 | loss: 0.3052772
	speed: 0.0199s/iter; left time: 5.1748s
	iters: 2100, epoch: 10 | loss: 0.0916918
	speed: 0.0199s/iter; left time: 3.1804s
	iters: 2200, epoch: 10 | loss: 0.1571178
	speed: 0.0203s/iter; left time: 1.2171s
Epoch: 10 cost time: 46.67604041099548
Epoch: 10, Steps: 2259 | Train Loss: 0.3271957 Vali Loss: 0.2597103 Test Loss: 0.0894658
Validation loss decreased (0.260007 --> 0.259710).  Saving model ...
Updating learning rate to 1.953125e-06
>>>>>>>testing : weather_720_24_RLinear_custom_ftM_sl720_ll48_pl24_dm512_nh8_el2_dl1_df2048_fc1_ebtimeF_dtTrue_Exp_0<<<<<<<<<<<<<<<<<<<<<<<<<<<<<<<<<
test 10516
mse:0.08954174071550369, mae:0.12514454126358032
