Args in experiment:
Namespace(activation='gelu', batch_size=16, c_out=7, checkpoints='/spo/NewbornTime/tahir098/SVF/data/Extra/checkpoints/', d_ff=2048, d_layers=1, d_model=512, data='custom', data_path='weather.csv', dec_in=7, des='Exp', devices='0,1,2,3', distil=True, do_predict=False, dropout=0.05, e_layers=2, embed='timeF', embed_type=0, enc_in=21, factor=1, features='M', freq='h', gpu=0, individual=False, is_training=1, itr=1, label_len=48, learning_rate=0.001, loss='mse', lradj='type1', model='RLinear', model_id='weather_72_24', moving_avg=25, n_heads=8, num_workers=10, output_attention=False, patience=3, pred_len=24, root_path='./dataset/', seq_len=72, target='OT', test_flop=False, train_epochs=10, train_only=False, use_amp=False, use_gpu=True, use_multi_gpu=False)
Use GPU: cuda:0
>>>>>>>start training : weather_72_24_RLinear_custom_ftM_sl72_ll48_pl24_dm512_nh8_el2_dl1_df2048_fc1_ebtimeF_dtTrue_Exp_0>>>>>>>>>>>>>>>>>>>>>>>>>>
train 36792
val 5247
test 10516
	iters: 100, epoch: 1 | loss: 1.9083843
	speed: 0.0260s/iter; left time: 596.0492s
	iters: 200, epoch: 1 | loss: 0.1762653
	speed: 0.0196s/iter; left time: 446.5740s
	iters: 300, epoch: 1 | loss: 0.2787930
	speed: 0.0197s/iter; left time: 446.6211s
	iters: 400, epoch: 1 | loss: 0.4215012
	speed: 0.0197s/iter; left time: 446.0271s
	iters: 500, epoch: 1 | loss: 0.2671862
	speed: 0.0198s/iter; left time: 446.0439s
	iters: 600, epoch: 1 | loss: 0.1557383
	speed: 0.0198s/iter; left time: 443.8251s
	iters: 700, epoch: 1 | loss: 0.2301636
	speed: 0.0227s/iter; left time: 505.7773s
	iters: 800, epoch: 1 | loss: 0.1391435
	speed: 0.0227s/iter; left time: 503.1306s
	iters: 900, epoch: 1 | loss: 1.3797320
	speed: 0.0208s/iter; left time: 459.0776s
	iters: 1000, epoch: 1 | loss: 0.4542636
	speed: 0.0196s/iter; left time: 430.7605s
	iters: 1100, epoch: 1 | loss: 0.2374122
	speed: 0.0195s/iter; left time: 427.2304s
	iters: 1200, epoch: 1 | loss: 6.8341618
	speed: 0.0200s/iter; left time: 435.2703s
	iters: 1300, epoch: 1 | loss: 0.2393169
	speed: 0.0194s/iter; left time: 421.6002s
	iters: 1400, epoch: 1 | loss: 0.5767588
	speed: 0.0194s/iter; left time: 418.3486s
	iters: 1500, epoch: 1 | loss: 0.2490525
	speed: 0.0196s/iter; left time: 420.4959s
	iters: 1600, epoch: 1 | loss: 1.6090900
	speed: 0.0194s/iter; left time: 415.1575s
	iters: 1700, epoch: 1 | loss: 0.1609798
	speed: 0.0194s/iter; left time: 412.9042s
	iters: 1800, epoch: 1 | loss: 0.1816077
	speed: 0.0231s/iter; left time: 488.5863s
	iters: 1900, epoch: 1 | loss: 0.2276328
	speed: 0.0231s/iter; left time: 487.7324s
	iters: 2000, epoch: 1 | loss: 0.5566161
	speed: 0.0199s/iter; left time: 416.7095s
	iters: 2100, epoch: 1 | loss: 0.1563993
	speed: 0.0194s/iter; left time: 405.4088s
	iters: 2200, epoch: 1 | loss: 6.4178371
	speed: 0.0194s/iter; left time: 402.4351s
Epoch: 1 cost time: 47.251110315322876
Epoch: 1, Steps: 2299 | Train Loss: 0.3922418 Vali Loss: 0.3011097 Test Loss: 0.1058521
Validation loss decreased (inf --> 0.301110).  Saving model ...
Updating learning rate to 0.001
	iters: 100, epoch: 2 | loss: 0.2008952
	speed: 0.1077s/iter; left time: 2216.9336s
	iters: 200, epoch: 2 | loss: 5.1447115
	speed: 0.0200s/iter; left time: 410.0397s
	iters: 300, epoch: 2 | loss: 0.2633874
	speed: 0.0202s/iter; left time: 411.7744s
	iters: 400, epoch: 2 | loss: 0.1755973
	speed: 0.0201s/iter; left time: 408.3617s
	iters: 500, epoch: 2 | loss: 0.2721650
	speed: 0.0209s/iter; left time: 421.5269s
	iters: 600, epoch: 2 | loss: 0.1938019
	speed: 0.0235s/iter; left time: 472.7054s
	iters: 700, epoch: 2 | loss: 0.3556375
	speed: 0.0237s/iter; left time: 474.2576s
	iters: 800, epoch: 2 | loss: 0.4236624
	speed: 0.0223s/iter; left time: 443.8490s
	iters: 900, epoch: 2 | loss: 0.6454735
	speed: 0.0194s/iter; left time: 383.9005s
	iters: 1000, epoch: 2 | loss: 0.3324592
	speed: 0.0195s/iter; left time: 383.8925s
	iters: 1100, epoch: 2 | loss: 0.1854588
	speed: 0.0194s/iter; left time: 380.5436s
	iters: 1200, epoch: 2 | loss: 0.2846498
	speed: 0.0194s/iter; left time: 378.1696s
	iters: 1300, epoch: 2 | loss: 0.1800182
	speed: 0.0196s/iter; left time: 379.3767s
	iters: 1400, epoch: 2 | loss: 0.1898566
	speed: 0.0196s/iter; left time: 377.4540s
	iters: 1500, epoch: 2 | loss: 0.2389707
	speed: 0.0195s/iter; left time: 374.4468s
	iters: 1600, epoch: 2 | loss: 0.2162549
	speed: 0.0197s/iter; left time: 375.6955s
	iters: 1700, epoch: 2 | loss: 0.4506062
	speed: 0.0194s/iter; left time: 369.0143s
	iters: 1800, epoch: 2 | loss: 0.1886086
	speed: 0.0194s/iter; left time: 365.9248s
	iters: 1900, epoch: 2 | loss: 0.2796822
	speed: 0.0194s/iter; left time: 364.7404s
	iters: 2000, epoch: 2 | loss: 0.2965315
	speed: 0.0195s/iter; left time: 363.8385s
	iters: 2100, epoch: 2 | loss: 0.3372027
	speed: 0.0197s/iter; left time: 365.6261s
	iters: 2200, epoch: 2 | loss: 0.2453215
	speed: 0.0203s/iter; left time: 375.9378s
Epoch: 2 cost time: 47.10653352737427
Epoch: 2, Steps: 2299 | Train Loss: 0.3615463 Vali Loss: 0.3010137 Test Loss: 0.1063525
Validation loss decreased (0.301110 --> 0.301014).  Saving model ...
Updating learning rate to 0.0005
	iters: 100, epoch: 3 | loss: 0.2231324
	speed: 0.1084s/iter; left time: 1983.7294s
	iters: 200, epoch: 3 | loss: 0.1575362
	speed: 0.0192s/iter; left time: 348.5051s
	iters: 300, epoch: 3 | loss: 0.6885185
	speed: 0.0196s/iter; left time: 354.4251s
	iters: 400, epoch: 3 | loss: 0.1460668
	speed: 0.0203s/iter; left time: 364.5033s
	iters: 500, epoch: 3 | loss: 0.1554492
	speed: 0.0201s/iter; left time: 360.0005s
	iters: 600, epoch: 3 | loss: 0.2341764
	speed: 0.0198s/iter; left time: 351.4909s
	iters: 700, epoch: 3 | loss: 0.4515273
	speed: 0.0189s/iter; left time: 334.8908s
	iters: 800, epoch: 3 | loss: 0.2071324
	speed: 0.0198s/iter; left time: 347.9411s
	iters: 900, epoch: 3 | loss: 0.2465872
	speed: 0.0207s/iter; left time: 361.5099s
	iters: 1000, epoch: 3 | loss: 0.3261388
	speed: 0.0202s/iter; left time: 351.5021s
	iters: 1100, epoch: 3 | loss: 0.1433344
	speed: 0.0189s/iter; left time: 326.9555s
	iters: 1200, epoch: 3 | loss: 0.4139290
	speed: 0.0186s/iter; left time: 319.2412s
	iters: 1300, epoch: 3 | loss: 0.2804335
	speed: 0.0185s/iter; left time: 315.6689s
	iters: 1400, epoch: 3 | loss: 0.2409004
	speed: 0.0185s/iter; left time: 314.0723s
	iters: 1500, epoch: 3 | loss: 0.1505159
	speed: 0.0191s/iter; left time: 323.0166s
	iters: 1600, epoch: 3 | loss: 0.1332935
	speed: 0.0195s/iter; left time: 328.2081s
	iters: 1700, epoch: 3 | loss: 0.2183311
	speed: 0.0189s/iter; left time: 315.5141s
	iters: 1800, epoch: 3 | loss: 0.1025530
	speed: 0.0190s/iter; left time: 316.0295s
	iters: 1900, epoch: 3 | loss: 0.3048677
	speed: 0.0206s/iter; left time: 339.3370s
	iters: 2000, epoch: 3 | loss: 0.1735755
	speed: 0.0204s/iter; left time: 335.1129s
	iters: 2100, epoch: 3 | loss: 0.2238610
	speed: 0.0205s/iter; left time: 334.5325s
	iters: 2200, epoch: 3 | loss: 0.2335283
	speed: 0.0205s/iter; left time: 332.1935s
Epoch: 3 cost time: 45.9292356967926
Epoch: 3, Steps: 2299 | Train Loss: 0.3501281 Vali Loss: 0.3006068 Test Loss: 0.1054430
Validation loss decreased (0.301014 --> 0.300607).  Saving model ...
Updating learning rate to 0.00025
	iters: 100, epoch: 4 | loss: 0.1922086
	speed: 0.1083s/iter; left time: 1731.8996s
	iters: 200, epoch: 4 | loss: 0.1455213
	speed: 0.0200s/iter; left time: 318.5103s
	iters: 300, epoch: 4 | loss: 0.1146880
	speed: 0.0200s/iter; left time: 315.1360s
	iters: 400, epoch: 4 | loss: 0.1139315
	speed: 0.0197s/iter; left time: 309.3152s
	iters: 500, epoch: 4 | loss: 0.1874609
	speed: 0.0197s/iter; left time: 307.7297s
	iters: 600, epoch: 4 | loss: 0.2864601
	speed: 0.0196s/iter; left time: 303.1442s
	iters: 700, epoch: 4 | loss: 0.2993918
	speed: 0.0197s/iter; left time: 302.9428s
	iters: 800, epoch: 4 | loss: 0.2860800
	speed: 0.0197s/iter; left time: 301.9815s
	iters: 900, epoch: 4 | loss: 0.4357318
	speed: 0.0197s/iter; left time: 300.0613s
	iters: 1000, epoch: 4 | loss: 0.3301224
	speed: 0.0199s/iter; left time: 300.7349s
	iters: 1100, epoch: 4 | loss: 0.2905878
	speed: 0.0201s/iter; left time: 300.9865s
	iters: 1200, epoch: 4 | loss: 0.1695512
	speed: 0.0197s/iter; left time: 292.6730s
	iters: 1300, epoch: 4 | loss: 0.1809431
	speed: 0.0194s/iter; left time: 287.6529s
	iters: 1400, epoch: 4 | loss: 0.3713108
	speed: 0.0197s/iter; left time: 288.9783s
	iters: 1500, epoch: 4 | loss: 0.1401179
	speed: 0.0195s/iter; left time: 284.2597s
	iters: 1600, epoch: 4 | loss: 0.7118781
	speed: 0.0193s/iter; left time: 280.2477s
	iters: 1700, epoch: 4 | loss: 0.0995716
	speed: 0.0197s/iter; left time: 283.4604s
	iters: 1800, epoch: 4 | loss: 0.2161692
	speed: 0.0203s/iter; left time: 289.7011s
	iters: 1900, epoch: 4 | loss: 0.1777780
	speed: 0.0207s/iter; left time: 293.9192s
	iters: 2000, epoch: 4 | loss: 0.1377829
	speed: 0.0206s/iter; left time: 290.5447s
	iters: 2100, epoch: 4 | loss: 0.2134293
	speed: 0.0203s/iter; left time: 283.5586s
	iters: 2200, epoch: 4 | loss: 0.1959662
	speed: 0.0201s/iter; left time: 279.1048s
Epoch: 4 cost time: 46.29083585739136
Epoch: 4, Steps: 2299 | Train Loss: 0.3457876 Vali Loss: 0.2985123 Test Loss: 0.1044288
Validation loss decreased (0.300607 --> 0.298512).  Saving model ...
Updating learning rate to 0.000125
	iters: 100, epoch: 5 | loss: 0.2215459
	speed: 0.1068s/iter; left time: 1462.7012s
	iters: 200, epoch: 5 | loss: 0.5568178
	speed: 0.0189s/iter; left time: 256.5733s
	iters: 300, epoch: 5 | loss: 0.3167991
	speed: 0.0189s/iter; left time: 255.2547s
	iters: 400, epoch: 5 | loss: 0.2700723
	speed: 0.0187s/iter; left time: 250.6431s
	iters: 500, epoch: 5 | loss: 0.1646562
	speed: 0.0187s/iter; left time: 249.2335s
	iters: 600, epoch: 5 | loss: 0.1739804
	speed: 0.0185s/iter; left time: 243.7203s
	iters: 700, epoch: 5 | loss: 0.1725965
	speed: 0.0185s/iter; left time: 242.2998s
	iters: 800, epoch: 5 | loss: 0.1883622
	speed: 0.0185s/iter; left time: 240.7480s
	iters: 900, epoch: 5 | loss: 0.2989300
	speed: 0.0186s/iter; left time: 239.4489s
	iters: 1000, epoch: 5 | loss: 0.2823745
	speed: 0.0186s/iter; left time: 238.0815s
	iters: 1100, epoch: 5 | loss: 0.1821115
	speed: 0.0191s/iter; left time: 242.1681s
	iters: 1200, epoch: 5 | loss: 0.3735413
	speed: 0.0202s/iter; left time: 254.9637s
	iters: 1300, epoch: 5 | loss: 0.1312633
	speed: 0.0204s/iter; left time: 254.5278s
	iters: 1400, epoch: 5 | loss: 0.1851811
	speed: 0.0205s/iter; left time: 254.2014s
	iters: 1500, epoch: 5 | loss: 0.2149372
	speed: 0.0203s/iter; left time: 249.4177s
	iters: 1600, epoch: 5 | loss: 0.3686267
	speed: 0.0204s/iter; left time: 248.3252s
	iters: 1700, epoch: 5 | loss: 0.5215673
	speed: 0.0204s/iter; left time: 246.3459s
	iters: 1800, epoch: 5 | loss: 0.2513303
	speed: 0.0205s/iter; left time: 245.7675s
	iters: 1900, epoch: 5 | loss: 0.1818779
	speed: 0.0205s/iter; left time: 243.8310s
	iters: 2000, epoch: 5 | loss: 0.2381481
	speed: 0.0203s/iter; left time: 239.4217s
	iters: 2100, epoch: 5 | loss: 0.3158032
	speed: 0.0199s/iter; left time: 233.2622s
	iters: 2200, epoch: 5 | loss: 0.1789339
	speed: 0.0199s/iter; left time: 230.7693s
Epoch: 5 cost time: 45.70372247695923
Epoch: 5, Steps: 2299 | Train Loss: 0.3449947 Vali Loss: 0.2992347 Test Loss: 0.1045783
EarlyStopping counter: 1 out of 3
Updating learning rate to 6.25e-05
	iters: 100, epoch: 6 | loss: 0.2063743
	speed: 0.1118s/iter; left time: 1273.5230s
	iters: 200, epoch: 6 | loss: 0.2255815
	speed: 0.0200s/iter; left time: 226.0554s
	iters: 300, epoch: 6 | loss: 0.1984359
	speed: 0.0197s/iter; left time: 220.3123s
	iters: 400, epoch: 6 | loss: 0.1824962
	speed: 0.0196s/iter; left time: 217.2825s
	iters: 500, epoch: 6 | loss: 0.1919573
	speed: 0.0196s/iter; left time: 215.4257s
	iters: 600, epoch: 6 | loss: 0.1913051
	speed: 0.0172s/iter; left time: 187.9414s
	iters: 700, epoch: 6 | loss: 0.1584569
	speed: 0.0159s/iter; left time: 171.3625s
	iters: 800, epoch: 6 | loss: 0.1557835
	speed: 0.0156s/iter; left time: 167.3548s
	iters: 900, epoch: 6 | loss: 0.2443701
	speed: 0.0156s/iter; left time: 165.4825s
	iters: 1000, epoch: 6 | loss: 0.1537907
	speed: 0.0185s/iter; left time: 193.7597s
	iters: 1100, epoch: 6 | loss: 0.1327499
	speed: 0.0191s/iter; left time: 198.1667s
	iters: 1200, epoch: 6 | loss: 0.1631626
	speed: 0.0215s/iter; left time: 221.0018s
	iters: 1300, epoch: 6 | loss: 0.1344972
	speed: 0.0190s/iter; left time: 193.4749s
	iters: 1400, epoch: 6 | loss: 0.1066765
	speed: 0.0188s/iter; left time: 189.9519s
	iters: 1500, epoch: 6 | loss: 0.2230109
	speed: 0.0191s/iter; left time: 190.8822s
	iters: 1600, epoch: 6 | loss: 0.1101743
	speed: 0.0186s/iter; left time: 183.7088s
	iters: 1700, epoch: 6 | loss: 0.2064878
	speed: 0.0187s/iter; left time: 183.5904s
	iters: 1800, epoch: 6 | loss: 0.2535978
	speed: 0.0212s/iter; left time: 205.3250s
	iters: 1900, epoch: 6 | loss: 0.2731303
	speed: 0.0223s/iter; left time: 214.2958s
	iters: 2000, epoch: 6 | loss: 0.2191325
	speed: 0.0222s/iter; left time: 210.7872s
	iters: 2100, epoch: 6 | loss: 0.2194355
	speed: 0.0225s/iter; left time: 211.0960s
	iters: 2200, epoch: 6 | loss: 0.1261810
	speed: 0.0226s/iter; left time: 209.6836s
Epoch: 6 cost time: 45.673099756240845
Epoch: 6, Steps: 2299 | Train Loss: 0.3430542 Vali Loss: 0.2984826 Test Loss: 0.1049026
Validation loss decreased (0.298512 --> 0.298483).  Saving model ...
Updating learning rate to 3.125e-05
	iters: 100, epoch: 7 | loss: 0.1746556
	speed: 0.1126s/iter; left time: 1024.4275s
	iters: 200, epoch: 7 | loss: 0.4853129
	speed: 0.0227s/iter; left time: 204.2615s
	iters: 300, epoch: 7 | loss: 0.1790682
	speed: 0.0228s/iter; left time: 202.9059s
	iters: 400, epoch: 7 | loss: 0.3856993
	speed: 0.0228s/iter; left time: 200.6302s
	iters: 500, epoch: 7 | loss: 0.2384549
	speed: 0.0227s/iter; left time: 197.7420s
	iters: 600, epoch: 7 | loss: 0.2264351
	speed: 0.0207s/iter; left time: 178.0153s
	iters: 700, epoch: 7 | loss: 0.2346948
	speed: 0.0205s/iter; left time: 173.8082s
	iters: 800, epoch: 7 | loss: 0.1912612
	speed: 0.0203s/iter; left time: 170.1734s
	iters: 900, epoch: 7 | loss: 0.1830490
	speed: 0.0204s/iter; left time: 168.8550s
	iters: 1000, epoch: 7 | loss: 0.2412357
	speed: 0.0205s/iter; left time: 167.9808s
	iters: 1100, epoch: 7 | loss: 0.1276178
	speed: 0.0199s/iter; left time: 161.1082s
	iters: 1200, epoch: 7 | loss: 0.2559311
	speed: 0.0196s/iter; left time: 156.8757s
	iters: 1300, epoch: 7 | loss: 0.2297156
	speed: 0.0190s/iter; left time: 149.8650s
	iters: 1400, epoch: 7 | loss: 0.1777396
	speed: 0.0189s/iter; left time: 147.2004s
	iters: 1500, epoch: 7 | loss: 0.1671071
	speed: 0.0202s/iter; left time: 155.5991s
	iters: 1600, epoch: 7 | loss: 0.3102069
	speed: 0.0200s/iter; left time: 152.1171s
	iters: 1700, epoch: 7 | loss: 0.1981701
	speed: 0.0203s/iter; left time: 152.1996s
	iters: 1800, epoch: 7 | loss: 0.2763372
	speed: 0.0202s/iter; left time: 149.1333s
	iters: 1900, epoch: 7 | loss: 0.1390595
	speed: 0.0202s/iter; left time: 147.2535s
	iters: 2000, epoch: 7 | loss: 0.2169572
	speed: 0.0203s/iter; left time: 145.8355s
	iters: 2100, epoch: 7 | loss: 0.3441231
	speed: 0.0199s/iter; left time: 141.4162s
	iters: 2200, epoch: 7 | loss: 0.2318327
	speed: 0.0200s/iter; left time: 139.8525s
Epoch: 7 cost time: 48.15395951271057
Epoch: 7, Steps: 2299 | Train Loss: 0.3434112 Vali Loss: 0.2978392 Test Loss: 0.1046808
Validation loss decreased (0.298483 --> 0.297839).  Saving model ...
Updating learning rate to 1.5625e-05
	iters: 100, epoch: 8 | loss: 0.4748919
	speed: 0.1123s/iter; left time: 763.1993s
	iters: 200, epoch: 8 | loss: 0.3756436
	speed: 0.0231s/iter; left time: 154.8724s
	iters: 300, epoch: 8 | loss: 0.2192806
	speed: 0.0238s/iter; left time: 156.7350s
	iters: 400, epoch: 8 | loss: 0.1447910
	speed: 0.0236s/iter; left time: 153.3434s
	iters: 500, epoch: 8 | loss: 1.3669671
	speed: 0.0238s/iter; left time: 152.2194s
	iters: 600, epoch: 8 | loss: 0.5683037
	speed: 0.0203s/iter; left time: 127.8274s
	iters: 700, epoch: 8 | loss: 0.2231159
	speed: 0.0204s/iter; left time: 126.2814s
	iters: 800, epoch: 8 | loss: 0.1501831
	speed: 0.0202s/iter; left time: 123.0253s
	iters: 900, epoch: 8 | loss: 0.1776866
	speed: 0.0204s/iter; left time: 122.2007s
	iters: 1000, epoch: 8 | loss: 0.3201911
	speed: 0.0203s/iter; left time: 119.7991s
	iters: 1100, epoch: 8 | loss: 0.1490725
	speed: 0.0201s/iter; left time: 116.3431s
	iters: 1200, epoch: 8 | loss: 0.6918628
	speed: 0.0198s/iter; left time: 112.7197s
	iters: 1300, epoch: 8 | loss: 0.2139255
	speed: 0.0198s/iter; left time: 110.7542s
	iters: 1400, epoch: 8 | loss: 0.1810426
	speed: 0.0197s/iter; left time: 108.1191s
	iters: 1500, epoch: 8 | loss: 0.1430652
	speed: 0.0191s/iter; left time: 103.0911s
	iters: 1600, epoch: 8 | loss: 0.1840240
	speed: 0.0188s/iter; left time: 99.6752s
	iters: 1700, epoch: 8 | loss: 0.2040444
	speed: 0.0190s/iter; left time: 98.8419s
	iters: 1800, epoch: 8 | loss: 0.1179422
	speed: 0.0189s/iter; left time: 96.4012s
	iters: 1900, epoch: 8 | loss: 0.1936597
	speed: 0.0190s/iter; left time: 94.7445s
	iters: 2000, epoch: 8 | loss: 0.2071322
	speed: 0.0188s/iter; left time: 91.9884s
	iters: 2100, epoch: 8 | loss: 0.2730302
	speed: 0.0195s/iter; left time: 93.7442s
	iters: 2200, epoch: 8 | loss: 0.2373557
	speed: 0.0197s/iter; left time: 92.3396s
Epoch: 8 cost time: 47.471243143081665
Epoch: 8, Steps: 2299 | Train Loss: 0.3417940 Vali Loss: 0.2979161 Test Loss: 0.1047010
EarlyStopping counter: 1 out of 3
Updating learning rate to 7.8125e-06
	iters: 100, epoch: 9 | loss: 0.1880349
	speed: 0.1076s/iter; left time: 484.1101s
	iters: 200, epoch: 9 | loss: 0.4808511
	speed: 0.0188s/iter; left time: 82.8912s
	iters: 300, epoch: 9 | loss: 5.9553347
	speed: 0.0189s/iter; left time: 81.1656s
	iters: 400, epoch: 9 | loss: 0.2491320
	speed: 0.0161s/iter; left time: 67.4212s
	iters: 500, epoch: 9 | loss: 0.2349636
	speed: 0.0163s/iter; left time: 66.7611s
	iters: 600, epoch: 9 | loss: 0.2582824
	speed: 0.0162s/iter; left time: 64.5945s
	iters: 700, epoch: 9 | loss: 0.2664268
	speed: 0.0165s/iter; left time: 64.3156s
	iters: 800, epoch: 9 | loss: 0.2745434
	speed: 0.0188s/iter; left time: 71.5114s
	iters: 900, epoch: 9 | loss: 0.1511903
	speed: 0.0189s/iter; left time: 69.9827s
	iters: 1000, epoch: 9 | loss: 0.1638498
	speed: 0.0188s/iter; left time: 67.6024s
	iters: 1100, epoch: 9 | loss: 0.2251100
	speed: 0.0194s/iter; left time: 67.8661s
	iters: 1200, epoch: 9 | loss: 0.1461233
	speed: 0.0192s/iter; left time: 65.2668s
	iters: 1300, epoch: 9 | loss: 0.1553868
	speed: 0.0193s/iter; left time: 63.7186s
	iters: 1400, epoch: 9 | loss: 0.1818838
	speed: 0.0191s/iter; left time: 61.0896s
	iters: 1500, epoch: 9 | loss: 0.4151216
	speed: 0.0189s/iter; left time: 58.6720s
	iters: 1600, epoch: 9 | loss: 0.2653280
	speed: 0.0189s/iter; left time: 56.6989s
	iters: 1700, epoch: 9 | loss: 0.2837377
	speed: 0.0189s/iter; left time: 54.8642s
	iters: 1800, epoch: 9 | loss: 1.4434646
	speed: 0.0190s/iter; left time: 53.2712s
	iters: 1900, epoch: 9 | loss: 0.2803901
	speed: 0.0191s/iter; left time: 51.6388s
	iters: 2000, epoch: 9 | loss: 0.3785842
	speed: 0.0189s/iter; left time: 49.2449s
	iters: 2100, epoch: 9 | loss: 0.1431036
	speed: 0.0191s/iter; left time: 47.6779s
	iters: 2200, epoch: 9 | loss: 0.2381844
	speed: 0.0191s/iter; left time: 45.8136s
Epoch: 9 cost time: 43.36720895767212
Epoch: 9, Steps: 2299 | Train Loss: 0.3424665 Vali Loss: 0.2981949 Test Loss: 0.1046797
EarlyStopping counter: 2 out of 3
Updating learning rate to 3.90625e-06
	iters: 100, epoch: 10 | loss: 0.1539209
	speed: 0.1041s/iter; left time: 229.1198s
	iters: 200, epoch: 10 | loss: 0.5266728
	speed: 0.0197s/iter; left time: 41.3051s
	iters: 300, epoch: 10 | loss: 0.2434801
	speed: 0.0198s/iter; left time: 39.5344s
	iters: 400, epoch: 10 | loss: 0.6229278
	speed: 0.0199s/iter; left time: 37.7868s
	iters: 500, epoch: 10 | loss: 0.1509468
	speed: 0.0195s/iter; left time: 35.1523s
	iters: 600, epoch: 10 | loss: 0.2379850
	speed: 0.0197s/iter; left time: 33.5675s
	iters: 700, epoch: 10 | loss: 0.3120584
	speed: 0.0201s/iter; left time: 32.1470s
	iters: 800, epoch: 10 | loss: 0.2924937
	speed: 0.0202s/iter; left time: 30.3126s
	iters: 900, epoch: 10 | loss: 0.2450142
	speed: 0.0208s/iter; left time: 29.1028s
	iters: 1000, epoch: 10 | loss: 0.2063693
	speed: 0.0231s/iter; left time: 30.0439s
	iters: 1100, epoch: 10 | loss: 0.2018547
	speed: 0.0231s/iter; left time: 27.7106s
	iters: 1200, epoch: 10 | loss: 0.1880137
	speed: 0.0231s/iter; left time: 25.3903s
	iters: 1300, epoch: 10 | loss: 0.2566012
	speed: 0.0231s/iter; left time: 23.1232s
	iters: 1400, epoch: 10 | loss: 0.2196921
	speed: 0.0222s/iter; left time: 19.9806s
	iters: 1500, epoch: 10 | loss: 0.1797797
	speed: 0.0223s/iter; left time: 17.8466s
	iters: 1600, epoch: 10 | loss: 0.2132806
	speed: 0.0225s/iter; left time: 15.7190s
	iters: 1700, epoch: 10 | loss: 0.4228587
	speed: 0.0228s/iter; left time: 13.6965s
	iters: 1800, epoch: 10 | loss: 0.4367437
	speed: 0.0227s/iter; left time: 11.3313s
	iters: 1900, epoch: 10 | loss: 0.2653703
	speed: 0.0221s/iter; left time: 8.8397s
	iters: 2000, epoch: 10 | loss: 0.1848029
	speed: 0.0224s/iter; left time: 6.7234s
	iters: 2100, epoch: 10 | loss: 0.2982995
	speed: 0.0230s/iter; left time: 4.6003s
	iters: 2200, epoch: 10 | loss: 0.3364318
	speed: 0.0226s/iter; left time: 2.2642s
Epoch: 10 cost time: 50.21366882324219
Epoch: 10, Steps: 2299 | Train Loss: 0.3430029 Vali Loss: 0.2982376 Test Loss: 0.1046811
EarlyStopping counter: 3 out of 3
Early stopping
>>>>>>>testing : weather_72_24_RLinear_custom_ftM_sl72_ll48_pl24_dm512_nh8_el2_dl1_df2048_fc1_ebtimeF_dtTrue_Exp_0<<<<<<<<<<<<<<<<<<<<<<<<<<<<<<<<<
test 10516
mse:0.1047913208603859, mae:0.14023616909980774
