Args in experiment:
Namespace(activation='gelu', batch_size=16, c_out=7, checkpoints='/spo/NewbornTime/tahir098/SVF/data/Extra/checkpoints/', d_ff=2048, d_layers=1, d_model=512, data='custom', data_path='traffic.csv', dec_in=7, des='Exp', devices='0,1,2,3', distil=True, do_predict=False, dropout=0.05, e_layers=2, embed='timeF', embed_type=0, enc_in=862, factor=1, features='M', freq='h', gpu=0, individual=False, is_training=1, itr=1, label_len=48, learning_rate=0.001, loss='mse', lradj='type1', model='DLinear', model_id='traffic_672_24', moving_avg=25, n_heads=8, num_workers=10, output_attention=False, patience=3, pred_len=24, root_path='./dataset/', seq_len=672, target='OT', test_flop=False, train_epochs=10, train_only=False, use_amp=False, use_gpu=True, use_multi_gpu=False)
Use GPU: cuda:0
>>>>>>>start training : traffic_672_24_DLinear_custom_ftM_sl672_ll48_pl24_dm512_nh8_el2_dl1_df2048_fc1_ebtimeF_dtTrue_Exp_0>>>>>>>>>>>>>>>>>>>>>>>>>>
train 11585
val 1733
test 3485
	iters: 100, epoch: 1 | loss: 0.2349716
	speed: 0.0462s/iter; left time: 329.9199s
	iters: 200, epoch: 1 | loss: 0.1908135
	speed: 0.0352s/iter; left time: 247.9654s
	iters: 300, epoch: 1 | loss: 0.2363849
	speed: 0.0344s/iter; left time: 238.4562s
	iters: 400, epoch: 1 | loss: 0.2836111
	speed: 0.0345s/iter; left time: 235.9435s
	iters: 500, epoch: 1 | loss: 0.2436878
	speed: 0.0356s/iter; left time: 240.1571s
	iters: 600, epoch: 1 | loss: 0.2404202
	speed: 0.0351s/iter; left time: 232.7977s
	iters: 700, epoch: 1 | loss: 0.2286038
	speed: 0.0363s/iter; left time: 237.2631s
Epoch: 1 cost time: 26.65979290008545
Epoch: 1, Steps: 724 | Train Loss: 0.2570631 Vali Loss: 0.3219564 Test Loss: 0.3691714
Validation loss decreased (inf --> 0.321956).  Saving model ...
Updating learning rate to 0.001
	iters: 100, epoch: 2 | loss: 0.2419054
	speed: 0.1872s/iter; left time: 1201.5467s
	iters: 200, epoch: 2 | loss: 0.2554327
	speed: 0.0337s/iter; left time: 212.8264s
	iters: 300, epoch: 2 | loss: 0.1797118
	speed: 0.0325s/iter; left time: 202.0618s
	iters: 400, epoch: 2 | loss: 0.2526952
	speed: 0.0358s/iter; left time: 218.9894s
	iters: 500, epoch: 2 | loss: 0.2234304
	speed: 0.0331s/iter; left time: 199.1251s
	iters: 600, epoch: 2 | loss: 0.1911970
	speed: 0.0331s/iter; left time: 196.0232s
	iters: 700, epoch: 2 | loss: 0.2199345
	speed: 0.0349s/iter; left time: 203.2812s
Epoch: 2 cost time: 25.4866042137146
Epoch: 2, Steps: 724 | Train Loss: 0.2266658 Vali Loss: 0.3143637 Test Loss: 0.3617270
Validation loss decreased (0.321956 --> 0.314364).  Saving model ...
Updating learning rate to 0.0005
	iters: 100, epoch: 3 | loss: 0.2232469
	speed: 0.1798s/iter; left time: 1023.8279s
	iters: 200, epoch: 3 | loss: 0.2623357
	speed: 0.0360s/iter; left time: 201.0821s
	iters: 300, epoch: 3 | loss: 0.2415027
	speed: 0.0369s/iter; left time: 202.7994s
	iters: 400, epoch: 3 | loss: 0.2497464
	speed: 0.0342s/iter; left time: 184.4813s
	iters: 500, epoch: 3 | loss: 0.2685811
	speed: 0.0375s/iter; left time: 198.2372s
	iters: 600, epoch: 3 | loss: 0.2075946
	speed: 0.0345s/iter; left time: 179.2276s
	iters: 700, epoch: 3 | loss: 0.2761460
	speed: 0.0350s/iter; left time: 178.4348s
Epoch: 3 cost time: 26.55920958518982
Epoch: 3, Steps: 724 | Train Loss: 0.2201811 Vali Loss: 0.3103295 Test Loss: 0.3561937
Validation loss decreased (0.314364 --> 0.310329).  Saving model ...
Updating learning rate to 0.00025
	iters: 100, epoch: 4 | loss: 0.2425995
	speed: 0.1906s/iter; left time: 947.0482s
	iters: 200, epoch: 4 | loss: 0.2353965
	speed: 0.0344s/iter; left time: 167.5953s
	iters: 300, epoch: 4 | loss: 0.2030763
	speed: 0.0350s/iter; left time: 167.0930s
	iters: 400, epoch: 4 | loss: 0.2436967
	speed: 0.0349s/iter; left time: 162.9820s
	iters: 500, epoch: 4 | loss: 0.2505057
	speed: 0.0351s/iter; left time: 160.3239s
	iters: 600, epoch: 4 | loss: 0.2076665
	speed: 0.0351s/iter; left time: 157.0395s
	iters: 700, epoch: 4 | loss: 0.1611287
	speed: 0.0356s/iter; left time: 155.3583s
Epoch: 4 cost time: 26.3567054271698
Epoch: 4, Steps: 724 | Train Loss: 0.2175442 Vali Loss: 0.3082134 Test Loss: 0.3541243
Validation loss decreased (0.310329 --> 0.308213).  Saving model ...
Updating learning rate to 0.000125
	iters: 100, epoch: 5 | loss: 0.2094520
	speed: 0.1852s/iter; left time: 786.1238s
	iters: 200, epoch: 5 | loss: 0.1667378
	speed: 0.0362s/iter; left time: 149.8523s
	iters: 300, epoch: 5 | loss: 0.2148245
	speed: 0.0358s/iter; left time: 144.9573s
	iters: 400, epoch: 5 | loss: 0.2473288
	speed: 0.0350s/iter; left time: 138.2027s
	iters: 500, epoch: 5 | loss: 0.1608957
	speed: 0.0345s/iter; left time: 132.6103s
	iters: 600, epoch: 5 | loss: 0.2163961
	speed: 0.0350s/iter; left time: 130.8951s
	iters: 700, epoch: 5 | loss: 0.2180783
	speed: 0.0348s/iter; left time: 126.8632s
Epoch: 5 cost time: 26.397951364517212
Epoch: 5, Steps: 724 | Train Loss: 0.2162132 Vali Loss: 0.3060828 Test Loss: 0.3509868
Validation loss decreased (0.308213 --> 0.306083).  Saving model ...
Updating learning rate to 6.25e-05
	iters: 100, epoch: 6 | loss: 0.2222266
	speed: 0.1848s/iter; left time: 650.5532s
	iters: 200, epoch: 6 | loss: 0.2927521
	speed: 0.0356s/iter; left time: 121.6991s
	iters: 300, epoch: 6 | loss: 0.1837771
	speed: 0.0353s/iter; left time: 117.3759s
	iters: 400, epoch: 6 | loss: 0.1769104
	speed: 0.0344s/iter; left time: 110.7625s
	iters: 500, epoch: 6 | loss: 0.2388862
	speed: 0.0354s/iter; left time: 110.3811s
	iters: 600, epoch: 6 | loss: 0.2476046
	speed: 0.0336s/iter; left time: 101.5271s
	iters: 700, epoch: 6 | loss: 0.2027888
	speed: 0.0351s/iter; left time: 102.4635s
Epoch: 6 cost time: 26.212793588638306
Epoch: 6, Steps: 724 | Train Loss: 0.2153240 Vali Loss: 0.3057491 Test Loss: 0.3503347
Validation loss decreased (0.306083 --> 0.305749).  Saving model ...
Updating learning rate to 3.125e-05
	iters: 100, epoch: 7 | loss: 0.2181334
	speed: 0.1851s/iter; left time: 517.6683s
	iters: 200, epoch: 7 | loss: 0.2901003
	speed: 0.0345s/iter; left time: 92.9235s
	iters: 300, epoch: 7 | loss: 0.1940306
	speed: 0.0336s/iter; left time: 87.1643s
	iters: 400, epoch: 7 | loss: 0.2189713
	speed: 0.0355s/iter; left time: 88.7151s
	iters: 500, epoch: 7 | loss: 0.1806155
	speed: 0.0366s/iter; left time: 87.7058s
	iters: 600, epoch: 7 | loss: 0.1906320
	speed: 0.0343s/iter; left time: 78.7092s
	iters: 700, epoch: 7 | loss: 0.2255566
	speed: 0.0334s/iter; left time: 73.3240s
Epoch: 7 cost time: 26.045414209365845
Epoch: 7, Steps: 724 | Train Loss: 0.2149797 Vali Loss: 0.3054931 Test Loss: 0.3499891
Validation loss decreased (0.305749 --> 0.305493).  Saving model ...
Updating learning rate to 1.5625e-05
	iters: 100, epoch: 8 | loss: 0.1984748
	speed: 0.1929s/iter; left time: 399.9032s
	iters: 200, epoch: 8 | loss: 0.2431782
	speed: 0.0352s/iter; left time: 69.4471s
	iters: 300, epoch: 8 | loss: 0.2956868
	speed: 0.0337s/iter; left time: 63.1208s
	iters: 400, epoch: 8 | loss: 0.2139083
	speed: 0.0373s/iter; left time: 66.0876s
	iters: 500, epoch: 8 | loss: 0.1833044
	speed: 0.0361s/iter; left time: 60.4628s
	iters: 600, epoch: 8 | loss: 0.2263668
	speed: 0.0360s/iter; left time: 56.6686s
	iters: 700, epoch: 8 | loss: 0.2159174
	speed: 0.0354s/iter; left time: 52.0782s
Epoch: 8 cost time: 26.477059841156006
Epoch: 8, Steps: 724 | Train Loss: 0.2147299 Vali Loss: 0.3055264 Test Loss: 0.3495859
EarlyStopping counter: 1 out of 3
Updating learning rate to 7.8125e-06
	iters: 100, epoch: 9 | loss: 0.2192855
	speed: 0.1872s/iter; left time: 252.4903s
	iters: 200, epoch: 9 | loss: 0.2531482
	speed: 0.0344s/iter; left time: 42.9851s
	iters: 300, epoch: 9 | loss: 0.1703140
	speed: 0.0342s/iter; left time: 39.2723s
	iters: 400, epoch: 9 | loss: 0.2255700
	speed: 0.0345s/iter; left time: 36.1629s
	iters: 500, epoch: 9 | loss: 0.3175670
	speed: 0.0336s/iter; left time: 31.8985s
	iters: 600, epoch: 9 | loss: 0.2116005
	speed: 0.0337s/iter; left time: 28.6036s
	iters: 700, epoch: 9 | loss: 0.2396715
	speed: 0.0357s/iter; left time: 26.7051s
Epoch: 9 cost time: 26.16499352455139
Epoch: 9, Steps: 724 | Train Loss: 0.2146160 Vali Loss: 0.3054499 Test Loss: 0.3496868
Validation loss decreased (0.305493 --> 0.305450).  Saving model ...
Updating learning rate to 3.90625e-06
	iters: 100, epoch: 10 | loss: 0.3152163
	speed: 0.1899s/iter; left time: 118.7085s
	iters: 200, epoch: 10 | loss: 0.3098015
	speed: 0.0352s/iter; left time: 18.4949s
	iters: 300, epoch: 10 | loss: 0.2199127
	speed: 0.0367s/iter; left time: 15.6113s
	iters: 400, epoch: 10 | loss: 0.1894635
	speed: 0.0350s/iter; left time: 11.3717s
	iters: 500, epoch: 10 | loss: 0.2428668
	speed: 0.0362s/iter; left time: 8.1357s
	iters: 600, epoch: 10 | loss: 0.2230571
	speed: 0.0345s/iter; left time: 4.3184s
	iters: 700, epoch: 10 | loss: 0.3141993
	speed: 0.0349s/iter; left time: 0.8732s
Epoch: 10 cost time: 27.00544500350952
Epoch: 10, Steps: 724 | Train Loss: 0.2145484 Vali Loss: 0.3053108 Test Loss: 0.3496808
Validation loss decreased (0.305450 --> 0.305311).  Saving model ...
Updating learning rate to 1.953125e-06
>>>>>>>testing : traffic_672_24_DLinear_custom_ftM_sl672_ll48_pl24_dm512_nh8_el2_dl1_df2048_fc1_ebtimeF_dtTrue_Exp_0<<<<<<<<<<<<<<<<<<<<<<<<<<<<<<<<<
test 3485
mse:0.34980931878089905, mae:0.256658136844635
