Args in experiment:
Namespace(activation='gelu', batch_size=16, c_out=7, checkpoints='/spo/NewbornTime/tahir098/SVF/data/Extra/checkpoints/', d_ff=2048, d_layers=1, d_model=512, data='custom', data_path='traffic.csv', dec_in=7, des='Exp', devices='0,1,2,3', distil=True, do_predict=False, dropout=0.05, e_layers=2, embed='timeF', embed_type=0, enc_in=862, factor=1, features='M', freq='h', gpu=0, individual=False, is_training=1, itr=1, label_len=48, learning_rate=0.001, loss='mse', lradj='type1', model='DLinear', model_id='traffic_168_24', moving_avg=25, n_heads=8, num_workers=10, output_attention=False, patience=3, pred_len=24, root_path='./dataset/', seq_len=168, target='OT', test_flop=False, train_epochs=10, train_only=False, use_amp=False, use_gpu=True, use_multi_gpu=False)
Use GPU: cuda:0
>>>>>>>start training : traffic_168_24_DLinear_custom_ftM_sl168_ll48_pl24_dm512_nh8_el2_dl1_df2048_fc1_ebtimeF_dtTrue_Exp_0>>>>>>>>>>>>>>>>>>>>>>>>>>
train 12089
val 1733
test 3485
	iters: 100, epoch: 1 | loss: 0.3787262
	speed: 0.0265s/iter; left time: 197.3780s
	iters: 200, epoch: 1 | loss: 0.3165489
	speed: 0.0178s/iter; left time: 130.7907s
	iters: 300, epoch: 1 | loss: 0.2815757
	speed: 0.0212s/iter; left time: 154.0043s
	iters: 400, epoch: 1 | loss: 0.2444047
	speed: 0.0183s/iter; left time: 130.7055s
	iters: 500, epoch: 1 | loss: 0.2149873
	speed: 0.0176s/iter; left time: 123.7746s
	iters: 600, epoch: 1 | loss: 0.2710339
	speed: 0.0185s/iter; left time: 128.6260s
	iters: 700, epoch: 1 | loss: 0.2247552
	speed: 0.0189s/iter; left time: 129.4732s
Epoch: 1 cost time: 14.960693597793579
Epoch: 1, Steps: 755 | Train Loss: 0.3011786 Vali Loss: 0.3548646 Test Loss: 0.4134037
Validation loss decreased (inf --> 0.354865).  Saving model ...
Updating learning rate to 0.001
	iters: 100, epoch: 2 | loss: 0.2665379
	speed: 0.1158s/iter; left time: 775.2323s
	iters: 200, epoch: 2 | loss: 0.2348880
	speed: 0.0186s/iter; left time: 122.7557s
	iters: 300, epoch: 2 | loss: 0.2383007
	speed: 0.0192s/iter; left time: 124.5790s
	iters: 400, epoch: 2 | loss: 0.2520304
	speed: 0.0203s/iter; left time: 129.7712s
	iters: 500, epoch: 2 | loss: 0.2556307
	speed: 0.0183s/iter; left time: 115.1960s
	iters: 600, epoch: 2 | loss: 0.3095669
	speed: 0.0188s/iter; left time: 116.6252s
	iters: 700, epoch: 2 | loss: 0.2373469
	speed: 0.0188s/iter; left time: 114.4075s
Epoch: 2 cost time: 15.059125185012817
Epoch: 2, Steps: 755 | Train Loss: 0.2558602 Vali Loss: 0.3505087 Test Loss: 0.4080899
Validation loss decreased (0.354865 --> 0.350509).  Saving model ...
Updating learning rate to 0.0005
	iters: 100, epoch: 3 | loss: 0.2246135
	speed: 0.1170s/iter; left time: 694.8933s
	iters: 200, epoch: 3 | loss: 0.2536012
	speed: 0.0190s/iter; left time: 110.9639s
	iters: 300, epoch: 3 | loss: 0.2568227
	speed: 0.0202s/iter; left time: 115.8227s
	iters: 400, epoch: 3 | loss: 0.2518967
	speed: 0.0192s/iter; left time: 108.3267s
	iters: 500, epoch: 3 | loss: 0.2864487
	speed: 0.0196s/iter; left time: 108.3904s
	iters: 600, epoch: 3 | loss: 0.2571710
	speed: 0.0185s/iter; left time: 100.5257s
	iters: 700, epoch: 3 | loss: 0.3022021
	speed: 0.0189s/iter; left time: 100.6873s
Epoch: 3 cost time: 15.528659105300903
Epoch: 3, Steps: 755 | Train Loss: 0.2528787 Vali Loss: 0.3480847 Test Loss: 0.4048772
Validation loss decreased (0.350509 --> 0.348085).  Saving model ...
Updating learning rate to 0.00025
	iters: 100, epoch: 4 | loss: 0.3719382
	speed: 0.1135s/iter; left time: 588.5326s
	iters: 200, epoch: 4 | loss: 0.2374054
	speed: 0.0199s/iter; left time: 101.4507s
	iters: 300, epoch: 4 | loss: 0.2112465
	speed: 0.0191s/iter; left time: 95.0584s
	iters: 400, epoch: 4 | loss: 0.2102776
	speed: 0.0188s/iter; left time: 92.0433s
	iters: 500, epoch: 4 | loss: 0.3496120
	speed: 0.0187s/iter; left time: 89.7251s
	iters: 600, epoch: 4 | loss: 0.2505834
	speed: 0.0191s/iter; left time: 89.5556s
	iters: 700, epoch: 4 | loss: 0.2347127
	speed: 0.0191s/iter; left time: 87.5796s
Epoch: 4 cost time: 15.152923107147217
Epoch: 4, Steps: 755 | Train Loss: 0.2518235 Vali Loss: 0.3464123 Test Loss: 0.4039237
Validation loss decreased (0.348085 --> 0.346412).  Saving model ...
Updating learning rate to 0.000125
	iters: 100, epoch: 5 | loss: 0.3082853
	speed: 0.1134s/iter; left time: 502.5175s
	iters: 200, epoch: 5 | loss: 0.2714136
	speed: 0.0194s/iter; left time: 84.1200s
	iters: 300, epoch: 5 | loss: 0.2605460
	speed: 0.0182s/iter; left time: 76.9133s
	iters: 400, epoch: 5 | loss: 0.2832058
	speed: 0.0192s/iter; left time: 79.2784s
	iters: 500, epoch: 5 | loss: 0.2162554
	speed: 0.0192s/iter; left time: 77.3593s
	iters: 600, epoch: 5 | loss: 0.2399109
	speed: 0.0185s/iter; left time: 72.7028s
	iters: 700, epoch: 5 | loss: 0.2561604
	speed: 0.0188s/iter; left time: 71.9704s
Epoch: 5 cost time: 15.034581661224365
Epoch: 5, Steps: 755 | Train Loss: 0.2512234 Vali Loss: 0.3467018 Test Loss: 0.4036233
EarlyStopping counter: 1 out of 3
Updating learning rate to 6.25e-05
	iters: 100, epoch: 6 | loss: 0.2514164
	speed: 0.1156s/iter; left time: 425.0866s
	iters: 200, epoch: 6 | loss: 0.2383526
	speed: 0.0193s/iter; left time: 69.0855s
	iters: 300, epoch: 6 | loss: 0.1915345
	speed: 0.0191s/iter; left time: 66.4689s
	iters: 400, epoch: 6 | loss: 0.3387022
	speed: 0.0189s/iter; left time: 63.7235s
	iters: 500, epoch: 6 | loss: 0.2243717
	speed: 0.0188s/iter; left time: 61.5836s
	iters: 600, epoch: 6 | loss: 0.2723147
	speed: 0.0188s/iter; left time: 59.8112s
	iters: 700, epoch: 6 | loss: 0.2364923
	speed: 0.0198s/iter; left time: 61.0130s
Epoch: 6 cost time: 15.348633050918579
Epoch: 6, Steps: 755 | Train Loss: 0.2509591 Vali Loss: 0.3461408 Test Loss: 0.4029529
Validation loss decreased (0.346412 --> 0.346141).  Saving model ...
Updating learning rate to 3.125e-05
	iters: 100, epoch: 7 | loss: 0.2281227
	speed: 0.1162s/iter; left time: 339.3322s
	iters: 200, epoch: 7 | loss: 0.2271801
	speed: 0.0187s/iter; left time: 52.8303s
	iters: 300, epoch: 7 | loss: 0.2577346
	speed: 0.0190s/iter; left time: 51.5985s
	iters: 400, epoch: 7 | loss: 0.2221008
	speed: 0.0186s/iter; left time: 48.7857s
	iters: 500, epoch: 7 | loss: 0.2449721
	speed: 0.0185s/iter; left time: 46.5613s
	iters: 600, epoch: 7 | loss: 0.2435016
	speed: 0.0193s/iter; left time: 46.8024s
	iters: 700, epoch: 7 | loss: 0.2324683
	speed: 0.0198s/iter; left time: 45.9400s
Epoch: 7 cost time: 15.220875978469849
Epoch: 7, Steps: 755 | Train Loss: 0.2508154 Vali Loss: 0.3461424 Test Loss: 0.4027856
EarlyStopping counter: 1 out of 3
Updating learning rate to 1.5625e-05
	iters: 100, epoch: 8 | loss: 0.2078735
	speed: 0.1170s/iter; left time: 253.3221s
	iters: 200, epoch: 8 | loss: 0.2354326
	speed: 0.0191s/iter; left time: 39.3717s
	iters: 300, epoch: 8 | loss: 0.3476556
	speed: 0.0188s/iter; left time: 36.8853s
	iters: 400, epoch: 8 | loss: 0.2637318
	speed: 0.0204s/iter; left time: 38.0967s
	iters: 500, epoch: 8 | loss: 0.2487222
	speed: 0.0197s/iter; left time: 34.8589s
	iters: 600, epoch: 8 | loss: 0.2551121
	speed: 0.0200s/iter; left time: 33.2551s
	iters: 700, epoch: 8 | loss: 0.3585212
	speed: 0.0190s/iter; left time: 29.7313s
Epoch: 8 cost time: 15.555134534835815
Epoch: 8, Steps: 755 | Train Loss: 0.2507185 Vali Loss: 0.3459873 Test Loss: 0.4027479
Validation loss decreased (0.346141 --> 0.345987).  Saving model ...
Updating learning rate to 7.8125e-06
	iters: 100, epoch: 9 | loss: 0.2486651
	speed: 0.1135s/iter; left time: 160.1948s
	iters: 200, epoch: 9 | loss: 0.2731005
	speed: 0.0192s/iter; left time: 25.1714s
	iters: 300, epoch: 9 | loss: 0.2404532
	speed: 0.0202s/iter; left time: 24.4339s
	iters: 400, epoch: 9 | loss: 0.2513094
	speed: 0.0231s/iter; left time: 25.6469s
	iters: 500, epoch: 9 | loss: 0.2369837
	speed: 0.0192s/iter; left time: 19.4421s
	iters: 600, epoch: 9 | loss: 0.2040922
	speed: 0.0189s/iter; left time: 17.2377s
	iters: 700, epoch: 9 | loss: 0.2558762
	speed: 0.0196s/iter; left time: 15.9328s
Epoch: 9 cost time: 15.743334531784058
Epoch: 9, Steps: 755 | Train Loss: 0.2506871 Vali Loss: 0.3456610 Test Loss: 0.4028509
Validation loss decreased (0.345987 --> 0.345661).  Saving model ...
Updating learning rate to 3.90625e-06
	iters: 100, epoch: 10 | loss: 0.2704997
	speed: 0.1141s/iter; left time: 74.8688s
	iters: 200, epoch: 10 | loss: 0.2873291
	speed: 0.0200s/iter; left time: 11.1212s
	iters: 300, epoch: 10 | loss: 0.2524709
	speed: 0.0185s/iter; left time: 8.4527s
	iters: 400, epoch: 10 | loss: 0.2521400
	speed: 0.0190s/iter; left time: 6.7691s
	iters: 500, epoch: 10 | loss: 0.2792413
	speed: 0.0201s/iter; left time: 5.1535s
	iters: 600, epoch: 10 | loss: 0.2525174
	speed: 0.0193s/iter; left time: 3.0180s
	iters: 700, epoch: 10 | loss: 0.2027526
	speed: 0.0191s/iter; left time: 1.0678s
Epoch: 10 cost time: 15.3919677734375
Epoch: 10, Steps: 755 | Train Loss: 0.2505763 Vali Loss: 0.3461528 Test Loss: 0.4029033
EarlyStopping counter: 1 out of 3
Updating learning rate to 1.953125e-06
>>>>>>>testing : traffic_168_24_DLinear_custom_ftM_sl168_ll48_pl24_dm512_nh8_el2_dl1_df2048_fc1_ebtimeF_dtTrue_Exp_0<<<<<<<<<<<<<<<<<<<<<<<<<<<<<<<<<
test 3485
mse:0.40302127599716187, mae:0.2833704948425293
