Args in experiment:
Namespace(activation='gelu', batch_size=16, c_out=7, checkpoints='/spo/NewbornTime/tahir098/SVF/data/Extra/checkpoints/', d_ff=2048, d_layers=1, d_model=512, data='custom', data_path='traffic.csv', dec_in=7, des='Exp', devices='0,1,2,3', distil=True, do_predict=False, dropout=0.05, e_layers=2, embed='timeF', embed_type=0, enc_in=862, factor=1, features='M', freq='h', gpu=0, individual=False, is_training=1, itr=1, label_len=48, learning_rate=0.001, loss='mse', lradj='type1', model='DLinear', model_id='traffic_120_24', moving_avg=25, n_heads=8, num_workers=10, output_attention=False, patience=3, pred_len=24, root_path='./dataset/', seq_len=120, target='OT', test_flop=False, train_epochs=10, train_only=False, use_amp=False, use_gpu=True, use_multi_gpu=False)
Use GPU: cuda:0
>>>>>>>start training : traffic_120_24_DLinear_custom_ftM_sl120_ll48_pl24_dm512_nh8_el2_dl1_df2048_fc1_ebtimeF_dtTrue_Exp_0>>>>>>>>>>>>>>>>>>>>>>>>>>
train 12137
val 1733
test 3485
	iters: 100, epoch: 1 | loss: 0.4561847
	speed: 0.0242s/iter; left time: 180.9477s
	iters: 200, epoch: 1 | loss: 0.3667044
	speed: 0.0164s/iter; left time: 120.8638s
	iters: 300, epoch: 1 | loss: 0.4548732
	speed: 0.0163s/iter; left time: 119.0373s
	iters: 400, epoch: 1 | loss: 0.3656244
	speed: 0.0167s/iter; left time: 119.8483s
	iters: 500, epoch: 1 | loss: 0.3622075
	speed: 0.0162s/iter; left time: 114.8218s
	iters: 600, epoch: 1 | loss: 0.3369624
	speed: 0.0169s/iter; left time: 117.6570s
	iters: 700, epoch: 1 | loss: 0.3704002
	speed: 0.0168s/iter; left time: 115.5436s
Epoch: 1 cost time: 13.409645557403564
Epoch: 1, Steps: 758 | Train Loss: 0.4119523 Vali Loss: 0.4999414 Test Loss: 0.5785052
Validation loss decreased (inf --> 0.499941).  Saving model ...
Updating learning rate to 0.001
	iters: 100, epoch: 2 | loss: 0.4162522
	speed: 0.1040s/iter; left time: 699.2261s
	iters: 200, epoch: 2 | loss: 0.3481239
	speed: 0.0166s/iter; left time: 109.9810s
	iters: 300, epoch: 2 | loss: 0.3481134
	speed: 0.0165s/iter; left time: 107.3047s
	iters: 400, epoch: 2 | loss: 0.3738070
	speed: 0.0178s/iter; left time: 114.1014s
	iters: 500, epoch: 2 | loss: 0.4276042
	speed: 0.0171s/iter; left time: 108.2184s
	iters: 600, epoch: 2 | loss: 0.3248847
	speed: 0.0178s/iter; left time: 110.9110s
	iters: 700, epoch: 2 | loss: 0.3664949
	speed: 0.0177s/iter; left time: 108.1005s
Epoch: 2 cost time: 13.86210322380066
Epoch: 2, Steps: 758 | Train Loss: 0.3689335 Vali Loss: 0.4964905 Test Loss: 0.5720943
Validation loss decreased (0.499941 --> 0.496491).  Saving model ...
Updating learning rate to 0.0005
	iters: 100, epoch: 3 | loss: 0.3314613
	speed: 0.1042s/iter; left time: 621.4141s
	iters: 200, epoch: 3 | loss: 0.3724214
	speed: 0.0167s/iter; left time: 98.2300s
	iters: 300, epoch: 3 | loss: 0.3252731
	speed: 0.0162s/iter; left time: 93.5383s
	iters: 400, epoch: 3 | loss: 0.3526890
	speed: 0.0167s/iter; left time: 94.7580s
	iters: 500, epoch: 3 | loss: 0.3501989
	speed: 0.0164s/iter; left time: 91.2138s
	iters: 600, epoch: 3 | loss: 0.3653097
	speed: 0.0168s/iter; left time: 92.0266s
	iters: 700, epoch: 3 | loss: 0.3952623
	speed: 0.0165s/iter; left time: 88.3564s
Epoch: 3 cost time: 13.404418706893921
Epoch: 3, Steps: 758 | Train Loss: 0.3648556 Vali Loss: 0.4941459 Test Loss: 0.5696115
Validation loss decreased (0.496491 --> 0.494146).  Saving model ...
Updating learning rate to 0.00025
	iters: 100, epoch: 4 | loss: 0.3519965
	speed: 0.1027s/iter; left time: 534.7619s
	iters: 200, epoch: 4 | loss: 0.3052729
	speed: 0.0166s/iter; left time: 85.0167s
	iters: 300, epoch: 4 | loss: 0.3044865
	speed: 0.0164s/iter; left time: 82.0935s
	iters: 400, epoch: 4 | loss: 0.3802704
	speed: 0.0165s/iter; left time: 80.9952s
	iters: 500, epoch: 4 | loss: 0.3811360
	speed: 0.0163s/iter; left time: 78.5280s
	iters: 600, epoch: 4 | loss: 0.3818732
	speed: 0.0170s/iter; left time: 79.9523s
	iters: 700, epoch: 4 | loss: 0.3473397
	speed: 0.0170s/iter; left time: 78.2317s
Epoch: 4 cost time: 13.535550117492676
Epoch: 4, Steps: 758 | Train Loss: 0.3634055 Vali Loss: 0.4907515 Test Loss: 0.5664534
Validation loss decreased (0.494146 --> 0.490752).  Saving model ...
Updating learning rate to 0.000125
	iters: 100, epoch: 5 | loss: 0.3215872
	speed: 0.1047s/iter; left time: 465.5962s
	iters: 200, epoch: 5 | loss: 0.3059052
	speed: 0.0169s/iter; left time: 73.3800s
	iters: 300, epoch: 5 | loss: 0.4008093
	speed: 0.0163s/iter; left time: 69.3570s
	iters: 400, epoch: 5 | loss: 0.3765350
	speed: 0.0168s/iter; left time: 69.6020s
	iters: 500, epoch: 5 | loss: 0.3545818
	speed: 0.0167s/iter; left time: 67.5343s
	iters: 600, epoch: 5 | loss: 0.3812758
	speed: 0.0169s/iter; left time: 66.8407s
	iters: 700, epoch: 5 | loss: 0.2757007
	speed: 0.0166s/iter; left time: 63.8328s
Epoch: 5 cost time: 13.527406930923462
Epoch: 5, Steps: 758 | Train Loss: 0.3627669 Vali Loss: 0.4922908 Test Loss: 0.5673695
EarlyStopping counter: 1 out of 3
Updating learning rate to 6.25e-05
	iters: 100, epoch: 6 | loss: 0.3576418
	speed: 0.1045s/iter; left time: 385.8285s
	iters: 200, epoch: 6 | loss: 0.4080023
	speed: 0.0171s/iter; left time: 61.3997s
	iters: 300, epoch: 6 | loss: 0.4552764
	speed: 0.0165s/iter; left time: 57.5627s
	iters: 400, epoch: 6 | loss: 0.3185690
	speed: 0.0167s/iter; left time: 56.5939s
	iters: 500, epoch: 6 | loss: 0.3121765
	speed: 0.0165s/iter; left time: 54.1811s
	iters: 600, epoch: 6 | loss: 0.3072454
	speed: 0.0173s/iter; left time: 55.1745s
	iters: 700, epoch: 6 | loss: 0.3363481
	speed: 0.0165s/iter; left time: 50.9375s
Epoch: 6 cost time: 13.572543621063232
Epoch: 6, Steps: 758 | Train Loss: 0.3624109 Vali Loss: 0.4905273 Test Loss: 0.5665425
Validation loss decreased (0.490752 --> 0.490527).  Saving model ...
Updating learning rate to 3.125e-05
	iters: 100, epoch: 7 | loss: 0.3775864
	speed: 0.1042s/iter; left time: 305.5835s
	iters: 200, epoch: 7 | loss: 0.3137482
	speed: 0.0166s/iter; left time: 47.0000s
	iters: 300, epoch: 7 | loss: 0.3475440
	speed: 0.0165s/iter; left time: 45.1950s
	iters: 400, epoch: 7 | loss: 0.4289061
	speed: 0.0170s/iter; left time: 44.6424s
	iters: 500, epoch: 7 | loss: 0.4135168
	speed: 0.0167s/iter; left time: 42.3218s
	iters: 600, epoch: 7 | loss: 0.3450786
	speed: 0.0165s/iter; left time: 40.2147s
	iters: 700, epoch: 7 | loss: 0.3240736
	speed: 0.0167s/iter; left time: 39.0763s
Epoch: 7 cost time: 13.410804033279419
Epoch: 7, Steps: 758 | Train Loss: 0.3622273 Vali Loss: 0.4907710 Test Loss: 0.5660076
EarlyStopping counter: 1 out of 3
Updating learning rate to 1.5625e-05
	iters: 100, epoch: 8 | loss: 0.3581007
	speed: 0.1086s/iter; left time: 236.2394s
	iters: 200, epoch: 8 | loss: 0.3805534
	speed: 0.0167s/iter; left time: 34.6224s
	iters: 300, epoch: 8 | loss: 0.3278191
	speed: 0.0172s/iter; left time: 34.0244s
	iters: 400, epoch: 8 | loss: 0.3549154
	speed: 0.0170s/iter; left time: 31.9291s
	iters: 500, epoch: 8 | loss: 0.2559016
	speed: 0.0167s/iter; left time: 29.7175s
	iters: 600, epoch: 8 | loss: 0.3592993
	speed: 0.0170s/iter; left time: 28.5338s
	iters: 700, epoch: 8 | loss: 0.3506590
	speed: 0.0167s/iter; left time: 26.2530s
Epoch: 8 cost time: 13.618616104125977
Epoch: 8, Steps: 758 | Train Loss: 0.3620822 Vali Loss: 0.4908958 Test Loss: 0.5663510
EarlyStopping counter: 2 out of 3
Updating learning rate to 7.8125e-06
	iters: 100, epoch: 9 | loss: 0.4439431
	speed: 0.1068s/iter; left time: 151.2949s
	iters: 200, epoch: 9 | loss: 0.4013849
	speed: 0.0183s/iter; left time: 24.0401s
	iters: 300, epoch: 9 | loss: 0.3503412
	speed: 0.0185s/iter; left time: 22.5461s
	iters: 400, epoch: 9 | loss: 0.4353094
	speed: 0.0176s/iter; left time: 19.6428s
	iters: 500, epoch: 9 | loss: 0.3588700
	speed: 0.0183s/iter; left time: 18.6421s
	iters: 600, epoch: 9 | loss: 0.4193300
	speed: 0.0168s/iter; left time: 15.4111s
	iters: 700, epoch: 9 | loss: 0.3284374
	speed: 0.0185s/iter; left time: 15.1264s
Epoch: 9 cost time: 14.483021259307861
Epoch: 9, Steps: 758 | Train Loss: 0.3620459 Vali Loss: 0.4912083 Test Loss: 0.5662604
EarlyStopping counter: 3 out of 3
Early stopping
>>>>>>>testing : traffic_120_24_DLinear_custom_ftM_sl120_ll48_pl24_dm512_nh8_el2_dl1_df2048_fc1_ebtimeF_dtTrue_Exp_0<<<<<<<<<<<<<<<<<<<<<<<<<<<<<<<<<
test 3485
mse:0.5668156147003174, mae:0.3695889115333557
