Args in experiment:
Namespace(activation='gelu', batch_size=16, c_out=7, checkpoints='/spo/NewbornTime/tahir098/SVF/data/Extra/checkpoints/', d_ff=2048, d_layers=1, d_model=512, data='custom', data_path='traffic.csv', dec_in=7, des='Exp', devices='0,1,2,3', distil=True, do_predict=False, dropout=0.05, e_layers=2, embed='timeF', embed_type=0, enc_in=862, factor=1, features='M', freq='h', gpu=0, individual=False, is_training=1, itr=1, label_len=48, learning_rate=0.001, loss='mse', lradj='type1', model='DLinear', model_id='traffic_72_24', moving_avg=25, n_heads=8, num_workers=10, output_attention=False, patience=3, pred_len=24, root_path='./dataset/', seq_len=72, target='OT', test_flop=False, train_epochs=10, train_only=False, use_amp=False, use_gpu=True, use_multi_gpu=False)
Use GPU: cuda:0
>>>>>>>start training : traffic_72_24_DLinear_custom_ftM_sl72_ll48_pl24_dm512_nh8_el2_dl1_df2048_fc1_ebtimeF_dtTrue_Exp_0>>>>>>>>>>>>>>>>>>>>>>>>>>
train 12185
val 1733
test 3485
	iters: 100, epoch: 1 | loss: 0.4448676
	speed: 0.0231s/iter; left time: 173.8321s
	iters: 200, epoch: 1 | loss: 0.4576444
	speed: 0.0183s/iter; left time: 135.3740s
	iters: 300, epoch: 1 | loss: 0.5450550
	speed: 0.0227s/iter; left time: 166.0567s
	iters: 400, epoch: 1 | loss: 0.4117346
	speed: 0.0184s/iter; left time: 132.9991s
	iters: 500, epoch: 1 | loss: 0.4018418
	speed: 0.0155s/iter; left time: 109.9542s
	iters: 600, epoch: 1 | loss: 0.3250443
	speed: 0.0146s/iter; left time: 102.6158s
	iters: 700, epoch: 1 | loss: 0.3635333
	speed: 0.0154s/iter; left time: 106.1966s
Epoch: 1 cost time: 13.761674880981445
Epoch: 1, Steps: 761 | Train Loss: 0.4440324 Vali Loss: 0.5440229 Test Loss: 0.6261665
Validation loss decreased (inf --> 0.544023).  Saving model ...
Updating learning rate to 0.001
	iters: 100, epoch: 2 | loss: 0.4196590
	speed: 0.0903s/iter; left time: 609.8520s
	iters: 200, epoch: 2 | loss: 0.4092858
	speed: 0.0145s/iter; left time: 96.4220s
	iters: 300, epoch: 2 | loss: 0.4562405
	speed: 0.0148s/iter; left time: 96.6575s
	iters: 400, epoch: 2 | loss: 0.3270569
	speed: 0.0150s/iter; left time: 96.7327s
	iters: 500, epoch: 2 | loss: 0.4222163
	speed: 0.0147s/iter; left time: 93.0956s
	iters: 600, epoch: 2 | loss: 0.3558834
	speed: 0.0151s/iter; left time: 94.6586s
	iters: 700, epoch: 2 | loss: 0.4389557
	speed: 0.0148s/iter; left time: 90.7145s
Epoch: 2 cost time: 11.934975624084473
Epoch: 2, Steps: 761 | Train Loss: 0.3942804 Vali Loss: 0.5392302 Test Loss: 0.6192523
Validation loss decreased (0.544023 --> 0.539230).  Saving model ...
Updating learning rate to 0.0005
	iters: 100, epoch: 3 | loss: 0.3504905
	speed: 0.0916s/iter; left time: 548.6266s
	iters: 200, epoch: 3 | loss: 0.3914255
	speed: 0.0148s/iter; left time: 87.1157s
	iters: 300, epoch: 3 | loss: 0.3991821
	speed: 0.0146s/iter; left time: 84.5990s
	iters: 400, epoch: 3 | loss: 0.3640310
	speed: 0.0144s/iter; left time: 81.6534s
	iters: 500, epoch: 3 | loss: 0.4617514
	speed: 0.0143s/iter; left time: 79.7054s
	iters: 600, epoch: 3 | loss: 0.4758354
	speed: 0.0144s/iter; left time: 78.8179s
	iters: 700, epoch: 3 | loss: 0.4550065
	speed: 0.0154s/iter; left time: 83.2464s
Epoch: 3 cost time: 11.937116384506226
Epoch: 3, Steps: 761 | Train Loss: 0.3908379 Vali Loss: 0.5414096 Test Loss: 0.6197405
EarlyStopping counter: 1 out of 3
Updating learning rate to 0.00025
	iters: 100, epoch: 4 | loss: 0.4505890
	speed: 0.0933s/iter; left time: 487.9247s
	iters: 200, epoch: 4 | loss: 0.3603994
	speed: 0.0150s/iter; left time: 76.7205s
	iters: 300, epoch: 4 | loss: 0.4088247
	speed: 0.0144s/iter; left time: 72.2327s
	iters: 400, epoch: 4 | loss: 0.3799714
	speed: 0.0147s/iter; left time: 72.3226s
	iters: 500, epoch: 4 | loss: 0.4365194
	speed: 0.0148s/iter; left time: 71.3179s
	iters: 600, epoch: 4 | loss: 0.4074158
	speed: 0.0149s/iter; left time: 70.6125s
	iters: 700, epoch: 4 | loss: 0.3802543
	speed: 0.0144s/iter; left time: 66.6379s
Epoch: 4 cost time: 11.964895248413086
Epoch: 4, Steps: 761 | Train Loss: 0.3897926 Vali Loss: 0.5349582 Test Loss: 0.6133587
Validation loss decreased (0.539230 --> 0.534958).  Saving model ...
Updating learning rate to 0.000125
	iters: 100, epoch: 5 | loss: 0.4451824
	speed: 0.0905s/iter; left time: 404.2223s
	iters: 200, epoch: 5 | loss: 0.3913895
	speed: 0.0145s/iter; left time: 63.4566s
	iters: 300, epoch: 5 | loss: 0.4984008
	speed: 0.0148s/iter; left time: 63.2690s
	iters: 400, epoch: 5 | loss: 0.3288402
	speed: 0.0151s/iter; left time: 63.1266s
	iters: 500, epoch: 5 | loss: 0.3590463
	speed: 0.0150s/iter; left time: 61.1192s
	iters: 600, epoch: 5 | loss: 0.4185338
	speed: 0.0151s/iter; left time: 59.8447s
	iters: 700, epoch: 5 | loss: 0.3451867
	speed: 0.0150s/iter; left time: 58.0130s
Epoch: 5 cost time: 11.990550756454468
Epoch: 5, Steps: 761 | Train Loss: 0.3892192 Vali Loss: 0.5360639 Test Loss: 0.6153437
EarlyStopping counter: 1 out of 3
Updating learning rate to 6.25e-05
	iters: 100, epoch: 6 | loss: 0.3562842
	speed: 0.0931s/iter; left time: 345.0419s
	iters: 200, epoch: 6 | loss: 0.3678253
	speed: 0.0152s/iter; left time: 54.6360s
	iters: 300, epoch: 6 | loss: 0.3790992
	speed: 0.0148s/iter; left time: 52.0384s
	iters: 400, epoch: 6 | loss: 0.3633124
	speed: 0.0154s/iter; left time: 52.4015s
	iters: 500, epoch: 6 | loss: 0.3929857
	speed: 0.0144s/iter; left time: 47.6210s
	iters: 600, epoch: 6 | loss: 0.3198324
	speed: 0.0141s/iter; left time: 45.1916s
	iters: 700, epoch: 6 | loss: 0.3011749
	speed: 0.0147s/iter; left time: 45.5829s
Epoch: 6 cost time: 11.988043785095215
Epoch: 6, Steps: 761 | Train Loss: 0.3889531 Vali Loss: 0.5353929 Test Loss: 0.6139221
EarlyStopping counter: 2 out of 3
Updating learning rate to 3.125e-05
	iters: 100, epoch: 7 | loss: 0.5083257
	speed: 0.0950s/iter; left time: 279.8260s
	iters: 200, epoch: 7 | loss: 0.4362202
	speed: 0.0147s/iter; left time: 41.9523s
	iters: 300, epoch: 7 | loss: 0.4177615
	speed: 0.0142s/iter; left time: 38.8998s
	iters: 400, epoch: 7 | loss: 0.3830566
	speed: 0.0145s/iter; left time: 38.3328s
	iters: 500, epoch: 7 | loss: 0.3109938
	speed: 0.0141s/iter; left time: 35.9760s
	iters: 600, epoch: 7 | loss: 0.3838243
	speed: 0.0148s/iter; left time: 36.1373s
	iters: 700, epoch: 7 | loss: 0.3860331
	speed: 0.0145s/iter; left time: 34.0530s
Epoch: 7 cost time: 11.8145592212677
Epoch: 7, Steps: 761 | Train Loss: 0.3888927 Vali Loss: 0.5347623 Test Loss: 0.6138879
Validation loss decreased (0.534958 --> 0.534762).  Saving model ...
Updating learning rate to 1.5625e-05
	iters: 100, epoch: 8 | loss: 0.3802685
	speed: 0.0921s/iter; left time: 201.2105s
	iters: 200, epoch: 8 | loss: 0.3857498
	speed: 0.0145s/iter; left time: 30.2712s
	iters: 300, epoch: 8 | loss: 0.4046703
	speed: 0.0145s/iter; left time: 28.8309s
	iters: 400, epoch: 8 | loss: 0.3234956
	speed: 0.0148s/iter; left time: 27.8450s
	iters: 500, epoch: 8 | loss: 0.3415353
	speed: 0.0145s/iter; left time: 25.8870s
	iters: 600, epoch: 8 | loss: 0.3510737
	speed: 0.0151s/iter; left time: 25.4803s
	iters: 700, epoch: 8 | loss: 0.3937605
	speed: 0.0145s/iter; left time: 22.9575s
Epoch: 8 cost time: 11.953044891357422
Epoch: 8, Steps: 761 | Train Loss: 0.3887935 Vali Loss: 0.5356228 Test Loss: 0.6140082
EarlyStopping counter: 1 out of 3
Updating learning rate to 7.8125e-06
	iters: 100, epoch: 9 | loss: 0.3877611
	speed: 0.0937s/iter; left time: 133.3995s
	iters: 200, epoch: 9 | loss: 0.3851223
	speed: 0.0145s/iter; left time: 19.1750s
	iters: 300, epoch: 9 | loss: 0.4089156
	speed: 0.0142s/iter; left time: 17.3403s
	iters: 400, epoch: 9 | loss: 0.4623612
	speed: 0.0145s/iter; left time: 16.3064s
	iters: 500, epoch: 9 | loss: 0.4703171
	speed: 0.0145s/iter; left time: 14.8169s
	iters: 600, epoch: 9 | loss: 0.4123958
	speed: 0.0155s/iter; left time: 14.3005s
	iters: 700, epoch: 9 | loss: 0.3243218
	speed: 0.0150s/iter; left time: 12.3040s
Epoch: 9 cost time: 11.994794607162476
Epoch: 9, Steps: 761 | Train Loss: 0.3888036 Vali Loss: 0.5356548 Test Loss: 0.6139477
EarlyStopping counter: 2 out of 3
Updating learning rate to 3.90625e-06
	iters: 100, epoch: 10 | loss: 0.3951417
	speed: 0.0938s/iter; left time: 62.1153s
	iters: 200, epoch: 10 | loss: 0.4010584
	speed: 0.0155s/iter; left time: 8.7306s
	iters: 300, epoch: 10 | loss: 0.4643661
	speed: 0.0151s/iter; left time: 6.9916s
	iters: 400, epoch: 10 | loss: 0.4015478
	speed: 0.0154s/iter; left time: 5.5803s
	iters: 500, epoch: 10 | loss: 0.4348956
	speed: 0.0149s/iter; left time: 3.8962s
	iters: 600, epoch: 10 | loss: 0.4565444
	speed: 0.0146s/iter; left time: 2.3723s
	iters: 700, epoch: 10 | loss: 0.4160752
	speed: 0.0150s/iter; left time: 0.9318s
Epoch: 10 cost time: 12.285781621932983
Epoch: 10, Steps: 761 | Train Loss: 0.3885392 Vali Loss: 0.5357541 Test Loss: 0.6139638
EarlyStopping counter: 3 out of 3
Early stopping
>>>>>>>testing : traffic_72_24_DLinear_custom_ftM_sl72_ll48_pl24_dm512_nh8_el2_dl1_df2048_fc1_ebtimeF_dtTrue_Exp_0<<<<<<<<<<<<<<<<<<<<<<<<<<<<<<<<<
test 3485
mse:0.6141768097877502, mae:0.38858017325401306
