Args in experiment:
Namespace(activation='gelu', batch_size=16, c_out=7, checkpoints='/spo/NewbornTime/tahir098/SVF/data/Extra/checkpoints/', d_ff=2048, d_layers=1, d_model=512, data='custom', data_path='weather.csv', dec_in=7, des='Exp', devices='0,1,2,3', distil=True, do_predict=False, dropout=0.05, e_layers=2, embed='timeF', embed_type=0, enc_in=21, factor=1, features='M', freq='h', gpu=0, individual=False, is_training=1, itr=1, label_len=48, learning_rate=0.001, loss='mse', lradj='type1', model='RLinear', model_id='weather_144_720', moving_avg=25, n_heads=8, num_workers=10, output_attention=False, patience=3, pred_len=720, root_path='./dataset/', seq_len=144, target='OT', test_flop=False, train_epochs=10, train_only=False, use_amp=False, use_gpu=True, use_multi_gpu=False)
Use GPU: cuda:0
>>>>>>>start training : weather_144_720_RLinear_custom_ftM_sl144_ll48_pl720_dm512_nh8_el2_dl1_df2048_fc1_ebtimeF_dtTrue_Exp_0>>>>>>>>>>>>>>>>>>>>>>>>>>
train 36024
val 4551
test 9820
	iters: 100, epoch: 1 | loss: 0.5492868
	speed: 0.0345s/iter; left time: 772.2020s
	iters: 200, epoch: 1 | loss: 0.7210547
	speed: 0.0281s/iter; left time: 626.0345s
	iters: 300, epoch: 1 | loss: 0.5231537
	speed: 0.0275s/iter; left time: 610.2558s
	iters: 400, epoch: 1 | loss: 0.5428164
	speed: 0.0258s/iter; left time: 570.1752s
	iters: 500, epoch: 1 | loss: 0.7753007
	speed: 0.0266s/iter; left time: 586.3831s
	iters: 600, epoch: 1 | loss: 0.5257007
	speed: 0.0263s/iter; left time: 576.1179s
	iters: 700, epoch: 1 | loss: 0.5525213
	speed: 0.0276s/iter; left time: 601.4585s
	iters: 800, epoch: 1 | loss: 0.6307091
	speed: 0.0269s/iter; left time: 583.0318s
	iters: 900, epoch: 1 | loss: 0.5457312
	speed: 0.0279s/iter; left time: 603.6612s
	iters: 1000, epoch: 1 | loss: 0.8388585
	speed: 0.0287s/iter; left time: 616.5483s
	iters: 1100, epoch: 1 | loss: 0.5578063
	speed: 0.0273s/iter; left time: 585.3012s
	iters: 1200, epoch: 1 | loss: 0.6713763
	speed: 0.0281s/iter; left time: 598.2057s
	iters: 1300, epoch: 1 | loss: 0.8311289
	speed: 0.0263s/iter; left time: 558.6309s
	iters: 1400, epoch: 1 | loss: 0.6758707
	speed: 0.0263s/iter; left time: 555.9994s
	iters: 1500, epoch: 1 | loss: 1.0274380
	speed: 0.0278s/iter; left time: 583.4077s
	iters: 1600, epoch: 1 | loss: 0.9227341
	speed: 0.0270s/iter; left time: 565.4463s
	iters: 1700, epoch: 1 | loss: 0.6050683
	speed: 0.0279s/iter; left time: 581.3416s
	iters: 1800, epoch: 1 | loss: 0.6317202
	speed: 0.0293s/iter; left time: 606.0741s
	iters: 1900, epoch: 1 | loss: 1.4582094
	speed: 0.0269s/iter; left time: 555.2027s
	iters: 2000, epoch: 1 | loss: 0.7453741
	speed: 0.0280s/iter; left time: 575.2327s
	iters: 2100, epoch: 1 | loss: 0.8578042
	speed: 0.0267s/iter; left time: 544.8942s
	iters: 2200, epoch: 1 | loss: 0.5680616
	speed: 0.0266s/iter; left time: 539.6510s
Epoch: 1 cost time: 62.14570188522339
Epoch: 1, Steps: 2251 | Train Loss: 0.6855520 Vali Loss: 0.6773855 Test Loss: 0.3362594
Validation loss decreased (inf --> 0.677386).  Saving model ...
Updating learning rate to 0.001
	iters: 100, epoch: 2 | loss: 1.2998693
	speed: 0.1725s/iter; left time: 3477.1510s
	iters: 200, epoch: 2 | loss: 0.8338708
	speed: 0.0279s/iter; left time: 559.8923s
	iters: 300, epoch: 2 | loss: 0.4885024
	speed: 0.0265s/iter; left time: 529.5740s
	iters: 400, epoch: 2 | loss: 0.5244713
	speed: 0.0272s/iter; left time: 539.6026s
	iters: 500, epoch: 2 | loss: 1.0132358
	speed: 0.0267s/iter; left time: 527.3741s
	iters: 600, epoch: 2 | loss: 0.8695345
	speed: 0.0286s/iter; left time: 562.2474s
	iters: 700, epoch: 2 | loss: 0.5220034
	speed: 0.0278s/iter; left time: 543.0756s
	iters: 800, epoch: 2 | loss: 0.5010599
	speed: 0.0286s/iter; left time: 555.6659s
	iters: 900, epoch: 2 | loss: 1.0593179
	speed: 0.0285s/iter; left time: 551.6886s
	iters: 1000, epoch: 2 | loss: 0.8009004
	speed: 0.0279s/iter; left time: 536.6503s
	iters: 1100, epoch: 2 | loss: 0.6766838
	speed: 0.0286s/iter; left time: 547.5939s
	iters: 1200, epoch: 2 | loss: 1.1865460
	speed: 0.0285s/iter; left time: 542.4903s
	iters: 1300, epoch: 2 | loss: 0.5016841
	speed: 0.0274s/iter; left time: 519.0788s
	iters: 1400, epoch: 2 | loss: 0.9362245
	speed: 0.0274s/iter; left time: 517.2927s
	iters: 1500, epoch: 2 | loss: 0.5448232
	speed: 0.0286s/iter; left time: 535.9400s
	iters: 1600, epoch: 2 | loss: 0.8478552
	speed: 0.0281s/iter; left time: 524.0488s
	iters: 1700, epoch: 2 | loss: 0.5229116
	speed: 0.0277s/iter; left time: 514.7714s
	iters: 1800, epoch: 2 | loss: 0.5378001
	speed: 0.0266s/iter; left time: 490.3157s
	iters: 1900, epoch: 2 | loss: 0.9246873
	speed: 0.0280s/iter; left time: 513.7965s
	iters: 2000, epoch: 2 | loss: 0.5580100
	speed: 0.0269s/iter; left time: 491.0328s
	iters: 2100, epoch: 2 | loss: 0.5306264
	speed: 0.0281s/iter; left time: 510.4409s
	iters: 2200, epoch: 2 | loss: 1.2373666
	speed: 0.0270s/iter; left time: 488.4286s
Epoch: 2 cost time: 63.48413372039795
Epoch: 2, Steps: 2251 | Train Loss: 0.6661874 Vali Loss: 0.6800869 Test Loss: 0.3377324
EarlyStopping counter: 1 out of 3
Updating learning rate to 0.0005
	iters: 100, epoch: 3 | loss: 0.7803598
	speed: 0.1700s/iter; left time: 3045.2263s
	iters: 200, epoch: 3 | loss: 0.6998090
	speed: 0.0268s/iter; left time: 476.6273s
	iters: 300, epoch: 3 | loss: 0.5723209
	speed: 0.0274s/iter; left time: 486.0715s
	iters: 400, epoch: 3 | loss: 0.4588810
	speed: 0.0278s/iter; left time: 489.1906s
	iters: 500, epoch: 3 | loss: 0.5377005
	speed: 0.0266s/iter; left time: 464.9306s
	iters: 600, epoch: 3 | loss: 0.4896418
	speed: 0.0275s/iter; left time: 478.2550s
	iters: 700, epoch: 3 | loss: 1.0414346
	speed: 0.0270s/iter; left time: 467.4184s
	iters: 800, epoch: 3 | loss: 0.5208688
	speed: 0.0267s/iter; left time: 459.4058s
	iters: 900, epoch: 3 | loss: 0.5324044
	speed: 0.0281s/iter; left time: 481.1465s
	iters: 1000, epoch: 3 | loss: 0.8911749
	speed: 0.0276s/iter; left time: 468.6845s
	iters: 1100, epoch: 3 | loss: 0.5154370
	speed: 0.0264s/iter; left time: 446.1065s
	iters: 1200, epoch: 3 | loss: 0.5571732
	speed: 0.0274s/iter; left time: 460.5100s
	iters: 1300, epoch: 3 | loss: 0.5916603
	speed: 0.0262s/iter; left time: 438.4865s
	iters: 1400, epoch: 3 | loss: 0.5620099
	speed: 0.0263s/iter; left time: 437.6144s
	iters: 1500, epoch: 3 | loss: 0.4863177
	speed: 0.0257s/iter; left time: 423.5787s
	iters: 1600, epoch: 3 | loss: 0.5485810
	speed: 0.0266s/iter; left time: 435.7916s
	iters: 1700, epoch: 3 | loss: 0.5559089
	speed: 0.0276s/iter; left time: 449.3716s
	iters: 1800, epoch: 3 | loss: 0.6232453
	speed: 0.0272s/iter; left time: 440.6673s
	iters: 1900, epoch: 3 | loss: 0.4683572
	speed: 0.0263s/iter; left time: 422.8643s
	iters: 2000, epoch: 3 | loss: 0.7280596
	speed: 0.0274s/iter; left time: 438.9999s
	iters: 2100, epoch: 3 | loss: 0.5991862
	speed: 0.0263s/iter; left time: 418.9866s
	iters: 2200, epoch: 3 | loss: 0.7092513
	speed: 0.0272s/iter; left time: 429.6969s
Epoch: 3 cost time: 61.76036810874939
Epoch: 3, Steps: 2251 | Train Loss: 0.6501104 Vali Loss: 0.6763924 Test Loss: 0.3356957
Validation loss decreased (0.677386 --> 0.676392).  Saving model ...
Updating learning rate to 0.00025
	iters: 100, epoch: 4 | loss: 0.5750606
	speed: 0.1660s/iter; left time: 2598.5261s
	iters: 200, epoch: 4 | loss: 0.5218480
	speed: 0.0261s/iter; left time: 405.9130s
	iters: 300, epoch: 4 | loss: 0.7820907
	speed: 0.0276s/iter; left time: 426.7935s
	iters: 400, epoch: 4 | loss: 0.5783814
	speed: 0.0283s/iter; left time: 434.0182s
	iters: 500, epoch: 4 | loss: 0.7178991
	speed: 0.0280s/iter; left time: 426.7618s
	iters: 600, epoch: 4 | loss: 0.5928766
	speed: 0.0276s/iter; left time: 418.2371s
	iters: 700, epoch: 4 | loss: 0.6287947
	speed: 0.0274s/iter; left time: 412.9647s
	iters: 800, epoch: 4 | loss: 0.5783990
	speed: 0.0271s/iter; left time: 406.1007s
	iters: 900, epoch: 4 | loss: 0.4303491
	speed: 0.0297s/iter; left time: 441.8578s
	iters: 1000, epoch: 4 | loss: 0.5147389
	speed: 0.0276s/iter; left time: 406.6371s
	iters: 1100, epoch: 4 | loss: 0.8210334
	speed: 0.0282s/iter; left time: 413.0235s
	iters: 1200, epoch: 4 | loss: 0.7891428
	speed: 0.0278s/iter; left time: 405.1429s
	iters: 1300, epoch: 4 | loss: 0.5461982
	speed: 0.0290s/iter; left time: 418.8664s
	iters: 1400, epoch: 4 | loss: 0.5875348
	speed: 0.0279s/iter; left time: 400.5039s
	iters: 1500, epoch: 4 | loss: 0.4317051
	speed: 0.0286s/iter; left time: 407.2883s
	iters: 1600, epoch: 4 | loss: 1.0088437
	speed: 0.0283s/iter; left time: 399.9881s
	iters: 1700, epoch: 4 | loss: 0.6293064
	speed: 0.0270s/iter; left time: 379.1571s
	iters: 1800, epoch: 4 | loss: 0.4872450
	speed: 0.0272s/iter; left time: 379.1608s
	iters: 1900, epoch: 4 | loss: 0.8342693
	speed: 0.0291s/iter; left time: 403.5071s
	iters: 2000, epoch: 4 | loss: 0.5720742
	speed: 0.0274s/iter; left time: 377.4672s
	iters: 2100, epoch: 4 | loss: 0.4913482
	speed: 0.0265s/iter; left time: 362.2462s
	iters: 2200, epoch: 4 | loss: 0.5866139
	speed: 0.0261s/iter; left time: 353.2560s
Epoch: 4 cost time: 62.95370841026306
Epoch: 4, Steps: 2251 | Train Loss: 0.6433543 Vali Loss: 0.6732328 Test Loss: 0.3348745
Validation loss decreased (0.676392 --> 0.673233).  Saving model ...
Updating learning rate to 0.000125
	iters: 100, epoch: 5 | loss: 0.5648320
	speed: 0.1710s/iter; left time: 2292.6950s
	iters: 200, epoch: 5 | loss: 0.5735769
	speed: 0.0272s/iter; left time: 362.1024s
	iters: 300, epoch: 5 | loss: 0.6494609
	speed: 0.0280s/iter; left time: 369.3140s
	iters: 400, epoch: 5 | loss: 0.5953155
	speed: 0.0273s/iter; left time: 357.4086s
	iters: 500, epoch: 5 | loss: 0.8420956
	speed: 0.0267s/iter; left time: 347.6969s
	iters: 600, epoch: 5 | loss: 0.4007640
	speed: 0.0279s/iter; left time: 359.6192s
	iters: 700, epoch: 5 | loss: 0.8861058
	speed: 0.0277s/iter; left time: 355.3744s
	iters: 800, epoch: 5 | loss: 0.5417233
	speed: 0.0265s/iter; left time: 336.6941s
	iters: 900, epoch: 5 | loss: 0.5899593
	speed: 0.0283s/iter; left time: 356.1860s
	iters: 1000, epoch: 5 | loss: 0.5644466
	speed: 0.0273s/iter; left time: 341.4432s
	iters: 1100, epoch: 5 | loss: 0.5607048
	speed: 0.0274s/iter; left time: 339.7161s
	iters: 1200, epoch: 5 | loss: 0.7729477
	speed: 0.0269s/iter; left time: 331.5824s
	iters: 1300, epoch: 5 | loss: 0.6268713
	speed: 0.0267s/iter; left time: 325.7314s
	iters: 1400, epoch: 5 | loss: 0.4863473
	speed: 0.0271s/iter; left time: 327.6839s
	iters: 1500, epoch: 5 | loss: 0.4665040
	speed: 0.0274s/iter; left time: 328.6348s
	iters: 1600, epoch: 5 | loss: 1.4249074
	speed: 0.0276s/iter; left time: 328.9458s
	iters: 1700, epoch: 5 | loss: 0.5670901
	speed: 0.0276s/iter; left time: 325.5723s
	iters: 1800, epoch: 5 | loss: 0.7802199
	speed: 0.0279s/iter; left time: 326.1110s
	iters: 1900, epoch: 5 | loss: 0.6396717
	speed: 0.0274s/iter; left time: 318.3517s
	iters: 2000, epoch: 5 | loss: 0.9166700
	speed: 0.0278s/iter; left time: 319.4891s
	iters: 2100, epoch: 5 | loss: 0.7854179
	speed: 0.0278s/iter; left time: 317.3592s
	iters: 2200, epoch: 5 | loss: 0.4788133
	speed: 0.0279s/iter; left time: 314.9415s
Epoch: 5 cost time: 62.817580461502075
Epoch: 5, Steps: 2251 | Train Loss: 0.6408971 Vali Loss: 0.6716964 Test Loss: 0.3345591
Validation loss decreased (0.673233 --> 0.671696).  Saving model ...
Updating learning rate to 6.25e-05
	iters: 100, epoch: 6 | loss: 0.4954627
	speed: 0.1693s/iter; left time: 1888.7553s
	iters: 200, epoch: 6 | loss: 0.7596262
	speed: 0.0266s/iter; left time: 293.8169s
	iters: 300, epoch: 6 | loss: 0.4417145
	speed: 0.0270s/iter; left time: 295.5510s
	iters: 400, epoch: 6 | loss: 0.8232196
	speed: 0.0270s/iter; left time: 293.4759s
	iters: 500, epoch: 6 | loss: 0.9009961
	speed: 0.0268s/iter; left time: 288.4034s
	iters: 600, epoch: 6 | loss: 0.4520353
	speed: 0.0268s/iter; left time: 285.8660s
	iters: 700, epoch: 6 | loss: 0.5795050
	speed: 0.0277s/iter; left time: 292.2038s
	iters: 800, epoch: 6 | loss: 0.8458138
	speed: 0.0273s/iter; left time: 285.2821s
	iters: 900, epoch: 6 | loss: 0.9900942
	speed: 0.0274s/iter; left time: 283.6996s
	iters: 1000, epoch: 6 | loss: 0.4685358
	speed: 0.0265s/iter; left time: 272.1162s
	iters: 1100, epoch: 6 | loss: 0.5560064
	speed: 0.0263s/iter; left time: 267.1572s
	iters: 1200, epoch: 6 | loss: 0.6728941
	speed: 0.0272s/iter; left time: 273.8433s
	iters: 1300, epoch: 6 | loss: 0.4729378
	speed: 0.0268s/iter; left time: 266.3595s
	iters: 1400, epoch: 6 | loss: 0.5238478
	speed: 0.0262s/iter; left time: 258.1542s
	iters: 1500, epoch: 6 | loss: 0.5321497
	speed: 0.0271s/iter; left time: 264.8402s
	iters: 1600, epoch: 6 | loss: 1.1097330
	speed: 0.0271s/iter; left time: 261.6110s
	iters: 1700, epoch: 6 | loss: 0.5946804
	speed: 0.0266s/iter; left time: 254.1148s
	iters: 1800, epoch: 6 | loss: 0.5822533
	speed: 0.0271s/iter; left time: 255.8301s
	iters: 1900, epoch: 6 | loss: 0.8205937
	speed: 0.0272s/iter; left time: 254.0284s
	iters: 2000, epoch: 6 | loss: 0.6694418
	speed: 0.0293s/iter; left time: 271.3486s
	iters: 2100, epoch: 6 | loss: 0.4865253
	speed: 0.0277s/iter; left time: 253.2561s
	iters: 2200, epoch: 6 | loss: 0.6257678
	speed: 0.0273s/iter; left time: 247.1659s
Epoch: 6 cost time: 61.90604758262634
Epoch: 6, Steps: 2251 | Train Loss: 0.6393163 Vali Loss: 0.6716040 Test Loss: 0.3344747
Validation loss decreased (0.671696 --> 0.671604).  Saving model ...
Updating learning rate to 3.125e-05
	iters: 100, epoch: 7 | loss: 0.4991728
	speed: 0.1641s/iter; left time: 1460.9757s
	iters: 200, epoch: 7 | loss: 0.4709772
	speed: 0.0273s/iter; left time: 240.5084s
	iters: 300, epoch: 7 | loss: 0.5829322
	speed: 0.0267s/iter; left time: 232.4267s
	iters: 400, epoch: 7 | loss: 0.4638195
	speed: 0.0266s/iter; left time: 229.1482s
	iters: 500, epoch: 7 | loss: 0.5301380
	speed: 0.0265s/iter; left time: 225.2861s
	iters: 600, epoch: 7 | loss: 0.6075108
	speed: 0.0274s/iter; left time: 230.6042s
	iters: 700, epoch: 7 | loss: 0.5308556
	speed: 0.0267s/iter; left time: 221.4948s
	iters: 800, epoch: 7 | loss: 0.5476714
	speed: 0.0270s/iter; left time: 221.4786s
	iters: 900, epoch: 7 | loss: 0.8270966
	speed: 0.0284s/iter; left time: 229.8121s
	iters: 1000, epoch: 7 | loss: 0.5252847
	speed: 0.0276s/iter; left time: 220.8156s
	iters: 1100, epoch: 7 | loss: 0.6005486
	speed: 0.0261s/iter; left time: 206.2486s
	iters: 1200, epoch: 7 | loss: 0.8689919
	speed: 0.0276s/iter; left time: 215.7898s
	iters: 1300, epoch: 7 | loss: 0.7081001
	speed: 0.0255s/iter; left time: 196.6253s
	iters: 1400, epoch: 7 | loss: 0.5013120
	speed: 0.0278s/iter; left time: 211.1393s
	iters: 1500, epoch: 7 | loss: 0.6919301
	speed: 0.0268s/iter; left time: 201.4728s
	iters: 1600, epoch: 7 | loss: 0.5104845
	speed: 0.0273s/iter; left time: 202.2230s
	iters: 1700, epoch: 7 | loss: 0.5540787
	speed: 0.0285s/iter; left time: 207.9127s
	iters: 1800, epoch: 7 | loss: 0.6007322
	speed: 0.0267s/iter; left time: 192.4828s
	iters: 1900, epoch: 7 | loss: 0.5451672
	speed: 0.0272s/iter; left time: 193.4361s
	iters: 2000, epoch: 7 | loss: 0.6334955
	speed: 0.0270s/iter; left time: 189.1768s
	iters: 2100, epoch: 7 | loss: 0.9963029
	speed: 0.0274s/iter; left time: 189.0405s
	iters: 2200, epoch: 7 | loss: 0.9802470
	speed: 0.0270s/iter; left time: 184.0420s
Epoch: 7 cost time: 62.03748035430908
Epoch: 7, Steps: 2251 | Train Loss: 0.6391094 Vali Loss: 0.6709682 Test Loss: 0.3344765
Validation loss decreased (0.671604 --> 0.670968).  Saving model ...
Updating learning rate to 1.5625e-05
	iters: 100, epoch: 8 | loss: 0.4606732
	speed: 0.1684s/iter; left time: 1120.8129s
	iters: 200, epoch: 8 | loss: 0.4920980
	speed: 0.0270s/iter; left time: 177.2730s
	iters: 300, epoch: 8 | loss: 0.8305283
	speed: 0.0273s/iter; left time: 176.4740s
	iters: 400, epoch: 8 | loss: 0.4643709
	speed: 0.0277s/iter; left time: 175.9987s
	iters: 500, epoch: 8 | loss: 0.8949686
	speed: 0.0267s/iter; left time: 166.9104s
	iters: 600, epoch: 8 | loss: 0.6177840
	speed: 0.0286s/iter; left time: 176.1442s
	iters: 700, epoch: 8 | loss: 0.7407095
	speed: 0.0270s/iter; left time: 163.5990s
	iters: 800, epoch: 8 | loss: 0.5004867
	speed: 0.0281s/iter; left time: 167.4593s
	iters: 900, epoch: 8 | loss: 0.6215448
	speed: 0.0296s/iter; left time: 173.4479s
	iters: 1000, epoch: 8 | loss: 0.8353449
	speed: 0.0275s/iter; left time: 158.3336s
	iters: 1100, epoch: 8 | loss: 0.4762874
	speed: 0.0291s/iter; left time: 164.4603s
	iters: 1200, epoch: 8 | loss: 0.7688412
	speed: 0.0263s/iter; left time: 145.9240s
	iters: 1300, epoch: 8 | loss: 0.5164993
	speed: 0.0271s/iter; left time: 148.0184s
	iters: 1400, epoch: 8 | loss: 0.5070614
	speed: 0.0279s/iter; left time: 149.4372s
	iters: 1500, epoch: 8 | loss: 0.5686393
	speed: 0.0281s/iter; left time: 147.3779s
	iters: 1600, epoch: 8 | loss: 0.9178833
	speed: 0.0276s/iter; left time: 142.0590s
	iters: 1700, epoch: 8 | loss: 0.5825861
	speed: 0.0282s/iter; left time: 142.6036s
	iters: 1800, epoch: 8 | loss: 0.7712059
	speed: 0.0275s/iter; left time: 136.3089s
	iters: 1900, epoch: 8 | loss: 1.1169770
	speed: 0.0270s/iter; left time: 130.9939s
	iters: 2000, epoch: 8 | loss: 0.6287753
	speed: 0.0287s/iter; left time: 136.2390s
	iters: 2100, epoch: 8 | loss: 1.0239096
	speed: 0.0281s/iter; left time: 130.7380s
	iters: 2200, epoch: 8 | loss: 0.7116500
	speed: 0.0279s/iter; left time: 127.0173s
Epoch: 8 cost time: 63.39860486984253
Epoch: 8, Steps: 2251 | Train Loss: 0.6385602 Vali Loss: 0.6716418 Test Loss: 0.3343840
EarlyStopping counter: 1 out of 3
Updating learning rate to 7.8125e-06
	iters: 100, epoch: 9 | loss: 0.4855375
	speed: 0.1671s/iter; left time: 735.6494s
	iters: 200, epoch: 9 | loss: 0.8390953
	speed: 0.0273s/iter; left time: 117.4911s
	iters: 300, epoch: 9 | loss: 0.6792787
	speed: 0.0275s/iter; left time: 115.4550s
	iters: 400, epoch: 9 | loss: 0.5131485
	speed: 0.0274s/iter; left time: 112.3998s
	iters: 500, epoch: 9 | loss: 0.5715280
	speed: 0.0275s/iter; left time: 110.2779s
	iters: 600, epoch: 9 | loss: 0.4456930
	speed: 0.0273s/iter; left time: 106.7257s
	iters: 700, epoch: 9 | loss: 0.8123738
	speed: 0.0269s/iter; left time: 102.3150s
	iters: 800, epoch: 9 | loss: 0.9205824
	speed: 0.0270s/iter; left time: 99.8931s
	iters: 900, epoch: 9 | loss: 0.8032413
	speed: 0.0268s/iter; left time: 96.6513s
	iters: 1000, epoch: 9 | loss: 0.5554761
	speed: 0.0276s/iter; left time: 96.6712s
	iters: 1100, epoch: 9 | loss: 0.5918043
	speed: 0.0284s/iter; left time: 96.5200s
	iters: 1200, epoch: 9 | loss: 0.4937903
	speed: 0.0288s/iter; left time: 95.2049s
	iters: 1300, epoch: 9 | loss: 0.7431954
	speed: 0.0280s/iter; left time: 89.6314s
	iters: 1400, epoch: 9 | loss: 0.4805749
	speed: 0.0279s/iter; left time: 86.6560s
	iters: 1500, epoch: 9 | loss: 0.6892217
	speed: 0.0267s/iter; left time: 80.2561s
	iters: 1600, epoch: 9 | loss: 0.5128310
	speed: 0.0274s/iter; left time: 79.4302s
	iters: 1700, epoch: 9 | loss: 0.5570183
	speed: 0.0269s/iter; left time: 75.3800s
	iters: 1800, epoch: 9 | loss: 1.1022636
	speed: 0.0282s/iter; left time: 76.1996s
	iters: 1900, epoch: 9 | loss: 0.7674627
	speed: 0.0269s/iter; left time: 69.9138s
	iters: 2000, epoch: 9 | loss: 0.4136293
	speed: 0.0279s/iter; left time: 69.9202s
	iters: 2100, epoch: 9 | loss: 0.5300298
	speed: 0.0261s/iter; left time: 62.7373s
	iters: 2200, epoch: 9 | loss: 0.5118344
	speed: 0.0263s/iter; left time: 60.6175s
Epoch: 9 cost time: 62.493571758270264
Epoch: 9, Steps: 2251 | Train Loss: 0.6383529 Vali Loss: 0.6714460 Test Loss: 0.3343393
EarlyStopping counter: 2 out of 3
Updating learning rate to 3.90625e-06
	iters: 100, epoch: 10 | loss: 0.5223281
	speed: 0.1679s/iter; left time: 361.3435s
	iters: 200, epoch: 10 | loss: 0.6588278
	speed: 0.0259s/iter; left time: 53.0960s
	iters: 300, epoch: 10 | loss: 0.6313446
	speed: 0.0272s/iter; left time: 53.0327s
	iters: 400, epoch: 10 | loss: 0.6506547
	speed: 0.0267s/iter; left time: 49.4486s
	iters: 500, epoch: 10 | loss: 0.5226924
	speed: 0.0269s/iter; left time: 47.0768s
	iters: 600, epoch: 10 | loss: 0.5008353
	speed: 0.0273s/iter; left time: 45.1725s
	iters: 700, epoch: 10 | loss: 0.5727065
	speed: 0.0271s/iter; left time: 42.0157s
	iters: 800, epoch: 10 | loss: 0.5508204
	speed: 0.0275s/iter; left time: 39.9803s
	iters: 900, epoch: 10 | loss: 0.8141328
	speed: 0.0274s/iter; left time: 37.0651s
	iters: 1000, epoch: 10 | loss: 0.5240878
	speed: 0.0266s/iter; left time: 33.3210s
	iters: 1100, epoch: 10 | loss: 0.4624676
	speed: 0.0276s/iter; left time: 31.8189s
	iters: 1200, epoch: 10 | loss: 0.8781510
	speed: 0.0287s/iter; left time: 30.2120s
	iters: 1300, epoch: 10 | loss: 0.5287242
	speed: 0.0281s/iter; left time: 26.7152s
	iters: 1400, epoch: 10 | loss: 0.9984084
	speed: 0.0279s/iter; left time: 23.7537s
	iters: 1500, epoch: 10 | loss: 0.5435375
	speed: 0.0264s/iter; left time: 19.8713s
	iters: 1600, epoch: 10 | loss: 0.6357141
	speed: 0.0273s/iter; left time: 17.8298s
	iters: 1700, epoch: 10 | loss: 1.0111928
	speed: 0.0277s/iter; left time: 15.2781s
	iters: 1800, epoch: 10 | loss: 0.8550888
	speed: 0.0263s/iter; left time: 11.8656s
	iters: 1900, epoch: 10 | loss: 0.5354931
	speed: 0.0274s/iter; left time: 9.6552s
	iters: 2000, epoch: 10 | loss: 0.5373281
	speed: 0.0266s/iter; left time: 6.7103s
	iters: 2100, epoch: 10 | loss: 0.4933355
	speed: 0.0281s/iter; left time: 4.2758s
	iters: 2200, epoch: 10 | loss: 0.6619053
	speed: 0.0264s/iter; left time: 1.3742s
Epoch: 10 cost time: 62.16926050186157
Epoch: 10, Steps: 2251 | Train Loss: 0.6381924 Vali Loss: 0.6713261 Test Loss: 0.3343634
EarlyStopping counter: 3 out of 3
Early stopping
>>>>>>>testing : weather_144_720_RLinear_custom_ftM_sl144_ll48_pl720_dm512_nh8_el2_dl1_df2048_fc1_ebtimeF_dtTrue_Exp_0<<<<<<<<<<<<<<<<<<<<<<<<<<<<<<<<<
test 9820
mse:0.33439451456069946, mae:0.3330780863761902
