Args in experiment:
Namespace(activation='gelu', batch_size=16, c_out=7, checkpoints='/spo/NewbornTime/tahir098/SVF/data/Extra/checkpoints/', d_ff=2048, d_layers=1, d_model=512, data='custom', data_path='weather.csv', dec_in=7, des='Exp', devices='0,1,2,3', distil=True, do_predict=False, dropout=0.05, e_layers=2, embed='timeF', embed_type=0, enc_in=21, factor=1, features='M', freq='h', gpu=0, individual=False, is_training=1, itr=1, label_len=48, learning_rate=0.001, loss='mse', lradj='type1', model='RLinear', model_id='weather_72_720', moving_avg=25, n_heads=8, num_workers=10, output_attention=False, patience=3, pred_len=720, root_path='./dataset/', seq_len=72, target='OT', test_flop=False, train_epochs=10, train_only=False, use_amp=False, use_gpu=True, use_multi_gpu=False)
Use GPU: cuda:0
>>>>>>>start training : weather_72_720_RLinear_custom_ftM_sl72_ll48_pl720_dm512_nh8_el2_dl1_df2048_fc1_ebtimeF_dtTrue_Exp_0>>>>>>>>>>>>>>>>>>>>>>>>>>
train 36096
val 4551
test 9820
	iters: 100, epoch: 1 | loss: 0.6455749
	speed: 0.0323s/iter; left time: 724.5782s
	iters: 200, epoch: 1 | loss: 1.7525187
	speed: 0.0246s/iter; left time: 550.9595s
	iters: 300, epoch: 1 | loss: 0.7941446
	speed: 0.0244s/iter; left time: 542.4481s
	iters: 400, epoch: 1 | loss: 1.2095447
	speed: 0.0240s/iter; left time: 532.4795s
	iters: 500, epoch: 1 | loss: 0.4862045
	speed: 0.0243s/iter; left time: 536.1304s
	iters: 600, epoch: 1 | loss: 0.7164434
	speed: 0.0228s/iter; left time: 500.6949s
	iters: 700, epoch: 1 | loss: 0.6830834
	speed: 0.0214s/iter; left time: 466.8394s
	iters: 800, epoch: 1 | loss: 0.9210967
	speed: 0.0216s/iter; left time: 470.9207s
	iters: 900, epoch: 1 | loss: 0.6590169
	speed: 0.0218s/iter; left time: 472.6714s
	iters: 1000, epoch: 1 | loss: 0.6349410
	speed: 0.0235s/iter; left time: 506.6050s
	iters: 1100, epoch: 1 | loss: 1.1146245
	speed: 0.0213s/iter; left time: 457.6012s
	iters: 1200, epoch: 1 | loss: 0.6213756
	speed: 0.0213s/iter; left time: 454.3386s
	iters: 1300, epoch: 1 | loss: 0.8051491
	speed: 0.0213s/iter; left time: 453.2446s
	iters: 1400, epoch: 1 | loss: 0.7268714
	speed: 0.0215s/iter; left time: 455.3015s
	iters: 1500, epoch: 1 | loss: 0.5094217
	speed: 0.0211s/iter; left time: 443.5488s
	iters: 1600, epoch: 1 | loss: 0.5005152
	speed: 0.0221s/iter; left time: 463.4924s
	iters: 1700, epoch: 1 | loss: 0.7752560
	speed: 0.0215s/iter; left time: 447.9732s
	iters: 1800, epoch: 1 | loss: 0.8507442
	speed: 0.0212s/iter; left time: 439.1364s
	iters: 1900, epoch: 1 | loss: 0.9150512
	speed: 0.0217s/iter; left time: 448.0996s
	iters: 2000, epoch: 1 | loss: 0.4838584
	speed: 0.0216s/iter; left time: 443.7381s
	iters: 2100, epoch: 1 | loss: 0.6642190
	speed: 0.0212s/iter; left time: 433.8013s
	iters: 2200, epoch: 1 | loss: 0.5800365
	speed: 0.0217s/iter; left time: 441.7882s
Epoch: 1 cost time: 51.115837812423706
Epoch: 1, Steps: 2256 | Train Loss: 0.7413983 Vali Loss: 0.7376114 Test Loss: 0.3575232
Validation loss decreased (inf --> 0.737611).  Saving model ...
Updating learning rate to 0.001
	iters: 100, epoch: 2 | loss: 0.6999225
	speed: 0.1210s/iter; left time: 2444.1698s
	iters: 200, epoch: 2 | loss: 1.0679456
	speed: 0.0217s/iter; left time: 436.9862s
	iters: 300, epoch: 2 | loss: 0.8647125
	speed: 0.0197s/iter; left time: 393.4826s
	iters: 400, epoch: 2 | loss: 0.9386366
	speed: 0.0187s/iter; left time: 372.3852s
	iters: 500, epoch: 2 | loss: 0.7310823
	speed: 0.0214s/iter; left time: 424.5103s
	iters: 600, epoch: 2 | loss: 0.8395997
	speed: 0.0218s/iter; left time: 428.7743s
	iters: 700, epoch: 2 | loss: 0.5908034
	speed: 0.0211s/iter; left time: 412.7893s
	iters: 800, epoch: 2 | loss: 0.6325985
	speed: 0.0211s/iter; left time: 410.7331s
	iters: 900, epoch: 2 | loss: 0.9501062
	speed: 0.0229s/iter; left time: 444.1360s
	iters: 1000, epoch: 2 | loss: 0.5854464
	speed: 0.0212s/iter; left time: 409.8732s
	iters: 1100, epoch: 2 | loss: 0.7833730
	speed: 0.0225s/iter; left time: 432.7338s
	iters: 1200, epoch: 2 | loss: 0.8092606
	speed: 0.0218s/iter; left time: 416.9555s
	iters: 1300, epoch: 2 | loss: 0.6099210
	speed: 0.0216s/iter; left time: 410.0297s
	iters: 1400, epoch: 2 | loss: 0.5518808
	speed: 0.0217s/iter; left time: 409.7901s
	iters: 1500, epoch: 2 | loss: 0.5929380
	speed: 0.0207s/iter; left time: 389.7589s
	iters: 1600, epoch: 2 | loss: 0.5420362
	speed: 0.0188s/iter; left time: 351.5223s
	iters: 1700, epoch: 2 | loss: 0.6566835
	speed: 0.0180s/iter; left time: 335.6901s
	iters: 1800, epoch: 2 | loss: 0.5464591
	speed: 0.0181s/iter; left time: 334.3307s
	iters: 1900, epoch: 2 | loss: 0.8064661
	speed: 0.0209s/iter; left time: 384.5695s
	iters: 2000, epoch: 2 | loss: 0.6699078
	speed: 0.0234s/iter; left time: 428.3274s
	iters: 2100, epoch: 2 | loss: 0.6756818
	speed: 0.0225s/iter; left time: 410.0168s
	iters: 2200, epoch: 2 | loss: 0.6565357
	speed: 0.0217s/iter; left time: 392.2929s
Epoch: 2 cost time: 48.17988324165344
Epoch: 2, Steps: 2256 | Train Loss: 0.7135544 Vali Loss: 0.7332954 Test Loss: 0.3562838
Validation loss decreased (0.737611 --> 0.733295).  Saving model ...
Updating learning rate to 0.0005
	iters: 100, epoch: 3 | loss: 0.6135384
	speed: 0.1250s/iter; left time: 2244.1210s
	iters: 200, epoch: 3 | loss: 0.5448756
	speed: 0.0228s/iter; left time: 406.7872s
	iters: 300, epoch: 3 | loss: 0.7224987
	speed: 0.0193s/iter; left time: 342.6460s
	iters: 400, epoch: 3 | loss: 0.5308411
	speed: 0.0207s/iter; left time: 365.7095s
	iters: 500, epoch: 3 | loss: 0.6364963
	speed: 0.0217s/iter; left time: 381.6219s
	iters: 600, epoch: 3 | loss: 0.5418717
	speed: 0.0243s/iter; left time: 423.8329s
	iters: 700, epoch: 3 | loss: 0.5715257
	speed: 0.0235s/iter; left time: 406.9212s
	iters: 800, epoch: 3 | loss: 0.8388479
	speed: 0.0190s/iter; left time: 327.4533s
	iters: 900, epoch: 3 | loss: 0.6776984
	speed: 0.0206s/iter; left time: 353.3909s
	iters: 1000, epoch: 3 | loss: 0.5672613
	speed: 0.0207s/iter; left time: 352.1938s
	iters: 1100, epoch: 3 | loss: 0.6292470
	speed: 0.0206s/iter; left time: 349.9141s
	iters: 1200, epoch: 3 | loss: 0.7871441
	speed: 0.0213s/iter; left time: 358.4613s
	iters: 1300, epoch: 3 | loss: 0.8158680
	speed: 0.0213s/iter; left time: 356.8893s
	iters: 1400, epoch: 3 | loss: 0.6188805
	speed: 0.0214s/iter; left time: 356.5505s
	iters: 1500, epoch: 3 | loss: 0.5748065
	speed: 0.0213s/iter; left time: 352.6213s
	iters: 1600, epoch: 3 | loss: 0.9980059
	speed: 0.0214s/iter; left time: 351.2711s
	iters: 1700, epoch: 3 | loss: 0.7629253
	speed: 0.0215s/iter; left time: 350.7734s
	iters: 1800, epoch: 3 | loss: 0.6122365
	speed: 0.0216s/iter; left time: 351.2026s
	iters: 1900, epoch: 3 | loss: 0.7726595
	speed: 0.0210s/iter; left time: 339.7131s
	iters: 2000, epoch: 3 | loss: 0.7431309
	speed: 0.0236s/iter; left time: 378.6054s
	iters: 2100, epoch: 3 | loss: 0.8438861
	speed: 0.0229s/iter; left time: 364.6111s
	iters: 2200, epoch: 3 | loss: 0.5246820
	speed: 0.0211s/iter; left time: 334.2704s
Epoch: 3 cost time: 49.23724341392517
Epoch: 3, Steps: 2256 | Train Loss: 0.7038372 Vali Loss: 0.7293437 Test Loss: 0.3549538
Validation loss decreased (0.733295 --> 0.729344).  Saving model ...
Updating learning rate to 0.00025
	iters: 100, epoch: 4 | loss: 0.5835314
	speed: 0.1232s/iter; left time: 1933.5268s
	iters: 200, epoch: 4 | loss: 0.6299500
	speed: 0.0204s/iter; left time: 318.3164s
	iters: 300, epoch: 4 | loss: 0.7792885
	speed: 0.0227s/iter; left time: 351.4127s
	iters: 400, epoch: 4 | loss: 0.7389221
	speed: 0.0243s/iter; left time: 374.1216s
	iters: 500, epoch: 4 | loss: 0.6609080
	speed: 0.0233s/iter; left time: 356.7151s
	iters: 600, epoch: 4 | loss: 1.0785033
	speed: 0.0222s/iter; left time: 337.3500s
	iters: 700, epoch: 4 | loss: 0.9137692
	speed: 0.0180s/iter; left time: 271.6665s
	iters: 800, epoch: 4 | loss: 0.8438722
	speed: 0.0216s/iter; left time: 324.1527s
	iters: 900, epoch: 4 | loss: 0.5890811
	speed: 0.0233s/iter; left time: 346.9037s
	iters: 1000, epoch: 4 | loss: 0.6375503
	speed: 0.0220s/iter; left time: 325.1478s
	iters: 1100, epoch: 4 | loss: 0.7587769
	speed: 0.0230s/iter; left time: 338.3709s
	iters: 1200, epoch: 4 | loss: 0.5452986
	speed: 0.0241s/iter; left time: 352.1853s
	iters: 1300, epoch: 4 | loss: 0.6521587
	speed: 0.0239s/iter; left time: 346.6778s
	iters: 1400, epoch: 4 | loss: 0.6453453
	speed: 0.0240s/iter; left time: 346.0347s
	iters: 1500, epoch: 4 | loss: 0.9236131
	speed: 0.0225s/iter; left time: 322.0659s
	iters: 1600, epoch: 4 | loss: 0.6615112
	speed: 0.0216s/iter; left time: 305.9092s
	iters: 1700, epoch: 4 | loss: 0.6323015
	speed: 0.0236s/iter; left time: 332.0222s
	iters: 1800, epoch: 4 | loss: 0.6389811
	speed: 0.0245s/iter; left time: 342.5763s
	iters: 1900, epoch: 4 | loss: 0.6092131
	speed: 0.0227s/iter; left time: 314.8518s
	iters: 2000, epoch: 4 | loss: 0.9131241
	speed: 0.0244s/iter; left time: 336.1049s
	iters: 2100, epoch: 4 | loss: 0.9398418
	speed: 0.0236s/iter; left time: 323.4726s
	iters: 2200, epoch: 4 | loss: 0.7616690
	speed: 0.0213s/iter; left time: 290.0220s
Epoch: 4 cost time: 51.62148594856262
Epoch: 4, Steps: 2256 | Train Loss: 0.7001523 Vali Loss: 0.7297578 Test Loss: 0.3553047
EarlyStopping counter: 1 out of 3
Updating learning rate to 0.000125
	iters: 100, epoch: 5 | loss: 0.6119903
	speed: 0.1218s/iter; left time: 1637.1351s
	iters: 200, epoch: 5 | loss: 0.6154419
	speed: 0.0253s/iter; left time: 336.9486s
	iters: 300, epoch: 5 | loss: 0.9373155
	speed: 0.0245s/iter; left time: 324.8657s
	iters: 400, epoch: 5 | loss: 0.7932475
	speed: 0.0242s/iter; left time: 318.0256s
	iters: 500, epoch: 5 | loss: 0.5726749
	speed: 0.0241s/iter; left time: 313.8139s
	iters: 600, epoch: 5 | loss: 0.5653194
	speed: 0.0220s/iter; left time: 284.1835s
	iters: 700, epoch: 5 | loss: 0.6501650
	speed: 0.0239s/iter; left time: 306.7433s
	iters: 800, epoch: 5 | loss: 0.5853701
	speed: 0.0215s/iter; left time: 274.3123s
	iters: 900, epoch: 5 | loss: 0.9036992
	speed: 0.0233s/iter; left time: 294.7564s
	iters: 1000, epoch: 5 | loss: 0.5851985
	speed: 0.0220s/iter; left time: 275.9810s
	iters: 1100, epoch: 5 | loss: 0.6452953
	speed: 0.0206s/iter; left time: 256.0285s
	iters: 1200, epoch: 5 | loss: 0.5076436
	speed: 0.0184s/iter; left time: 227.5049s
	iters: 1300, epoch: 5 | loss: 0.5899094
	speed: 0.0200s/iter; left time: 244.3617s
	iters: 1400, epoch: 5 | loss: 0.5908110
	speed: 0.0215s/iter; left time: 260.7508s
	iters: 1500, epoch: 5 | loss: 0.8506272
	speed: 0.0225s/iter; left time: 271.3499s
	iters: 1600, epoch: 5 | loss: 0.5194933
	speed: 0.0207s/iter; left time: 247.4652s
	iters: 1700, epoch: 5 | loss: 0.7020642
	speed: 0.0218s/iter; left time: 258.4608s
	iters: 1800, epoch: 5 | loss: 0.5636064
	speed: 0.0219s/iter; left time: 257.6043s
	iters: 1900, epoch: 5 | loss: 0.6432275
	speed: 0.0210s/iter; left time: 244.1717s
	iters: 2000, epoch: 5 | loss: 0.9427733
	speed: 0.0216s/iter; left time: 249.7305s
	iters: 2100, epoch: 5 | loss: 0.4940062
	speed: 0.0211s/iter; left time: 241.4912s
	iters: 2200, epoch: 5 | loss: 0.6962508
	speed: 0.0207s/iter; left time: 235.1606s
Epoch: 5 cost time: 50.22898316383362
Epoch: 5, Steps: 2256 | Train Loss: 0.6982724 Vali Loss: 0.7292641 Test Loss: 0.3551881
Validation loss decreased (0.729344 --> 0.729264).  Saving model ...
Updating learning rate to 6.25e-05
	iters: 100, epoch: 6 | loss: 0.8640920
	speed: 0.1210s/iter; left time: 1352.7159s
	iters: 200, epoch: 6 | loss: 0.8249598
	speed: 0.0221s/iter; left time: 245.1177s
	iters: 300, epoch: 6 | loss: 0.5492633
	speed: 0.0201s/iter; left time: 220.6971s
	iters: 400, epoch: 6 | loss: 0.8892880
	speed: 0.0214s/iter; left time: 232.6809s
	iters: 500, epoch: 6 | loss: 0.6729931
	speed: 0.0216s/iter; left time: 232.6690s
	iters: 600, epoch: 6 | loss: 0.6732551
	speed: 0.0214s/iter; left time: 228.5050s
	iters: 700, epoch: 6 | loss: 0.6836016
	speed: 0.0210s/iter; left time: 222.3800s
	iters: 800, epoch: 6 | loss: 0.6354464
	speed: 0.0232s/iter; left time: 243.2018s
	iters: 900, epoch: 6 | loss: 0.5329439
	speed: 0.0232s/iter; left time: 240.6184s
	iters: 1000, epoch: 6 | loss: 0.7299860
	speed: 0.0217s/iter; left time: 222.8682s
	iters: 1100, epoch: 6 | loss: 1.4001098
	speed: 0.0213s/iter; left time: 217.3188s
	iters: 1200, epoch: 6 | loss: 0.5958701
	speed: 0.0212s/iter; left time: 213.4508s
	iters: 1300, epoch: 6 | loss: 0.8117523
	speed: 0.0215s/iter; left time: 214.1108s
	iters: 1400, epoch: 6 | loss: 0.7901818
	speed: 0.0222s/iter; left time: 219.0210s
	iters: 1500, epoch: 6 | loss: 0.6731244
	speed: 0.0230s/iter; left time: 225.1548s
	iters: 1600, epoch: 6 | loss: 0.6471782
	speed: 0.0211s/iter; left time: 204.5487s
	iters: 1700, epoch: 6 | loss: 0.6891963
	speed: 0.0221s/iter; left time: 211.5869s
	iters: 1800, epoch: 6 | loss: 0.9229240
	speed: 0.0207s/iter; left time: 196.4188s
	iters: 1900, epoch: 6 | loss: 0.9006533
	speed: 0.0205s/iter; left time: 192.6218s
	iters: 2000, epoch: 6 | loss: 0.5077227
	speed: 0.0217s/iter; left time: 201.0085s
	iters: 2100, epoch: 6 | loss: 0.6728133
	speed: 0.0203s/iter; left time: 186.7486s
	iters: 2200, epoch: 6 | loss: 0.4278153
	speed: 0.0218s/iter; left time: 197.7559s
Epoch: 6 cost time: 49.40662980079651
Epoch: 6, Steps: 2256 | Train Loss: 0.6975545 Vali Loss: 0.7285228 Test Loss: 0.3548232
Validation loss decreased (0.729264 --> 0.728523).  Saving model ...
Updating learning rate to 3.125e-05
	iters: 100, epoch: 7 | loss: 0.5836056
	speed: 0.1265s/iter; left time: 1128.8986s
	iters: 200, epoch: 7 | loss: 0.5961718
	speed: 0.0226s/iter; left time: 199.1188s
	iters: 300, epoch: 7 | loss: 0.5269649
	speed: 0.0237s/iter; left time: 206.8763s
	iters: 400, epoch: 7 | loss: 0.6152544
	speed: 0.0246s/iter; left time: 211.8330s
	iters: 500, epoch: 7 | loss: 0.6541560
	speed: 0.0224s/iter; left time: 190.9083s
	iters: 600, epoch: 7 | loss: 0.5865537
	speed: 0.0226s/iter; left time: 190.6676s
	iters: 700, epoch: 7 | loss: 0.8207803
	speed: 0.0221s/iter; left time: 183.5749s
	iters: 800, epoch: 7 | loss: 0.6177232
	speed: 0.0219s/iter; left time: 179.9783s
	iters: 900, epoch: 7 | loss: 0.6687978
	speed: 0.0211s/iter; left time: 171.1371s
	iters: 1000, epoch: 7 | loss: 0.6050541
	speed: 0.0213s/iter; left time: 170.6369s
	iters: 1100, epoch: 7 | loss: 0.8945945
	speed: 0.0220s/iter; left time: 174.3292s
	iters: 1200, epoch: 7 | loss: 0.9205652
	speed: 0.0222s/iter; left time: 173.5599s
	iters: 1300, epoch: 7 | loss: 0.5252208
	speed: 0.0219s/iter; left time: 169.0960s
	iters: 1400, epoch: 7 | loss: 0.5461199
	speed: 0.0212s/iter; left time: 161.5423s
	iters: 1500, epoch: 7 | loss: 0.5928755
	speed: 0.0212s/iter; left time: 159.2127s
	iters: 1600, epoch: 7 | loss: 0.6561399
	speed: 0.0218s/iter; left time: 162.1519s
	iters: 1700, epoch: 7 | loss: 0.7896484
	speed: 0.0201s/iter; left time: 147.3335s
	iters: 1800, epoch: 7 | loss: 0.8221680
	speed: 0.0213s/iter; left time: 153.9243s
	iters: 1900, epoch: 7 | loss: 0.5715663
	speed: 0.0213s/iter; left time: 151.5917s
	iters: 2000, epoch: 7 | loss: 0.7822044
	speed: 0.0213s/iter; left time: 149.4757s
	iters: 2100, epoch: 7 | loss: 0.5813724
	speed: 0.0208s/iter; left time: 143.7882s
	iters: 2200, epoch: 7 | loss: 0.6829631
	speed: 0.0211s/iter; left time: 143.8384s
Epoch: 7 cost time: 49.943087339401245
Epoch: 7, Steps: 2256 | Train Loss: 0.6972071 Vali Loss: 0.7277543 Test Loss: 0.3548279
Validation loss decreased (0.728523 --> 0.727754).  Saving model ...
Updating learning rate to 1.5625e-05
	iters: 100, epoch: 8 | loss: 0.6521248
	speed: 0.1245s/iter; left time: 830.2362s
	iters: 200, epoch: 8 | loss: 0.4850118
	speed: 0.0244s/iter; left time: 160.5229s
	iters: 300, epoch: 8 | loss: 0.5923322
	speed: 0.0243s/iter; left time: 157.2756s
	iters: 400, epoch: 8 | loss: 0.8868161
	speed: 0.0231s/iter; left time: 146.9404s
	iters: 500, epoch: 8 | loss: 0.6735596
	speed: 0.0213s/iter; left time: 133.6538s
	iters: 600, epoch: 8 | loss: 0.5421435
	speed: 0.0193s/iter; left time: 118.8199s
	iters: 700, epoch: 8 | loss: 0.5588368
	speed: 0.0182s/iter; left time: 110.6353s
	iters: 800, epoch: 8 | loss: 0.6630082
	speed: 0.0209s/iter; left time: 124.7019s
	iters: 900, epoch: 8 | loss: 0.6099213
	speed: 0.0198s/iter; left time: 116.0511s
	iters: 1000, epoch: 8 | loss: 0.6941400
	speed: 0.0215s/iter; left time: 123.8392s
	iters: 1100, epoch: 8 | loss: 0.7939470
	speed: 0.0213s/iter; left time: 120.5817s
	iters: 1200, epoch: 8 | loss: 0.8864908
	speed: 0.0220s/iter; left time: 122.4461s
	iters: 1300, epoch: 8 | loss: 0.9600103
	speed: 0.0203s/iter; left time: 111.1718s
	iters: 1400, epoch: 8 | loss: 0.6361974
	speed: 0.0213s/iter; left time: 114.4741s
	iters: 1500, epoch: 8 | loss: 0.5602407
	speed: 0.0205s/iter; left time: 107.9144s
	iters: 1600, epoch: 8 | loss: 0.5441778
	speed: 0.0211s/iter; left time: 109.1855s
	iters: 1700, epoch: 8 | loss: 0.5849180
	speed: 0.0216s/iter; left time: 109.7070s
	iters: 1800, epoch: 8 | loss: 0.5548556
	speed: 0.0221s/iter; left time: 109.7188s
	iters: 1900, epoch: 8 | loss: 1.1252680
	speed: 0.0215s/iter; left time: 104.6995s
	iters: 2000, epoch: 8 | loss: 0.5715411
	speed: 0.0247s/iter; left time: 117.9944s
	iters: 2100, epoch: 8 | loss: 0.6694173
	speed: 0.0245s/iter; left time: 114.2703s
	iters: 2200, epoch: 8 | loss: 0.5402833
	speed: 0.0244s/iter; left time: 111.2736s
Epoch: 8 cost time: 50.17451858520508
Epoch: 8, Steps: 2256 | Train Loss: 0.6967869 Vali Loss: 0.7282146 Test Loss: 0.3548679
EarlyStopping counter: 1 out of 3
Updating learning rate to 7.8125e-06
	iters: 100, epoch: 9 | loss: 0.7336126
	speed: 0.1252s/iter; left time: 552.4182s
	iters: 200, epoch: 9 | loss: 0.8913658
	speed: 0.0224s/iter; left time: 96.5093s
	iters: 300, epoch: 9 | loss: 0.6625484
	speed: 0.0241s/iter; left time: 101.6249s
	iters: 400, epoch: 9 | loss: 0.7063890
	speed: 0.0246s/iter; left time: 101.1587s
	iters: 500, epoch: 9 | loss: 0.7911641
	speed: 0.0221s/iter; left time: 88.5322s
	iters: 600, epoch: 9 | loss: 0.6133716
	speed: 0.0223s/iter; left time: 87.2271s
	iters: 700, epoch: 9 | loss: 1.0601082
	speed: 0.0214s/iter; left time: 81.7065s
	iters: 800, epoch: 9 | loss: 0.6311304
	speed: 0.0184s/iter; left time: 68.4037s
	iters: 900, epoch: 9 | loss: 0.4483681
	speed: 0.0194s/iter; left time: 70.0768s
	iters: 1000, epoch: 9 | loss: 0.5511587
	speed: 0.0215s/iter; left time: 75.4341s
	iters: 1100, epoch: 9 | loss: 0.5059782
	speed: 0.0205s/iter; left time: 69.9793s
	iters: 1200, epoch: 9 | loss: 0.6025564
	speed: 0.0228s/iter; left time: 75.5760s
	iters: 1300, epoch: 9 | loss: 0.5967420
	speed: 0.0215s/iter; left time: 69.0909s
	iters: 1400, epoch: 9 | loss: 0.5679011
	speed: 0.0217s/iter; left time: 67.4051s
	iters: 1500, epoch: 9 | loss: 0.5277589
	speed: 0.0215s/iter; left time: 64.8494s
	iters: 1600, epoch: 9 | loss: 0.8813194
	speed: 0.0222s/iter; left time: 64.5756s
	iters: 1700, epoch: 9 | loss: 0.5600522
	speed: 0.0212s/iter; left time: 59.7470s
	iters: 1800, epoch: 9 | loss: 0.7569939
	speed: 0.0214s/iter; left time: 58.0589s
	iters: 1900, epoch: 9 | loss: 0.6156330
	speed: 0.0212s/iter; left time: 55.4568s
	iters: 2000, epoch: 9 | loss: 0.6244196
	speed: 0.0213s/iter; left time: 53.4978s
	iters: 2100, epoch: 9 | loss: 0.5994858
	speed: 0.0210s/iter; left time: 50.6338s
	iters: 2200, epoch: 9 | loss: 0.5673691
	speed: 0.0200s/iter; left time: 46.2445s
Epoch: 9 cost time: 49.381922483444214
Epoch: 9, Steps: 2256 | Train Loss: 0.6964584 Vali Loss: 0.7277998 Test Loss: 0.3548570
EarlyStopping counter: 2 out of 3
Updating learning rate to 3.90625e-06
	iters: 100, epoch: 10 | loss: 0.5566478
	speed: 0.1226s/iter; left time: 264.4370s
	iters: 200, epoch: 10 | loss: 0.8108380
	speed: 0.0215s/iter; left time: 44.2570s
	iters: 300, epoch: 10 | loss: 0.8896786
	speed: 0.0217s/iter; left time: 42.4370s
	iters: 400, epoch: 10 | loss: 0.8794445
	speed: 0.0209s/iter; left time: 38.8139s
	iters: 500, epoch: 10 | loss: 0.5708263
	speed: 0.0184s/iter; left time: 32.3602s
	iters: 600, epoch: 10 | loss: 0.5807985
	speed: 0.0216s/iter; left time: 35.7299s
	iters: 700, epoch: 10 | loss: 0.7106618
	speed: 0.0216s/iter; left time: 33.5769s
	iters: 800, epoch: 10 | loss: 0.5986614
	speed: 0.0217s/iter; left time: 31.5669s
	iters: 900, epoch: 10 | loss: 1.1313303
	speed: 0.0212s/iter; left time: 28.8240s
	iters: 1000, epoch: 10 | loss: 0.6037812
	speed: 0.0224s/iter; left time: 28.1786s
	iters: 1100, epoch: 10 | loss: 0.6353167
	speed: 0.0216s/iter; left time: 25.0037s
	iters: 1200, epoch: 10 | loss: 0.7361630
	speed: 0.0215s/iter; left time: 22.6830s
	iters: 1300, epoch: 10 | loss: 0.9627493
	speed: 0.0211s/iter; left time: 20.1906s
	iters: 1400, epoch: 10 | loss: 0.7224122
	speed: 0.0181s/iter; left time: 15.4997s
	iters: 1500, epoch: 10 | loss: 0.5870451
	speed: 0.0194s/iter; left time: 14.6607s
	iters: 1600, epoch: 10 | loss: 0.8549007
	speed: 0.0217s/iter; left time: 14.2589s
	iters: 1700, epoch: 10 | loss: 0.5208317
	speed: 0.0214s/iter; left time: 11.9337s
	iters: 1800, epoch: 10 | loss: 0.5156497
	speed: 0.0221s/iter; left time: 10.0840s
	iters: 1900, epoch: 10 | loss: 0.6964506
	speed: 0.0242s/iter; left time: 8.6409s
	iters: 2000, epoch: 10 | loss: 0.6546251
	speed: 0.0218s/iter; left time: 5.6028s
	iters: 2100, epoch: 10 | loss: 0.5906024
	speed: 0.0227s/iter; left time: 3.5619s
	iters: 2200, epoch: 10 | loss: 0.4991318
	speed: 0.0216s/iter; left time: 1.2328s
Epoch: 10 cost time: 48.922335147857666
Epoch: 10, Steps: 2256 | Train Loss: 0.6967730 Vali Loss: 0.7281626 Test Loss: 0.3548594
EarlyStopping counter: 3 out of 3
Early stopping
>>>>>>>testing : weather_72_720_RLinear_custom_ftM_sl72_ll48_pl720_dm512_nh8_el2_dl1_df2048_fc1_ebtimeF_dtTrue_Exp_0<<<<<<<<<<<<<<<<<<<<<<<<<<<<<<<<<
test 9820
mse:0.35474422574043274, mae:0.34778064489364624
