Args in experiment:
Namespace(activation='gelu', batch_size=16, c_out=7, checkpoints='/spo/NewbornTime/tahir098/SVF/data/Extra/checkpoints/', d_ff=2048, d_layers=1, d_model=512, data='custom', data_path='weather.csv', dec_in=7, des='Exp', devices='0,1,2,3', distil=True, do_predict=False, dropout=0.05, e_layers=2, embed='timeF', embed_type=0, enc_in=21, factor=1, features='M', freq='h', gpu=0, individual=False, is_training=1, itr=1, label_len=48, learning_rate=0.001, loss='mse', lradj='type1', model='RLinear', model_id='weather_672_720', moving_avg=25, n_heads=8, num_workers=10, output_attention=False, patience=3, pred_len=720, root_path='./dataset/', seq_len=672, target='OT', test_flop=False, train_epochs=10, train_only=False, use_amp=False, use_gpu=True, use_multi_gpu=False)
Use GPU: cuda:0
>>>>>>>start training : weather_672_720_RLinear_custom_ftM_sl672_ll48_pl720_dm512_nh8_el2_dl1_df2048_fc1_ebtimeF_dtTrue_Exp_0>>>>>>>>>>>>>>>>>>>>>>>>>>
train 35496
val 4551
test 9820
	iters: 100, epoch: 1 | loss: 0.4809989
	speed: 0.0321s/iter; left time: 709.7667s
	iters: 200, epoch: 1 | loss: 0.6146297
	speed: 0.0246s/iter; left time: 540.5712s
	iters: 300, epoch: 1 | loss: 0.5813084
	speed: 0.0215s/iter; left time: 470.7172s
	iters: 400, epoch: 1 | loss: 0.6000982
	speed: 0.0217s/iter; left time: 471.7883s
	iters: 500, epoch: 1 | loss: 0.5727590
	speed: 0.0220s/iter; left time: 477.9139s
	iters: 600, epoch: 1 | loss: 0.9367482
	speed: 0.0217s/iter; left time: 469.0642s
	iters: 700, epoch: 1 | loss: 0.5770575
	speed: 0.0223s/iter; left time: 479.0319s
	iters: 800, epoch: 1 | loss: 0.7818642
	speed: 0.0217s/iter; left time: 464.0236s
	iters: 900, epoch: 1 | loss: 0.6118097
	speed: 0.0215s/iter; left time: 458.4275s
	iters: 1000, epoch: 1 | loss: 0.4825246
	speed: 0.0234s/iter; left time: 496.6763s
	iters: 1100, epoch: 1 | loss: 0.5579316
	speed: 0.0255s/iter; left time: 537.1863s
	iters: 1200, epoch: 1 | loss: 0.4753736
	speed: 0.0219s/iter; left time: 458.5534s
	iters: 1300, epoch: 1 | loss: 0.5206342
	speed: 0.0220s/iter; left time: 460.0254s
	iters: 1400, epoch: 1 | loss: 0.4850084
	speed: 0.0219s/iter; left time: 455.7352s
	iters: 1500, epoch: 1 | loss: 0.5118532
	speed: 0.0221s/iter; left time: 456.0446s
	iters: 1600, epoch: 1 | loss: 0.6349511
	speed: 0.0216s/iter; left time: 445.2856s
	iters: 1700, epoch: 1 | loss: 0.5799403
	speed: 0.0213s/iter; left time: 436.7143s
	iters: 1800, epoch: 1 | loss: 0.6105717
	speed: 0.0219s/iter; left time: 446.0092s
	iters: 1900, epoch: 1 | loss: 0.4843266
	speed: 0.0215s/iter; left time: 436.7121s
	iters: 2000, epoch: 1 | loss: 0.6919540
	speed: 0.0219s/iter; left time: 441.3691s
	iters: 2100, epoch: 1 | loss: 0.7397798
	speed: 0.0234s/iter; left time: 470.4352s
	iters: 2200, epoch: 1 | loss: 0.5301795
	speed: 0.0226s/iter; left time: 451.5459s
Epoch: 1 cost time: 50.51021671295166
Epoch: 1, Steps: 2218 | Train Loss: 0.6745014 Vali Loss: 0.6334335 Test Loss: 0.3253187
Validation loss decreased (inf --> 0.633433).  Saving model ...
Updating learning rate to 0.001
	iters: 100, epoch: 2 | loss: 0.4627405
	speed: 0.1284s/iter; left time: 2550.9430s
	iters: 200, epoch: 2 | loss: 0.7121916
	speed: 0.0222s/iter; left time: 437.8069s
	iters: 300, epoch: 2 | loss: 0.4407893
	speed: 0.0218s/iter; left time: 429.1787s
	iters: 400, epoch: 2 | loss: 0.6721073
	speed: 0.0214s/iter; left time: 419.0842s
	iters: 500, epoch: 2 | loss: 0.5101965
	speed: 0.0217s/iter; left time: 421.5757s
	iters: 600, epoch: 2 | loss: 0.5285235
	speed: 0.0210s/iter; left time: 407.1725s
	iters: 700, epoch: 2 | loss: 0.5421553
	speed: 0.0217s/iter; left time: 417.8915s
	iters: 800, epoch: 2 | loss: 0.5954379
	speed: 0.0214s/iter; left time: 410.4721s
	iters: 900, epoch: 2 | loss: 0.6595817
	speed: 0.0225s/iter; left time: 429.7178s
	iters: 1000, epoch: 2 | loss: 0.4933839
	speed: 0.0241s/iter; left time: 456.6277s
	iters: 1100, epoch: 2 | loss: 0.4916923
	speed: 0.0217s/iter; left time: 410.0379s
	iters: 1200, epoch: 2 | loss: 0.6192392
	speed: 0.0216s/iter; left time: 405.9404s
	iters: 1300, epoch: 2 | loss: 0.6511779
	speed: 0.0216s/iter; left time: 402.7545s
	iters: 1400, epoch: 2 | loss: 0.5478366
	speed: 0.0215s/iter; left time: 399.3282s
	iters: 1500, epoch: 2 | loss: 1.4094743
	speed: 0.0217s/iter; left time: 400.9469s
	iters: 1600, epoch: 2 | loss: 0.9968293
	speed: 0.0217s/iter; left time: 397.7086s
	iters: 1700, epoch: 2 | loss: 0.5531677
	speed: 0.0213s/iter; left time: 389.0315s
	iters: 1800, epoch: 2 | loss: 0.6207783
	speed: 0.0211s/iter; left time: 382.3907s
	iters: 1900, epoch: 2 | loss: 0.9565261
	speed: 0.0210s/iter; left time: 378.5523s
	iters: 2000, epoch: 2 | loss: 0.6755939
	speed: 0.0223s/iter; left time: 400.5058s
	iters: 2100, epoch: 2 | loss: 0.5400742
	speed: 0.0215s/iter; left time: 384.6656s
	iters: 2200, epoch: 2 | loss: 0.8815017
	speed: 0.0212s/iter; left time: 376.2305s
Epoch: 2 cost time: 48.87157130241394
Epoch: 2, Steps: 2218 | Train Loss: 0.7610252 Vali Loss: 0.6399938 Test Loss: 0.3202451
EarlyStopping counter: 1 out of 3
Updating learning rate to 0.0005
	iters: 100, epoch: 3 | loss: 0.4969854
	speed: 0.1212s/iter; left time: 2139.1886s
	iters: 200, epoch: 3 | loss: 0.5699019
	speed: 0.0230s/iter; left time: 403.8674s
	iters: 300, epoch: 3 | loss: 0.6188517
	speed: 0.0242s/iter; left time: 421.4234s
	iters: 400, epoch: 3 | loss: 0.4663600
	speed: 0.0245s/iter; left time: 424.1969s
	iters: 500, epoch: 3 | loss: 1.1570436
	speed: 0.0261s/iter; left time: 449.5997s
	iters: 600, epoch: 3 | loss: 1.2959256
	speed: 0.0247s/iter; left time: 422.7803s
	iters: 700, epoch: 3 | loss: 0.8047041
	speed: 0.0234s/iter; left time: 398.3968s
	iters: 800, epoch: 3 | loss: 0.5508286
	speed: 0.0237s/iter; left time: 402.1122s
	iters: 900, epoch: 3 | loss: 0.5877333
	speed: 0.0258s/iter; left time: 434.6424s
	iters: 1000, epoch: 3 | loss: 0.6443342
	speed: 0.0235s/iter; left time: 393.5340s
	iters: 1100, epoch: 3 | loss: 1.0021526
	speed: 0.0250s/iter; left time: 416.3125s
	iters: 1200, epoch: 3 | loss: 0.6146829
	speed: 0.0241s/iter; left time: 398.3454s
	iters: 1300, epoch: 3 | loss: 0.8262183
	speed: 0.0241s/iter; left time: 395.9928s
	iters: 1400, epoch: 3 | loss: 0.4738009
	speed: 0.0233s/iter; left time: 380.4552s
	iters: 1500, epoch: 3 | loss: 0.4544055
	speed: 0.0228s/iter; left time: 369.9719s
	iters: 1600, epoch: 3 | loss: 0.9883415
	speed: 0.0185s/iter; left time: 299.3755s
	iters: 1700, epoch: 3 | loss: 0.4602347
	speed: 0.0240s/iter; left time: 384.6525s
	iters: 1800, epoch: 3 | loss: 0.4840445
	speed: 0.0239s/iter; left time: 381.2762s
	iters: 1900, epoch: 3 | loss: 0.5111290
	speed: 0.0247s/iter; left time: 390.7826s
	iters: 2000, epoch: 3 | loss: 0.5461090
	speed: 0.0252s/iter; left time: 396.1682s
	iters: 2100, epoch: 3 | loss: 0.4570485
	speed: 0.0248s/iter; left time: 387.8213s
	iters: 2200, epoch: 3 | loss: 0.4849527
	speed: 0.0247s/iter; left time: 383.6281s
Epoch: 3 cost time: 53.858840227127075
Epoch: 3, Steps: 2218 | Train Loss: 0.6645852 Vali Loss: 0.6052242 Test Loss: 0.3136606
Validation loss decreased (0.633433 --> 0.605224).  Saving model ...
Updating learning rate to 0.00025
	iters: 100, epoch: 4 | loss: 0.5038121
	speed: 0.1272s/iter; left time: 1962.4026s
	iters: 200, epoch: 4 | loss: 0.6722801
	speed: 0.0237s/iter; left time: 363.8893s
	iters: 300, epoch: 4 | loss: 0.9806553
	speed: 0.0236s/iter; left time: 359.9371s
	iters: 400, epoch: 4 | loss: 0.5486752
	speed: 0.0212s/iter; left time: 321.4350s
	iters: 500, epoch: 4 | loss: 0.5176658
	speed: 0.0222s/iter; left time: 334.0285s
	iters: 600, epoch: 4 | loss: 0.4118935
	speed: 0.0232s/iter; left time: 346.0050s
	iters: 700, epoch: 4 | loss: 0.5006249
	speed: 0.0220s/iter; left time: 326.6608s
	iters: 800, epoch: 4 | loss: 0.7618210
	speed: 0.0237s/iter; left time: 349.1614s
	iters: 900, epoch: 4 | loss: 0.8238477
	speed: 0.0229s/iter; left time: 335.3934s
	iters: 1000, epoch: 4 | loss: 1.2482827
	speed: 0.0224s/iter; left time: 325.1542s
	iters: 1100, epoch: 4 | loss: 0.5789289
	speed: 0.0224s/iter; left time: 323.6357s
	iters: 1200, epoch: 4 | loss: 0.5446677
	speed: 0.0225s/iter; left time: 323.0252s
	iters: 1300, epoch: 4 | loss: 0.5139462
	speed: 0.0230s/iter; left time: 327.5674s
	iters: 1400, epoch: 4 | loss: 0.8311640
	speed: 0.0238s/iter; left time: 335.9834s
	iters: 1500, epoch: 4 | loss: 0.9787875
	speed: 0.0220s/iter; left time: 308.4958s
	iters: 1600, epoch: 4 | loss: 0.6568708
	speed: 0.0221s/iter; left time: 307.3164s
	iters: 1700, epoch: 4 | loss: 0.7022066
	speed: 0.0240s/iter; left time: 332.4549s
	iters: 1800, epoch: 4 | loss: 0.4525248
	speed: 0.0231s/iter; left time: 317.4885s
	iters: 1900, epoch: 4 | loss: 1.0544016
	speed: 0.0227s/iter; left time: 310.0018s
	iters: 2000, epoch: 4 | loss: 0.7054511
	speed: 0.0222s/iter; left time: 299.7338s
	iters: 2100, epoch: 4 | loss: 0.4825904
	speed: 0.0247s/iter; left time: 331.9249s
	iters: 2200, epoch: 4 | loss: 1.0108736
	speed: 0.0239s/iter; left time: 318.5117s
Epoch: 4 cost time: 51.95261526107788
Epoch: 4, Steps: 2218 | Train Loss: 0.6250031 Vali Loss: 0.6041818 Test Loss: 0.3108715
Validation loss decreased (0.605224 --> 0.604182).  Saving model ...
Updating learning rate to 0.000125
	iters: 100, epoch: 5 | loss: 0.9060979
	speed: 0.1251s/iter; left time: 1652.2077s
	iters: 200, epoch: 5 | loss: 0.4214830
	speed: 0.0249s/iter; left time: 326.2945s
	iters: 300, epoch: 5 | loss: 0.4680732
	speed: 0.0246s/iter; left time: 319.8761s
	iters: 400, epoch: 5 | loss: 0.8003342
	speed: 0.0241s/iter; left time: 311.6481s
	iters: 500, epoch: 5 | loss: 0.5372230
	speed: 0.0245s/iter; left time: 313.5884s
	iters: 600, epoch: 5 | loss: 0.9108403
	speed: 0.0258s/iter; left time: 327.3595s
	iters: 700, epoch: 5 | loss: 0.5013362
	speed: 0.0276s/iter; left time: 348.6245s
	iters: 800, epoch: 5 | loss: 0.7984234
	speed: 0.0245s/iter; left time: 306.2928s
	iters: 900, epoch: 5 | loss: 0.8788263
	speed: 0.0248s/iter; left time: 307.4301s
	iters: 1000, epoch: 5 | loss: 0.6705880
	speed: 0.0242s/iter; left time: 298.1736s
	iters: 1100, epoch: 5 | loss: 0.5389529
	speed: 0.0242s/iter; left time: 294.8983s
	iters: 1200, epoch: 5 | loss: 0.4811772
	speed: 0.0256s/iter; left time: 310.3863s
	iters: 1300, epoch: 5 | loss: 0.4481817
	speed: 0.0245s/iter; left time: 294.4816s
	iters: 1400, epoch: 5 | loss: 0.4727975
	speed: 0.0243s/iter; left time: 289.2000s
	iters: 1500, epoch: 5 | loss: 0.4321837
	speed: 0.0243s/iter; left time: 286.9655s
	iters: 1600, epoch: 5 | loss: 0.4677522
	speed: 0.0233s/iter; left time: 272.3703s
	iters: 1700, epoch: 5 | loss: 0.7346227
	speed: 0.0221s/iter; left time: 255.9833s
	iters: 1800, epoch: 5 | loss: 0.6833814
	speed: 0.0234s/iter; left time: 269.7556s
	iters: 1900, epoch: 5 | loss: 0.6305296
	speed: 0.0224s/iter; left time: 255.0339s
	iters: 2000, epoch: 5 | loss: 0.4769144
	speed: 0.0226s/iter; left time: 255.7403s
	iters: 2100, epoch: 5 | loss: 0.4343255
	speed: 0.0242s/iter; left time: 271.7781s
	iters: 2200, epoch: 5 | loss: 1.0615690
	speed: 0.0221s/iter; left time: 245.8881s
Epoch: 5 cost time: 54.4503493309021
Epoch: 5, Steps: 2218 | Train Loss: 0.6081568 Vali Loss: 0.5963867 Test Loss: 0.3110890
Validation loss decreased (0.604182 --> 0.596387).  Saving model ...
Updating learning rate to 6.25e-05
	iters: 100, epoch: 6 | loss: 0.8244017
	speed: 0.1216s/iter; left time: 1336.7276s
	iters: 200, epoch: 6 | loss: 0.9200773
	speed: 0.0216s/iter; left time: 235.6896s
	iters: 300, epoch: 6 | loss: 1.0599490
	speed: 0.0210s/iter; left time: 227.0657s
	iters: 400, epoch: 6 | loss: 0.7183728
	speed: 0.0216s/iter; left time: 231.1432s
	iters: 500, epoch: 6 | loss: 0.6362315
	speed: 0.0219s/iter; left time: 232.0289s
	iters: 600, epoch: 6 | loss: 0.6281877
	speed: 0.0217s/iter; left time: 227.9136s
	iters: 700, epoch: 6 | loss: 0.7953042
	speed: 0.0217s/iter; left time: 225.3119s
	iters: 800, epoch: 6 | loss: 0.5762645
	speed: 0.0230s/iter; left time: 237.1403s
	iters: 900, epoch: 6 | loss: 0.6944903
	speed: 0.0214s/iter; left time: 218.0199s
	iters: 1000, epoch: 6 | loss: 0.7300824
	speed: 0.0208s/iter; left time: 209.9818s
	iters: 1100, epoch: 6 | loss: 0.6061797
	speed: 0.0223s/iter; left time: 223.1234s
	iters: 1200, epoch: 6 | loss: 0.5087128
	speed: 0.0221s/iter; left time: 218.8448s
	iters: 1300, epoch: 6 | loss: 0.6604607
	speed: 0.0219s/iter; left time: 214.8312s
	iters: 1400, epoch: 6 | loss: 0.6341846
	speed: 0.0229s/iter; left time: 221.4723s
	iters: 1500, epoch: 6 | loss: 0.7349973
	speed: 0.0213s/iter; left time: 203.9355s
	iters: 1600, epoch: 6 | loss: 0.6078166
	speed: 0.0211s/iter; left time: 200.4015s
	iters: 1700, epoch: 6 | loss: 0.7578238
	speed: 0.0225s/iter; left time: 211.0627s
	iters: 1800, epoch: 6 | loss: 0.7534105
	speed: 0.0214s/iter; left time: 199.1789s
	iters: 1900, epoch: 6 | loss: 0.7100191
	speed: 0.0242s/iter; left time: 222.0200s
	iters: 2000, epoch: 6 | loss: 0.7096466
	speed: 0.0249s/iter; left time: 226.4697s
	iters: 2100, epoch: 6 | loss: 0.5131963
	speed: 0.0278s/iter; left time: 249.9386s
	iters: 2200, epoch: 6 | loss: 0.4873580
	speed: 0.0253s/iter; left time: 224.9099s
Epoch: 6 cost time: 50.699540853500366
Epoch: 6, Steps: 2218 | Train Loss: 0.6002816 Vali Loss: 0.5966599 Test Loss: 0.3082677
EarlyStopping counter: 1 out of 3
Updating learning rate to 3.125e-05
	iters: 100, epoch: 7 | loss: 0.5133870
	speed: 0.1266s/iter; left time: 1110.6524s
	iters: 200, epoch: 7 | loss: 0.5087066
	speed: 0.0241s/iter; left time: 208.7538s
	iters: 300, epoch: 7 | loss: 0.5636275
	speed: 0.0203s/iter; left time: 173.8320s
	iters: 400, epoch: 7 | loss: 0.4295964
	speed: 0.0201s/iter; left time: 169.9595s
	iters: 500, epoch: 7 | loss: 0.3788661
	speed: 0.0202s/iter; left time: 169.4832s
	iters: 600, epoch: 7 | loss: 0.4096069
	speed: 0.0224s/iter; left time: 185.6852s
	iters: 700, epoch: 7 | loss: 1.3298805
	speed: 0.0221s/iter; left time: 180.4516s
	iters: 800, epoch: 7 | loss: 0.5306753
	speed: 0.0222s/iter; left time: 178.8859s
	iters: 900, epoch: 7 | loss: 0.7739096
	speed: 0.0234s/iter; left time: 186.8157s
	iters: 1000, epoch: 7 | loss: 0.4576257
	speed: 0.0229s/iter; left time: 180.4107s
	iters: 1100, epoch: 7 | loss: 0.8312475
	speed: 0.0221s/iter; left time: 171.8351s
	iters: 1200, epoch: 7 | loss: 0.3969143
	speed: 0.0214s/iter; left time: 164.5448s
	iters: 1300, epoch: 7 | loss: 0.7238883
	speed: 0.0218s/iter; left time: 164.8944s
	iters: 1400, epoch: 7 | loss: 0.5948849
	speed: 0.0222s/iter; left time: 166.2304s
	iters: 1500, epoch: 7 | loss: 0.3749721
	speed: 0.0215s/iter; left time: 158.2706s
	iters: 1600, epoch: 7 | loss: 0.9745906
	speed: 0.0213s/iter; left time: 155.0443s
	iters: 1700, epoch: 7 | loss: 0.4073100
	speed: 0.0214s/iter; left time: 153.6010s
	iters: 1800, epoch: 7 | loss: 0.6035957
	speed: 0.0216s/iter; left time: 152.9334s
	iters: 1900, epoch: 7 | loss: 0.4288022
	speed: 0.0209s/iter; left time: 145.7147s
	iters: 2000, epoch: 7 | loss: 0.4730895
	speed: 0.0216s/iter; left time: 148.5613s
	iters: 2100, epoch: 7 | loss: 0.7475534
	speed: 0.0215s/iter; left time: 145.2898s
	iters: 2200, epoch: 7 | loss: 0.4809809
	speed: 0.0230s/iter; left time: 153.5947s
Epoch: 7 cost time: 49.60709571838379
Epoch: 7, Steps: 2218 | Train Loss: 0.5973746 Vali Loss: 0.5943620 Test Loss: 0.3082714
Validation loss decreased (0.596387 --> 0.594362).  Saving model ...
Updating learning rate to 1.5625e-05
	iters: 100, epoch: 8 | loss: 0.4619662
	speed: 0.1247s/iter; left time: 817.3661s
	iters: 200, epoch: 8 | loss: 0.5061276
	speed: 0.0237s/iter; left time: 153.2541s
	iters: 300, epoch: 8 | loss: 0.5015793
	speed: 0.0248s/iter; left time: 157.4771s
	iters: 400, epoch: 8 | loss: 0.9093750
	speed: 0.0243s/iter; left time: 152.2139s
	iters: 500, epoch: 8 | loss: 0.4934636
	speed: 0.0244s/iter; left time: 150.0457s
	iters: 600, epoch: 8 | loss: 0.8526777
	speed: 0.0241s/iter; left time: 146.0609s
	iters: 700, epoch: 8 | loss: 0.5268580
	speed: 0.0242s/iter; left time: 144.3450s
	iters: 800, epoch: 8 | loss: 0.5188960
	speed: 0.0246s/iter; left time: 144.2801s
	iters: 900, epoch: 8 | loss: 0.4211788
	speed: 0.0243s/iter; left time: 140.0604s
	iters: 1000, epoch: 8 | loss: 0.4883385
	speed: 0.0234s/iter; left time: 132.2940s
	iters: 1100, epoch: 8 | loss: 0.5075564
	speed: 0.0214s/iter; left time: 118.8076s
	iters: 1200, epoch: 8 | loss: 0.4846367
	speed: 0.0230s/iter; left time: 125.5414s
	iters: 1300, epoch: 8 | loss: 0.5841221
	speed: 0.0232s/iter; left time: 124.0517s
	iters: 1400, epoch: 8 | loss: 0.6213315
	speed: 0.0230s/iter; left time: 120.7223s
	iters: 1500, epoch: 8 | loss: 0.4550658
	speed: 0.0233s/iter; left time: 120.0103s
	iters: 1600, epoch: 8 | loss: 0.6068037
	speed: 0.0245s/iter; left time: 123.6203s
	iters: 1700, epoch: 8 | loss: 0.4967473
	speed: 0.0231s/iter; left time: 114.6761s
	iters: 1800, epoch: 8 | loss: 0.8656287
	speed: 0.0230s/iter; left time: 111.5492s
	iters: 1900, epoch: 8 | loss: 0.6594414
	speed: 0.0209s/iter; left time: 99.5349s
	iters: 2000, epoch: 8 | loss: 0.5224345
	speed: 0.0231s/iter; left time: 107.4090s
	iters: 2100, epoch: 8 | loss: 0.4263285
	speed: 0.0230s/iter; left time: 104.5966s
	iters: 2200, epoch: 8 | loss: 0.3668237
	speed: 0.0220s/iter; left time: 98.2140s
Epoch: 8 cost time: 52.80663847923279
Epoch: 8, Steps: 2218 | Train Loss: 0.5947704 Vali Loss: 0.5966293 Test Loss: 0.3084058
EarlyStopping counter: 1 out of 3
Updating learning rate to 7.8125e-06
	iters: 100, epoch: 9 | loss: 0.5675682
	speed: 0.1224s/iter; left time: 531.0044s
	iters: 200, epoch: 9 | loss: 0.7138372
	speed: 0.0238s/iter; left time: 100.6622s
	iters: 300, epoch: 9 | loss: 0.4360918
	speed: 0.0221s/iter; left time: 91.4807s
	iters: 400, epoch: 9 | loss: 0.5257211
	speed: 0.0221s/iter; left time: 89.2450s
	iters: 500, epoch: 9 | loss: 0.4135419
	speed: 0.0230s/iter; left time: 90.4578s
	iters: 600, epoch: 9 | loss: 0.5493079
	speed: 0.0242s/iter; left time: 92.8083s
	iters: 700, epoch: 9 | loss: 0.3863631
	speed: 0.0241s/iter; left time: 89.9547s
	iters: 800, epoch: 9 | loss: 0.5733789
	speed: 0.0279s/iter; left time: 101.5751s
	iters: 900, epoch: 9 | loss: 0.7201303
	speed: 0.0280s/iter; left time: 99.0879s
	iters: 1000, epoch: 9 | loss: 0.7723203
	speed: 0.0272s/iter; left time: 93.6249s
	iters: 1100, epoch: 9 | loss: 0.4538463
	speed: 0.0271s/iter; left time: 90.3798s
	iters: 1200, epoch: 9 | loss: 0.5846046
	speed: 0.0238s/iter; left time: 77.0714s
	iters: 1300, epoch: 9 | loss: 0.8317258
	speed: 0.0223s/iter; left time: 70.0452s
	iters: 1400, epoch: 9 | loss: 0.3675629
	speed: 0.0236s/iter; left time: 71.6577s
	iters: 1500, epoch: 9 | loss: 0.4647174
	speed: 0.0231s/iter; left time: 67.8957s
	iters: 1600, epoch: 9 | loss: 0.5314322
	speed: 0.0226s/iter; left time: 64.0910s
	iters: 1700, epoch: 9 | loss: 0.6559656
	speed: 0.0226s/iter; left time: 61.7828s
	iters: 1800, epoch: 9 | loss: 0.6773603
	speed: 0.0216s/iter; left time: 56.9828s
	iters: 1900, epoch: 9 | loss: 0.6704703
	speed: 0.0226s/iter; left time: 57.2252s
	iters: 2000, epoch: 9 | loss: 0.4681509
	speed: 0.0219s/iter; left time: 53.2813s
	iters: 2100, epoch: 9 | loss: 0.4812578
	speed: 0.0215s/iter; left time: 50.1850s
	iters: 2200, epoch: 9 | loss: 0.6431881
	speed: 0.0215s/iter; left time: 48.0424s
Epoch: 9 cost time: 53.154449462890625
Epoch: 9, Steps: 2218 | Train Loss: 0.5937591 Vali Loss: 0.5951099 Test Loss: 0.3081299
EarlyStopping counter: 2 out of 3
Updating learning rate to 3.90625e-06
	iters: 100, epoch: 10 | loss: 0.5051128
	speed: 0.1231s/iter; left time: 260.8965s
	iters: 200, epoch: 10 | loss: 0.5452278
	speed: 0.0236s/iter; left time: 47.5896s
	iters: 300, epoch: 10 | loss: 0.5830626
	speed: 0.0263s/iter; left time: 50.5468s
	iters: 400, epoch: 10 | loss: 0.4403634
	speed: 0.0246s/iter; left time: 44.7860s
	iters: 500, epoch: 10 | loss: 0.7109007
	speed: 0.0247s/iter; left time: 42.4104s
	iters: 600, epoch: 10 | loss: 0.8652384
	speed: 0.0247s/iter; left time: 39.9417s
	iters: 700, epoch: 10 | loss: 0.5288045
	speed: 0.0242s/iter; left time: 36.7013s
	iters: 800, epoch: 10 | loss: 0.7794588
	speed: 0.0247s/iter; left time: 34.9844s
	iters: 900, epoch: 10 | loss: 0.4469737
	speed: 0.0254s/iter; left time: 33.4467s
	iters: 1000, epoch: 10 | loss: 0.7296450
	speed: 0.0220s/iter; left time: 26.8027s
	iters: 1100, epoch: 10 | loss: 0.5117626
	speed: 0.0219s/iter; left time: 24.5068s
	iters: 1200, epoch: 10 | loss: 0.4752831
	speed: 0.0219s/iter; left time: 22.3336s
	iters: 1300, epoch: 10 | loss: 0.5325209
	speed: 0.0237s/iter; left time: 21.7753s
	iters: 1400, epoch: 10 | loss: 0.7750064
	speed: 0.0235s/iter; left time: 19.2579s
	iters: 1500, epoch: 10 | loss: 0.4243615
	speed: 0.0216s/iter; left time: 15.5253s
	iters: 1600, epoch: 10 | loss: 0.5497048
	speed: 0.0222s/iter; left time: 13.7664s
	iters: 1700, epoch: 10 | loss: 0.6234205
	speed: 0.0231s/iter; left time: 11.9723s
	iters: 1800, epoch: 10 | loss: 0.5086467
	speed: 0.0205s/iter; left time: 8.5768s
	iters: 1900, epoch: 10 | loss: 0.9790348
	speed: 0.0224s/iter; left time: 7.1465s
	iters: 2000, epoch: 10 | loss: 0.5358835
	speed: 0.0220s/iter; left time: 4.8246s
	iters: 2100, epoch: 10 | loss: 0.5766833
	speed: 0.0236s/iter; left time: 2.8061s
	iters: 2200, epoch: 10 | loss: 0.6561500
	speed: 0.0232s/iter; left time: 0.4403s
Epoch: 10 cost time: 52.69872212409973
Epoch: 10, Steps: 2218 | Train Loss: 0.5933818 Vali Loss: 0.5950227 Test Loss: 0.3080739
EarlyStopping counter: 3 out of 3
Early stopping
>>>>>>>testing : weather_672_720_RLinear_custom_ftM_sl672_ll48_pl720_dm512_nh8_el2_dl1_df2048_fc1_ebtimeF_dtTrue_Exp_0<<<<<<<<<<<<<<<<<<<<<<<<<<<<<<<<<
test 9820
mse:0.308205246925354, mae:0.3271390199661255
