Args in experiment:
Namespace(activation='gelu', batch_size=16, c_out=7, checkpoints='/spo/NewbornTime/tahir098/SVF/data/Extra/checkpoints/', d_ff=2048, d_layers=1, d_model=512, data='custom', data_path='weather.csv', dec_in=7, des='Exp', devices='0,1,2,3', distil=True, do_predict=False, dropout=0.05, e_layers=2, embed='timeF', embed_type=0, enc_in=21, factor=1, features='M', freq='h', gpu=0, individual=False, is_training=1, itr=1, label_len=48, learning_rate=0.001, loss='mse', lradj='type1', model='RLinear', model_id='weather_720_720', moving_avg=25, n_heads=8, num_workers=10, output_attention=False, patience=3, pred_len=720, root_path='./dataset/', seq_len=720, target='OT', test_flop=False, train_epochs=10, train_only=False, use_amp=False, use_gpu=True, use_multi_gpu=False)
Use GPU: cuda:0
>>>>>>>start training : weather_720_720_RLinear_custom_ftM_sl720_ll48_pl720_dm512_nh8_el2_dl1_df2048_fc1_ebtimeF_dtTrue_Exp_0>>>>>>>>>>>>>>>>>>>>>>>>>>
train 35448
val 4551
test 9820
	iters: 100, epoch: 1 | loss: 0.5007704
	speed: 0.0323s/iter; left time: 711.5209s
	iters: 200, epoch: 1 | loss: 0.7364557
	speed: 0.0275s/iter; left time: 603.4901s
	iters: 300, epoch: 1 | loss: 0.7407687
	speed: 0.0281s/iter; left time: 614.0522s
	iters: 400, epoch: 1 | loss: 0.6949945
	speed: 0.0240s/iter; left time: 522.6582s
	iters: 500, epoch: 1 | loss: 0.6192697
	speed: 0.0222s/iter; left time: 479.7824s
	iters: 600, epoch: 1 | loss: 0.6351888
	speed: 0.0232s/iter; left time: 499.9449s
	iters: 700, epoch: 1 | loss: 0.4709187
	speed: 0.0236s/iter; left time: 506.2019s
	iters: 800, epoch: 1 | loss: 0.5673029
	speed: 0.0233s/iter; left time: 496.5682s
	iters: 900, epoch: 1 | loss: 0.6955436
	speed: 0.0236s/iter; left time: 501.6769s
	iters: 1000, epoch: 1 | loss: 0.8899822
	speed: 0.0250s/iter; left time: 529.6882s
	iters: 1100, epoch: 1 | loss: 0.5068592
	speed: 0.0242s/iter; left time: 508.8848s
	iters: 1200, epoch: 1 | loss: 0.4487050
	speed: 0.0233s/iter; left time: 487.6461s
	iters: 1300, epoch: 1 | loss: 0.5086790
	speed: 0.0233s/iter; left time: 485.4449s
	iters: 1400, epoch: 1 | loss: 1.1290261
	speed: 0.0240s/iter; left time: 499.0574s
	iters: 1500, epoch: 1 | loss: 0.7308859
	speed: 0.0220s/iter; left time: 453.7850s
	iters: 1600, epoch: 1 | loss: 0.6287246
	speed: 0.0235s/iter; left time: 482.6491s
	iters: 1700, epoch: 1 | loss: 1.0324780
	speed: 0.0230s/iter; left time: 471.0708s
	iters: 1800, epoch: 1 | loss: 0.5902508
	speed: 0.0229s/iter; left time: 465.7194s
	iters: 1900, epoch: 1 | loss: 0.6890438
	speed: 0.0229s/iter; left time: 464.2691s
	iters: 2000, epoch: 1 | loss: 0.5683152
	speed: 0.0234s/iter; left time: 470.5916s
	iters: 2100, epoch: 1 | loss: 0.6742492
	speed: 0.0229s/iter; left time: 458.3456s
	iters: 2200, epoch: 1 | loss: 0.5480583
	speed: 0.0233s/iter; left time: 465.8362s
Epoch: 1 cost time: 53.63992619514465
Epoch: 1, Steps: 2215 | Train Loss: 0.6745694 Vali Loss: 0.6392056 Test Loss: 0.3248886
Validation loss decreased (inf --> 0.639206).  Saving model ...
Updating learning rate to 0.001
	iters: 100, epoch: 2 | loss: 0.7107899
	speed: 0.1256s/iter; left time: 2490.8943s
	iters: 200, epoch: 2 | loss: 0.6172406
	speed: 0.0233s/iter; left time: 459.9624s
	iters: 300, epoch: 2 | loss: 0.5165058
	speed: 0.0221s/iter; left time: 433.7239s
	iters: 400, epoch: 2 | loss: 0.6710303
	speed: 0.0239s/iter; left time: 467.2624s
	iters: 500, epoch: 2 | loss: 0.7325155
	speed: 0.0226s/iter; left time: 439.6517s
	iters: 600, epoch: 2 | loss: 0.6314292
	speed: 0.0223s/iter; left time: 431.8679s
	iters: 700, epoch: 2 | loss: 0.4030565
	speed: 0.0228s/iter; left time: 438.6201s
	iters: 800, epoch: 2 | loss: 0.4111196
	speed: 0.0231s/iter; left time: 442.7808s
	iters: 900, epoch: 2 | loss: 0.5951281
	speed: 0.0238s/iter; left time: 453.0010s
	iters: 1000, epoch: 2 | loss: 0.6109030
	speed: 0.0238s/iter; left time: 450.2909s
	iters: 1100, epoch: 2 | loss: 0.5121662
	speed: 0.0245s/iter; left time: 461.6925s
	iters: 1200, epoch: 2 | loss: 1.0759337
	speed: 0.0219s/iter; left time: 411.0798s
	iters: 1300, epoch: 2 | loss: 1.2125709
	speed: 0.0183s/iter; left time: 341.8509s
	iters: 1400, epoch: 2 | loss: 0.7240486
	speed: 0.0183s/iter; left time: 339.8999s
	iters: 1500, epoch: 2 | loss: 0.7880203
	speed: 0.0184s/iter; left time: 339.0800s
	iters: 1600, epoch: 2 | loss: 0.4677243
	speed: 0.0185s/iter; left time: 340.0653s
	iters: 1700, epoch: 2 | loss: 0.5535666
	speed: 0.0224s/iter; left time: 408.7441s
	iters: 1800, epoch: 2 | loss: 0.9296326
	speed: 0.0238s/iter; left time: 432.3384s
	iters: 1900, epoch: 2 | loss: 1.8599473
	speed: 0.0242s/iter; left time: 435.6854s
	iters: 2000, epoch: 2 | loss: 0.5386250
	speed: 0.0229s/iter; left time: 409.9147s
	iters: 2100, epoch: 2 | loss: 0.6857922
	speed: 0.0219s/iter; left time: 389.9348s
	iters: 2200, epoch: 2 | loss: 0.5270258
	speed: 0.0219s/iter; left time: 388.0487s
Epoch: 2 cost time: 50.00626587867737
Epoch: 2, Steps: 2215 | Train Loss: 0.7854213 Vali Loss: 0.6377188 Test Loss: 0.3319184
Validation loss decreased (0.639206 --> 0.637719).  Saving model ...
Updating learning rate to 0.0005
	iters: 100, epoch: 3 | loss: 0.8296064
	speed: 0.1222s/iter; left time: 2153.7060s
	iters: 200, epoch: 3 | loss: 0.5351551
	speed: 0.0227s/iter; left time: 397.5512s
	iters: 300, epoch: 3 | loss: 0.5250357
	speed: 0.0228s/iter; left time: 398.0443s
	iters: 400, epoch: 3 | loss: 0.6116303
	speed: 0.0216s/iter; left time: 373.3067s
	iters: 500, epoch: 3 | loss: 0.5850807
	speed: 0.0189s/iter; left time: 326.1074s
	iters: 600, epoch: 3 | loss: 0.6429824
	speed: 0.0185s/iter; left time: 315.9783s
	iters: 700, epoch: 3 | loss: 0.4731184
	speed: 0.0184s/iter; left time: 313.3250s
	iters: 800, epoch: 3 | loss: 1.0147179
	speed: 0.0188s/iter; left time: 318.7185s
	iters: 900, epoch: 3 | loss: 0.5781327
	speed: 0.0185s/iter; left time: 311.7893s
	iters: 1000, epoch: 3 | loss: 0.4607657
	speed: 0.0202s/iter; left time: 337.5657s
	iters: 1100, epoch: 3 | loss: 0.7995462
	speed: 0.0215s/iter; left time: 357.7011s
	iters: 1200, epoch: 3 | loss: 0.5979241
	speed: 0.0215s/iter; left time: 354.6366s
	iters: 1300, epoch: 3 | loss: 0.7950833
	speed: 0.0238s/iter; left time: 390.2323s
	iters: 1400, epoch: 3 | loss: 0.5875391
	speed: 0.0223s/iter; left time: 364.6613s
	iters: 1500, epoch: 3 | loss: 0.7619427
	speed: 0.0223s/iter; left time: 361.5487s
	iters: 1600, epoch: 3 | loss: 0.4968392
	speed: 0.0222s/iter; left time: 357.4512s
	iters: 1700, epoch: 3 | loss: 0.5410908
	speed: 0.0221s/iter; left time: 354.3630s
	iters: 1800, epoch: 3 | loss: 0.4200291
	speed: 0.0223s/iter; left time: 354.9685s
	iters: 1900, epoch: 3 | loss: 0.4935757
	speed: 0.0227s/iter; left time: 358.4978s
	iters: 2000, epoch: 3 | loss: 0.3758964
	speed: 0.0230s/iter; left time: 361.5788s
	iters: 2100, epoch: 3 | loss: 0.5057273
	speed: 0.0228s/iter; left time: 356.8005s
	iters: 2200, epoch: 3 | loss: 0.7364762
	speed: 0.0223s/iter; left time: 345.4919s
Epoch: 3 cost time: 48.33169984817505
Epoch: 3, Steps: 2215 | Train Loss: 0.6799418 Vali Loss: 0.6152633 Test Loss: 0.3157674
Validation loss decreased (0.637719 --> 0.615263).  Saving model ...
Updating learning rate to 0.00025
	iters: 100, epoch: 4 | loss: 0.4999692
	speed: 0.1232s/iter; left time: 1897.3387s
	iters: 200, epoch: 4 | loss: 0.3971639
	speed: 0.0225s/iter; left time: 344.5440s
	iters: 300, epoch: 4 | loss: 0.4442959
	speed: 0.0217s/iter; left time: 330.1332s
	iters: 400, epoch: 4 | loss: 0.4460489
	speed: 0.0207s/iter; left time: 313.4230s
	iters: 500, epoch: 4 | loss: 0.5447350
	speed: 0.0187s/iter; left time: 281.2013s
	iters: 600, epoch: 4 | loss: 0.5330130
	speed: 0.0188s/iter; left time: 280.5322s
	iters: 700, epoch: 4 | loss: 1.0597584
	speed: 0.0189s/iter; left time: 280.2738s
	iters: 800, epoch: 4 | loss: 0.5698100
	speed: 0.0187s/iter; left time: 275.0353s
	iters: 900, epoch: 4 | loss: 0.9532602
	speed: 0.0188s/iter; left time: 274.0306s
	iters: 1000, epoch: 4 | loss: 0.8269884
	speed: 0.0191s/iter; left time: 277.1340s
	iters: 1100, epoch: 4 | loss: 0.4415041
	speed: 0.0198s/iter; left time: 285.1937s
	iters: 1200, epoch: 4 | loss: 0.4187095
	speed: 0.0240s/iter; left time: 343.6821s
	iters: 1300, epoch: 4 | loss: 0.7421412
	speed: 0.0228s/iter; left time: 324.3739s
	iters: 1400, epoch: 4 | loss: 0.8046606
	speed: 0.0226s/iter; left time: 318.5414s
	iters: 1500, epoch: 4 | loss: 0.7956496
	speed: 0.0232s/iter; left time: 324.4295s
	iters: 1600, epoch: 4 | loss: 1.2127063
	speed: 0.0240s/iter; left time: 333.1311s
	iters: 1700, epoch: 4 | loss: 0.5111380
	speed: 0.0241s/iter; left time: 333.0244s
	iters: 1800, epoch: 4 | loss: 1.1332968
	speed: 0.0242s/iter; left time: 331.7098s
	iters: 1900, epoch: 4 | loss: 1.0017471
	speed: 0.0240s/iter; left time: 327.0015s
	iters: 2000, epoch: 4 | loss: 1.0212948
	speed: 0.0241s/iter; left time: 325.8896s
	iters: 2100, epoch: 4 | loss: 0.5079955
	speed: 0.0235s/iter; left time: 315.6160s
	iters: 2200, epoch: 4 | loss: 0.9051644
	speed: 0.0236s/iter; left time: 313.9670s
Epoch: 4 cost time: 49.31102919578552
Epoch: 4, Steps: 2215 | Train Loss: 0.6360447 Vali Loss: 0.6033803 Test Loss: 0.3129442
Validation loss decreased (0.615263 --> 0.603380).  Saving model ...
Updating learning rate to 0.000125
	iters: 100, epoch: 5 | loss: 0.4449301
	speed: 0.1218s/iter; left time: 1606.1169s
	iters: 200, epoch: 5 | loss: 0.8789280
	speed: 0.0220s/iter; left time: 288.2963s
	iters: 300, epoch: 5 | loss: 0.6061631
	speed: 0.0221s/iter; left time: 287.4911s
	iters: 400, epoch: 5 | loss: 0.6982312
	speed: 0.0218s/iter; left time: 280.9636s
	iters: 500, epoch: 5 | loss: 0.5923362
	speed: 0.0219s/iter; left time: 280.6149s
	iters: 600, epoch: 5 | loss: 0.7602618
	speed: 0.0220s/iter; left time: 279.6816s
	iters: 700, epoch: 5 | loss: 0.8471936
	speed: 0.0221s/iter; left time: 278.2369s
	iters: 800, epoch: 5 | loss: 0.8060322
	speed: 0.0220s/iter; left time: 275.1718s
	iters: 900, epoch: 5 | loss: 0.4852835
	speed: 0.0228s/iter; left time: 283.0295s
	iters: 1000, epoch: 5 | loss: 1.0477828
	speed: 0.0237s/iter; left time: 291.6240s
	iters: 1100, epoch: 5 | loss: 0.6589364
	speed: 0.0241s/iter; left time: 293.5959s
	iters: 1200, epoch: 5 | loss: 1.4857390
	speed: 0.0240s/iter; left time: 290.0164s
	iters: 1300, epoch: 5 | loss: 0.9163369
	speed: 0.0240s/iter; left time: 288.3103s
	iters: 1400, epoch: 5 | loss: 0.9891917
	speed: 0.0239s/iter; left time: 284.4990s
	iters: 1500, epoch: 5 | loss: 0.4185170
	speed: 0.0240s/iter; left time: 282.7078s
	iters: 1600, epoch: 5 | loss: 0.6443455
	speed: 0.0235s/iter; left time: 274.8196s
	iters: 1700, epoch: 5 | loss: 0.8092670
	speed: 0.0226s/iter; left time: 262.1389s
	iters: 1800, epoch: 5 | loss: 0.5851325
	speed: 0.0221s/iter; left time: 253.6757s
	iters: 1900, epoch: 5 | loss: 0.8436628
	speed: 0.0226s/iter; left time: 256.8859s
	iters: 2000, epoch: 5 | loss: 0.4585715
	speed: 0.0225s/iter; left time: 253.4853s
	iters: 2100, epoch: 5 | loss: 0.5124838
	speed: 0.0224s/iter; left time: 250.5381s
	iters: 2200, epoch: 5 | loss: 0.6733265
	speed: 0.0224s/iter; left time: 248.8179s
Epoch: 5 cost time: 51.48294234275818
Epoch: 5, Steps: 2215 | Train Loss: 0.6210051 Vali Loss: 0.5991748 Test Loss: 0.3116586
Validation loss decreased (0.603380 --> 0.599175).  Saving model ...
Updating learning rate to 6.25e-05
	iters: 100, epoch: 6 | loss: 0.9252124
	speed: 0.1229s/iter; left time: 1349.3498s
	iters: 200, epoch: 6 | loss: 0.5145800
	speed: 0.0228s/iter; left time: 247.5814s
	iters: 300, epoch: 6 | loss: 0.6686498
	speed: 0.0223s/iter; left time: 240.3639s
	iters: 400, epoch: 6 | loss: 0.5422723
	speed: 0.0221s/iter; left time: 236.0849s
	iters: 500, epoch: 6 | loss: 1.1171857
	speed: 0.0223s/iter; left time: 235.6210s
	iters: 600, epoch: 6 | loss: 0.6150326
	speed: 0.0222s/iter; left time: 232.5772s
	iters: 700, epoch: 6 | loss: 0.8489873
	speed: 0.0233s/iter; left time: 241.5955s
	iters: 800, epoch: 6 | loss: 0.4295878
	speed: 0.0218s/iter; left time: 224.3902s
	iters: 900, epoch: 6 | loss: 0.7030316
	speed: 0.0230s/iter; left time: 233.6052s
	iters: 1000, epoch: 6 | loss: 0.8085176
	speed: 0.0248s/iter; left time: 250.0667s
	iters: 1100, epoch: 6 | loss: 0.7887195
	speed: 0.0231s/iter; left time: 230.7347s
	iters: 1200, epoch: 6 | loss: 0.5364693
	speed: 0.0222s/iter; left time: 219.5415s
	iters: 1300, epoch: 6 | loss: 0.6986259
	speed: 0.0226s/iter; left time: 220.7890s
	iters: 1400, epoch: 6 | loss: 0.5849799
	speed: 0.0227s/iter; left time: 220.1100s
	iters: 1500, epoch: 6 | loss: 0.6042294
	speed: 0.0226s/iter; left time: 216.6832s
	iters: 1600, epoch: 6 | loss: 0.4978602
	speed: 0.0225s/iter; left time: 212.7917s
	iters: 1700, epoch: 6 | loss: 0.7904147
	speed: 0.0220s/iter; left time: 206.3331s
	iters: 1800, epoch: 6 | loss: 0.6755058
	speed: 0.0242s/iter; left time: 224.6836s
	iters: 1900, epoch: 6 | loss: 0.4622138
	speed: 0.0248s/iter; left time: 227.4863s
	iters: 2000, epoch: 6 | loss: 0.6591626
	speed: 0.0229s/iter; left time: 208.0752s
	iters: 2100, epoch: 6 | loss: 0.9982941
	speed: 0.0227s/iter; left time: 203.6841s
	iters: 2200, epoch: 6 | loss: 0.5140500
	speed: 0.0224s/iter; left time: 198.9418s
Epoch: 6 cost time: 51.37065863609314
Epoch: 6, Steps: 2215 | Train Loss: 0.6116702 Vali Loss: 0.5959551 Test Loss: 0.3082615
Validation loss decreased (0.599175 --> 0.595955).  Saving model ...
Updating learning rate to 3.125e-05
	iters: 100, epoch: 7 | loss: 0.6195102
	speed: 0.1278s/iter; left time: 1119.6920s
	iters: 200, epoch: 7 | loss: 0.7435741
	speed: 0.0233s/iter; left time: 201.8639s
	iters: 300, epoch: 7 | loss: 0.4650804
	speed: 0.0236s/iter; left time: 201.9701s
	iters: 400, epoch: 7 | loss: 0.6130051
	speed: 0.0239s/iter; left time: 201.8098s
	iters: 500, epoch: 7 | loss: 0.4708408
	speed: 0.0242s/iter; left time: 202.5006s
	iters: 600, epoch: 7 | loss: 0.8025759
	speed: 0.0229s/iter; left time: 189.5442s
	iters: 700, epoch: 7 | loss: 0.5151035
	speed: 0.0217s/iter; left time: 177.3561s
	iters: 800, epoch: 7 | loss: 0.4059245
	speed: 0.0220s/iter; left time: 177.3367s
	iters: 900, epoch: 7 | loss: 0.8069131
	speed: 0.0238s/iter; left time: 189.1993s
	iters: 1000, epoch: 7 | loss: 0.6851474
	speed: 0.0235s/iter; left time: 184.6080s
	iters: 1100, epoch: 7 | loss: 0.3762859
	speed: 0.0233s/iter; left time: 180.9500s
	iters: 1200, epoch: 7 | loss: 0.4913593
	speed: 0.0221s/iter; left time: 169.0738s
	iters: 1300, epoch: 7 | loss: 0.5411461
	speed: 0.0227s/iter; left time: 171.8244s
	iters: 1400, epoch: 7 | loss: 0.6778023
	speed: 0.0228s/iter; left time: 170.2722s
	iters: 1500, epoch: 7 | loss: 0.5183999
	speed: 0.0238s/iter; left time: 175.4955s
	iters: 1600, epoch: 7 | loss: 0.5365458
	speed: 0.0205s/iter; left time: 148.6912s
	iters: 1700, epoch: 7 | loss: 0.5143106
	speed: 0.0186s/iter; left time: 133.2700s
	iters: 1800, epoch: 7 | loss: 0.5135846
	speed: 0.0209s/iter; left time: 147.7640s
	iters: 1900, epoch: 7 | loss: 0.4544399
	speed: 0.0196s/iter; left time: 136.0923s
	iters: 2000, epoch: 7 | loss: 0.4871407
	speed: 0.0200s/iter; left time: 137.3886s
	iters: 2100, epoch: 7 | loss: 0.4499916
	speed: 0.0220s/iter; left time: 148.8091s
	iters: 2200, epoch: 7 | loss: 0.8026230
	speed: 0.0219s/iter; left time: 145.8193s
Epoch: 7 cost time: 50.38609719276428
Epoch: 7, Steps: 2215 | Train Loss: 0.6074628 Vali Loss: 0.5924037 Test Loss: 0.3072370
Validation loss decreased (0.595955 --> 0.592404).  Saving model ...
Updating learning rate to 1.5625e-05
	iters: 100, epoch: 8 | loss: 0.5323360
	speed: 0.1215s/iter; left time: 795.0697s
	iters: 200, epoch: 8 | loss: 0.6663055
	speed: 0.0225s/iter; left time: 145.2776s
	iters: 300, epoch: 8 | loss: 0.5331029
	speed: 0.0214s/iter; left time: 135.8064s
	iters: 400, epoch: 8 | loss: 1.0335076
	speed: 0.0226s/iter; left time: 140.9403s
	iters: 500, epoch: 8 | loss: 0.7086769
	speed: 0.0249s/iter; left time: 152.8134s
	iters: 600, epoch: 8 | loss: 0.6884047
	speed: 0.0220s/iter; left time: 132.7426s
	iters: 700, epoch: 8 | loss: 0.4526405
	speed: 0.0227s/iter; left time: 135.2285s
	iters: 800, epoch: 8 | loss: 0.6765175
	speed: 0.0220s/iter; left time: 128.4296s
	iters: 900, epoch: 8 | loss: 0.4154659
	speed: 0.0221s/iter; left time: 126.7398s
	iters: 1000, epoch: 8 | loss: 0.6654964
	speed: 0.0216s/iter; left time: 122.0575s
	iters: 1100, epoch: 8 | loss: 0.7272632
	speed: 0.0218s/iter; left time: 121.1350s
	iters: 1200, epoch: 8 | loss: 0.5706243
	speed: 0.0219s/iter; left time: 119.0985s
	iters: 1300, epoch: 8 | loss: 0.4926955
	speed: 0.0218s/iter; left time: 116.7540s
	iters: 1400, epoch: 8 | loss: 0.8228306
	speed: 0.0218s/iter; left time: 114.4132s
	iters: 1500, epoch: 8 | loss: 0.5059814
	speed: 0.0219s/iter; left time: 112.6006s
	iters: 1600, epoch: 8 | loss: 0.6175811
	speed: 0.0216s/iter; left time: 109.2141s
	iters: 1700, epoch: 8 | loss: 0.8749681
	speed: 0.0218s/iter; left time: 107.6951s
	iters: 1800, epoch: 8 | loss: 0.5363062
	speed: 0.0221s/iter; left time: 107.0060s
	iters: 1900, epoch: 8 | loss: 0.4825539
	speed: 0.0218s/iter; left time: 103.3185s
	iters: 2000, epoch: 8 | loss: 0.6087228
	speed: 0.0218s/iter; left time: 101.2227s
	iters: 2100, epoch: 8 | loss: 0.5007850
	speed: 0.0222s/iter; left time: 101.1160s
	iters: 2200, epoch: 8 | loss: 0.4530203
	speed: 0.0226s/iter; left time: 100.4298s
Epoch: 8 cost time: 49.911070108413696
Epoch: 8, Steps: 2215 | Train Loss: 0.6055093 Vali Loss: 0.5916795 Test Loss: 0.3081454
Validation loss decreased (0.592404 --> 0.591680).  Saving model ...
Updating learning rate to 7.8125e-06
	iters: 100, epoch: 9 | loss: 0.4710829
	speed: 0.1274s/iter; left time: 551.9193s
	iters: 200, epoch: 9 | loss: 0.5155267
	speed: 0.0250s/iter; left time: 105.9614s
	iters: 300, epoch: 9 | loss: 0.5102159
	speed: 0.0258s/iter; left time: 106.7593s
	iters: 400, epoch: 9 | loss: 0.6725999
	speed: 0.0248s/iter; left time: 99.8798s
	iters: 500, epoch: 9 | loss: 0.4730245
	speed: 0.0246s/iter; left time: 96.7522s
	iters: 600, epoch: 9 | loss: 0.7499008
	speed: 0.0246s/iter; left time: 94.3417s
	iters: 700, epoch: 9 | loss: 0.4163241
	speed: 0.0246s/iter; left time: 91.8856s
	iters: 800, epoch: 9 | loss: 0.3928411
	speed: 0.0255s/iter; left time: 92.6316s
	iters: 900, epoch: 9 | loss: 1.0145932
	speed: 0.0250s/iter; left time: 88.2438s
	iters: 1000, epoch: 9 | loss: 0.4889008
	speed: 0.0249s/iter; left time: 85.3933s
	iters: 1100, epoch: 9 | loss: 0.3995132
	speed: 0.0243s/iter; left time: 81.0508s
	iters: 1200, epoch: 9 | loss: 0.6094929
	speed: 0.0246s/iter; left time: 79.4479s
	iters: 1300, epoch: 9 | loss: 0.5467813
	speed: 0.0237s/iter; left time: 74.3254s
	iters: 1400, epoch: 9 | loss: 0.5534504
	speed: 0.0242s/iter; left time: 73.2058s
	iters: 1500, epoch: 9 | loss: 0.6322679
	speed: 0.0235s/iter; left time: 68.7981s
	iters: 1600, epoch: 9 | loss: 0.4796232
	speed: 0.0246s/iter; left time: 69.7266s
	iters: 1700, epoch: 9 | loss: 0.5436965
	speed: 0.0220s/iter; left time: 60.0337s
	iters: 1800, epoch: 9 | loss: 0.4938132
	speed: 0.0218s/iter; left time: 57.3826s
	iters: 1900, epoch: 9 | loss: 0.5183361
	speed: 0.0229s/iter; left time: 58.0007s
	iters: 2000, epoch: 9 | loss: 0.4218368
	speed: 0.0225s/iter; left time: 54.6277s
	iters: 2100, epoch: 9 | loss: 0.5674536
	speed: 0.0232s/iter; left time: 54.1099s
	iters: 2200, epoch: 9 | loss: 0.7839803
	speed: 0.0229s/iter; left time: 51.0330s
Epoch: 9 cost time: 54.10889673233032
Epoch: 9, Steps: 2215 | Train Loss: 0.6042033 Vali Loss: 0.5927404 Test Loss: 0.3075801
EarlyStopping counter: 1 out of 3
Updating learning rate to 3.90625e-06
	iters: 100, epoch: 10 | loss: 0.4836978
	speed: 0.1295s/iter; left time: 274.0682s
	iters: 200, epoch: 10 | loss: 0.8517326
	speed: 0.0235s/iter; left time: 47.3379s
	iters: 300, epoch: 10 | loss: 0.7507603
	speed: 0.0253s/iter; left time: 48.4448s
	iters: 400, epoch: 10 | loss: 0.8161024
	speed: 0.0230s/iter; left time: 41.7104s
	iters: 500, epoch: 10 | loss: 0.9190090
	speed: 0.0232s/iter; left time: 39.7305s
	iters: 600, epoch: 10 | loss: 0.6726514
	speed: 0.0222s/iter; left time: 35.9541s
	iters: 700, epoch: 10 | loss: 0.9871064
	speed: 0.0225s/iter; left time: 34.1805s
	iters: 800, epoch: 10 | loss: 0.4493352
	speed: 0.0238s/iter; left time: 33.6520s
	iters: 900, epoch: 10 | loss: 0.9862306
	speed: 0.0240s/iter; left time: 31.5594s
	iters: 1000, epoch: 10 | loss: 0.7110873
	speed: 0.0231s/iter; left time: 28.1258s
	iters: 1100, epoch: 10 | loss: 0.4372348
	speed: 0.0225s/iter; left time: 25.1469s
	iters: 1200, epoch: 10 | loss: 0.5132236
	speed: 0.0231s/iter; left time: 23.5034s
	iters: 1300, epoch: 10 | loss: 0.5335979
	speed: 0.0226s/iter; left time: 20.6722s
	iters: 1400, epoch: 10 | loss: 1.1965858
	speed: 0.0221s/iter; left time: 18.0183s
	iters: 1500, epoch: 10 | loss: 0.7508064
	speed: 0.0222s/iter; left time: 15.8663s
	iters: 1600, epoch: 10 | loss: 0.3990183
	speed: 0.0221s/iter; left time: 13.6168s
	iters: 1700, epoch: 10 | loss: 0.4167725
	speed: 0.0227s/iter; left time: 11.7358s
	iters: 1800, epoch: 10 | loss: 0.6097140
	speed: 0.0226s/iter; left time: 9.4176s
	iters: 1900, epoch: 10 | loss: 0.4628813
	speed: 0.0234s/iter; left time: 7.3873s
	iters: 2000, epoch: 10 | loss: 0.5411880
	speed: 0.0229s/iter; left time: 4.9477s
	iters: 2100, epoch: 10 | loss: 0.7401609
	speed: 0.0232s/iter; left time: 2.6937s
	iters: 2200, epoch: 10 | loss: 0.5484884
	speed: 0.0232s/iter; left time: 0.3712s
Epoch: 10 cost time: 51.986472368240356
Epoch: 10, Steps: 2215 | Train Loss: 0.6036198 Vali Loss: 0.5930175 Test Loss: 0.3078543
EarlyStopping counter: 2 out of 3
Updating learning rate to 1.953125e-06
>>>>>>>testing : weather_720_720_RLinear_custom_ftM_sl720_ll48_pl720_dm512_nh8_el2_dl1_df2048_fc1_ebtimeF_dtTrue_Exp_0<<<<<<<<<<<<<<<<<<<<<<<<<<<<<<<<<
test 9820
mse:0.30808231234550476, mae:0.327002614736557
