Args in experiment:
Namespace(activation='gelu', batch_size=16, c_out=7, checkpoints='/spo/NewbornTime/tahir098/SVF/data/Extra/checkpoints/', d_ff=2048, d_layers=1, d_model=512, data='custom', data_path='traffic.csv', dec_in=7, des='Exp', devices='0,1,2,3', distil=True, do_predict=False, dropout=0.05, e_layers=2, embed='timeF', embed_type=0, enc_in=862, factor=1, features='M', freq='h', gpu=0, individual=False, is_training=1, itr=1, label_len=48, learning_rate=0.001, loss='mse', lradj='type1', model='GRevagLinear', model_id='traffic_96_24', moving_avg=25, n_heads=8, num_workers=10, output_attention=False, patience=3, pred_len=24, root_path='./dataset/', seq_len=96, target='OT', test_flop=False, train_epochs=10, train_only=False, use_amp=False, use_gpu=True, use_multi_gpu=False)
Use GPU: cuda:0
>>>>>>>start training : traffic_96_24_GRevagLinear_custom_ftM_sl96_ll48_pl24_dm512_nh8_el2_dl1_df2048_fc1_ebtimeF_dtTrue_Exp_0>>>>>>>>>>>>>>>>>>>>>>>>>>
train 12161
val 1733
test 3485
	iters: 100, epoch: 1 | loss: 0.3653412
	speed: 0.0179s/iter; left time: 133.9382s
	iters: 200, epoch: 1 | loss: 0.3671335
	speed: 0.0118s/iter; left time: 87.0988s
	iters: 300, epoch: 1 | loss: 0.3986793
	speed: 0.0108s/iter; left time: 78.4863s
	iters: 400, epoch: 1 | loss: 0.3120817
	speed: 0.0111s/iter; left time: 80.1137s
	iters: 500, epoch: 1 | loss: 0.4533364
	speed: 0.0111s/iter; left time: 79.0684s
	iters: 600, epoch: 1 | loss: 0.3496712
	speed: 0.0121s/iter; left time: 84.3647s
	iters: 700, epoch: 1 | loss: 0.2818683
	speed: 0.0114s/iter; left time: 78.8050s
Epoch: 1 cost time: 9.355675220489502
Epoch: 1, Steps: 760 | Train Loss: 0.3884503 Vali Loss: 0.4734491 Test Loss: 0.5181718
Validation loss decreased (inf --> 0.473449).  Saving model ...
Updating learning rate to 0.001
	iters: 100, epoch: 2 | loss: 0.4011899
	speed: 0.0745s/iter; left time: 502.4505s
	iters: 200, epoch: 2 | loss: 0.3242247
	speed: 0.0116s/iter; left time: 76.9048s
	iters: 300, epoch: 2 | loss: 0.2752195
	speed: 0.0111s/iter; left time: 72.4382s
	iters: 400, epoch: 2 | loss: 0.2630413
	speed: 0.0111s/iter; left time: 71.2491s
	iters: 500, epoch: 2 | loss: 0.3488700
	speed: 0.0111s/iter; left time: 70.3134s
	iters: 600, epoch: 2 | loss: 0.3184881
	speed: 0.0116s/iter; left time: 72.1329s
	iters: 700, epoch: 2 | loss: 0.3171116
	speed: 0.0114s/iter; left time: 69.8092s
Epoch: 2 cost time: 9.379096508026123
Epoch: 2, Steps: 760 | Train Loss: 0.3195534 Vali Loss: 0.4597652 Test Loss: 0.4969138
Validation loss decreased (0.473449 --> 0.459765).  Saving model ...
Updating learning rate to 0.0005
	iters: 100, epoch: 3 | loss: 0.2924083
	speed: 0.0779s/iter; left time: 465.9267s
	iters: 200, epoch: 3 | loss: 0.3122621
	speed: 0.0113s/iter; left time: 66.3838s
	iters: 300, epoch: 3 | loss: 0.2697439
	speed: 0.0113s/iter; left time: 65.5215s
	iters: 400, epoch: 3 | loss: 0.3166572
	speed: 0.0112s/iter; left time: 63.4977s
	iters: 500, epoch: 3 | loss: 0.3139861
	speed: 0.0118s/iter; left time: 65.8453s
	iters: 600, epoch: 3 | loss: 0.3115630
	speed: 0.0117s/iter; left time: 64.3898s
	iters: 700, epoch: 3 | loss: 0.2869584
	speed: 0.0119s/iter; left time: 63.8632s
Epoch: 3 cost time: 9.705633878707886
Epoch: 3, Steps: 760 | Train Loss: 0.3066990 Vali Loss: 0.4550545 Test Loss: 0.4886900
Validation loss decreased (0.459765 --> 0.455054).  Saving model ...
Updating learning rate to 0.00025
	iters: 100, epoch: 4 | loss: 0.3630660
	speed: 0.0733s/iter; left time: 382.9317s
	iters: 200, epoch: 4 | loss: 0.2937125
	speed: 0.0112s/iter; left time: 57.6085s
	iters: 300, epoch: 4 | loss: 0.3082127
	speed: 0.0115s/iter; left time: 57.6898s
	iters: 400, epoch: 4 | loss: 0.3347405
	speed: 0.0115s/iter; left time: 56.6307s
	iters: 500, epoch: 4 | loss: 0.2548595
	speed: 0.0115s/iter; left time: 55.3574s
	iters: 600, epoch: 4 | loss: 0.2979074
	speed: 0.0116s/iter; left time: 54.8152s
	iters: 700, epoch: 4 | loss: 0.3038673
	speed: 0.0118s/iter; left time: 54.7105s
Epoch: 4 cost time: 9.451488494873047
Epoch: 4, Steps: 760 | Train Loss: 0.3024845 Vali Loss: 0.4521985 Test Loss: 0.4848617
Validation loss decreased (0.455054 --> 0.452198).  Saving model ...
Updating learning rate to 0.000125
	iters: 100, epoch: 5 | loss: 0.3702549
	speed: 0.0727s/iter; left time: 324.4094s
	iters: 200, epoch: 5 | loss: 0.3156006
	speed: 0.0112s/iter; left time: 48.6579s
	iters: 300, epoch: 5 | loss: 0.3652381
	speed: 0.0120s/iter; left time: 51.1392s
	iters: 400, epoch: 5 | loss: 0.3073633
	speed: 0.0116s/iter; left time: 48.1257s
	iters: 500, epoch: 5 | loss: 0.2951489
	speed: 0.0116s/iter; left time: 47.0133s
	iters: 600, epoch: 5 | loss: 0.2885956
	speed: 0.0116s/iter; left time: 46.0220s
	iters: 700, epoch: 5 | loss: 0.3248800
	speed: 0.0116s/iter; left time: 44.6567s
Epoch: 5 cost time: 9.483835220336914
Epoch: 5, Steps: 760 | Train Loss: 0.3006419 Vali Loss: 0.4522603 Test Loss: 0.4836331
EarlyStopping counter: 1 out of 3
Updating learning rate to 6.25e-05
	iters: 100, epoch: 6 | loss: 0.3620976
	speed: 0.0736s/iter; left time: 272.4741s
	iters: 200, epoch: 6 | loss: 0.3675514
	speed: 0.0116s/iter; left time: 41.5992s
	iters: 300, epoch: 6 | loss: 0.2964084
	speed: 0.0116s/iter; left time: 40.6347s
	iters: 400, epoch: 6 | loss: 0.2887070
	speed: 0.0117s/iter; left time: 39.9522s
	iters: 500, epoch: 6 | loss: 0.3501468
	speed: 0.0115s/iter; left time: 37.9966s
	iters: 600, epoch: 6 | loss: 0.2809080
	speed: 0.0114s/iter; left time: 36.5613s
	iters: 700, epoch: 6 | loss: 0.3265900
	speed: 0.0118s/iter; left time: 36.4656s
Epoch: 6 cost time: 9.609671354293823
Epoch: 6, Steps: 760 | Train Loss: 0.2997019 Vali Loss: 0.4495331 Test Loss: 0.4823835
Validation loss decreased (0.452198 --> 0.449533).  Saving model ...
Updating learning rate to 3.125e-05
	iters: 100, epoch: 7 | loss: 0.2817361
	speed: 0.0746s/iter; left time: 219.4176s
	iters: 200, epoch: 7 | loss: 0.2422577
	speed: 0.0115s/iter; left time: 32.7520s
	iters: 300, epoch: 7 | loss: 0.3248844
	speed: 0.0115s/iter; left time: 31.5518s
	iters: 400, epoch: 7 | loss: 0.3473518
	speed: 0.0119s/iter; left time: 31.3978s
	iters: 500, epoch: 7 | loss: 0.3065499
	speed: 0.0114s/iter; left time: 28.9985s
	iters: 600, epoch: 7 | loss: 0.3671341
	speed: 0.0113s/iter; left time: 27.5739s
	iters: 700, epoch: 7 | loss: 0.3374753
	speed: 0.0118s/iter; left time: 27.5497s
Epoch: 7 cost time: 9.522762298583984
Epoch: 7, Steps: 760 | Train Loss: 0.2991852 Vali Loss: 0.4498100 Test Loss: 0.4822848
EarlyStopping counter: 1 out of 3
Updating learning rate to 1.5625e-05
	iters: 100, epoch: 8 | loss: 0.3545211
	speed: 0.0756s/iter; left time: 164.9120s
	iters: 200, epoch: 8 | loss: 0.3051997
	speed: 0.0121s/iter; left time: 25.1882s
	iters: 300, epoch: 8 | loss: 0.2936414
	speed: 0.0116s/iter; left time: 22.9599s
	iters: 400, epoch: 8 | loss: 0.3131642
	speed: 0.0113s/iter; left time: 21.3237s
	iters: 500, epoch: 8 | loss: 0.2833230
	speed: 0.0114s/iter; left time: 20.3189s
	iters: 600, epoch: 8 | loss: 0.2516737
	speed: 0.0117s/iter; left time: 19.6304s
	iters: 700, epoch: 8 | loss: 0.3220507
	speed: 0.0115s/iter; left time: 18.1287s
Epoch: 8 cost time: 9.557507276535034
Epoch: 8, Steps: 760 | Train Loss: 0.2989657 Vali Loss: 0.4500236 Test Loss: 0.4821547
EarlyStopping counter: 2 out of 3
Updating learning rate to 7.8125e-06
	iters: 100, epoch: 9 | loss: 0.2733204
	speed: 0.0742s/iter; left time: 105.4724s
	iters: 200, epoch: 9 | loss: 0.2736113
	speed: 0.0115s/iter; left time: 15.2089s
	iters: 300, epoch: 9 | loss: 0.2693397
	speed: 0.0119s/iter; left time: 14.5525s
	iters: 400, epoch: 9 | loss: 0.2813390
	speed: 0.0113s/iter; left time: 12.6634s
	iters: 500, epoch: 9 | loss: 0.3418325
	speed: 0.0115s/iter; left time: 11.7712s
	iters: 600, epoch: 9 | loss: 0.2385401
	speed: 0.0118s/iter; left time: 10.8570s
	iters: 700, epoch: 9 | loss: 0.2972946
	speed: 0.0115s/iter; left time: 9.4258s
Epoch: 9 cost time: 9.576443433761597
Epoch: 9, Steps: 760 | Train Loss: 0.2988592 Vali Loss: 0.4495636 Test Loss: 0.4821311
EarlyStopping counter: 3 out of 3
Early stopping
>>>>>>>testing : traffic_96_24_GRevagLinear_custom_ftM_sl96_ll48_pl24_dm512_nh8_el2_dl1_df2048_fc1_ebtimeF_dtTrue_Exp_0<<<<<<<<<<<<<<<<<<<<<<<<<<<<<<<<<
test 3485
mse:0.4825534522533417, mae:0.3322524428367615
