Args in experiment:
Namespace(activation='gelu', batch_size=16, c_out=7, checkpoints='/spo/NewbornTime/tahir098/SVF/data/Extra/checkpoints/', d_ff=2048, d_layers=1, d_model=512, data='custom', data_path='weather.csv', dec_in=7, des='Exp', devices='0,1,2,3', distil=True, do_predict=False, dropout=0.05, e_layers=2, embed='timeF', embed_type=0, enc_in=21, factor=1, features='M', freq='h', gpu=0, individual=False, is_training=1, itr=1, label_len=48, learning_rate=0.001, loss='mse', lradj='type1', model='RLinear', model_id='weather_336_192', moving_avg=25, n_heads=8, num_workers=10, output_attention=False, patience=3, pred_len=192, root_path='./dataset/', seq_len=336, target='OT', test_flop=False, train_epochs=10, train_only=False, use_amp=False, use_gpu=True, use_multi_gpu=False)
Use GPU: cuda:0
>>>>>>>start training : weather_336_192_RLinear_custom_ftM_sl336_ll48_pl192_dm512_nh8_el2_dl1_df2048_fc1_ebtimeF_dtTrue_Exp_0>>>>>>>>>>>>>>>>>>>>>>>>>>
train 36360
val 5079
test 10348
	iters: 100, epoch: 1 | loss: 0.4185860
	speed: 0.0310s/iter; left time: 701.1122s
	iters: 200, epoch: 1 | loss: 0.3530438
	speed: 0.0231s/iter; left time: 519.8797s
	iters: 300, epoch: 1 | loss: 0.6253172
	speed: 0.0235s/iter; left time: 525.9434s
	iters: 400, epoch: 1 | loss: 0.5447881
	speed: 0.0228s/iter; left time: 509.9913s
	iters: 500, epoch: 1 | loss: 0.5439425
	speed: 0.0231s/iter; left time: 513.5696s
	iters: 600, epoch: 1 | loss: 0.4143005
	speed: 0.0214s/iter; left time: 473.8511s
	iters: 700, epoch: 1 | loss: 0.2846094
	speed: 0.0218s/iter; left time: 479.7852s
	iters: 800, epoch: 1 | loss: 0.3369722
	speed: 0.0213s/iter; left time: 466.9404s
	iters: 900, epoch: 1 | loss: 0.2785598
	speed: 0.0221s/iter; left time: 482.9180s
	iters: 1000, epoch: 1 | loss: 2.1158106
	speed: 0.0218s/iter; left time: 473.5072s
	iters: 1100, epoch: 1 | loss: 0.3417248
	speed: 0.0207s/iter; left time: 446.8804s
	iters: 1200, epoch: 1 | loss: 0.4956722
	speed: 0.0230s/iter; left time: 494.7847s
	iters: 1300, epoch: 1 | loss: 0.2856804
	speed: 0.0234s/iter; left time: 501.3001s
	iters: 1400, epoch: 1 | loss: 0.5361585
	speed: 0.0212s/iter; left time: 452.1927s
	iters: 1500, epoch: 1 | loss: 0.2720859
	speed: 0.0213s/iter; left time: 451.6828s
	iters: 1600, epoch: 1 | loss: 0.3879988
	speed: 0.0208s/iter; left time: 440.3102s
	iters: 1700, epoch: 1 | loss: 1.3448495
	speed: 0.0209s/iter; left time: 439.2721s
	iters: 1800, epoch: 1 | loss: 1.4794307
	speed: 0.0228s/iter; left time: 476.2332s
	iters: 1900, epoch: 1 | loss: 1.7299776
	speed: 0.0222s/iter; left time: 463.0475s
	iters: 2000, epoch: 1 | loss: 1.4263847
	speed: 0.0231s/iter; left time: 479.0275s
	iters: 2100, epoch: 1 | loss: 0.4168777
	speed: 0.0228s/iter; left time: 469.2868s
	iters: 2200, epoch: 1 | loss: 0.3613267
	speed: 0.0219s/iter; left time: 449.3093s
Epoch: 1 cost time: 51.271039962768555
Epoch: 1, Steps: 2272 | Train Loss: 0.5295752 Vali Loss: 0.4594038 Test Loss: 0.1942620
Validation loss decreased (inf --> 0.459404).  Saving model ...
Updating learning rate to 0.001
	iters: 100, epoch: 2 | loss: 1.7364714
	speed: 0.1309s/iter; left time: 2663.7341s
	iters: 200, epoch: 2 | loss: 0.4137082
	speed: 0.0239s/iter; left time: 484.4851s
	iters: 300, epoch: 2 | loss: 2.1957583
	speed: 0.0222s/iter; left time: 447.4095s
	iters: 400, epoch: 2 | loss: 0.4829498
	speed: 0.0228s/iter; left time: 456.2367s
	iters: 500, epoch: 2 | loss: 0.3450749
	speed: 0.0245s/iter; left time: 488.6552s
	iters: 600, epoch: 2 | loss: 0.3421168
	speed: 0.0223s/iter; left time: 442.7959s
	iters: 700, epoch: 2 | loss: 0.3536999
	speed: 0.0219s/iter; left time: 433.2527s
	iters: 800, epoch: 2 | loss: 0.8170215
	speed: 0.0215s/iter; left time: 423.3087s
	iters: 900, epoch: 2 | loss: 0.5392513
	speed: 0.0226s/iter; left time: 441.8206s
	iters: 1000, epoch: 2 | loss: 0.3520823
	speed: 0.0215s/iter; left time: 419.1243s
	iters: 1100, epoch: 2 | loss: 0.8447528
	speed: 0.0225s/iter; left time: 435.4329s
	iters: 1200, epoch: 2 | loss: 0.2700334
	speed: 0.0215s/iter; left time: 413.2437s
	iters: 1300, epoch: 2 | loss: 0.3623773
	speed: 0.0221s/iter; left time: 423.3236s
	iters: 1400, epoch: 2 | loss: 0.9188117
	speed: 0.0237s/iter; left time: 451.3972s
	iters: 1500, epoch: 2 | loss: 0.4812140
	speed: 0.0206s/iter; left time: 390.8374s
	iters: 1600, epoch: 2 | loss: 0.5783197
	speed: 0.0217s/iter; left time: 408.5207s
	iters: 1700, epoch: 2 | loss: 0.5254940
	speed: 0.0212s/iter; left time: 396.5787s
	iters: 1800, epoch: 2 | loss: 1.0094267
	speed: 0.0218s/iter; left time: 406.9932s
	iters: 1900, epoch: 2 | loss: 0.3315564
	speed: 0.0220s/iter; left time: 408.5988s
	iters: 2000, epoch: 2 | loss: 0.2995041
	speed: 0.0224s/iter; left time: 413.7949s
	iters: 2100, epoch: 2 | loss: 0.4563232
	speed: 0.0215s/iter; left time: 395.2770s
	iters: 2200, epoch: 2 | loss: 0.3664527
	speed: 0.0217s/iter; left time: 396.2641s
Epoch: 2 cost time: 51.1331205368042
Epoch: 2, Steps: 2272 | Train Loss: 0.5481961 Vali Loss: 0.4643525 Test Loss: 0.1946163
EarlyStopping counter: 1 out of 3
Updating learning rate to 0.0005
	iters: 100, epoch: 3 | loss: 1.4229541
	speed: 0.1309s/iter; left time: 2365.9641s
	iters: 200, epoch: 3 | loss: 0.5156163
	speed: 0.0219s/iter; left time: 393.4975s
	iters: 300, epoch: 3 | loss: 0.3322162
	speed: 0.0208s/iter; left time: 372.2765s
	iters: 400, epoch: 3 | loss: 1.3243939
	speed: 0.0223s/iter; left time: 396.4314s
	iters: 500, epoch: 3 | loss: 0.5805561
	speed: 0.0219s/iter; left time: 386.3873s
	iters: 600, epoch: 3 | loss: 0.3353586
	speed: 0.0219s/iter; left time: 384.7150s
	iters: 700, epoch: 3 | loss: 0.3646407
	speed: 0.0219s/iter; left time: 383.2208s
	iters: 800, epoch: 3 | loss: 0.2342258
	speed: 0.0221s/iter; left time: 384.3531s
	iters: 900, epoch: 3 | loss: 0.3865207
	speed: 0.0233s/iter; left time: 402.9840s
	iters: 1000, epoch: 3 | loss: 0.6966323
	speed: 0.0243s/iter; left time: 416.8015s
	iters: 1100, epoch: 3 | loss: 0.2815738
	speed: 0.0225s/iter; left time: 384.1536s
	iters: 1200, epoch: 3 | loss: 0.3581560
	speed: 0.0216s/iter; left time: 366.8754s
	iters: 1300, epoch: 3 | loss: 0.4944676
	speed: 0.0200s/iter; left time: 336.7888s
	iters: 1400, epoch: 3 | loss: 0.4676931
	speed: 0.0223s/iter; left time: 373.3282s
	iters: 1500, epoch: 3 | loss: 0.6112693
	speed: 0.0207s/iter; left time: 344.7348s
	iters: 1600, epoch: 3 | loss: 0.5096824
	speed: 0.0232s/iter; left time: 383.8855s
	iters: 1700, epoch: 3 | loss: 0.4176961
	speed: 0.0232s/iter; left time: 381.4903s
	iters: 1800, epoch: 3 | loss: 0.4255573
	speed: 0.0237s/iter; left time: 387.4619s
	iters: 1900, epoch: 3 | loss: 1.2318009
	speed: 0.0229s/iter; left time: 372.2328s
	iters: 2000, epoch: 3 | loss: 0.2532417
	speed: 0.0226s/iter; left time: 365.4739s
	iters: 2100, epoch: 3 | loss: 0.3517138
	speed: 0.0237s/iter; left time: 380.9928s
	iters: 2200, epoch: 3 | loss: 0.3089515
	speed: 0.0223s/iter; left time: 356.1859s
Epoch: 3 cost time: 51.27918291091919
Epoch: 3, Steps: 2272 | Train Loss: 0.5024907 Vali Loss: 0.4475726 Test Loss: 0.1900691
Validation loss decreased (0.459404 --> 0.447573).  Saving model ...
Updating learning rate to 0.00025
	iters: 100, epoch: 4 | loss: 0.2736374
	speed: 0.1323s/iter; left time: 2091.1286s
	iters: 200, epoch: 4 | loss: 0.4949453
	speed: 0.0229s/iter; left time: 358.9088s
	iters: 300, epoch: 4 | loss: 0.2750966
	speed: 0.0226s/iter; left time: 351.9709s
	iters: 400, epoch: 4 | loss: 0.3449128
	speed: 0.0226s/iter; left time: 350.6759s
	iters: 500, epoch: 4 | loss: 0.4827245
	speed: 0.0228s/iter; left time: 351.1113s
	iters: 600, epoch: 4 | loss: 0.3698226
	speed: 0.0214s/iter; left time: 327.3151s
	iters: 700, epoch: 4 | loss: 0.5083866
	speed: 0.0217s/iter; left time: 330.2890s
	iters: 800, epoch: 4 | loss: 0.3751208
	speed: 0.0222s/iter; left time: 334.6190s
	iters: 900, epoch: 4 | loss: 0.4291270
	speed: 0.0236s/iter; left time: 353.9674s
	iters: 1000, epoch: 4 | loss: 1.4102839
	speed: 0.0228s/iter; left time: 340.4972s
	iters: 1100, epoch: 4 | loss: 0.3100278
	speed: 0.0219s/iter; left time: 324.7074s
	iters: 1200, epoch: 4 | loss: 1.3550910
	speed: 0.0228s/iter; left time: 335.3606s
	iters: 1300, epoch: 4 | loss: 0.6373150
	speed: 0.0221s/iter; left time: 322.5782s
	iters: 1400, epoch: 4 | loss: 0.4856697
	speed: 0.0228s/iter; left time: 330.5008s
	iters: 1500, epoch: 4 | loss: 0.3787972
	speed: 0.0228s/iter; left time: 328.0489s
	iters: 1600, epoch: 4 | loss: 0.4275065
	speed: 0.0203s/iter; left time: 289.9656s
	iters: 1700, epoch: 4 | loss: 0.3261934
	speed: 0.0224s/iter; left time: 317.8395s
	iters: 1800, epoch: 4 | loss: 0.4555213
	speed: 0.0223s/iter; left time: 314.1214s
	iters: 1900, epoch: 4 | loss: 0.3447888
	speed: 0.0238s/iter; left time: 333.1756s
	iters: 2000, epoch: 4 | loss: 0.2944695
	speed: 0.0242s/iter; left time: 336.0233s
	iters: 2100, epoch: 4 | loss: 1.3513775
	speed: 0.0231s/iter; left time: 319.2177s
	iters: 2200, epoch: 4 | loss: 0.6069478
	speed: 0.0226s/iter; left time: 310.2878s
Epoch: 4 cost time: 51.996927976608276
Epoch: 4, Steps: 2272 | Train Loss: 0.4853804 Vali Loss: 0.4479142 Test Loss: 0.1885959
EarlyStopping counter: 1 out of 3
Updating learning rate to 0.000125
	iters: 100, epoch: 5 | loss: 0.5974035
	speed: 0.1326s/iter; left time: 1794.0131s
	iters: 200, epoch: 5 | loss: 0.4706734
	speed: 0.0215s/iter; left time: 288.3591s
	iters: 300, epoch: 5 | loss: 0.3909116
	speed: 0.0212s/iter; left time: 282.4941s
	iters: 400, epoch: 5 | loss: 1.3610482
	speed: 0.0222s/iter; left time: 293.1222s
	iters: 500, epoch: 5 | loss: 0.5213798
	speed: 0.0219s/iter; left time: 287.8047s
	iters: 600, epoch: 5 | loss: 0.2749624
	speed: 0.0224s/iter; left time: 292.5280s
	iters: 700, epoch: 5 | loss: 1.3382113
	speed: 0.0220s/iter; left time: 285.1484s
	iters: 800, epoch: 5 | loss: 0.4398156
	speed: 0.0219s/iter; left time: 281.4182s
	iters: 900, epoch: 5 | loss: 0.2602178
	speed: 0.0220s/iter; left time: 280.7464s
	iters: 1000, epoch: 5 | loss: 0.3819569
	speed: 0.0229s/iter; left time: 289.6520s
	iters: 1100, epoch: 5 | loss: 0.2812205
	speed: 0.0214s/iter; left time: 268.1626s
	iters: 1200, epoch: 5 | loss: 0.3192554
	speed: 0.0210s/iter; left time: 260.6601s
	iters: 1300, epoch: 5 | loss: 0.3113295
	speed: 0.0222s/iter; left time: 273.4061s
	iters: 1400, epoch: 5 | loss: 1.3524047
	speed: 0.0220s/iter; left time: 269.7346s
	iters: 1500, epoch: 5 | loss: 0.4640438
	speed: 0.0228s/iter; left time: 276.2946s
	iters: 1600, epoch: 5 | loss: 1.2642822
	speed: 0.0207s/iter; left time: 249.3991s
	iters: 1700, epoch: 5 | loss: 0.4237977
	speed: 0.0214s/iter; left time: 255.1082s
	iters: 1800, epoch: 5 | loss: 0.2592163
	speed: 0.0225s/iter; left time: 265.6755s
	iters: 1900, epoch: 5 | loss: 0.4746225
	speed: 0.0223s/iter; left time: 261.3523s
	iters: 2000, epoch: 5 | loss: 0.3064526
	speed: 0.0222s/iter; left time: 258.1918s
	iters: 2100, epoch: 5 | loss: 1.2474201
	speed: 0.0223s/iter; left time: 256.7713s
	iters: 2200, epoch: 5 | loss: 0.3601300
	speed: 0.0225s/iter; left time: 257.1666s
Epoch: 5 cost time: 50.65262794494629
Epoch: 5, Steps: 2272 | Train Loss: 0.4781418 Vali Loss: 0.4456111 Test Loss: 0.1894820
Validation loss decreased (0.447573 --> 0.445611).  Saving model ...
Updating learning rate to 6.25e-05
	iters: 100, epoch: 6 | loss: 0.4989092
	speed: 0.1355s/iter; left time: 1525.6849s
	iters: 200, epoch: 6 | loss: 0.3788554
	speed: 0.0235s/iter; left time: 261.8038s
	iters: 300, epoch: 6 | loss: 0.4830590
	speed: 0.0230s/iter; left time: 254.4949s
	iters: 400, epoch: 6 | loss: 0.4010011
	speed: 0.0211s/iter; left time: 230.9087s
	iters: 500, epoch: 6 | loss: 0.3303791
	speed: 0.0230s/iter; left time: 250.0791s
	iters: 600, epoch: 6 | loss: 0.3806682
	speed: 0.0217s/iter; left time: 233.5714s
	iters: 700, epoch: 6 | loss: 0.3207495
	speed: 0.0232s/iter; left time: 247.5537s
	iters: 800, epoch: 6 | loss: 0.6862805
	speed: 0.0225s/iter; left time: 237.1002s
	iters: 900, epoch: 6 | loss: 0.3100779
	speed: 0.0215s/iter; left time: 224.4483s
	iters: 1000, epoch: 6 | loss: 1.0541625
	speed: 0.0208s/iter; left time: 215.4686s
	iters: 1100, epoch: 6 | loss: 0.9702526
	speed: 0.0230s/iter; left time: 235.5466s
	iters: 1200, epoch: 6 | loss: 0.5151384
	speed: 0.0228s/iter; left time: 231.6820s
	iters: 1300, epoch: 6 | loss: 0.3171370
	speed: 0.0234s/iter; left time: 235.7316s
	iters: 1400, epoch: 6 | loss: 0.2773657
	speed: 0.0228s/iter; left time: 227.2156s
	iters: 1500, epoch: 6 | loss: 0.3853248
	speed: 0.0221s/iter; left time: 218.3314s
	iters: 1600, epoch: 6 | loss: 0.4237271
	speed: 0.0227s/iter; left time: 221.8272s
	iters: 1700, epoch: 6 | loss: 0.2906847
	speed: 0.0225s/iter; left time: 217.4017s
	iters: 1800, epoch: 6 | loss: 0.5017384
	speed: 0.0218s/iter; left time: 208.3003s
	iters: 1900, epoch: 6 | loss: 0.4772005
	speed: 0.0213s/iter; left time: 201.6511s
	iters: 2000, epoch: 6 | loss: 0.2842215
	speed: 0.0226s/iter; left time: 211.4120s
	iters: 2100, epoch: 6 | loss: 0.3661358
	speed: 0.0229s/iter; left time: 212.0775s
	iters: 2200, epoch: 6 | loss: 0.3137231
	speed: 0.0217s/iter; left time: 198.8545s
Epoch: 6 cost time: 51.53266143798828
Epoch: 6, Steps: 2272 | Train Loss: 0.4748153 Vali Loss: 0.4433238 Test Loss: 0.1880330
Validation loss decreased (0.445611 --> 0.443324).  Saving model ...
Updating learning rate to 3.125e-05
	iters: 100, epoch: 7 | loss: 0.4230823
	speed: 0.1334s/iter; left time: 1198.7772s
	iters: 200, epoch: 7 | loss: 0.6224128
	speed: 0.0222s/iter; left time: 197.1244s
	iters: 300, epoch: 7 | loss: 0.4654860
	speed: 0.0226s/iter; left time: 198.8189s
	iters: 400, epoch: 7 | loss: 0.3274241
	speed: 0.0221s/iter; left time: 192.2090s
	iters: 500, epoch: 7 | loss: 0.4285917
	speed: 0.0211s/iter; left time: 181.6300s
	iters: 600, epoch: 7 | loss: 1.4982055
	speed: 0.0214s/iter; left time: 181.6935s
	iters: 700, epoch: 7 | loss: 0.3305053
	speed: 0.0220s/iter; left time: 184.4743s
	iters: 800, epoch: 7 | loss: 0.4341696
	speed: 0.0213s/iter; left time: 176.5491s
	iters: 900, epoch: 7 | loss: 0.3017664
	speed: 0.0213s/iter; left time: 174.2127s
	iters: 1000, epoch: 7 | loss: 0.4081111
	speed: 0.0220s/iter; left time: 178.0268s
	iters: 1100, epoch: 7 | loss: 0.2462078
	speed: 0.0215s/iter; left time: 171.6410s
	iters: 1200, epoch: 7 | loss: 0.6471035
	speed: 0.0219s/iter; left time: 173.1322s
	iters: 1300, epoch: 7 | loss: 0.5287403
	speed: 0.0221s/iter; left time: 172.4474s
	iters: 1400, epoch: 7 | loss: 0.4778803
	speed: 0.0212s/iter; left time: 162.8634s
	iters: 1500, epoch: 7 | loss: 0.3016710
	speed: 0.0222s/iter; left time: 168.5566s
	iters: 1600, epoch: 7 | loss: 0.2762969
	speed: 0.0216s/iter; left time: 161.8548s
	iters: 1700, epoch: 7 | loss: 0.5097745
	speed: 0.0221s/iter; left time: 163.4404s
	iters: 1800, epoch: 7 | loss: 0.2999046
	speed: 0.0229s/iter; left time: 166.9127s
	iters: 1900, epoch: 7 | loss: 0.3195744
	speed: 0.0233s/iter; left time: 167.7182s
	iters: 2000, epoch: 7 | loss: 0.3933727
	speed: 0.0248s/iter; left time: 175.9640s
	iters: 2100, epoch: 7 | loss: 0.4091438
	speed: 0.0234s/iter; left time: 163.6003s
	iters: 2200, epoch: 7 | loss: 0.7140802
	speed: 0.0220s/iter; left time: 151.8623s
Epoch: 7 cost time: 51.01076817512512
Epoch: 7, Steps: 2272 | Train Loss: 0.4729828 Vali Loss: 0.4429969 Test Loss: 0.1879919
Validation loss decreased (0.443324 --> 0.442997).  Saving model ...
Updating learning rate to 1.5625e-05
	iters: 100, epoch: 8 | loss: 1.1671116
	speed: 0.1313s/iter; left time: 881.7835s
	iters: 200, epoch: 8 | loss: 0.4220301
	speed: 0.0213s/iter; left time: 141.1623s
	iters: 300, epoch: 8 | loss: 1.2848774
	speed: 0.0214s/iter; left time: 139.1449s
	iters: 400, epoch: 8 | loss: 0.2925247
	speed: 0.0236s/iter; left time: 151.2385s
	iters: 500, epoch: 8 | loss: 0.2901939
	speed: 0.0217s/iter; left time: 137.2555s
	iters: 600, epoch: 8 | loss: 0.4818394
	speed: 0.0218s/iter; left time: 135.8011s
	iters: 700, epoch: 8 | loss: 0.3922644
	speed: 0.0223s/iter; left time: 136.3501s
	iters: 800, epoch: 8 | loss: 0.4204067
	speed: 0.0217s/iter; left time: 130.3298s
	iters: 900, epoch: 8 | loss: 1.2929008
	speed: 0.0213s/iter; left time: 126.1999s
	iters: 1000, epoch: 8 | loss: 0.3327396
	speed: 0.0227s/iter; left time: 132.1269s
	iters: 1100, epoch: 8 | loss: 0.4259174
	speed: 0.0223s/iter; left time: 127.7518s
	iters: 1200, epoch: 8 | loss: 0.3510690
	speed: 0.0237s/iter; left time: 133.0157s
	iters: 1300, epoch: 8 | loss: 0.3346705
	speed: 0.0224s/iter; left time: 123.4038s
	iters: 1400, epoch: 8 | loss: 0.5662742
	speed: 0.0216s/iter; left time: 116.9943s
	iters: 1500, epoch: 8 | loss: 0.3291655
	speed: 0.0219s/iter; left time: 116.3857s
	iters: 1600, epoch: 8 | loss: 0.6322207
	speed: 0.0228s/iter; left time: 118.9868s
	iters: 1700, epoch: 8 | loss: 0.4773616
	speed: 0.0218s/iter; left time: 111.6934s
	iters: 1800, epoch: 8 | loss: 0.3537693
	speed: 0.0226s/iter; left time: 113.5886s
	iters: 1900, epoch: 8 | loss: 0.3094878
	speed: 0.0243s/iter; left time: 119.6635s
	iters: 2000, epoch: 8 | loss: 0.5432169
	speed: 0.0222s/iter; left time: 107.0376s
	iters: 2100, epoch: 8 | loss: 0.3831472
	speed: 0.0216s/iter; left time: 101.6785s
	iters: 2200, epoch: 8 | loss: 0.3592103
	speed: 0.0221s/iter; left time: 102.1770s
Epoch: 8 cost time: 51.20906209945679
Epoch: 8, Steps: 2272 | Train Loss: 0.4719057 Vali Loss: 0.4427936 Test Loss: 0.1877664
Validation loss decreased (0.442997 --> 0.442794).  Saving model ...
Updating learning rate to 7.8125e-06
	iters: 100, epoch: 9 | loss: 1.3100697
	speed: 0.1315s/iter; left time: 584.4347s
	iters: 200, epoch: 9 | loss: 0.4277679
	speed: 0.0237s/iter; left time: 102.8741s
	iters: 300, epoch: 9 | loss: 0.2732157
	speed: 0.0212s/iter; left time: 89.9212s
	iters: 400, epoch: 9 | loss: 0.7693760
	speed: 0.0219s/iter; left time: 90.6156s
	iters: 500, epoch: 9 | loss: 0.4580290
	speed: 0.0220s/iter; left time: 88.9344s
	iters: 600, epoch: 9 | loss: 0.5858878
	speed: 0.0222s/iter; left time: 87.6909s
	iters: 700, epoch: 9 | loss: 0.4585980
	speed: 0.0223s/iter; left time: 85.8920s
	iters: 800, epoch: 9 | loss: 0.3316698
	speed: 0.0221s/iter; left time: 82.7507s
	iters: 900, epoch: 9 | loss: 0.5532921
	speed: 0.0220s/iter; left time: 80.3538s
	iters: 1000, epoch: 9 | loss: 0.2995540
	speed: 0.0217s/iter; left time: 76.9327s
	iters: 1100, epoch: 9 | loss: 1.3395382
	speed: 0.0223s/iter; left time: 76.7193s
	iters: 1200, epoch: 9 | loss: 0.3058807
	speed: 0.0219s/iter; left time: 73.3794s
	iters: 1300, epoch: 9 | loss: 0.2862489
	speed: 0.0221s/iter; left time: 71.7604s
	iters: 1400, epoch: 9 | loss: 0.3944106
	speed: 0.0210s/iter; left time: 66.0511s
	iters: 1500, epoch: 9 | loss: 0.3306918
	speed: 0.0209s/iter; left time: 63.7045s
	iters: 1600, epoch: 9 | loss: 0.3883533
	speed: 0.0225s/iter; left time: 66.1461s
	iters: 1700, epoch: 9 | loss: 0.3493608
	speed: 0.0220s/iter; left time: 62.5814s
	iters: 1800, epoch: 9 | loss: 0.3485738
	speed: 0.0214s/iter; left time: 58.6767s
	iters: 1900, epoch: 9 | loss: 0.4259305
	speed: 0.0216s/iter; left time: 57.1445s
	iters: 2000, epoch: 9 | loss: 0.3387054
	speed: 0.0234s/iter; left time: 59.5915s
	iters: 2100, epoch: 9 | loss: 0.4695672
	speed: 0.0211s/iter; left time: 51.6091s
	iters: 2200, epoch: 9 | loss: 0.4066901
	speed: 0.0216s/iter; left time: 50.5593s
Epoch: 9 cost time: 50.48720741271973
Epoch: 9, Steps: 2272 | Train Loss: 0.4722884 Vali Loss: 0.4428530 Test Loss: 0.1879557
EarlyStopping counter: 1 out of 3
Updating learning rate to 3.90625e-06
	iters: 100, epoch: 10 | loss: 0.3417602
	speed: 0.1291s/iter; left time: 280.4393s
	iters: 200, epoch: 10 | loss: 0.3946751
	speed: 0.0221s/iter; left time: 45.9120s
	iters: 300, epoch: 10 | loss: 0.4220530
	speed: 0.0212s/iter; left time: 41.7356s
	iters: 400, epoch: 10 | loss: 0.3710327
	speed: 0.0215s/iter; left time: 40.3507s
	iters: 500, epoch: 10 | loss: 0.3073706
	speed: 0.0216s/iter; left time: 38.3451s
	iters: 600, epoch: 10 | loss: 0.2783803
	speed: 0.0235s/iter; left time: 39.2401s
	iters: 700, epoch: 10 | loss: 0.3313977
	speed: 0.0213s/iter; left time: 33.5605s
	iters: 800, epoch: 10 | loss: 0.2884744
	speed: 0.0211s/iter; left time: 31.0638s
	iters: 900, epoch: 10 | loss: 0.3826758
	speed: 0.0214s/iter; left time: 29.3375s
	iters: 1000, epoch: 10 | loss: 0.3838852
	speed: 0.0233s/iter; left time: 29.7056s
	iters: 1100, epoch: 10 | loss: 0.2711266
	speed: 0.0211s/iter; left time: 24.7700s
	iters: 1200, epoch: 10 | loss: 0.3490075
	speed: 0.0228s/iter; left time: 24.5020s
	iters: 1300, epoch: 10 | loss: 0.4588579
	speed: 0.0218s/iter; left time: 21.2323s
	iters: 1400, epoch: 10 | loss: 0.2999153
	speed: 0.0212s/iter; left time: 18.5284s
	iters: 1500, epoch: 10 | loss: 0.3933597
	speed: 0.0220s/iter; left time: 17.0318s
	iters: 1600, epoch: 10 | loss: 0.3747097
	speed: 0.0232s/iter; left time: 15.6448s
	iters: 1700, epoch: 10 | loss: 0.2929103
	speed: 0.0236s/iter; left time: 13.5301s
	iters: 1800, epoch: 10 | loss: 0.2889140
	speed: 0.0235s/iter; left time: 11.1010s
	iters: 1900, epoch: 10 | loss: 0.2929511
	speed: 0.0233s/iter; left time: 8.7002s
	iters: 2000, epoch: 10 | loss: 0.3201305
	speed: 0.0213s/iter; left time: 5.8162s
	iters: 2100, epoch: 10 | loss: 1.0228269
	speed: 0.0222s/iter; left time: 3.8337s
	iters: 2200, epoch: 10 | loss: 0.6157238
	speed: 0.0219s/iter; left time: 1.6015s
Epoch: 10 cost time: 50.95546293258667
Epoch: 10, Steps: 2272 | Train Loss: 0.4717190 Vali Loss: 0.4425543 Test Loss: 0.1877930
Validation loss decreased (0.442794 --> 0.442554).  Saving model ...
Updating learning rate to 1.953125e-06
>>>>>>>testing : weather_336_192_RLinear_custom_ftM_sl336_ll48_pl192_dm512_nh8_el2_dl1_df2048_fc1_ebtimeF_dtTrue_Exp_0<<<<<<<<<<<<<<<<<<<<<<<<<<<<<<<<<
test 10348
mse:0.1878412961959839, mae:0.23388740420341492
