Args in experiment:
Namespace(activation='gelu', batch_size=16, c_out=7, checkpoints='/spo/NewbornTime/tahir098/SVF/data/Extra/checkpoints/', d_ff=2048, d_layers=1, d_model=512, data='custom', data_path='weather.csv', dec_in=7, des='Exp', devices='0,1,2,3', distil=True, do_predict=False, dropout=0.05, e_layers=2, embed='timeF', embed_type=0, enc_in=21, factor=1, features='M', freq='h', gpu=0, individual=False, is_training=1, itr=1, label_len=48, learning_rate=0.001, loss='mse', lradj='type1', model='RLinear', model_id='weather_336_12', moving_avg=25, n_heads=8, num_workers=10, output_attention=False, patience=3, pred_len=12, root_path='./dataset/', seq_len=336, target='OT', test_flop=False, train_epochs=10, train_only=False, use_amp=False, use_gpu=True, use_multi_gpu=False)
Use GPU: cuda:0
>>>>>>>start training : weather_336_12_RLinear_custom_ftM_sl336_ll48_pl12_dm512_nh8_el2_dl1_df2048_fc1_ebtimeF_dtTrue_Exp_0>>>>>>>>>>>>>>>>>>>>>>>>>>
train 36540
val 5259
test 10528
	iters: 100, epoch: 1 | loss: 0.2654721
	speed: 0.0253s/iter; left time: 575.9464s
	iters: 200, epoch: 1 | loss: 0.1719155
	speed: 0.0187s/iter; left time: 422.2757s
	iters: 300, epoch: 1 | loss: 0.2987292
	speed: 0.0170s/iter; left time: 382.2664s
	iters: 400, epoch: 1 | loss: 0.4813747
	speed: 0.0180s/iter; left time: 404.4608s
	iters: 500, epoch: 1 | loss: 0.6929502
	speed: 0.0188s/iter; left time: 420.8063s
	iters: 600, epoch: 1 | loss: 0.3520759
	speed: 0.0194s/iter; left time: 430.8971s
	iters: 700, epoch: 1 | loss: 0.1162930
	speed: 0.0200s/iter; left time: 443.3249s
	iters: 800, epoch: 1 | loss: 0.0765974
	speed: 0.0204s/iter; left time: 448.9247s
	iters: 900, epoch: 1 | loss: 0.1855592
	speed: 0.0200s/iter; left time: 437.7745s
	iters: 1000, epoch: 1 | loss: 0.3165149
	speed: 0.0200s/iter; left time: 437.0420s
	iters: 1100, epoch: 1 | loss: 0.4230883
	speed: 0.0203s/iter; left time: 440.1266s
	iters: 1200, epoch: 1 | loss: 0.1197501
	speed: 0.0200s/iter; left time: 431.5667s
	iters: 1300, epoch: 1 | loss: 0.0976249
	speed: 0.0196s/iter; left time: 422.7972s
	iters: 1400, epoch: 1 | loss: 0.1274800
	speed: 0.0191s/iter; left time: 408.6658s
	iters: 1500, epoch: 1 | loss: 0.1963190
	speed: 0.0196s/iter; left time: 418.4638s
	iters: 1600, epoch: 1 | loss: 0.1259063
	speed: 0.0194s/iter; left time: 412.7365s
	iters: 1700, epoch: 1 | loss: 0.0838238
	speed: 0.0188s/iter; left time: 397.2007s
	iters: 1800, epoch: 1 | loss: 0.1231419
	speed: 0.0199s/iter; left time: 419.4507s
	iters: 1900, epoch: 1 | loss: 0.2472085
	speed: 0.0195s/iter; left time: 407.2927s
	iters: 2000, epoch: 1 | loss: 0.5609767
	speed: 0.0197s/iter; left time: 411.1062s
	iters: 2100, epoch: 1 | loss: 0.3804582
	speed: 0.0194s/iter; left time: 401.4582s
	iters: 2200, epoch: 1 | loss: 0.2421326
	speed: 0.0193s/iter; left time: 397.6365s
Epoch: 1 cost time: 44.94924759864807
Epoch: 1, Steps: 2283 | Train Loss: 0.3208711 Vali Loss: 0.2270221 Test Loss: 0.0746941
Validation loss decreased (inf --> 0.227022).  Saving model ...
Updating learning rate to 0.001
	iters: 100, epoch: 2 | loss: 0.0757260
	speed: 0.1088s/iter; left time: 2225.6983s
	iters: 200, epoch: 2 | loss: 0.1429148
	speed: 0.0224s/iter; left time: 456.1666s
	iters: 300, epoch: 2 | loss: 0.0524124
	speed: 0.0199s/iter; left time: 403.8755s
	iters: 400, epoch: 2 | loss: 0.1952913
	speed: 0.0196s/iter; left time: 395.7046s
	iters: 500, epoch: 2 | loss: 0.1617528
	speed: 0.0189s/iter; left time: 379.6260s
	iters: 600, epoch: 2 | loss: 0.1332381
	speed: 0.0196s/iter; left time: 391.2518s
	iters: 700, epoch: 2 | loss: 0.4498044
	speed: 0.0192s/iter; left time: 381.4237s
	iters: 800, epoch: 2 | loss: 0.1698233
	speed: 0.0193s/iter; left time: 380.3610s
	iters: 900, epoch: 2 | loss: 0.3123887
	speed: 0.0218s/iter; left time: 428.6145s
	iters: 1000, epoch: 2 | loss: 0.1275644
	speed: 0.0203s/iter; left time: 397.6573s
	iters: 1100, epoch: 2 | loss: 0.5470381
	speed: 0.0198s/iter; left time: 386.0094s
	iters: 1200, epoch: 2 | loss: 0.0991075
	speed: 0.0197s/iter; left time: 381.0555s
	iters: 1300, epoch: 2 | loss: 0.1066959
	speed: 0.0191s/iter; left time: 366.6759s
	iters: 1400, epoch: 2 | loss: 0.1734598
	speed: 0.0194s/iter; left time: 370.9596s
	iters: 1500, epoch: 2 | loss: 0.1310160
	speed: 0.0193s/iter; left time: 367.5817s
	iters: 1600, epoch: 2 | loss: 0.9432676
	speed: 0.0203s/iter; left time: 384.7414s
	iters: 1700, epoch: 2 | loss: 0.1441307
	speed: 0.0217s/iter; left time: 409.1326s
	iters: 1800, epoch: 2 | loss: 0.0805687
	speed: 0.0199s/iter; left time: 373.2625s
	iters: 1900, epoch: 2 | loss: 0.1286374
	speed: 0.0188s/iter; left time: 350.4858s
	iters: 2000, epoch: 2 | loss: 0.1177423
	speed: 0.0187s/iter; left time: 347.3629s
	iters: 2100, epoch: 2 | loss: 0.1371545
	speed: 0.0202s/iter; left time: 372.7681s
	iters: 2200, epoch: 2 | loss: 0.8898574
	speed: 0.0194s/iter; left time: 355.2897s
Epoch: 2 cost time: 46.27255630493164
Epoch: 2, Steps: 2283 | Train Loss: 0.3487617 Vali Loss: 0.2303255 Test Loss: 0.0750630
EarlyStopping counter: 1 out of 3
Updating learning rate to 0.0005
	iters: 100, epoch: 3 | loss: 0.1597468
	speed: 0.1064s/iter; left time: 1933.1971s
	iters: 200, epoch: 3 | loss: 0.2030427
	speed: 0.0190s/iter; left time: 342.6296s
	iters: 300, epoch: 3 | loss: 0.1560531
	speed: 0.0187s/iter; left time: 335.6260s
	iters: 400, epoch: 3 | loss: 0.1675591
	speed: 0.0196s/iter; left time: 350.6272s
	iters: 500, epoch: 3 | loss: 10.3443098
	speed: 0.0191s/iter; left time: 340.0411s
	iters: 600, epoch: 3 | loss: 0.8684332
	speed: 0.0199s/iter; left time: 352.0195s
	iters: 700, epoch: 3 | loss: 0.0999061
	speed: 0.0191s/iter; left time: 335.6473s
	iters: 800, epoch: 3 | loss: 0.4699037
	speed: 0.0195s/iter; left time: 339.8872s
	iters: 900, epoch: 3 | loss: 0.3899863
	speed: 0.0193s/iter; left time: 334.3867s
	iters: 1000, epoch: 3 | loss: 0.1926947
	speed: 0.0191s/iter; left time: 329.3981s
	iters: 1100, epoch: 3 | loss: 0.1998140
	speed: 0.0191s/iter; left time: 328.3794s
	iters: 1200, epoch: 3 | loss: 0.1478371
	speed: 0.0191s/iter; left time: 325.7241s
	iters: 1300, epoch: 3 | loss: 0.1934394
	speed: 0.0195s/iter; left time: 330.5366s
	iters: 1400, epoch: 3 | loss: 0.1181979
	speed: 0.0196s/iter; left time: 329.9707s
	iters: 1500, epoch: 3 | loss: 0.2316323
	speed: 0.0194s/iter; left time: 324.4772s
	iters: 1600, epoch: 3 | loss: 0.1503474
	speed: 0.0192s/iter; left time: 320.6066s
	iters: 1700, epoch: 3 | loss: 0.3746538
	speed: 0.0194s/iter; left time: 321.2703s
	iters: 1800, epoch: 3 | loss: 0.0794835
	speed: 0.0194s/iter; left time: 320.2093s
	iters: 1900, epoch: 3 | loss: 0.1207474
	speed: 0.0195s/iter; left time: 319.8134s
	iters: 2000, epoch: 3 | loss: 0.1206604
	speed: 0.0197s/iter; left time: 320.6194s
	iters: 2100, epoch: 3 | loss: 0.1251088
	speed: 0.0192s/iter; left time: 310.5581s
	iters: 2200, epoch: 3 | loss: 0.1714681
	speed: 0.0188s/iter; left time: 302.3808s
Epoch: 3 cost time: 44.661704778671265
Epoch: 3, Steps: 2283 | Train Loss: 0.2967111 Vali Loss: 0.2179506 Test Loss: 0.0728781
Validation loss decreased (0.227022 --> 0.217951).  Saving model ...
Updating learning rate to 0.00025
	iters: 100, epoch: 4 | loss: 0.1129950
	speed: 0.1040s/iter; left time: 1651.8758s
	iters: 200, epoch: 4 | loss: 0.1746836
	speed: 0.0190s/iter; left time: 300.2873s
	iters: 300, epoch: 4 | loss: 0.1345999
	speed: 0.0192s/iter; left time: 300.9293s
	iters: 400, epoch: 4 | loss: 0.3442603
	speed: 0.0190s/iter; left time: 296.1556s
	iters: 500, epoch: 4 | loss: 0.1349288
	speed: 0.0190s/iter; left time: 294.6571s
	iters: 600, epoch: 4 | loss: 0.1761333
	speed: 0.0191s/iter; left time: 293.5440s
	iters: 700, epoch: 4 | loss: 0.1279857
	speed: 0.0191s/iter; left time: 292.5908s
	iters: 800, epoch: 4 | loss: 0.0957958
	speed: 0.0199s/iter; left time: 302.1533s
	iters: 900, epoch: 4 | loss: 0.3120123
	speed: 0.0204s/iter; left time: 307.5900s
	iters: 1000, epoch: 4 | loss: 0.2511595
	speed: 0.0204s/iter; left time: 306.3669s
	iters: 1100, epoch: 4 | loss: 0.1037375
	speed: 0.0196s/iter; left time: 291.2493s
	iters: 1200, epoch: 4 | loss: 0.1525002
	speed: 0.0186s/iter; left time: 274.9551s
	iters: 1300, epoch: 4 | loss: 0.0651416
	speed: 0.0195s/iter; left time: 286.2245s
	iters: 1400, epoch: 4 | loss: 0.1226515
	speed: 0.0198s/iter; left time: 288.3321s
	iters: 1500, epoch: 4 | loss: 0.1837251
	speed: 0.0193s/iter; left time: 279.4250s
	iters: 1600, epoch: 4 | loss: 0.0844226
	speed: 0.0192s/iter; left time: 276.2932s
	iters: 1700, epoch: 4 | loss: 0.0595711
	speed: 0.0190s/iter; left time: 271.8820s
	iters: 1800, epoch: 4 | loss: 0.1727757
	speed: 0.0188s/iter; left time: 267.1182s
	iters: 1900, epoch: 4 | loss: 0.7633647
	speed: 0.0190s/iter; left time: 267.1830s
	iters: 2000, epoch: 4 | loss: 0.6003754
	speed: 0.0189s/iter; left time: 263.9345s
	iters: 2100, epoch: 4 | loss: 0.2523630
	speed: 0.0196s/iter; left time: 271.5540s
	iters: 2200, epoch: 4 | loss: 0.3340743
	speed: 0.0197s/iter; left time: 271.3200s
Epoch: 4 cost time: 44.79404306411743
Epoch: 4, Steps: 2283 | Train Loss: 0.2797027 Vali Loss: 0.2144061 Test Loss: 0.0708609
Validation loss decreased (0.217951 --> 0.214406).  Saving model ...
Updating learning rate to 0.000125
	iters: 100, epoch: 5 | loss: 0.1840291
	speed: 0.1021s/iter; left time: 1388.8465s
	iters: 200, epoch: 5 | loss: 0.1030998
	speed: 0.0195s/iter; left time: 262.6197s
	iters: 300, epoch: 5 | loss: 0.0897346
	speed: 0.0193s/iter; left time: 258.7817s
	iters: 400, epoch: 5 | loss: 0.0961773
	speed: 0.0197s/iter; left time: 261.6999s
	iters: 500, epoch: 5 | loss: 0.2253749
	speed: 0.0199s/iter; left time: 262.2786s
	iters: 600, epoch: 5 | loss: 0.1267784
	speed: 0.0198s/iter; left time: 259.8080s
	iters: 700, epoch: 5 | loss: 0.1217066
	speed: 0.0192s/iter; left time: 249.6040s
	iters: 800, epoch: 5 | loss: 0.0823981
	speed: 0.0192s/iter; left time: 247.4647s
	iters: 900, epoch: 5 | loss: 0.1872855
	speed: 0.0196s/iter; left time: 250.8106s
	iters: 1000, epoch: 5 | loss: 0.3794497
	speed: 0.0191s/iter; left time: 242.3117s
	iters: 1100, epoch: 5 | loss: 0.0983937
	speed: 0.0195s/iter; left time: 246.0251s
	iters: 1200, epoch: 5 | loss: 0.0859977
	speed: 0.0190s/iter; left time: 237.2759s
	iters: 1300, epoch: 5 | loss: 2.2855015
	speed: 0.0199s/iter; left time: 247.1332s
	iters: 1400, epoch: 5 | loss: 0.1106277
	speed: 0.0196s/iter; left time: 240.8466s
	iters: 1500, epoch: 5 | loss: 0.1778678
	speed: 0.0192s/iter; left time: 234.1277s
	iters: 1600, epoch: 5 | loss: 0.1844269
	speed: 0.0202s/iter; left time: 244.5246s
	iters: 1700, epoch: 5 | loss: 0.0770246
	speed: 0.0207s/iter; left time: 248.0011s
	iters: 1800, epoch: 5 | loss: 0.5795192
	speed: 0.0200s/iter; left time: 238.4151s
	iters: 1900, epoch: 5 | loss: 0.1856307
	speed: 0.0197s/iter; left time: 233.0033s
	iters: 2000, epoch: 5 | loss: 0.2194522
	speed: 0.0207s/iter; left time: 241.9173s
	iters: 2100, epoch: 5 | loss: 0.1994589
	speed: 0.0190s/iter; left time: 220.2933s
	iters: 2200, epoch: 5 | loss: 0.0962138
	speed: 0.0199s/iter; left time: 228.5219s
Epoch: 5 cost time: 45.248737812042236
Epoch: 5, Steps: 2283 | Train Loss: 0.2707576 Vali Loss: 0.2123374 Test Loss: 0.0707811
Validation loss decreased (0.214406 --> 0.212337).  Saving model ...
Updating learning rate to 6.25e-05
	iters: 100, epoch: 6 | loss: 0.1186380
	speed: 0.1068s/iter; left time: 1208.9861s
	iters: 200, epoch: 6 | loss: 0.0887669
	speed: 0.0202s/iter; left time: 226.8095s
	iters: 300, epoch: 6 | loss: 0.2941569
	speed: 0.0195s/iter; left time: 217.2533s
	iters: 400, epoch: 6 | loss: 0.0506818
	speed: 0.0193s/iter; left time: 212.7402s
	iters: 500, epoch: 6 | loss: 0.1602826
	speed: 0.0202s/iter; left time: 219.9681s
	iters: 600, epoch: 6 | loss: 0.2048786
	speed: 0.0200s/iter; left time: 215.9443s
	iters: 700, epoch: 6 | loss: 0.1212439
	speed: 0.0198s/iter; left time: 211.6748s
	iters: 800, epoch: 6 | loss: 0.1667503
	speed: 0.0197s/iter; left time: 209.5260s
	iters: 900, epoch: 6 | loss: 0.1337607
	speed: 0.0196s/iter; left time: 206.0547s
	iters: 1000, epoch: 6 | loss: 0.1172298
	speed: 0.0191s/iter; left time: 199.1370s
	iters: 1100, epoch: 6 | loss: 0.2600330
	speed: 0.0196s/iter; left time: 201.6812s
	iters: 1200, epoch: 6 | loss: 0.2307301
	speed: 0.0198s/iter; left time: 201.9436s
	iters: 1300, epoch: 6 | loss: 0.1568871
	speed: 0.0199s/iter; left time: 201.1773s
	iters: 1400, epoch: 6 | loss: 0.1765854
	speed: 0.0196s/iter; left time: 196.2037s
	iters: 1500, epoch: 6 | loss: 0.1148474
	speed: 0.0194s/iter; left time: 192.3922s
	iters: 1600, epoch: 6 | loss: 0.1142121
	speed: 0.0192s/iter; left time: 188.6028s
	iters: 1700, epoch: 6 | loss: 0.1365078
	speed: 0.0195s/iter; left time: 189.0231s
	iters: 1800, epoch: 6 | loss: 0.1518112
	speed: 0.0194s/iter; left time: 186.8986s
	iters: 1900, epoch: 6 | loss: 0.0969798
	speed: 0.0188s/iter; left time: 179.1956s
	iters: 2000, epoch: 6 | loss: 0.4800652
	speed: 0.0199s/iter; left time: 186.9368s
	iters: 2100, epoch: 6 | loss: 0.1557399
	speed: 0.0207s/iter; left time: 192.8057s
	iters: 2200, epoch: 6 | loss: 0.1161062
	speed: 0.0209s/iter; left time: 192.9240s
Epoch: 6 cost time: 45.647337436676025
Epoch: 6, Steps: 2283 | Train Loss: 0.2670982 Vali Loss: 0.2110435 Test Loss: 0.0706189
Validation loss decreased (0.212337 --> 0.211043).  Saving model ...
Updating learning rate to 3.125e-05
	iters: 100, epoch: 7 | loss: 0.1099485
	speed: 0.1069s/iter; left time: 965.9301s
	iters: 200, epoch: 7 | loss: 0.0768429
	speed: 0.0193s/iter; left time: 172.2578s
	iters: 300, epoch: 7 | loss: 0.2940924
	speed: 0.0195s/iter; left time: 172.5423s
	iters: 400, epoch: 7 | loss: 0.1004148
	speed: 0.0191s/iter; left time: 167.1275s
	iters: 500, epoch: 7 | loss: 0.1599302
	speed: 0.0196s/iter; left time: 169.0413s
	iters: 600, epoch: 7 | loss: 0.5128341
	speed: 0.0195s/iter; left time: 166.1519s
	iters: 700, epoch: 7 | loss: 0.1324103
	speed: 0.0193s/iter; left time: 163.1095s
	iters: 800, epoch: 7 | loss: 0.1168478
	speed: 0.0200s/iter; left time: 166.6384s
	iters: 900, epoch: 7 | loss: 0.1528106
	speed: 0.0199s/iter; left time: 163.9147s
	iters: 1000, epoch: 7 | loss: 0.1179058
	speed: 0.0184s/iter; left time: 149.5570s
	iters: 1100, epoch: 7 | loss: 0.3950063
	speed: 0.0192s/iter; left time: 154.4610s
	iters: 1200, epoch: 7 | loss: 0.0899360
	speed: 0.0193s/iter; left time: 153.3079s
	iters: 1300, epoch: 7 | loss: 0.1143247
	speed: 0.0193s/iter; left time: 151.3357s
	iters: 1400, epoch: 7 | loss: 0.1172315
	speed: 0.0196s/iter; left time: 151.9052s
	iters: 1500, epoch: 7 | loss: 0.0665778
	speed: 0.0191s/iter; left time: 146.0163s
	iters: 1600, epoch: 7 | loss: 0.0982756
	speed: 0.0189s/iter; left time: 142.2221s
	iters: 1700, epoch: 7 | loss: 0.1215517
	speed: 0.0189s/iter; left time: 140.5351s
	iters: 1800, epoch: 7 | loss: 0.3106473
	speed: 0.0197s/iter; left time: 144.4512s
	iters: 1900, epoch: 7 | loss: 0.2266532
	speed: 0.0194s/iter; left time: 140.3145s
	iters: 2000, epoch: 7 | loss: 0.2109490
	speed: 0.0191s/iter; left time: 136.5384s
	iters: 2100, epoch: 7 | loss: 0.1054283
	speed: 0.0195s/iter; left time: 137.0393s
	iters: 2200, epoch: 7 | loss: 0.1908089
	speed: 0.0189s/iter; left time: 130.8885s
Epoch: 7 cost time: 44.83736824989319
Epoch: 7, Steps: 2283 | Train Loss: 0.2648609 Vali Loss: 0.2116478 Test Loss: 0.0704905
EarlyStopping counter: 1 out of 3
Updating learning rate to 1.5625e-05
	iters: 100, epoch: 8 | loss: 0.1002300
	speed: 0.1056s/iter; left time: 712.5252s
	iters: 200, epoch: 8 | loss: 10.9312401
	speed: 0.0198s/iter; left time: 131.4435s
	iters: 300, epoch: 8 | loss: 0.0774528
	speed: 0.0197s/iter; left time: 128.7905s
	iters: 400, epoch: 8 | loss: 0.3041521
	speed: 0.0197s/iter; left time: 126.9145s
	iters: 500, epoch: 8 | loss: 0.1849387
	speed: 0.0197s/iter; left time: 125.3404s
	iters: 600, epoch: 8 | loss: 0.1098316
	speed: 0.0191s/iter; left time: 119.3411s
	iters: 700, epoch: 8 | loss: 0.2221473
	speed: 0.0191s/iter; left time: 117.4504s
	iters: 800, epoch: 8 | loss: 0.1170585
	speed: 0.0198s/iter; left time: 119.7648s
	iters: 900, epoch: 8 | loss: 0.0714420
	speed: 0.0189s/iter; left time: 112.4216s
	iters: 1000, epoch: 8 | loss: 0.1242543
	speed: 0.0187s/iter; left time: 109.4667s
	iters: 1100, epoch: 8 | loss: 0.2472634
	speed: 0.0191s/iter; left time: 110.0737s
	iters: 1200, epoch: 8 | loss: 0.3968639
	speed: 0.0193s/iter; left time: 109.0012s
	iters: 1300, epoch: 8 | loss: 0.0855457
	speed: 0.0190s/iter; left time: 105.1969s
	iters: 1400, epoch: 8 | loss: 0.1985088
	speed: 0.0189s/iter; left time: 102.7958s
	iters: 1500, epoch: 8 | loss: 0.0900951
	speed: 0.0191s/iter; left time: 102.4074s
	iters: 1600, epoch: 8 | loss: 0.1595076
	speed: 0.0190s/iter; left time: 99.7477s
	iters: 1700, epoch: 8 | loss: 0.1091585
	speed: 0.0205s/iter; left time: 105.7291s
	iters: 1800, epoch: 8 | loss: 0.3513289
	speed: 0.0198s/iter; left time: 99.9898s
	iters: 1900, epoch: 8 | loss: 0.1379647
	speed: 0.0190s/iter; left time: 94.1069s
	iters: 2000, epoch: 8 | loss: 0.1161193
	speed: 0.0189s/iter; left time: 91.8727s
	iters: 2100, epoch: 8 | loss: 0.2039539
	speed: 0.0191s/iter; left time: 90.5797s
	iters: 2200, epoch: 8 | loss: 0.1411132
	speed: 0.0189s/iter; left time: 87.7453s
Epoch: 8 cost time: 44.62415361404419
Epoch: 8, Steps: 2283 | Train Loss: 0.2642932 Vali Loss: 0.2117117 Test Loss: 0.0705021
EarlyStopping counter: 2 out of 3
Updating learning rate to 7.8125e-06
	iters: 100, epoch: 9 | loss: 0.1710193
	speed: 0.1068s/iter; left time: 477.1746s
	iters: 200, epoch: 9 | loss: 0.1308221
	speed: 0.0196s/iter; left time: 85.7035s
	iters: 300, epoch: 9 | loss: 0.0886482
	speed: 0.0191s/iter; left time: 81.5492s
	iters: 400, epoch: 9 | loss: 0.0962180
	speed: 0.0189s/iter; left time: 78.5960s
	iters: 500, epoch: 9 | loss: 0.1834738
	speed: 0.0194s/iter; left time: 78.7510s
	iters: 600, epoch: 9 | loss: 0.5642468
	speed: 0.0193s/iter; left time: 76.4701s
	iters: 700, epoch: 9 | loss: 0.1649920
	speed: 0.0194s/iter; left time: 74.9733s
	iters: 800, epoch: 9 | loss: 0.2080799
	speed: 0.0197s/iter; left time: 74.0644s
	iters: 900, epoch: 9 | loss: 0.1251082
	speed: 0.0203s/iter; left time: 74.5299s
	iters: 1000, epoch: 9 | loss: 0.0880981
	speed: 0.0194s/iter; left time: 69.2303s
	iters: 1100, epoch: 9 | loss: 0.1160036
	speed: 0.0190s/iter; left time: 65.9089s
	iters: 1200, epoch: 9 | loss: 0.1253602
	speed: 0.0194s/iter; left time: 65.1721s
	iters: 1300, epoch: 9 | loss: 0.1333775
	speed: 0.0190s/iter; left time: 61.9222s
	iters: 1400, epoch: 9 | loss: 0.0823617
	speed: 0.0186s/iter; left time: 58.9665s
	iters: 1500, epoch: 9 | loss: 0.3369086
	speed: 0.0191s/iter; left time: 58.5377s
	iters: 1600, epoch: 9 | loss: 0.4029646
	speed: 0.0189s/iter; left time: 56.2193s
	iters: 1700, epoch: 9 | loss: 1.0789634
	speed: 0.0191s/iter; left time: 54.8935s
	iters: 1800, epoch: 9 | loss: 0.0890924
	speed: 0.0198s/iter; left time: 54.8755s
	iters: 1900, epoch: 9 | loss: 11.5128937
	speed: 0.0195s/iter; left time: 51.9742s
	iters: 2000, epoch: 9 | loss: 0.1359347
	speed: 0.0187s/iter; left time: 47.9301s
	iters: 2100, epoch: 9 | loss: 0.1572358
	speed: 0.0193s/iter; left time: 47.5345s
	iters: 2200, epoch: 9 | loss: 0.0792535
	speed: 0.0192s/iter; left time: 45.3309s
Epoch: 9 cost time: 44.7953839302063
Epoch: 9, Steps: 2283 | Train Loss: 0.2636104 Vali Loss: 0.2118268 Test Loss: 0.0704655
EarlyStopping counter: 3 out of 3
Early stopping
>>>>>>>testing : weather_336_12_RLinear_custom_ftM_sl336_ll48_pl12_dm512_nh8_el2_dl1_df2048_fc1_ebtimeF_dtTrue_Exp_0<<<<<<<<<<<<<<<<<<<<<<<<<<<<<<<<<
test 10528
mse:0.07061897218227386, mae:0.0974075123667717
