Args in experiment:
Namespace(activation='gelu', batch_size=16, c_out=7, checkpoints='/spo/NewbornTime/tahir098/SVF/data/Extra/checkpoints/', d_ff=2048, d_layers=1, d_model=512, data='custom', data_path='weather.csv', dec_in=7, des='Exp', devices='0,1,2,3', distil=True, do_predict=False, dropout=0.05, e_layers=2, embed='timeF', embed_type=0, enc_in=21, factor=1, features='M', freq='h', gpu=0, individual=False, is_training=1, itr=1, label_len=48, learning_rate=0.001, loss='mse', lradj='type1', model='GLinear', model_id='weather_336_720', moving_avg=25, n_heads=8, num_workers=10, output_attention=False, patience=3, pred_len=720, root_path='./dataset/', seq_len=336, target='OT', test_flop=False, train_epochs=10, train_only=False, use_amp=False, use_gpu=True, use_multi_gpu=False)
Use GPU: cuda:0
>>>>>>>start training : weather_336_720_GLinear_custom_ftM_sl336_ll48_pl720_dm512_nh8_el2_dl1_df2048_fc1_ebtimeF_dtTrue_Exp_0>>>>>>>>>>>>>>>>>>>>>>>>>>
train 35832
val 4551
test 9820
	iters: 100, epoch: 1 | loss: 0.8371086
	speed: 0.0124s/iter; left time: 275.4574s
	iters: 200, epoch: 1 | loss: 0.7535411
	speed: 0.0061s/iter; left time: 134.3579s
	iters: 300, epoch: 1 | loss: 0.5494505
	speed: 0.0055s/iter; left time: 120.7625s
	iters: 400, epoch: 1 | loss: 0.6944185
	speed: 0.0056s/iter; left time: 123.6230s
	iters: 500, epoch: 1 | loss: 0.6448099
	speed: 0.0060s/iter; left time: 130.2600s
	iters: 600, epoch: 1 | loss: 0.6037025
	speed: 0.0057s/iter; left time: 125.0312s
	iters: 700, epoch: 1 | loss: 0.4579341
	speed: 0.0057s/iter; left time: 123.4214s
	iters: 800, epoch: 1 | loss: 0.5706046
	speed: 0.0055s/iter; left time: 119.3942s
	iters: 900, epoch: 1 | loss: 0.4272800
	speed: 0.0056s/iter; left time: 120.1751s
	iters: 1000, epoch: 1 | loss: 0.7335575
	speed: 0.0056s/iter; left time: 119.6340s
	iters: 1100, epoch: 1 | loss: 1.0394621
	speed: 0.0057s/iter; left time: 120.5886s
	iters: 1200, epoch: 1 | loss: 0.4661607
	speed: 0.0060s/iter; left time: 127.0568s
	iters: 1300, epoch: 1 | loss: 0.4332490
	speed: 0.0059s/iter; left time: 125.2100s
	iters: 1400, epoch: 1 | loss: 0.4911867
	speed: 0.0057s/iter; left time: 120.4633s
	iters: 1500, epoch: 1 | loss: 0.6677693
	speed: 0.0055s/iter; left time: 115.5750s
	iters: 1600, epoch: 1 | loss: 1.2263387
	speed: 0.0058s/iter; left time: 120.5177s
	iters: 1700, epoch: 1 | loss: 0.6533598
	speed: 0.0058s/iter; left time: 119.3867s
	iters: 1800, epoch: 1 | loss: 0.3979628
	speed: 0.0057s/iter; left time: 116.7838s
	iters: 1900, epoch: 1 | loss: 0.7071579
	speed: 0.0057s/iter; left time: 116.7176s
	iters: 2000, epoch: 1 | loss: 0.6942418
	speed: 0.0056s/iter; left time: 114.8865s
	iters: 2100, epoch: 1 | loss: 0.5648330
	speed: 0.0057s/iter; left time: 115.2690s
	iters: 2200, epoch: 1 | loss: 0.5236751
	speed: 0.0056s/iter; left time: 113.6205s
Epoch: 1 cost time: 13.56254529953003
Epoch: 1, Steps: 2239 | Train Loss: 0.6018252 Vali Loss: 0.6079115 Test Loss: 0.3266498
Validation loss decreased (inf --> 0.607911).  Saving model ...
Updating learning rate to 0.001
	iters: 100, epoch: 2 | loss: 0.4432321
	speed: 0.0793s/iter; left time: 1591.0686s
	iters: 200, epoch: 2 | loss: 0.4695548
	speed: 0.0058s/iter; left time: 115.3230s
	iters: 300, epoch: 2 | loss: 0.7629368
	speed: 0.0057s/iter; left time: 112.2058s
	iters: 400, epoch: 2 | loss: 0.7509423
	speed: 0.0058s/iter; left time: 114.1853s
	iters: 500, epoch: 2 | loss: 0.4063468
	speed: 0.0058s/iter; left time: 114.3252s
	iters: 600, epoch: 2 | loss: 0.5145207
	speed: 0.0058s/iter; left time: 114.0564s
	iters: 700, epoch: 2 | loss: 0.4702456
	speed: 0.0056s/iter; left time: 109.4543s
	iters: 800, epoch: 2 | loss: 0.4046668
	speed: 0.0055s/iter; left time: 107.3395s
	iters: 900, epoch: 2 | loss: 0.5005578
	speed: 0.0056s/iter; left time: 108.4096s
	iters: 1000, epoch: 2 | loss: 0.5401456
	speed: 0.0057s/iter; left time: 109.0758s
	iters: 1100, epoch: 2 | loss: 0.4761703
	speed: 0.0063s/iter; left time: 120.1901s
	iters: 1200, epoch: 2 | loss: 0.4538096
	speed: 0.0061s/iter; left time: 116.2894s
	iters: 1300, epoch: 2 | loss: 0.5440054
	speed: 0.0057s/iter; left time: 108.1612s
	iters: 1400, epoch: 2 | loss: 0.5133168
	speed: 0.0060s/iter; left time: 111.8328s
	iters: 1500, epoch: 2 | loss: 0.4485675
	speed: 0.0060s/iter; left time: 111.4581s
	iters: 1600, epoch: 2 | loss: 0.5696573
	speed: 0.0059s/iter; left time: 109.3305s
	iters: 1700, epoch: 2 | loss: 0.4638931
	speed: 0.0061s/iter; left time: 111.9371s
	iters: 1800, epoch: 2 | loss: 0.6172785
	speed: 0.0057s/iter; left time: 105.1580s
	iters: 1900, epoch: 2 | loss: 0.6764488
	speed: 0.0058s/iter; left time: 105.9114s
	iters: 2000, epoch: 2 | loss: 0.4196217
	speed: 0.0060s/iter; left time: 109.5815s
	iters: 2100, epoch: 2 | loss: 0.4419026
	speed: 0.0057s/iter; left time: 103.5732s
	iters: 2200, epoch: 2 | loss: 1.0578994
	speed: 0.0056s/iter; left time: 100.1111s
Epoch: 2 cost time: 13.861513137817383
Epoch: 2, Steps: 2239 | Train Loss: 0.5838704 Vali Loss: 0.6130608 Test Loss: 0.3299913
EarlyStopping counter: 1 out of 3
Updating learning rate to 0.0005
	iters: 100, epoch: 3 | loss: 0.3978609
	speed: 0.0836s/iter; left time: 1488.9865s
	iters: 200, epoch: 3 | loss: 0.5078714
	speed: 0.0058s/iter; left time: 103.0341s
	iters: 300, epoch: 3 | loss: 0.4778313
	speed: 0.0056s/iter; left time: 98.4104s
	iters: 400, epoch: 3 | loss: 0.3791554
	speed: 0.0061s/iter; left time: 107.4090s
	iters: 500, epoch: 3 | loss: 0.7629494
	speed: 0.0059s/iter; left time: 103.4476s
	iters: 600, epoch: 3 | loss: 0.7119628
	speed: 0.0059s/iter; left time: 102.8333s
	iters: 700, epoch: 3 | loss: 0.7158706
	speed: 0.0059s/iter; left time: 101.5766s
	iters: 800, epoch: 3 | loss: 0.5132303
	speed: 0.0056s/iter; left time: 96.4766s
	iters: 900, epoch: 3 | loss: 0.4868241
	speed: 0.0058s/iter; left time: 99.5106s
	iters: 1000, epoch: 3 | loss: 0.5111328
	speed: 0.0057s/iter; left time: 96.7616s
	iters: 1100, epoch: 3 | loss: 0.9800078
	speed: 0.0057s/iter; left time: 96.1901s
	iters: 1200, epoch: 3 | loss: 0.7207367
	speed: 0.0062s/iter; left time: 103.8468s
	iters: 1300, epoch: 3 | loss: 0.5518161
	speed: 0.0059s/iter; left time: 97.3812s
	iters: 1400, epoch: 3 | loss: 0.3992814
	speed: 0.0064s/iter; left time: 105.2701s
	iters: 1500, epoch: 3 | loss: 0.5111363
	speed: 0.0061s/iter; left time: 99.4620s
	iters: 1600, epoch: 3 | loss: 0.3907498
	speed: 0.0055s/iter; left time: 90.2038s
	iters: 1700, epoch: 3 | loss: 0.4589849
	speed: 0.0066s/iter; left time: 106.3552s
	iters: 1800, epoch: 3 | loss: 0.4632605
	speed: 0.0060s/iter; left time: 97.0403s
	iters: 1900, epoch: 3 | loss: 0.4323818
	speed: 0.0061s/iter; left time: 98.1048s
	iters: 2000, epoch: 3 | loss: 0.4253373
	speed: 0.0059s/iter; left time: 93.2177s
	iters: 2100, epoch: 3 | loss: 0.5964894
	speed: 0.0059s/iter; left time: 93.4997s
	iters: 2200, epoch: 3 | loss: 0.4708472
	speed: 0.0060s/iter; left time: 93.7470s
Epoch: 3 cost time: 14.21541976928711
Epoch: 3, Steps: 2239 | Train Loss: 0.5705258 Vali Loss: 0.6026816 Test Loss: 0.3202000
Validation loss decreased (0.607911 --> 0.602682).  Saving model ...
Updating learning rate to 0.00025
	iters: 100, epoch: 4 | loss: 0.7503442
	speed: 0.0793s/iter; left time: 1234.8883s
	iters: 200, epoch: 4 | loss: 0.5711710
	speed: 0.0056s/iter; left time: 87.0739s
	iters: 300, epoch: 4 | loss: 0.4828104
	speed: 0.0057s/iter; left time: 87.1161s
	iters: 400, epoch: 4 | loss: 0.4004089
	speed: 0.0058s/iter; left time: 87.8836s
	iters: 500, epoch: 4 | loss: 0.5490907
	speed: 0.0059s/iter; left time: 89.5132s
	iters: 600, epoch: 4 | loss: 0.7863002
	speed: 0.0061s/iter; left time: 92.2502s
	iters: 700, epoch: 4 | loss: 0.4508106
	speed: 0.0059s/iter; left time: 87.6646s
	iters: 800, epoch: 4 | loss: 0.4153905
	speed: 0.0057s/iter; left time: 84.7929s
	iters: 900, epoch: 4 | loss: 0.5948875
	speed: 0.0057s/iter; left time: 83.5334s
	iters: 1000, epoch: 4 | loss: 0.7945710
	speed: 0.0061s/iter; left time: 88.7827s
	iters: 1100, epoch: 4 | loss: 0.4510232
	speed: 0.0058s/iter; left time: 84.6366s
	iters: 1200, epoch: 4 | loss: 0.4899754
	speed: 0.0059s/iter; left time: 84.9901s
	iters: 1300, epoch: 4 | loss: 0.8588256
	speed: 0.0057s/iter; left time: 81.5941s
	iters: 1400, epoch: 4 | loss: 0.9802430
	speed: 0.0060s/iter; left time: 85.1560s
	iters: 1500, epoch: 4 | loss: 0.4502786
	speed: 0.0058s/iter; left time: 82.8633s
	iters: 1600, epoch: 4 | loss: 0.4722292
	speed: 0.0059s/iter; left time: 82.6161s
	iters: 1700, epoch: 4 | loss: 0.5461600
	speed: 0.0060s/iter; left time: 83.7617s
	iters: 1800, epoch: 4 | loss: 0.6397036
	speed: 0.0062s/iter; left time: 85.5800s
	iters: 1900, epoch: 4 | loss: 0.4776952
	speed: 0.0057s/iter; left time: 77.9138s
	iters: 2000, epoch: 4 | loss: 0.4222588
	speed: 0.0058s/iter; left time: 79.4508s
	iters: 2100, epoch: 4 | loss: 0.3881448
	speed: 0.0059s/iter; left time: 80.1501s
	iters: 2200, epoch: 4 | loss: 0.4799915
	speed: 0.0057s/iter; left time: 76.7272s
Epoch: 4 cost time: 13.76642894744873
Epoch: 4, Steps: 2239 | Train Loss: 0.5638421 Vali Loss: 0.6087887 Test Loss: 0.3201801
EarlyStopping counter: 1 out of 3
Updating learning rate to 0.000125
	iters: 100, epoch: 5 | loss: 0.6081516
	speed: 0.0835s/iter; left time: 1113.6161s
	iters: 200, epoch: 5 | loss: 0.5024501
	speed: 0.0058s/iter; left time: 76.8925s
	iters: 300, epoch: 5 | loss: 0.6862761
	speed: 0.0058s/iter; left time: 76.3173s
	iters: 400, epoch: 5 | loss: 0.3437419
	speed: 0.0059s/iter; left time: 76.5416s
	iters: 500, epoch: 5 | loss: 0.4730310
	speed: 0.0067s/iter; left time: 86.1802s
	iters: 600, epoch: 5 | loss: 0.4171871
	speed: 0.0061s/iter; left time: 78.3720s
	iters: 700, epoch: 5 | loss: 0.6070638
	speed: 0.0060s/iter; left time: 76.7463s
	iters: 800, epoch: 5 | loss: 0.5771925
	speed: 0.0058s/iter; left time: 73.7882s
	iters: 900, epoch: 5 | loss: 0.5618632
	speed: 0.0066s/iter; left time: 82.4269s
	iters: 1000, epoch: 5 | loss: 0.7799140
	speed: 0.0057s/iter; left time: 70.7160s
	iters: 1100, epoch: 5 | loss: 0.4661911
	speed: 0.0073s/iter; left time: 89.8741s
	iters: 1200, epoch: 5 | loss: 0.5101273
	speed: 0.0060s/iter; left time: 73.9812s
	iters: 1300, epoch: 5 | loss: 0.7931812
	speed: 0.0063s/iter; left time: 76.4999s
	iters: 1400, epoch: 5 | loss: 0.4027745
	speed: 0.0062s/iter; left time: 74.2180s
	iters: 1500, epoch: 5 | loss: 0.6917185
	speed: 0.0061s/iter; left time: 72.2918s
	iters: 1600, epoch: 5 | loss: 0.5592877
	speed: 0.0059s/iter; left time: 70.0076s
	iters: 1700, epoch: 5 | loss: 0.5345311
	speed: 0.0059s/iter; left time: 68.9657s
	iters: 1800, epoch: 5 | loss: 0.3976825
	speed: 0.0059s/iter; left time: 68.3008s
	iters: 1900, epoch: 5 | loss: 0.4233675
	speed: 0.0057s/iter; left time: 65.3205s
	iters: 2000, epoch: 5 | loss: 0.6795061
	speed: 0.0057s/iter; left time: 64.7746s
	iters: 2100, epoch: 5 | loss: 0.4358929
	speed: 0.0056s/iter; left time: 64.0003s
	iters: 2200, epoch: 5 | loss: 0.4956795
	speed: 0.0059s/iter; left time: 66.5243s
Epoch: 5 cost time: 14.403120994567871
Epoch: 5, Steps: 2239 | Train Loss: 0.5599373 Vali Loss: 0.6137131 Test Loss: 0.3224509
EarlyStopping counter: 2 out of 3
Updating learning rate to 6.25e-05
	iters: 100, epoch: 6 | loss: 0.5435776
	speed: 0.0791s/iter; left time: 877.8097s
	iters: 200, epoch: 6 | loss: 0.4783213
	speed: 0.0058s/iter; left time: 63.6457s
	iters: 300, epoch: 6 | loss: 0.4084564
	speed: 0.0059s/iter; left time: 64.6354s
	iters: 400, epoch: 6 | loss: 0.4959663
	speed: 0.0059s/iter; left time: 63.8777s
	iters: 500, epoch: 6 | loss: 0.5266191
	speed: 0.0061s/iter; left time: 65.3020s
	iters: 600, epoch: 6 | loss: 0.3813107
	speed: 0.0059s/iter; left time: 62.7445s
	iters: 700, epoch: 6 | loss: 0.5464306
	speed: 0.0056s/iter; left time: 59.2789s
	iters: 800, epoch: 6 | loss: 0.9726667
	speed: 0.0056s/iter; left time: 58.5705s
	iters: 900, epoch: 6 | loss: 0.5403891
	speed: 0.0056s/iter; left time: 57.6403s
	iters: 1000, epoch: 6 | loss: 0.5557591
	speed: 0.0057s/iter; left time: 58.5538s
	iters: 1100, epoch: 6 | loss: 0.6969590
	speed: 0.0057s/iter; left time: 57.4712s
	iters: 1200, epoch: 6 | loss: 0.4785267
	speed: 0.0057s/iter; left time: 57.3149s
	iters: 1300, epoch: 6 | loss: 0.4013184
	speed: 0.0058s/iter; left time: 57.2188s
	iters: 1400, epoch: 6 | loss: 0.7219161
	speed: 0.0062s/iter; left time: 60.3970s
	iters: 1500, epoch: 6 | loss: 0.7351767
	speed: 0.0059s/iter; left time: 57.4636s
	iters: 1600, epoch: 6 | loss: 0.5260153
	speed: 0.0057s/iter; left time: 54.3018s
	iters: 1700, epoch: 6 | loss: 0.4959692
	speed: 0.0058s/iter; left time: 54.9838s
	iters: 1800, epoch: 6 | loss: 0.8763058
	speed: 0.0056s/iter; left time: 52.9382s
	iters: 1900, epoch: 6 | loss: 0.4020056
	speed: 0.0057s/iter; left time: 52.6279s
	iters: 2000, epoch: 6 | loss: 0.5562458
	speed: 0.0057s/iter; left time: 52.0535s
	iters: 2100, epoch: 6 | loss: 0.3689761
	speed: 0.0059s/iter; left time: 53.2541s
	iters: 2200, epoch: 6 | loss: 0.5217297
	speed: 0.0056s/iter; left time: 50.5854s
Epoch: 6 cost time: 13.697736740112305
Epoch: 6, Steps: 2239 | Train Loss: 0.5576565 Vali Loss: 0.6057982 Test Loss: 0.3192467
EarlyStopping counter: 3 out of 3
Early stopping
>>>>>>>testing : weather_336_720_GLinear_custom_ftM_sl336_ll48_pl720_dm512_nh8_el2_dl1_df2048_fc1_ebtimeF_dtTrue_Exp_0<<<<<<<<<<<<<<<<<<<<<<<<<<<<<<<<<
test 9820
mse:0.32013407349586487, mae:0.35003945231437683
