Args in experiment:
Namespace(activation='gelu', batch_size=16, c_out=7, checkpoints='/spo/NewbornTime/tahir098/SVF/data/Extra/checkpoints/', d_ff=2048, d_layers=1, d_model=512, data='custom', data_path='weather.csv', dec_in=7, des='Exp', devices='0,1,2,3', distil=True, do_predict=False, dropout=0.05, e_layers=2, embed='timeF', embed_type=0, enc_in=21, factor=1, features='M', freq='h', gpu=0, individual=False, is_training=1, itr=1, label_len=48, learning_rate=0.001, loss='mse', lradj='type1', model='GLinear', model_id='weather_336_12', moving_avg=25, n_heads=8, num_workers=10, output_attention=False, patience=3, pred_len=12, root_path='./dataset/', seq_len=336, target='OT', test_flop=False, train_epochs=10, train_only=False, use_amp=False, use_gpu=True, use_multi_gpu=False)
Use GPU: cuda:0
>>>>>>>start training : weather_336_12_GLinear_custom_ftM_sl336_ll48_pl12_dm512_nh8_el2_dl1_df2048_fc1_ebtimeF_dtTrue_Exp_0>>>>>>>>>>>>>>>>>>>>>>>>>>
train 36540
val 5259
test 10528
	iters: 100, epoch: 1 | loss: 0.2082025
	speed: 0.0138s/iter; left time: 313.2434s
	iters: 200, epoch: 1 | loss: 11.1952381
	speed: 0.0063s/iter; left time: 141.8805s
	iters: 300, epoch: 1 | loss: 0.1988266
	speed: 0.0058s/iter; left time: 131.7092s
	iters: 400, epoch: 1 | loss: 0.0917144
	speed: 0.0053s/iter; left time: 119.6777s
	iters: 500, epoch: 1 | loss: 0.1186305
	speed: 0.0055s/iter; left time: 123.5084s
	iters: 600, epoch: 1 | loss: 0.1876967
	speed: 0.0056s/iter; left time: 123.6071s
	iters: 700, epoch: 1 | loss: 0.1209860
	speed: 0.0054s/iter; left time: 118.4838s
	iters: 800, epoch: 1 | loss: 0.1172018
	speed: 0.0059s/iter; left time: 130.1763s
	iters: 900, epoch: 1 | loss: 0.1677861
	speed: 0.0060s/iter; left time: 132.1110s
	iters: 1000, epoch: 1 | loss: 0.2307972
	speed: 0.0057s/iter; left time: 124.0970s
	iters: 1100, epoch: 1 | loss: 0.1431673
	speed: 0.0062s/iter; left time: 134.4869s
	iters: 1200, epoch: 1 | loss: 0.2140214
	speed: 0.0058s/iter; left time: 124.5486s
	iters: 1300, epoch: 1 | loss: 0.1013326
	speed: 0.0060s/iter; left time: 128.8839s
	iters: 1400, epoch: 1 | loss: 0.1357879
	speed: 0.0071s/iter; left time: 152.2750s
	iters: 1500, epoch: 1 | loss: 0.0932088
	speed: 0.0071s/iter; left time: 150.9212s
	iters: 1600, epoch: 1 | loss: 0.1864509
	speed: 0.0059s/iter; left time: 124.2072s
	iters: 1700, epoch: 1 | loss: 0.2494513
	speed: 0.0062s/iter; left time: 130.2675s
	iters: 1800, epoch: 1 | loss: 0.0859816
	speed: 0.0059s/iter; left time: 124.3817s
	iters: 1900, epoch: 1 | loss: 0.0724371
	speed: 0.0059s/iter; left time: 123.8055s
	iters: 2000, epoch: 1 | loss: 0.1094767
	speed: 0.0059s/iter; left time: 122.9438s
	iters: 2100, epoch: 1 | loss: 0.0887476
	speed: 0.0068s/iter; left time: 140.1340s
	iters: 2200, epoch: 1 | loss: 0.0925820
	speed: 0.0061s/iter; left time: 126.4898s
Epoch: 1 cost time: 14.56534481048584
Epoch: 1, Steps: 2283 | Train Loss: 0.2816417 Vali Loss: 0.2291958 Test Loss: 0.0820481
Validation loss decreased (inf --> 0.229196).  Saving model ...
Updating learning rate to 0.001
	iters: 100, epoch: 2 | loss: 0.1122066
	speed: 0.0704s/iter; left time: 1440.3720s
	iters: 200, epoch: 2 | loss: 0.1530634
	speed: 0.0057s/iter; left time: 115.0815s
	iters: 300, epoch: 2 | loss: 0.7414082
	speed: 0.0056s/iter; left time: 114.0225s
	iters: 400, epoch: 2 | loss: 0.1257145
	speed: 0.0058s/iter; left time: 117.1104s
	iters: 500, epoch: 2 | loss: 0.1471755
	speed: 0.0061s/iter; left time: 121.5245s
	iters: 600, epoch: 2 | loss: 0.0661648
	speed: 0.0063s/iter; left time: 126.1260s
	iters: 700, epoch: 2 | loss: 0.1603851
	speed: 0.0053s/iter; left time: 104.2052s
	iters: 800, epoch: 2 | loss: 0.1386365
	speed: 0.0052s/iter; left time: 103.5151s
	iters: 900, epoch: 2 | loss: 0.1490939
	speed: 0.0062s/iter; left time: 121.0228s
	iters: 1000, epoch: 2 | loss: 0.1888058
	speed: 0.0057s/iter; left time: 111.5227s
	iters: 1100, epoch: 2 | loss: 0.2508768
	speed: 0.0065s/iter; left time: 126.5783s
	iters: 1200, epoch: 2 | loss: 0.2717931
	speed: 0.0058s/iter; left time: 111.8470s
	iters: 1300, epoch: 2 | loss: 0.2816699
	speed: 0.0056s/iter; left time: 107.0104s
	iters: 1400, epoch: 2 | loss: 0.2341174
	speed: 0.0058s/iter; left time: 111.6578s
	iters: 1500, epoch: 2 | loss: 0.1558158
	speed: 0.0054s/iter; left time: 103.3658s
	iters: 1600, epoch: 2 | loss: 0.1966491
	speed: 0.0064s/iter; left time: 121.2756s
	iters: 1700, epoch: 2 | loss: 0.2347539
	speed: 0.0058s/iter; left time: 109.7350s
	iters: 1800, epoch: 2 | loss: 0.2762475
	speed: 0.0055s/iter; left time: 103.4980s
	iters: 1900, epoch: 2 | loss: 0.1916558
	speed: 0.0058s/iter; left time: 107.2429s
	iters: 2000, epoch: 2 | loss: 0.1982242
	speed: 0.0063s/iter; left time: 116.9545s
	iters: 2100, epoch: 2 | loss: 0.1083775
	speed: 0.0061s/iter; left time: 112.6680s
	iters: 2200, epoch: 2 | loss: 0.1271210
	speed: 0.0061s/iter; left time: 111.6151s
Epoch: 2 cost time: 14.041585445404053
Epoch: 2, Steps: 2283 | Train Loss: 0.2671556 Vali Loss: 0.2220003 Test Loss: 0.0821372
Validation loss decreased (0.229196 --> 0.222000).  Saving model ...
Updating learning rate to 0.0005
	iters: 100, epoch: 3 | loss: 0.1685138
	speed: 0.0736s/iter; left time: 1336.6198s
	iters: 200, epoch: 3 | loss: 0.0968029
	speed: 0.0067s/iter; left time: 120.7202s
	iters: 300, epoch: 3 | loss: 0.6259403
	speed: 0.0055s/iter; left time: 98.0299s
	iters: 400, epoch: 3 | loss: 0.2414850
	speed: 0.0056s/iter; left time: 99.5088s
	iters: 500, epoch: 3 | loss: 0.0753191
	speed: 0.0057s/iter; left time: 101.9368s
	iters: 600, epoch: 3 | loss: 0.1243994
	speed: 0.0055s/iter; left time: 97.0915s
	iters: 700, epoch: 3 | loss: 0.3362833
	speed: 0.0053s/iter; left time: 93.2339s
	iters: 800, epoch: 3 | loss: 0.2176767
	speed: 0.0053s/iter; left time: 93.1557s
	iters: 900, epoch: 3 | loss: 0.0895273
	speed: 0.0055s/iter; left time: 94.7489s
	iters: 1000, epoch: 3 | loss: 0.1661532
	speed: 0.0053s/iter; left time: 91.9146s
	iters: 1100, epoch: 3 | loss: 0.0783640
	speed: 0.0057s/iter; left time: 98.5722s
	iters: 1200, epoch: 3 | loss: 0.3325158
	speed: 0.0059s/iter; left time: 100.8409s
	iters: 1300, epoch: 3 | loss: 0.1525717
	speed: 0.0060s/iter; left time: 102.4603s
	iters: 1400, epoch: 3 | loss: 0.1028562
	speed: 0.0058s/iter; left time: 97.8692s
	iters: 1500, epoch: 3 | loss: 11.4225674
	speed: 0.0059s/iter; left time: 99.0502s
	iters: 1600, epoch: 3 | loss: 0.0968994
	speed: 0.0057s/iter; left time: 95.7898s
	iters: 1700, epoch: 3 | loss: 0.2313728
	speed: 0.0055s/iter; left time: 91.1359s
	iters: 1800, epoch: 3 | loss: 0.1012334
	speed: 0.0058s/iter; left time: 94.7206s
	iters: 1900, epoch: 3 | loss: 0.7223019
	speed: 0.0055s/iter; left time: 90.5584s
	iters: 2000, epoch: 3 | loss: 0.1065759
	speed: 0.0053s/iter; left time: 86.0784s
	iters: 2100, epoch: 3 | loss: 0.2815724
	speed: 0.0053s/iter; left time: 85.7332s
	iters: 2200, epoch: 3 | loss: 0.1150882
	speed: 0.0055s/iter; left time: 89.1394s
Epoch: 3 cost time: 13.601436138153076
Epoch: 3, Steps: 2283 | Train Loss: 0.2516906 Vali Loss: 0.2082227 Test Loss: 0.0749328
Validation loss decreased (0.222000 --> 0.208223).  Saving model ...
Updating learning rate to 0.00025
	iters: 100, epoch: 4 | loss: 0.0814139
	speed: 0.0701s/iter; left time: 1112.9293s
	iters: 200, epoch: 4 | loss: 0.1045395
	speed: 0.0065s/iter; left time: 102.7495s
	iters: 300, epoch: 4 | loss: 0.1479283
	speed: 0.0056s/iter; left time: 88.3722s
	iters: 400, epoch: 4 | loss: 0.1132003
	speed: 0.0056s/iter; left time: 87.6714s
	iters: 500, epoch: 4 | loss: 0.1382647
	speed: 0.0056s/iter; left time: 85.9331s
	iters: 600, epoch: 4 | loss: 0.1744973
	speed: 0.0057s/iter; left time: 87.2412s
	iters: 700, epoch: 4 | loss: 0.0584309
	speed: 0.0058s/iter; left time: 87.8823s
	iters: 800, epoch: 4 | loss: 0.0981297
	speed: 0.0057s/iter; left time: 86.5801s
	iters: 900, epoch: 4 | loss: 0.1938208
	speed: 0.0056s/iter; left time: 85.0295s
	iters: 1000, epoch: 4 | loss: 0.1744380
	speed: 0.0056s/iter; left time: 83.7187s
	iters: 1100, epoch: 4 | loss: 0.1461520
	speed: 0.0054s/iter; left time: 80.1123s
	iters: 1200, epoch: 4 | loss: 0.2366873
	speed: 0.0059s/iter; left time: 87.3008s
	iters: 1300, epoch: 4 | loss: 0.1110960
	speed: 0.0057s/iter; left time: 84.2881s
	iters: 1400, epoch: 4 | loss: 0.1229103
	speed: 0.0053s/iter; left time: 77.6579s
	iters: 1500, epoch: 4 | loss: 0.0986064
	speed: 0.0055s/iter; left time: 80.0236s
	iters: 1600, epoch: 4 | loss: 0.7074371
	speed: 0.0060s/iter; left time: 86.3171s
	iters: 1700, epoch: 4 | loss: 0.0989165
	speed: 0.0052s/iter; left time: 73.7146s
	iters: 1800, epoch: 4 | loss: 0.0957180
	speed: 0.0053s/iter; left time: 74.6524s
	iters: 1900, epoch: 4 | loss: 0.0749336
	speed: 0.0056s/iter; left time: 79.2014s
	iters: 2000, epoch: 4 | loss: 0.1220461
	speed: 0.0056s/iter; left time: 78.6194s
	iters: 2100, epoch: 4 | loss: 0.1913634
	speed: 0.0062s/iter; left time: 85.6183s
	iters: 2200, epoch: 4 | loss: 0.0787888
	speed: 0.0053s/iter; left time: 72.4899s
Epoch: 4 cost time: 13.670448541641235
Epoch: 4, Steps: 2283 | Train Loss: 0.2441016 Vali Loss: 0.2086134 Test Loss: 0.0749323
EarlyStopping counter: 1 out of 3
Updating learning rate to 0.000125
	iters: 100, epoch: 5 | loss: 0.0994751
	speed: 0.0712s/iter; left time: 968.5141s
	iters: 200, epoch: 5 | loss: 0.0884869
	speed: 0.0054s/iter; left time: 72.9266s
	iters: 300, epoch: 5 | loss: 0.0641305
	speed: 0.0059s/iter; left time: 79.1336s
	iters: 400, epoch: 5 | loss: 0.1496565
	speed: 0.0054s/iter; left time: 72.2406s
	iters: 500, epoch: 5 | loss: 0.1657959
	speed: 0.0056s/iter; left time: 74.1043s
	iters: 600, epoch: 5 | loss: 0.1946482
	speed: 0.0055s/iter; left time: 72.6583s
	iters: 700, epoch: 5 | loss: 0.0723810
	speed: 0.0054s/iter; left time: 69.8893s
	iters: 800, epoch: 5 | loss: 0.1395503
	speed: 0.0055s/iter; left time: 70.3613s
	iters: 900, epoch: 5 | loss: 0.0656460
	speed: 0.0060s/iter; left time: 76.2883s
	iters: 1000, epoch: 5 | loss: 0.3070132
	speed: 0.0054s/iter; left time: 69.1525s
	iters: 1100, epoch: 5 | loss: 0.1178481
	speed: 0.0053s/iter; left time: 66.3861s
	iters: 1200, epoch: 5 | loss: 0.0931262
	speed: 0.0056s/iter; left time: 69.9844s
	iters: 1300, epoch: 5 | loss: 0.0766283
	speed: 0.0054s/iter; left time: 66.4167s
	iters: 1400, epoch: 5 | loss: 0.1134620
	speed: 0.0053s/iter; left time: 65.7298s
	iters: 1500, epoch: 5 | loss: 0.2309891
	speed: 0.0052s/iter; left time: 63.4577s
	iters: 1600, epoch: 5 | loss: 0.8864179
	speed: 0.0055s/iter; left time: 67.0683s
	iters: 1700, epoch: 5 | loss: 0.1324255
	speed: 0.0055s/iter; left time: 66.0531s
	iters: 1800, epoch: 5 | loss: 0.1081432
	speed: 0.0054s/iter; left time: 64.5994s
	iters: 1900, epoch: 5 | loss: 0.0816834
	speed: 0.0065s/iter; left time: 76.4882s
	iters: 2000, epoch: 5 | loss: 0.0915732
	speed: 0.0054s/iter; left time: 63.6708s
	iters: 2100, epoch: 5 | loss: 0.1656156
	speed: 0.0054s/iter; left time: 62.2429s
	iters: 2200, epoch: 5 | loss: 0.0479404
	speed: 0.0057s/iter; left time: 65.5868s
Epoch: 5 cost time: 13.435033559799194
Epoch: 5, Steps: 2283 | Train Loss: 0.2392774 Vali Loss: 0.2081357 Test Loss: 0.0747088
Validation loss decreased (0.208223 --> 0.208136).  Saving model ...
Updating learning rate to 6.25e-05
	iters: 100, epoch: 6 | loss: 0.1493568
	speed: 0.0731s/iter; left time: 827.1717s
	iters: 200, epoch: 6 | loss: 0.1207950
	speed: 0.0057s/iter; left time: 64.4214s
	iters: 300, epoch: 6 | loss: 0.2843235
	speed: 0.0055s/iter; left time: 61.4522s
	iters: 400, epoch: 6 | loss: 0.0903442
	speed: 0.0058s/iter; left time: 63.3817s
	iters: 500, epoch: 6 | loss: 0.1051150
	speed: 0.0072s/iter; left time: 78.4557s
	iters: 600, epoch: 6 | loss: 0.1520083
	speed: 0.0055s/iter; left time: 59.2962s
	iters: 700, epoch: 6 | loss: 0.3047397
	speed: 0.0058s/iter; left time: 61.9014s
	iters: 800, epoch: 6 | loss: 0.1075937
	speed: 0.0057s/iter; left time: 60.5536s
	iters: 900, epoch: 6 | loss: 0.0980556
	speed: 0.0055s/iter; left time: 58.0499s
	iters: 1000, epoch: 6 | loss: 0.0829143
	speed: 0.0055s/iter; left time: 57.7543s
	iters: 1100, epoch: 6 | loss: 10.1757784
	speed: 0.0056s/iter; left time: 57.3602s
	iters: 1200, epoch: 6 | loss: 11.4428167
	speed: 0.0054s/iter; left time: 54.7274s
	iters: 1300, epoch: 6 | loss: 0.0938345
	speed: 0.0054s/iter; left time: 55.0165s
	iters: 1400, epoch: 6 | loss: 0.1261092
	speed: 0.0061s/iter; left time: 61.4705s
	iters: 1500, epoch: 6 | loss: 0.0798540
	speed: 0.0054s/iter; left time: 53.0655s
	iters: 1600, epoch: 6 | loss: 0.2666475
	speed: 0.0052s/iter; left time: 51.1319s
	iters: 1700, epoch: 6 | loss: 0.0993209
	speed: 0.0060s/iter; left time: 58.3146s
	iters: 1800, epoch: 6 | loss: 0.2234540
	speed: 0.0068s/iter; left time: 65.0094s
	iters: 1900, epoch: 6 | loss: 0.2518205
	speed: 0.0056s/iter; left time: 53.4877s
	iters: 2000, epoch: 6 | loss: 0.1525832
	speed: 0.0055s/iter; left time: 52.1724s
	iters: 2100, epoch: 6 | loss: 0.1535446
	speed: 0.0058s/iter; left time: 54.0033s
	iters: 2200, epoch: 6 | loss: 0.1775309
	speed: 0.0053s/iter; left time: 48.9339s
Epoch: 6 cost time: 13.736972570419312
Epoch: 6, Steps: 2283 | Train Loss: 0.2360536 Vali Loss: 0.2087613 Test Loss: 0.0744355
EarlyStopping counter: 1 out of 3
Updating learning rate to 3.125e-05
	iters: 100, epoch: 7 | loss: 0.0908474
	speed: 0.0709s/iter; left time: 640.2158s
	iters: 200, epoch: 7 | loss: 0.3955110
	speed: 0.0052s/iter; left time: 46.8202s
	iters: 300, epoch: 7 | loss: 0.0762174
	speed: 0.0055s/iter; left time: 48.7022s
	iters: 400, epoch: 7 | loss: 0.0981320
	speed: 0.0060s/iter; left time: 52.0600s
	iters: 500, epoch: 7 | loss: 0.1336944
	speed: 0.0061s/iter; left time: 52.4735s
	iters: 600, epoch: 7 | loss: 0.0556194
	speed: 0.0054s/iter; left time: 46.2422s
	iters: 700, epoch: 7 | loss: 0.1165855
	speed: 0.0054s/iter; left time: 45.3646s
	iters: 800, epoch: 7 | loss: 0.1278218
	speed: 0.0058s/iter; left time: 48.4087s
	iters: 900, epoch: 7 | loss: 0.1068617
	speed: 0.0061s/iter; left time: 50.1984s
	iters: 1000, epoch: 7 | loss: 0.0668159
	speed: 0.0053s/iter; left time: 43.0896s
	iters: 1100, epoch: 7 | loss: 0.1372461
	speed: 0.0062s/iter; left time: 49.5300s
	iters: 1200, epoch: 7 | loss: 0.2902009
	speed: 0.0057s/iter; left time: 45.2618s
	iters: 1300, epoch: 7 | loss: 0.2657672
	speed: 0.0053s/iter; left time: 41.5973s
	iters: 1400, epoch: 7 | loss: 0.1240321
	speed: 0.0058s/iter; left time: 44.9302s
	iters: 1500, epoch: 7 | loss: 0.1763190
	speed: 0.0054s/iter; left time: 41.4967s
	iters: 1600, epoch: 7 | loss: 0.1154171
	speed: 0.0052s/iter; left time: 39.2823s
	iters: 1700, epoch: 7 | loss: 0.1123249
	speed: 0.0054s/iter; left time: 39.9759s
	iters: 1800, epoch: 7 | loss: 0.1268979
	speed: 0.0056s/iter; left time: 40.7045s
	iters: 1900, epoch: 7 | loss: 0.1262925
	speed: 0.0053s/iter; left time: 38.5158s
	iters: 2000, epoch: 7 | loss: 0.1418806
	speed: 0.0052s/iter; left time: 36.7433s
	iters: 2100, epoch: 7 | loss: 0.1189337
	speed: 0.0060s/iter; left time: 42.3430s
	iters: 2200, epoch: 7 | loss: 0.2046753
	speed: 0.0055s/iter; left time: 38.3408s
Epoch: 7 cost time: 13.519012451171875
Epoch: 7, Steps: 2283 | Train Loss: 0.2341068 Vali Loss: 0.2081145 Test Loss: 0.0743373
Validation loss decreased (0.208136 --> 0.208114).  Saving model ...
Updating learning rate to 1.5625e-05
	iters: 100, epoch: 8 | loss: 0.4692786
	speed: 0.0710s/iter; left time: 479.3709s
	iters: 200, epoch: 8 | loss: 0.0712367
	speed: 0.0058s/iter; left time: 38.4032s
	iters: 300, epoch: 8 | loss: 0.0747912
	speed: 0.0056s/iter; left time: 36.7286s
	iters: 400, epoch: 8 | loss: 1.2775358
	speed: 0.0052s/iter; left time: 33.5462s
	iters: 500, epoch: 8 | loss: 0.1905145
	speed: 0.0058s/iter; left time: 36.9228s
	iters: 600, epoch: 8 | loss: 0.1591361
	speed: 0.0051s/iter; left time: 31.8222s
	iters: 700, epoch: 8 | loss: 0.2001729
	speed: 0.0054s/iter; left time: 33.0337s
	iters: 800, epoch: 8 | loss: 0.6544380
	speed: 0.0053s/iter; left time: 32.2952s
	iters: 900, epoch: 8 | loss: 0.1593983
	speed: 0.0051s/iter; left time: 30.5609s
	iters: 1000, epoch: 8 | loss: 0.0789603
	speed: 0.0051s/iter; left time: 29.8410s
	iters: 1100, epoch: 8 | loss: 0.0531830
	speed: 0.0055s/iter; left time: 31.7297s
	iters: 1200, epoch: 8 | loss: 0.1450538
	speed: 0.0053s/iter; left time: 30.1533s
	iters: 1300, epoch: 8 | loss: 0.0849984
	speed: 0.0055s/iter; left time: 30.4423s
	iters: 1400, epoch: 8 | loss: 0.5079457
	speed: 0.0058s/iter; left time: 31.3392s
	iters: 1500, epoch: 8 | loss: 0.1871156
	speed: 0.0051s/iter; left time: 27.2759s
	iters: 1600, epoch: 8 | loss: 0.0601059
	speed: 0.0052s/iter; left time: 27.2638s
	iters: 1700, epoch: 8 | loss: 0.1765880
	speed: 0.0051s/iter; left time: 26.4878s
	iters: 1800, epoch: 8 | loss: 0.1069575
	speed: 0.0054s/iter; left time: 27.0551s
	iters: 1900, epoch: 8 | loss: 0.1677530
	speed: 0.0051s/iter; left time: 25.2981s
	iters: 2000, epoch: 8 | loss: 0.1906708
	speed: 0.0057s/iter; left time: 27.4932s
	iters: 2100, epoch: 8 | loss: 0.0729414
	speed: 0.0055s/iter; left time: 26.1199s
	iters: 2200, epoch: 8 | loss: 0.0481748
	speed: 0.0054s/iter; left time: 25.1849s
Epoch: 8 cost time: 13.031547546386719
Epoch: 8, Steps: 2283 | Train Loss: 0.2332255 Vali Loss: 0.2083202 Test Loss: 0.0741603
EarlyStopping counter: 1 out of 3
Updating learning rate to 7.8125e-06
	iters: 100, epoch: 9 | loss: 0.3207008
	speed: 0.0718s/iter; left time: 320.5569s
	iters: 200, epoch: 9 | loss: 0.0815020
	speed: 0.0056s/iter; left time: 24.4763s
	iters: 300, epoch: 9 | loss: 0.0613079
	speed: 0.0056s/iter; left time: 24.0595s
	iters: 400, epoch: 9 | loss: 0.0869981
	speed: 0.0055s/iter; left time: 22.7540s
	iters: 500, epoch: 9 | loss: 0.2561095
	speed: 0.0052s/iter; left time: 21.0586s
	iters: 600, epoch: 9 | loss: 0.0963603
	speed: 0.0057s/iter; left time: 22.5742s
	iters: 700, epoch: 9 | loss: 0.5028210
	speed: 0.0059s/iter; left time: 22.6836s
	iters: 800, epoch: 9 | loss: 0.1451712
	speed: 0.0054s/iter; left time: 20.4179s
	iters: 900, epoch: 9 | loss: 0.1480440
	speed: 0.0050s/iter; left time: 18.4570s
	iters: 1000, epoch: 9 | loss: 0.0873747
	speed: 0.0054s/iter; left time: 19.2608s
	iters: 1100, epoch: 9 | loss: 0.0765859
	speed: 0.0050s/iter; left time: 17.4563s
	iters: 1200, epoch: 9 | loss: 0.0629999
	speed: 0.0054s/iter; left time: 18.3433s
	iters: 1300, epoch: 9 | loss: 0.2125218
	speed: 0.0057s/iter; left time: 18.6282s
	iters: 1400, epoch: 9 | loss: 0.0821530
	speed: 0.0053s/iter; left time: 16.8888s
	iters: 1500, epoch: 9 | loss: 0.1004779
	speed: 0.0056s/iter; left time: 17.3117s
	iters: 1600, epoch: 9 | loss: 0.1301802
	speed: 0.0057s/iter; left time: 16.8101s
	iters: 1700, epoch: 9 | loss: 0.0513617
	speed: 0.0057s/iter; left time: 16.2347s
	iters: 1800, epoch: 9 | loss: 1.1502137
	speed: 0.0052s/iter; left time: 14.4775s
	iters: 1900, epoch: 9 | loss: 0.1179952
	speed: 0.0056s/iter; left time: 14.8431s
	iters: 2000, epoch: 9 | loss: 0.0826044
	speed: 0.0054s/iter; left time: 13.9234s
	iters: 2100, epoch: 9 | loss: 0.0830441
	speed: 0.0054s/iter; left time: 13.2997s
	iters: 2200, epoch: 9 | loss: 0.0758716
	speed: 0.0055s/iter; left time: 13.1097s
Epoch: 9 cost time: 13.260436773300171
Epoch: 9, Steps: 2283 | Train Loss: 0.2326760 Vali Loss: 0.2088330 Test Loss: 0.0741811
EarlyStopping counter: 2 out of 3
Updating learning rate to 3.90625e-06
	iters: 100, epoch: 10 | loss: 0.1446663
	speed: 0.0719s/iter; left time: 157.0564s
	iters: 200, epoch: 10 | loss: 0.5543657
	speed: 0.0061s/iter; left time: 12.7380s
	iters: 300, epoch: 10 | loss: 0.9270847
	speed: 0.0049s/iter; left time: 9.7770s
	iters: 400, epoch: 10 | loss: 0.1410682
	speed: 0.0050s/iter; left time: 9.4909s
	iters: 500, epoch: 10 | loss: 0.1105662
	speed: 0.0052s/iter; left time: 9.2535s
	iters: 600, epoch: 10 | loss: 0.1106431
	speed: 0.0054s/iter; left time: 9.0303s
	iters: 700, epoch: 10 | loss: 0.0632622
	speed: 0.0050s/iter; left time: 7.9705s
	iters: 800, epoch: 10 | loss: 0.1016889
	speed: 0.0055s/iter; left time: 8.1071s
	iters: 900, epoch: 10 | loss: 0.1150390
	speed: 0.0053s/iter; left time: 7.3531s
	iters: 1000, epoch: 10 | loss: 0.0777043
	speed: 0.0055s/iter; left time: 7.0624s
	iters: 1100, epoch: 10 | loss: 0.6013724
	speed: 0.0052s/iter; left time: 6.1854s
	iters: 1200, epoch: 10 | loss: 0.0626145
	speed: 0.0063s/iter; left time: 6.8323s
	iters: 1300, epoch: 10 | loss: 0.0971531
	speed: 0.0064s/iter; left time: 6.3195s
	iters: 1400, epoch: 10 | loss: 0.1566297
	speed: 0.0061s/iter; left time: 5.3832s
	iters: 1500, epoch: 10 | loss: 0.0786430
	speed: 0.0058s/iter; left time: 4.5590s
	iters: 1600, epoch: 10 | loss: 0.1318082
	speed: 0.0064s/iter; left time: 4.3710s
	iters: 1700, epoch: 10 | loss: 0.3762348
	speed: 0.0055s/iter; left time: 3.1893s
	iters: 1800, epoch: 10 | loss: 0.2555436
	speed: 0.0058s/iter; left time: 2.8157s
	iters: 1900, epoch: 10 | loss: 0.0522205
	speed: 0.0054s/iter; left time: 2.0637s
	iters: 2000, epoch: 10 | loss: 0.1104800
	speed: 0.0053s/iter; left time: 1.4968s
	iters: 2100, epoch: 10 | loss: 0.3414276
	speed: 0.0059s/iter; left time: 1.0835s
	iters: 2200, epoch: 10 | loss: 0.4090753
	speed: 0.0056s/iter; left time: 0.4694s
Epoch: 10 cost time: 13.511205196380615
Epoch: 10, Steps: 2283 | Train Loss: 0.2324119 Vali Loss: 0.2089766 Test Loss: 0.0741642
EarlyStopping counter: 3 out of 3
Early stopping
>>>>>>>testing : weather_336_12_GLinear_custom_ftM_sl336_ll48_pl12_dm512_nh8_el2_dl1_df2048_fc1_ebtimeF_dtTrue_Exp_0<<<<<<<<<<<<<<<<<<<<<<<<<<<<<<<<<
test 10528
mse:0.07433729618787766, mae:0.10075923055410385
