Args in experiment:
Namespace(activation='gelu', batch_size=8, c_out=7, checkpoints='/spo/NewbornTime/tahir098/SVF/data/Extra/checkpoints/', d_ff=2048, d_layers=1, d_model=512, data='ETTh1', data_path='ETTh1.csv', dec_in=7, des='Exp', devices='0,1,2,3', distil=True, do_predict=False, dropout=0.05, e_layers=2, embed='timeF', embed_type=0, enc_in=7, factor=1, features='M', freq='h', gpu=0, individual=False, is_training=1, itr=1, label_len=48, learning_rate=0.001, loss='mse', lradj='type1', model='RLinear', model_id='ETTh1_336_720', moving_avg=25, n_heads=8, num_workers=10, output_attention=False, patience=3, pred_len=720, root_path='./dataset/', seq_len=336, target='OT', test_flop=False, train_epochs=10, train_only=False, use_amp=False, use_gpu=True, use_multi_gpu=False)
Use GPU: cuda:0
>>>>>>>start training : ETTh1_336_720_RLinear_ETTh1_ftM_sl336_ll48_pl720_dm512_nh8_el2_dl1_df2048_fc1_ebtimeF_dtTrue_Exp_0>>>>>>>>>>>>>>>>>>>>>>>>>>
train 7585
val 2161
test 2161
	iters: 100, epoch: 1 | loss: 0.5951783
	speed: 0.0237s/iter; left time: 222.1331s
	iters: 200, epoch: 1 | loss: 0.6346841
	speed: 0.0162s/iter; left time: 150.0133s
	iters: 300, epoch: 1 | loss: 0.7137457
	speed: 0.0171s/iter; left time: 157.2691s
	iters: 400, epoch: 1 | loss: 0.7020950
	speed: 0.0166s/iter; left time: 150.9812s
	iters: 500, epoch: 1 | loss: 0.5850980
	speed: 0.0161s/iter; left time: 144.4586s
	iters: 600, epoch: 1 | loss: 0.5839155
	speed: 0.0168s/iter; left time: 149.4070s
	iters: 700, epoch: 1 | loss: 0.4813368
	speed: 0.0161s/iter; left time: 141.2386s
	iters: 800, epoch: 1 | loss: 0.6288257
	speed: 0.0167s/iter; left time: 145.0450s
	iters: 900, epoch: 1 | loss: 0.6252085
	speed: 0.0166s/iter; left time: 142.7804s
Epoch: 1 cost time: 16.550439834594727
Epoch: 1, Steps: 948 | Train Loss: 0.6120962 Vali Loss: 1.5480421 Test Loss: 0.4928764
Validation loss decreased (inf --> 1.548042).  Saving model ...
Updating learning rate to 0.001
	iters: 100, epoch: 2 | loss: 0.4819832
	speed: 0.0985s/iter; left time: 830.5831s
	iters: 200, epoch: 2 | loss: 0.6445363
	speed: 0.0151s/iter; left time: 125.7251s
	iters: 300, epoch: 2 | loss: 0.4908237
	speed: 0.0159s/iter; left time: 130.7133s
	iters: 400, epoch: 2 | loss: 0.5163860
	speed: 0.0159s/iter; left time: 129.5350s
	iters: 500, epoch: 2 | loss: 0.5711827
	speed: 0.0162s/iter; left time: 130.0608s
	iters: 600, epoch: 2 | loss: 0.5100156
	speed: 0.0167s/iter; left time: 132.5430s
	iters: 700, epoch: 2 | loss: 0.5212426
	speed: 0.0156s/iter; left time: 121.8247s
	iters: 800, epoch: 2 | loss: 0.4943008
	speed: 0.0165s/iter; left time: 127.7994s
	iters: 900, epoch: 2 | loss: 0.5584268
	speed: 0.0164s/iter; left time: 125.0682s
Epoch: 2 cost time: 16.081273317337036
Epoch: 2, Steps: 948 | Train Loss: 0.5875072 Vali Loss: 1.5519884 Test Loss: 0.4899253
EarlyStopping counter: 1 out of 3
Updating learning rate to 0.0005
	iters: 100, epoch: 3 | loss: 0.5494108
	speed: 0.0970s/iter; left time: 725.8732s
	iters: 200, epoch: 3 | loss: 0.6856124
	speed: 0.0158s/iter; left time: 117.0272s
	iters: 300, epoch: 3 | loss: 0.4821099
	speed: 0.0163s/iter; left time: 118.7852s
	iters: 400, epoch: 3 | loss: 0.5608170
	speed: 0.0161s/iter; left time: 115.4374s
	iters: 500, epoch: 3 | loss: 0.6172486
	speed: 0.0165s/iter; left time: 116.5647s
	iters: 600, epoch: 3 | loss: 0.6410816
	speed: 0.0154s/iter; left time: 107.4161s
	iters: 700, epoch: 3 | loss: 0.6426640
	speed: 0.0162s/iter; left time: 111.4106s
	iters: 800, epoch: 3 | loss: 0.4853238
	speed: 0.0163s/iter; left time: 110.7068s
	iters: 900, epoch: 3 | loss: 0.6341649
	speed: 0.0156s/iter; left time: 104.4241s
Epoch: 3 cost time: 16.034181356430054
Epoch: 3, Steps: 948 | Train Loss: 0.5668507 Vali Loss: 1.4978663 Test Loss: 0.4783733
Validation loss decreased (1.548042 --> 1.497866).  Saving model ...
Updating learning rate to 0.00025
	iters: 100, epoch: 4 | loss: 0.5134237
	speed: 0.0986s/iter; left time: 644.6640s
	iters: 200, epoch: 4 | loss: 0.5690318
	speed: 0.0157s/iter; left time: 100.8715s
	iters: 300, epoch: 4 | loss: 0.5927367
	speed: 0.0159s/iter; left time: 100.8022s
	iters: 400, epoch: 4 | loss: 0.5892540
	speed: 0.0158s/iter; left time: 98.2562s
	iters: 500, epoch: 4 | loss: 0.5814342
	speed: 0.0154s/iter; left time: 94.6275s
	iters: 600, epoch: 4 | loss: 0.4173979
	speed: 0.0156s/iter; left time: 93.9206s
	iters: 700, epoch: 4 | loss: 0.5327616
	speed: 0.0155s/iter; left time: 91.8419s
	iters: 800, epoch: 4 | loss: 0.4330031
	speed: 0.0162s/iter; left time: 94.7319s
	iters: 900, epoch: 4 | loss: 0.6067306
	speed: 0.0158s/iter; left time: 90.8237s
Epoch: 4 cost time: 15.823872089385986
Epoch: 4, Steps: 948 | Train Loss: 0.5571128 Vali Loss: 1.5083905 Test Loss: 0.4688519
EarlyStopping counter: 1 out of 3
Updating learning rate to 0.000125
	iters: 100, epoch: 5 | loss: 0.5537009
	speed: 0.0973s/iter; left time: 543.6029s
	iters: 200, epoch: 5 | loss: 0.4560649
	speed: 0.0165s/iter; left time: 90.8044s
	iters: 300, epoch: 5 | loss: 0.4135782
	speed: 0.0154s/iter; left time: 82.9296s
	iters: 400, epoch: 5 | loss: 0.5376258
	speed: 0.0156s/iter; left time: 82.3801s
	iters: 500, epoch: 5 | loss: 0.4628084
	speed: 0.0165s/iter; left time: 85.5848s
	iters: 600, epoch: 5 | loss: 0.5496129
	speed: 0.0154s/iter; left time: 78.4825s
	iters: 700, epoch: 5 | loss: 0.4127295
	speed: 0.0152s/iter; left time: 75.8353s
	iters: 800, epoch: 5 | loss: 0.4135086
	speed: 0.0157s/iter; left time: 76.9926s
	iters: 900, epoch: 5 | loss: 0.4483474
	speed: 0.0156s/iter; left time: 74.4786s
Epoch: 5 cost time: 15.783396244049072
Epoch: 5, Steps: 948 | Train Loss: 0.5509364 Vali Loss: 1.4939392 Test Loss: 0.4664461
Validation loss decreased (1.497866 --> 1.493939).  Saving model ...
Updating learning rate to 6.25e-05
	iters: 100, epoch: 6 | loss: 0.5205683
	speed: 0.0971s/iter; left time: 450.4297s
	iters: 200, epoch: 6 | loss: 0.4596169
	speed: 0.0154s/iter; left time: 69.7377s
	iters: 300, epoch: 6 | loss: 0.5233973
	speed: 0.0160s/iter; left time: 70.9897s
	iters: 400, epoch: 6 | loss: 0.6146496
	speed: 0.0157s/iter; left time: 68.3537s
	iters: 500, epoch: 6 | loss: 0.4942034
	speed: 0.0161s/iter; left time: 68.2342s
	iters: 600, epoch: 6 | loss: 0.4855582
	speed: 0.0166s/iter; left time: 68.5620s
	iters: 700, epoch: 6 | loss: 0.6070317
	speed: 0.0164s/iter; left time: 66.2802s
	iters: 800, epoch: 6 | loss: 0.5557893
	speed: 0.0162s/iter; left time: 63.7545s
	iters: 900, epoch: 6 | loss: 0.4408584
	speed: 0.0166s/iter; left time: 63.6029s
Epoch: 6 cost time: 16.0299015045166
Epoch: 6, Steps: 948 | Train Loss: 0.5481597 Vali Loss: 1.4884495 Test Loss: 0.4636461
Validation loss decreased (1.493939 --> 1.488449).  Saving model ...
Updating learning rate to 3.125e-05
	iters: 100, epoch: 7 | loss: 0.5064423
	speed: 0.0994s/iter; left time: 367.0999s
	iters: 200, epoch: 7 | loss: 0.6572289
	speed: 0.0155s/iter; left time: 55.7407s
	iters: 300, epoch: 7 | loss: 0.7291248
	speed: 0.0164s/iter; left time: 57.1176s
	iters: 400, epoch: 7 | loss: 0.4265994
	speed: 0.0157s/iter; left time: 53.2060s
	iters: 500, epoch: 7 | loss: 0.4582850
	speed: 0.0161s/iter; left time: 53.0777s
	iters: 600, epoch: 7 | loss: 0.5561460
	speed: 0.0160s/iter; left time: 51.1795s
	iters: 700, epoch: 7 | loss: 0.6323410
	speed: 0.0157s/iter; left time: 48.5617s
	iters: 800, epoch: 7 | loss: 0.5188684
	speed: 0.0150s/iter; left time: 45.0094s
	iters: 900, epoch: 7 | loss: 0.6932467
	speed: 0.0165s/iter; left time: 47.6083s
Epoch: 7 cost time: 15.908809185028076
Epoch: 7, Steps: 948 | Train Loss: 0.5464095 Vali Loss: 1.4871774 Test Loss: 0.4639848
Validation loss decreased (1.488449 --> 1.487177).  Saving model ...
Updating learning rate to 1.5625e-05
	iters: 100, epoch: 8 | loss: 0.5517438
	speed: 0.0940s/iter; left time: 258.0731s
	iters: 200, epoch: 8 | loss: 0.4662677
	speed: 0.0158s/iter; left time: 41.7110s
	iters: 300, epoch: 8 | loss: 0.4406320
	speed: 0.0152s/iter; left time: 38.7984s
	iters: 400, epoch: 8 | loss: 0.4973676
	speed: 0.0156s/iter; left time: 38.1167s
	iters: 500, epoch: 8 | loss: 0.5963369
	speed: 0.0156s/iter; left time: 36.6350s
	iters: 600, epoch: 8 | loss: 0.6073919
	speed: 0.0156s/iter; left time: 35.0541s
	iters: 700, epoch: 8 | loss: 0.5966721
	speed: 0.0161s/iter; left time: 34.5535s
	iters: 800, epoch: 8 | loss: 0.4809467
	speed: 0.0154s/iter; left time: 31.4520s
	iters: 900, epoch: 8 | loss: 0.5874428
	speed: 0.0166s/iter; left time: 32.3598s
Epoch: 8 cost time: 15.752196073532104
Epoch: 8, Steps: 948 | Train Loss: 0.5453322 Vali Loss: 1.4864907 Test Loss: 0.4640056
Validation loss decreased (1.487177 --> 1.486491).  Saving model ...
Updating learning rate to 7.8125e-06
	iters: 100, epoch: 9 | loss: 0.5273747
	speed: 0.0979s/iter; left time: 175.9430s
	iters: 200, epoch: 9 | loss: 0.5513768
	speed: 0.0160s/iter; left time: 27.1003s
	iters: 300, epoch: 9 | loss: 0.6754934
	speed: 0.0160s/iter; left time: 25.6287s
	iters: 400, epoch: 9 | loss: 0.6165258
	speed: 0.0161s/iter; left time: 24.0992s
	iters: 500, epoch: 9 | loss: 0.5288289
	speed: 0.0156s/iter; left time: 21.8530s
	iters: 600, epoch: 9 | loss: 0.4935680
	speed: 0.0150s/iter; left time: 19.4243s
	iters: 700, epoch: 9 | loss: 0.6206205
	speed: 0.0153s/iter; left time: 18.2864s
	iters: 800, epoch: 9 | loss: 0.5908771
	speed: 0.0164s/iter; left time: 18.0103s
	iters: 900, epoch: 9 | loss: 0.5601674
	speed: 0.0156s/iter; left time: 15.5433s
Epoch: 9 cost time: 15.823371171951294
Epoch: 9, Steps: 948 | Train Loss: 0.5450251 Vali Loss: 1.4858224 Test Loss: 0.4639726
Validation loss decreased (1.486491 --> 1.485822).  Saving model ...
Updating learning rate to 3.90625e-06
	iters: 100, epoch: 10 | loss: 0.5000982
	speed: 0.0968s/iter; left time: 82.2252s
	iters: 200, epoch: 10 | loss: 0.4993848
	speed: 0.0156s/iter; left time: 11.6472s
	iters: 300, epoch: 10 | loss: 0.4330845
	speed: 0.0163s/iter; left time: 10.5579s
	iters: 400, epoch: 10 | loss: 0.4687943
	speed: 0.0162s/iter; left time: 8.9122s
	iters: 500, epoch: 10 | loss: 0.4892429
	speed: 0.0157s/iter; left time: 7.0431s
	iters: 600, epoch: 10 | loss: 0.5357196
	speed: 0.0165s/iter; left time: 5.7649s
	iters: 700, epoch: 10 | loss: 0.4723580
	speed: 0.0151s/iter; left time: 3.7702s
	iters: 800, epoch: 10 | loss: 0.5049487
	speed: 0.0164s/iter; left time: 2.4385s
	iters: 900, epoch: 10 | loss: 0.5041081
	speed: 0.0157s/iter; left time: 0.7683s
Epoch: 10 cost time: 16.03412938117981
Epoch: 10, Steps: 948 | Train Loss: 0.5448655 Vali Loss: 1.4862802 Test Loss: 0.4640317
EarlyStopping counter: 1 out of 3
Updating learning rate to 1.953125e-06
>>>>>>>testing : ETTh1_336_720_RLinear_ETTh1_ftM_sl336_ll48_pl720_dm512_nh8_el2_dl1_df2048_fc1_ebtimeF_dtTrue_Exp_0<<<<<<<<<<<<<<<<<<<<<<<<<<<<<<<<<
test 2161
mse:0.46344518661499023, mae:0.4685859680175781
