Args in experiment:
Namespace(activation='gelu', batch_size=8, c_out=7, checkpoints='/spo/NewbornTime/tahir098/SVF/data/Extra/checkpoints/', d_ff=2048, d_layers=1, d_model=512, data='ETTh1', data_path='ETTh1.csv', dec_in=7, des='Exp', devices='0,1,2,3', distil=True, do_predict=False, dropout=0.05, e_layers=2, embed='timeF', embed_type=0, enc_in=7, factor=1, features='M', freq='h', gpu=0, individual=False, is_training=1, itr=1, label_len=48, learning_rate=0.001, loss='mse', lradj='type1', model='RLinear', model_id='ETTh1_168_720', moving_avg=25, n_heads=8, num_workers=10, output_attention=False, patience=3, pred_len=720, root_path='./dataset/', seq_len=168, target='OT', test_flop=False, train_epochs=10, train_only=False, use_amp=False, use_gpu=True, use_multi_gpu=False)
Use GPU: cuda:0
>>>>>>>start training : ETTh1_168_720_RLinear_ETTh1_ftM_sl168_ll48_pl720_dm512_nh8_el2_dl1_df2048_fc1_ebtimeF_dtTrue_Exp_0>>>>>>>>>>>>>>>>>>>>>>>>>>
train 7753
val 2161
test 2161
	iters: 100, epoch: 1 | loss: 0.5538045
	speed: 0.0237s/iter; left time: 227.3896s
	iters: 200, epoch: 1 | loss: 0.5821043
	speed: 0.0189s/iter; left time: 179.7356s
	iters: 300, epoch: 1 | loss: 0.5108481
	speed: 0.0189s/iter; left time: 177.7236s
	iters: 400, epoch: 1 | loss: 0.5500112
	speed: 0.0166s/iter; left time: 154.5440s
	iters: 500, epoch: 1 | loss: 0.5854934
	speed: 0.0140s/iter; left time: 128.9197s
	iters: 600, epoch: 1 | loss: 0.6149691
	speed: 0.0143s/iter; left time: 129.7248s
	iters: 700, epoch: 1 | loss: 0.5752934
	speed: 0.0146s/iter; left time: 130.8843s
	iters: 800, epoch: 1 | loss: 0.5116624
	speed: 0.0138s/iter; left time: 122.5292s
	iters: 900, epoch: 1 | loss: 0.7355605
	speed: 0.0137s/iter; left time: 120.1786s
Epoch: 1 cost time: 15.976178169250488
Epoch: 1, Steps: 969 | Train Loss: 0.6199597 Vali Loss: 1.5588470 Test Loss: 0.4844702
Validation loss decreased (inf --> 1.558847).  Saving model ...
Updating learning rate to 0.001
	iters: 100, epoch: 2 | loss: 0.5073029
	speed: 0.0888s/iter; left time: 765.4658s
	iters: 200, epoch: 2 | loss: 0.6714875
	speed: 0.0143s/iter; left time: 122.0160s
	iters: 300, epoch: 2 | loss: 0.4719053
	speed: 0.0144s/iter; left time: 121.0378s
	iters: 400, epoch: 2 | loss: 0.6048254
	speed: 0.0146s/iter; left time: 121.5956s
	iters: 500, epoch: 2 | loss: 0.5933270
	speed: 0.0151s/iter; left time: 124.2498s
	iters: 600, epoch: 2 | loss: 0.7332810
	speed: 0.0156s/iter; left time: 126.5789s
	iters: 700, epoch: 2 | loss: 0.5219741
	speed: 0.0154s/iter; left time: 123.1590s
	iters: 800, epoch: 2 | loss: 0.5700676
	speed: 0.0140s/iter; left time: 110.8466s
	iters: 900, epoch: 2 | loss: 0.6368690
	speed: 0.0158s/iter; left time: 123.6223s
Epoch: 2 cost time: 15.020899295806885
Epoch: 2, Steps: 969 | Train Loss: 0.5944891 Vali Loss: 1.5638950 Test Loss: 0.4769721
EarlyStopping counter: 1 out of 3
Updating learning rate to 0.0005
	iters: 100, epoch: 3 | loss: 0.6268859
	speed: 0.0904s/iter; left time: 691.5281s
	iters: 200, epoch: 3 | loss: 0.5169724
	speed: 0.0150s/iter; left time: 113.5758s
	iters: 300, epoch: 3 | loss: 0.5503754
	speed: 0.0143s/iter; left time: 106.7533s
	iters: 400, epoch: 3 | loss: 0.5244506
	speed: 0.0145s/iter; left time: 106.3210s
	iters: 500, epoch: 3 | loss: 0.5013449
	speed: 0.0150s/iter; left time: 108.6086s
	iters: 600, epoch: 3 | loss: 0.5781140
	speed: 0.0151s/iter; left time: 108.1936s
	iters: 700, epoch: 3 | loss: 0.5742509
	speed: 0.0142s/iter; left time: 99.8026s
	iters: 800, epoch: 3 | loss: 0.6392360
	speed: 0.0149s/iter; left time: 103.6925s
	iters: 900, epoch: 3 | loss: 0.6340931
	speed: 0.0152s/iter; left time: 103.9796s
Epoch: 3 cost time: 15.089970588684082
Epoch: 3, Steps: 969 | Train Loss: 0.5837048 Vali Loss: 1.5408123 Test Loss: 0.4730648
Validation loss decreased (1.558847 --> 1.540812).  Saving model ...
Updating learning rate to 0.00025
	iters: 100, epoch: 4 | loss: 0.6715578
	speed: 0.0880s/iter; left time: 588.2181s
	iters: 200, epoch: 4 | loss: 0.4564703
	speed: 0.0155s/iter; left time: 101.8489s
	iters: 300, epoch: 4 | loss: 0.5129373
	speed: 0.0149s/iter; left time: 96.5176s
	iters: 400, epoch: 4 | loss: 0.5777678
	speed: 0.0146s/iter; left time: 93.3705s
	iters: 500, epoch: 4 | loss: 0.5678737
	speed: 0.0142s/iter; left time: 89.0415s
	iters: 600, epoch: 4 | loss: 0.6802878
	speed: 0.0155s/iter; left time: 95.5548s
	iters: 700, epoch: 4 | loss: 0.6423228
	speed: 0.0153s/iter; left time: 92.7817s
	iters: 800, epoch: 4 | loss: 0.5194925
	speed: 0.0147s/iter; left time: 88.1365s
	iters: 900, epoch: 4 | loss: 0.5639017
	speed: 0.0156s/iter; left time: 91.8588s
Epoch: 4 cost time: 15.13062334060669
Epoch: 4, Steps: 969 | Train Loss: 0.5776744 Vali Loss: 1.5298663 Test Loss: 0.4696220
Validation loss decreased (1.540812 --> 1.529866).  Saving model ...
Updating learning rate to 0.000125
	iters: 100, epoch: 5 | loss: 0.4765980
	speed: 0.0774s/iter; left time: 442.2016s
	iters: 200, epoch: 5 | loss: 0.6679746
	speed: 0.0113s/iter; left time: 63.3404s
	iters: 300, epoch: 5 | loss: 0.4672574
	speed: 0.0112s/iter; left time: 61.7476s
	iters: 400, epoch: 5 | loss: 0.6278835
	speed: 0.0155s/iter; left time: 84.0295s
	iters: 500, epoch: 5 | loss: 0.6101500
	speed: 0.0153s/iter; left time: 81.3648s
	iters: 600, epoch: 5 | loss: 0.7078603
	speed: 0.0161s/iter; left time: 83.8194s
	iters: 700, epoch: 5 | loss: 0.5726095
	speed: 0.0174s/iter; left time: 89.0839s
	iters: 800, epoch: 5 | loss: 0.4491661
	speed: 0.0162s/iter; left time: 81.0582s
	iters: 900, epoch: 5 | loss: 0.7485715
	speed: 0.0151s/iter; left time: 74.3383s
Epoch: 5 cost time: 14.496082782745361
Epoch: 5, Steps: 969 | Train Loss: 0.5748793 Vali Loss: 1.5249515 Test Loss: 0.4687085
Validation loss decreased (1.529866 --> 1.524951).  Saving model ...
Updating learning rate to 6.25e-05
	iters: 100, epoch: 6 | loss: 0.5107883
	speed: 0.0971s/iter; left time: 460.9285s
	iters: 200, epoch: 6 | loss: 0.4939504
	speed: 0.0154s/iter; left time: 71.5118s
	iters: 300, epoch: 6 | loss: 0.4735552
	speed: 0.0149s/iter; left time: 67.9440s
	iters: 400, epoch: 6 | loss: 0.6728925
	speed: 0.0157s/iter; left time: 69.6392s
	iters: 500, epoch: 6 | loss: 0.4238324
	speed: 0.0158s/iter; left time: 68.5281s
	iters: 600, epoch: 6 | loss: 0.6168025
	speed: 0.0160s/iter; left time: 68.0255s
	iters: 700, epoch: 6 | loss: 0.6583000
	speed: 0.0156s/iter; left time: 64.6070s
	iters: 800, epoch: 6 | loss: 0.6309664
	speed: 0.0149s/iter; left time: 60.4096s
	iters: 900, epoch: 6 | loss: 0.6659695
	speed: 0.0157s/iter; left time: 62.0585s
Epoch: 6 cost time: 15.788844347000122
Epoch: 6, Steps: 969 | Train Loss: 0.5732427 Vali Loss: 1.5218116 Test Loss: 0.4667687
Validation loss decreased (1.524951 --> 1.521812).  Saving model ...
Updating learning rate to 3.125e-05
	iters: 100, epoch: 7 | loss: 0.5054957
	speed: 0.1001s/iter; left time: 378.2272s
	iters: 200, epoch: 7 | loss: 0.6663100
	speed: 0.0150s/iter; left time: 55.1649s
	iters: 300, epoch: 7 | loss: 0.5340950
	speed: 0.0156s/iter; left time: 55.8278s
	iters: 400, epoch: 7 | loss: 0.5109323
	speed: 0.0147s/iter; left time: 51.1149s
	iters: 500, epoch: 7 | loss: 0.4099245
	speed: 0.0152s/iter; left time: 51.2063s
	iters: 600, epoch: 7 | loss: 0.4616899
	speed: 0.0155s/iter; left time: 50.9082s
	iters: 700, epoch: 7 | loss: 0.6012260
	speed: 0.0157s/iter; left time: 49.7432s
	iters: 800, epoch: 7 | loss: 0.6650168
	speed: 0.0161s/iter; left time: 49.4123s
	iters: 900, epoch: 7 | loss: 0.5825885
	speed: 0.0157s/iter; left time: 46.6448s
Epoch: 7 cost time: 15.759230375289917
Epoch: 7, Steps: 969 | Train Loss: 0.5725336 Vali Loss: 1.5203784 Test Loss: 0.4665565
Validation loss decreased (1.521812 --> 1.520378).  Saving model ...
Updating learning rate to 1.5625e-05
	iters: 100, epoch: 8 | loss: 0.4658080
	speed: 0.0999s/iter; left time: 280.4605s
	iters: 200, epoch: 8 | loss: 0.6073747
	speed: 0.0159s/iter; left time: 43.1707s
	iters: 300, epoch: 8 | loss: 0.5343501
	speed: 0.0157s/iter; left time: 40.8289s
	iters: 400, epoch: 8 | loss: 0.4830244
	speed: 0.0158s/iter; left time: 39.6065s
	iters: 500, epoch: 8 | loss: 0.5608010
	speed: 0.0152s/iter; left time: 36.7205s
	iters: 600, epoch: 8 | loss: 0.5527779
	speed: 0.0155s/iter; left time: 35.7614s
	iters: 700, epoch: 8 | loss: 0.6404181
	speed: 0.0146s/iter; left time: 32.2043s
	iters: 800, epoch: 8 | loss: 0.7685693
	speed: 0.0148s/iter; left time: 31.1497s
	iters: 900, epoch: 8 | loss: 0.3664590
	speed: 0.0150s/iter; left time: 30.1202s
Epoch: 8 cost time: 15.447596549987793
Epoch: 8, Steps: 969 | Train Loss: 0.5719201 Vali Loss: 1.5192810 Test Loss: 0.4660290
Validation loss decreased (1.520378 --> 1.519281).  Saving model ...
Updating learning rate to 7.8125e-06
	iters: 100, epoch: 9 | loss: 0.6221842
	speed: 0.0997s/iter; left time: 183.3305s
	iters: 200, epoch: 9 | loss: 0.5651320
	speed: 0.0153s/iter; left time: 26.6880s
	iters: 300, epoch: 9 | loss: 0.5651703
	speed: 0.0151s/iter; left time: 24.8219s
	iters: 400, epoch: 9 | loss: 0.4545466
	speed: 0.0158s/iter; left time: 24.2683s
	iters: 500, epoch: 9 | loss: 0.6486971
	speed: 0.0151s/iter; left time: 21.7073s
	iters: 600, epoch: 9 | loss: 0.6144450
	speed: 0.0159s/iter; left time: 21.2396s
	iters: 700, epoch: 9 | loss: 0.5851295
	speed: 0.0157s/iter; left time: 19.5126s
	iters: 800, epoch: 9 | loss: 0.6525347
	speed: 0.0147s/iter; left time: 16.7837s
	iters: 900, epoch: 9 | loss: 0.5520759
	speed: 0.0160s/iter; left time: 16.5725s
Epoch: 9 cost time: 15.685810804367065
Epoch: 9, Steps: 969 | Train Loss: 0.5717352 Vali Loss: 1.5194713 Test Loss: 0.4661980
EarlyStopping counter: 1 out of 3
Updating learning rate to 3.90625e-06
	iters: 100, epoch: 10 | loss: 0.5397814
	speed: 0.1021s/iter; left time: 88.8070s
	iters: 200, epoch: 10 | loss: 0.5625238
	speed: 0.0160s/iter; left time: 12.3056s
	iters: 300, epoch: 10 | loss: 0.5559867
	speed: 0.0156s/iter; left time: 10.4231s
	iters: 400, epoch: 10 | loss: 0.3934094
	speed: 0.0161s/iter; left time: 9.1506s
	iters: 500, epoch: 10 | loss: 0.5891511
	speed: 0.0155s/iter; left time: 7.2838s
	iters: 600, epoch: 10 | loss: 0.4618150
	speed: 0.0157s/iter; left time: 5.8178s
	iters: 700, epoch: 10 | loss: 0.4464149
	speed: 0.0160s/iter; left time: 4.3199s
	iters: 800, epoch: 10 | loss: 0.6175169
	speed: 0.0151s/iter; left time: 2.5743s
	iters: 900, epoch: 10 | loss: 0.5443974
	speed: 0.0161s/iter; left time: 1.1264s
Epoch: 10 cost time: 15.888857364654541
Epoch: 10, Steps: 969 | Train Loss: 0.5717468 Vali Loss: 1.5202143 Test Loss: 0.4661824
EarlyStopping counter: 2 out of 3
Updating learning rate to 1.953125e-06
>>>>>>>testing : ETTh1_168_720_RLinear_ETTh1_ftM_sl168_ll48_pl720_dm512_nh8_el2_dl1_df2048_fc1_ebtimeF_dtTrue_Exp_0<<<<<<<<<<<<<<<<<<<<<<<<<<<<<<<<<
test 2161
mse:0.4655490815639496, mae:0.46203067898750305
