Args in experiment:
Namespace(activation='gelu', batch_size=8, c_out=7, checkpoints='/spo/NewbornTime/tahir098/SVF/data/Extra/checkpoints/', d_ff=2048, d_layers=1, d_model=512, data='ETTh1', data_path='ETTh1.csv', dec_in=7, des='Exp', devices='0,1,2,3', distil=True, do_predict=False, dropout=0.05, e_layers=2, embed='timeF', embed_type=0, enc_in=7, factor=1, features='M', freq='h', gpu=0, individual=False, is_training=1, itr=1, label_len=48, learning_rate=0.001, loss='mse', lradj='type1', model='RLinear', model_id='ETTh1_48_720', moving_avg=25, n_heads=8, num_workers=10, output_attention=False, patience=3, pred_len=720, root_path='./dataset/', seq_len=48, target='OT', test_flop=False, train_epochs=10, train_only=False, use_amp=False, use_gpu=True, use_multi_gpu=False)
Use GPU: cuda:0
>>>>>>>start training : ETTh1_48_720_RLinear_ETTh1_ftM_sl48_ll48_pl720_dm512_nh8_el2_dl1_df2048_fc1_ebtimeF_dtTrue_Exp_0>>>>>>>>>>>>>>>>>>>>>>>>>>
train 7873
val 2161
test 2161
	iters: 100, epoch: 1 | loss: 0.6938115
	speed: 0.0179s/iter; left time: 174.6239s
	iters: 200, epoch: 1 | loss: 0.7316623
	speed: 0.0120s/iter; left time: 115.2403s
	iters: 300, epoch: 1 | loss: 0.8198609
	speed: 0.0118s/iter; left time: 112.2256s
	iters: 400, epoch: 1 | loss: 0.6680885
	speed: 0.0119s/iter; left time: 112.6902s
	iters: 500, epoch: 1 | loss: 0.5512598
	speed: 0.0118s/iter; left time: 110.0924s
	iters: 600, epoch: 1 | loss: 0.6647846
	speed: 0.0116s/iter; left time: 107.0377s
	iters: 700, epoch: 1 | loss: 0.9676458
	speed: 0.0116s/iter; left time: 105.9514s
	iters: 800, epoch: 1 | loss: 0.8320855
	speed: 0.0126s/iter; left time: 113.5168s
	iters: 900, epoch: 1 | loss: 0.4844531
	speed: 0.0120s/iter; left time: 107.1178s
Epoch: 1 cost time: 12.395827770233154
Epoch: 1, Steps: 984 | Train Loss: 0.6714074 Vali Loss: 1.6373193 Test Loss: 0.5134084
Validation loss decreased (inf --> 1.637319).  Saving model ...
Updating learning rate to 0.001
	iters: 100, epoch: 2 | loss: 0.6215093
	speed: 0.0638s/iter; left time: 559.0161s
	iters: 200, epoch: 2 | loss: 0.6341906
	speed: 0.0117s/iter; left time: 101.5481s
	iters: 300, epoch: 2 | loss: 0.5569049
	speed: 0.0117s/iter; left time: 100.1233s
	iters: 400, epoch: 2 | loss: 0.6325684
	speed: 0.0110s/iter; left time: 92.9697s
	iters: 500, epoch: 2 | loss: 0.8518057
	speed: 0.0100s/iter; left time: 83.6609s
	iters: 600, epoch: 2 | loss: 0.7128233
	speed: 0.0108s/iter; left time: 89.5432s
	iters: 700, epoch: 2 | loss: 0.6655831
	speed: 0.0109s/iter; left time: 88.8313s
	iters: 800, epoch: 2 | loss: 0.7944206
	speed: 0.0106s/iter; left time: 85.0434s
	iters: 900, epoch: 2 | loss: 0.4287894
	speed: 0.0119s/iter; left time: 94.6416s
Epoch: 2 cost time: 11.703304529190063
Epoch: 2, Steps: 984 | Train Loss: 0.6416448 Vali Loss: 1.6339384 Test Loss: 0.5125158
Validation loss decreased (1.637319 --> 1.633938).  Saving model ...
Updating learning rate to 0.0005
	iters: 100, epoch: 3 | loss: 0.7824058
	speed: 0.0642s/iter; left time: 498.6955s
	iters: 200, epoch: 3 | loss: 0.7634842
	speed: 0.0109s/iter; left time: 83.2851s
	iters: 300, epoch: 3 | loss: 0.6339718
	speed: 0.0111s/iter; left time: 84.2733s
	iters: 400, epoch: 3 | loss: 0.6720956
	speed: 0.0101s/iter; left time: 75.2831s
	iters: 500, epoch: 3 | loss: 0.5882389
	speed: 0.0106s/iter; left time: 78.1584s
	iters: 600, epoch: 3 | loss: 0.5475841
	speed: 0.0112s/iter; left time: 81.7929s
	iters: 700, epoch: 3 | loss: 0.6068630
	speed: 0.0105s/iter; left time: 75.1270s
	iters: 800, epoch: 3 | loss: 0.6789738
	speed: 0.0103s/iter; left time: 72.9001s
	iters: 900, epoch: 3 | loss: 0.6618539
	speed: 0.0103s/iter; left time: 72.1278s
Epoch: 3 cost time: 11.17885446548462
Epoch: 3, Steps: 984 | Train Loss: 0.6359917 Vali Loss: 1.6279874 Test Loss: 0.5056350
Validation loss decreased (1.633938 --> 1.627987).  Saving model ...
Updating learning rate to 0.00025
	iters: 100, epoch: 4 | loss: 0.4981124
	speed: 0.0646s/iter; left time: 438.3433s
	iters: 200, epoch: 4 | loss: 0.4840640
	speed: 0.0096s/iter; left time: 64.3613s
	iters: 300, epoch: 4 | loss: 0.6333326
	speed: 0.0096s/iter; left time: 63.0556s
	iters: 400, epoch: 4 | loss: 0.5643718
	speed: 0.0106s/iter; left time: 69.0426s
	iters: 500, epoch: 4 | loss: 0.5698154
	speed: 0.0119s/iter; left time: 76.2523s
	iters: 600, epoch: 4 | loss: 0.6367344
	speed: 0.0120s/iter; left time: 75.7231s
	iters: 700, epoch: 4 | loss: 0.4629395
	speed: 0.0122s/iter; left time: 75.6928s
	iters: 800, epoch: 4 | loss: 0.5463049
	speed: 0.0120s/iter; left time: 73.2059s
	iters: 900, epoch: 4 | loss: 0.4623519
	speed: 0.0110s/iter; left time: 65.6739s
Epoch: 4 cost time: 11.709638833999634
Epoch: 4, Steps: 984 | Train Loss: 0.6338077 Vali Loss: 1.6267924 Test Loss: 0.5047336
Validation loss decreased (1.627987 --> 1.626792).  Saving model ...
Updating learning rate to 0.000125
	iters: 100, epoch: 5 | loss: 0.6220599
	speed: 0.0643s/iter; left time: 373.2842s
	iters: 200, epoch: 5 | loss: 0.6186638
	speed: 0.0103s/iter; left time: 58.5451s
	iters: 300, epoch: 5 | loss: 0.5532003
	speed: 0.0100s/iter; left time: 55.8870s
	iters: 400, epoch: 5 | loss: 0.5122097
	speed: 0.0113s/iter; left time: 62.0853s
	iters: 500, epoch: 5 | loss: 0.4214618
	speed: 0.0114s/iter; left time: 61.4749s
	iters: 600, epoch: 5 | loss: 0.4403620
	speed: 0.0101s/iter; left time: 53.3523s
	iters: 700, epoch: 5 | loss: 0.5612977
	speed: 0.0109s/iter; left time: 56.5091s
	iters: 800, epoch: 5 | loss: 0.4930592
	speed: 0.0108s/iter; left time: 55.2603s
	iters: 900, epoch: 5 | loss: 0.6898689
	speed: 0.0104s/iter; left time: 52.0790s
Epoch: 5 cost time: 11.112343549728394
Epoch: 5, Steps: 984 | Train Loss: 0.6328461 Vali Loss: 1.6254545 Test Loss: 0.5038661
Validation loss decreased (1.626792 --> 1.625455).  Saving model ...
Updating learning rate to 6.25e-05
	iters: 100, epoch: 6 | loss: 0.6007781
	speed: 0.0632s/iter; left time: 304.5848s
	iters: 200, epoch: 6 | loss: 0.5054181
	speed: 0.0107s/iter; left time: 50.4791s
	iters: 300, epoch: 6 | loss: 0.6007136
	speed: 0.0110s/iter; left time: 50.8612s
	iters: 400, epoch: 6 | loss: 0.6124806
	speed: 0.0112s/iter; left time: 50.8219s
	iters: 500, epoch: 6 | loss: 0.5875844
	speed: 0.0117s/iter; left time: 51.6423s
	iters: 600, epoch: 6 | loss: 0.5373144
	speed: 0.0111s/iter; left time: 47.8185s
	iters: 700, epoch: 6 | loss: 0.5047011
	speed: 0.0107s/iter; left time: 45.3725s
	iters: 800, epoch: 6 | loss: 0.7233774
	speed: 0.0100s/iter; left time: 41.0410s
	iters: 900, epoch: 6 | loss: 0.5990889
	speed: 0.0099s/iter; left time: 39.8558s
Epoch: 6 cost time: 11.177958488464355
Epoch: 6, Steps: 984 | Train Loss: 0.6321179 Vali Loss: 1.6253154 Test Loss: 0.5032704
Validation loss decreased (1.625455 --> 1.625315).  Saving model ...
Updating learning rate to 3.125e-05
	iters: 100, epoch: 7 | loss: 0.8961306
	speed: 0.0638s/iter; left time: 244.6405s
	iters: 200, epoch: 7 | loss: 0.5078322
	speed: 0.0113s/iter; left time: 42.0504s
	iters: 300, epoch: 7 | loss: 0.5082854
	speed: 0.0112s/iter; left time: 40.5879s
	iters: 400, epoch: 7 | loss: 0.5143905
	speed: 0.0114s/iter; left time: 40.1827s
	iters: 500, epoch: 7 | loss: 0.5138166
	speed: 0.0104s/iter; left time: 35.6469s
	iters: 600, epoch: 7 | loss: 0.5214795
	speed: 0.0105s/iter; left time: 35.1510s
	iters: 700, epoch: 7 | loss: 0.6491899
	speed: 0.0097s/iter; left time: 31.3614s
	iters: 800, epoch: 7 | loss: 0.5572894
	speed: 0.0098s/iter; left time: 30.7338s
	iters: 900, epoch: 7 | loss: 0.6256409
	speed: 0.0110s/iter; left time: 33.4606s
Epoch: 7 cost time: 11.25907588005066
Epoch: 7, Steps: 984 | Train Loss: 0.6319518 Vali Loss: 1.6251121 Test Loss: 0.5031307
Validation loss decreased (1.625315 --> 1.625112).  Saving model ...
Updating learning rate to 1.5625e-05
	iters: 100, epoch: 8 | loss: 0.6062893
	speed: 0.0635s/iter; left time: 181.0240s
	iters: 200, epoch: 8 | loss: 0.7510944
	speed: 0.0102s/iter; left time: 28.2049s
	iters: 300, epoch: 8 | loss: 0.7539385
	speed: 0.0108s/iter; left time: 28.7828s
	iters: 400, epoch: 8 | loss: 0.7203295
	speed: 0.0113s/iter; left time: 28.8560s
	iters: 500, epoch: 8 | loss: 0.5326312
	speed: 0.0118s/iter; left time: 28.9230s
	iters: 600, epoch: 8 | loss: 0.7353830
	speed: 0.0117s/iter; left time: 27.5556s
	iters: 700, epoch: 8 | loss: 0.6369352
	speed: 0.0121s/iter; left time: 27.3303s
	iters: 800, epoch: 8 | loss: 0.5485299
	speed: 0.0109s/iter; left time: 23.5708s
	iters: 900, epoch: 8 | loss: 0.6277953
	speed: 0.0107s/iter; left time: 21.9156s
Epoch: 8 cost time: 11.615668535232544
Epoch: 8, Steps: 984 | Train Loss: 0.6315902 Vali Loss: 1.6253345 Test Loss: 0.5030658
EarlyStopping counter: 1 out of 3
Updating learning rate to 7.8125e-06
	iters: 100, epoch: 9 | loss: 0.6715764
	speed: 0.0637s/iter; left time: 119.1283s
	iters: 200, epoch: 9 | loss: 0.7409987
	speed: 0.0116s/iter; left time: 20.4872s
	iters: 300, epoch: 9 | loss: 0.6072133
	speed: 0.0117s/iter; left time: 19.4776s
	iters: 400, epoch: 9 | loss: 0.6773409
	speed: 0.0116s/iter; left time: 18.1735s
	iters: 500, epoch: 9 | loss: 0.6904898
	speed: 0.0106s/iter; left time: 15.5912s
	iters: 600, epoch: 9 | loss: 0.8075262
	speed: 0.0107s/iter; left time: 14.6775s
	iters: 700, epoch: 9 | loss: 0.8139358
	speed: 0.0104s/iter; left time: 13.1995s
	iters: 800, epoch: 9 | loss: 0.6005424
	speed: 0.0108s/iter; left time: 12.6798s
	iters: 900, epoch: 9 | loss: 0.7194539
	speed: 0.0108s/iter; left time: 11.4991s
Epoch: 9 cost time: 11.547573804855347
Epoch: 9, Steps: 984 | Train Loss: 0.6317612 Vali Loss: 1.6252239 Test Loss: 0.5030784
EarlyStopping counter: 2 out of 3
Updating learning rate to 3.90625e-06
	iters: 100, epoch: 10 | loss: 0.6960537
	speed: 0.0673s/iter; left time: 59.5797s
	iters: 200, epoch: 10 | loss: 0.7274207
	speed: 0.0108s/iter; left time: 8.4757s
	iters: 300, epoch: 10 | loss: 0.6289168
	speed: 0.0112s/iter; left time: 7.6444s
	iters: 400, epoch: 10 | loss: 0.5928868
	speed: 0.0113s/iter; left time: 6.6324s
	iters: 500, epoch: 10 | loss: 0.6541105
	speed: 0.0118s/iter; left time: 5.7086s
	iters: 600, epoch: 10 | loss: 0.7036000
	speed: 0.0114s/iter; left time: 4.3907s
	iters: 700, epoch: 10 | loss: 0.6904751
	speed: 0.0114s/iter; left time: 3.2449s
	iters: 800, epoch: 10 | loss: 0.6991532
	speed: 0.0109s/iter; left time: 2.0223s
	iters: 900, epoch: 10 | loss: 0.7403253
	speed: 0.0108s/iter; left time: 0.9158s
Epoch: 10 cost time: 11.774986267089844
Epoch: 10, Steps: 984 | Train Loss: 0.6314821 Vali Loss: 1.6253344 Test Loss: 0.5030614
EarlyStopping counter: 3 out of 3
Early stopping
>>>>>>>testing : ETTh1_48_720_RLinear_ETTh1_ftM_sl48_ll48_pl720_dm512_nh8_el2_dl1_df2048_fc1_ebtimeF_dtTrue_Exp_0<<<<<<<<<<<<<<<<<<<<<<<<<<<<<<<<<
test 2161
mse:0.5026043653488159, mae:0.4748639166355133
