Args in experiment:
Namespace(activation='gelu', batch_size=8, c_out=7, checkpoints='/spo/NewbornTime/tahir098/SVF/data/Extra/checkpoints/', d_ff=2048, d_layers=1, d_model=512, data='ETTh1', data_path='ETTh1.csv', dec_in=7, des='Exp', devices='0,1,2,3', distil=True, do_predict=False, dropout=0.05, e_layers=2, embed='timeF', embed_type=0, enc_in=7, factor=1, features='M', freq='h', gpu=0, individual=False, is_training=1, itr=1, label_len=48, learning_rate=0.001, loss='mse', lradj='type1', model='RLinear', model_id='ETTh1_72_720', moving_avg=25, n_heads=8, num_workers=10, output_attention=False, patience=3, pred_len=720, root_path='./dataset/', seq_len=72, target='OT', test_flop=False, train_epochs=10, train_only=False, use_amp=False, use_gpu=True, use_multi_gpu=False)
Use GPU: cuda:0
>>>>>>>start training : ETTh1_72_720_RLinear_ETTh1_ftM_sl72_ll48_pl720_dm512_nh8_el2_dl1_df2048_fc1_ebtimeF_dtTrue_Exp_0>>>>>>>>>>>>>>>>>>>>>>>>>>
train 7849
val 2161
test 2161
	iters: 100, epoch: 1 | loss: 0.7069235
	speed: 0.0167s/iter; left time: 162.1871s
	iters: 200, epoch: 1 | loss: 0.5175174
	speed: 0.0115s/iter; left time: 110.2749s
	iters: 300, epoch: 1 | loss: 0.6827170
	speed: 0.0117s/iter; left time: 110.9768s
	iters: 400, epoch: 1 | loss: 0.6903942
	speed: 0.0118s/iter; left time: 111.0641s
	iters: 500, epoch: 1 | loss: 0.5135908
	speed: 0.0109s/iter; left time: 101.6161s
	iters: 600, epoch: 1 | loss: 0.6665979
	speed: 0.0108s/iter; left time: 99.2487s
	iters: 700, epoch: 1 | loss: 0.5360025
	speed: 0.0104s/iter; left time: 94.6724s
	iters: 800, epoch: 1 | loss: 0.6135390
	speed: 0.0100s/iter; left time: 89.8980s
	iters: 900, epoch: 1 | loss: 0.8017295
	speed: 0.0109s/iter; left time: 97.4237s
Epoch: 1 cost time: 11.388439893722534
Epoch: 1, Steps: 981 | Train Loss: 0.6509126 Vali Loss: 1.6037874 Test Loss: 0.4987194
Validation loss decreased (inf --> 1.603787).  Saving model ...
Updating learning rate to 0.001
	iters: 100, epoch: 2 | loss: 0.6744073
	speed: 0.0675s/iter; left time: 588.9121s
	iters: 200, epoch: 2 | loss: 0.6012133
	speed: 0.0103s/iter; left time: 89.0849s
	iters: 300, epoch: 2 | loss: 0.6427523
	speed: 0.0100s/iter; left time: 85.3789s
	iters: 400, epoch: 2 | loss: 0.6936462
	speed: 0.0108s/iter; left time: 91.0707s
	iters: 500, epoch: 2 | loss: 0.6780690
	speed: 0.0109s/iter; left time: 91.2079s
	iters: 600, epoch: 2 | loss: 0.6921295
	speed: 0.0105s/iter; left time: 86.2059s
	iters: 700, epoch: 2 | loss: 0.5815346
	speed: 0.0110s/iter; left time: 89.2817s
	iters: 800, epoch: 2 | loss: 0.5900798
	speed: 0.0110s/iter; left time: 88.2087s
	iters: 900, epoch: 2 | loss: 0.5272194
	speed: 0.0103s/iter; left time: 81.7406s
Epoch: 2 cost time: 11.233807802200317
Epoch: 2, Steps: 981 | Train Loss: 0.6229199 Vali Loss: 1.5974308 Test Loss: 0.4927975
Validation loss decreased (1.603787 --> 1.597431).  Saving model ...
Updating learning rate to 0.0005
	iters: 100, epoch: 3 | loss: 0.6335645
	speed: 0.0662s/iter; left time: 513.2537s
	iters: 200, epoch: 3 | loss: 0.5691730
	speed: 0.0115s/iter; left time: 87.9927s
	iters: 300, epoch: 3 | loss: 0.6391378
	speed: 0.0118s/iter; left time: 89.0936s
	iters: 400, epoch: 3 | loss: 0.7627137
	speed: 0.0116s/iter; left time: 86.4207s
	iters: 500, epoch: 3 | loss: 0.5184552
	speed: 0.0105s/iter; left time: 77.1047s
	iters: 600, epoch: 3 | loss: 0.5366305
	speed: 0.0103s/iter; left time: 74.7088s
	iters: 700, epoch: 3 | loss: 0.4841958
	speed: 0.0107s/iter; left time: 76.3297s
	iters: 800, epoch: 3 | loss: 0.6807681
	speed: 0.0113s/iter; left time: 79.5463s
	iters: 900, epoch: 3 | loss: 0.5420137
	speed: 0.0113s/iter; left time: 78.5162s
Epoch: 3 cost time: 11.625641584396362
Epoch: 3, Steps: 981 | Train Loss: 0.6162116 Vali Loss: 1.5966989 Test Loss: 0.4964179
Validation loss decreased (1.597431 --> 1.596699).  Saving model ...
Updating learning rate to 0.00025
	iters: 100, epoch: 4 | loss: 0.4132439
	speed: 0.0663s/iter; left time: 448.4382s
	iters: 200, epoch: 4 | loss: 0.4711750
	speed: 0.0114s/iter; left time: 75.9967s
	iters: 300, epoch: 4 | loss: 0.4352043
	speed: 0.0106s/iter; left time: 69.8798s
	iters: 400, epoch: 4 | loss: 0.6696839
	speed: 0.0097s/iter; left time: 62.6149s
	iters: 500, epoch: 4 | loss: 0.5824140
	speed: 0.0094s/iter; left time: 59.7393s
	iters: 600, epoch: 4 | loss: 0.4605505
	speed: 0.0092s/iter; left time: 57.7236s
	iters: 700, epoch: 4 | loss: 0.4877171
	speed: 0.0107s/iter; left time: 65.9712s
	iters: 800, epoch: 4 | loss: 0.5492409
	speed: 0.0106s/iter; left time: 64.2823s
	iters: 900, epoch: 4 | loss: 0.6374353
	speed: 0.0108s/iter; left time: 64.7106s
Epoch: 4 cost time: 10.874022483825684
Epoch: 4, Steps: 981 | Train Loss: 0.6132956 Vali Loss: 1.5884001 Test Loss: 0.4882956
Validation loss decreased (1.596699 --> 1.588400).  Saving model ...
Updating learning rate to 0.000125
	iters: 100, epoch: 5 | loss: 0.4557856
	speed: 0.0651s/iter; left time: 376.7589s
	iters: 200, epoch: 5 | loss: 0.3882538
	speed: 0.0104s/iter; left time: 59.1250s
	iters: 300, epoch: 5 | loss: 0.5161900
	speed: 0.0096s/iter; left time: 53.3807s
	iters: 400, epoch: 5 | loss: 0.7213579
	speed: 0.0093s/iter; left time: 50.8822s
	iters: 500, epoch: 5 | loss: 0.7038808
	speed: 0.0101s/iter; left time: 54.4614s
	iters: 600, epoch: 5 | loss: 0.5482883
	speed: 0.0100s/iter; left time: 52.6803s
	iters: 700, epoch: 5 | loss: 0.5178334
	speed: 0.0105s/iter; left time: 54.3006s
	iters: 800, epoch: 5 | loss: 0.5088333
	speed: 0.0103s/iter; left time: 52.3478s
	iters: 900, epoch: 5 | loss: 0.6959732
	speed: 0.0111s/iter; left time: 55.2919s
Epoch: 5 cost time: 10.714093208312988
Epoch: 5, Steps: 981 | Train Loss: 0.6118444 Vali Loss: 1.5903838 Test Loss: 0.4897775
EarlyStopping counter: 1 out of 3
Updating learning rate to 6.25e-05
	iters: 100, epoch: 6 | loss: 0.6665691
	speed: 0.0634s/iter; left time: 304.4947s
	iters: 200, epoch: 6 | loss: 0.5054938
	speed: 0.0101s/iter; left time: 47.5426s
	iters: 300, epoch: 6 | loss: 0.8244656
	speed: 0.0098s/iter; left time: 45.3587s
	iters: 400, epoch: 6 | loss: 0.5754561
	speed: 0.0108s/iter; left time: 48.5594s
	iters: 500, epoch: 6 | loss: 0.5975934
	speed: 0.0113s/iter; left time: 49.8592s
	iters: 600, epoch: 6 | loss: 0.5713482
	speed: 0.0105s/iter; left time: 45.3415s
	iters: 700, epoch: 6 | loss: 0.7934310
	speed: 0.0105s/iter; left time: 44.0237s
	iters: 800, epoch: 6 | loss: 0.5057529
	speed: 0.0109s/iter; left time: 44.7866s
	iters: 900, epoch: 6 | loss: 0.7075281
	speed: 0.0105s/iter; left time: 41.9965s
Epoch: 6 cost time: 11.101646423339844
Epoch: 6, Steps: 981 | Train Loss: 0.6110749 Vali Loss: 1.5896997 Test Loss: 0.4888285
EarlyStopping counter: 2 out of 3
Updating learning rate to 3.125e-05
	iters: 100, epoch: 7 | loss: 0.5956355
	speed: 0.0669s/iter; left time: 255.8599s
	iters: 200, epoch: 7 | loss: 0.5933501
	speed: 0.0101s/iter; left time: 37.7991s
	iters: 300, epoch: 7 | loss: 0.6178578
	speed: 0.0101s/iter; left time: 36.7500s
	iters: 400, epoch: 7 | loss: 0.4985764
	speed: 0.0100s/iter; left time: 35.4218s
	iters: 500, epoch: 7 | loss: 0.5421861
	speed: 0.0103s/iter; left time: 35.1127s
	iters: 600, epoch: 7 | loss: 0.6927646
	speed: 0.0110s/iter; left time: 36.4529s
	iters: 700, epoch: 7 | loss: 0.7085509
	speed: 0.0108s/iter; left time: 34.6910s
	iters: 800, epoch: 7 | loss: 0.4817413
	speed: 0.0113s/iter; left time: 35.2134s
	iters: 900, epoch: 7 | loss: 0.4956255
	speed: 0.0113s/iter; left time: 34.0425s
Epoch: 7 cost time: 11.120975017547607
Epoch: 7, Steps: 981 | Train Loss: 0.6106799 Vali Loss: 1.5895699 Test Loss: 0.4885604
EarlyStopping counter: 3 out of 3
Early stopping
>>>>>>>testing : ETTh1_72_720_RLinear_ETTh1_ftM_sl72_ll48_pl720_dm512_nh8_el2_dl1_df2048_fc1_ebtimeF_dtTrue_Exp_0<<<<<<<<<<<<<<<<<<<<<<<<<<<<<<<<<
test 2161
mse:0.48755931854248047, mae:0.46827971935272217
