Args in experiment:
Namespace(activation='gelu', batch_size=8, c_out=7, checkpoints='/spo/NewbornTime/tahir098/SVF/data/Extra/checkpoints/', d_ff=2048, d_layers=1, d_model=512, data='ETTh1', data_path='ETTh1.csv', dec_in=7, des='Exp', devices='0,1,2,3', distil=True, do_predict=False, dropout=0.05, e_layers=2, embed='timeF', embed_type=0, enc_in=7, factor=1, features='M', freq='h', gpu=0, individual=False, is_training=1, itr=1, label_len=48, learning_rate=0.001, loss='mse', lradj='type1', model='RLinear', model_id='ETTh1_672_720', moving_avg=25, n_heads=8, num_workers=10, output_attention=False, patience=3, pred_len=720, root_path='./dataset/', seq_len=672, target='OT', test_flop=False, train_epochs=10, train_only=False, use_amp=False, use_gpu=True, use_multi_gpu=False)
Use GPU: cuda:0
>>>>>>>start training : ETTh1_672_720_RLinear_ETTh1_ftM_sl672_ll48_pl720_dm512_nh8_el2_dl1_df2048_fc1_ebtimeF_dtTrue_Exp_0>>>>>>>>>>>>>>>>>>>>>>>>>>
train 7249
val 2161
test 2161
	iters: 100, epoch: 1 | loss: 0.5235193
	speed: 0.0158s/iter; left time: 141.7444s
	iters: 200, epoch: 1 | loss: 0.5096012
	speed: 0.0115s/iter; left time: 102.1435s
	iters: 300, epoch: 1 | loss: 0.5682093
	speed: 0.0108s/iter; left time: 94.5417s
	iters: 400, epoch: 1 | loss: 0.4744764
	speed: 0.0107s/iter; left time: 92.7819s
	iters: 500, epoch: 1 | loss: 0.4932654
	speed: 0.0107s/iter; left time: 91.5865s
	iters: 600, epoch: 1 | loss: 0.6012011
	speed: 0.0101s/iter; left time: 85.1751s
	iters: 700, epoch: 1 | loss: 0.6855708
	speed: 0.0097s/iter; left time: 81.0871s
	iters: 800, epoch: 1 | loss: 0.6931340
	speed: 0.0092s/iter; left time: 75.6462s
	iters: 900, epoch: 1 | loss: 0.5454362
	speed: 0.0104s/iter; left time: 85.0289s
Epoch: 1 cost time: 10.056537866592407
Epoch: 1, Steps: 906 | Train Loss: 0.6132161 Vali Loss: 1.6592276 Test Loss: 0.5643342
Validation loss decreased (inf --> 1.659228).  Saving model ...
Updating learning rate to 0.001
	iters: 100, epoch: 2 | loss: 0.6192867
	speed: 0.0553s/iter; left time: 445.6032s
	iters: 200, epoch: 2 | loss: 0.5952039
	speed: 0.0104s/iter; left time: 83.1021s
	iters: 300, epoch: 2 | loss: 0.5094204
	speed: 0.0112s/iter; left time: 87.6108s
	iters: 400, epoch: 2 | loss: 0.6418281
	speed: 0.0115s/iter; left time: 89.0517s
	iters: 500, epoch: 2 | loss: 0.6596029
	speed: 0.0106s/iter; left time: 81.1020s
	iters: 600, epoch: 2 | loss: 0.6671921
	speed: 0.0103s/iter; left time: 77.5936s
	iters: 700, epoch: 2 | loss: 0.7858446
	speed: 0.0105s/iter; left time: 78.3395s
	iters: 800, epoch: 2 | loss: 0.6195758
	speed: 0.0103s/iter; left time: 75.9832s
	iters: 900, epoch: 2 | loss: 0.6069345
	speed: 0.0112s/iter; left time: 81.4461s
Epoch: 2 cost time: 10.432307243347168
Epoch: 2, Steps: 906 | Train Loss: 0.5877222 Vali Loss: 1.6373436 Test Loss: 0.5814528
Validation loss decreased (1.659228 --> 1.637344).  Saving model ...
Updating learning rate to 0.0005
	iters: 100, epoch: 3 | loss: 0.3929275
	speed: 0.0561s/iter; left time: 400.9949s
	iters: 200, epoch: 3 | loss: 0.4610392
	speed: 0.0101s/iter; left time: 71.5341s
	iters: 300, epoch: 3 | loss: 0.6144506
	speed: 0.0103s/iter; left time: 71.7821s
	iters: 400, epoch: 3 | loss: 0.4210009
	speed: 0.0102s/iter; left time: 69.8353s
	iters: 500, epoch: 3 | loss: 0.5312752
	speed: 0.0103s/iter; left time: 69.7499s
	iters: 600, epoch: 3 | loss: 0.5177833
	speed: 0.0105s/iter; left time: 69.6230s
	iters: 700, epoch: 3 | loss: 0.5186098
	speed: 0.0102s/iter; left time: 66.9803s
	iters: 800, epoch: 3 | loss: 0.5213614
	speed: 0.0101s/iter; left time: 64.9050s
	iters: 900, epoch: 3 | loss: 0.5609698
	speed: 0.0113s/iter; left time: 71.6485s
Epoch: 3 cost time: 10.102102279663086
Epoch: 3, Steps: 906 | Train Loss: 0.5481519 Vali Loss: 1.5986776 Test Loss: 0.5442358
Validation loss decreased (1.637344 --> 1.598678).  Saving model ...
Updating learning rate to 0.00025
	iters: 100, epoch: 4 | loss: 0.3990176
	speed: 0.0539s/iter; left time: 336.2694s
	iters: 200, epoch: 4 | loss: 0.6198470
	speed: 0.0098s/iter; left time: 60.4838s
	iters: 300, epoch: 4 | loss: 0.5060017
	speed: 0.0107s/iter; left time: 64.4734s
	iters: 400, epoch: 4 | loss: 0.6192285
	speed: 0.0107s/iter; left time: 63.6473s
	iters: 500, epoch: 4 | loss: 0.5990181
	speed: 0.0114s/iter; left time: 66.5890s
	iters: 600, epoch: 4 | loss: 0.5065804
	speed: 0.0112s/iter; left time: 64.5721s
	iters: 700, epoch: 4 | loss: 0.4904172
	speed: 0.0112s/iter; left time: 63.4262s
	iters: 800, epoch: 4 | loss: 0.5461383
	speed: 0.0107s/iter; left time: 59.3779s
	iters: 900, epoch: 4 | loss: 0.5520633
	speed: 0.0107s/iter; left time: 58.2718s
Epoch: 4 cost time: 10.446994066238403
Epoch: 4, Steps: 906 | Train Loss: 0.5286912 Vali Loss: 1.5822333 Test Loss: 0.5129582
Validation loss decreased (1.598678 --> 1.582233).  Saving model ...
Updating learning rate to 0.000125
	iters: 100, epoch: 5 | loss: 0.4337969
	speed: 0.0560s/iter; left time: 299.0281s
	iters: 200, epoch: 5 | loss: 0.4132140
	speed: 0.0105s/iter; left time: 55.0544s
	iters: 300, epoch: 5 | loss: 0.4583347
	speed: 0.0105s/iter; left time: 53.9797s
	iters: 400, epoch: 5 | loss: 0.5122595
	speed: 0.0108s/iter; left time: 54.4390s
	iters: 500, epoch: 5 | loss: 0.5566139
	speed: 0.0112s/iter; left time: 55.3355s
	iters: 600, epoch: 5 | loss: 0.4577239
	speed: 0.0113s/iter; left time: 54.6585s
	iters: 700, epoch: 5 | loss: 0.5138916
	speed: 0.0113s/iter; left time: 53.3372s
	iters: 800, epoch: 5 | loss: 0.5671570
	speed: 0.0103s/iter; left time: 47.9793s
	iters: 900, epoch: 5 | loss: 0.5096176
	speed: 0.0108s/iter; left time: 48.9352s
Epoch: 5 cost time: 10.393918752670288
Epoch: 5, Steps: 906 | Train Loss: 0.5180349 Vali Loss: 1.5558883 Test Loss: 0.5073178
Validation loss decreased (1.582233 --> 1.555888).  Saving model ...
Updating learning rate to 6.25e-05
	iters: 100, epoch: 6 | loss: 0.5666050
	speed: 0.0550s/iter; left time: 243.8038s
	iters: 200, epoch: 6 | loss: 0.4153288
	speed: 0.0109s/iter; left time: 47.2675s
	iters: 300, epoch: 6 | loss: 0.5139924
	speed: 0.0101s/iter; left time: 42.9226s
	iters: 400, epoch: 6 | loss: 0.4394249
	speed: 0.0107s/iter; left time: 44.3144s
	iters: 500, epoch: 6 | loss: 0.4238986
	speed: 0.0115s/iter; left time: 46.3989s
	iters: 600, epoch: 6 | loss: 0.4067454
	speed: 0.0114s/iter; left time: 44.7763s
	iters: 700, epoch: 6 | loss: 0.4469441
	speed: 0.0110s/iter; left time: 42.0845s
	iters: 800, epoch: 6 | loss: 0.5094591
	speed: 0.0110s/iter; left time: 40.9075s
	iters: 900, epoch: 6 | loss: 0.4471510
	speed: 0.0116s/iter; left time: 42.0261s
Epoch: 6 cost time: 10.661853790283203
Epoch: 6, Steps: 906 | Train Loss: 0.5123285 Vali Loss: 1.5371538 Test Loss: 0.5038513
Validation loss decreased (1.555888 --> 1.537154).  Saving model ...
Updating learning rate to 3.125e-05
	iters: 100, epoch: 7 | loss: 0.5340747
	speed: 0.0547s/iter; left time: 192.6949s
	iters: 200, epoch: 7 | loss: 0.6879627
	speed: 0.0105s/iter; left time: 36.0009s
	iters: 300, epoch: 7 | loss: 0.5845567
	speed: 0.0105s/iter; left time: 34.9278s
	iters: 400, epoch: 7 | loss: 0.4058223
	speed: 0.0106s/iter; left time: 34.3196s
	iters: 500, epoch: 7 | loss: 0.4047536
	speed: 0.0105s/iter; left time: 32.6937s
	iters: 600, epoch: 7 | loss: 0.5049416
	speed: 0.0081s/iter; left time: 24.6500s
	iters: 700, epoch: 7 | loss: 0.4772549
	speed: 0.0109s/iter; left time: 31.8403s
	iters: 800, epoch: 7 | loss: 0.6078510
	speed: 0.0103s/iter; left time: 29.2366s
	iters: 900, epoch: 7 | loss: 0.5917161
	speed: 0.0111s/iter; left time: 30.3815s
Epoch: 7 cost time: 10.073251247406006
Epoch: 7, Steps: 906 | Train Loss: 0.5097061 Vali Loss: 1.5373248 Test Loss: 0.5038207
EarlyStopping counter: 1 out of 3
Updating learning rate to 1.5625e-05
	iters: 100, epoch: 8 | loss: 0.4485024
	speed: 0.0551s/iter; left time: 144.2605s
	iters: 200, epoch: 8 | loss: 0.3675849
	speed: 0.0082s/iter; left time: 20.5353s
	iters: 300, epoch: 8 | loss: 0.4884377
	speed: 0.0106s/iter; left time: 25.7403s
	iters: 400, epoch: 8 | loss: 0.5839991
	speed: 0.0105s/iter; left time: 24.3750s
	iters: 500, epoch: 8 | loss: 0.5612207
	speed: 0.0102s/iter; left time: 22.7039s
	iters: 600, epoch: 8 | loss: 0.5723234
	speed: 0.0102s/iter; left time: 21.6873s
	iters: 700, epoch: 8 | loss: 0.4321241
	speed: 0.0100s/iter; left time: 20.2821s
	iters: 800, epoch: 8 | loss: 0.5080942
	speed: 0.0109s/iter; left time: 20.9808s
	iters: 900, epoch: 8 | loss: 0.5485712
	speed: 0.0115s/iter; left time: 20.8566s
Epoch: 8 cost time: 10.094593524932861
Epoch: 8, Steps: 906 | Train Loss: 0.5077835 Vali Loss: 1.5315117 Test Loss: 0.5025002
Validation loss decreased (1.537154 --> 1.531512).  Saving model ...
Updating learning rate to 7.8125e-06
	iters: 100, epoch: 9 | loss: 0.5522569
	speed: 0.0539s/iter; left time: 92.3608s
	iters: 200, epoch: 9 | loss: 0.4078186
	speed: 0.0114s/iter; left time: 18.4250s
	iters: 300, epoch: 9 | loss: 0.4835521
	speed: 0.0105s/iter; left time: 15.9256s
	iters: 400, epoch: 9 | loss: 0.4598767
	speed: 0.0097s/iter; left time: 13.7473s
	iters: 500, epoch: 9 | loss: 0.4854428
	speed: 0.0099s/iter; left time: 12.9669s
	iters: 600, epoch: 9 | loss: 0.4883589
	speed: 0.0102s/iter; left time: 12.4088s
	iters: 700, epoch: 9 | loss: 0.4707347
	speed: 0.0106s/iter; left time: 11.7559s
	iters: 800, epoch: 9 | loss: 0.5674694
	speed: 0.0106s/iter; left time: 10.7583s
	iters: 900, epoch: 9 | loss: 0.5828450
	speed: 0.0105s/iter; left time: 9.5535s
Epoch: 9 cost time: 10.236144065856934
Epoch: 9, Steps: 906 | Train Loss: 0.5069260 Vali Loss: 1.5319425 Test Loss: 0.5023406
EarlyStopping counter: 1 out of 3
Updating learning rate to 3.90625e-06
	iters: 100, epoch: 10 | loss: 0.5561398
	speed: 0.0539s/iter; left time: 43.4667s
	iters: 200, epoch: 10 | loss: 0.4741153
	speed: 0.0098s/iter; left time: 6.9488s
	iters: 300, epoch: 10 | loss: 0.4694166
	speed: 0.0104s/iter; left time: 6.3175s
	iters: 400, epoch: 10 | loss: 0.5627145
	speed: 0.0097s/iter; left time: 4.9070s
	iters: 500, epoch: 10 | loss: 0.5197554
	speed: 0.0095s/iter; left time: 3.8627s
	iters: 600, epoch: 10 | loss: 0.5335550
	speed: 0.0103s/iter; left time: 3.1603s
	iters: 700, epoch: 10 | loss: 0.5213570
	speed: 0.0107s/iter; left time: 2.2236s
	iters: 800, epoch: 10 | loss: 0.5429640
	speed: 0.0104s/iter; left time: 1.1168s
	iters: 900, epoch: 10 | loss: 0.5026371
	speed: 0.0103s/iter; left time: 0.0722s
Epoch: 10 cost time: 9.848835945129395
Epoch: 10, Steps: 906 | Train Loss: 0.5066052 Vali Loss: 1.5315121 Test Loss: 0.5023788
EarlyStopping counter: 2 out of 3
Updating learning rate to 1.953125e-06
>>>>>>>testing : ETTh1_672_720_RLinear_ETTh1_ftM_sl672_ll48_pl720_dm512_nh8_el2_dl1_df2048_fc1_ebtimeF_dtTrue_Exp_0<<<<<<<<<<<<<<<<<<<<<<<<<<<<<<<<<
test 2161
mse:0.5020857453346252, mae:0.4957562983036041
