Args in experiment:
Namespace(activation='gelu', batch_size=16, c_out=7, checkpoints='/spo/NewbornTime/tahir098/SVF/data/Extra/checkpoints/', d_ff=2048, d_layers=1, d_model=512, data='custom', data_path='traffic.csv', dec_in=7, des='Exp', devices='0,1,2,3', distil=True, do_predict=False, dropout=0.05, e_layers=2, embed='timeF', embed_type=0, enc_in=862, factor=1, features='M', freq='h', gpu=0, individual=False, is_training=1, itr=1, label_len=48, learning_rate=0.05, loss='mse', lradj='type1', model='GLinear', model_id='traffic_336_12', moving_avg=25, n_heads=8, num_workers=10, output_attention=False, patience=3, pred_len=12, root_path='./dataset/', seq_len=336, target='OT', test_flop=False, train_epochs=10, train_only=False, use_amp=False, use_gpu=True, use_multi_gpu=False)
Use GPU: cuda:0
>>>>>>>start training : traffic_336_12_GLinear_custom_ftM_sl336_ll48_pl12_dm512_nh8_el2_dl1_df2048_fc1_ebtimeF_dtTrue_Exp_0>>>>>>>>>>>>>>>>>>>>>>>>>>
train 11933
val 1745
test 3497
	iters: 100, epoch: 1 | loss: 0.6056107
	speed: 0.0307s/iter; left time: 225.8108s
	iters: 200, epoch: 1 | loss: 0.4425938
	speed: 0.0219s/iter; left time: 158.5303s
	iters: 300, epoch: 1 | loss: 0.4488952
	speed: 0.0222s/iter; left time: 158.4112s
	iters: 400, epoch: 1 | loss: 0.2437026
	speed: 0.0233s/iter; left time: 164.1677s
	iters: 500, epoch: 1 | loss: 0.3129882
	speed: 0.0224s/iter; left time: 155.4311s
	iters: 600, epoch: 1 | loss: 0.2301129
	speed: 0.0226s/iter; left time: 154.8995s
	iters: 700, epoch: 1 | loss: 0.2037069
	speed: 0.0242s/iter; left time: 163.1243s
Epoch: 1 cost time: 17.761073112487793
Epoch: 1, Steps: 745 | Train Loss: 6.7861455 Vali Loss: 0.3455074 Test Loss: 0.3942828
Validation loss decreased (inf --> 0.345507).  Saving model ...
Updating learning rate to 0.05
	iters: 100, epoch: 2 | loss: 0.3027809
	speed: 0.1347s/iter; left time: 889.8580s
	iters: 200, epoch: 2 | loss: 0.2814347
	speed: 0.0219s/iter; left time: 142.5610s
	iters: 300, epoch: 2 | loss: 0.2202222
	speed: 0.0236s/iter; left time: 150.8782s
	iters: 400, epoch: 2 | loss: 0.2600555
	speed: 0.0232s/iter; left time: 146.0591s
	iters: 500, epoch: 2 | loss: 0.2243726
	speed: 0.0225s/iter; left time: 139.5526s
	iters: 600, epoch: 2 | loss: 0.1872528
	speed: 0.0226s/iter; left time: 137.9677s
	iters: 700, epoch: 2 | loss: 0.2499841
	speed: 0.0223s/iter; left time: 134.0359s
Epoch: 2 cost time: 17.628002643585205
Epoch: 2, Steps: 745 | Train Loss: 0.2285320 Vali Loss: 0.3204649 Test Loss: 0.3641956
Validation loss decreased (0.345507 --> 0.320465).  Saving model ...
Updating learning rate to 0.025
	iters: 100, epoch: 3 | loss: 0.1919158
	speed: 0.1363s/iter; left time: 798.6400s
	iters: 200, epoch: 3 | loss: 0.1680261
	speed: 0.0223s/iter; left time: 128.4344s
	iters: 300, epoch: 3 | loss: 0.1854231
	speed: 0.0221s/iter; left time: 124.8352s
	iters: 400, epoch: 3 | loss: 0.2303851
	speed: 0.0217s/iter; left time: 120.8023s
	iters: 500, epoch: 3 | loss: 0.2128892
	speed: 0.0222s/iter; left time: 121.3588s
	iters: 600, epoch: 3 | loss: 0.2171329
	speed: 0.0235s/iter; left time: 125.8843s
	iters: 700, epoch: 3 | loss: 0.3049557
	speed: 0.0221s/iter; left time: 116.2111s
Epoch: 3 cost time: 17.598353147506714
Epoch: 3, Steps: 745 | Train Loss: 0.2122620 Vali Loss: 0.3128900 Test Loss: 0.3511693
Validation loss decreased (0.320465 --> 0.312890).  Saving model ...
Updating learning rate to 0.0125
	iters: 100, epoch: 4 | loss: 0.2017173
	speed: 0.1452s/iter; left time: 742.9904s
	iters: 200, epoch: 4 | loss: 0.1816648
	speed: 0.0222s/iter; left time: 111.3598s
	iters: 300, epoch: 4 | loss: 0.2155888
	speed: 0.0248s/iter; left time: 122.0677s
	iters: 400, epoch: 4 | loss: 0.1642985
	speed: 0.0216s/iter; left time: 103.8060s
	iters: 500, epoch: 4 | loss: 0.2883016
	speed: 0.0225s/iter; left time: 106.0520s
	iters: 600, epoch: 4 | loss: 0.2615518
	speed: 0.0235s/iter; left time: 108.2645s
	iters: 700, epoch: 4 | loss: 0.1978606
	speed: 0.0223s/iter; left time: 100.4847s
Epoch: 4 cost time: 18.10347580909729
Epoch: 4, Steps: 745 | Train Loss: 0.2057061 Vali Loss: 0.3047031 Test Loss: 0.3400476
Validation loss decreased (0.312890 --> 0.304703).  Saving model ...
Updating learning rate to 0.00625
	iters: 100, epoch: 5 | loss: 0.1345584
	speed: 0.1419s/iter; left time: 620.2640s
	iters: 200, epoch: 5 | loss: 0.1883486
	speed: 0.0239s/iter; left time: 102.2269s
	iters: 300, epoch: 5 | loss: 0.1676724
	speed: 0.0279s/iter; left time: 116.2595s
	iters: 400, epoch: 5 | loss: 0.1752126
	speed: 0.0257s/iter; left time: 104.6350s
	iters: 500, epoch: 5 | loss: 0.1623167
	speed: 0.0250s/iter; left time: 99.2597s
	iters: 600, epoch: 5 | loss: 0.1970741
	speed: 0.0253s/iter; left time: 97.8284s
	iters: 700, epoch: 5 | loss: 0.1668177
	speed: 0.0223s/iter; left time: 84.2647s
Epoch: 5 cost time: 19.424161195755005
Epoch: 5, Steps: 745 | Train Loss: 0.2022753 Vali Loss: 0.3032612 Test Loss: 0.3376457
Validation loss decreased (0.304703 --> 0.303261).  Saving model ...
Updating learning rate to 0.003125
	iters: 100, epoch: 6 | loss: 0.3158598
	speed: 0.1332s/iter; left time: 482.8888s
	iters: 200, epoch: 6 | loss: 0.2135057
	speed: 0.0243s/iter; left time: 85.6216s
	iters: 300, epoch: 6 | loss: 0.1400719
	speed: 0.0250s/iter; left time: 85.7783s
	iters: 400, epoch: 6 | loss: 0.2074545
	speed: 0.0262s/iter; left time: 87.1743s
	iters: 500, epoch: 6 | loss: 0.2326385
	speed: 0.0247s/iter; left time: 79.6112s
	iters: 600, epoch: 6 | loss: 0.2291277
	speed: 0.0253s/iter; left time: 79.0691s
	iters: 700, epoch: 6 | loss: 0.2267002
	speed: 0.0261s/iter; left time: 79.0425s
Epoch: 6 cost time: 19.429736614227295
Epoch: 6, Steps: 745 | Train Loss: 0.2000540 Vali Loss: 0.2996577 Test Loss: 0.3327073
Validation loss decreased (0.303261 --> 0.299658).  Saving model ...
Updating learning rate to 0.0015625
	iters: 100, epoch: 7 | loss: 0.1502809
	speed: 0.1351s/iter; left time: 389.1240s
	iters: 200, epoch: 7 | loss: 0.2140124
	speed: 0.0212s/iter; left time: 59.0904s
	iters: 300, epoch: 7 | loss: 0.1724716
	speed: 0.0224s/iter; left time: 60.1486s
	iters: 400, epoch: 7 | loss: 0.2560253
	speed: 0.0229s/iter; left time: 59.0369s
	iters: 500, epoch: 7 | loss: 0.1969701
	speed: 0.0241s/iter; left time: 59.6770s
	iters: 600, epoch: 7 | loss: 0.1724201
	speed: 0.0246s/iter; left time: 58.5768s
	iters: 700, epoch: 7 | loss: 0.1664801
	speed: 0.0255s/iter; left time: 58.2253s
Epoch: 7 cost time: 18.443032264709473
Epoch: 7, Steps: 745 | Train Loss: 0.1983798 Vali Loss: 0.2980574 Test Loss: 0.3306393
Validation loss decreased (0.299658 --> 0.298057).  Saving model ...
Updating learning rate to 0.00078125
	iters: 100, epoch: 8 | loss: 0.1419272
	speed: 0.1390s/iter; left time: 296.9396s
	iters: 200, epoch: 8 | loss: 0.2087500
	speed: 0.0240s/iter; left time: 48.8810s
	iters: 300, epoch: 8 | loss: 0.2153509
	speed: 0.0224s/iter; left time: 43.2855s
	iters: 400, epoch: 8 | loss: 0.1794737
	speed: 0.0234s/iter; left time: 42.8852s
	iters: 500, epoch: 8 | loss: 0.2168203
	speed: 0.0254s/iter; left time: 44.1690s
	iters: 600, epoch: 8 | loss: 0.2068712
	speed: 0.0262s/iter; left time: 42.7861s
	iters: 700, epoch: 8 | loss: 0.1960534
	speed: 0.0260s/iter; left time: 39.9138s
Epoch: 8 cost time: 19.211713552474976
Epoch: 8, Steps: 745 | Train Loss: 0.1975345 Vali Loss: 0.2961997 Test Loss: 0.3285083
Validation loss decreased (0.298057 --> 0.296200).  Saving model ...
Updating learning rate to 0.000390625
	iters: 100, epoch: 9 | loss: 0.1656810
	speed: 0.1332s/iter; left time: 185.3066s
	iters: 200, epoch: 9 | loss: 0.1629532
	speed: 0.0228s/iter; left time: 29.4579s
	iters: 300, epoch: 9 | loss: 0.1744734
	speed: 0.0242s/iter; left time: 28.7963s
	iters: 400, epoch: 9 | loss: 0.1577809
	speed: 0.0238s/iter; left time: 25.9513s
	iters: 500, epoch: 9 | loss: 0.2004406
	speed: 0.0248s/iter; left time: 24.5947s
	iters: 600, epoch: 9 | loss: 0.1971103
	speed: 0.0258s/iter; left time: 22.9785s
	iters: 700, epoch: 9 | loss: 0.1782798
	speed: 0.0256s/iter; left time: 20.2799s
Epoch: 9 cost time: 18.923156261444092
Epoch: 9, Steps: 745 | Train Loss: 0.1965237 Vali Loss: 0.2969318 Test Loss: 0.3281470
EarlyStopping counter: 1 out of 3
Updating learning rate to 0.0001953125
	iters: 100, epoch: 10 | loss: 0.2009211
	speed: 0.1364s/iter; left time: 88.1430s
	iters: 200, epoch: 10 | loss: 0.2285810
	speed: 0.0212s/iter; left time: 11.6013s
	iters: 300, epoch: 10 | loss: 0.1791187
	speed: 0.0228s/iter; left time: 10.1767s
	iters: 400, epoch: 10 | loss: 0.1878438
	speed: 0.0243s/iter; left time: 8.3907s
	iters: 500, epoch: 10 | loss: 0.2071066
	speed: 0.0279s/iter; left time: 6.8686s
	iters: 600, epoch: 10 | loss: 0.2173548
	speed: 0.0249s/iter; left time: 3.6377s
	iters: 700, epoch: 10 | loss: 0.2447365
	speed: 0.0226s/iter; left time: 1.0392s
Epoch: 10 cost time: 18.56182861328125
Epoch: 10, Steps: 745 | Train Loss: 0.1960030 Vali Loss: 0.2970185 Test Loss: 0.3285205
EarlyStopping counter: 2 out of 3
Updating learning rate to 9.765625e-05
>>>>>>>testing : traffic_336_12_GLinear_custom_ftM_sl336_ll48_pl12_dm512_nh8_el2_dl1_df2048_fc1_ebtimeF_dtTrue_Exp_0<<<<<<<<<<<<<<<<<<<<<<<<<<<<<<<<<
test 3497
mse:0.3286891579627991, mae:0.2478812336921692
