Args in experiment:
Namespace(activation='gelu', batch_size=16, c_out=7, checkpoints='/spo/NewbornTime/tahir098/SVF/data/Extra/checkpoints/', d_ff=2048, d_layers=1, d_model=512, data='custom', data_path='electricity.csv', dec_in=7, des='Exp', devices='0,1,2,3', distil=True, do_predict=False, dropout=0.05, e_layers=2, embed='timeF', embed_type=0, enc_in=321, factor=1, features='M', freq='h', gpu=0, individual=False, is_training=1, itr=1, label_len=48, learning_rate=0.001, loss='mse', lradj='type1', model='NLinear', model_id='Electricity_144_24', moving_avg=25, n_heads=8, num_workers=10, output_attention=False, patience=3, pred_len=24, root_path='./dataset/', seq_len=144, target='OT', test_flop=False, train_epochs=10, train_only=False, use_amp=False, use_gpu=True, use_multi_gpu=False)
Use GPU: cuda:0
>>>>>>>start training : Electricity_144_24_NLinear_custom_ftM_sl144_ll48_pl24_dm512_nh8_el2_dl1_df2048_fc1_ebtimeF_dtTrue_Exp_0>>>>>>>>>>>>>>>>>>>>>>>>>>
train 18245
val 2609
test 5237
	iters: 100, epoch: 1 | loss: 0.2014759
	speed: 0.0133s/iter; left time: 149.9900s
	iters: 200, epoch: 1 | loss: 0.1721194
	speed: 0.0067s/iter; left time: 74.5676s
	iters: 300, epoch: 1 | loss: 0.1664269
	speed: 0.0065s/iter; left time: 72.1249s
	iters: 400, epoch: 1 | loss: 0.1577878
	speed: 0.0063s/iter; left time: 69.4030s
	iters: 500, epoch: 1 | loss: 0.1547605
	speed: 0.0063s/iter; left time: 69.2080s
	iters: 600, epoch: 1 | loss: 0.1854224
	speed: 0.0069s/iter; left time: 74.2160s
	iters: 700, epoch: 1 | loss: 0.1307137
	speed: 0.0069s/iter; left time: 73.4921s
	iters: 800, epoch: 1 | loss: 0.1362064
	speed: 0.0071s/iter; left time: 75.0162s
	iters: 900, epoch: 1 | loss: 0.1502720
	speed: 0.0066s/iter; left time: 69.0734s
	iters: 1000, epoch: 1 | loss: 0.1340725
	speed: 0.0066s/iter; left time: 68.1597s
	iters: 1100, epoch: 1 | loss: 0.1514559
	speed: 0.0068s/iter; left time: 69.7300s
Epoch: 1 cost time: 8.330098867416382
Epoch: 1, Steps: 1140 | Train Loss: 0.1925861 Vali Loss: 0.1387110 Test Loss: 0.1513607
Validation loss decreased (inf --> 0.138711).  Saving model ...
Updating learning rate to 0.001
	iters: 100, epoch: 2 | loss: 0.1531689
	speed: 0.0674s/iter; left time: 684.5362s
	iters: 200, epoch: 2 | loss: 0.1370083
	speed: 0.0072s/iter; left time: 71.9847s
	iters: 300, epoch: 2 | loss: 0.1479425
	speed: 0.0068s/iter; left time: 67.9352s
	iters: 400, epoch: 2 | loss: 0.1548565
	speed: 0.0067s/iter; left time: 65.8765s
	iters: 500, epoch: 2 | loss: 0.1645522
	speed: 0.0070s/iter; left time: 68.5915s
	iters: 600, epoch: 2 | loss: 0.1239408
	speed: 0.0070s/iter; left time: 67.2182s
	iters: 700, epoch: 2 | loss: 0.1140872
	speed: 0.0069s/iter; left time: 65.5517s
	iters: 800, epoch: 2 | loss: 0.1608471
	speed: 0.0066s/iter; left time: 62.4450s
	iters: 900, epoch: 2 | loss: 0.1452863
	speed: 0.0066s/iter; left time: 61.3594s
	iters: 1000, epoch: 2 | loss: 0.1264249
	speed: 0.0066s/iter; left time: 61.5291s
	iters: 1100, epoch: 2 | loss: 0.1318436
	speed: 0.0066s/iter; left time: 60.5249s
Epoch: 2 cost time: 8.662744522094727
Epoch: 2, Steps: 1140 | Train Loss: 0.1502716 Vali Loss: 0.1341332 Test Loss: 0.1470889
Validation loss decreased (0.138711 --> 0.134133).  Saving model ...
Updating learning rate to 0.0005
	iters: 100, epoch: 3 | loss: 0.2024594
	speed: 0.0667s/iter; left time: 601.8860s
	iters: 200, epoch: 3 | loss: 0.1318897
	speed: 0.0066s/iter; left time: 59.0520s
	iters: 300, epoch: 3 | loss: 0.1501426
	speed: 0.0066s/iter; left time: 58.0336s
	iters: 400, epoch: 3 | loss: 0.1406417
	speed: 0.0068s/iter; left time: 59.0461s
	iters: 500, epoch: 3 | loss: 0.1435167
	speed: 0.0066s/iter; left time: 56.7701s
	iters: 600, epoch: 3 | loss: 0.1537049
	speed: 0.0067s/iter; left time: 57.0490s
	iters: 700, epoch: 3 | loss: 0.1372953
	speed: 0.0066s/iter; left time: 55.8278s
	iters: 800, epoch: 3 | loss: 0.1434203
	speed: 0.0066s/iter; left time: 55.0887s
	iters: 900, epoch: 3 | loss: 0.1671007
	speed: 0.0068s/iter; left time: 55.6300s
	iters: 1000, epoch: 3 | loss: 0.1862267
	speed: 0.0069s/iter; left time: 55.9911s
	iters: 1100, epoch: 3 | loss: 0.1508192
	speed: 0.0077s/iter; left time: 61.8281s
Epoch: 3 cost time: 8.635502815246582
Epoch: 3, Steps: 1140 | Train Loss: 0.1475882 Vali Loss: 0.1333281 Test Loss: 0.1462276
Validation loss decreased (0.134133 --> 0.133328).  Saving model ...
Updating learning rate to 0.00025
	iters: 100, epoch: 4 | loss: 0.2577594
	speed: 0.0662s/iter; left time: 521.4146s
	iters: 200, epoch: 4 | loss: 0.1105611
	speed: 0.0067s/iter; left time: 51.9275s
	iters: 300, epoch: 4 | loss: 0.1629145
	speed: 0.0067s/iter; left time: 51.8347s
	iters: 400, epoch: 4 | loss: 0.1177366
	speed: 0.0068s/iter; left time: 51.2428s
	iters: 500, epoch: 4 | loss: 0.1401182
	speed: 0.0065s/iter; left time: 48.3941s
	iters: 600, epoch: 4 | loss: 0.1062576
	speed: 0.0065s/iter; left time: 48.2812s
	iters: 700, epoch: 4 | loss: 0.1568190
	speed: 0.0069s/iter; left time: 50.0000s
	iters: 800, epoch: 4 | loss: 0.1211413
	speed: 0.0069s/iter; left time: 49.2056s
	iters: 900, epoch: 4 | loss: 0.1428520
	speed: 0.0068s/iter; left time: 48.4131s
	iters: 1000, epoch: 4 | loss: 0.1197400
	speed: 0.0071s/iter; left time: 49.2753s
	iters: 1100, epoch: 4 | loss: 0.2255563
	speed: 0.0075s/iter; left time: 51.4140s
Epoch: 4 cost time: 8.625150203704834
Epoch: 4, Steps: 1140 | Train Loss: 0.1467737 Vali Loss: 0.1328763 Test Loss: 0.1457195
Validation loss decreased (0.133328 --> 0.132876).  Saving model ...
Updating learning rate to 0.000125
	iters: 100, epoch: 5 | loss: 0.1622114
	speed: 0.0674s/iter; left time: 454.6235s
	iters: 200, epoch: 5 | loss: 0.1362520
	speed: 0.0067s/iter; left time: 44.8118s
	iters: 300, epoch: 5 | loss: 0.1214328
	speed: 0.0067s/iter; left time: 43.7108s
	iters: 400, epoch: 5 | loss: 0.1471118
	speed: 0.0066s/iter; left time: 42.7520s
	iters: 500, epoch: 5 | loss: 0.1291762
	speed: 0.0067s/iter; left time: 42.4748s
	iters: 600, epoch: 5 | loss: 0.1303016
	speed: 0.0068s/iter; left time: 42.7110s
	iters: 700, epoch: 5 | loss: 0.1497706
	speed: 0.0066s/iter; left time: 40.6630s
	iters: 800, epoch: 5 | loss: 0.1021240
	speed: 0.0066s/iter; left time: 39.9686s
	iters: 900, epoch: 5 | loss: 0.1388053
	speed: 0.0064s/iter; left time: 38.2392s
	iters: 1000, epoch: 5 | loss: 0.1696672
	speed: 0.0069s/iter; left time: 40.0934s
	iters: 1100, epoch: 5 | loss: 0.1290219
	speed: 0.0068s/iter; left time: 38.9317s
Epoch: 5 cost time: 8.532464981079102
Epoch: 5, Steps: 1140 | Train Loss: 0.1463781 Vali Loss: 0.1322587 Test Loss: 0.1452544
Validation loss decreased (0.132876 --> 0.132259).  Saving model ...
Updating learning rate to 6.25e-05
	iters: 100, epoch: 6 | loss: 0.1612788
	speed: 0.0669s/iter; left time: 374.8224s
	iters: 200, epoch: 6 | loss: 0.1709253
	speed: 0.0064s/iter; left time: 35.3568s
	iters: 300, epoch: 6 | loss: 0.1569211
	speed: 0.0064s/iter; left time: 34.3066s
	iters: 400, epoch: 6 | loss: 0.1272802
	speed: 0.0065s/iter; left time: 34.2613s
	iters: 500, epoch: 6 | loss: 0.1134455
	speed: 0.0066s/iter; left time: 34.3065s
	iters: 600, epoch: 6 | loss: 0.1179679
	speed: 0.0065s/iter; left time: 33.1708s
	iters: 700, epoch: 6 | loss: 0.1270305
	speed: 0.0066s/iter; left time: 33.1184s
	iters: 800, epoch: 6 | loss: 0.1324127
	speed: 0.0065s/iter; left time: 31.8909s
	iters: 900, epoch: 6 | loss: 0.1161905
	speed: 0.0066s/iter; left time: 31.7274s
	iters: 1000, epoch: 6 | loss: 0.1923638
	speed: 0.0067s/iter; left time: 31.5947s
	iters: 1100, epoch: 6 | loss: 0.1357213
	speed: 0.0068s/iter; left time: 31.3376s
Epoch: 6 cost time: 8.223552465438843
Epoch: 6, Steps: 1140 | Train Loss: 0.1461918 Vali Loss: 0.1321333 Test Loss: 0.1450101
Validation loss decreased (0.132259 --> 0.132133).  Saving model ...
Updating learning rate to 3.125e-05
	iters: 100, epoch: 7 | loss: 0.1453241
	speed: 0.0625s/iter; left time: 278.7422s
	iters: 200, epoch: 7 | loss: 0.1514995
	speed: 0.0071s/iter; left time: 30.7683s
	iters: 300, epoch: 7 | loss: 0.1344361
	speed: 0.0065s/iter; left time: 27.6429s
	iters: 400, epoch: 7 | loss: 0.2063621
	speed: 0.0067s/iter; left time: 27.6968s
	iters: 500, epoch: 7 | loss: 0.1269485
	speed: 0.0066s/iter; left time: 26.8009s
	iters: 600, epoch: 7 | loss: 0.1415844
	speed: 0.0065s/iter; left time: 25.7393s
	iters: 700, epoch: 7 | loss: 0.1851659
	speed: 0.0065s/iter; left time: 24.9631s
	iters: 800, epoch: 7 | loss: 0.1356921
	speed: 0.0065s/iter; left time: 24.4517s
	iters: 900, epoch: 7 | loss: 0.1434366
	speed: 0.0066s/iter; left time: 24.1743s
	iters: 1000, epoch: 7 | loss: 0.1158401
	speed: 0.0067s/iter; left time: 23.9689s
	iters: 1100, epoch: 7 | loss: 0.1473200
	speed: 0.0067s/iter; left time: 23.1760s
Epoch: 7 cost time: 8.501509428024292
Epoch: 7, Steps: 1140 | Train Loss: 0.1460664 Vali Loss: 0.1319810 Test Loss: 0.1449792
Validation loss decreased (0.132133 --> 0.131981).  Saving model ...
Updating learning rate to 1.5625e-05
	iters: 100, epoch: 8 | loss: 0.1955360
	speed: 0.0680s/iter; left time: 225.8089s
	iters: 200, epoch: 8 | loss: 0.1181741
	speed: 0.0068s/iter; left time: 21.9915s
	iters: 300, epoch: 8 | loss: 0.1617424
	speed: 0.0068s/iter; left time: 21.1076s
	iters: 400, epoch: 8 | loss: 0.1474543
	speed: 0.0066s/iter; left time: 19.9859s
	iters: 500, epoch: 8 | loss: 0.1524854
	speed: 0.0068s/iter; left time: 19.7892s
	iters: 600, epoch: 8 | loss: 0.1602689
	speed: 0.0068s/iter; left time: 19.2231s
	iters: 700, epoch: 8 | loss: 0.1542764
	speed: 0.0068s/iter; left time: 18.5673s
	iters: 800, epoch: 8 | loss: 0.1673544
	speed: 0.0070s/iter; left time: 18.3172s
	iters: 900, epoch: 8 | loss: 0.1448051
	speed: 0.0070s/iter; left time: 17.6645s
	iters: 1000, epoch: 8 | loss: 0.1338418
	speed: 0.0068s/iter; left time: 16.4803s
	iters: 1100, epoch: 8 | loss: 0.1792894
	speed: 0.0069s/iter; left time: 15.9116s
Epoch: 8 cost time: 8.628644704818726
Epoch: 8, Steps: 1140 | Train Loss: 0.1460185 Vali Loss: 0.1319772 Test Loss: 0.1449592
Validation loss decreased (0.131981 --> 0.131977).  Saving model ...
Updating learning rate to 7.8125e-06
	iters: 100, epoch: 9 | loss: 0.1574298
	speed: 0.0664s/iter; left time: 144.7465s
	iters: 200, epoch: 9 | loss: 0.1373020
	speed: 0.0071s/iter; left time: 14.8139s
	iters: 300, epoch: 9 | loss: 0.1181891
	speed: 0.0070s/iter; left time: 13.8091s
	iters: 400, epoch: 9 | loss: 0.1405901
	speed: 0.0064s/iter; left time: 12.0477s
	iters: 500, epoch: 9 | loss: 0.1296303
	speed: 0.0065s/iter; left time: 11.6503s
	iters: 600, epoch: 9 | loss: 0.1641519
	speed: 0.0067s/iter; left time: 11.3181s
	iters: 700, epoch: 9 | loss: 0.1158212
	speed: 0.0066s/iter; left time: 10.4489s
	iters: 800, epoch: 9 | loss: 0.1391144
	speed: 0.0069s/iter; left time: 10.1449s
	iters: 900, epoch: 9 | loss: 0.1398683
	speed: 0.0070s/iter; left time: 9.6426s
	iters: 1000, epoch: 9 | loss: 0.1351657
	speed: 0.0069s/iter; left time: 8.8232s
	iters: 1100, epoch: 9 | loss: 0.1467171
	speed: 0.0067s/iter; left time: 7.8570s
Epoch: 9 cost time: 8.579898834228516
Epoch: 9, Steps: 1140 | Train Loss: 0.1459854 Vali Loss: 0.1320327 Test Loss: 0.1448774
EarlyStopping counter: 1 out of 3
Updating learning rate to 3.90625e-06
	iters: 100, epoch: 10 | loss: 0.1375449
	speed: 0.0671s/iter; left time: 69.8081s
	iters: 200, epoch: 10 | loss: 0.1521023
	speed: 0.0068s/iter; left time: 6.4073s
	iters: 300, epoch: 10 | loss: 0.1281123
	speed: 0.0069s/iter; left time: 5.7798s
	iters: 400, epoch: 10 | loss: 0.1289928
	speed: 0.0068s/iter; left time: 5.0094s
	iters: 500, epoch: 10 | loss: 0.1557548
	speed: 0.0068s/iter; left time: 4.3375s
	iters: 600, epoch: 10 | loss: 0.1829497
	speed: 0.0069s/iter; left time: 3.7457s
	iters: 700, epoch: 10 | loss: 0.1472174
	speed: 0.0069s/iter; left time: 3.0279s
	iters: 800, epoch: 10 | loss: 0.2121567
	speed: 0.0068s/iter; left time: 2.3077s
	iters: 900, epoch: 10 | loss: 0.1438219
	speed: 0.0069s/iter; left time: 1.6524s
	iters: 1000, epoch: 10 | loss: 0.1256769
	speed: 0.0068s/iter; left time: 0.9655s
	iters: 1100, epoch: 10 | loss: 0.1413851
	speed: 0.0069s/iter; left time: 0.2829s
Epoch: 10 cost time: 8.707810878753662
Epoch: 10, Steps: 1140 | Train Loss: 0.1459653 Vali Loss: 0.1319940 Test Loss: 0.1448669
EarlyStopping counter: 2 out of 3
Updating learning rate to 1.953125e-06
>>>>>>>testing : Electricity_144_24_NLinear_custom_ftM_sl144_ll48_pl24_dm512_nh8_el2_dl1_df2048_fc1_ebtimeF_dtTrue_Exp_0<<<<<<<<<<<<<<<<<<<<<<<<<<<<<<<<<
test 5237
mse:0.14442920684814453, mae:0.23493951559066772
