Args in experiment:
Namespace(activation='gelu', batch_size=8, c_out=7, checkpoints='/spo/NewbornTime/tahir098/SVF/data/Extra/checkpoints/', d_ff=2048, d_layers=1, d_model=512, data='ETTh1', data_path='ETTh1.csv', dec_in=7, des='Exp', devices='0,1,2,3', distil=True, do_predict=False, dropout=0.05, e_layers=2, embed='timeF', embed_type=0, enc_in=7, factor=1, features='M', freq='h', gpu=0, individual=False, is_training=1, itr=1, label_len=48, learning_rate=0.001, loss='mse', lradj='type1', model='DNGLinear', model_id='ETTh1_336_24', moving_avg=25, n_heads=8, num_workers=10, output_attention=False, patience=3, pred_len=24, root_path='./dataset/', seq_len=336, target='OT', test_flop=False, train_epochs=10, train_only=False, use_amp=False, use_gpu=True, use_multi_gpu=False)
Use GPU: cuda:0
>>>>>>>start training : ETTh1_336_24_DNGLinear_ETTh1_ftM_sl336_ll48_pl24_dm512_nh8_el2_dl1_df2048_fc1_ebtimeF_dtTrue_Exp_0>>>>>>>>>>>>>>>>>>>>>>>>>>
train 8281
val 2857
test 2857
	iters: 100, epoch: 1 | loss: 0.3004832
	speed: 0.0129s/iter; left time: 132.1510s
	iters: 200, epoch: 1 | loss: 0.2602402
	speed: 0.0069s/iter; left time: 69.9435s
	iters: 300, epoch: 1 | loss: 0.2423907
	speed: 0.0071s/iter; left time: 71.2421s
	iters: 400, epoch: 1 | loss: 0.3348529
	speed: 0.0071s/iter; left time: 71.0555s
	iters: 500, epoch: 1 | loss: 0.2477872
	speed: 0.0071s/iter; left time: 70.3290s
	iters: 600, epoch: 1 | loss: 0.2641974
	speed: 0.0072s/iter; left time: 69.7605s
	iters: 700, epoch: 1 | loss: 0.2967551
	speed: 0.0071s/iter; left time: 68.2993s
	iters: 800, epoch: 1 | loss: 0.1378707
	speed: 0.0072s/iter; left time: 68.6920s
	iters: 900, epoch: 1 | loss: 0.3132054
	speed: 0.0083s/iter; left time: 78.5605s
	iters: 1000, epoch: 1 | loss: 0.2167589
	speed: 0.0071s/iter; left time: 66.7353s
Epoch: 1 cost time: 8.164073944091797
Epoch: 1, Steps: 1035 | Train Loss: 0.2776613 Vali Loss: 0.4450763 Test Loss: 0.3254446
Validation loss decreased (inf --> 0.445076).  Saving model ...
Updating learning rate to 0.001
	iters: 100, epoch: 2 | loss: 0.2784110
	speed: 0.0562s/iter; left time: 517.8921s
	iters: 200, epoch: 2 | loss: 0.1963039
	speed: 0.0071s/iter; left time: 64.5858s
	iters: 300, epoch: 2 | loss: 0.2867069
	speed: 0.0071s/iter; left time: 63.7364s
	iters: 400, epoch: 2 | loss: 0.2918872
	speed: 0.0070s/iter; left time: 62.6156s
	iters: 500, epoch: 2 | loss: 0.3158019
	speed: 0.0071s/iter; left time: 62.5887s
	iters: 600, epoch: 2 | loss: 0.2306344
	speed: 0.0070s/iter; left time: 60.7302s
	iters: 700, epoch: 2 | loss: 0.3259577
	speed: 0.0070s/iter; left time: 60.3628s
	iters: 800, epoch: 2 | loss: 0.2690190
	speed: 0.0070s/iter; left time: 59.7510s
	iters: 900, epoch: 2 | loss: 0.1997610
	speed: 0.0071s/iter; left time: 59.4901s
	iters: 1000, epoch: 2 | loss: 0.3687220
	speed: 0.0071s/iter; left time: 58.8957s
Epoch: 2 cost time: 7.971509695053101
Epoch: 2, Steps: 1035 | Train Loss: 0.2575571 Vali Loss: 0.4083823 Test Loss: 0.3322449
Validation loss decreased (0.445076 --> 0.408382).  Saving model ...
Updating learning rate to 0.0005
	iters: 100, epoch: 3 | loss: 0.1557795
	speed: 0.0560s/iter; left time: 458.5112s
	iters: 200, epoch: 3 | loss: 0.2506548
	speed: 0.0069s/iter; left time: 56.0900s
	iters: 300, epoch: 3 | loss: 0.2415289
	speed: 0.0070s/iter; left time: 55.8589s
	iters: 400, epoch: 3 | loss: 0.2065223
	speed: 0.0069s/iter; left time: 54.3074s
	iters: 500, epoch: 3 | loss: 0.2197829
	speed: 0.0068s/iter; left time: 52.8302s
	iters: 600, epoch: 3 | loss: 0.2719861
	speed: 0.0070s/iter; left time: 53.4777s
	iters: 700, epoch: 3 | loss: 0.2028749
	speed: 0.0070s/iter; left time: 53.3109s
	iters: 800, epoch: 3 | loss: 0.1982674
	speed: 0.0071s/iter; left time: 53.2253s
	iters: 900, epoch: 3 | loss: 0.2526188
	speed: 0.0071s/iter; left time: 52.6548s
	iters: 1000, epoch: 3 | loss: 0.2256854
	speed: 0.0071s/iter; left time: 51.4063s
Epoch: 3 cost time: 7.931615829467773
Epoch: 3, Steps: 1035 | Train Loss: 0.2377039 Vali Loss: 0.4029968 Test Loss: 0.3295785
Validation loss decreased (0.408382 --> 0.402997).  Saving model ...
Updating learning rate to 0.00025
	iters: 100, epoch: 4 | loss: 0.2102411
	speed: 0.0583s/iter; left time: 416.7173s
	iters: 200, epoch: 4 | loss: 0.2307447
	speed: 0.0070s/iter; left time: 49.5037s
	iters: 300, epoch: 4 | loss: 0.2507356
	speed: 0.0069s/iter; left time: 48.0655s
	iters: 400, epoch: 4 | loss: 0.2730491
	speed: 0.0071s/iter; left time: 48.3860s
	iters: 500, epoch: 4 | loss: 0.1358362
	speed: 0.0072s/iter; left time: 48.2462s
	iters: 600, epoch: 4 | loss: 0.2047500
	speed: 0.0071s/iter; left time: 47.0973s
	iters: 700, epoch: 4 | loss: 0.1587710
	speed: 0.0080s/iter; left time: 52.2661s
	iters: 800, epoch: 4 | loss: 0.2181930
	speed: 0.0074s/iter; left time: 47.5187s
	iters: 900, epoch: 4 | loss: 0.4025979
	speed: 0.0070s/iter; left time: 44.6858s
	iters: 1000, epoch: 4 | loss: 0.1759911
	speed: 0.0085s/iter; left time: 53.0323s
Epoch: 4 cost time: 8.312703132629395
Epoch: 4, Steps: 1035 | Train Loss: 0.2238786 Vali Loss: 0.4062529 Test Loss: 0.3161501
EarlyStopping counter: 1 out of 3
Updating learning rate to 0.000125
	iters: 100, epoch: 5 | loss: 0.2843686
	speed: 0.0564s/iter; left time: 344.7736s
	iters: 200, epoch: 5 | loss: 0.3041950
	speed: 0.0069s/iter; left time: 41.5556s
	iters: 300, epoch: 5 | loss: 0.2163137
	speed: 0.0070s/iter; left time: 41.3553s
	iters: 400, epoch: 5 | loss: 0.2030263
	speed: 0.0068s/iter; left time: 39.7197s
	iters: 500, epoch: 5 | loss: 0.3024579
	speed: 0.0071s/iter; left time: 40.4736s
	iters: 600, epoch: 5 | loss: 0.1970780
	speed: 0.0072s/iter; left time: 40.5933s
	iters: 700, epoch: 5 | loss: 0.2707463
	speed: 0.0072s/iter; left time: 39.5111s
	iters: 800, epoch: 5 | loss: 0.1849960
	speed: 0.0071s/iter; left time: 38.5870s
	iters: 900, epoch: 5 | loss: 0.2007395
	speed: 0.0074s/iter; left time: 39.1251s
	iters: 1000, epoch: 5 | loss: 0.2293085
	speed: 0.0071s/iter; left time: 37.2329s
Epoch: 5 cost time: 7.992027044296265
Epoch: 5, Steps: 1035 | Train Loss: 0.2154828 Vali Loss: 0.4066009 Test Loss: 0.3157625
EarlyStopping counter: 2 out of 3
Updating learning rate to 6.25e-05
	iters: 100, epoch: 6 | loss: 0.1709921
	speed: 0.0589s/iter; left time: 299.2106s
	iters: 200, epoch: 6 | loss: 0.2089005
	speed: 0.0070s/iter; left time: 35.0260s
	iters: 300, epoch: 6 | loss: 0.1805099
	speed: 0.0070s/iter; left time: 34.0556s
	iters: 400, epoch: 6 | loss: 0.4181707
	speed: 0.0070s/iter; left time: 33.5105s
	iters: 500, epoch: 6 | loss: 0.1916220
	speed: 0.0071s/iter; left time: 33.0536s
	iters: 600, epoch: 6 | loss: 0.1648461
	speed: 0.0070s/iter; left time: 31.8197s
	iters: 700, epoch: 6 | loss: 0.2415990
	speed: 0.0069s/iter; left time: 30.9571s
	iters: 800, epoch: 6 | loss: 0.2169442
	speed: 0.0068s/iter; left time: 29.9223s
	iters: 900, epoch: 6 | loss: 0.1796049
	speed: 0.0075s/iter; left time: 32.1924s
	iters: 1000, epoch: 6 | loss: 0.2164608
	speed: 0.0069s/iter; left time: 29.0140s
Epoch: 6 cost time: 8.01442813873291
Epoch: 6, Steps: 1035 | Train Loss: 0.2108860 Vali Loss: 0.4076941 Test Loss: 0.3152170
EarlyStopping counter: 3 out of 3
Early stopping
>>>>>>>testing : ETTh1_336_24_DNGLinear_ETTh1_ftM_sl336_ll48_pl24_dm512_nh8_el2_dl1_df2048_fc1_ebtimeF_dtTrue_Exp_0<<<<<<<<<<<<<<<<<<<<<<<<<<<<<<<<<
test 2857
mse:0.32995250821113586, mae:0.3758096396923065
