Args in experiment:
Namespace(activation='gelu', batch_size=16, c_out=7, checkpoints='/spo/NewbornTime/tahir098/SVF/data/Extra/checkpoints/', d_ff=2048, d_layers=1, d_model=512, data='custom', data_path='traffic.csv', dec_in=7, des='Exp', devices='0,1,2,3', distil=True, do_predict=False, dropout=0.05, e_layers=2, embed='timeF', embed_type=0, enc_in=862, factor=1, features='M', freq='h', gpu=0, individual=False, is_training=1, itr=1, label_len=48, learning_rate=0.001, loss='mse', lradj='type1', model='GRevagLinear', model_id='traffic_96_720', moving_avg=25, n_heads=8, num_workers=10, output_attention=False, patience=3, pred_len=720, root_path='./dataset/', seq_len=96, target='OT', test_flop=False, train_epochs=10, train_only=False, use_amp=False, use_gpu=True, use_multi_gpu=False)
Use GPU: cuda:0
>>>>>>>start training : traffic_96_720_GRevagLinear_custom_ftM_sl96_ll48_pl720_dm512_nh8_el2_dl1_df2048_fc1_ebtimeF_dtTrue_Exp_0>>>>>>>>>>>>>>>>>>>>>>>>>>
train 11465
val 1037
test 2789
	iters: 100, epoch: 1 | loss: 0.4583316
	speed: 0.0472s/iter; left time: 333.2510s
	iters: 200, epoch: 1 | loss: 0.4486104
	speed: 0.0395s/iter; left time: 275.0327s
	iters: 300, epoch: 1 | loss: 0.4376190
	speed: 0.0400s/iter; left time: 274.6325s
	iters: 400, epoch: 1 | loss: 0.4268019
	speed: 0.0403s/iter; left time: 272.4476s
	iters: 500, epoch: 1 | loss: 0.3935531
	speed: 0.0404s/iter; left time: 268.9017s
	iters: 600, epoch: 1 | loss: 0.3810362
	speed: 0.0404s/iter; left time: 265.1047s
	iters: 700, epoch: 1 | loss: 0.3681715
	speed: 0.0397s/iter; left time: 256.2312s
Epoch: 1 cost time: 29.47719645500183
Epoch: 1, Steps: 716 | Train Loss: 0.4335373 Vali Loss: 0.5222191 Test Loss: 0.6182341
Validation loss decreased (inf --> 0.522219).  Saving model ...
Updating learning rate to 0.001
	iters: 100, epoch: 2 | loss: 0.3509920
	speed: 0.3299s/iter; left time: 2093.4467s
	iters: 200, epoch: 2 | loss: 0.3718309
	speed: 0.0417s/iter; left time: 260.6786s
	iters: 300, epoch: 2 | loss: 0.3460186
	speed: 0.0409s/iter; left time: 251.0692s
	iters: 400, epoch: 2 | loss: 0.3940969
	speed: 0.0411s/iter; left time: 248.4620s
	iters: 500, epoch: 2 | loss: 0.3576651
	speed: 0.0397s/iter; left time: 236.1545s
	iters: 600, epoch: 2 | loss: 0.3554572
	speed: 0.0411s/iter; left time: 240.4002s
	iters: 700, epoch: 2 | loss: 0.3441190
	speed: 0.0402s/iter; left time: 230.8170s
Epoch: 2 cost time: 29.92964243888855
Epoch: 2, Steps: 716 | Train Loss: 0.3659941 Vali Loss: 0.5079738 Test Loss: 0.5934326
Validation loss decreased (0.522219 --> 0.507974).  Saving model ...
Updating learning rate to 0.0005
	iters: 100, epoch: 3 | loss: 0.3572065
	speed: 0.3350s/iter; left time: 1885.7428s
	iters: 200, epoch: 3 | loss: 0.3636501
	speed: 0.0400s/iter; left time: 221.3422s
	iters: 300, epoch: 3 | loss: 0.3578141
	speed: 0.0395s/iter; left time: 214.6118s
	iters: 400, epoch: 3 | loss: 0.3818459
	speed: 0.0396s/iter; left time: 211.1509s
	iters: 500, epoch: 3 | loss: 0.3445587
	speed: 0.0397s/iter; left time: 207.5515s
	iters: 600, epoch: 3 | loss: 0.3662103
	speed: 0.0400s/iter; left time: 205.2716s
	iters: 700, epoch: 3 | loss: 0.3454066
	speed: 0.0398s/iter; left time: 200.3996s
Epoch: 3 cost time: 29.55973744392395
Epoch: 3, Steps: 716 | Train Loss: 0.3542542 Vali Loss: 0.5001709 Test Loss: 0.5835971
Validation loss decreased (0.507974 --> 0.500171).  Saving model ...
Updating learning rate to 0.00025
	iters: 100, epoch: 4 | loss: 0.3626484
	speed: 0.3332s/iter; left time: 1636.7995s
	iters: 200, epoch: 4 | loss: 0.3649597
	speed: 0.0402s/iter; left time: 193.3382s
	iters: 300, epoch: 4 | loss: 0.3390881
	speed: 0.0388s/iter; left time: 182.9038s
	iters: 400, epoch: 4 | loss: 0.3528631
	speed: 0.0398s/iter; left time: 183.7189s
	iters: 500, epoch: 4 | loss: 0.3602532
	speed: 0.0400s/iter; left time: 180.6405s
	iters: 600, epoch: 4 | loss: 0.3818760
	speed: 0.0394s/iter; left time: 174.0832s
	iters: 700, epoch: 4 | loss: 0.3428970
	speed: 0.0425s/iter; left time: 183.2674s
Epoch: 4 cost time: 29.734948873519897
Epoch: 4, Steps: 716 | Train Loss: 0.3504774 Vali Loss: 0.4981328 Test Loss: 0.5799576
Validation loss decreased (0.500171 --> 0.498133).  Saving model ...
Updating learning rate to 0.000125
	iters: 100, epoch: 5 | loss: 0.3524692
	speed: 0.3322s/iter; left time: 1394.1280s
	iters: 200, epoch: 5 | loss: 0.3441734
	speed: 0.0399s/iter; left time: 163.3267s
	iters: 300, epoch: 5 | loss: 0.3544167
	speed: 0.0418s/iter; left time: 167.0915s
	iters: 400, epoch: 5 | loss: 0.3523618
	speed: 0.0412s/iter; left time: 160.3987s
	iters: 500, epoch: 5 | loss: 0.3324091
	speed: 0.0410s/iter; left time: 155.6170s
	iters: 600, epoch: 5 | loss: 0.3522500
	speed: 0.0409s/iter; left time: 151.1619s
	iters: 700, epoch: 5 | loss: 0.3202706
	speed: 0.0408s/iter; left time: 146.8953s
Epoch: 5 cost time: 30.09957218170166
Epoch: 5, Steps: 716 | Train Loss: 0.3487826 Vali Loss: 0.4966963 Test Loss: 0.5784476
Validation loss decreased (0.498133 --> 0.496696).  Saving model ...
Updating learning rate to 6.25e-05
	iters: 100, epoch: 6 | loss: 0.3573959
	speed: 0.3336s/iter; left time: 1161.3052s
	iters: 200, epoch: 6 | loss: 0.3461050
	speed: 0.0406s/iter; left time: 137.1414s
	iters: 300, epoch: 6 | loss: 0.3293628
	speed: 0.0436s/iter; left time: 143.1700s
	iters: 400, epoch: 6 | loss: 0.3404283
	speed: 0.0448s/iter; left time: 142.5780s
	iters: 500, epoch: 6 | loss: 0.3403970
	speed: 0.0410s/iter; left time: 126.4749s
	iters: 600, epoch: 6 | loss: 0.3828971
	speed: 0.0424s/iter; left time: 126.4150s
	iters: 700, epoch: 6 | loss: 0.3506831
	speed: 0.0445s/iter; left time: 128.1577s
Epoch: 6 cost time: 31.57008695602417
Epoch: 6, Steps: 716 | Train Loss: 0.3480052 Vali Loss: 0.4959283 Test Loss: 0.5781821
Validation loss decreased (0.496696 --> 0.495928).  Saving model ...
Updating learning rate to 3.125e-05
	iters: 100, epoch: 7 | loss: 0.3247355
	speed: 0.3348s/iter; left time: 925.8421s
	iters: 200, epoch: 7 | loss: 0.3337157
	speed: 0.0414s/iter; left time: 110.2589s
	iters: 300, epoch: 7 | loss: 0.3702455
	speed: 0.0455s/iter; left time: 116.7423s
	iters: 400, epoch: 7 | loss: 0.3737907
	speed: 0.0425s/iter; left time: 104.6990s
	iters: 500, epoch: 7 | loss: 0.3307073
	speed: 0.0412s/iter; left time: 97.5515s
	iters: 600, epoch: 7 | loss: 0.3420881
	speed: 0.0470s/iter; left time: 106.3898s
	iters: 700, epoch: 7 | loss: 0.3860205
	speed: 0.0455s/iter; left time: 98.5968s
Epoch: 7 cost time: 32.01374316215515
Epoch: 7, Steps: 716 | Train Loss: 0.3476466 Vali Loss: 0.4963180 Test Loss: 0.5779217
EarlyStopping counter: 1 out of 3
Updating learning rate to 1.5625e-05
	iters: 100, epoch: 8 | loss: 0.3341649
	speed: 0.3345s/iter; left time: 685.3543s
	iters: 200, epoch: 8 | loss: 0.3273072
	speed: 0.0398s/iter; left time: 77.4844s
	iters: 300, epoch: 8 | loss: 0.3481973
	speed: 0.0402s/iter; left time: 74.2833s
	iters: 400, epoch: 8 | loss: 0.3494129
	speed: 0.0414s/iter; left time: 72.4723s
	iters: 500, epoch: 8 | loss: 0.3506676
	speed: 0.0408s/iter; left time: 67.2847s
	iters: 600, epoch: 8 | loss: 0.3581711
	speed: 0.0397s/iter; left time: 61.5346s
	iters: 700, epoch: 8 | loss: 0.3509701
	speed: 0.0392s/iter; left time: 56.7997s
Epoch: 8 cost time: 29.64553165435791
Epoch: 8, Steps: 716 | Train Loss: 0.3474499 Vali Loss: 0.4958353 Test Loss: 0.5774329
Validation loss decreased (0.495928 --> 0.495835).  Saving model ...
Updating learning rate to 7.8125e-06
	iters: 100, epoch: 9 | loss: 0.3370384
	speed: 0.3342s/iter; left time: 445.4991s
	iters: 200, epoch: 9 | loss: 0.3386194
	speed: 0.0399s/iter; left time: 49.2364s
	iters: 300, epoch: 9 | loss: 0.3363816
	speed: 0.0444s/iter; left time: 50.3364s
	iters: 400, epoch: 9 | loss: 0.3697012
	speed: 0.0407s/iter; left time: 42.0146s
	iters: 500, epoch: 9 | loss: 0.3337714
	speed: 0.0441s/iter; left time: 41.1317s
	iters: 600, epoch: 9 | loss: 0.3453979
	speed: 0.0433s/iter; left time: 36.0722s
	iters: 700, epoch: 9 | loss: 0.3362401
	speed: 0.0423s/iter; left time: 30.9866s
Epoch: 9 cost time: 31.230088472366333
Epoch: 9, Steps: 716 | Train Loss: 0.3473260 Vali Loss: 0.4957888 Test Loss: 0.5774306
Validation loss decreased (0.495835 --> 0.495789).  Saving model ...
Updating learning rate to 3.90625e-06
	iters: 100, epoch: 10 | loss: 0.3685850
	speed: 0.3365s/iter; left time: 207.6316s
	iters: 200, epoch: 10 | loss: 0.3311726
	speed: 0.0399s/iter; left time: 20.6277s
	iters: 300, epoch: 10 | loss: 0.3283613
	speed: 0.0413s/iter; left time: 17.2149s
	iters: 400, epoch: 10 | loss: 0.3437013
	speed: 0.0420s/iter; left time: 13.3186s
	iters: 500, epoch: 10 | loss: 0.3505607
	speed: 0.0412s/iter; left time: 8.9388s
	iters: 600, epoch: 10 | loss: 0.3722388
	speed: 0.0433s/iter; left time: 5.0697s
	iters: 700, epoch: 10 | loss: 0.3318774
	speed: 0.0423s/iter; left time: 0.7197s
Epoch: 10 cost time: 30.590155601501465
Epoch: 10, Steps: 716 | Train Loss: 0.3472786 Vali Loss: 0.4948966 Test Loss: 0.5774233
Validation loss decreased (0.495789 --> 0.494897).  Saving model ...
Updating learning rate to 1.953125e-06
>>>>>>>testing : traffic_96_720_GRevagLinear_custom_ftM_sl96_ll48_pl720_dm512_nh8_el2_dl1_df2048_fc1_ebtimeF_dtTrue_Exp_0<<<<<<<<<<<<<<<<<<<<<<<<<<<<<<<<<
test 2789
mse:0.5771675109863281, mae:0.37141895294189453
