Args in experiment:
Namespace(activation='gelu', batch_size=16, c_out=7, checkpoints='/spo/NewbornTime/tahir098/SVF/data/Extra/checkpoints/', d_ff=2048, d_layers=1, d_model=512, data='custom', data_path='traffic.csv', dec_in=7, des='Exp', devices='0,1,2,3', distil=True, do_predict=False, dropout=0.05, e_layers=2, embed='timeF', embed_type=0, enc_in=862, factor=1, features='M', freq='h', gpu=0, individual=False, is_training=1, itr=1, label_len=48, learning_rate=0.001, loss='mse', lradj='type1', model='GRevagLinear', model_id='traffic_120_720', moving_avg=25, n_heads=8, num_workers=10, output_attention=False, patience=3, pred_len=720, root_path='./dataset/', seq_len=120, target='OT', test_flop=False, train_epochs=10, train_only=False, use_amp=False, use_gpu=True, use_multi_gpu=False)
Use GPU: cuda:0
>>>>>>>start training : traffic_120_720_GRevagLinear_custom_ftM_sl120_ll48_pl720_dm512_nh8_el2_dl1_df2048_fc1_ebtimeF_dtTrue_Exp_0>>>>>>>>>>>>>>>>>>>>>>>>>>
train 11441
val 1037
test 2789
	iters: 100, epoch: 1 | loss: 0.4164566
	speed: 0.0481s/iter; left time: 339.3369s
	iters: 200, epoch: 1 | loss: 0.3761608
	speed: 0.0412s/iter; left time: 286.3016s
	iters: 300, epoch: 1 | loss: 0.3602937
	speed: 0.0415s/iter; left time: 284.1476s
	iters: 400, epoch: 1 | loss: 0.3397768
	speed: 0.0422s/iter; left time: 285.1582s
	iters: 500, epoch: 1 | loss: 0.3493646
	speed: 0.0420s/iter; left time: 279.5239s
	iters: 600, epoch: 1 | loss: 0.3335180
	speed: 0.0428s/iter; left time: 280.4496s
	iters: 700, epoch: 1 | loss: 0.3228014
	speed: 0.0417s/iter; left time: 268.8510s
Epoch: 1 cost time: 30.680201292037964
Epoch: 1, Steps: 715 | Train Loss: 0.3974111 Vali Loss: 0.4814216 Test Loss: 0.5649646
Validation loss decreased (inf --> 0.481422).  Saving model ...
Updating learning rate to 0.001
	iters: 100, epoch: 2 | loss: 0.3584065
	speed: 0.3875s/iter; left time: 2455.0866s
	iters: 200, epoch: 2 | loss: 0.3311810
	speed: 0.0414s/iter; left time: 258.0759s
	iters: 300, epoch: 2 | loss: 0.3296219
	speed: 0.0414s/iter; left time: 254.1062s
	iters: 400, epoch: 2 | loss: 0.3112723
	speed: 0.0417s/iter; left time: 251.8140s
	iters: 500, epoch: 2 | loss: 0.3576735
	speed: 0.0421s/iter; left time: 250.1880s
	iters: 600, epoch: 2 | loss: 0.3399238
	speed: 0.0416s/iter; left time: 243.0598s
	iters: 700, epoch: 2 | loss: 0.3215057
	speed: 0.0414s/iter; left time: 237.2828s
Epoch: 2 cost time: 30.58883833885193
Epoch: 2, Steps: 715 | Train Loss: 0.3369772 Vali Loss: 0.4679074 Test Loss: 0.5459933
Validation loss decreased (0.481422 --> 0.467907).  Saving model ...
Updating learning rate to 0.0005
	iters: 100, epoch: 3 | loss: 0.3265801
	speed: 0.3869s/iter; left time: 2174.9267s
	iters: 200, epoch: 3 | loss: 0.3196256
	speed: 0.0411s/iter; left time: 226.9418s
	iters: 300, epoch: 3 | loss: 0.3496321
	speed: 0.0419s/iter; left time: 227.3460s
	iters: 400, epoch: 3 | loss: 0.3116923
	speed: 0.0415s/iter; left time: 220.8816s
	iters: 500, epoch: 3 | loss: 0.3010037
	speed: 0.0422s/iter; left time: 220.3588s
	iters: 600, epoch: 3 | loss: 0.3417947
	speed: 0.0411s/iter; left time: 210.5669s
	iters: 700, epoch: 3 | loss: 0.3192100
	speed: 0.0417s/iter; left time: 209.3205s
Epoch: 3 cost time: 30.52108120918274
Epoch: 3, Steps: 715 | Train Loss: 0.3272388 Vali Loss: 0.4646457 Test Loss: 0.5387107
Validation loss decreased (0.467907 --> 0.464646).  Saving model ...
Updating learning rate to 0.00025
	iters: 100, epoch: 4 | loss: 0.3508379
	speed: 0.3891s/iter; left time: 1909.0294s
	iters: 200, epoch: 4 | loss: 0.3106556
	speed: 0.0411s/iter; left time: 197.4787s
	iters: 300, epoch: 4 | loss: 0.3131632
	speed: 0.0408s/iter; left time: 192.1130s
	iters: 400, epoch: 4 | loss: 0.3311194
	speed: 0.0412s/iter; left time: 189.5637s
	iters: 500, epoch: 4 | loss: 0.3121861
	speed: 0.0409s/iter; left time: 184.4173s
	iters: 600, epoch: 4 | loss: 0.3345915
	speed: 0.0412s/iter; left time: 181.3999s
	iters: 700, epoch: 4 | loss: 0.3536317
	speed: 0.0423s/iter; left time: 181.9366s
Epoch: 4 cost time: 30.59151005744934
Epoch: 4, Steps: 715 | Train Loss: 0.3241137 Vali Loss: 0.4636544 Test Loss: 0.5375033
Validation loss decreased (0.464646 --> 0.463654).  Saving model ...
Updating learning rate to 0.000125
	iters: 100, epoch: 5 | loss: 0.3023367
	speed: 0.3907s/iter; left time: 1637.2723s
	iters: 200, epoch: 5 | loss: 0.2987715
	speed: 0.0401s/iter; left time: 164.2464s
	iters: 300, epoch: 5 | loss: 0.3258753
	speed: 0.0402s/iter; left time: 160.3639s
	iters: 400, epoch: 5 | loss: 0.3311501
	speed: 0.0403s/iter; left time: 156.6902s
	iters: 500, epoch: 5 | loss: 0.3693975
	speed: 0.0405s/iter; left time: 153.6780s
	iters: 600, epoch: 5 | loss: 0.3238947
	speed: 0.0400s/iter; left time: 147.6640s
	iters: 700, epoch: 5 | loss: 0.2936068
	speed: 0.0395s/iter; left time: 141.8922s
Epoch: 5 cost time: 29.633265733718872
Epoch: 5, Steps: 715 | Train Loss: 0.3227339 Vali Loss: 0.4616861 Test Loss: 0.5351853
Validation loss decreased (0.463654 --> 0.461686).  Saving model ...
Updating learning rate to 6.25e-05
	iters: 100, epoch: 6 | loss: 0.3106126
	speed: 0.3886s/iter; left time: 1350.6369s
	iters: 200, epoch: 6 | loss: 0.3183841
	speed: 0.0430s/iter; left time: 145.1376s
	iters: 300, epoch: 6 | loss: 0.3284464
	speed: 0.0418s/iter; left time: 137.0883s
	iters: 400, epoch: 6 | loss: 0.3344055
	speed: 0.0429s/iter; left time: 136.2741s
	iters: 500, epoch: 6 | loss: 0.3209807
	speed: 0.0439s/iter; left time: 134.9127s
	iters: 600, epoch: 6 | loss: 0.3329408
	speed: 0.0441s/iter; left time: 131.3548s
	iters: 700, epoch: 6 | loss: 0.3219411
	speed: 0.0434s/iter; left time: 124.8962s
Epoch: 6 cost time: 31.705313205718994
Epoch: 6, Steps: 715 | Train Loss: 0.3220441 Vali Loss: 0.4613241 Test Loss: 0.5349590
Validation loss decreased (0.461686 --> 0.461324).  Saving model ...
Updating learning rate to 3.125e-05
	iters: 100, epoch: 7 | loss: 0.2947670
	speed: 0.3902s/iter; left time: 1077.2931s
	iters: 200, epoch: 7 | loss: 0.3126068
	speed: 0.0417s/iter; left time: 110.9649s
	iters: 300, epoch: 7 | loss: 0.3243308
	speed: 0.0427s/iter; left time: 109.4724s
	iters: 400, epoch: 7 | loss: 0.3125304
	speed: 0.0422s/iter; left time: 103.8395s
	iters: 500, epoch: 7 | loss: 0.3186189
	speed: 0.0408s/iter; left time: 96.2624s
	iters: 600, epoch: 7 | loss: 0.3083736
	speed: 0.0425s/iter; left time: 96.0179s
	iters: 700, epoch: 7 | loss: 0.3316472
	speed: 0.0435s/iter; left time: 93.9205s
Epoch: 7 cost time: 31.190712690353394
Epoch: 7, Steps: 715 | Train Loss: 0.3216858 Vali Loss: 0.4613850 Test Loss: 0.5348510
EarlyStopping counter: 1 out of 3
Updating learning rate to 1.5625e-05
	iters: 100, epoch: 8 | loss: 0.3270729
	speed: 0.3856s/iter; left time: 788.9872s
	iters: 200, epoch: 8 | loss: 0.3327280
	speed: 0.0417s/iter; left time: 81.0985s
	iters: 300, epoch: 8 | loss: 0.3210610
	speed: 0.0418s/iter; left time: 77.0823s
	iters: 400, epoch: 8 | loss: 0.3093047
	speed: 0.0424s/iter; left time: 73.9876s
	iters: 500, epoch: 8 | loss: 0.3214480
	speed: 0.0412s/iter; left time: 67.8885s
	iters: 600, epoch: 8 | loss: 0.3034222
	speed: 0.0414s/iter; left time: 64.0615s
	iters: 700, epoch: 8 | loss: 0.3083221
	speed: 0.0403s/iter; left time: 58.2468s
Epoch: 8 cost time: 30.610626935958862
Epoch: 8, Steps: 715 | Train Loss: 0.3215058 Vali Loss: 0.4616780 Test Loss: 0.5347610
EarlyStopping counter: 2 out of 3
Updating learning rate to 7.8125e-06
	iters: 100, epoch: 9 | loss: 0.3331804
	speed: 0.3859s/iter; left time: 513.6753s
	iters: 200, epoch: 9 | loss: 0.3161802
	speed: 0.0394s/iter; left time: 48.4904s
	iters: 300, epoch: 9 | loss: 0.3227571
	speed: 0.0411s/iter; left time: 46.4573s
	iters: 400, epoch: 9 | loss: 0.3275312
	speed: 0.0406s/iter; left time: 41.8660s
	iters: 500, epoch: 9 | loss: 0.3155258
	speed: 0.0416s/iter; left time: 38.6946s
	iters: 600, epoch: 9 | loss: 0.3124758
	speed: 0.0412s/iter; left time: 34.2151s
	iters: 700, epoch: 9 | loss: 0.3136013
	speed: 0.0418s/iter; left time: 30.5654s
Epoch: 9 cost time: 30.37786841392517
Epoch: 9, Steps: 715 | Train Loss: 0.3214073 Vali Loss: 0.4612361 Test Loss: 0.5347190
Validation loss decreased (0.461324 --> 0.461236).  Saving model ...
Updating learning rate to 3.90625e-06
	iters: 100, epoch: 10 | loss: 0.3235835
	speed: 0.3915s/iter; left time: 241.1593s
	iters: 200, epoch: 10 | loss: 0.3504095
	speed: 0.0411s/iter; left time: 21.1931s
	iters: 300, epoch: 10 | loss: 0.3138012
	speed: 0.0427s/iter; left time: 17.7660s
	iters: 400, epoch: 10 | loss: 0.3356902
	speed: 0.0452s/iter; left time: 14.2798s
	iters: 500, epoch: 10 | loss: 0.3094849
	speed: 0.0475s/iter; left time: 10.2565s
	iters: 600, epoch: 10 | loss: 0.3117065
	speed: 0.0426s/iter; left time: 4.9448s
	iters: 700, epoch: 10 | loss: 0.3347843
	speed: 0.0430s/iter; left time: 0.6881s
Epoch: 10 cost time: 32.057952880859375
Epoch: 10, Steps: 715 | Train Loss: 0.3213669 Vali Loss: 0.4611113 Test Loss: 0.5346519
Validation loss decreased (0.461236 --> 0.461111).  Saving model ...
Updating learning rate to 1.953125e-06
>>>>>>>testing : traffic_120_720_GRevagLinear_custom_ftM_sl120_ll48_pl720_dm512_nh8_el2_dl1_df2048_fc1_ebtimeF_dtTrue_Exp_0<<<<<<<<<<<<<<<<<<<<<<<<<<<<<<<<<
test 2789
mse:0.5345742106437683, mae:0.3509224057197571
