Args in experiment:
Namespace(activation='gelu', batch_size=16, c_out=7, checkpoints='/spo/NewbornTime/tahir098/SVF/data/Extra/checkpoints/', d_ff=2048, d_layers=1, d_model=512, data='custom', data_path='traffic.csv', dec_in=7, des='Exp', devices='0,1,2,3', distil=True, do_predict=False, dropout=0.05, e_layers=2, embed='timeF', embed_type=0, enc_in=862, factor=1, features='M', freq='h', gpu=0, individual=False, is_training=1, itr=1, label_len=48, learning_rate=0.001, loss='mse', lradj='type1', model='GRevagLinear', model_id='traffic_168_720', moving_avg=25, n_heads=8, num_workers=10, output_attention=False, patience=3, pred_len=720, root_path='./dataset/', seq_len=168, target='OT', test_flop=False, train_epochs=10, train_only=False, use_amp=False, use_gpu=True, use_multi_gpu=False)
Use GPU: cuda:0
>>>>>>>start training : traffic_168_720_GRevagLinear_custom_ftM_sl168_ll48_pl720_dm512_nh8_el2_dl1_df2048_fc1_ebtimeF_dtTrue_Exp_0>>>>>>>>>>>>>>>>>>>>>>>>>>
train 11393
val 1037
test 2789
	iters: 100, epoch: 1 | loss: 0.3911085
	speed: 0.0502s/iter; left time: 352.1324s
	iters: 200, epoch: 1 | loss: 0.3472997
	speed: 0.0418s/iter; left time: 289.5804s
	iters: 300, epoch: 1 | loss: 0.3376176
	speed: 0.0415s/iter; left time: 282.7968s
	iters: 400, epoch: 1 | loss: 0.3127089
	speed: 0.0413s/iter; left time: 277.6956s
	iters: 500, epoch: 1 | loss: 0.3090905
	speed: 0.0410s/iter; left time: 271.3375s
	iters: 600, epoch: 1 | loss: 0.3001398
	speed: 0.0416s/iter; left time: 271.0613s
	iters: 700, epoch: 1 | loss: 0.3377906
	speed: 0.0414s/iter; left time: 265.7226s
Epoch: 1 cost time: 30.489965677261353
Epoch: 1, Steps: 712 | Train Loss: 0.3532473 Vali Loss: 0.4374762 Test Loss: 0.5062379
Validation loss decreased (inf --> 0.437476).  Saving model ...
Updating learning rate to 0.001
	iters: 100, epoch: 2 | loss: 0.3121253
	speed: 0.3937s/iter; left time: 2483.6270s
	iters: 200, epoch: 2 | loss: 0.2900597
	speed: 0.0426s/iter; left time: 264.2210s
	iters: 300, epoch: 2 | loss: 0.3305258
	speed: 0.0425s/iter; left time: 259.4946s
	iters: 400, epoch: 2 | loss: 0.2916491
	speed: 0.0421s/iter; left time: 252.8677s
	iters: 500, epoch: 2 | loss: 0.2851575
	speed: 0.0421s/iter; left time: 248.6616s
	iters: 600, epoch: 2 | loss: 0.2884180
	speed: 0.0430s/iter; left time: 250.0615s
	iters: 700, epoch: 2 | loss: 0.3241243
	speed: 0.0426s/iter; left time: 243.0091s
Epoch: 2 cost time: 31.44730257987976
Epoch: 2, Steps: 712 | Train Loss: 0.3053025 Vali Loss: 0.4304498 Test Loss: 0.4981756
Validation loss decreased (0.437476 --> 0.430450).  Saving model ...
Updating learning rate to 0.0005
	iters: 100, epoch: 3 | loss: 0.2833026
	speed: 0.3933s/iter; left time: 2201.4381s
	iters: 200, epoch: 3 | loss: 0.3051794
	speed: 0.0420s/iter; left time: 230.8389s
	iters: 300, epoch: 3 | loss: 0.3095270
	speed: 0.0413s/iter; left time: 223.1602s
	iters: 400, epoch: 3 | loss: 0.2941840
	speed: 0.0417s/iter; left time: 221.1253s
	iters: 500, epoch: 3 | loss: 0.3076946
	speed: 0.0419s/iter; left time: 217.9891s
	iters: 600, epoch: 3 | loss: 0.2776603
	speed: 0.0416s/iter; left time: 211.9057s
	iters: 700, epoch: 3 | loss: 0.2843698
	speed: 0.0416s/iter; left time: 207.8524s
Epoch: 3 cost time: 30.712340831756592
Epoch: 3, Steps: 712 | Train Loss: 0.2984265 Vali Loss: 0.4257174 Test Loss: 0.4924898
Validation loss decreased (0.430450 --> 0.425717).  Saving model ...
Updating learning rate to 0.00025
	iters: 100, epoch: 4 | loss: 0.2898297
	speed: 0.3919s/iter; left time: 1914.3580s
	iters: 200, epoch: 4 | loss: 0.3258796
	speed: 0.0415s/iter; left time: 198.4483s
	iters: 300, epoch: 4 | loss: 0.3015428
	speed: 0.0413s/iter; left time: 193.5373s
	iters: 400, epoch: 4 | loss: 0.2806676
	speed: 0.0412s/iter; left time: 188.7711s
	iters: 500, epoch: 4 | loss: 0.2824874
	speed: 0.0419s/iter; left time: 188.0915s
	iters: 600, epoch: 4 | loss: 0.3119544
	speed: 0.0413s/iter; left time: 180.9427s
	iters: 700, epoch: 4 | loss: 0.3158233
	speed: 0.0415s/iter; left time: 177.9429s
Epoch: 4 cost time: 30.45694375038147
Epoch: 4, Steps: 712 | Train Loss: 0.2959063 Vali Loss: 0.4235618 Test Loss: 0.4889661
Validation loss decreased (0.425717 --> 0.423562).  Saving model ...
Updating learning rate to 0.000125
	iters: 100, epoch: 5 | loss: 0.3230592
	speed: 0.3913s/iter; left time: 1632.7999s
	iters: 200, epoch: 5 | loss: 0.2869169
	speed: 0.0412s/iter; left time: 167.7646s
	iters: 300, epoch: 5 | loss: 0.3011743
	speed: 0.0423s/iter; left time: 167.8625s
	iters: 400, epoch: 5 | loss: 0.3009833
	speed: 0.0422s/iter; left time: 163.3708s
	iters: 500, epoch: 5 | loss: 0.2737226
	speed: 0.0415s/iter; left time: 156.5904s
	iters: 600, epoch: 5 | loss: 0.3000206
	speed: 0.0412s/iter; left time: 151.4170s
	iters: 700, epoch: 5 | loss: 0.2861139
	speed: 0.0412s/iter; left time: 147.0355s
Epoch: 5 cost time: 30.639158010482788
Epoch: 5, Steps: 712 | Train Loss: 0.2947103 Vali Loss: 0.4229701 Test Loss: 0.4882293
Validation loss decreased (0.423562 --> 0.422970).  Saving model ...
Updating learning rate to 6.25e-05
	iters: 100, epoch: 6 | loss: 0.2900824
	speed: 0.3896s/iter; left time: 1348.4905s
	iters: 200, epoch: 6 | loss: 0.2885358
	speed: 0.0421s/iter; left time: 141.6121s
	iters: 300, epoch: 6 | loss: 0.2911604
	speed: 0.0424s/iter; left time: 138.2431s
	iters: 400, epoch: 6 | loss: 0.2775013
	speed: 0.0421s/iter; left time: 132.9945s
	iters: 500, epoch: 6 | loss: 0.2994230
	speed: 0.0414s/iter; left time: 126.7989s
	iters: 600, epoch: 6 | loss: 0.2963429
	speed: 0.0414s/iter; left time: 122.6948s
	iters: 700, epoch: 6 | loss: 0.2947668
	speed: 0.0417s/iter; left time: 119.2514s
Epoch: 6 cost time: 30.73833918571472
Epoch: 6, Steps: 712 | Train Loss: 0.2941353 Vali Loss: 0.4228109 Test Loss: 0.4874224
Validation loss decreased (0.422970 --> 0.422811).  Saving model ...
Updating learning rate to 3.125e-05
	iters: 100, epoch: 7 | loss: 0.2916151
	speed: 0.3919s/iter; left time: 1077.4224s
	iters: 200, epoch: 7 | loss: 0.3015583
	speed: 0.0415s/iter; left time: 109.9970s
	iters: 300, epoch: 7 | loss: 0.3039107
	speed: 0.0418s/iter; left time: 106.6104s
	iters: 400, epoch: 7 | loss: 0.2787092
	speed: 0.0423s/iter; left time: 103.5348s
	iters: 500, epoch: 7 | loss: 0.2993485
	speed: 0.0420s/iter; left time: 98.6798s
	iters: 600, epoch: 7 | loss: 0.2846358
	speed: 0.0416s/iter; left time: 93.5072s
	iters: 700, epoch: 7 | loss: 0.2956695
	speed: 0.0413s/iter; left time: 88.8471s
Epoch: 7 cost time: 30.647781372070312
Epoch: 7, Steps: 712 | Train Loss: 0.2938216 Vali Loss: 0.4221866 Test Loss: 0.4871317
Validation loss decreased (0.422811 --> 0.422187).  Saving model ...
Updating learning rate to 1.5625e-05
	iters: 100, epoch: 8 | loss: 0.3025259
	speed: 0.3945s/iter; left time: 803.5456s
	iters: 200, epoch: 8 | loss: 0.2871510
	speed: 0.0418s/iter; left time: 80.9545s
	iters: 300, epoch: 8 | loss: 0.2761932
	speed: 0.0415s/iter; left time: 76.2437s
	iters: 400, epoch: 8 | loss: 0.2852382
	speed: 0.0425s/iter; left time: 73.7681s
	iters: 500, epoch: 8 | loss: 0.3300273
	speed: 0.0416s/iter; left time: 68.0367s
	iters: 600, epoch: 8 | loss: 0.2846089
	speed: 0.0416s/iter; left time: 63.9625s
	iters: 700, epoch: 8 | loss: 0.3083110
	speed: 0.0411s/iter; left time: 59.0664s
Epoch: 8 cost time: 30.72674059867859
Epoch: 8, Steps: 712 | Train Loss: 0.2936498 Vali Loss: 0.4223793 Test Loss: 0.4871741
EarlyStopping counter: 1 out of 3
Updating learning rate to 7.8125e-06
	iters: 100, epoch: 9 | loss: 0.2922306
	speed: 0.3905s/iter; left time: 517.4545s
	iters: 200, epoch: 9 | loss: 0.2830582
	speed: 0.0449s/iter; left time: 54.9478s
	iters: 300, epoch: 9 | loss: 0.2908193
	speed: 0.0462s/iter; left time: 51.9189s
	iters: 400, epoch: 9 | loss: 0.2945065
	speed: 0.0466s/iter; left time: 47.7308s
	iters: 500, epoch: 9 | loss: 0.2818388
	speed: 0.0444s/iter; left time: 41.0272s
	iters: 600, epoch: 9 | loss: 0.2873406
	speed: 0.0434s/iter; left time: 35.7740s
	iters: 700, epoch: 9 | loss: 0.3031518
	speed: 0.0437s/iter; left time: 31.7118s
Epoch: 9 cost time: 32.79907584190369
Epoch: 9, Steps: 712 | Train Loss: 0.2935497 Vali Loss: 0.4223379 Test Loss: 0.4869102
EarlyStopping counter: 2 out of 3
Updating learning rate to 3.90625e-06
	iters: 100, epoch: 10 | loss: 0.2816362
	speed: 0.3857s/iter; left time: 236.4566s
	iters: 200, epoch: 10 | loss: 0.2952333
	speed: 0.0476s/iter; left time: 24.3964s
	iters: 300, epoch: 10 | loss: 0.2706613
	speed: 0.0448s/iter; left time: 18.5070s
	iters: 400, epoch: 10 | loss: 0.2761074
	speed: 0.0432s/iter; left time: 13.5108s
	iters: 500, epoch: 10 | loss: 0.3151684
	speed: 0.0429s/iter; left time: 9.1340s
	iters: 600, epoch: 10 | loss: 0.2856806
	speed: 0.0430s/iter; left time: 4.8598s
	iters: 700, epoch: 10 | loss: 0.2786001
	speed: 0.0414s/iter; left time: 0.5382s
Epoch: 10 cost time: 32.1759192943573
Epoch: 10, Steps: 712 | Train Loss: 0.2935225 Vali Loss: 0.4221704 Test Loss: 0.4869610
Validation loss decreased (0.422187 --> 0.422170).  Saving model ...
Updating learning rate to 1.953125e-06
>>>>>>>testing : traffic_168_720_GRevagLinear_custom_ftM_sl168_ll48_pl720_dm512_nh8_el2_dl1_df2048_fc1_ebtimeF_dtTrue_Exp_0<<<<<<<<<<<<<<<<<<<<<<<<<<<<<<<<<
test 2789
mse:0.48674607276916504, mae:0.3259628117084503
