Args in experiment:
Namespace(activation='gelu', batch_size=16, c_out=7, checkpoints='/spo/NewbornTime/tahir098/SVF/data/Extra/checkpoints/', d_ff=2048, d_layers=1, d_model=512, data='custom', data_path='traffic.csv', dec_in=7, des='Exp', devices='0,1,2,3', distil=True, do_predict=False, dropout=0.05, e_layers=2, embed='timeF', embed_type=0, enc_in=862, factor=1, features='M', freq='h', gpu=0, individual=False, is_training=1, itr=1, label_len=48, learning_rate=0.001, loss='mse', lradj='type1', model='GRevagLinear', model_id='traffic_672_720', moving_avg=25, n_heads=8, num_workers=10, output_attention=False, patience=3, pred_len=720, root_path='./dataset/', seq_len=672, target='OT', test_flop=False, train_epochs=10, train_only=False, use_amp=False, use_gpu=True, use_multi_gpu=False)
Use GPU: cuda:0
>>>>>>>start training : traffic_672_720_GRevagLinear_custom_ftM_sl672_ll48_pl720_dm512_nh8_el2_dl1_df2048_fc1_ebtimeF_dtTrue_Exp_0>>>>>>>>>>>>>>>>>>>>>>>>>>
train 10889
val 1037
test 2789
	iters: 100, epoch: 1 | loss: 0.2951458
	speed: 0.0656s/iter; left time: 439.5811s
	iters: 200, epoch: 1 | loss: 0.2822224
	speed: 0.0564s/iter; left time: 372.1496s
	iters: 300, epoch: 1 | loss: 0.3100185
	speed: 0.0583s/iter; left time: 378.7813s
	iters: 400, epoch: 1 | loss: 0.2780879
	speed: 0.0573s/iter; left time: 366.6631s
	iters: 500, epoch: 1 | loss: 0.2757017
	speed: 0.0580s/iter; left time: 365.7492s
	iters: 600, epoch: 1 | loss: 0.2918113
	speed: 0.0564s/iter; left time: 349.4608s
Epoch: 1 cost time: 39.778268575668335
Epoch: 1, Steps: 680 | Train Loss: 0.2997131 Vali Loss: 0.4041757 Test Loss: 0.4624964
Validation loss decreased (inf --> 0.404176).  Saving model ...
Updating learning rate to 0.001
	iters: 100, epoch: 2 | loss: 0.2853891
	speed: 0.4370s/iter; left time: 2630.9611s
	iters: 200, epoch: 2 | loss: 0.2781766
	speed: 0.0565s/iter; left time: 334.3551s
	iters: 300, epoch: 2 | loss: 0.2599397
	speed: 0.0575s/iter; left time: 334.4892s
	iters: 400, epoch: 2 | loss: 0.2795139
	speed: 0.0576s/iter; left time: 329.2536s
	iters: 500, epoch: 2 | loss: 0.2617517
	speed: 0.0582s/iter; left time: 327.2490s
	iters: 600, epoch: 2 | loss: 0.2848060
	speed: 0.0577s/iter; left time: 318.4948s
Epoch: 2 cost time: 39.82806658744812
Epoch: 2, Steps: 680 | Train Loss: 0.2751984 Vali Loss: 0.3986945 Test Loss: 0.4590096
Validation loss decreased (0.404176 --> 0.398694).  Saving model ...
Updating learning rate to 0.0005
	iters: 100, epoch: 3 | loss: 0.2723900
	speed: 0.4405s/iter; left time: 2352.9108s
	iters: 200, epoch: 3 | loss: 0.2651172
	speed: 0.0639s/iter; left time: 334.7741s
	iters: 300, epoch: 3 | loss: 0.2465129
	speed: 0.0582s/iter; left time: 299.2615s
	iters: 400, epoch: 3 | loss: 0.2607801
	speed: 0.0621s/iter; left time: 312.8874s
	iters: 500, epoch: 3 | loss: 0.2584150
	speed: 0.0621s/iter; left time: 306.6577s
	iters: 600, epoch: 3 | loss: 0.2562011
	speed: 0.0585s/iter; left time: 283.2817s
Epoch: 3 cost time: 42.34032726287842
Epoch: 3, Steps: 680 | Train Loss: 0.2669258 Vali Loss: 0.3891602 Test Loss: 0.4428098
Validation loss decreased (0.398694 --> 0.389160).  Saving model ...
Updating learning rate to 0.00025
	iters: 100, epoch: 4 | loss: 0.2583442
	speed: 0.4322s/iter; left time: 2014.6538s
	iters: 200, epoch: 4 | loss: 0.2664642
	speed: 0.0600s/iter; left time: 273.4365s
	iters: 300, epoch: 4 | loss: 0.2517970
	speed: 0.0641s/iter; left time: 286.0251s
	iters: 400, epoch: 4 | loss: 0.2755230
	speed: 0.0612s/iter; left time: 267.0933s
	iters: 500, epoch: 4 | loss: 0.2763920
	speed: 0.0574s/iter; left time: 244.5619s
	iters: 600, epoch: 4 | loss: 0.2743534
	speed: 0.0592s/iter; left time: 246.2563s
Epoch: 4 cost time: 41.6028311252594
Epoch: 4, Steps: 680 | Train Loss: 0.2634125 Vali Loss: 0.3873332 Test Loss: 0.4426176
Validation loss decreased (0.389160 --> 0.387333).  Saving model ...
Updating learning rate to 0.000125
	iters: 100, epoch: 5 | loss: 0.2861483
	speed: 0.4329s/iter; left time: 1723.3586s
	iters: 200, epoch: 5 | loss: 0.2621183
	speed: 0.0540s/iter; left time: 209.5002s
	iters: 300, epoch: 5 | loss: 0.2855274
	speed: 0.0551s/iter; left time: 208.4109s
	iters: 400, epoch: 5 | loss: 0.2649842
	speed: 0.0553s/iter; left time: 203.6248s
	iters: 500, epoch: 5 | loss: 0.2592607
	speed: 0.0545s/iter; left time: 195.2931s
	iters: 600, epoch: 5 | loss: 0.2657806
	speed: 0.0556s/iter; left time: 193.5488s
Epoch: 5 cost time: 38.26135039329529
Epoch: 5, Steps: 680 | Train Loss: 0.2614739 Vali Loss: 0.3857549 Test Loss: 0.4391833
Validation loss decreased (0.387333 --> 0.385755).  Saving model ...
Updating learning rate to 6.25e-05
	iters: 100, epoch: 6 | loss: 0.2788118
	speed: 0.4228s/iter; left time: 1395.5114s
	iters: 200, epoch: 6 | loss: 0.2552481
	speed: 0.0572s/iter; left time: 183.1779s
	iters: 300, epoch: 6 | loss: 0.2546339
	speed: 0.0563s/iter; left time: 174.6152s
	iters: 400, epoch: 6 | loss: 0.2443929
	speed: 0.0580s/iter; left time: 174.0974s
	iters: 500, epoch: 6 | loss: 0.2755835
	speed: 0.0566s/iter; left time: 164.1113s
	iters: 600, epoch: 6 | loss: 0.2597680
	speed: 0.0572s/iter; left time: 160.2283s
Epoch: 6 cost time: 39.771137714385986
Epoch: 6, Steps: 680 | Train Loss: 0.2604122 Vali Loss: 0.3844367 Test Loss: 0.4377516
Validation loss decreased (0.385755 --> 0.384437).  Saving model ...
Updating learning rate to 3.125e-05
	iters: 100, epoch: 7 | loss: 0.2732409
	speed: 0.4352s/iter; left time: 1140.6078s
	iters: 200, epoch: 7 | loss: 0.2502141
	speed: 0.0612s/iter; left time: 154.1674s
	iters: 300, epoch: 7 | loss: 0.2520769
	speed: 0.0590s/iter; left time: 142.8035s
	iters: 400, epoch: 7 | loss: 0.2663289
	speed: 0.0592s/iter; left time: 137.3769s
	iters: 500, epoch: 7 | loss: 0.2345290
	speed: 0.0588s/iter; left time: 130.5151s
	iters: 600, epoch: 7 | loss: 0.2598661
	speed: 0.0600s/iter; left time: 127.1659s
Epoch: 7 cost time: 41.294734954833984
Epoch: 7, Steps: 680 | Train Loss: 0.2598406 Vali Loss: 0.3833211 Test Loss: 0.4373565
Validation loss decreased (0.384437 --> 0.383321).  Saving model ...
Updating learning rate to 1.5625e-05
	iters: 100, epoch: 8 | loss: 0.2553723
	speed: 0.4264s/iter; left time: 827.6819s
	iters: 200, epoch: 8 | loss: 0.2529947
	speed: 0.0574s/iter; left time: 105.6244s
	iters: 300, epoch: 8 | loss: 0.2795070
	speed: 0.0585s/iter; left time: 101.8720s
	iters: 400, epoch: 8 | loss: 0.2352264
	speed: 0.0583s/iter; left time: 95.7233s
	iters: 500, epoch: 8 | loss: 0.2606198
	speed: 0.0605s/iter; left time: 93.2615s
	iters: 600, epoch: 8 | loss: 0.2547364
	speed: 0.0639s/iter; left time: 92.0115s
Epoch: 8 cost time: 41.54693293571472
Epoch: 8, Steps: 680 | Train Loss: 0.2595484 Vali Loss: 0.3833053 Test Loss: 0.4372488
Validation loss decreased (0.383321 --> 0.383305).  Saving model ...
Updating learning rate to 7.8125e-06
	iters: 100, epoch: 9 | loss: 0.2706633
	speed: 0.4297s/iter; left time: 541.8736s
	iters: 200, epoch: 9 | loss: 0.2728738
	speed: 0.0618s/iter; left time: 71.7260s
	iters: 300, epoch: 9 | loss: 0.2753687
	speed: 0.0588s/iter; left time: 62.4088s
	iters: 400, epoch: 9 | loss: 0.2502723
	speed: 0.0600s/iter; left time: 57.6917s
	iters: 500, epoch: 9 | loss: 0.2532189
	speed: 0.0589s/iter; left time: 50.7366s
	iters: 600, epoch: 9 | loss: 0.2387776
	speed: 0.0607s/iter; left time: 46.1790s
Epoch: 9 cost time: 41.22694540023804
Epoch: 9, Steps: 680 | Train Loss: 0.2593493 Vali Loss: 0.3835844 Test Loss: 0.4374224
EarlyStopping counter: 1 out of 3
Updating learning rate to 3.90625e-06
	iters: 100, epoch: 10 | loss: 0.2506765
	speed: 0.4335s/iter; left time: 251.8897s
	iters: 200, epoch: 10 | loss: 0.2553637
	speed: 0.0627s/iter; left time: 30.1786s
	iters: 300, epoch: 10 | loss: 0.2663988
	speed: 0.0677s/iter; left time: 25.7942s
	iters: 400, epoch: 10 | loss: 0.2583876
	speed: 0.0591s/iter; left time: 16.6083s
	iters: 500, epoch: 10 | loss: 0.2596492
	speed: 0.0559s/iter; left time: 10.1151s
	iters: 600, epoch: 10 | loss: 0.2771441
	speed: 0.0577s/iter; left time: 4.6730s
Epoch: 10 cost time: 42.124279737472534
Epoch: 10, Steps: 680 | Train Loss: 0.2592797 Vali Loss: 0.3839308 Test Loss: 0.4374108
EarlyStopping counter: 2 out of 3
Updating learning rate to 1.953125e-06
>>>>>>>testing : traffic_672_720_GRevagLinear_custom_ftM_sl672_ll48_pl720_dm512_nh8_el2_dl1_df2048_fc1_ebtimeF_dtTrue_Exp_0<<<<<<<<<<<<<<<<<<<<<<<<<<<<<<<<<
test 2789
mse:0.4370863735675812, mae:0.29500246047973633
