Args in experiment:
Namespace(activation='gelu', batch_size=16, c_out=7, checkpoints='/spo/NewbornTime/tahir098/SVF/data/Extra/checkpoints/', d_ff=2048, d_layers=1, d_model=512, data='custom', data_path='traffic.csv', dec_in=7, des='Exp', devices='0,1,2,3', distil=True, do_predict=False, dropout=0.05, e_layers=2, embed='timeF', embed_type=0, enc_in=862, factor=1, features='M', freq='h', gpu=0, individual=False, is_training=1, itr=1, label_len=48, learning_rate=0.001, loss='mse', lradj='type1', model='GRevagLinear', model_id='traffic_144_720', moving_avg=25, n_heads=8, num_workers=10, output_attention=False, patience=3, pred_len=720, root_path='./dataset/', seq_len=144, target='OT', test_flop=False, train_epochs=10, train_only=False, use_amp=False, use_gpu=True, use_multi_gpu=False)
Use GPU: cuda:0
>>>>>>>start training : traffic_144_720_GRevagLinear_custom_ftM_sl144_ll48_pl720_dm512_nh8_el2_dl1_df2048_fc1_ebtimeF_dtTrue_Exp_0>>>>>>>>>>>>>>>>>>>>>>>>>>
train 11417
val 1037
test 2789
	iters: 100, epoch: 1 | loss: 0.3961178
	speed: 0.0519s/iter; left time: 364.5770s
	iters: 200, epoch: 1 | loss: 0.3602020
	speed: 0.0461s/iter; left time: 319.8230s
	iters: 300, epoch: 1 | loss: 0.3807012
	speed: 0.0439s/iter; left time: 300.1345s
	iters: 400, epoch: 1 | loss: 0.3331659
	speed: 0.0438s/iter; left time: 294.9513s
	iters: 500, epoch: 1 | loss: 0.3208210
	speed: 0.0436s/iter; left time: 289.0807s
	iters: 600, epoch: 1 | loss: 0.3143892
	speed: 0.0436s/iter; left time: 284.6319s
	iters: 700, epoch: 1 | loss: 0.3388071
	speed: 0.0444s/iter; left time: 285.2502s
Epoch: 1 cost time: 32.42038631439209
Epoch: 1, Steps: 713 | Train Loss: 0.3687036 Vali Loss: 0.4508333 Test Loss: 0.5258571
Validation loss decreased (inf --> 0.450833).  Saving model ...
Updating learning rate to 0.001
	iters: 100, epoch: 2 | loss: 0.3229674
	speed: 0.3573s/iter; left time: 2257.1660s
	iters: 200, epoch: 2 | loss: 0.3248458
	speed: 0.0442s/iter; left time: 275.0187s
	iters: 300, epoch: 2 | loss: 0.3071519
	speed: 0.0435s/iter; left time: 265.9737s
	iters: 400, epoch: 2 | loss: 0.2990198
	speed: 0.0436s/iter; left time: 262.6698s
	iters: 500, epoch: 2 | loss: 0.3127823
	speed: 0.0428s/iter; left time: 253.2413s
	iters: 600, epoch: 2 | loss: 0.3370652
	speed: 0.0426s/iter; left time: 248.0712s
	iters: 700, epoch: 2 | loss: 0.2898492
	speed: 0.0426s/iter; left time: 243.3381s
Epoch: 2 cost time: 31.847261667251587
Epoch: 2, Steps: 713 | Train Loss: 0.3162411 Vali Loss: 0.4414108 Test Loss: 0.5104430
Validation loss decreased (0.450833 --> 0.441411).  Saving model ...
Updating learning rate to 0.0005
	iters: 100, epoch: 3 | loss: 0.2993242
	speed: 0.3564s/iter; left time: 1997.6204s
	iters: 200, epoch: 3 | loss: 0.2908081
	speed: 0.0423s/iter; left time: 232.6736s
	iters: 300, epoch: 3 | loss: 0.3077564
	speed: 0.0414s/iter; left time: 223.9563s
	iters: 400, epoch: 3 | loss: 0.3020690
	speed: 0.0409s/iter; left time: 217.1032s
	iters: 500, epoch: 3 | loss: 0.2728097
	speed: 0.0415s/iter; left time: 215.9470s
	iters: 600, epoch: 3 | loss: 0.2990066
	speed: 0.0420s/iter; left time: 214.2231s
	iters: 700, epoch: 3 | loss: 0.3183237
	speed: 0.0421s/iter; left time: 210.5064s
Epoch: 3 cost time: 30.649798154830933
Epoch: 3, Steps: 713 | Train Loss: 0.3084994 Vali Loss: 0.4376165 Test Loss: 0.5070637
Validation loss decreased (0.441411 --> 0.437616).  Saving model ...
Updating learning rate to 0.00025
	iters: 100, epoch: 4 | loss: 0.3025911
	speed: 0.3473s/iter; left time: 1699.1529s
	iters: 200, epoch: 4 | loss: 0.2891319
	speed: 0.0425s/iter; left time: 203.4310s
	iters: 300, epoch: 4 | loss: 0.3170349
	speed: 0.0429s/iter; left time: 201.1477s
	iters: 400, epoch: 4 | loss: 0.3094243
	speed: 0.0421s/iter; left time: 193.4147s
	iters: 500, epoch: 4 | loss: 0.2949172
	speed: 0.0425s/iter; left time: 190.6975s
	iters: 600, epoch: 4 | loss: 0.2729951
	speed: 0.0428s/iter; left time: 187.9227s
	iters: 700, epoch: 4 | loss: 0.3016385
	speed: 0.0420s/iter; left time: 180.2560s
Epoch: 4 cost time: 31.218584775924683
Epoch: 4, Steps: 713 | Train Loss: 0.3058086 Vali Loss: 0.4368160 Test Loss: 0.5048240
Validation loss decreased (0.437616 --> 0.436816).  Saving model ...
Updating learning rate to 0.000125
	iters: 100, epoch: 5 | loss: 0.3257654
	speed: 0.3518s/iter; left time: 1470.3376s
	iters: 200, epoch: 5 | loss: 0.3067653
	speed: 0.0411s/iter; left time: 167.6894s
	iters: 300, epoch: 5 | loss: 0.2839736
	speed: 0.0420s/iter; left time: 167.0378s
	iters: 400, epoch: 5 | loss: 0.3142549
	speed: 0.0417s/iter; left time: 161.6487s
	iters: 500, epoch: 5 | loss: 0.3066351
	speed: 0.0417s/iter; left time: 157.7280s
	iters: 600, epoch: 5 | loss: 0.3189810
	speed: 0.0416s/iter; left time: 152.9787s
	iters: 700, epoch: 5 | loss: 0.2987294
	speed: 0.0409s/iter; left time: 146.3017s
Epoch: 5 cost time: 30.695677757263184
Epoch: 5, Steps: 713 | Train Loss: 0.3045643 Vali Loss: 0.4362219 Test Loss: 0.5039498
Validation loss decreased (0.436816 --> 0.436222).  Saving model ...
Updating learning rate to 6.25e-05
	iters: 100, epoch: 6 | loss: 0.2976745
	speed: 0.3410s/iter; left time: 1182.0329s
	iters: 200, epoch: 6 | loss: 0.2978180
	speed: 0.0419s/iter; left time: 141.1525s
	iters: 300, epoch: 6 | loss: 0.3133660
	speed: 0.0424s/iter; left time: 138.6166s
	iters: 400, epoch: 6 | loss: 0.3435711
	speed: 0.0421s/iter; left time: 133.1801s
	iters: 500, epoch: 6 | loss: 0.3195447
	speed: 0.0416s/iter; left time: 127.5656s
	iters: 600, epoch: 6 | loss: 0.2953616
	speed: 0.0431s/iter; left time: 127.8641s
	iters: 700, epoch: 6 | loss: 0.3062420
	speed: 0.0417s/iter; left time: 119.4647s
Epoch: 6 cost time: 30.784449100494385
Epoch: 6, Steps: 713 | Train Loss: 0.3039791 Vali Loss: 0.4350382 Test Loss: 0.5023851
Validation loss decreased (0.436222 --> 0.435038).  Saving model ...
Updating learning rate to 3.125e-05
	iters: 100, epoch: 7 | loss: 0.3139100
	speed: 0.3485s/iter; left time: 959.3481s
	iters: 200, epoch: 7 | loss: 0.3002988
	speed: 0.0411s/iter; left time: 109.0559s
	iters: 300, epoch: 7 | loss: 0.3164082
	speed: 0.0417s/iter; left time: 106.4442s
	iters: 400, epoch: 7 | loss: 0.3010534
	speed: 0.0412s/iter; left time: 101.0708s
	iters: 500, epoch: 7 | loss: 0.2888186
	speed: 0.0413s/iter; left time: 97.1666s
	iters: 600, epoch: 7 | loss: 0.3009058
	speed: 0.0418s/iter; left time: 94.2397s
	iters: 700, epoch: 7 | loss: 0.3182929
	speed: 0.0414s/iter; left time: 89.0990s
Epoch: 7 cost time: 30.474323987960815
Epoch: 7, Steps: 713 | Train Loss: 0.3036469 Vali Loss: 0.4351727 Test Loss: 0.5023415
EarlyStopping counter: 1 out of 3
Updating learning rate to 1.5625e-05
	iters: 100, epoch: 8 | loss: 0.2839040
	speed: 0.3423s/iter; left time: 698.3704s
	iters: 200, epoch: 8 | loss: 0.3106889
	speed: 0.0422s/iter; left time: 81.7951s
	iters: 300, epoch: 8 | loss: 0.2969171
	speed: 0.0427s/iter; left time: 78.5246s
	iters: 400, epoch: 8 | loss: 0.3130297
	speed: 0.0426s/iter; left time: 74.1785s
	iters: 500, epoch: 8 | loss: 0.3007714
	speed: 0.0416s/iter; left time: 68.1768s
	iters: 600, epoch: 8 | loss: 0.3309475
	speed: 0.0415s/iter; left time: 63.8750s
	iters: 700, epoch: 8 | loss: 0.3168665
	speed: 0.0411s/iter; left time: 59.2009s
Epoch: 8 cost time: 30.72613549232483
Epoch: 8, Steps: 713 | Train Loss: 0.3034815 Vali Loss: 0.4349142 Test Loss: 0.5022319
Validation loss decreased (0.435038 --> 0.434914).  Saving model ...
Updating learning rate to 7.8125e-06
	iters: 100, epoch: 9 | loss: 0.2970865
	speed: 0.3444s/iter; left time: 457.0026s
	iters: 200, epoch: 9 | loss: 0.2908784
	speed: 0.0414s/iter; left time: 50.8077s
	iters: 300, epoch: 9 | loss: 0.2763536
	speed: 0.0410s/iter; left time: 46.2586s
	iters: 400, epoch: 9 | loss: 0.3082015
	speed: 0.0414s/iter; left time: 42.4720s
	iters: 500, epoch: 9 | loss: 0.3086143
	speed: 0.0419s/iter; left time: 38.8569s
	iters: 600, epoch: 9 | loss: 0.2977980
	speed: 0.0425s/iter; left time: 35.1097s
	iters: 700, epoch: 9 | loss: 0.3033393
	speed: 0.0414s/iter; left time: 30.0846s
Epoch: 9 cost time: 30.589256763458252
Epoch: 9, Steps: 713 | Train Loss: 0.3033617 Vali Loss: 0.4351032 Test Loss: 0.5022072
EarlyStopping counter: 1 out of 3
Updating learning rate to 3.90625e-06
	iters: 100, epoch: 10 | loss: 0.3047851
	speed: 0.3453s/iter; left time: 212.0196s
	iters: 200, epoch: 10 | loss: 0.2955584
	speed: 0.0429s/iter; left time: 22.0462s
	iters: 300, epoch: 10 | loss: 0.2962719
	speed: 0.0433s/iter; left time: 17.9145s
	iters: 400, epoch: 10 | loss: 0.3135774
	speed: 0.0430s/iter; left time: 13.4990s
	iters: 500, epoch: 10 | loss: 0.3016121
	speed: 0.0442s/iter; left time: 9.4577s
	iters: 600, epoch: 10 | loss: 0.3016538
	speed: 0.0434s/iter; left time: 4.9528s
	iters: 700, epoch: 10 | loss: 0.2975755
	speed: 0.0428s/iter; left time: 0.5998s
Epoch: 10 cost time: 31.853224515914917
Epoch: 10, Steps: 713 | Train Loss: 0.3033286 Vali Loss: 0.4350483 Test Loss: 0.5022950
EarlyStopping counter: 2 out of 3
Updating learning rate to 1.953125e-06
>>>>>>>testing : traffic_144_720_GRevagLinear_custom_ftM_sl144_ll48_pl720_dm512_nh8_el2_dl1_df2048_fc1_ebtimeF_dtTrue_Exp_0<<<<<<<<<<<<<<<<<<<<<<<<<<<<<<<<<
test 2789
mse:0.5020917057991028, mae:0.33487507700920105
