Args in experiment:
Namespace(activation='gelu', batch_size=16, c_out=7, checkpoints='/spo/NewbornTime/tahir098/SVF/data/Extra/checkpoints/', d_ff=2048, d_layers=1, d_model=512, data='custom', data_path='weather.csv', dec_in=7, des='Exp', devices='0,1,2,3', distil=True, do_predict=False, dropout=0.05, e_layers=2, embed='timeF', embed_type=0, enc_in=21, factor=1, features='M', freq='h', gpu=0, individual=False, is_training=1, itr=1, label_len=48, learning_rate=0.001, loss='mse', lradj='type1', model='DLinear', model_id='weather_336_48', moving_avg=25, n_heads=8, num_workers=10, output_attention=False, patience=3, pred_len=48, root_path='./dataset/', seq_len=336, target='OT', test_flop=False, train_epochs=10, train_only=False, use_amp=False, use_gpu=True, use_multi_gpu=False)
Use GPU: cuda:0
>>>>>>>start training : weather_336_48_DLinear_custom_ftM_sl336_ll48_pl48_dm512_nh8_el2_dl1_df2048_fc1_ebtimeF_dtTrue_Exp_0>>>>>>>>>>>>>>>>>>>>>>>>>>
train 36504
val 5223
test 10492
	iters: 100, epoch: 1 | loss: 0.3197548
	speed: 0.0102s/iter; left time: 232.2185s
	iters: 200, epoch: 1 | loss: 0.3097385
	speed: 0.0048s/iter; left time: 108.2135s
	iters: 300, epoch: 1 | loss: 0.4218315
	speed: 0.0049s/iter; left time: 110.5397s
	iters: 400, epoch: 1 | loss: 0.3236981
	speed: 0.0050s/iter; left time: 111.8529s
	iters: 500, epoch: 1 | loss: 0.2020849
	speed: 0.0050s/iter; left time: 110.9052s
	iters: 600, epoch: 1 | loss: 0.3200176
	speed: 0.0050s/iter; left time: 111.8254s
	iters: 700, epoch: 1 | loss: 0.2375113
	speed: 0.0051s/iter; left time: 112.8878s
	iters: 800, epoch: 1 | loss: 0.3428220
	speed: 0.0050s/iter; left time: 109.4128s
	iters: 900, epoch: 1 | loss: 0.2306121
	speed: 0.0048s/iter; left time: 105.6391s
	iters: 1000, epoch: 1 | loss: 0.3604598
	speed: 0.0049s/iter; left time: 106.4303s
	iters: 1100, epoch: 1 | loss: 0.6607739
	speed: 0.0050s/iter; left time: 107.9222s
	iters: 1200, epoch: 1 | loss: 0.1898648
	speed: 0.0052s/iter; left time: 111.5348s
	iters: 1300, epoch: 1 | loss: 0.1565189
	speed: 0.0050s/iter; left time: 108.3115s
	iters: 1400, epoch: 1 | loss: 0.3406279
	speed: 0.0048s/iter; left time: 102.8261s
	iters: 1500, epoch: 1 | loss: 0.7548198
	speed: 0.0050s/iter; left time: 105.5750s
	iters: 1600, epoch: 1 | loss: 0.2352695
	speed: 0.0047s/iter; left time: 100.5155s
	iters: 1700, epoch: 1 | loss: 0.2754417
	speed: 0.0049s/iter; left time: 103.6940s
	iters: 1800, epoch: 1 | loss: 1.0202394
	speed: 0.0049s/iter; left time: 102.0995s
	iters: 1900, epoch: 1 | loss: 0.1753882
	speed: 0.0052s/iter; left time: 109.0265s
	iters: 2000, epoch: 1 | loss: 0.1591254
	speed: 0.0051s/iter; left time: 105.9017s
	iters: 2100, epoch: 1 | loss: 0.1855782
	speed: 0.0052s/iter; left time: 107.2215s
	iters: 2200, epoch: 1 | loss: 0.4293342
	speed: 0.0048s/iter; left time: 99.2184s
Epoch: 1 cost time: 11.915407657623291
Epoch: 1, Steps: 2281 | Train Loss: 0.4159353 Vali Loss: 0.3768802 Test Loss: 0.1427960
Validation loss decreased (inf --> 0.376880).  Saving model ...
Updating learning rate to 0.001
	iters: 100, epoch: 2 | loss: 0.2349420
	speed: 0.0634s/iter; left time: 1296.0719s
	iters: 200, epoch: 2 | loss: 0.3557365
	speed: 0.0049s/iter; left time: 100.6234s
	iters: 300, epoch: 2 | loss: 0.2179868
	speed: 0.0052s/iter; left time: 105.4960s
	iters: 400, epoch: 2 | loss: 0.2090808
	speed: 0.0049s/iter; left time: 97.6908s
	iters: 500, epoch: 2 | loss: 0.2562509
	speed: 0.0049s/iter; left time: 97.5403s
	iters: 600, epoch: 2 | loss: 0.1914403
	speed: 0.0049s/iter; left time: 96.7721s
	iters: 700, epoch: 2 | loss: 0.3797536
	speed: 0.0049s/iter; left time: 96.4943s
	iters: 800, epoch: 2 | loss: 0.2859085
	speed: 0.0050s/iter; left time: 99.5789s
	iters: 900, epoch: 2 | loss: 0.3944656
	speed: 0.0048s/iter; left time: 93.7015s
	iters: 1000, epoch: 2 | loss: 0.3657619
	speed: 0.0051s/iter; left time: 98.9980s
	iters: 1100, epoch: 2 | loss: 0.4509163
	speed: 0.0053s/iter; left time: 102.5475s
	iters: 1200, epoch: 2 | loss: 0.8263941
	speed: 0.0055s/iter; left time: 106.6217s
	iters: 1300, epoch: 2 | loss: 0.5490091
	speed: 0.0053s/iter; left time: 100.9685s
	iters: 1400, epoch: 2 | loss: 0.3092638
	speed: 0.0051s/iter; left time: 97.0593s
	iters: 1500, epoch: 2 | loss: 0.3518874
	speed: 0.0051s/iter; left time: 97.4898s
	iters: 1600, epoch: 2 | loss: 0.1606447
	speed: 0.0049s/iter; left time: 92.6092s
	iters: 1700, epoch: 2 | loss: 0.1782955
	speed: 0.0050s/iter; left time: 93.5772s
	iters: 1800, epoch: 2 | loss: 0.3263530
	speed: 0.0051s/iter; left time: 94.7400s
	iters: 1900, epoch: 2 | loss: 0.2064206
	speed: 0.0055s/iter; left time: 101.8661s
	iters: 2000, epoch: 2 | loss: 0.3332599
	speed: 0.0052s/iter; left time: 95.7263s
	iters: 2100, epoch: 2 | loss: 0.7186015
	speed: 0.0051s/iter; left time: 94.2642s
	iters: 2200, epoch: 2 | loss: 0.2620799
	speed: 0.0052s/iter; left time: 95.2864s
Epoch: 2 cost time: 12.184354782104492
Epoch: 2, Steps: 2281 | Train Loss: 0.4096602 Vali Loss: 0.3689893 Test Loss: 0.1428212
Validation loss decreased (0.376880 --> 0.368989).  Saving model ...
Updating learning rate to 0.0005
	iters: 100, epoch: 3 | loss: 0.3589960
	speed: 0.0647s/iter; left time: 1175.1089s
	iters: 200, epoch: 3 | loss: 0.4930958
	speed: 0.0050s/iter; left time: 90.9676s
	iters: 300, epoch: 3 | loss: 0.2547649
	speed: 0.0050s/iter; left time: 90.4625s
	iters: 400, epoch: 3 | loss: 0.1771979
	speed: 0.0050s/iter; left time: 88.3677s
	iters: 500, epoch: 3 | loss: 0.1399213
	speed: 0.0049s/iter; left time: 86.1054s
	iters: 600, epoch: 3 | loss: 0.2000139
	speed: 0.0050s/iter; left time: 88.9298s
	iters: 700, epoch: 3 | loss: 0.1737122
	speed: 0.0051s/iter; left time: 89.6119s
	iters: 800, epoch: 3 | loss: 0.2800691
	speed: 0.0051s/iter; left time: 88.1996s
	iters: 900, epoch: 3 | loss: 0.3355169
	speed: 0.0050s/iter; left time: 86.4643s
	iters: 1000, epoch: 3 | loss: 0.5603492
	speed: 0.0049s/iter; left time: 85.1220s
	iters: 1100, epoch: 3 | loss: 0.2233392
	speed: 0.0051s/iter; left time: 87.0631s
	iters: 1200, epoch: 3 | loss: 0.2182782
	speed: 0.0050s/iter; left time: 85.0139s
	iters: 1300, epoch: 3 | loss: 0.2435094
	speed: 0.0048s/iter; left time: 80.6096s
	iters: 1400, epoch: 3 | loss: 0.7670898
	speed: 0.0048s/iter; left time: 80.4886s
	iters: 1500, epoch: 3 | loss: 0.2662155
	speed: 0.0051s/iter; left time: 85.4566s
	iters: 1600, epoch: 3 | loss: 0.2444498
	speed: 0.0051s/iter; left time: 84.5081s
	iters: 1700, epoch: 3 | loss: 0.2632022
	speed: 0.0050s/iter; left time: 82.5549s
	iters: 1800, epoch: 3 | loss: 1.0119458
	speed: 0.0050s/iter; left time: 82.0337s
	iters: 1900, epoch: 3 | loss: 0.3734002
	speed: 0.0050s/iter; left time: 82.1093s
	iters: 2000, epoch: 3 | loss: 0.2606031
	speed: 0.0050s/iter; left time: 81.1384s
	iters: 2100, epoch: 3 | loss: 0.2846635
	speed: 0.0049s/iter; left time: 79.7671s
	iters: 2200, epoch: 3 | loss: 0.9795245
	speed: 0.0049s/iter; left time: 78.7787s
Epoch: 3 cost time: 12.008300304412842
Epoch: 3, Steps: 2281 | Train Loss: 0.4023087 Vali Loss: 0.3612065 Test Loss: 0.1458531
Validation loss decreased (0.368989 --> 0.361207).  Saving model ...
Updating learning rate to 0.00025
	iters: 100, epoch: 4 | loss: 0.2604173
	speed: 0.0629s/iter; left time: 997.7575s
	iters: 200, epoch: 4 | loss: 0.2082829
	speed: 0.0049s/iter; left time: 77.1823s
	iters: 300, epoch: 4 | loss: 0.1770278
	speed: 0.0049s/iter; left time: 76.9721s
	iters: 400, epoch: 4 | loss: 0.2426702
	speed: 0.0051s/iter; left time: 79.3357s
	iters: 500, epoch: 4 | loss: 0.2886152
	speed: 0.0050s/iter; left time: 77.8691s
	iters: 600, epoch: 4 | loss: 0.3440803
	speed: 0.0050s/iter; left time: 76.8007s
	iters: 700, epoch: 4 | loss: 0.4685682
	speed: 0.0051s/iter; left time: 77.4424s
	iters: 800, epoch: 4 | loss: 0.3491679
	speed: 0.0050s/iter; left time: 75.4377s
	iters: 900, epoch: 4 | loss: 0.2198314
	speed: 0.0048s/iter; left time: 72.8499s
	iters: 1000, epoch: 4 | loss: 0.2564751
	speed: 0.0048s/iter; left time: 72.3585s
	iters: 1100, epoch: 4 | loss: 0.1732097
	speed: 0.0049s/iter; left time: 72.1369s
	iters: 1200, epoch: 4 | loss: 0.3268805
	speed: 0.0051s/iter; left time: 74.9668s
	iters: 1300, epoch: 4 | loss: 0.2357446
	speed: 0.0046s/iter; left time: 67.9078s
	iters: 1400, epoch: 4 | loss: 0.6303098
	speed: 0.0049s/iter; left time: 71.4204s
	iters: 1500, epoch: 4 | loss: 0.2548141
	speed: 0.0050s/iter; left time: 72.1763s
	iters: 1600, epoch: 4 | loss: 0.2167480
	speed: 0.0049s/iter; left time: 70.9984s
	iters: 1700, epoch: 4 | loss: 1.0349497
	speed: 0.0051s/iter; left time: 72.0562s
	iters: 1800, epoch: 4 | loss: 0.1867629
	speed: 0.0047s/iter; left time: 67.0911s
	iters: 1900, epoch: 4 | loss: 0.3007753
	speed: 0.0049s/iter; left time: 68.9383s
	iters: 2000, epoch: 4 | loss: 0.1878187
	speed: 0.0049s/iter; left time: 69.0375s
	iters: 2100, epoch: 4 | loss: 0.2758912
	speed: 0.0050s/iter; left time: 69.3177s
	iters: 2200, epoch: 4 | loss: 0.1993103
	speed: 0.0049s/iter; left time: 66.8144s
Epoch: 4 cost time: 11.852729320526123
Epoch: 4, Steps: 2281 | Train Loss: 0.3976172 Vali Loss: 0.3598561 Test Loss: 0.1401465
Validation loss decreased (0.361207 --> 0.359856).  Saving model ...
Updating learning rate to 0.000125
	iters: 100, epoch: 5 | loss: 0.1759603
	speed: 0.0636s/iter; left time: 864.4572s
	iters: 200, epoch: 5 | loss: 0.2574856
	speed: 0.0049s/iter; left time: 66.5352s
	iters: 300, epoch: 5 | loss: 0.3913803
	speed: 0.0056s/iter; left time: 75.1585s
	iters: 400, epoch: 5 | loss: 0.2199897
	speed: 0.0056s/iter; left time: 74.9253s
	iters: 500, epoch: 5 | loss: 0.3177221
	speed: 0.0056s/iter; left time: 74.2773s
	iters: 600, epoch: 5 | loss: 0.2064596
	speed: 0.0052s/iter; left time: 67.4202s
	iters: 700, epoch: 5 | loss: 0.3109943
	speed: 0.0048s/iter; left time: 62.8811s
	iters: 800, epoch: 5 | loss: 0.2630040
	speed: 0.0048s/iter; left time: 62.3243s
	iters: 900, epoch: 5 | loss: 0.1835243
	speed: 0.0050s/iter; left time: 64.1743s
	iters: 1000, epoch: 5 | loss: 0.3030035
	speed: 0.0051s/iter; left time: 65.0671s
	iters: 1100, epoch: 5 | loss: 0.3043056
	speed: 0.0049s/iter; left time: 61.2096s
	iters: 1200, epoch: 5 | loss: 0.3019237
	speed: 0.0053s/iter; left time: 66.5863s
	iters: 1300, epoch: 5 | loss: 0.2583315
	speed: 0.0050s/iter; left time: 61.6707s
	iters: 1400, epoch: 5 | loss: 0.2085098
	speed: 0.0050s/iter; left time: 60.9007s
	iters: 1500, epoch: 5 | loss: 0.8885158
	speed: 0.0049s/iter; left time: 60.2030s
	iters: 1600, epoch: 5 | loss: 0.7249289
	speed: 0.0050s/iter; left time: 60.1460s
	iters: 1700, epoch: 5 | loss: 0.1544134
	speed: 0.0051s/iter; left time: 61.6111s
	iters: 1800, epoch: 5 | loss: 0.2337853
	speed: 0.0051s/iter; left time: 60.1435s
	iters: 1900, epoch: 5 | loss: 0.2853096
	speed: 0.0050s/iter; left time: 59.2669s
	iters: 2000, epoch: 5 | loss: 0.4070509
	speed: 0.0054s/iter; left time: 63.0971s
	iters: 2100, epoch: 5 | loss: 0.4483560
	speed: 0.0052s/iter; left time: 60.2957s
	iters: 2200, epoch: 5 | loss: 0.2173446
	speed: 0.0051s/iter; left time: 59.0812s
Epoch: 5 cost time: 12.32179307937622
Epoch: 5, Steps: 2281 | Train Loss: 0.3953022 Vali Loss: 0.3589959 Test Loss: 0.1408457
Validation loss decreased (0.359856 --> 0.358996).  Saving model ...
Updating learning rate to 6.25e-05
	iters: 100, epoch: 6 | loss: 0.4253461
	speed: 0.0638s/iter; left time: 721.6780s
	iters: 200, epoch: 6 | loss: 0.2493055
	speed: 0.0045s/iter; left time: 50.0976s
	iters: 300, epoch: 6 | loss: 0.2123351
	speed: 0.0048s/iter; left time: 53.5135s
	iters: 400, epoch: 6 | loss: 0.2823631
	speed: 0.0050s/iter; left time: 54.7565s
	iters: 500, epoch: 6 | loss: 0.1971117
	speed: 0.0050s/iter; left time: 54.8589s
	iters: 600, epoch: 6 | loss: 0.2199834
	speed: 0.0049s/iter; left time: 53.4404s
	iters: 700, epoch: 6 | loss: 0.1204317
	speed: 0.0048s/iter; left time: 51.1382s
	iters: 800, epoch: 6 | loss: 0.2221866
	speed: 0.0047s/iter; left time: 50.1014s
	iters: 900, epoch: 6 | loss: 0.1847337
	speed: 0.0048s/iter; left time: 50.3558s
	iters: 1000, epoch: 6 | loss: 0.2528082
	speed: 0.0050s/iter; left time: 52.4740s
	iters: 1100, epoch: 6 | loss: 0.1852969
	speed: 0.0052s/iter; left time: 53.4813s
	iters: 1200, epoch: 6 | loss: 0.3685631
	speed: 0.0050s/iter; left time: 50.6718s
	iters: 1300, epoch: 6 | loss: 0.3706376
	speed: 0.0052s/iter; left time: 52.9651s
	iters: 1400, epoch: 6 | loss: 0.3507737
	speed: 0.0051s/iter; left time: 50.8972s
	iters: 1500, epoch: 6 | loss: 0.2418504
	speed: 0.0049s/iter; left time: 49.0142s
	iters: 1600, epoch: 6 | loss: 1.0173087
	speed: 0.0049s/iter; left time: 48.2305s
	iters: 1700, epoch: 6 | loss: 0.4914221
	speed: 0.0050s/iter; left time: 48.7440s
	iters: 1800, epoch: 6 | loss: 0.2138080
	speed: 0.0049s/iter; left time: 46.7032s
	iters: 1900, epoch: 6 | loss: 0.1487921
	speed: 0.0049s/iter; left time: 46.3213s
	iters: 2000, epoch: 6 | loss: 0.2268159
	speed: 0.0049s/iter; left time: 45.8894s
	iters: 2100, epoch: 6 | loss: 0.1852789
	speed: 0.0051s/iter; left time: 47.7845s
	iters: 2200, epoch: 6 | loss: 0.2215006
	speed: 0.0049s/iter; left time: 45.4618s
Epoch: 6 cost time: 11.884488582611084
Epoch: 6, Steps: 2281 | Train Loss: 0.3940402 Vali Loss: 0.3576698 Test Loss: 0.1366460
Validation loss decreased (0.358996 --> 0.357670).  Saving model ...
Updating learning rate to 3.125e-05
	iters: 100, epoch: 7 | loss: 0.3067138
	speed: 0.0624s/iter; left time: 563.3744s
	iters: 200, epoch: 7 | loss: 0.2727746
	speed: 0.0045s/iter; left time: 40.4260s
	iters: 300, epoch: 7 | loss: 0.2259849
	speed: 0.0050s/iter; left time: 43.9756s
	iters: 400, epoch: 7 | loss: 4.1231499
	speed: 0.0048s/iter; left time: 41.5580s
	iters: 500, epoch: 7 | loss: 0.9724737
	speed: 0.0050s/iter; left time: 43.3421s
	iters: 600, epoch: 7 | loss: 0.3282040
	speed: 0.0051s/iter; left time: 43.7628s
	iters: 700, epoch: 7 | loss: 0.9667367
	speed: 0.0054s/iter; left time: 45.5696s
	iters: 800, epoch: 7 | loss: 0.2169428
	speed: 0.0053s/iter; left time: 44.3110s
	iters: 900, epoch: 7 | loss: 0.2613498
	speed: 0.0050s/iter; left time: 41.3741s
	iters: 1000, epoch: 7 | loss: 0.1985371
	speed: 0.0050s/iter; left time: 40.3574s
	iters: 1100, epoch: 7 | loss: 0.2161641
	speed: 0.0049s/iter; left time: 39.2675s
	iters: 1200, epoch: 7 | loss: 0.2809831
	speed: 0.0055s/iter; left time: 43.8043s
	iters: 1300, epoch: 7 | loss: 0.1396261
	speed: 0.0054s/iter; left time: 41.9563s
	iters: 1400, epoch: 7 | loss: 0.3545511
	speed: 0.0052s/iter; left time: 40.1215s
	iters: 1500, epoch: 7 | loss: 0.2482691
	speed: 0.0050s/iter; left time: 38.2476s
	iters: 1600, epoch: 7 | loss: 0.3072149
	speed: 0.0048s/iter; left time: 36.4433s
	iters: 1700, epoch: 7 | loss: 0.2647381
	speed: 0.0050s/iter; left time: 37.0784s
	iters: 1800, epoch: 7 | loss: 0.1382863
	speed: 0.0050s/iter; left time: 36.3728s
	iters: 1900, epoch: 7 | loss: 0.2628030
	speed: 0.0050s/iter; left time: 36.4316s
	iters: 2000, epoch: 7 | loss: 0.2208087
	speed: 0.0051s/iter; left time: 36.3929s
	iters: 2100, epoch: 7 | loss: 0.3379953
	speed: 0.0050s/iter; left time: 35.4069s
	iters: 2200, epoch: 7 | loss: 0.3074792
	speed: 0.0050s/iter; left time: 34.5463s
Epoch: 7 cost time: 12.11852216720581
Epoch: 7, Steps: 2281 | Train Loss: 0.3934197 Vali Loss: 0.3579874 Test Loss: 0.1372723
EarlyStopping counter: 1 out of 3
Updating learning rate to 1.5625e-05
	iters: 100, epoch: 8 | loss: 0.2018750
	speed: 0.0634s/iter; left time: 427.2995s
	iters: 200, epoch: 8 | loss: 0.1895478
	speed: 0.0048s/iter; left time: 31.7008s
	iters: 300, epoch: 8 | loss: 0.1503189
	speed: 0.0051s/iter; left time: 33.1015s
	iters: 400, epoch: 8 | loss: 0.2652217
	speed: 0.0050s/iter; left time: 32.1228s
	iters: 500, epoch: 8 | loss: 0.2239213
	speed: 0.0052s/iter; left time: 32.8429s
	iters: 600, epoch: 8 | loss: 0.4860385
	speed: 0.0056s/iter; left time: 35.1534s
	iters: 700, epoch: 8 | loss: 0.3316803
	speed: 0.0051s/iter; left time: 31.4387s
	iters: 800, epoch: 8 | loss: 0.7140144
	speed: 0.0051s/iter; left time: 31.0888s
	iters: 900, epoch: 8 | loss: 4.0552974
	speed: 0.0054s/iter; left time: 31.8407s
	iters: 1000, epoch: 8 | loss: 0.2493067
	speed: 0.0055s/iter; left time: 32.0341s
	iters: 1100, epoch: 8 | loss: 0.2722419
	speed: 0.0062s/iter; left time: 35.5294s
	iters: 1200, epoch: 8 | loss: 0.5280657
	speed: 0.0057s/iter; left time: 32.0383s
	iters: 1300, epoch: 8 | loss: 4.3242664
	speed: 0.0054s/iter; left time: 30.1078s
	iters: 1400, epoch: 8 | loss: 0.2717923
	speed: 0.0051s/iter; left time: 27.9286s
	iters: 1500, epoch: 8 | loss: 0.1697819
	speed: 0.0051s/iter; left time: 27.4030s
	iters: 1600, epoch: 8 | loss: 0.2369135
	speed: 0.0052s/iter; left time: 27.4169s
	iters: 1700, epoch: 8 | loss: 1.6313139
	speed: 0.0053s/iter; left time: 27.5012s
	iters: 1800, epoch: 8 | loss: 0.3293331
	speed: 0.0057s/iter; left time: 28.6054s
	iters: 1900, epoch: 8 | loss: 0.2157682
	speed: 0.0059s/iter; left time: 29.3771s
	iters: 2000, epoch: 8 | loss: 0.2399163
	speed: 0.0052s/iter; left time: 25.4172s
	iters: 2100, epoch: 8 | loss: 0.1789838
	speed: 0.0054s/iter; left time: 25.5095s
	iters: 2200, epoch: 8 | loss: 0.1982587
	speed: 0.0055s/iter; left time: 25.4545s
Epoch: 8 cost time: 12.831862688064575
Epoch: 8, Steps: 2281 | Train Loss: 0.3930825 Vali Loss: 0.3590993 Test Loss: 0.1368594
EarlyStopping counter: 2 out of 3
Updating learning rate to 7.8125e-06
	iters: 100, epoch: 9 | loss: 0.2716805
	speed: 0.0680s/iter; left time: 303.7016s
	iters: 200, epoch: 9 | loss: 0.2219136
	speed: 0.0050s/iter; left time: 21.9928s
	iters: 300, epoch: 9 | loss: 0.5590786
	speed: 0.0052s/iter; left time: 22.0202s
	iters: 400, epoch: 9 | loss: 0.2837110
	speed: 0.0054s/iter; left time: 22.3068s
	iters: 500, epoch: 9 | loss: 0.3071384
	speed: 0.0053s/iter; left time: 21.4105s
	iters: 600, epoch: 9 | loss: 0.3111233
	speed: 0.0053s/iter; left time: 20.8123s
	iters: 700, epoch: 9 | loss: 0.1853959
	speed: 0.0055s/iter; left time: 21.1737s
	iters: 800, epoch: 9 | loss: 0.2364807
	speed: 0.0054s/iter; left time: 20.1602s
	iters: 900, epoch: 9 | loss: 0.3786160
	speed: 0.0052s/iter; left time: 19.2221s
	iters: 1000, epoch: 9 | loss: 0.1639247
	speed: 0.0054s/iter; left time: 19.2476s
	iters: 1100, epoch: 9 | loss: 0.2617156
	speed: 0.0053s/iter; left time: 18.2623s
	iters: 1200, epoch: 9 | loss: 0.6244271
	speed: 0.0054s/iter; left time: 18.2405s
	iters: 1300, epoch: 9 | loss: 0.3615440
	speed: 0.0051s/iter; left time: 16.5860s
	iters: 1400, epoch: 9 | loss: 0.2000713
	speed: 0.0054s/iter; left time: 17.0309s
	iters: 1500, epoch: 9 | loss: 0.4734933
	speed: 0.0052s/iter; left time: 15.9473s
	iters: 1600, epoch: 9 | loss: 0.1781952
	speed: 0.0057s/iter; left time: 16.7499s
	iters: 1700, epoch: 9 | loss: 4.0024223
	speed: 0.0053s/iter; left time: 15.2431s
	iters: 1800, epoch: 9 | loss: 0.1939690
	speed: 0.0050s/iter; left time: 13.8738s
	iters: 1900, epoch: 9 | loss: 0.2584001
	speed: 0.0050s/iter; left time: 13.2183s
	iters: 2000, epoch: 9 | loss: 0.2046310
	speed: 0.0057s/iter; left time: 14.6682s
	iters: 2100, epoch: 9 | loss: 0.2985949
	speed: 0.0054s/iter; left time: 13.2278s
	iters: 2200, epoch: 9 | loss: 0.3184326
	speed: 0.0054s/iter; left time: 12.7844s
Epoch: 9 cost time: 12.820271253585815
Epoch: 9, Steps: 2281 | Train Loss: 0.3928692 Vali Loss: 0.3584299 Test Loss: 0.1372833
EarlyStopping counter: 3 out of 3
Early stopping
>>>>>>>testing : weather_336_48_DLinear_custom_ftM_sl336_ll48_pl48_dm512_nh8_el2_dl1_df2048_fc1_ebtimeF_dtTrue_Exp_0<<<<<<<<<<<<<<<<<<<<<<<<<<<<<<<<<
test 10492
mse:0.13669054210186005, mae:0.19370165467262268
