Args in experiment:
Namespace(activation='gelu', batch_size=16, c_out=7, checkpoints='/spo/NewbornTime/tahir098/SVF/data/Extra/checkpoints/', d_ff=2048, d_layers=1, d_model=512, data='custom', data_path='weather.csv', dec_in=7, des='Exp', devices='0,1,2,3', distil=True, do_predict=False, dropout=0.05, e_layers=2, embed='timeF', embed_type=0, enc_in=21, factor=1, features='M', freq='h', gpu=0, individual=False, is_training=1, itr=1, label_len=48, learning_rate=0.001, loss='mse', lradj='type1', model='GRevagLinear', model_id='weather_48_24', moving_avg=25, n_heads=8, num_workers=10, output_attention=False, patience=3, pred_len=24, root_path='./dataset/', seq_len=48, target='OT', test_flop=False, train_epochs=10, train_only=False, use_amp=False, use_gpu=True, use_multi_gpu=False)
Use GPU: cuda:0
>>>>>>>start training : weather_48_24_GRevagLinear_custom_ftM_sl48_ll48_pl24_dm512_nh8_el2_dl1_df2048_fc1_ebtimeF_dtTrue_Exp_0>>>>>>>>>>>>>>>>>>>>>>>>>>
train 36816
val 5247
test 10516
	iters: 100, epoch: 1 | loss: 0.2974093
	speed: 0.0124s/iter; left time: 285.0826s
	iters: 200, epoch: 1 | loss: 0.3468969
	speed: 0.0054s/iter; left time: 123.0465s
	iters: 300, epoch: 1 | loss: 0.3863420
	speed: 0.0054s/iter; left time: 123.7688s
	iters: 400, epoch: 1 | loss: 0.1358446
	speed: 0.0056s/iter; left time: 127.6742s
	iters: 500, epoch: 1 | loss: 0.3723559
	speed: 0.0055s/iter; left time: 123.8426s
	iters: 600, epoch: 1 | loss: 0.3367964
	speed: 0.0056s/iter; left time: 124.8558s
	iters: 700, epoch: 1 | loss: 1.1856468
	speed: 0.0056s/iter; left time: 125.5383s
	iters: 800, epoch: 1 | loss: 0.3119541
	speed: 0.0056s/iter; left time: 125.4035s
	iters: 900, epoch: 1 | loss: 0.2320481
	speed: 0.0056s/iter; left time: 122.7957s
	iters: 1000, epoch: 1 | loss: 0.2732952
	speed: 0.0057s/iter; left time: 124.7279s
	iters: 1100, epoch: 1 | loss: 0.1730691
	speed: 0.0056s/iter; left time: 121.6350s
	iters: 1200, epoch: 1 | loss: 0.2200614
	speed: 0.0057s/iter; left time: 124.3575s
	iters: 1300, epoch: 1 | loss: 0.1944548
	speed: 0.0056s/iter; left time: 120.9222s
	iters: 1400, epoch: 1 | loss: 0.2641622
	speed: 0.0057s/iter; left time: 122.2069s
	iters: 1500, epoch: 1 | loss: 0.4250599
	speed: 0.0056s/iter; left time: 120.5544s
	iters: 1600, epoch: 1 | loss: 0.2969566
	speed: 0.0056s/iter; left time: 120.4545s
	iters: 1700, epoch: 1 | loss: 0.3101850
	speed: 0.0055s/iter; left time: 117.8805s
	iters: 1800, epoch: 1 | loss: 0.4354014
	speed: 0.0056s/iter; left time: 119.1664s
	iters: 1900, epoch: 1 | loss: 0.2269984
	speed: 0.0056s/iter; left time: 118.4443s
	iters: 2000, epoch: 1 | loss: 0.1943424
	speed: 0.0056s/iter; left time: 118.5180s
	iters: 2100, epoch: 1 | loss: 0.2111617
	speed: 0.0056s/iter; left time: 118.0497s
	iters: 2200, epoch: 1 | loss: 0.4242675
	speed: 0.0056s/iter; left time: 115.7778s
	iters: 2300, epoch: 1 | loss: 0.2368790
	speed: 0.0056s/iter; left time: 116.2624s
Epoch: 1 cost time: 13.637442588806152
Epoch: 1, Steps: 2301 | Train Loss: 0.4155902 Vali Loss: 0.3318717 Test Loss: 0.1082279
Validation loss decreased (inf --> 0.331872).  Saving model ...
Updating learning rate to 0.001
	iters: 100, epoch: 2 | loss: 0.2154143
	speed: 0.0600s/iter; left time: 1236.9736s
	iters: 200, epoch: 2 | loss: 0.2803936
	speed: 0.0056s/iter; left time: 114.1713s
	iters: 300, epoch: 2 | loss: 0.2995607
	speed: 0.0056s/iter; left time: 114.8590s
	iters: 400, epoch: 2 | loss: 0.4094785
	speed: 0.0059s/iter; left time: 119.7833s
	iters: 500, epoch: 2 | loss: 0.6801336
	speed: 0.0057s/iter; left time: 114.2711s
	iters: 600, epoch: 2 | loss: 0.3226873
	speed: 0.0055s/iter; left time: 111.4956s
	iters: 700, epoch: 2 | loss: 0.3812217
	speed: 0.0055s/iter; left time: 110.0511s
	iters: 800, epoch: 2 | loss: 0.2210496
	speed: 0.0055s/iter; left time: 108.8819s
	iters: 900, epoch: 2 | loss: 0.2421043
	speed: 0.0054s/iter; left time: 107.2416s
	iters: 1000, epoch: 2 | loss: 0.1840931
	speed: 0.0055s/iter; left time: 109.3879s
	iters: 1100, epoch: 2 | loss: 0.1565716
	speed: 0.0054s/iter; left time: 106.7442s
	iters: 1200, epoch: 2 | loss: 0.2417202
	speed: 0.0056s/iter; left time: 109.3458s
	iters: 1300, epoch: 2 | loss: 0.4122339
	speed: 0.0054s/iter; left time: 104.8129s
	iters: 1400, epoch: 2 | loss: 0.1006419
	speed: 0.0055s/iter; left time: 105.4375s
	iters: 1500, epoch: 2 | loss: 0.1575821
	speed: 0.0056s/iter; left time: 107.8068s
	iters: 1600, epoch: 2 | loss: 0.1730019
	speed: 0.0055s/iter; left time: 105.7367s
	iters: 1700, epoch: 2 | loss: 0.3417978
	speed: 0.0055s/iter; left time: 105.1149s
	iters: 1800, epoch: 2 | loss: 0.4359603
	speed: 0.0055s/iter; left time: 104.1930s
	iters: 1900, epoch: 2 | loss: 0.1806519
	speed: 0.0056s/iter; left time: 104.9846s
	iters: 2000, epoch: 2 | loss: 0.2022003
	speed: 0.0055s/iter; left time: 102.3754s
	iters: 2100, epoch: 2 | loss: 0.3003782
	speed: 0.0056s/iter; left time: 103.7804s
	iters: 2200, epoch: 2 | loss: 0.2059433
	speed: 0.0055s/iter; left time: 101.9313s
	iters: 2300, epoch: 2 | loss: 0.1851603
	speed: 0.0057s/iter; left time: 104.2249s
Epoch: 2 cost time: 13.55503511428833
Epoch: 2, Steps: 2301 | Train Loss: 0.3665666 Vali Loss: 0.2969732 Test Loss: 0.1035654
Validation loss decreased (0.331872 --> 0.296973).  Saving model ...
Updating learning rate to 0.0005
	iters: 100, epoch: 3 | loss: 0.2660119
	speed: 0.0598s/iter; left time: 1094.4350s
	iters: 200, epoch: 3 | loss: 0.2113968
	speed: 0.0055s/iter; left time: 100.0616s
	iters: 300, epoch: 3 | loss: 0.1564981
	speed: 0.0056s/iter; left time: 101.2955s
	iters: 400, epoch: 3 | loss: 0.2344276
	speed: 0.0056s/iter; left time: 100.1090s
	iters: 500, epoch: 3 | loss: 1.0207903
	speed: 0.0055s/iter; left time: 98.4021s
	iters: 600, epoch: 3 | loss: 0.1377970
	speed: 0.0056s/iter; left time: 99.0752s
	iters: 700, epoch: 3 | loss: 0.3964180
	speed: 0.0054s/iter; left time: 96.1507s
	iters: 800, epoch: 3 | loss: 0.1486407
	speed: 0.0055s/iter; left time: 97.3263s
	iters: 900, epoch: 3 | loss: 0.9134075
	speed: 0.0055s/iter; left time: 96.0153s
	iters: 1000, epoch: 3 | loss: 0.1085440
	speed: 0.0055s/iter; left time: 96.0295s
	iters: 1100, epoch: 3 | loss: 1.4686427
	speed: 0.0055s/iter; left time: 95.3772s
	iters: 1200, epoch: 3 | loss: 0.3113786
	speed: 0.0063s/iter; left time: 108.3584s
	iters: 1300, epoch: 3 | loss: 0.1944522
	speed: 0.0057s/iter; left time: 97.3644s
	iters: 1400, epoch: 3 | loss: 0.1756373
	speed: 0.0063s/iter; left time: 107.9913s
	iters: 1500, epoch: 3 | loss: 0.2777301
	speed: 0.0059s/iter; left time: 100.1156s
	iters: 1600, epoch: 3 | loss: 0.2341166
	speed: 0.0057s/iter; left time: 95.7161s
	iters: 1700, epoch: 3 | loss: 0.2370015
	speed: 0.0065s/iter; left time: 109.0808s
	iters: 1800, epoch: 3 | loss: 0.1538752
	speed: 0.0067s/iter; left time: 111.5741s
	iters: 1900, epoch: 3 | loss: 0.2537408
	speed: 0.0064s/iter; left time: 106.1699s
	iters: 2000, epoch: 3 | loss: 0.2531714
	speed: 0.0057s/iter; left time: 93.2545s
	iters: 2100, epoch: 3 | loss: 0.3902806
	speed: 0.0055s/iter; left time: 89.6869s
	iters: 2200, epoch: 3 | loss: 0.2175599
	speed: 0.0055s/iter; left time: 89.5162s
	iters: 2300, epoch: 3 | loss: 0.1665003
	speed: 0.0058s/iter; left time: 92.6545s
Epoch: 3 cost time: 14.039917945861816
Epoch: 3, Steps: 2301 | Train Loss: 0.3464988 Vali Loss: 0.2866296 Test Loss: 0.1041120
Validation loss decreased (0.296973 --> 0.286630).  Saving model ...
Updating learning rate to 0.00025
	iters: 100, epoch: 4 | loss: 0.3692605
	speed: 0.0705s/iter; left time: 1127.7701s
	iters: 200, epoch: 4 | loss: 0.2487940
	speed: 0.0075s/iter; left time: 118.7503s
	iters: 300, epoch: 4 | loss: 0.2206766
	speed: 0.0073s/iter; left time: 115.2978s
	iters: 400, epoch: 4 | loss: 0.1780920
	speed: 0.0056s/iter; left time: 88.6668s
	iters: 500, epoch: 4 | loss: 0.2002438
	speed: 0.0055s/iter; left time: 86.3828s
	iters: 600, epoch: 4 | loss: 0.2560575
	speed: 0.0054s/iter; left time: 84.4349s
	iters: 700, epoch: 4 | loss: 0.1584524
	speed: 0.0055s/iter; left time: 84.7031s
	iters: 800, epoch: 4 | loss: 0.1813609
	speed: 0.0055s/iter; left time: 84.4471s
	iters: 900, epoch: 4 | loss: 0.1881196
	speed: 0.0055s/iter; left time: 83.0065s
	iters: 1000, epoch: 4 | loss: 0.1385725
	speed: 0.0056s/iter; left time: 85.2027s
	iters: 1100, epoch: 4 | loss: 0.3089060
	speed: 0.0054s/iter; left time: 81.5449s
	iters: 1200, epoch: 4 | loss: 0.1176616
	speed: 0.0054s/iter; left time: 80.7139s
	iters: 1300, epoch: 4 | loss: 0.2184460
	speed: 0.0055s/iter; left time: 81.7396s
	iters: 1400, epoch: 4 | loss: 0.3174613
	speed: 0.0055s/iter; left time: 80.9973s
	iters: 1500, epoch: 4 | loss: 0.3173503
	speed: 0.0055s/iter; left time: 80.6075s
	iters: 1600, epoch: 4 | loss: 0.7426909
	speed: 0.0055s/iter; left time: 79.8400s
	iters: 1700, epoch: 4 | loss: 0.2896430
	speed: 0.0070s/iter; left time: 100.5393s
	iters: 1800, epoch: 4 | loss: 0.1547046
	speed: 0.0057s/iter; left time: 81.0033s
	iters: 1900, epoch: 4 | loss: 0.2025676
	speed: 0.0062s/iter; left time: 88.4917s
	iters: 2000, epoch: 4 | loss: 0.2087437
	speed: 0.0071s/iter; left time: 99.5922s
	iters: 2100, epoch: 4 | loss: 0.1529509
	speed: 0.0070s/iter; left time: 97.5328s
	iters: 2200, epoch: 4 | loss: 0.2396795
	speed: 0.0071s/iter; left time: 99.2951s
	iters: 2300, epoch: 4 | loss: 0.2417704
	speed: 0.0071s/iter; left time: 97.5839s
Epoch: 4 cost time: 14.993144512176514
Epoch: 4, Steps: 2301 | Train Loss: 0.3412148 Vali Loss: 0.2886969 Test Loss: 0.1042260
EarlyStopping counter: 1 out of 3
Updating learning rate to 0.000125
	iters: 100, epoch: 5 | loss: 0.3117125
	speed: 0.0732s/iter; left time: 1002.6929s
	iters: 200, epoch: 5 | loss: 0.1962391
	speed: 0.0056s/iter; left time: 75.9290s
	iters: 300, epoch: 5 | loss: 0.1814173
	speed: 0.0057s/iter; left time: 77.5868s
	iters: 400, epoch: 5 | loss: 0.0961012
	speed: 0.0059s/iter; left time: 79.4671s
	iters: 500, epoch: 5 | loss: 0.6635727
	speed: 0.0059s/iter; left time: 79.0327s
	iters: 600, epoch: 5 | loss: 0.1662815
	speed: 0.0058s/iter; left time: 76.0978s
	iters: 700, epoch: 5 | loss: 0.1861103
	speed: 0.0060s/iter; left time: 78.0020s
	iters: 800, epoch: 5 | loss: 0.1567529
	speed: 0.0063s/iter; left time: 82.2488s
	iters: 900, epoch: 5 | loss: 0.1859641
	speed: 0.0064s/iter; left time: 82.2969s
	iters: 1000, epoch: 5 | loss: 0.2687008
	speed: 0.0061s/iter; left time: 78.5864s
	iters: 1100, epoch: 5 | loss: 0.3830173
	speed: 0.0061s/iter; left time: 77.2553s
	iters: 1200, epoch: 5 | loss: 0.2087644
	speed: 0.0061s/iter; left time: 76.6164s
	iters: 1300, epoch: 5 | loss: 0.3219664
	speed: 0.0055s/iter; left time: 69.3465s
	iters: 1400, epoch: 5 | loss: 0.3574442
	speed: 0.0055s/iter; left time: 68.3012s
	iters: 1500, epoch: 5 | loss: 0.1575999
	speed: 0.0055s/iter; left time: 67.4613s
	iters: 1600, epoch: 5 | loss: 0.6115538
	speed: 0.0055s/iter; left time: 66.6782s
	iters: 1700, epoch: 5 | loss: 0.5562645
	speed: 0.0055s/iter; left time: 66.5570s
	iters: 1800, epoch: 5 | loss: 0.1538788
	speed: 0.0054s/iter; left time: 65.1670s
	iters: 1900, epoch: 5 | loss: 0.2100916
	speed: 0.0054s/iter; left time: 64.3956s
	iters: 2000, epoch: 5 | loss: 0.2344643
	speed: 0.0057s/iter; left time: 67.1479s
	iters: 2100, epoch: 5 | loss: 0.2630585
	speed: 0.0054s/iter; left time: 63.6046s
	iters: 2200, epoch: 5 | loss: 0.2275380
	speed: 0.0055s/iter; left time: 64.2600s
	iters: 2300, epoch: 5 | loss: 0.1993431
	speed: 0.0054s/iter; left time: 62.3442s
Epoch: 5 cost time: 14.19806694984436
Epoch: 5, Steps: 2301 | Train Loss: 0.3392386 Vali Loss: 0.2883143 Test Loss: 0.1038959
EarlyStopping counter: 2 out of 3
Updating learning rate to 6.25e-05
	iters: 100, epoch: 6 | loss: 0.5081704
	speed: 0.0736s/iter; left time: 839.1183s
	iters: 200, epoch: 6 | loss: 0.1198536
	speed: 0.0055s/iter; left time: 62.6782s
	iters: 300, epoch: 6 | loss: 0.3051751
	speed: 0.0074s/iter; left time: 82.7087s
	iters: 400, epoch: 6 | loss: 0.2867296
	speed: 0.0120s/iter; left time: 132.9311s
	iters: 500, epoch: 6 | loss: 0.1825670
	speed: 0.0086s/iter; left time: 95.1803s
	iters: 600, epoch: 6 | loss: 0.2519420
	speed: 0.0111s/iter; left time: 121.3943s
	iters: 700, epoch: 6 | loss: 1.3010989
	speed: 0.0089s/iter; left time: 95.7954s
	iters: 800, epoch: 6 | loss: 0.2133880
	speed: 0.0108s/iter; left time: 116.1398s
	iters: 900, epoch: 6 | loss: 0.1233435
	speed: 0.0113s/iter; left time: 120.3352s
	iters: 1000, epoch: 6 | loss: 0.1472479
	speed: 0.0118s/iter; left time: 123.7534s
	iters: 1100, epoch: 6 | loss: 0.5083678
	speed: 0.0118s/iter; left time: 122.6018s
	iters: 1200, epoch: 6 | loss: 0.4328155
	speed: 0.0122s/iter; left time: 125.9760s
	iters: 1300, epoch: 6 | loss: 0.1737275
	speed: 0.0124s/iter; left time: 126.8545s
	iters: 1400, epoch: 6 | loss: 0.2006177
	speed: 0.0057s/iter; left time: 57.2621s
	iters: 1500, epoch: 6 | loss: 0.1872066
	speed: 0.0057s/iter; left time: 56.6665s
	iters: 1600, epoch: 6 | loss: 0.2196400
	speed: 0.0056s/iter; left time: 55.8794s
	iters: 1700, epoch: 6 | loss: 0.2403588
	speed: 0.0056s/iter; left time: 54.9119s
	iters: 1800, epoch: 6 | loss: 0.1543669
	speed: 0.0056s/iter; left time: 54.5302s
	iters: 1900, epoch: 6 | loss: 0.2510802
	speed: 0.0056s/iter; left time: 53.8367s
	iters: 2000, epoch: 6 | loss: 0.1965692
	speed: 0.0055s/iter; left time: 52.4628s
	iters: 2100, epoch: 6 | loss: 0.2974001
	speed: 0.0055s/iter; left time: 51.8555s
	iters: 2200, epoch: 6 | loss: 0.1592900
	speed: 0.0054s/iter; left time: 50.4200s
	iters: 2300, epoch: 6 | loss: 0.2147860
	speed: 0.0055s/iter; left time: 50.2360s
Epoch: 6 cost time: 19.580134391784668
Epoch: 6, Steps: 2301 | Train Loss: 0.3381280 Vali Loss: 0.2863490 Test Loss: 0.1037604
Validation loss decreased (0.286630 --> 0.286349).  Saving model ...
Updating learning rate to 3.125e-05
	iters: 100, epoch: 7 | loss: 0.4644833
	speed: 0.1200s/iter; left time: 1092.9773s
	iters: 200, epoch: 7 | loss: 0.2124798
	speed: 0.0122s/iter; left time: 109.8785s
	iters: 300, epoch: 7 | loss: 0.2649423
	speed: 0.0099s/iter; left time: 88.5920s
	iters: 400, epoch: 7 | loss: 0.5123762
	speed: 0.0056s/iter; left time: 49.4234s
	iters: 500, epoch: 7 | loss: 0.1448254
	speed: 0.0056s/iter; left time: 48.7967s
	iters: 600, epoch: 7 | loss: 0.4100656
	speed: 0.0055s/iter; left time: 47.5377s
	iters: 700, epoch: 7 | loss: 0.2127643
	speed: 0.0066s/iter; left time: 56.2815s
	iters: 800, epoch: 7 | loss: 0.2763190
	speed: 0.0125s/iter; left time: 105.3061s
	iters: 900, epoch: 7 | loss: 0.1729857
	speed: 0.0122s/iter; left time: 101.1775s
	iters: 1000, epoch: 7 | loss: 0.1764010
	speed: 0.0122s/iter; left time: 100.0408s
	iters: 1100, epoch: 7 | loss: 0.5353950
	speed: 0.0122s/iter; left time: 99.0299s
	iters: 1200, epoch: 7 | loss: 0.2558496
	speed: 0.0123s/iter; left time: 98.3803s
	iters: 1300, epoch: 7 | loss: 0.1619819
	speed: 0.0130s/iter; left time: 102.7766s
	iters: 1400, epoch: 7 | loss: 0.1680710
	speed: 0.0129s/iter; left time: 100.5243s
	iters: 1500, epoch: 7 | loss: 0.2436979
	speed: 0.0072s/iter; left time: 55.5492s
	iters: 1600, epoch: 7 | loss: 6.0213513
	speed: 0.0056s/iter; left time: 42.6437s
	iters: 1700, epoch: 7 | loss: 0.2158521
	speed: 0.0055s/iter; left time: 41.4137s
	iters: 1800, epoch: 7 | loss: 0.2516917
	speed: 0.0055s/iter; left time: 40.4908s
	iters: 1900, epoch: 7 | loss: 0.7282282
	speed: 0.0055s/iter; left time: 39.9657s
	iters: 2000, epoch: 7 | loss: 0.1755883
	speed: 0.0053s/iter; left time: 38.0904s
	iters: 2100, epoch: 7 | loss: 1.3684520
	speed: 0.0054s/iter; left time: 38.0674s
	iters: 2200, epoch: 7 | loss: 0.1573846
	speed: 0.0054s/iter; left time: 37.7617s
	iters: 2300, epoch: 7 | loss: 0.2776658
	speed: 0.0114s/iter; left time: 78.5004s
Epoch: 7 cost time: 20.943238973617554
Epoch: 7, Steps: 2301 | Train Loss: 0.3375802 Vali Loss: 0.2883636 Test Loss: 0.1037200
EarlyStopping counter: 1 out of 3
Updating learning rate to 1.5625e-05
	iters: 100, epoch: 8 | loss: 0.1667319
	speed: 0.1535s/iter; left time: 1044.7207s
	iters: 200, epoch: 8 | loss: 0.1575160
	speed: 0.0129s/iter; left time: 86.7374s
	iters: 300, epoch: 8 | loss: 0.3658940
	speed: 0.0127s/iter; left time: 84.0830s
	iters: 400, epoch: 8 | loss: 0.4012071
	speed: 0.0125s/iter; left time: 81.3220s
	iters: 500, epoch: 8 | loss: 0.1768969
	speed: 0.0134s/iter; left time: 85.5347s
	iters: 600, epoch: 8 | loss: 0.1577703
	speed: 0.0133s/iter; left time: 83.6649s
	iters: 700, epoch: 8 | loss: 0.1064887
	speed: 0.0136s/iter; left time: 84.2911s
	iters: 800, epoch: 8 | loss: 0.5224986
	speed: 0.0134s/iter; left time: 82.0561s
	iters: 900, epoch: 8 | loss: 0.4958597
	speed: 0.0132s/iter; left time: 79.3210s
	iters: 1000, epoch: 8 | loss: 0.3056048
	speed: 0.0131s/iter; left time: 77.2909s
	iters: 1100, epoch: 8 | loss: 0.1296107
	speed: 0.0127s/iter; left time: 73.5291s
	iters: 1200, epoch: 8 | loss: 1.5167884
	speed: 0.0131s/iter; left time: 74.6151s
	iters: 1300, epoch: 8 | loss: 0.1581215
	speed: 0.0129s/iter; left time: 72.3575s
	iters: 1400, epoch: 8 | loss: 0.3418685
	speed: 0.0125s/iter; left time: 68.9031s
	iters: 1500, epoch: 8 | loss: 0.2601599
	speed: 0.0129s/iter; left time: 69.9043s
	iters: 1600, epoch: 8 | loss: 0.3263743
	speed: 0.0130s/iter; left time: 68.6922s
	iters: 1700, epoch: 8 | loss: 0.1659222
	speed: 0.0129s/iter; left time: 67.1480s
	iters: 1800, epoch: 8 | loss: 0.2072074
	speed: 0.0129s/iter; left time: 65.9282s
	iters: 1900, epoch: 8 | loss: 0.5446216
	speed: 0.0134s/iter; left time: 67.0715s
	iters: 2000, epoch: 8 | loss: 0.1671687
	speed: 0.0120s/iter; left time: 58.8371s
	iters: 2100, epoch: 8 | loss: 0.7976096
	speed: 0.0133s/iter; left time: 63.6607s
	iters: 2200, epoch: 8 | loss: 0.1887106
	speed: 0.0130s/iter; left time: 61.0365s
	iters: 2300, epoch: 8 | loss: 0.8313203
	speed: 0.0130s/iter; left time: 59.8011s
Epoch: 8 cost time: 30.904894828796387
Epoch: 8, Steps: 2301 | Train Loss: 0.3373035 Vali Loss: 0.2887702 Test Loss: 0.1041760
EarlyStopping counter: 2 out of 3
Updating learning rate to 7.8125e-06
	iters: 100, epoch: 9 | loss: 0.2120283
	speed: 0.1538s/iter; left time: 692.4545s
	iters: 200, epoch: 9 | loss: 0.1277922
	speed: 0.0133s/iter; left time: 58.7262s
	iters: 300, epoch: 9 | loss: 0.5220431
	speed: 0.0132s/iter; left time: 56.8527s
	iters: 400, epoch: 9 | loss: 0.1395618
	speed: 0.0134s/iter; left time: 56.3703s
	iters: 500, epoch: 9 | loss: 0.2527885
	speed: 0.0132s/iter; left time: 54.2680s
	iters: 600, epoch: 9 | loss: 0.3144445
	speed: 0.0131s/iter; left time: 52.4990s
	iters: 700, epoch: 9 | loss: 0.2976959
	speed: 0.0129s/iter; left time: 50.2872s
	iters: 800, epoch: 9 | loss: 0.8569781
	speed: 0.0130s/iter; left time: 49.3772s
	iters: 900, epoch: 9 | loss: 0.1276449
	speed: 0.0133s/iter; left time: 49.3145s
	iters: 1000, epoch: 9 | loss: 0.1945939
	speed: 0.0132s/iter; left time: 47.6223s
	iters: 1100, epoch: 9 | loss: 0.5246984
	speed: 0.0132s/iter; left time: 46.1633s
	iters: 1200, epoch: 9 | loss: 0.1324226
	speed: 0.0133s/iter; left time: 45.2481s
	iters: 1300, epoch: 9 | loss: 0.1666367
	speed: 0.0134s/iter; left time: 44.2101s
	iters: 1400, epoch: 9 | loss: 0.4989413
	speed: 0.0130s/iter; left time: 41.6769s
	iters: 1500, epoch: 9 | loss: 0.2982851
	speed: 0.0129s/iter; left time: 40.0105s
	iters: 1600, epoch: 9 | loss: 0.1268747
	speed: 0.0131s/iter; left time: 39.2683s
	iters: 1700, epoch: 9 | loss: 0.1487718
	speed: 0.0133s/iter; left time: 38.6409s
	iters: 1800, epoch: 9 | loss: 0.1792786
	speed: 0.0132s/iter; left time: 37.1194s
	iters: 1900, epoch: 9 | loss: 0.3442411
	speed: 0.0131s/iter; left time: 35.5346s
	iters: 2000, epoch: 9 | loss: 0.2065394
	speed: 0.0135s/iter; left time: 35.0801s
	iters: 2100, epoch: 9 | loss: 0.2572838
	speed: 0.0131s/iter; left time: 32.7887s
	iters: 2200, epoch: 9 | loss: 0.4606984
	speed: 0.0126s/iter; left time: 30.3214s
	iters: 2300, epoch: 9 | loss: 0.3640853
	speed: 0.0131s/iter; left time: 30.1934s
Epoch: 9 cost time: 31.192604541778564
Epoch: 9, Steps: 2301 | Train Loss: 0.3371662 Vali Loss: 0.2882597 Test Loss: 0.1040602
EarlyStopping counter: 3 out of 3
Early stopping
>>>>>>>testing : weather_48_24_GRevagLinear_custom_ftM_sl48_ll48_pl24_dm512_nh8_el2_dl1_df2048_fc1_ebtimeF_dtTrue_Exp_0<<<<<<<<<<<<<<<<<<<<<<<<<<<<<<<<<
test 10516
mse:0.10386929661035538, mae:0.13321711122989655
