Args in experiment:
Namespace(activation='gelu', batch_size=16, c_out=7, checkpoints='/spo/NewbornTime/tahir098/SVF/data/Extra/checkpoints/', d_ff=2048, d_layers=1, d_model=512, data='custom', data_path='weather.csv', dec_in=7, des='Exp', devices='0,1,2,3', distil=True, do_predict=False, dropout=0.05, e_layers=2, embed='timeF', embed_type=0, enc_in=21, factor=1, features='M', freq='h', gpu=0, individual=False, is_training=1, itr=1, label_len=48, learning_rate=0.001, loss='mse', lradj='type1', model='GRevagLinear', model_id='weather_720_24', moving_avg=25, n_heads=8, num_workers=10, output_attention=False, patience=3, pred_len=24, root_path='./dataset/', seq_len=720, target='OT', test_flop=False, train_epochs=10, train_only=False, use_amp=False, use_gpu=True, use_multi_gpu=False)
Use GPU: cuda:0
>>>>>>>start training : weather_720_24_GRevagLinear_custom_ftM_sl720_ll48_pl24_dm512_nh8_el2_dl1_df2048_fc1_ebtimeF_dtTrue_Exp_0>>>>>>>>>>>>>>>>>>>>>>>>>>
train 36144
val 5247
test 10516
	iters: 100, epoch: 1 | loss: 0.3152722
	speed: 0.0134s/iter; left time: 302.4658s
	iters: 200, epoch: 1 | loss: 0.2577280
	speed: 0.0067s/iter; left time: 149.0002s
	iters: 300, epoch: 1 | loss: 0.2872910
	speed: 0.0067s/iter; left time: 149.1323s
	iters: 400, epoch: 1 | loss: 0.3819371
	speed: 0.0063s/iter; left time: 139.3176s
	iters: 500, epoch: 1 | loss: 0.1418839
	speed: 0.0060s/iter; left time: 133.5000s
	iters: 600, epoch: 1 | loss: 0.1996569
	speed: 0.0060s/iter; left time: 131.6688s
	iters: 700, epoch: 1 | loss: 0.2115624
	speed: 0.0061s/iter; left time: 134.1408s
	iters: 800, epoch: 1 | loss: 0.1349876
	speed: 0.0065s/iter; left time: 141.5765s
	iters: 900, epoch: 1 | loss: 0.2005907
	speed: 0.0063s/iter; left time: 136.6748s
	iters: 1000, epoch: 1 | loss: 0.1705785
	speed: 0.0067s/iter; left time: 143.5901s
	iters: 1100, epoch: 1 | loss: 0.1488750
	speed: 0.0079s/iter; left time: 170.4143s
	iters: 1200, epoch: 1 | loss: 0.2411187
	speed: 0.0063s/iter; left time: 135.3654s
	iters: 1300, epoch: 1 | loss: 0.1614132
	speed: 0.0064s/iter; left time: 136.7880s
	iters: 1400, epoch: 1 | loss: 0.1477462
	speed: 0.0063s/iter; left time: 133.8008s
	iters: 1500, epoch: 1 | loss: 0.2604994
	speed: 0.0061s/iter; left time: 128.9431s
	iters: 1600, epoch: 1 | loss: 0.1791422
	speed: 0.0063s/iter; left time: 131.4683s
	iters: 1700, epoch: 1 | loss: 0.1281202
	speed: 0.0065s/iter; left time: 134.8595s
	iters: 1800, epoch: 1 | loss: 0.2015853
	speed: 0.0062s/iter; left time: 129.2445s
	iters: 1900, epoch: 1 | loss: 0.3333708
	speed: 0.0063s/iter; left time: 131.1632s
	iters: 2000, epoch: 1 | loss: 0.1125862
	speed: 0.0063s/iter; left time: 128.9465s
	iters: 2100, epoch: 1 | loss: 0.5076489
	speed: 0.0063s/iter; left time: 129.2034s
	iters: 2200, epoch: 1 | loss: 0.2145402
	speed: 0.0063s/iter; left time: 128.0882s
Epoch: 1 cost time: 15.247523307800293
Epoch: 1, Steps: 2259 | Train Loss: 0.3177411 Vali Loss: 0.2853684 Test Loss: 0.0963176
Validation loss decreased (inf --> 0.285368).  Saving model ...
Updating learning rate to 0.001
	iters: 100, epoch: 2 | loss: 0.5128613
	speed: 0.0726s/iter; left time: 1468.7071s
	iters: 200, epoch: 2 | loss: 0.1370181
	speed: 0.0064s/iter; left time: 128.3398s
	iters: 300, epoch: 2 | loss: 5.5884743
	speed: 0.0066s/iter; left time: 131.6298s
	iters: 400, epoch: 2 | loss: 0.2311048
	speed: 0.0065s/iter; left time: 129.4517s
	iters: 500, epoch: 2 | loss: 0.1746739
	speed: 0.0063s/iter; left time: 125.9206s
	iters: 600, epoch: 2 | loss: 0.1650762
	speed: 0.0062s/iter; left time: 122.1312s
	iters: 700, epoch: 2 | loss: 0.1884111
	speed: 0.0064s/iter; left time: 126.3657s
	iters: 800, epoch: 2 | loss: 0.1289642
	speed: 0.0064s/iter; left time: 124.7091s
	iters: 900, epoch: 2 | loss: 0.1384402
	speed: 0.0061s/iter; left time: 118.3111s
	iters: 1000, epoch: 2 | loss: 0.2101616
	speed: 0.0067s/iter; left time: 130.1312s
	iters: 1100, epoch: 2 | loss: 0.1397409
	speed: 0.0064s/iter; left time: 122.7291s
	iters: 1200, epoch: 2 | loss: 0.3114468
	speed: 0.0065s/iter; left time: 123.5300s
	iters: 1300, epoch: 2 | loss: 0.1092972
	speed: 0.0061s/iter; left time: 116.9471s
	iters: 1400, epoch: 2 | loss: 0.1333842
	speed: 0.0064s/iter; left time: 121.4258s
	iters: 1500, epoch: 2 | loss: 0.3147890
	speed: 0.0072s/iter; left time: 134.9253s
	iters: 1600, epoch: 2 | loss: 0.1936121
	speed: 0.0071s/iter; left time: 133.1182s
	iters: 1700, epoch: 2 | loss: 0.1534761
	speed: 0.0062s/iter; left time: 116.4244s
	iters: 1800, epoch: 2 | loss: 1.5491550
	speed: 0.0064s/iter; left time: 118.5787s
	iters: 1900, epoch: 2 | loss: 0.1697848
	speed: 0.0065s/iter; left time: 119.9679s
	iters: 2000, epoch: 2 | loss: 0.1717791
	speed: 0.0067s/iter; left time: 122.3699s
	iters: 2100, epoch: 2 | loss: 0.5470492
	speed: 0.0061s/iter; left time: 111.6405s
	iters: 2200, epoch: 2 | loss: 1.5608240
	speed: 0.0065s/iter; left time: 116.9661s
Epoch: 2 cost time: 15.369234800338745
Epoch: 2, Steps: 2259 | Train Loss: 0.2930328 Vali Loss: 0.2835830 Test Loss: 0.0972427
Validation loss decreased (0.285368 --> 0.283583).  Saving model ...
Updating learning rate to 0.0005
	iters: 100, epoch: 3 | loss: 0.3517364
	speed: 0.0723s/iter; left time: 1300.2605s
	iters: 200, epoch: 3 | loss: 0.3595340
	speed: 0.0064s/iter; left time: 114.0031s
	iters: 300, epoch: 3 | loss: 0.1786000
	speed: 0.0062s/iter; left time: 110.5873s
	iters: 400, epoch: 3 | loss: 0.1874578
	speed: 0.0062s/iter; left time: 109.7019s
	iters: 500, epoch: 3 | loss: 0.7707676
	speed: 0.0063s/iter; left time: 111.5864s
	iters: 600, epoch: 3 | loss: 0.1572431
	speed: 0.0063s/iter; left time: 109.6185s
	iters: 700, epoch: 3 | loss: 6.1674490
	speed: 0.0063s/iter; left time: 108.9793s
	iters: 800, epoch: 3 | loss: 0.1105617
	speed: 0.0064s/iter; left time: 109.7211s
	iters: 900, epoch: 3 | loss: 0.1043412
	speed: 0.0065s/iter; left time: 112.3006s
	iters: 1000, epoch: 3 | loss: 0.2535664
	speed: 0.0068s/iter; left time: 115.7563s
	iters: 1100, epoch: 3 | loss: 0.0735329
	speed: 0.0064s/iter; left time: 108.2211s
	iters: 1200, epoch: 3 | loss: 0.0889950
	speed: 0.0067s/iter; left time: 112.8259s
	iters: 1300, epoch: 3 | loss: 0.1570553
	speed: 0.0071s/iter; left time: 118.4148s
	iters: 1400, epoch: 3 | loss: 0.1172930
	speed: 0.0064s/iter; left time: 107.3540s
	iters: 1500, epoch: 3 | loss: 0.1190188
	speed: 0.0066s/iter; left time: 109.5729s
	iters: 1600, epoch: 3 | loss: 0.1547070
	speed: 0.0065s/iter; left time: 106.4539s
	iters: 1700, epoch: 3 | loss: 0.1161661
	speed: 0.0064s/iter; left time: 104.4328s
	iters: 1800, epoch: 3 | loss: 0.3128777
	speed: 0.0063s/iter; left time: 102.0225s
	iters: 1900, epoch: 3 | loss: 0.1283986
	speed: 0.0065s/iter; left time: 105.2352s
	iters: 2000, epoch: 3 | loss: 0.1232225
	speed: 0.0064s/iter; left time: 102.6901s
	iters: 2100, epoch: 3 | loss: 0.1137934
	speed: 0.0066s/iter; left time: 105.7053s
	iters: 2200, epoch: 3 | loss: 0.1347301
	speed: 0.0064s/iter; left time: 102.2835s
Epoch: 3 cost time: 15.328025579452515
Epoch: 3, Steps: 2259 | Train Loss: 0.2761562 Vali Loss: 0.2824148 Test Loss: 0.0981424
Validation loss decreased (0.283583 --> 0.282415).  Saving model ...
Updating learning rate to 0.00025
	iters: 100, epoch: 4 | loss: 0.0859729
	speed: 0.0711s/iter; left time: 1117.3351s
	iters: 200, epoch: 4 | loss: 1.7215497
	speed: 0.0064s/iter; left time: 100.3675s
	iters: 300, epoch: 4 | loss: 0.1336986
	speed: 0.0065s/iter; left time: 100.8765s
	iters: 400, epoch: 4 | loss: 0.1030213
	speed: 0.0066s/iter; left time: 101.8451s
	iters: 500, epoch: 4 | loss: 0.1176613
	speed: 0.0068s/iter; left time: 104.3487s
	iters: 600, epoch: 4 | loss: 0.1720228
	speed: 0.0067s/iter; left time: 102.3494s
	iters: 700, epoch: 4 | loss: 0.1152625
	speed: 0.0066s/iter; left time: 99.5249s
	iters: 800, epoch: 4 | loss: 0.6997112
	speed: 0.0065s/iter; left time: 97.5107s
	iters: 900, epoch: 4 | loss: 0.1273421
	speed: 0.0065s/iter; left time: 96.2554s
	iters: 1000, epoch: 4 | loss: 0.0722260
	speed: 0.0065s/iter; left time: 96.4104s
	iters: 1100, epoch: 4 | loss: 0.2234513
	speed: 0.0062s/iter; left time: 91.1714s
	iters: 1200, epoch: 4 | loss: 0.1094479
	speed: 0.0063s/iter; left time: 92.7455s
	iters: 1300, epoch: 4 | loss: 0.1471062
	speed: 0.0062s/iter; left time: 90.2451s
	iters: 1400, epoch: 4 | loss: 0.2031830
	speed: 0.0062s/iter; left time: 89.3747s
	iters: 1500, epoch: 4 | loss: 0.1194151
	speed: 0.0064s/iter; left time: 92.1998s
	iters: 1600, epoch: 4 | loss: 0.4182635
	speed: 0.0070s/iter; left time: 98.8679s
	iters: 1700, epoch: 4 | loss: 0.1846129
	speed: 0.0066s/iter; left time: 92.7325s
	iters: 1800, epoch: 4 | loss: 0.1669690
	speed: 0.0066s/iter; left time: 91.9380s
	iters: 1900, epoch: 4 | loss: 0.3059056
	speed: 0.0065s/iter; left time: 91.1203s
	iters: 2000, epoch: 4 | loss: 0.1556622
	speed: 0.0066s/iter; left time: 91.3307s
	iters: 2100, epoch: 4 | loss: 0.0994725
	speed: 0.0063s/iter; left time: 86.5586s
	iters: 2200, epoch: 4 | loss: 0.1229872
	speed: 0.0057s/iter; left time: 77.5035s
Epoch: 4 cost time: 15.267979860305786
Epoch: 4, Steps: 2259 | Train Loss: 0.2613214 Vali Loss: 0.2712290 Test Loss: 0.0962993
Validation loss decreased (0.282415 --> 0.271229).  Saving model ...
Updating learning rate to 0.000125
	iters: 100, epoch: 5 | loss: 0.1028827
	speed: 0.0722s/iter; left time: 971.0174s
	iters: 200, epoch: 5 | loss: 0.1317965
	speed: 0.0065s/iter; left time: 86.4124s
	iters: 300, epoch: 5 | loss: 0.0933770
	speed: 0.0065s/iter; left time: 86.4814s
	iters: 400, epoch: 5 | loss: 0.2174347
	speed: 0.0061s/iter; left time: 80.5180s
	iters: 500, epoch: 5 | loss: 0.2075266
	speed: 0.0062s/iter; left time: 80.9730s
	iters: 600, epoch: 5 | loss: 0.1932364
	speed: 0.0064s/iter; left time: 82.6384s
	iters: 700, epoch: 5 | loss: 0.6013337
	speed: 0.0064s/iter; left time: 81.7541s
	iters: 800, epoch: 5 | loss: 0.3103152
	speed: 0.0064s/iter; left time: 81.8860s
	iters: 900, epoch: 5 | loss: 0.1336116
	speed: 0.0066s/iter; left time: 83.5744s
	iters: 1000, epoch: 5 | loss: 0.1288123
	speed: 0.0057s/iter; left time: 71.6176s
	iters: 1100, epoch: 5 | loss: 0.0893301
	speed: 0.0057s/iter; left time: 70.7355s
	iters: 1200, epoch: 5 | loss: 0.1154243
	speed: 0.0057s/iter; left time: 70.9762s
	iters: 1300, epoch: 5 | loss: 0.4920485
	speed: 0.0057s/iter; left time: 69.7683s
	iters: 1400, epoch: 5 | loss: 0.0844648
	speed: 0.0071s/iter; left time: 86.8668s
	iters: 1500, epoch: 5 | loss: 0.5427094
	speed: 0.0072s/iter; left time: 86.7581s
	iters: 1600, epoch: 5 | loss: 0.1284641
	speed: 0.0071s/iter; left time: 84.5097s
	iters: 1700, epoch: 5 | loss: 0.1210316
	speed: 0.0066s/iter; left time: 78.4509s
	iters: 1800, epoch: 5 | loss: 0.1054202
	speed: 0.0065s/iter; left time: 76.1172s
	iters: 1900, epoch: 5 | loss: 0.1039914
	speed: 0.0065s/iter; left time: 76.2045s
	iters: 2000, epoch: 5 | loss: 0.2756288
	speed: 0.0067s/iter; left time: 77.7469s
	iters: 2100, epoch: 5 | loss: 0.2812226
	speed: 0.0067s/iter; left time: 77.2066s
	iters: 2200, epoch: 5 | loss: 0.0937942
	speed: 0.0071s/iter; left time: 80.6953s
Epoch: 5 cost time: 15.403854608535767
Epoch: 5, Steps: 2259 | Train Loss: 0.2491505 Vali Loss: 0.2710553 Test Loss: 0.0965395
Validation loss decreased (0.271229 --> 0.271055).  Saving model ...
Updating learning rate to 6.25e-05
	iters: 100, epoch: 6 | loss: 0.0787579
	speed: 0.0729s/iter; left time: 816.5273s
	iters: 200, epoch: 6 | loss: 0.0897697
	speed: 0.0064s/iter; left time: 71.1331s
	iters: 300, epoch: 6 | loss: 0.0932893
	speed: 0.0068s/iter; left time: 74.5378s
	iters: 400, epoch: 6 | loss: 0.1680382
	speed: 0.0066s/iter; left time: 71.6677s
	iters: 500, epoch: 6 | loss: 1.1507964
	speed: 0.0066s/iter; left time: 71.0492s
	iters: 600, epoch: 6 | loss: 0.0978345
	speed: 0.0066s/iter; left time: 70.4295s
	iters: 700, epoch: 6 | loss: 0.1528988
	speed: 0.0064s/iter; left time: 67.8347s
	iters: 800, epoch: 6 | loss: 0.1047149
	speed: 0.0064s/iter; left time: 67.3359s
	iters: 900, epoch: 6 | loss: 0.0741405
	speed: 0.0065s/iter; left time: 67.8056s
	iters: 1000, epoch: 6 | loss: 0.4550856
	speed: 0.0064s/iter; left time: 66.0926s
	iters: 1100, epoch: 6 | loss: 0.1426175
	speed: 0.0065s/iter; left time: 66.1917s
	iters: 1200, epoch: 6 | loss: 0.9674472
	speed: 0.0063s/iter; left time: 63.1972s
	iters: 1300, epoch: 6 | loss: 0.0973695
	speed: 0.0064s/iter; left time: 64.1953s
	iters: 1400, epoch: 6 | loss: 0.0842019
	speed: 0.0065s/iter; left time: 64.2576s
	iters: 1500, epoch: 6 | loss: 0.1158042
	speed: 0.0063s/iter; left time: 61.3876s
	iters: 1600, epoch: 6 | loss: 1.3922199
	speed: 0.0065s/iter; left time: 62.8034s
	iters: 1700, epoch: 6 | loss: 0.0839470
	speed: 0.0063s/iter; left time: 60.3314s
	iters: 1800, epoch: 6 | loss: 0.5750209
	speed: 0.0063s/iter; left time: 59.3985s
	iters: 1900, epoch: 6 | loss: 0.2433373
	speed: 0.0062s/iter; left time: 58.5085s
	iters: 2000, epoch: 6 | loss: 0.1260570
	speed: 0.0062s/iter; left time: 58.0067s
	iters: 2100, epoch: 6 | loss: 0.1621894
	speed: 0.0064s/iter; left time: 58.9535s
	iters: 2200, epoch: 6 | loss: 0.1266137
	speed: 0.0062s/iter; left time: 56.1147s
Epoch: 6 cost time: 15.281037092208862
Epoch: 6, Steps: 2259 | Train Loss: 0.2421839 Vali Loss: 0.2701471 Test Loss: 0.0970874
Validation loss decreased (0.271055 --> 0.270147).  Saving model ...
Updating learning rate to 3.125e-05
	iters: 100, epoch: 7 | loss: 0.1236821
	speed: 0.0785s/iter; left time: 701.5534s
	iters: 200, epoch: 7 | loss: 0.1853070
	speed: 0.0068s/iter; left time: 60.0931s
	iters: 300, epoch: 7 | loss: 1.2671565
	speed: 0.0064s/iter; left time: 55.8960s
	iters: 400, epoch: 7 | loss: 0.1115483
	speed: 0.0064s/iter; left time: 54.9850s
	iters: 500, epoch: 7 | loss: 0.1673605
	speed: 0.0063s/iter; left time: 54.0137s
	iters: 600, epoch: 7 | loss: 0.1500184
	speed: 0.0060s/iter; left time: 50.6849s
	iters: 700, epoch: 7 | loss: 0.2102607
	speed: 0.0056s/iter; left time: 46.5008s
	iters: 800, epoch: 7 | loss: 0.0734504
	speed: 0.0057s/iter; left time: 46.8961s
	iters: 900, epoch: 7 | loss: 0.0783771
	speed: 0.0064s/iter; left time: 52.0270s
	iters: 1000, epoch: 7 | loss: 0.1034043
	speed: 0.0062s/iter; left time: 50.1191s
	iters: 1100, epoch: 7 | loss: 0.1584192
	speed: 0.0063s/iter; left time: 49.9491s
	iters: 1200, epoch: 7 | loss: 0.1373564
	speed: 0.0059s/iter; left time: 46.5969s
	iters: 1300, epoch: 7 | loss: 0.4889445
	speed: 0.0056s/iter; left time: 43.3873s
	iters: 1400, epoch: 7 | loss: 0.1373554
	speed: 0.0063s/iter; left time: 48.0973s
	iters: 1500, epoch: 7 | loss: 0.9691251
	speed: 0.0064s/iter; left time: 48.3468s
	iters: 1600, epoch: 7 | loss: 0.1174054
	speed: 0.0063s/iter; left time: 47.0659s
	iters: 1700, epoch: 7 | loss: 0.1509449
	speed: 0.0063s/iter; left time: 46.3353s
	iters: 1800, epoch: 7 | loss: 0.1927725
	speed: 0.0069s/iter; left time: 49.6075s
	iters: 1900, epoch: 7 | loss: 0.0900401
	speed: 0.0065s/iter; left time: 46.2503s
	iters: 2000, epoch: 7 | loss: 0.2028052
	speed: 0.0068s/iter; left time: 48.0847s
	iters: 2100, epoch: 7 | loss: 0.1869541
	speed: 0.0066s/iter; left time: 45.5382s
	iters: 2200, epoch: 7 | loss: 0.1332040
	speed: 0.0067s/iter; left time: 45.6529s
Epoch: 7 cost time: 14.998233795166016
Epoch: 7, Steps: 2259 | Train Loss: 0.2384302 Vali Loss: 0.2697982 Test Loss: 0.0976884
Validation loss decreased (0.270147 --> 0.269798).  Saving model ...
Updating learning rate to 1.5625e-05
	iters: 100, epoch: 8 | loss: 0.1566062
	speed: 0.0725s/iter; left time: 484.2653s
	iters: 200, epoch: 8 | loss: 0.2105228
	speed: 0.0064s/iter; left time: 42.2076s
	iters: 300, epoch: 8 | loss: 0.0934082
	speed: 0.0060s/iter; left time: 38.9824s
	iters: 400, epoch: 8 | loss: 0.3393271
	speed: 0.0064s/iter; left time: 40.6717s
	iters: 500, epoch: 8 | loss: 0.1091062
	speed: 0.0064s/iter; left time: 40.1074s
	iters: 600, epoch: 8 | loss: 0.2631730
	speed: 0.0066s/iter; left time: 40.5997s
	iters: 700, epoch: 8 | loss: 0.2184451
	speed: 0.0070s/iter; left time: 42.4002s
	iters: 800, epoch: 8 | loss: 0.1645957
	speed: 0.0067s/iter; left time: 40.0983s
	iters: 900, epoch: 8 | loss: 0.1028829
	speed: 0.0060s/iter; left time: 35.2365s
	iters: 1000, epoch: 8 | loss: 0.2369522
	speed: 0.0064s/iter; left time: 36.8788s
	iters: 1100, epoch: 8 | loss: 0.1451737
	speed: 0.0072s/iter; left time: 40.7583s
	iters: 1200, epoch: 8 | loss: 0.1119131
	speed: 0.0069s/iter; left time: 38.7124s
	iters: 1300, epoch: 8 | loss: 0.0828050
	speed: 0.0069s/iter; left time: 37.7020s
	iters: 1400, epoch: 8 | loss: 0.2929077
	speed: 0.0064s/iter; left time: 34.4096s
	iters: 1500, epoch: 8 | loss: 0.2385461
	speed: 0.0062s/iter; left time: 32.6673s
	iters: 1600, epoch: 8 | loss: 0.0922749
	speed: 0.0064s/iter; left time: 33.0146s
	iters: 1700, epoch: 8 | loss: 0.1467008
	speed: 0.0066s/iter; left time: 33.4072s
	iters: 1800, epoch: 8 | loss: 0.1358250
	speed: 0.0069s/iter; left time: 34.1268s
	iters: 1900, epoch: 8 | loss: 0.0620353
	speed: 0.0068s/iter; left time: 33.4103s
	iters: 2000, epoch: 8 | loss: 0.2006377
	speed: 0.0064s/iter; left time: 30.7067s
	iters: 2100, epoch: 8 | loss: 0.0947046
	speed: 0.0061s/iter; left time: 28.3705s
	iters: 2200, epoch: 8 | loss: 0.0823468
	speed: 0.0064s/iter; left time: 29.1636s
Epoch: 8 cost time: 15.504055261611938
Epoch: 8, Steps: 2259 | Train Loss: 0.2364803 Vali Loss: 0.2710779 Test Loss: 0.0980658
EarlyStopping counter: 1 out of 3
Updating learning rate to 7.8125e-06
	iters: 100, epoch: 9 | loss: 0.2533116
	speed: 0.0716s/iter; left time: 316.4464s
	iters: 200, epoch: 9 | loss: 0.0827636
	speed: 0.0060s/iter; left time: 25.7385s
	iters: 300, epoch: 9 | loss: 0.1996627
	speed: 0.0064s/iter; left time: 26.8421s
	iters: 400, epoch: 9 | loss: 0.3236856
	speed: 0.0064s/iter; left time: 26.4051s
	iters: 500, epoch: 9 | loss: 0.5657308
	speed: 0.0061s/iter; left time: 24.6339s
	iters: 600, epoch: 9 | loss: 0.1282140
	speed: 0.0060s/iter; left time: 23.3834s
	iters: 700, epoch: 9 | loss: 0.0728573
	speed: 0.0061s/iter; left time: 23.1353s
	iters: 800, epoch: 9 | loss: 0.1076831
	speed: 0.0059s/iter; left time: 21.8231s
	iters: 900, epoch: 9 | loss: 0.2534124
	speed: 0.0060s/iter; left time: 21.5349s
	iters: 1000, epoch: 9 | loss: 0.9397125
	speed: 0.0059s/iter; left time: 20.8409s
	iters: 1100, epoch: 9 | loss: 0.1080308
	speed: 0.0064s/iter; left time: 21.9923s
	iters: 1200, epoch: 9 | loss: 0.1740627
	speed: 0.0066s/iter; left time: 21.9121s
	iters: 1300, epoch: 9 | loss: 0.1835347
	speed: 0.0064s/iter; left time: 20.7515s
	iters: 1400, epoch: 9 | loss: 0.0947160
	speed: 0.0065s/iter; left time: 20.2516s
	iters: 1500, epoch: 9 | loss: 0.0734652
	speed: 0.0067s/iter; left time: 20.0942s
	iters: 1600, epoch: 9 | loss: 0.1169325
	speed: 0.0070s/iter; left time: 20.3664s
	iters: 1700, epoch: 9 | loss: 0.9799325
	speed: 0.0066s/iter; left time: 18.6480s
	iters: 1800, epoch: 9 | loss: 0.1160104
	speed: 0.0066s/iter; left time: 17.9563s
	iters: 1900, epoch: 9 | loss: 0.0539686
	speed: 0.0063s/iter; left time: 16.5167s
	iters: 2000, epoch: 9 | loss: 1.3661983
	speed: 0.0063s/iter; left time: 15.8460s
	iters: 2100, epoch: 9 | loss: 0.1376141
	speed: 0.0068s/iter; left time: 16.4702s
	iters: 2200, epoch: 9 | loss: 0.2680432
	speed: 0.0064s/iter; left time: 14.8274s
Epoch: 9 cost time: 15.043330430984497
Epoch: 9, Steps: 2259 | Train Loss: 0.2354950 Vali Loss: 0.2709228 Test Loss: 0.0979021
EarlyStopping counter: 2 out of 3
Updating learning rate to 3.90625e-06
	iters: 100, epoch: 10 | loss: 0.0950004
	speed: 0.0727s/iter; left time: 156.9284s
	iters: 200, epoch: 10 | loss: 0.1107849
	speed: 0.0063s/iter; left time: 12.9615s
	iters: 300, epoch: 10 | loss: 0.1059585
	speed: 0.0071s/iter; left time: 13.8637s
	iters: 400, epoch: 10 | loss: 0.2485620
	speed: 0.0064s/iter; left time: 11.8775s
	iters: 500, epoch: 10 | loss: 0.1111294
	speed: 0.0061s/iter; left time: 10.7647s
	iters: 600, epoch: 10 | loss: 0.1843577
	speed: 0.0065s/iter; left time: 10.8226s
	iters: 700, epoch: 10 | loss: 0.0701613
	speed: 0.0064s/iter; left time: 9.9650s
	iters: 800, epoch: 10 | loss: 0.0877292
	speed: 0.0062s/iter; left time: 9.0517s
	iters: 900, epoch: 10 | loss: 0.0821150
	speed: 0.0061s/iter; left time: 8.3604s
	iters: 1000, epoch: 10 | loss: 0.1046113
	speed: 0.0068s/iter; left time: 8.5325s
	iters: 1100, epoch: 10 | loss: 0.0979700
	speed: 0.0065s/iter; left time: 7.5427s
	iters: 1200, epoch: 10 | loss: 0.0868873
	speed: 0.0064s/iter; left time: 6.8292s
	iters: 1300, epoch: 10 | loss: 0.1849383
	speed: 0.0065s/iter; left time: 6.2866s
	iters: 1400, epoch: 10 | loss: 0.1327931
	speed: 0.0069s/iter; left time: 5.9387s
	iters: 1500, epoch: 10 | loss: 0.0710989
	speed: 0.0062s/iter; left time: 4.7285s
	iters: 1600, epoch: 10 | loss: 0.2614502
	speed: 0.0061s/iter; left time: 4.0306s
	iters: 1700, epoch: 10 | loss: 0.1430057
	speed: 0.0064s/iter; left time: 3.5676s
	iters: 1800, epoch: 10 | loss: 0.1424861
	speed: 0.0064s/iter; left time: 2.9326s
	iters: 1900, epoch: 10 | loss: 0.0562506
	speed: 0.0073s/iter; left time: 2.6316s
	iters: 2000, epoch: 10 | loss: 0.0866620
	speed: 0.0068s/iter; left time: 1.7578s
	iters: 2100, epoch: 10 | loss: 0.1836768
	speed: 0.0066s/iter; left time: 1.0495s
	iters: 2200, epoch: 10 | loss: 0.1934885
	speed: 0.0065s/iter; left time: 0.3917s
Epoch: 10 cost time: 15.45152759552002
Epoch: 10, Steps: 2259 | Train Loss: 0.2349685 Vali Loss: 0.2706145 Test Loss: 0.0978757
EarlyStopping counter: 3 out of 3
Early stopping
>>>>>>>testing : weather_720_24_GRevagLinear_custom_ftM_sl720_ll48_pl24_dm512_nh8_el2_dl1_df2048_fc1_ebtimeF_dtTrue_Exp_0<<<<<<<<<<<<<<<<<<<<<<<<<<<<<<<<<
test 10516
mse:0.09775752574205399, mae:0.1307912915945053
