Args in experiment:
Namespace(activation='gelu', batch_size=16, c_out=7, checkpoints='/spo/NewbornTime/tahir098/SVF/data/Extra/checkpoints/', d_ff=2048, d_layers=1, d_model=512, data='custom', data_path='weather.csv', dec_in=7, des='Exp', devices='0,1,2,3', distil=True, do_predict=False, dropout=0.05, e_layers=2, embed='timeF', embed_type=0, enc_in=21, factor=1, features='M', freq='h', gpu=0, individual=False, is_training=1, itr=1, label_len=48, learning_rate=0.001, loss='mse', lradj='type1', model='GRevagLinear', model_id='weather_504_24', moving_avg=25, n_heads=8, num_workers=10, output_attention=False, patience=3, pred_len=24, root_path='./dataset/', seq_len=504, target='OT', test_flop=False, train_epochs=10, train_only=False, use_amp=False, use_gpu=True, use_multi_gpu=False)
Use GPU: cuda:0
>>>>>>>start training : weather_504_24_GRevagLinear_custom_ftM_sl504_ll48_pl24_dm512_nh8_el2_dl1_df2048_fc1_ebtimeF_dtTrue_Exp_0>>>>>>>>>>>>>>>>>>>>>>>>>>
train 36360
val 5247
test 10516
	iters: 100, epoch: 1 | loss: 0.3036600
	speed: 0.0127s/iter; left time: 287.2542s
	iters: 200, epoch: 1 | loss: 0.1844730
	speed: 0.0060s/iter; left time: 134.4237s
	iters: 300, epoch: 1 | loss: 0.2123617
	speed: 0.0061s/iter; left time: 136.6338s
	iters: 400, epoch: 1 | loss: 0.2735661
	speed: 0.0062s/iter; left time: 138.1538s
	iters: 500, epoch: 1 | loss: 0.1537134
	speed: 0.0061s/iter; left time: 134.6340s
	iters: 600, epoch: 1 | loss: 0.1544887
	speed: 0.0059s/iter; left time: 129.6152s
	iters: 700, epoch: 1 | loss: 0.1553991
	speed: 0.0062s/iter; left time: 136.8001s
	iters: 800, epoch: 1 | loss: 0.2881396
	speed: 0.0062s/iter; left time: 136.3770s
	iters: 900, epoch: 1 | loss: 0.1620848
	speed: 0.0064s/iter; left time: 139.2790s
	iters: 1000, epoch: 1 | loss: 0.2456423
	speed: 0.0060s/iter; left time: 131.0348s
	iters: 1100, epoch: 1 | loss: 0.2373183
	speed: 0.0074s/iter; left time: 159.8303s
	iters: 1200, epoch: 1 | loss: 0.2013295
	speed: 0.0069s/iter; left time: 147.7176s
	iters: 1300, epoch: 1 | loss: 0.1191411
	speed: 0.0068s/iter; left time: 145.5737s
	iters: 1400, epoch: 1 | loss: 0.1281424
	speed: 0.0062s/iter; left time: 131.6570s
	iters: 1500, epoch: 1 | loss: 0.1870121
	speed: 0.0059s/iter; left time: 125.6651s
	iters: 1600, epoch: 1 | loss: 0.2597701
	speed: 0.0065s/iter; left time: 137.0046s
	iters: 1700, epoch: 1 | loss: 0.1493438
	speed: 0.0061s/iter; left time: 128.3271s
	iters: 1800, epoch: 1 | loss: 0.1315804
	speed: 0.0062s/iter; left time: 129.5933s
	iters: 1900, epoch: 1 | loss: 0.1707594
	speed: 0.0059s/iter; left time: 122.2767s
	iters: 2000, epoch: 1 | loss: 0.1043719
	speed: 0.0055s/iter; left time: 114.1541s
	iters: 2100, epoch: 1 | loss: 0.3001353
	speed: 0.0063s/iter; left time: 129.4132s
	iters: 2200, epoch: 1 | loss: 0.1430932
	speed: 0.0063s/iter; left time: 129.8907s
Epoch: 1 cost time: 14.949404954910278
Epoch: 1, Steps: 2272 | Train Loss: 0.3150483 Vali Loss: 0.2898986 Test Loss: 0.0959269
Validation loss decreased (inf --> 0.289899).  Saving model ...
Updating learning rate to 0.001
	iters: 100, epoch: 2 | loss: 0.2521762
	speed: 0.0712s/iter; left time: 1449.7146s
	iters: 200, epoch: 2 | loss: 0.2268279
	speed: 0.0064s/iter; left time: 128.6691s
	iters: 300, epoch: 2 | loss: 0.1503050
	speed: 0.0066s/iter; left time: 133.7783s
	iters: 400, epoch: 2 | loss: 0.1540762
	speed: 0.0062s/iter; left time: 123.6716s
	iters: 500, epoch: 2 | loss: 0.2394643
	speed: 0.0059s/iter; left time: 117.1657s
	iters: 600, epoch: 2 | loss: 0.4170983
	speed: 0.0061s/iter; left time: 120.1256s
	iters: 700, epoch: 2 | loss: 0.1099909
	speed: 0.0063s/iter; left time: 124.0822s
	iters: 800, epoch: 2 | loss: 0.0939301
	speed: 0.0063s/iter; left time: 124.0296s
	iters: 900, epoch: 2 | loss: 0.1662102
	speed: 0.0068s/iter; left time: 132.5221s
	iters: 1000, epoch: 2 | loss: 0.1560337
	speed: 0.0074s/iter; left time: 143.9867s
	iters: 1100, epoch: 2 | loss: 0.1088766
	speed: 0.0066s/iter; left time: 126.9094s
	iters: 1200, epoch: 2 | loss: 0.3023160
	speed: 0.0062s/iter; left time: 118.5437s
	iters: 1300, epoch: 2 | loss: 0.3010266
	speed: 0.0063s/iter; left time: 121.0226s
	iters: 1400, epoch: 2 | loss: 0.1953151
	speed: 0.0063s/iter; left time: 119.7007s
	iters: 1500, epoch: 2 | loss: 0.1935629
	speed: 0.0063s/iter; left time: 119.4729s
	iters: 1600, epoch: 2 | loss: 0.1543558
	speed: 0.0069s/iter; left time: 129.4174s
	iters: 1700, epoch: 2 | loss: 0.2842766
	speed: 0.0063s/iter; left time: 119.0193s
	iters: 1800, epoch: 2 | loss: 0.1419889
	speed: 0.0066s/iter; left time: 122.1680s
	iters: 1900, epoch: 2 | loss: 0.2636530
	speed: 0.0062s/iter; left time: 115.0484s
	iters: 2000, epoch: 2 | loss: 0.0995617
	speed: 0.0062s/iter; left time: 114.7949s
	iters: 2100, epoch: 2 | loss: 0.3042725
	speed: 0.0060s/iter; left time: 109.8812s
	iters: 2200, epoch: 2 | loss: 0.1690477
	speed: 0.0063s/iter; left time: 115.5570s
Epoch: 2 cost time: 15.295362710952759
Epoch: 2, Steps: 2272 | Train Loss: 0.2955776 Vali Loss: 0.2770078 Test Loss: 0.0918127
Validation loss decreased (0.289899 --> 0.277008).  Saving model ...
Updating learning rate to 0.0005
	iters: 100, epoch: 3 | loss: 0.1015945
	speed: 0.0727s/iter; left time: 1313.6651s
	iters: 200, epoch: 3 | loss: 0.1382917
	speed: 0.0060s/iter; left time: 107.4714s
	iters: 300, epoch: 3 | loss: 0.1414376
	speed: 0.0061s/iter; left time: 108.7082s
	iters: 400, epoch: 3 | loss: 0.2476267
	speed: 0.0060s/iter; left time: 106.4129s
	iters: 500, epoch: 3 | loss: 0.3051944
	speed: 0.0062s/iter; left time: 108.9279s
	iters: 600, epoch: 3 | loss: 0.3332962
	speed: 0.0061s/iter; left time: 107.4189s
	iters: 700, epoch: 3 | loss: 0.0941717
	speed: 0.0060s/iter; left time: 104.9752s
	iters: 800, epoch: 3 | loss: 0.1554650
	speed: 0.0060s/iter; left time: 104.1605s
	iters: 900, epoch: 3 | loss: 0.1024606
	speed: 0.0060s/iter; left time: 102.9347s
	iters: 1000, epoch: 3 | loss: 0.1161517
	speed: 0.0062s/iter; left time: 107.1657s
	iters: 1100, epoch: 3 | loss: 0.0886949
	speed: 0.0061s/iter; left time: 103.3343s
	iters: 1200, epoch: 3 | loss: 0.0902931
	speed: 0.0059s/iter; left time: 99.9014s
	iters: 1300, epoch: 3 | loss: 0.2568619
	speed: 0.0059s/iter; left time: 99.9586s
	iters: 1400, epoch: 3 | loss: 0.1850127
	speed: 0.0059s/iter; left time: 98.6004s
	iters: 1500, epoch: 3 | loss: 0.1361363
	speed: 0.0059s/iter; left time: 98.7384s
	iters: 1600, epoch: 3 | loss: 0.1442027
	speed: 0.0060s/iter; left time: 99.4428s
	iters: 1700, epoch: 3 | loss: 0.1868065
	speed: 0.0061s/iter; left time: 101.1383s
	iters: 1800, epoch: 3 | loss: 0.1658848
	speed: 0.0061s/iter; left time: 99.5483s
	iters: 1900, epoch: 3 | loss: 0.1555004
	speed: 0.0061s/iter; left time: 99.1980s
	iters: 2000, epoch: 3 | loss: 0.1314536
	speed: 0.0061s/iter; left time: 98.7920s
	iters: 2100, epoch: 3 | loss: 0.6932626
	speed: 0.0063s/iter; left time: 101.7296s
	iters: 2200, epoch: 3 | loss: 0.4225949
	speed: 0.0059s/iter; left time: 93.7508s
Epoch: 3 cost time: 14.621598958969116
Epoch: 3, Steps: 2272 | Train Loss: 0.2811012 Vali Loss: 0.2730484 Test Loss: 0.0926837
Validation loss decreased (0.277008 --> 0.273048).  Saving model ...
Updating learning rate to 0.00025
	iters: 100, epoch: 4 | loss: 0.2298870
	speed: 0.0718s/iter; left time: 1135.4888s
	iters: 200, epoch: 4 | loss: 0.1928419
	speed: 0.0060s/iter; left time: 93.5901s
	iters: 300, epoch: 4 | loss: 0.1822988
	speed: 0.0058s/iter; left time: 90.4956s
	iters: 400, epoch: 4 | loss: 0.1423532
	speed: 0.0060s/iter; left time: 93.4462s
	iters: 500, epoch: 4 | loss: 0.1054845
	speed: 0.0062s/iter; left time: 94.8337s
	iters: 600, epoch: 4 | loss: 5.4781861
	speed: 0.0058s/iter; left time: 89.4014s
	iters: 700, epoch: 4 | loss: 0.0749856
	speed: 0.0057s/iter; left time: 86.8185s
	iters: 800, epoch: 4 | loss: 0.1727186
	speed: 0.0059s/iter; left time: 89.8482s
	iters: 900, epoch: 4 | loss: 0.5041946
	speed: 0.0059s/iter; left time: 88.2713s
	iters: 1000, epoch: 4 | loss: 0.1688322
	speed: 0.0059s/iter; left time: 88.3448s
	iters: 1100, epoch: 4 | loss: 0.1097142
	speed: 0.0060s/iter; left time: 88.1234s
	iters: 1200, epoch: 4 | loss: 0.1066467
	speed: 0.0060s/iter; left time: 87.5630s
	iters: 1300, epoch: 4 | loss: 0.1237861
	speed: 0.0060s/iter; left time: 88.1712s
	iters: 1400, epoch: 4 | loss: 0.1564978
	speed: 0.0062s/iter; left time: 90.0150s
	iters: 1500, epoch: 4 | loss: 0.0895366
	speed: 0.0060s/iter; left time: 86.7748s
	iters: 1600, epoch: 4 | loss: 1.6138631
	speed: 0.0060s/iter; left time: 86.4764s
	iters: 1700, epoch: 4 | loss: 0.1172712
	speed: 0.0061s/iter; left time: 87.0807s
	iters: 1800, epoch: 4 | loss: 0.4538514
	speed: 0.0061s/iter; left time: 85.3829s
	iters: 1900, epoch: 4 | loss: 0.1917883
	speed: 0.0060s/iter; left time: 84.1194s
	iters: 2000, epoch: 4 | loss: 0.1612003
	speed: 0.0060s/iter; left time: 83.4496s
	iters: 2100, epoch: 4 | loss: 0.2254375
	speed: 0.0061s/iter; left time: 83.8504s
	iters: 2200, epoch: 4 | loss: 0.1335213
	speed: 0.0059s/iter; left time: 81.3644s
Epoch: 4 cost time: 14.431604385375977
Epoch: 4, Steps: 2272 | Train Loss: 0.2721106 Vali Loss: 0.2688186 Test Loss: 0.0912946
Validation loss decreased (0.273048 --> 0.268819).  Saving model ...
Updating learning rate to 0.000125
	iters: 100, epoch: 5 | loss: 0.1583350
	speed: 0.0735s/iter; left time: 994.2891s
	iters: 200, epoch: 5 | loss: 5.2959838
	speed: 0.0060s/iter; left time: 80.6095s
	iters: 300, epoch: 5 | loss: 0.1278036
	speed: 0.0061s/iter; left time: 81.8440s
	iters: 400, epoch: 5 | loss: 1.3181762
	speed: 0.0060s/iter; left time: 79.8789s
	iters: 500, epoch: 5 | loss: 0.1701991
	speed: 0.0061s/iter; left time: 80.0653s
	iters: 600, epoch: 5 | loss: 0.2475586
	speed: 0.0061s/iter; left time: 79.6395s
	iters: 700, epoch: 5 | loss: 0.0834982
	speed: 0.0064s/iter; left time: 83.4140s
	iters: 800, epoch: 5 | loss: 0.1085687
	speed: 0.0062s/iter; left time: 79.6061s
	iters: 900, epoch: 5 | loss: 0.1179531
	speed: 0.0062s/iter; left time: 79.3248s
	iters: 1000, epoch: 5 | loss: 0.1318824
	speed: 0.0064s/iter; left time: 80.2650s
	iters: 1100, epoch: 5 | loss: 0.1635195
	speed: 0.0063s/iter; left time: 79.5035s
	iters: 1200, epoch: 5 | loss: 0.1201947
	speed: 0.0062s/iter; left time: 77.6926s
	iters: 1300, epoch: 5 | loss: 0.3460027
	speed: 0.0062s/iter; left time: 76.6944s
	iters: 1400, epoch: 5 | loss: 0.1626610
	speed: 0.0062s/iter; left time: 75.4981s
	iters: 1500, epoch: 5 | loss: 0.1895673
	speed: 0.0062s/iter; left time: 74.6214s
	iters: 1600, epoch: 5 | loss: 0.1471286
	speed: 0.0061s/iter; left time: 73.8897s
	iters: 1700, epoch: 5 | loss: 0.1878997
	speed: 0.0062s/iter; left time: 73.4813s
	iters: 1800, epoch: 5 | loss: 0.1170921
	speed: 0.0061s/iter; left time: 71.6108s
	iters: 1900, epoch: 5 | loss: 0.1196066
	speed: 0.0062s/iter; left time: 72.1837s
	iters: 2000, epoch: 5 | loss: 0.1434784
	speed: 0.0062s/iter; left time: 71.6506s
	iters: 2100, epoch: 5 | loss: 0.1549022
	speed: 0.0059s/iter; left time: 68.5653s
	iters: 2200, epoch: 5 | loss: 0.1266487
	speed: 0.0060s/iter; left time: 68.6833s
Epoch: 5 cost time: 14.83278203010559
Epoch: 5, Steps: 2272 | Train Loss: 0.2655295 Vali Loss: 0.2680472 Test Loss: 0.0920908
Validation loss decreased (0.268819 --> 0.268047).  Saving model ...
Updating learning rate to 6.25e-05
	iters: 100, epoch: 6 | loss: 0.1277458
	speed: 0.0724s/iter; left time: 815.0527s
	iters: 200, epoch: 6 | loss: 1.1570638
	speed: 0.0061s/iter; left time: 68.1400s
	iters: 300, epoch: 6 | loss: 0.0982952
	speed: 0.0061s/iter; left time: 67.7383s
	iters: 400, epoch: 6 | loss: 0.1597354
	speed: 0.0062s/iter; left time: 67.9865s
	iters: 500, epoch: 6 | loss: 0.1633622
	speed: 0.0063s/iter; left time: 68.4814s
	iters: 600, epoch: 6 | loss: 0.1524080
	speed: 0.0064s/iter; left time: 68.8295s
	iters: 700, epoch: 6 | loss: 0.0849433
	speed: 0.0063s/iter; left time: 67.0445s
	iters: 800, epoch: 6 | loss: 0.1822283
	speed: 0.0064s/iter; left time: 67.2694s
	iters: 900, epoch: 6 | loss: 0.1036581
	speed: 0.0062s/iter; left time: 64.4766s
	iters: 1000, epoch: 6 | loss: 0.0987031
	speed: 0.0060s/iter; left time: 62.3244s
	iters: 1100, epoch: 6 | loss: 0.1412208
	speed: 0.0059s/iter; left time: 60.4623s
	iters: 1200, epoch: 6 | loss: 0.1532871
	speed: 0.0059s/iter; left time: 59.8098s
	iters: 1300, epoch: 6 | loss: 0.0964959
	speed: 0.0062s/iter; left time: 62.1830s
	iters: 1400, epoch: 6 | loss: 0.6293172
	speed: 0.0064s/iter; left time: 63.8224s
	iters: 1500, epoch: 6 | loss: 0.1232330
	speed: 0.0064s/iter; left time: 63.0163s
	iters: 1600, epoch: 6 | loss: 0.1404583
	speed: 0.0060s/iter; left time: 58.1734s
	iters: 1700, epoch: 6 | loss: 0.1247679
	speed: 0.0060s/iter; left time: 57.9846s
	iters: 1800, epoch: 6 | loss: 0.0911120
	speed: 0.0060s/iter; left time: 57.5285s
	iters: 1900, epoch: 6 | loss: 0.1733653
	speed: 0.0063s/iter; left time: 59.7590s
	iters: 2000, epoch: 6 | loss: 0.1551272
	speed: 0.0063s/iter; left time: 58.9222s
	iters: 2100, epoch: 6 | loss: 0.1281698
	speed: 0.0063s/iter; left time: 58.2583s
	iters: 2200, epoch: 6 | loss: 0.1233198
	speed: 0.0063s/iter; left time: 58.0482s
Epoch: 6 cost time: 14.869534730911255
Epoch: 6, Steps: 2272 | Train Loss: 0.2612748 Vali Loss: 0.2672665 Test Loss: 0.0922362
Validation loss decreased (0.268047 --> 0.267267).  Saving model ...
Updating learning rate to 3.125e-05
	iters: 100, epoch: 7 | loss: 0.3898130
	speed: 0.0728s/iter; left time: 654.0660s
	iters: 200, epoch: 7 | loss: 0.1330576
	speed: 0.0065s/iter; left time: 57.6093s
	iters: 300, epoch: 7 | loss: 0.1193464
	speed: 0.0061s/iter; left time: 54.0282s
	iters: 400, epoch: 7 | loss: 0.0805875
	speed: 0.0062s/iter; left time: 54.2742s
	iters: 500, epoch: 7 | loss: 0.1374149
	speed: 0.0063s/iter; left time: 53.8407s
	iters: 600, epoch: 7 | loss: 0.2842432
	speed: 0.0063s/iter; left time: 53.0826s
	iters: 700, epoch: 7 | loss: 0.2199328
	speed: 0.0062s/iter; left time: 52.3880s
	iters: 800, epoch: 7 | loss: 0.3741109
	speed: 0.0063s/iter; left time: 52.3645s
	iters: 900, epoch: 7 | loss: 0.1613896
	speed: 0.0063s/iter; left time: 51.3386s
	iters: 1000, epoch: 7 | loss: 0.1256678
	speed: 0.0063s/iter; left time: 50.7295s
	iters: 1100, epoch: 7 | loss: 0.1029446
	speed: 0.0063s/iter; left time: 50.1675s
	iters: 1200, epoch: 7 | loss: 0.3847398
	speed: 0.0061s/iter; left time: 48.3701s
	iters: 1300, epoch: 7 | loss: 0.1422908
	speed: 0.0060s/iter; left time: 47.0476s
	iters: 1400, epoch: 7 | loss: 0.2270474
	speed: 0.0061s/iter; left time: 46.8269s
	iters: 1500, epoch: 7 | loss: 0.2450818
	speed: 0.0063s/iter; left time: 47.4389s
	iters: 1600, epoch: 7 | loss: 0.1261410
	speed: 0.0063s/iter; left time: 47.4849s
	iters: 1700, epoch: 7 | loss: 0.1316926
	speed: 0.0061s/iter; left time: 45.1675s
	iters: 1800, epoch: 7 | loss: 0.1085713
	speed: 0.0059s/iter; left time: 42.8032s
	iters: 1900, epoch: 7 | loss: 0.1885885
	speed: 0.0061s/iter; left time: 43.6930s
	iters: 2000, epoch: 7 | loss: 0.1268719
	speed: 0.0060s/iter; left time: 42.2291s
	iters: 2100, epoch: 7 | loss: 0.1537974
	speed: 0.0059s/iter; left time: 41.2645s
	iters: 2200, epoch: 7 | loss: 0.2744730
	speed: 0.0059s/iter; left time: 40.4669s
Epoch: 7 cost time: 14.81727910041809
Epoch: 7, Steps: 2272 | Train Loss: 0.2589652 Vali Loss: 0.2670530 Test Loss: 0.0920478
Validation loss decreased (0.267267 --> 0.267053).  Saving model ...
Updating learning rate to 1.5625e-05
	iters: 100, epoch: 8 | loss: 0.1346691
	speed: 0.0734s/iter; left time: 493.0443s
	iters: 200, epoch: 8 | loss: 0.1701775
	speed: 0.0059s/iter; left time: 39.2743s
	iters: 300, epoch: 8 | loss: 0.1451057
	speed: 0.0062s/iter; left time: 40.6410s
	iters: 400, epoch: 8 | loss: 0.2573237
	speed: 0.0061s/iter; left time: 39.4103s
	iters: 500, epoch: 8 | loss: 0.1719721
	speed: 0.0061s/iter; left time: 38.8165s
	iters: 600, epoch: 8 | loss: 0.1157331
	speed: 0.0061s/iter; left time: 38.2150s
	iters: 700, epoch: 8 | loss: 0.1049695
	speed: 0.0061s/iter; left time: 37.3666s
	iters: 800, epoch: 8 | loss: 0.0939416
	speed: 0.0062s/iter; left time: 37.3608s
	iters: 900, epoch: 8 | loss: 0.1106753
	speed: 0.0065s/iter; left time: 38.5311s
	iters: 1000, epoch: 8 | loss: 0.2424950
	speed: 0.0061s/iter; left time: 35.4028s
	iters: 1100, epoch: 8 | loss: 5.2990832
	speed: 0.0061s/iter; left time: 34.6277s
	iters: 1200, epoch: 8 | loss: 0.1126808
	speed: 0.0064s/iter; left time: 36.0876s
	iters: 1300, epoch: 8 | loss: 0.1117066
	speed: 0.0063s/iter; left time: 34.5565s
	iters: 1400, epoch: 8 | loss: 0.1294720
	speed: 0.0060s/iter; left time: 32.4470s
	iters: 1500, epoch: 8 | loss: 0.2170694
	speed: 0.0063s/iter; left time: 33.4677s
	iters: 1600, epoch: 8 | loss: 0.1335940
	speed: 0.0060s/iter; left time: 31.1727s
	iters: 1700, epoch: 8 | loss: 0.1421418
	speed: 0.0060s/iter; left time: 30.4669s
	iters: 1800, epoch: 8 | loss: 0.3310853
	speed: 0.0062s/iter; left time: 30.9883s
	iters: 1900, epoch: 8 | loss: 0.1957943
	speed: 0.0061s/iter; left time: 30.0749s
	iters: 2000, epoch: 8 | loss: 0.1689800
	speed: 0.0058s/iter; left time: 28.0090s
	iters: 2100, epoch: 8 | loss: 0.1020475
	speed: 0.0055s/iter; left time: 26.0421s
	iters: 2200, epoch: 8 | loss: 0.1608970
	speed: 0.0059s/iter; left time: 27.4586s
Epoch: 8 cost time: 14.717737674713135
Epoch: 8, Steps: 2272 | Train Loss: 0.2577313 Vali Loss: 0.2674384 Test Loss: 0.0923292
EarlyStopping counter: 1 out of 3
Updating learning rate to 7.8125e-06
	iters: 100, epoch: 9 | loss: 0.4679540
	speed: 0.0727s/iter; left time: 323.1273s
	iters: 200, epoch: 9 | loss: 0.1194903
	speed: 0.0059s/iter; left time: 25.8229s
	iters: 300, epoch: 9 | loss: 0.3170035
	speed: 0.0061s/iter; left time: 25.7203s
	iters: 400, epoch: 9 | loss: 0.1039579
	speed: 0.0063s/iter; left time: 26.0449s
	iters: 500, epoch: 9 | loss: 0.0839344
	speed: 0.0064s/iter; left time: 25.8672s
	iters: 600, epoch: 9 | loss: 0.0904439
	speed: 0.0061s/iter; left time: 23.9549s
	iters: 700, epoch: 9 | loss: 0.1081719
	speed: 0.0060s/iter; left time: 22.9471s
	iters: 800, epoch: 9 | loss: 0.1000847
	speed: 0.0061s/iter; left time: 22.7172s
	iters: 900, epoch: 9 | loss: 0.1643109
	speed: 0.0063s/iter; left time: 22.8615s
	iters: 1000, epoch: 9 | loss: 0.1103850
	speed: 0.0060s/iter; left time: 21.2801s
	iters: 1100, epoch: 9 | loss: 0.1647152
	speed: 0.0065s/iter; left time: 22.4411s
	iters: 1200, epoch: 9 | loss: 0.2200889
	speed: 0.0067s/iter; left time: 22.3149s
	iters: 1300, epoch: 9 | loss: 0.1780032
	speed: 0.0066s/iter; left time: 21.3264s
	iters: 1400, epoch: 9 | loss: 0.2186253
	speed: 0.0060s/iter; left time: 18.7596s
	iters: 1500, epoch: 9 | loss: 0.0738851
	speed: 0.0056s/iter; left time: 16.9016s
	iters: 1600, epoch: 9 | loss: 0.1585142
	speed: 0.0053s/iter; left time: 15.6995s
	iters: 1700, epoch: 9 | loss: 0.0918026
	speed: 0.0057s/iter; left time: 16.3184s
	iters: 1800, epoch: 9 | loss: 0.0814967
	speed: 0.0065s/iter; left time: 17.8883s
	iters: 1900, epoch: 9 | loss: 0.1591602
	speed: 0.0063s/iter; left time: 16.6041s
	iters: 2000, epoch: 9 | loss: 0.0982412
	speed: 0.0061s/iter; left time: 15.4833s
	iters: 2100, epoch: 9 | loss: 0.1216870
	speed: 0.0058s/iter; left time: 14.1703s
	iters: 2200, epoch: 9 | loss: 1.0499961
	speed: 0.0060s/iter; left time: 14.0083s
Epoch: 9 cost time: 14.72255539894104
Epoch: 9, Steps: 2272 | Train Loss: 0.2570712 Vali Loss: 0.2672559 Test Loss: 0.0923797
EarlyStopping counter: 2 out of 3
Updating learning rate to 3.90625e-06
	iters: 100, epoch: 10 | loss: 0.1143044
	speed: 0.0738s/iter; left time: 160.4696s
	iters: 200, epoch: 10 | loss: 0.1044943
	speed: 0.0060s/iter; left time: 12.4070s
	iters: 300, epoch: 10 | loss: 0.1182268
	speed: 0.0061s/iter; left time: 12.0639s
	iters: 400, epoch: 10 | loss: 0.1352286
	speed: 0.0062s/iter; left time: 11.6780s
	iters: 500, epoch: 10 | loss: 0.2099892
	speed: 0.0063s/iter; left time: 11.1313s
	iters: 600, epoch: 10 | loss: 0.0778190
	speed: 0.0059s/iter; left time: 9.9541s
	iters: 700, epoch: 10 | loss: 0.1261661
	speed: 0.0059s/iter; left time: 9.2477s
	iters: 800, epoch: 10 | loss: 0.0943220
	speed: 0.0059s/iter; left time: 8.6932s
	iters: 900, epoch: 10 | loss: 0.1561958
	speed: 0.0058s/iter; left time: 8.0085s
	iters: 1000, epoch: 10 | loss: 0.1402189
	speed: 0.0060s/iter; left time: 7.5812s
	iters: 1100, epoch: 10 | loss: 0.1333298
	speed: 0.0060s/iter; left time: 7.0061s
	iters: 1200, epoch: 10 | loss: 0.1889147
	speed: 0.0059s/iter; left time: 6.3312s
	iters: 1300, epoch: 10 | loss: 0.1310631
	speed: 0.0059s/iter; left time: 5.7114s
	iters: 1400, epoch: 10 | loss: 0.1404843
	speed: 0.0061s/iter; left time: 5.3345s
	iters: 1500, epoch: 10 | loss: 0.1192662
	speed: 0.0057s/iter; left time: 4.4134s
	iters: 1600, epoch: 10 | loss: 0.2744606
	speed: 0.0057s/iter; left time: 3.8505s
	iters: 1700, epoch: 10 | loss: 0.1925034
	speed: 0.0057s/iter; left time: 3.2602s
	iters: 1800, epoch: 10 | loss: 0.1470833
	speed: 0.0059s/iter; left time: 2.8143s
	iters: 1900, epoch: 10 | loss: 1.0272542
	speed: 0.0060s/iter; left time: 2.2328s
	iters: 2000, epoch: 10 | loss: 0.1521018
	speed: 0.0062s/iter; left time: 1.6807s
	iters: 2100, epoch: 10 | loss: 0.1211367
	speed: 0.0062s/iter; left time: 1.0800s
	iters: 2200, epoch: 10 | loss: 0.0815036
	speed: 0.0061s/iter; left time: 0.4460s
Epoch: 10 cost time: 14.465821504592896
Epoch: 10, Steps: 2272 | Train Loss: 0.2567539 Vali Loss: 0.2677255 Test Loss: 0.0924281
EarlyStopping counter: 3 out of 3
Early stopping
>>>>>>>testing : weather_504_24_GRevagLinear_custom_ftM_sl504_ll48_pl24_dm512_nh8_el2_dl1_df2048_fc1_ebtimeF_dtTrue_Exp_0<<<<<<<<<<<<<<<<<<<<<<<<<<<<<<<<<
test 10516
mse:0.09213605523109436, mae:0.12399442493915558
