Args in experiment:
Namespace(activation='gelu', batch_size=16, c_out=7, checkpoints='/spo/NewbornTime/tahir098/SVF/data/Extra/checkpoints/', d_ff=2048, d_layers=1, d_model=512, data='custom', data_path='weather.csv', dec_in=7, des='Exp', devices='0,1,2,3', distil=True, do_predict=False, dropout=0.05, e_layers=2, embed='timeF', embed_type=0, enc_in=21, factor=1, features='M', freq='h', gpu=0, individual=False, is_training=1, itr=1, label_len=48, learning_rate=0.001, loss='mse', lradj='type1', model='GRevagLinear', model_id='weather_144_24', moving_avg=25, n_heads=8, num_workers=10, output_attention=False, patience=3, pred_len=24, root_path='./dataset/', seq_len=144, target='OT', test_flop=False, train_epochs=10, train_only=False, use_amp=False, use_gpu=True, use_multi_gpu=False)
Use GPU: cuda:0
>>>>>>>start training : weather_144_24_GRevagLinear_custom_ftM_sl144_ll48_pl24_dm512_nh8_el2_dl1_df2048_fc1_ebtimeF_dtTrue_Exp_0>>>>>>>>>>>>>>>>>>>>>>>>>>
train 36720
val 5247
test 10516
	iters: 100, epoch: 1 | loss: 0.2258665
	speed: 0.0136s/iter; left time: 311.0977s
	iters: 200, epoch: 1 | loss: 0.1910880
	speed: 0.0055s/iter; left time: 124.5460s
	iters: 300, epoch: 1 | loss: 0.2212470
	speed: 0.0056s/iter; left time: 126.3988s
	iters: 400, epoch: 1 | loss: 0.1739582
	speed: 0.0061s/iter; left time: 137.8327s
	iters: 500, epoch: 1 | loss: 0.1477720
	speed: 0.0060s/iter; left time: 134.5923s
	iters: 600, epoch: 1 | loss: 0.2977820
	speed: 0.0063s/iter; left time: 141.6733s
	iters: 700, epoch: 1 | loss: 0.5067741
	speed: 0.0060s/iter; left time: 133.5970s
	iters: 800, epoch: 1 | loss: 0.2267994
	speed: 0.0059s/iter; left time: 131.5008s
	iters: 900, epoch: 1 | loss: 0.0804293
	speed: 0.0056s/iter; left time: 123.1809s
	iters: 1000, epoch: 1 | loss: 0.2078751
	speed: 0.0059s/iter; left time: 128.5615s
	iters: 1100, epoch: 1 | loss: 0.2371032
	speed: 0.0062s/iter; left time: 134.5641s
	iters: 1200, epoch: 1 | loss: 0.2142182
	speed: 0.0059s/iter; left time: 128.1119s
	iters: 1300, epoch: 1 | loss: 0.2369576
	speed: 0.0058s/iter; left time: 124.8818s
	iters: 1400, epoch: 1 | loss: 0.1293346
	speed: 0.0059s/iter; left time: 128.1363s
	iters: 1500, epoch: 1 | loss: 6.3770103
	speed: 0.0061s/iter; left time: 131.0690s
	iters: 1600, epoch: 1 | loss: 0.3600330
	speed: 0.0060s/iter; left time: 129.1338s
	iters: 1700, epoch: 1 | loss: 0.6059543
	speed: 0.0058s/iter; left time: 123.3754s
	iters: 1800, epoch: 1 | loss: 0.1647724
	speed: 0.0058s/iter; left time: 122.0646s
	iters: 1900, epoch: 1 | loss: 0.1542392
	speed: 0.0056s/iter; left time: 117.4174s
	iters: 2000, epoch: 1 | loss: 0.4335703
	speed: 0.0058s/iter; left time: 121.6894s
	iters: 2100, epoch: 1 | loss: 0.1815890
	speed: 0.0059s/iter; left time: 122.8757s
	iters: 2200, epoch: 1 | loss: 0.0891302
	speed: 0.0055s/iter; left time: 113.1514s
Epoch: 1 cost time: 14.32848834991455
Epoch: 1, Steps: 2295 | Train Loss: 0.3206919 Vali Loss: 0.2794776 Test Loss: 0.0968451
Validation loss decreased (inf --> 0.279478).  Saving model ...
Updating learning rate to 0.001
	iters: 100, epoch: 2 | loss: 0.1997356
	speed: 0.0693s/iter; left time: 1424.9694s
	iters: 200, epoch: 2 | loss: 0.2296958
	speed: 0.0053s/iter; left time: 108.2234s
	iters: 300, epoch: 2 | loss: 0.1022597
	speed: 0.0059s/iter; left time: 120.0157s
	iters: 400, epoch: 2 | loss: 0.2321808
	speed: 0.0057s/iter; left time: 115.3881s
	iters: 500, epoch: 2 | loss: 0.2596530
	speed: 0.0058s/iter; left time: 117.5876s
	iters: 600, epoch: 2 | loss: 0.1377410
	speed: 0.0059s/iter; left time: 117.9586s
	iters: 700, epoch: 2 | loss: 0.4376590
	speed: 0.0058s/iter; left time: 116.6781s
	iters: 800, epoch: 2 | loss: 5.4193430
	speed: 0.0059s/iter; left time: 117.4685s
	iters: 900, epoch: 2 | loss: 0.0926603
	speed: 0.0058s/iter; left time: 114.6363s
	iters: 1000, epoch: 2 | loss: 0.1525876
	speed: 0.0058s/iter; left time: 114.1825s
	iters: 1100, epoch: 2 | loss: 0.1357544
	speed: 0.0057s/iter; left time: 111.9484s
	iters: 1200, epoch: 2 | loss: 0.1747177
	speed: 0.0057s/iter; left time: 110.4021s
	iters: 1300, epoch: 2 | loss: 0.2099819
	speed: 0.0054s/iter; left time: 103.6443s
	iters: 1400, epoch: 2 | loss: 0.2288594
	speed: 0.0060s/iter; left time: 116.0598s
	iters: 1500, epoch: 2 | loss: 0.1906926
	speed: 0.0060s/iter; left time: 114.5778s
	iters: 1600, epoch: 2 | loss: 6.4131536
	speed: 0.0058s/iter; left time: 111.4339s
	iters: 1700, epoch: 2 | loss: 0.1668470
	speed: 0.0061s/iter; left time: 115.8995s
	iters: 1800, epoch: 2 | loss: 0.0930874
	speed: 0.0058s/iter; left time: 108.9607s
	iters: 1900, epoch: 2 | loss: 0.2344120
	speed: 0.0059s/iter; left time: 110.6979s
	iters: 2000, epoch: 2 | loss: 0.1699654
	speed: 0.0057s/iter; left time: 106.9460s
	iters: 2100, epoch: 2 | loss: 0.1666979
	speed: 0.0057s/iter; left time: 105.2875s
	iters: 2200, epoch: 2 | loss: 0.1138424
	speed: 0.0062s/iter; left time: 113.7531s
Epoch: 2 cost time: 14.253242015838623
Epoch: 2, Steps: 2295 | Train Loss: 0.2993325 Vali Loss: 0.2737342 Test Loss: 0.0964760
Validation loss decreased (0.279478 --> 0.273734).  Saving model ...
Updating learning rate to 0.0005
	iters: 100, epoch: 3 | loss: 0.0781172
	speed: 0.0800s/iter; left time: 1460.6859s
	iters: 200, epoch: 3 | loss: 1.3196537
	speed: 0.0059s/iter; left time: 106.2592s
	iters: 300, epoch: 3 | loss: 0.2784712
	speed: 0.0061s/iter; left time: 109.8796s
	iters: 400, epoch: 3 | loss: 0.1802457
	speed: 0.0060s/iter; left time: 107.3972s
	iters: 500, epoch: 3 | loss: 0.4021212
	speed: 0.0061s/iter; left time: 108.2592s
	iters: 600, epoch: 3 | loss: 0.6665924
	speed: 0.0060s/iter; left time: 106.1252s
	iters: 700, epoch: 3 | loss: 0.2510868
	speed: 0.0058s/iter; left time: 102.7719s
	iters: 800, epoch: 3 | loss: 0.1093844
	speed: 0.0059s/iter; left time: 104.2254s
	iters: 900, epoch: 3 | loss: 0.1758864
	speed: 0.0059s/iter; left time: 102.2447s
	iters: 1000, epoch: 3 | loss: 0.1283948
	speed: 0.0060s/iter; left time: 104.2673s
	iters: 1100, epoch: 3 | loss: 0.1685667
	speed: 0.0060s/iter; left time: 103.0897s
	iters: 1200, epoch: 3 | loss: 0.1800169
	speed: 0.0060s/iter; left time: 103.2581s
	iters: 1300, epoch: 3 | loss: 0.0928759
	speed: 0.0058s/iter; left time: 99.2938s
	iters: 1400, epoch: 3 | loss: 0.2261415
	speed: 0.0059s/iter; left time: 99.3915s
	iters: 1500, epoch: 3 | loss: 0.1507139
	speed: 0.0058s/iter; left time: 97.3876s
	iters: 1600, epoch: 3 | loss: 0.1565350
	speed: 0.0059s/iter; left time: 98.1257s
	iters: 1700, epoch: 3 | loss: 0.2330958
	speed: 0.0060s/iter; left time: 99.6002s
	iters: 1800, epoch: 3 | loss: 0.1553090
	speed: 0.0057s/iter; left time: 95.1924s
	iters: 1900, epoch: 3 | loss: 0.1051410
	speed: 0.0058s/iter; left time: 96.1178s
	iters: 2000, epoch: 3 | loss: 0.7063597
	speed: 0.0060s/iter; left time: 98.5775s
	iters: 2100, epoch: 3 | loss: 0.1079421
	speed: 0.0059s/iter; left time: 95.2832s
	iters: 2200, epoch: 3 | loss: 0.1003337
	speed: 0.0059s/iter; left time: 95.1772s
Epoch: 3 cost time: 14.400566339492798
Epoch: 3, Steps: 2295 | Train Loss: 0.2906638 Vali Loss: 0.2707821 Test Loss: 0.0957313
Validation loss decreased (0.273734 --> 0.270782).  Saving model ...
Updating learning rate to 0.00025
	iters: 100, epoch: 4 | loss: 0.2450401
	speed: 0.0710s/iter; left time: 1133.3884s
	iters: 200, epoch: 4 | loss: 0.2448460
	speed: 0.0056s/iter; left time: 89.3894s
	iters: 300, epoch: 4 | loss: 0.1201923
	speed: 0.0058s/iter; left time: 91.0792s
	iters: 400, epoch: 4 | loss: 0.5302715
	speed: 0.0059s/iter; left time: 92.5380s
	iters: 500, epoch: 4 | loss: 0.2049965
	speed: 0.0063s/iter; left time: 98.6284s
	iters: 600, epoch: 4 | loss: 0.1347368
	speed: 0.0059s/iter; left time: 91.8778s
	iters: 700, epoch: 4 | loss: 0.4261538
	speed: 0.0059s/iter; left time: 90.6000s
	iters: 800, epoch: 4 | loss: 0.4265430
	speed: 0.0058s/iter; left time: 87.8940s
	iters: 900, epoch: 4 | loss: 0.2774287
	speed: 0.0057s/iter; left time: 85.8001s
	iters: 1000, epoch: 4 | loss: 0.2204406
	speed: 0.0056s/iter; left time: 84.9211s
	iters: 1100, epoch: 4 | loss: 0.0749814
	speed: 0.0057s/iter; left time: 85.8515s
	iters: 1200, epoch: 4 | loss: 6.2968502
	speed: 0.0057s/iter; left time: 84.8813s
	iters: 1300, epoch: 4 | loss: 0.2641029
	speed: 0.0057s/iter; left time: 83.5292s
	iters: 1400, epoch: 4 | loss: 0.1191947
	speed: 0.0059s/iter; left time: 86.5905s
	iters: 1500, epoch: 4 | loss: 0.4856066
	speed: 0.0057s/iter; left time: 83.5327s
	iters: 1600, epoch: 4 | loss: 0.2677605
	speed: 0.0058s/iter; left time: 84.6191s
	iters: 1700, epoch: 4 | loss: 0.1321483
	speed: 0.0058s/iter; left time: 83.8693s
	iters: 1800, epoch: 4 | loss: 0.1362661
	speed: 0.0060s/iter; left time: 85.4965s
	iters: 1900, epoch: 4 | loss: 0.1166302
	speed: 0.0058s/iter; left time: 81.8402s
	iters: 2000, epoch: 4 | loss: 0.1187489
	speed: 0.0058s/iter; left time: 81.0201s
	iters: 2100, epoch: 4 | loss: 0.1003037
	speed: 0.0057s/iter; left time: 79.9934s
	iters: 2200, epoch: 4 | loss: 0.2337628
	speed: 0.0059s/iter; left time: 82.4364s
Epoch: 4 cost time: 14.168312311172485
Epoch: 4, Steps: 2295 | Train Loss: 0.2860348 Vali Loss: 0.2690148 Test Loss: 0.0938163
Validation loss decreased (0.270782 --> 0.269015).  Saving model ...
Updating learning rate to 0.000125
	iters: 100, epoch: 5 | loss: 0.1450105
	speed: 0.0701s/iter; left time: 958.6417s
	iters: 200, epoch: 5 | loss: 0.1084814
	speed: 0.0059s/iter; left time: 80.6243s
	iters: 300, epoch: 5 | loss: 0.2952216
	speed: 0.0056s/iter; left time: 76.0286s
	iters: 400, epoch: 5 | loss: 0.2155438
	speed: 0.0057s/iter; left time: 76.3564s
	iters: 500, epoch: 5 | loss: 0.1079044
	speed: 0.0053s/iter; left time: 70.0182s
	iters: 600, epoch: 5 | loss: 0.1446108
	speed: 0.0057s/iter; left time: 74.6819s
	iters: 700, epoch: 5 | loss: 0.1124292
	speed: 0.0062s/iter; left time: 81.4579s
	iters: 800, epoch: 5 | loss: 0.1473459
	speed: 0.0061s/iter; left time: 79.1849s
	iters: 900, epoch: 5 | loss: 0.2460220
	speed: 0.0059s/iter; left time: 75.5062s
	iters: 1000, epoch: 5 | loss: 0.2675539
	speed: 0.0058s/iter; left time: 74.3638s
	iters: 1100, epoch: 5 | loss: 0.2052432
	speed: 0.0059s/iter; left time: 75.2572s
	iters: 1200, epoch: 5 | loss: 0.2062064
	speed: 0.0061s/iter; left time: 76.4053s
	iters: 1300, epoch: 5 | loss: 0.6622626
	speed: 0.0059s/iter; left time: 73.7844s
	iters: 1400, epoch: 5 | loss: 0.2727212
	speed: 0.0057s/iter; left time: 70.4775s
	iters: 1500, epoch: 5 | loss: 0.2743973
	speed: 0.0057s/iter; left time: 69.8197s
	iters: 1600, epoch: 5 | loss: 0.1451688
	speed: 0.0060s/iter; left time: 73.3415s
	iters: 1700, epoch: 5 | loss: 0.2090281
	speed: 0.0059s/iter; left time: 71.1723s
	iters: 1800, epoch: 5 | loss: 0.2395248
	speed: 0.0059s/iter; left time: 70.5834s
	iters: 1900, epoch: 5 | loss: 0.1148135
	speed: 0.0059s/iter; left time: 69.7743s
	iters: 2000, epoch: 5 | loss: 0.1589780
	speed: 0.0061s/iter; left time: 71.2160s
	iters: 2100, epoch: 5 | loss: 0.3202324
	speed: 0.0058s/iter; left time: 68.1080s
	iters: 2200, epoch: 5 | loss: 0.1143557
	speed: 0.0059s/iter; left time: 68.5343s
Epoch: 5 cost time: 14.270576238632202
Epoch: 5, Steps: 2295 | Train Loss: 0.2834384 Vali Loss: 0.2662584 Test Loss: 0.0926939
Validation loss decreased (0.269015 --> 0.266258).  Saving model ...
Updating learning rate to 6.25e-05
	iters: 100, epoch: 6 | loss: 0.0914778
	speed: 0.0716s/iter; left time: 814.2258s
	iters: 200, epoch: 6 | loss: 0.2246137
	speed: 0.0059s/iter; left time: 66.6901s
	iters: 300, epoch: 6 | loss: 0.3200970
	speed: 0.0058s/iter; left time: 64.3058s
	iters: 400, epoch: 6 | loss: 0.7686422
	speed: 0.0060s/iter; left time: 66.9890s
	iters: 500, epoch: 6 | loss: 0.3349040
	speed: 0.0058s/iter; left time: 64.0769s
	iters: 600, epoch: 6 | loss: 0.1486914
	speed: 0.0059s/iter; left time: 64.2469s
	iters: 700, epoch: 6 | loss: 1.3394990
	speed: 0.0060s/iter; left time: 64.7848s
	iters: 800, epoch: 6 | loss: 0.1347018
	speed: 0.0064s/iter; left time: 68.0015s
	iters: 900, epoch: 6 | loss: 0.1211760
	speed: 0.0060s/iter; left time: 63.9280s
	iters: 1000, epoch: 6 | loss: 0.5858701
	speed: 0.0065s/iter; left time: 68.1993s
	iters: 1100, epoch: 6 | loss: 0.3604208
	speed: 0.0059s/iter; left time: 60.7945s
	iters: 1200, epoch: 6 | loss: 0.3571869
	speed: 0.0060s/iter; left time: 61.5802s
	iters: 1300, epoch: 6 | loss: 0.1465860
	speed: 0.0059s/iter; left time: 59.8377s
	iters: 1400, epoch: 6 | loss: 0.3414468
	speed: 0.0058s/iter; left time: 58.3035s
	iters: 1500, epoch: 6 | loss: 0.1783997
	speed: 0.0058s/iter; left time: 58.2704s
	iters: 1600, epoch: 6 | loss: 0.1282769
	speed: 0.0058s/iter; left time: 57.2888s
	iters: 1700, epoch: 6 | loss: 0.8278194
	speed: 0.0063s/iter; left time: 62.0056s
	iters: 1800, epoch: 6 | loss: 0.1928672
	speed: 0.0068s/iter; left time: 66.1610s
	iters: 1900, epoch: 6 | loss: 0.1548116
	speed: 0.0061s/iter; left time: 58.1029s
	iters: 2000, epoch: 6 | loss: 0.1769432
	speed: 0.0059s/iter; left time: 56.2935s
	iters: 2100, epoch: 6 | loss: 0.1952576
	speed: 0.0060s/iter; left time: 56.5081s
	iters: 2200, epoch: 6 | loss: 0.2772958
	speed: 0.0061s/iter; left time: 56.6949s
Epoch: 6 cost time: 14.712251901626587
Epoch: 6, Steps: 2295 | Train Loss: 0.2820613 Vali Loss: 0.2627593 Test Loss: 0.0928366
Validation loss decreased (0.266258 --> 0.262759).  Saving model ...
Updating learning rate to 3.125e-05
	iters: 100, epoch: 7 | loss: 0.1249667
	speed: 0.0740s/iter; left time: 672.0479s
	iters: 200, epoch: 7 | loss: 0.0898508
	speed: 0.0062s/iter; left time: 56.0490s
	iters: 300, epoch: 7 | loss: 0.1709265
	speed: 0.0056s/iter; left time: 49.5206s
	iters: 400, epoch: 7 | loss: 0.1378658
	speed: 0.0060s/iter; left time: 53.1014s
	iters: 500, epoch: 7 | loss: 0.1730924
	speed: 0.0057s/iter; left time: 49.6891s
	iters: 600, epoch: 7 | loss: 0.1398775
	speed: 0.0059s/iter; left time: 50.4290s
	iters: 700, epoch: 7 | loss: 0.1549070
	speed: 0.0058s/iter; left time: 49.0878s
	iters: 800, epoch: 7 | loss: 0.0938305
	speed: 0.0060s/iter; left time: 49.8863s
	iters: 900, epoch: 7 | loss: 0.1402488
	speed: 0.0061s/iter; left time: 50.7100s
	iters: 1000, epoch: 7 | loss: 0.1255145
	speed: 0.0062s/iter; left time: 50.8077s
	iters: 1100, epoch: 7 | loss: 0.1946710
	speed: 0.0071s/iter; left time: 57.6757s
	iters: 1200, epoch: 7 | loss: 0.0825265
	speed: 0.0066s/iter; left time: 52.5729s
	iters: 1300, epoch: 7 | loss: 0.1201535
	speed: 0.0060s/iter; left time: 47.6225s
	iters: 1400, epoch: 7 | loss: 0.1498304
	speed: 0.0057s/iter; left time: 44.6526s
	iters: 1500, epoch: 7 | loss: 0.8572728
	speed: 0.0058s/iter; left time: 44.1884s
	iters: 1600, epoch: 7 | loss: 0.1879288
	speed: 0.0060s/iter; left time: 45.8371s
	iters: 1700, epoch: 7 | loss: 0.1705863
	speed: 0.0060s/iter; left time: 45.1204s
	iters: 1800, epoch: 7 | loss: 0.1040879
	speed: 0.0063s/iter; left time: 46.4530s
	iters: 1900, epoch: 7 | loss: 0.1510743
	speed: 0.0069s/iter; left time: 50.0367s
	iters: 2000, epoch: 7 | loss: 0.3681621
	speed: 0.0060s/iter; left time: 43.4389s
	iters: 2100, epoch: 7 | loss: 0.1374063
	speed: 0.0064s/iter; left time: 44.9963s
	iters: 2200, epoch: 7 | loss: 0.1579146
	speed: 0.0060s/iter; left time: 42.1412s
Epoch: 7 cost time: 14.883300065994263
Epoch: 7, Steps: 2295 | Train Loss: 0.2813605 Vali Loss: 0.2669680 Test Loss: 0.0927160
EarlyStopping counter: 1 out of 3
Updating learning rate to 1.5625e-05
	iters: 100, epoch: 8 | loss: 0.0897509
	speed: 0.0723s/iter; left time: 490.3238s
	iters: 200, epoch: 8 | loss: 0.1650991
	speed: 0.0060s/iter; left time: 40.2279s
	iters: 300, epoch: 8 | loss: 0.1553060
	speed: 0.0065s/iter; left time: 42.5893s
	iters: 400, epoch: 8 | loss: 0.1848039
	speed: 0.0060s/iter; left time: 38.6975s
	iters: 500, epoch: 8 | loss: 0.0984646
	speed: 0.0059s/iter; left time: 37.8897s
	iters: 600, epoch: 8 | loss: 0.1033717
	speed: 0.0061s/iter; left time: 38.1517s
	iters: 700, epoch: 8 | loss: 0.1315198
	speed: 0.0062s/iter; left time: 38.5745s
	iters: 800, epoch: 8 | loss: 0.0835439
	speed: 0.0062s/iter; left time: 37.6596s
	iters: 900, epoch: 8 | loss: 0.2013851
	speed: 0.0062s/iter; left time: 36.8477s
	iters: 1000, epoch: 8 | loss: 0.1885822
	speed: 0.0061s/iter; left time: 35.8088s
	iters: 1100, epoch: 8 | loss: 0.6606494
	speed: 0.0064s/iter; left time: 37.2100s
	iters: 1200, epoch: 8 | loss: 0.4891114
	speed: 0.0065s/iter; left time: 37.1497s
	iters: 1300, epoch: 8 | loss: 0.2149145
	speed: 0.0058s/iter; left time: 32.3211s
	iters: 1400, epoch: 8 | loss: 0.1443588
	speed: 0.0057s/iter; left time: 31.5423s
	iters: 1500, epoch: 8 | loss: 0.0813771
	speed: 0.0058s/iter; left time: 31.0222s
	iters: 1600, epoch: 8 | loss: 0.1403896
	speed: 0.0057s/iter; left time: 30.0349s
	iters: 1700, epoch: 8 | loss: 0.4775798
	speed: 0.0055s/iter; left time: 28.7449s
	iters: 1800, epoch: 8 | loss: 0.1209546
	speed: 0.0060s/iter; left time: 30.4124s
	iters: 1900, epoch: 8 | loss: 0.4388581
	speed: 0.0058s/iter; left time: 29.0825s
	iters: 2000, epoch: 8 | loss: 0.1445534
	speed: 0.0065s/iter; left time: 31.5160s
	iters: 2100, epoch: 8 | loss: 0.1609224
	speed: 0.0059s/iter; left time: 28.0280s
	iters: 2200, epoch: 8 | loss: 0.1619391
	speed: 0.0058s/iter; left time: 27.2320s
Epoch: 8 cost time: 14.676669597625732
Epoch: 8, Steps: 2295 | Train Loss: 0.2809929 Vali Loss: 0.2667395 Test Loss: 0.0926637
EarlyStopping counter: 2 out of 3
Updating learning rate to 7.8125e-06
	iters: 100, epoch: 9 | loss: 0.1814225
	speed: 0.0753s/iter; left time: 338.1879s
	iters: 200, epoch: 9 | loss: 0.0943566
	speed: 0.0061s/iter; left time: 26.7304s
	iters: 300, epoch: 9 | loss: 0.1968320
	speed: 0.0065s/iter; left time: 27.7924s
	iters: 400, epoch: 9 | loss: 0.1846214
	speed: 0.0058s/iter; left time: 24.3610s
	iters: 500, epoch: 9 | loss: 0.1252794
	speed: 0.0058s/iter; left time: 23.6509s
	iters: 600, epoch: 9 | loss: 0.2367426
	speed: 0.0057s/iter; left time: 22.7814s
	iters: 700, epoch: 9 | loss: 0.1334077
	speed: 0.0060s/iter; left time: 23.2899s
	iters: 800, epoch: 9 | loss: 0.1761653
	speed: 0.0057s/iter; left time: 21.4784s
	iters: 900, epoch: 9 | loss: 0.4410259
	speed: 0.0057s/iter; left time: 20.9070s
	iters: 1000, epoch: 9 | loss: 0.2806025
	speed: 0.0061s/iter; left time: 21.9325s
	iters: 1100, epoch: 9 | loss: 0.1352691
	speed: 0.0056s/iter; left time: 19.7124s
	iters: 1200, epoch: 9 | loss: 0.1892088
	speed: 0.0064s/iter; left time: 21.6850s
	iters: 1300, epoch: 9 | loss: 0.2143916
	speed: 0.0062s/iter; left time: 20.4333s
	iters: 1400, epoch: 9 | loss: 0.1115761
	speed: 0.0059s/iter; left time: 18.9443s
	iters: 1500, epoch: 9 | loss: 0.0924247
	speed: 0.0060s/iter; left time: 18.5644s
	iters: 1600, epoch: 9 | loss: 0.1071388
	speed: 0.0059s/iter; left time: 17.5160s
	iters: 1700, epoch: 9 | loss: 0.0792450
	speed: 0.0059s/iter; left time: 16.9914s
	iters: 1800, epoch: 9 | loss: 0.2339819
	speed: 0.0058s/iter; left time: 16.1908s
	iters: 1900, epoch: 9 | loss: 0.1340986
	speed: 0.0061s/iter; left time: 16.4995s
	iters: 2000, epoch: 9 | loss: 0.1902191
	speed: 0.0059s/iter; left time: 15.2266s
	iters: 2100, epoch: 9 | loss: 0.2366763
	speed: 0.0060s/iter; left time: 14.9778s
	iters: 2200, epoch: 9 | loss: 0.0991290
	speed: 0.0058s/iter; left time: 13.8069s
Epoch: 9 cost time: 14.468007564544678
Epoch: 9, Steps: 2295 | Train Loss: 0.2807959 Vali Loss: 0.2668715 Test Loss: 0.0926996
EarlyStopping counter: 3 out of 3
Early stopping
>>>>>>>testing : weather_144_24_GRevagLinear_custom_ftM_sl144_ll48_pl24_dm512_nh8_el2_dl1_df2048_fc1_ebtimeF_dtTrue_Exp_0<<<<<<<<<<<<<<<<<<<<<<<<<<<<<<<<<
test 10516
mse:0.09292815625667572, mae:0.12406104058027267
