Args in experiment:
Namespace(activation='gelu', batch_size=16, c_out=7, checkpoints='/spo/NewbornTime/tahir098/SVF/data/Extra/checkpoints/', d_ff=2048, d_layers=1, d_model=512, data='custom', data_path='weather.csv', dec_in=7, des='Exp', devices='0,1,2,3', distil=True, do_predict=False, dropout=0.05, e_layers=2, embed='timeF', embed_type=0, enc_in=21, factor=1, features='M', freq='h', gpu=0, individual=False, is_training=1, itr=1, label_len=48, learning_rate=0.001, loss='mse', lradj='type1', model='GRevagLinear', model_id='weather_120_24', moving_avg=25, n_heads=8, num_workers=10, output_attention=False, patience=3, pred_len=24, root_path='./dataset/', seq_len=120, target='OT', test_flop=False, train_epochs=10, train_only=False, use_amp=False, use_gpu=True, use_multi_gpu=False)
Use GPU: cuda:0
>>>>>>>start training : weather_120_24_GRevagLinear_custom_ftM_sl120_ll48_pl24_dm512_nh8_el2_dl1_df2048_fc1_ebtimeF_dtTrue_Exp_0>>>>>>>>>>>>>>>>>>>>>>>>>>
train 36744
val 5247
test 10516
	iters: 100, epoch: 1 | loss: 0.2441746
	speed: 0.0118s/iter; left time: 269.9602s
	iters: 200, epoch: 1 | loss: 0.2915896
	speed: 0.0059s/iter; left time: 133.4700s
	iters: 300, epoch: 1 | loss: 0.1785558
	speed: 0.0062s/iter; left time: 141.2370s
	iters: 400, epoch: 1 | loss: 0.1546257
	speed: 0.0055s/iter; left time: 124.8847s
	iters: 500, epoch: 1 | loss: 0.2117870
	speed: 0.0052s/iter; left time: 116.3727s
	iters: 600, epoch: 1 | loss: 0.2586245
	speed: 0.0052s/iter; left time: 116.5325s
	iters: 700, epoch: 1 | loss: 0.3688328
	speed: 0.0052s/iter; left time: 116.2159s
	iters: 800, epoch: 1 | loss: 0.5989190
	speed: 0.0053s/iter; left time: 117.3122s
	iters: 900, epoch: 1 | loss: 0.1311363
	speed: 0.0055s/iter; left time: 121.0915s
	iters: 1000, epoch: 1 | loss: 5.3179607
	speed: 0.0054s/iter; left time: 118.4912s
	iters: 1100, epoch: 1 | loss: 0.3296714
	speed: 0.0048s/iter; left time: 103.9613s
	iters: 1200, epoch: 1 | loss: 0.1475598
	speed: 0.0048s/iter; left time: 104.7703s
	iters: 1300, epoch: 1 | loss: 0.1460712
	speed: 0.0050s/iter; left time: 107.4190s
	iters: 1400, epoch: 1 | loss: 0.2354030
	speed: 0.0057s/iter; left time: 122.1230s
	iters: 1500, epoch: 1 | loss: 6.0685048
	speed: 0.0054s/iter; left time: 116.8031s
	iters: 1600, epoch: 1 | loss: 0.6778549
	speed: 0.0056s/iter; left time: 119.2234s
	iters: 1700, epoch: 1 | loss: 0.1872586
	speed: 0.0063s/iter; left time: 134.9617s
	iters: 1800, epoch: 1 | loss: 0.1916571
	speed: 0.0058s/iter; left time: 122.5110s
	iters: 1900, epoch: 1 | loss: 0.1757075
	speed: 0.0056s/iter; left time: 117.8134s
	iters: 2000, epoch: 1 | loss: 0.1823333
	speed: 0.0062s/iter; left time: 129.2377s
	iters: 2100, epoch: 1 | loss: 0.1682501
	speed: 0.0061s/iter; left time: 127.4409s
	iters: 2200, epoch: 1 | loss: 1.5933238
	speed: 0.0060s/iter; left time: 124.7885s
Epoch: 1 cost time: 13.498862504959106
Epoch: 1, Steps: 2296 | Train Loss: 0.3293833 Vali Loss: 0.2955076 Test Loss: 0.1076860
Validation loss decreased (inf --> 0.295508).  Saving model ...
Updating learning rate to 0.001
	iters: 100, epoch: 2 | loss: 0.2890535
	speed: 0.0676s/iter; left time: 1390.3769s
	iters: 200, epoch: 2 | loss: 0.1440225
	speed: 0.0055s/iter; left time: 111.7294s
	iters: 300, epoch: 2 | loss: 0.2250298
	speed: 0.0056s/iter; left time: 113.2473s
	iters: 400, epoch: 2 | loss: 0.2481829
	speed: 0.0055s/iter; left time: 111.8750s
	iters: 500, epoch: 2 | loss: 0.1900410
	speed: 0.0056s/iter; left time: 113.2442s
	iters: 600, epoch: 2 | loss: 0.2221570
	speed: 0.0056s/iter; left time: 112.7733s
	iters: 700, epoch: 2 | loss: 5.9055905
	speed: 0.0055s/iter; left time: 109.8600s
	iters: 800, epoch: 2 | loss: 0.1634322
	speed: 0.0053s/iter; left time: 104.8383s
	iters: 900, epoch: 2 | loss: 0.2821770
	speed: 0.0053s/iter; left time: 105.2794s
	iters: 1000, epoch: 2 | loss: 0.3668343
	speed: 0.0052s/iter; left time: 102.7905s
	iters: 1100, epoch: 2 | loss: 0.1280842
	speed: 0.0052s/iter; left time: 102.2255s
	iters: 1200, epoch: 2 | loss: 0.0951659
	speed: 0.0052s/iter; left time: 101.3871s
	iters: 1300, epoch: 2 | loss: 0.2105971
	speed: 0.0049s/iter; left time: 93.9997s
	iters: 1400, epoch: 2 | loss: 0.3069068
	speed: 0.0052s/iter; left time: 101.0873s
	iters: 1500, epoch: 2 | loss: 0.1219940
	speed: 0.0047s/iter; left time: 89.4725s
	iters: 1600, epoch: 2 | loss: 0.1107666
	speed: 0.0050s/iter; left time: 95.6459s
	iters: 1700, epoch: 2 | loss: 0.2169269
	speed: 0.0053s/iter; left time: 100.4236s
	iters: 1800, epoch: 2 | loss: 0.2879860
	speed: 0.0056s/iter; left time: 105.0187s
	iters: 1900, epoch: 2 | loss: 0.4444574
	speed: 0.0052s/iter; left time: 97.2075s
	iters: 2000, epoch: 2 | loss: 0.0939809
	speed: 0.0055s/iter; left time: 103.2656s
	iters: 2100, epoch: 2 | loss: 0.1714124
	speed: 0.0063s/iter; left time: 117.7903s
	iters: 2200, epoch: 2 | loss: 0.2949373
	speed: 0.0064s/iter; left time: 117.7865s
Epoch: 2 cost time: 13.44773006439209
Epoch: 2, Steps: 2296 | Train Loss: 0.3038338 Vali Loss: 0.2741439 Test Loss: 0.0998005
Validation loss decreased (0.295508 --> 0.274144).  Saving model ...
Updating learning rate to 0.0005
	iters: 100, epoch: 3 | loss: 0.3544958
	speed: 0.0646s/iter; left time: 1180.8161s
	iters: 200, epoch: 3 | loss: 0.1813426
	speed: 0.0063s/iter; left time: 114.8538s
	iters: 300, epoch: 3 | loss: 0.2322413
	speed: 0.0058s/iter; left time: 104.3686s
	iters: 400, epoch: 3 | loss: 0.1265180
	speed: 0.0056s/iter; left time: 100.5862s
	iters: 500, epoch: 3 | loss: 0.1478425
	speed: 0.0054s/iter; left time: 97.1121s
	iters: 600, epoch: 3 | loss: 0.1634811
	speed: 0.0054s/iter; left time: 95.4037s
	iters: 700, epoch: 3 | loss: 0.1826039
	speed: 0.0054s/iter; left time: 95.5546s
	iters: 800, epoch: 3 | loss: 0.1146916
	speed: 0.0054s/iter; left time: 95.2826s
	iters: 900, epoch: 3 | loss: 0.3397722
	speed: 0.0058s/iter; left time: 100.6677s
	iters: 1000, epoch: 3 | loss: 0.1974855
	speed: 0.0058s/iter; left time: 101.0395s
	iters: 1100, epoch: 3 | loss: 0.1646776
	speed: 0.0059s/iter; left time: 101.6437s
	iters: 1200, epoch: 3 | loss: 0.1230733
	speed: 0.0055s/iter; left time: 95.0225s
	iters: 1300, epoch: 3 | loss: 0.1315347
	speed: 0.0054s/iter; left time: 92.2028s
	iters: 1400, epoch: 3 | loss: 0.1831541
	speed: 0.0056s/iter; left time: 95.3962s
	iters: 1500, epoch: 3 | loss: 0.1878148
	speed: 0.0056s/iter; left time: 94.0550s
	iters: 1600, epoch: 3 | loss: 0.1348936
	speed: 0.0062s/iter; left time: 104.4722s
	iters: 1700, epoch: 3 | loss: 0.2454928
	speed: 0.0065s/iter; left time: 107.6303s
	iters: 1800, epoch: 3 | loss: 0.2837833
	speed: 0.0060s/iter; left time: 99.4796s
	iters: 1900, epoch: 3 | loss: 0.1446806
	speed: 0.0055s/iter; left time: 90.6854s
	iters: 2000, epoch: 3 | loss: 0.1847657
	speed: 0.0056s/iter; left time: 91.4833s
	iters: 2100, epoch: 3 | loss: 0.0949686
	speed: 0.0057s/iter; left time: 93.4442s
	iters: 2200, epoch: 3 | loss: 0.1432566
	speed: 0.0055s/iter; left time: 88.7244s
Epoch: 3 cost time: 13.734146356582642
Epoch: 3, Steps: 2296 | Train Loss: 0.2954366 Vali Loss: 0.2724515 Test Loss: 0.0978161
Validation loss decreased (0.274144 --> 0.272451).  Saving model ...
Updating learning rate to 0.00025
	iters: 100, epoch: 4 | loss: 0.0994686
	speed: 0.0636s/iter; left time: 1015.1630s
	iters: 200, epoch: 4 | loss: 0.1600793
	speed: 0.0053s/iter; left time: 83.7616s
	iters: 300, epoch: 4 | loss: 0.1034821
	speed: 0.0057s/iter; left time: 90.2991s
	iters: 400, epoch: 4 | loss: 0.1477858
	speed: 0.0062s/iter; left time: 96.5029s
	iters: 500, epoch: 4 | loss: 0.0919462
	speed: 0.0050s/iter; left time: 77.2650s
	iters: 600, epoch: 4 | loss: 0.1856520
	speed: 0.0057s/iter; left time: 88.8447s
	iters: 700, epoch: 4 | loss: 0.2197024
	speed: 0.0062s/iter; left time: 94.7272s
	iters: 800, epoch: 4 | loss: 0.1614910
	speed: 0.0056s/iter; left time: 86.0608s
	iters: 900, epoch: 4 | loss: 0.1801388
	speed: 0.0056s/iter; left time: 84.5640s
	iters: 1000, epoch: 4 | loss: 0.2909620
	speed: 0.0058s/iter; left time: 86.8665s
	iters: 1100, epoch: 4 | loss: 0.1260716
	speed: 0.0058s/iter; left time: 87.0713s
	iters: 1200, epoch: 4 | loss: 0.3500258
	speed: 0.0058s/iter; left time: 85.5711s
	iters: 1300, epoch: 4 | loss: 0.1573800
	speed: 0.0057s/iter; left time: 84.3140s
	iters: 1400, epoch: 4 | loss: 0.1881100
	speed: 0.0057s/iter; left time: 83.4926s
	iters: 1500, epoch: 4 | loss: 0.1055086
	speed: 0.0056s/iter; left time: 81.7926s
	iters: 1600, epoch: 4 | loss: 0.1730141
	speed: 0.0057s/iter; left time: 83.0933s
	iters: 1700, epoch: 4 | loss: 0.2029689
	speed: 0.0054s/iter; left time: 77.7223s
	iters: 1800, epoch: 4 | loss: 0.3726401
	speed: 0.0055s/iter; left time: 78.0333s
	iters: 1900, epoch: 4 | loss: 0.4588616
	speed: 0.0054s/iter; left time: 77.1897s
	iters: 2000, epoch: 4 | loss: 0.1688208
	speed: 0.0057s/iter; left time: 79.7889s
	iters: 2100, epoch: 4 | loss: 0.3270104
	speed: 0.0056s/iter; left time: 77.6072s
	iters: 2200, epoch: 4 | loss: 0.1286230
	speed: 0.0060s/iter; left time: 83.8931s
Epoch: 4 cost time: 13.80743932723999
Epoch: 4, Steps: 2296 | Train Loss: 0.2905224 Vali Loss: 0.2713718 Test Loss: 0.0977278
Validation loss decreased (0.272451 --> 0.271372).  Saving model ...
Updating learning rate to 0.000125
	iters: 100, epoch: 5 | loss: 0.1698965
	speed: 0.0659s/iter; left time: 901.6610s
	iters: 200, epoch: 5 | loss: 0.1972295
	speed: 0.0054s/iter; left time: 72.9188s
	iters: 300, epoch: 5 | loss: 0.1572150
	speed: 0.0054s/iter; left time: 73.2696s
	iters: 400, epoch: 5 | loss: 0.1203200
	speed: 0.0054s/iter; left time: 71.5832s
	iters: 500, epoch: 5 | loss: 0.0904035
	speed: 0.0052s/iter; left time: 68.5758s
	iters: 600, epoch: 5 | loss: 6.5156288
	speed: 0.0059s/iter; left time: 77.9023s
	iters: 700, epoch: 5 | loss: 0.0975790
	speed: 0.0058s/iter; left time: 76.4164s
	iters: 800, epoch: 5 | loss: 0.2283621
	speed: 0.0054s/iter; left time: 69.8541s
	iters: 900, epoch: 5 | loss: 0.2690380
	speed: 0.0056s/iter; left time: 71.7448s
	iters: 1000, epoch: 5 | loss: 0.1101852
	speed: 0.0057s/iter; left time: 72.6101s
	iters: 1100, epoch: 5 | loss: 0.2015620
	speed: 0.0061s/iter; left time: 77.4965s
	iters: 1200, epoch: 5 | loss: 0.4084534
	speed: 0.0070s/iter; left time: 88.4128s
	iters: 1300, epoch: 5 | loss: 0.4049798
	speed: 0.0057s/iter; left time: 70.5731s
	iters: 1400, epoch: 5 | loss: 0.4736902
	speed: 0.0059s/iter; left time: 72.6010s
	iters: 1500, epoch: 5 | loss: 0.1831747
	speed: 0.0059s/iter; left time: 71.8259s
	iters: 1600, epoch: 5 | loss: 0.1274276
	speed: 0.0059s/iter; left time: 72.4295s
	iters: 1700, epoch: 5 | loss: 0.1884392
	speed: 0.0060s/iter; left time: 72.8398s
	iters: 1800, epoch: 5 | loss: 0.0832698
	speed: 0.0064s/iter; left time: 76.1888s
	iters: 1900, epoch: 5 | loss: 0.1330697
	speed: 0.0057s/iter; left time: 67.6606s
	iters: 2000, epoch: 5 | loss: 0.1836397
	speed: 0.0051s/iter; left time: 59.5732s
	iters: 2100, epoch: 5 | loss: 0.1822814
	speed: 0.0061s/iter; left time: 71.0014s
	iters: 2200, epoch: 5 | loss: 0.0880303
	speed: 0.0059s/iter; left time: 67.8924s
Epoch: 5 cost time: 13.923619270324707
Epoch: 5, Steps: 2296 | Train Loss: 0.2882894 Vali Loss: 0.2682852 Test Loss: 0.0963102
Validation loss decreased (0.271372 --> 0.268285).  Saving model ...
Updating learning rate to 6.25e-05
	iters: 100, epoch: 6 | loss: 0.2657316
	speed: 0.0635s/iter; left time: 723.2196s
	iters: 200, epoch: 6 | loss: 0.1200516
	speed: 0.0053s/iter; left time: 60.2867s
	iters: 300, epoch: 6 | loss: 0.1175609
	speed: 0.0053s/iter; left time: 59.7733s
	iters: 400, epoch: 6 | loss: 0.2437103
	speed: 0.0059s/iter; left time: 65.4454s
	iters: 500, epoch: 6 | loss: 0.1143365
	speed: 0.0059s/iter; left time: 64.6217s
	iters: 600, epoch: 6 | loss: 0.1489554
	speed: 0.0056s/iter; left time: 60.7876s
	iters: 700, epoch: 6 | loss: 0.1180501
	speed: 0.0056s/iter; left time: 60.0506s
	iters: 800, epoch: 6 | loss: 0.0739397
	speed: 0.0053s/iter; left time: 56.9755s
	iters: 900, epoch: 6 | loss: 0.0774684
	speed: 0.0053s/iter; left time: 56.1429s
	iters: 1000, epoch: 6 | loss: 0.1430476
	speed: 0.0054s/iter; left time: 56.1892s
	iters: 1100, epoch: 6 | loss: 0.1534558
	speed: 0.0054s/iter; left time: 55.7959s
	iters: 1200, epoch: 6 | loss: 0.1174320
	speed: 0.0056s/iter; left time: 57.6024s
	iters: 1300, epoch: 6 | loss: 0.1723198
	speed: 0.0057s/iter; left time: 57.9104s
	iters: 1400, epoch: 6 | loss: 0.1242934
	speed: 0.0054s/iter; left time: 54.3255s
	iters: 1500, epoch: 6 | loss: 0.1191388
	speed: 0.0056s/iter; left time: 55.5941s
	iters: 1600, epoch: 6 | loss: 0.1222397
	speed: 0.0056s/iter; left time: 55.2171s
	iters: 1700, epoch: 6 | loss: 0.1406984
	speed: 0.0053s/iter; left time: 52.1176s
	iters: 1800, epoch: 6 | loss: 0.6543205
	speed: 0.0053s/iter; left time: 51.6361s
	iters: 1900, epoch: 6 | loss: 0.0774639
	speed: 0.0057s/iter; left time: 54.4787s
	iters: 2000, epoch: 6 | loss: 0.2027348
	speed: 0.0066s/iter; left time: 62.5566s
	iters: 2100, epoch: 6 | loss: 0.2354660
	speed: 0.0063s/iter; left time: 59.0809s
	iters: 2200, epoch: 6 | loss: 0.1140085
	speed: 0.0057s/iter; left time: 53.1036s
Epoch: 6 cost time: 13.580418348312378
Epoch: 6, Steps: 2296 | Train Loss: 0.2871017 Vali Loss: 0.2687357 Test Loss: 0.0963382
EarlyStopping counter: 1 out of 3
Updating learning rate to 3.125e-05
	iters: 100, epoch: 7 | loss: 0.1033742
	speed: 0.0646s/iter; left time: 586.6926s
	iters: 200, epoch: 7 | loss: 0.1939874
	speed: 0.0064s/iter; left time: 57.4623s
	iters: 300, epoch: 7 | loss: 0.1533632
	speed: 0.0062s/iter; left time: 55.3843s
	iters: 400, epoch: 7 | loss: 0.1334856
	speed: 0.0058s/iter; left time: 51.3807s
	iters: 500, epoch: 7 | loss: 0.1825512
	speed: 0.0054s/iter; left time: 47.2228s
	iters: 600, epoch: 7 | loss: 0.1504816
	speed: 0.0056s/iter; left time: 47.6584s
	iters: 700, epoch: 7 | loss: 0.0892009
	speed: 0.0057s/iter; left time: 48.1107s
	iters: 800, epoch: 7 | loss: 0.4584656
	speed: 0.0059s/iter; left time: 49.4972s
	iters: 900, epoch: 7 | loss: 0.3948376
	speed: 0.0064s/iter; left time: 53.0053s
	iters: 1000, epoch: 7 | loss: 0.3393358
	speed: 0.0066s/iter; left time: 53.9981s
	iters: 1100, epoch: 7 | loss: 0.2246143
	speed: 0.0062s/iter; left time: 50.2590s
	iters: 1200, epoch: 7 | loss: 0.1479313
	speed: 0.0055s/iter; left time: 43.8998s
	iters: 1300, epoch: 7 | loss: 0.0884797
	speed: 0.0056s/iter; left time: 44.1894s
	iters: 1400, epoch: 7 | loss: 0.1630756
	speed: 0.0055s/iter; left time: 42.5726s
	iters: 1500, epoch: 7 | loss: 0.1667199
	speed: 0.0053s/iter; left time: 40.5437s
	iters: 1600, epoch: 7 | loss: 0.0857100
	speed: 0.0054s/iter; left time: 41.0217s
	iters: 1700, epoch: 7 | loss: 0.2100836
	speed: 0.0055s/iter; left time: 41.3957s
	iters: 1800, epoch: 7 | loss: 0.1639646
	speed: 0.0055s/iter; left time: 40.5751s
	iters: 1900, epoch: 7 | loss: 0.1593991
	speed: 0.0057s/iter; left time: 41.8447s
	iters: 2000, epoch: 7 | loss: 0.5411471
	speed: 0.0058s/iter; left time: 41.4033s
	iters: 2100, epoch: 7 | loss: 0.0949938
	speed: 0.0057s/iter; left time: 40.0954s
	iters: 2200, epoch: 7 | loss: 0.2483441
	speed: 0.0049s/iter; left time: 34.1173s
Epoch: 7 cost time: 13.79920244216919
Epoch: 7, Steps: 2296 | Train Loss: 0.2864102 Vali Loss: 0.2685001 Test Loss: 0.0964474
EarlyStopping counter: 2 out of 3
Updating learning rate to 1.5625e-05
	iters: 100, epoch: 8 | loss: 0.1661789
	speed: 0.0621s/iter; left time: 421.8078s
	iters: 200, epoch: 8 | loss: 0.2636014
	speed: 0.0057s/iter; left time: 38.2460s
	iters: 300, epoch: 8 | loss: 0.1359972
	speed: 0.0060s/iter; left time: 39.3009s
	iters: 400, epoch: 8 | loss: 0.0911628
	speed: 0.0059s/iter; left time: 38.2426s
	iters: 500, epoch: 8 | loss: 0.0988110
	speed: 0.0062s/iter; left time: 39.4023s
	iters: 600, epoch: 8 | loss: 0.1303900
	speed: 0.0061s/iter; left time: 38.5803s
	iters: 700, epoch: 8 | loss: 0.1695286
	speed: 0.0058s/iter; left time: 35.9723s
	iters: 800, epoch: 8 | loss: 0.4204170
	speed: 0.0057s/iter; left time: 34.8865s
	iters: 900, epoch: 8 | loss: 0.1330971
	speed: 0.0056s/iter; left time: 33.7825s
	iters: 1000, epoch: 8 | loss: 0.2646193
	speed: 0.0058s/iter; left time: 34.2708s
	iters: 1100, epoch: 8 | loss: 0.2122514
	speed: 0.0057s/iter; left time: 33.2758s
	iters: 1200, epoch: 8 | loss: 1.4231013
	speed: 0.0059s/iter; left time: 33.8300s
	iters: 1300, epoch: 8 | loss: 0.1320286
	speed: 0.0056s/iter; left time: 31.3615s
	iters: 1400, epoch: 8 | loss: 0.0700904
	speed: 0.0055s/iter; left time: 30.3590s
	iters: 1500, epoch: 8 | loss: 0.1733644
	speed: 0.0057s/iter; left time: 30.7421s
	iters: 1600, epoch: 8 | loss: 0.2073359
	speed: 0.0054s/iter; left time: 28.7375s
	iters: 1700, epoch: 8 | loss: 0.1231458
	speed: 0.0059s/iter; left time: 30.7208s
	iters: 1800, epoch: 8 | loss: 0.1152028
	speed: 0.0056s/iter; left time: 28.7189s
	iters: 1900, epoch: 8 | loss: 0.2531935
	speed: 0.0056s/iter; left time: 27.7915s
	iters: 2000, epoch: 8 | loss: 0.1693604
	speed: 0.0058s/iter; left time: 28.2534s
	iters: 2100, epoch: 8 | loss: 0.3085562
	speed: 0.0058s/iter; left time: 27.7325s
	iters: 2200, epoch: 8 | loss: 0.1729243
	speed: 0.0054s/iter; left time: 25.5515s
Epoch: 8 cost time: 13.899215698242188
Epoch: 8, Steps: 2296 | Train Loss: 0.2861223 Vali Loss: 0.2684688 Test Loss: 0.0963228
EarlyStopping counter: 3 out of 3
Early stopping
>>>>>>>testing : weather_120_24_GRevagLinear_custom_ftM_sl120_ll48_pl24_dm512_nh8_el2_dl1_df2048_fc1_ebtimeF_dtTrue_Exp_0<<<<<<<<<<<<<<<<<<<<<<<<<<<<<<<<<
test 10516
mse:0.0964050143957138, mae:0.1292380690574646
