Args in experiment:
Namespace(activation='gelu', batch_size=16, c_out=7, checkpoints='/spo/NewbornTime/tahir098/SVF/data/Extra/checkpoints/', d_ff=2048, d_layers=1, d_model=512, data='custom', data_path='traffic.csv', dec_in=7, des='Exp', devices='0,1,2,3', distil=True, do_predict=False, dropout=0.05, e_layers=2, embed='timeF', embed_type=0, enc_in=862, factor=1, features='M', freq='h', gpu=0, individual=False, is_training=1, itr=1, label_len=48, learning_rate=0.001, loss='mse', lradj='type1', model='GLinear', model_id='traffic_672_720', moving_avg=25, n_heads=8, num_workers=10, output_attention=False, patience=3, pred_len=720, root_path='./dataset/', seq_len=672, target='OT', test_flop=False, train_epochs=10, train_only=False, use_amp=False, use_gpu=True, use_multi_gpu=False)
Use GPU: cuda:0
>>>>>>>start training : traffic_672_720_GLinear_custom_ftM_sl672_ll48_pl720_dm512_nh8_el2_dl1_df2048_fc1_ebtimeF_dtTrue_Exp_0>>>>>>>>>>>>>>>>>>>>>>>>>>
train 10889
val 1037
test 2789
	iters: 100, epoch: 1 | loss: 0.2936316
	speed: 0.0695s/iter; left time: 465.8892s
	iters: 200, epoch: 1 | loss: 0.2801154
	speed: 0.0629s/iter; left time: 414.8742s
	iters: 300, epoch: 1 | loss: 0.3066978
	speed: 0.0630s/iter; left time: 409.4781s
	iters: 400, epoch: 1 | loss: 0.2780768
	speed: 0.0630s/iter; left time: 403.3768s
	iters: 500, epoch: 1 | loss: 0.2713591
	speed: 0.0635s/iter; left time: 399.8272s
	iters: 600, epoch: 1 | loss: 0.2887424
	speed: 0.0639s/iter; left time: 396.5060s
Epoch: 1 cost time: 43.719393491744995
Epoch: 1, Steps: 680 | Train Loss: 0.2974977 Vali Loss: 0.4147664 Test Loss: 0.4729107
Validation loss decreased (inf --> 0.414766).  Saving model ...
Updating learning rate to 0.001
	iters: 100, epoch: 2 | loss: 0.2834029
	speed: 0.4938s/iter; left time: 2973.0170s
	iters: 200, epoch: 2 | loss: 0.2740393
	speed: 0.0636s/iter; left time: 376.7394s
	iters: 300, epoch: 2 | loss: 0.2593586
	speed: 0.0633s/iter; left time: 368.7595s
	iters: 400, epoch: 2 | loss: 0.2750399
	speed: 0.0638s/iter; left time: 364.7284s
	iters: 500, epoch: 2 | loss: 0.2606145
	speed: 0.0636s/iter; left time: 357.5774s
	iters: 600, epoch: 2 | loss: 0.2829809
	speed: 0.0639s/iter; left time: 352.9156s
Epoch: 2 cost time: 44.08275127410889
Epoch: 2, Steps: 680 | Train Loss: 0.2731974 Vali Loss: 0.4064771 Test Loss: 0.4624047
Validation loss decreased (0.414766 --> 0.406477).  Saving model ...
Updating learning rate to 0.0005
	iters: 100, epoch: 3 | loss: 0.2699384
	speed: 0.4917s/iter; left time: 2625.9151s
	iters: 200, epoch: 3 | loss: 0.2627577
	speed: 0.0633s/iter; left time: 331.8900s
	iters: 300, epoch: 3 | loss: 0.2439838
	speed: 0.0638s/iter; left time: 327.9855s
	iters: 400, epoch: 3 | loss: 0.2580797
	speed: 0.0637s/iter; left time: 321.2371s
	iters: 500, epoch: 3 | loss: 0.2553911
	speed: 0.0646s/iter; left time: 318.9864s
	iters: 600, epoch: 3 | loss: 0.2531620
	speed: 0.0641s/iter; left time: 310.0958s
Epoch: 3 cost time: 44.24185609817505
Epoch: 3, Steps: 680 | Train Loss: 0.2638121 Vali Loss: 0.3975448 Test Loss: 0.4475797
Validation loss decreased (0.406477 --> 0.397545).  Saving model ...
Updating learning rate to 0.00025
	iters: 100, epoch: 4 | loss: 0.2549458
	speed: 0.5008s/iter; left time: 2334.2914s
	iters: 200, epoch: 4 | loss: 0.2629711
	speed: 0.0627s/iter; left time: 285.9634s
	iters: 300, epoch: 4 | loss: 0.2492668
	speed: 0.0635s/iter; left time: 283.1155s
	iters: 400, epoch: 4 | loss: 0.2715649
	speed: 0.0640s/iter; left time: 279.2621s
	iters: 500, epoch: 4 | loss: 0.2714841
	speed: 0.0648s/iter; left time: 275.9894s
	iters: 600, epoch: 4 | loss: 0.2701682
	speed: 0.0653s/iter; left time: 271.5186s
Epoch: 4 cost time: 44.45250487327576
Epoch: 4, Steps: 680 | Train Loss: 0.2598931 Vali Loss: 0.3945433 Test Loss: 0.4458033
Validation loss decreased (0.397545 --> 0.394543).  Saving model ...
Updating learning rate to 0.000125
	iters: 100, epoch: 5 | loss: 0.2800165
	speed: 0.4959s/iter; left time: 1974.2619s
	iters: 200, epoch: 5 | loss: 0.2570520
	speed: 0.0622s/iter; left time: 241.3788s
	iters: 300, epoch: 5 | loss: 0.2808414
	speed: 0.0616s/iter; left time: 232.8359s
	iters: 400, epoch: 5 | loss: 0.2590021
	speed: 0.0623s/iter; left time: 229.4367s
	iters: 500, epoch: 5 | loss: 0.2559555
	speed: 0.0624s/iter; left time: 223.5709s
	iters: 600, epoch: 5 | loss: 0.2596841
	speed: 0.0628s/iter; left time: 218.5319s
Epoch: 5 cost time: 43.34503245353699
Epoch: 5, Steps: 680 | Train Loss: 0.2577960 Vali Loss: 0.3933827 Test Loss: 0.4432743
Validation loss decreased (0.394543 --> 0.393383).  Saving model ...
Updating learning rate to 6.25e-05
	iters: 100, epoch: 6 | loss: 0.2731867
	speed: 0.4891s/iter; left time: 1614.3990s
	iters: 200, epoch: 6 | loss: 0.2511764
	speed: 0.0603s/iter; left time: 192.9539s
	iters: 300, epoch: 6 | loss: 0.2498816
	speed: 0.0602s/iter; left time: 186.6854s
	iters: 400, epoch: 6 | loss: 0.2410417
	speed: 0.0604s/iter; left time: 181.2522s
	iters: 500, epoch: 6 | loss: 0.2716787
	speed: 0.0614s/iter; left time: 178.1019s
	iters: 600, epoch: 6 | loss: 0.2556754
	speed: 0.0611s/iter; left time: 171.0532s
Epoch: 6 cost time: 42.395806550979614
Epoch: 6, Steps: 680 | Train Loss: 0.2566284 Vali Loss: 0.3915037 Test Loss: 0.4409003
Validation loss decreased (0.393383 --> 0.391504).  Saving model ...
Updating learning rate to 3.125e-05
	iters: 100, epoch: 7 | loss: 0.2693576
	speed: 0.4882s/iter; left time: 1279.5644s
	iters: 200, epoch: 7 | loss: 0.2470900
	speed: 0.0633s/iter; left time: 159.5577s
	iters: 300, epoch: 7 | loss: 0.2481260
	speed: 0.0641s/iter; left time: 155.1854s
	iters: 400, epoch: 7 | loss: 0.2629012
	speed: 0.0632s/iter; left time: 146.7002s
	iters: 500, epoch: 7 | loss: 0.2318110
	speed: 0.0643s/iter; left time: 142.9210s
	iters: 600, epoch: 7 | loss: 0.2557257
	speed: 0.0643s/iter; left time: 136.3016s
Epoch: 7 cost time: 44.16492795944214
Epoch: 7, Steps: 680 | Train Loss: 0.2559979 Vali Loss: 0.3907065 Test Loss: 0.4410597
Validation loss decreased (0.391504 --> 0.390707).  Saving model ...
Updating learning rate to 1.5625e-05
	iters: 100, epoch: 8 | loss: 0.2517762
	speed: 0.4965s/iter; left time: 963.7204s
	iters: 200, epoch: 8 | loss: 0.2506665
	speed: 0.0631s/iter; left time: 116.2401s
	iters: 300, epoch: 8 | loss: 0.2763123
	speed: 0.0629s/iter; left time: 109.5817s
	iters: 400, epoch: 8 | loss: 0.2327716
	speed: 0.0638s/iter; left time: 104.6395s
	iters: 500, epoch: 8 | loss: 0.2560391
	speed: 0.0631s/iter; left time: 97.2295s
	iters: 600, epoch: 8 | loss: 0.2510118
	speed: 0.0640s/iter; left time: 92.1839s
Epoch: 8 cost time: 44.048664808273315
Epoch: 8, Steps: 680 | Train Loss: 0.2556758 Vali Loss: 0.3906540 Test Loss: 0.4407527
Validation loss decreased (0.390707 --> 0.390654).  Saving model ...
Updating learning rate to 7.8125e-06
	iters: 100, epoch: 9 | loss: 0.2659633
	speed: 0.4935s/iter; left time: 622.2769s
	iters: 200, epoch: 9 | loss: 0.2694430
	speed: 0.0633s/iter; left time: 73.4340s
	iters: 300, epoch: 9 | loss: 0.2709717
	speed: 0.0643s/iter; left time: 68.2547s
	iters: 400, epoch: 9 | loss: 0.2460697
	speed: 0.0636s/iter; left time: 61.1653s
	iters: 500, epoch: 9 | loss: 0.2508036
	speed: 0.0630s/iter; left time: 54.2531s
	iters: 600, epoch: 9 | loss: 0.2355957
	speed: 0.0639s/iter; left time: 48.6081s
Epoch: 9 cost time: 43.99638628959656
Epoch: 9, Steps: 680 | Train Loss: 0.2554613 Vali Loss: 0.3906577 Test Loss: 0.4405687
EarlyStopping counter: 1 out of 3
Updating learning rate to 3.90625e-06
	iters: 100, epoch: 10 | loss: 0.2466283
	speed: 0.4942s/iter; left time: 287.1548s
	iters: 200, epoch: 10 | loss: 0.2535197
	speed: 0.0632s/iter; left time: 30.3925s
	iters: 300, epoch: 10 | loss: 0.2627685
	speed: 0.0637s/iter; left time: 24.2559s
	iters: 400, epoch: 10 | loss: 0.2543293
	speed: 0.0635s/iter; left time: 17.8569s
	iters: 500, epoch: 10 | loss: 0.2557334
	speed: 0.0638s/iter; left time: 11.5528s
	iters: 600, epoch: 10 | loss: 0.2728193
	speed: 0.0645s/iter; left time: 5.2210s
Epoch: 10 cost time: 44.08827090263367
Epoch: 10, Steps: 680 | Train Loss: 0.2553817 Vali Loss: 0.3910936 Test Loss: 0.4407080
EarlyStopping counter: 2 out of 3
Updating learning rate to 1.953125e-06
>>>>>>>testing : traffic_672_720_GLinear_custom_ftM_sl672_ll48_pl720_dm512_nh8_el2_dl1_df2048_fc1_ebtimeF_dtTrue_Exp_0<<<<<<<<<<<<<<<<<<<<<<<<<<<<<<<<<
test 2789
mse:0.4406319856643677, mae:0.29930201172828674
