Args in experiment:
Namespace(activation='gelu', batch_size=16, c_out=7, checkpoints='/spo/NewbornTime/tahir098/SVF/data/Extra/checkpoints/', d_ff=2048, d_layers=1, d_model=512, data='custom', data_path='traffic.csv', dec_in=7, des='Exp', devices='0,1,2,3', distil=True, do_predict=False, dropout=0.05, e_layers=2, embed='timeF', embed_type=0, enc_in=862, factor=1, features='M', freq='h', gpu=0, individual=False, is_training=1, itr=1, label_len=48, learning_rate=0.001, loss='mse', lradj='type1', model='GLinear', model_id='traffic_672_24', moving_avg=25, n_heads=8, num_workers=10, output_attention=False, patience=3, pred_len=24, root_path='./dataset/', seq_len=672, target='OT', test_flop=False, train_epochs=10, train_only=False, use_amp=False, use_gpu=True, use_multi_gpu=False)
Use GPU: cuda:0
>>>>>>>start training : traffic_672_24_GLinear_custom_ftM_sl672_ll48_pl24_dm512_nh8_el2_dl1_df2048_fc1_ebtimeF_dtTrue_Exp_0>>>>>>>>>>>>>>>>>>>>>>>>>>
train 11585
val 1733
test 3485
	iters: 100, epoch: 1 | loss: 0.3141440
	speed: 0.0390s/iter; left time: 278.7570s
	iters: 200, epoch: 1 | loss: 0.2825916
	speed: 0.0318s/iter; left time: 223.7590s
	iters: 300, epoch: 1 | loss: 0.1829266
	speed: 0.0310s/iter; left time: 214.9894s
	iters: 400, epoch: 1 | loss: 0.2045970
	speed: 0.0310s/iter; left time: 212.0921s
	iters: 500, epoch: 1 | loss: 0.2468383
	speed: 0.0307s/iter; left time: 206.7469s
	iters: 600, epoch: 1 | loss: 0.2354452
	speed: 0.0311s/iter; left time: 206.7787s
	iters: 700, epoch: 1 | loss: 0.2588550
	speed: 0.0317s/iter; left time: 207.0248s
Epoch: 1 cost time: 23.427968740463257
Epoch: 1, Steps: 724 | Train Loss: 0.2341947 Vali Loss: 0.3149976 Test Loss: 0.3504907
Validation loss decreased (inf --> 0.314998).  Saving model ...
Updating learning rate to 0.001
	iters: 100, epoch: 2 | loss: 0.1859766
	speed: 0.1677s/iter; left time: 1076.1459s
	iters: 200, epoch: 2 | loss: 0.1824515
	speed: 0.0310s/iter; left time: 195.9001s
	iters: 300, epoch: 2 | loss: 0.2606818
	speed: 0.0306s/iter; left time: 190.4067s
	iters: 400, epoch: 2 | loss: 0.2182940
	speed: 0.0308s/iter; left time: 188.1468s
	iters: 500, epoch: 2 | loss: 0.3077369
	speed: 0.0306s/iter; left time: 184.4106s
	iters: 600, epoch: 2 | loss: 0.2358247
	speed: 0.0307s/iter; left time: 181.4512s
	iters: 700, epoch: 2 | loss: 0.1931456
	speed: 0.0307s/iter; left time: 178.7877s
Epoch: 2 cost time: 23.30106019973755
Epoch: 2, Steps: 724 | Train Loss: 0.2147828 Vali Loss: 0.3152083 Test Loss: 0.3470616
EarlyStopping counter: 1 out of 3
Updating learning rate to 0.0005
	iters: 100, epoch: 3 | loss: 0.1710460
	speed: 0.1667s/iter; left time: 948.8800s
	iters: 200, epoch: 3 | loss: 0.1552903
	speed: 0.0305s/iter; left time: 170.3253s
	iters: 300, epoch: 3 | loss: 0.1739108
	speed: 0.0311s/iter; left time: 170.6597s
	iters: 400, epoch: 3 | loss: 0.2200157
	speed: 0.0317s/iter; left time: 171.1643s
	iters: 500, epoch: 3 | loss: 0.2126887
	speed: 0.0317s/iter; left time: 167.8226s
	iters: 600, epoch: 3 | loss: 0.1658095
	speed: 0.0311s/iter; left time: 161.4862s
	iters: 700, epoch: 3 | loss: 0.1792608
	speed: 0.0319s/iter; left time: 162.3924s
Epoch: 3 cost time: 23.576699018478394
Epoch: 3, Steps: 724 | Train Loss: 0.2043225 Vali Loss: 0.3041940 Test Loss: 0.3317782
Validation loss decreased (0.314998 --> 0.304194).  Saving model ...
Updating learning rate to 0.00025
	iters: 100, epoch: 4 | loss: 0.1934247
	speed: 0.1683s/iter; left time: 836.2618s
	iters: 200, epoch: 4 | loss: 0.1646931
	speed: 0.0309s/iter; left time: 150.6496s
	iters: 300, epoch: 4 | loss: 0.1679583
	speed: 0.0313s/iter; left time: 149.2111s
	iters: 400, epoch: 4 | loss: 0.2044019
	speed: 0.0314s/iter; left time: 146.7046s
	iters: 500, epoch: 4 | loss: 0.1798021
	speed: 0.0312s/iter; left time: 142.5249s
	iters: 600, epoch: 4 | loss: 0.1861055
	speed: 0.0319s/iter; left time: 142.3686s
	iters: 700, epoch: 4 | loss: 0.1719164
	speed: 0.0315s/iter; left time: 137.5286s
Epoch: 4 cost time: 23.66861605644226
Epoch: 4, Steps: 724 | Train Loss: 0.1997220 Vali Loss: 0.3049053 Test Loss: 0.3314404
EarlyStopping counter: 1 out of 3
Updating learning rate to 0.000125
	iters: 100, epoch: 5 | loss: 0.1881790
	speed: 0.1670s/iter; left time: 708.8651s
	iters: 200, epoch: 5 | loss: 0.2391681
	speed: 0.0314s/iter; left time: 130.3281s
	iters: 300, epoch: 5 | loss: 0.1893838
	speed: 0.0309s/iter; left time: 124.9337s
	iters: 400, epoch: 5 | loss: 0.1792547
	speed: 0.0310s/iter; left time: 122.3556s
	iters: 500, epoch: 5 | loss: 0.1865724
	speed: 0.0317s/iter; left time: 121.7770s
	iters: 600, epoch: 5 | loss: 0.1549662
	speed: 0.0314s/iter; left time: 117.7337s
	iters: 700, epoch: 5 | loss: 0.1942470
	speed: 0.0313s/iter; left time: 114.0063s
Epoch: 5 cost time: 23.647847175598145
Epoch: 5, Steps: 724 | Train Loss: 0.1973507 Vali Loss: 0.3015848 Test Loss: 0.3273259
Validation loss decreased (0.304194 --> 0.301585).  Saving model ...
Updating learning rate to 6.25e-05
	iters: 100, epoch: 6 | loss: 0.1840610
	speed: 0.1665s/iter; left time: 586.3234s
	iters: 200, epoch: 6 | loss: 0.1825454
	speed: 0.0311s/iter; left time: 106.2486s
	iters: 300, epoch: 6 | loss: 0.2472180
	speed: 0.0309s/iter; left time: 102.6603s
	iters: 400, epoch: 6 | loss: 0.1487470
	speed: 0.0308s/iter; left time: 99.1667s
	iters: 500, epoch: 6 | loss: 0.2021860
	speed: 0.0305s/iter; left time: 95.2658s
	iters: 600, epoch: 6 | loss: 0.2470943
	speed: 0.0307s/iter; left time: 92.7492s
	iters: 700, epoch: 6 | loss: 0.1934945
	speed: 0.0311s/iter; left time: 90.9752s
Epoch: 6 cost time: 23.284531593322754
Epoch: 6, Steps: 724 | Train Loss: 0.1959711 Vali Loss: 0.3002462 Test Loss: 0.3250468
Validation loss decreased (0.301585 --> 0.300246).  Saving model ...
Updating learning rate to 3.125e-05
	iters: 100, epoch: 7 | loss: 0.1772010
	speed: 0.1677s/iter; left time: 468.9189s
	iters: 200, epoch: 7 | loss: 0.2086150
	speed: 0.0307s/iter; left time: 82.7678s
	iters: 300, epoch: 7 | loss: 0.1967696
	speed: 0.0305s/iter; left time: 79.1651s
	iters: 400, epoch: 7 | loss: 0.1581148
	speed: 0.0310s/iter; left time: 77.4626s
	iters: 500, epoch: 7 | loss: 0.2422468
	speed: 0.0312s/iter; left time: 74.7885s
	iters: 600, epoch: 7 | loss: 0.1983314
	speed: 0.0306s/iter; left time: 70.3999s
	iters: 700, epoch: 7 | loss: 0.2002150
	speed: 0.0309s/iter; left time: 67.8857s
Epoch: 7 cost time: 23.38975477218628
Epoch: 7, Steps: 724 | Train Loss: 0.1951929 Vali Loss: 0.2993746 Test Loss: 0.3239675
Validation loss decreased (0.300246 --> 0.299375).  Saving model ...
Updating learning rate to 1.5625e-05
	iters: 100, epoch: 8 | loss: 0.1812727
	speed: 0.1678s/iter; left time: 347.9349s
	iters: 200, epoch: 8 | loss: 0.2413059
	speed: 0.0310s/iter; left time: 61.2147s
	iters: 300, epoch: 8 | loss: 0.2216567
	speed: 0.0306s/iter; left time: 57.4026s
	iters: 400, epoch: 8 | loss: 0.1981832
	speed: 0.0311s/iter; left time: 55.1909s
	iters: 500, epoch: 8 | loss: 0.1943970
	speed: 0.0311s/iter; left time: 52.0939s
	iters: 600, epoch: 8 | loss: 0.1742060
	speed: 0.0312s/iter; left time: 49.1348s
	iters: 700, epoch: 8 | loss: 0.1909011
	speed: 0.0311s/iter; left time: 45.8807s
Epoch: 8 cost time: 23.509627103805542
Epoch: 8, Steps: 724 | Train Loss: 0.1947608 Vali Loss: 0.2992513 Test Loss: 0.3241139
Validation loss decreased (0.299375 --> 0.299251).  Saving model ...
Updating learning rate to 7.8125e-06
	iters: 100, epoch: 9 | loss: 0.1692894
	speed: 0.1709s/iter; left time: 230.5940s
	iters: 200, epoch: 9 | loss: 0.2160430
	speed: 0.0318s/iter; left time: 39.7446s
	iters: 300, epoch: 9 | loss: 0.1643353
	speed: 0.0311s/iter; left time: 35.6899s
	iters: 400, epoch: 9 | loss: 0.1899425
	speed: 0.0305s/iter; left time: 31.9726s
	iters: 500, epoch: 9 | loss: 0.1766735
	speed: 0.0309s/iter; left time: 29.3439s
	iters: 600, epoch: 9 | loss: 0.3120022
	speed: 0.0305s/iter; left time: 25.9157s
	iters: 700, epoch: 9 | loss: 0.1846048
	speed: 0.0311s/iter; left time: 23.3225s
Epoch: 9 cost time: 23.427758932113647
Epoch: 9, Steps: 724 | Train Loss: 0.1945292 Vali Loss: 0.2991695 Test Loss: 0.3235923
Validation loss decreased (0.299251 --> 0.299169).  Saving model ...
Updating learning rate to 3.90625e-06
	iters: 100, epoch: 10 | loss: 0.1584730
	speed: 0.1692s/iter; left time: 105.7804s
	iters: 200, epoch: 10 | loss: 0.1876339
	speed: 0.0305s/iter; left time: 15.9982s
	iters: 300, epoch: 10 | loss: 0.2159924
	speed: 0.0303s/iter; left time: 12.8910s
	iters: 400, epoch: 10 | loss: 0.1759937
	speed: 0.0313s/iter; left time: 10.1627s
	iters: 500, epoch: 10 | loss: 0.2237630
	speed: 0.0311s/iter; left time: 6.9926s
	iters: 600, epoch: 10 | loss: 0.1690550
	speed: 0.0313s/iter; left time: 3.9165s
	iters: 700, epoch: 10 | loss: 0.1678518
	speed: 0.0313s/iter; left time: 0.7830s
Epoch: 10 cost time: 23.45069646835327
Epoch: 10, Steps: 724 | Train Loss: 0.1944001 Vali Loss: 0.2991774 Test Loss: 0.3235715
EarlyStopping counter: 1 out of 3
Updating learning rate to 1.953125e-06
>>>>>>>testing : traffic_672_24_GLinear_custom_ftM_sl672_ll48_pl24_dm512_nh8_el2_dl1_df2048_fc1_ebtimeF_dtTrue_Exp_0<<<<<<<<<<<<<<<<<<<<<<<<<<<<<<<<<
test 3485
mse:0.3237166404724121, mae:0.23889926075935364
