Args in experiment:
Namespace(activation='gelu', batch_size=16, c_out=7, checkpoints='/spo/NewbornTime/tahir098/SVF/data/Extra/checkpoints/', d_ff=2048, d_layers=1, d_model=512, data='custom', data_path='weather.csv', dec_in=7, des='Exp', devices='0,1,2,3', distil=True, do_predict=False, dropout=0.05, e_layers=2, embed='timeF', embed_type=0, enc_in=21, factor=1, features='M', freq='h', gpu=0, individual=False, is_training=1, itr=1, label_len=48, learning_rate=0.001, loss='mse', lradj='type1', model='DNGLinear', model_id='weather_336_24', moving_avg=25, n_heads=8, num_workers=10, output_attention=False, patience=3, pred_len=24, root_path='./dataset/', seq_len=336, target='OT', test_flop=False, train_epochs=10, train_only=False, use_amp=False, use_gpu=True, use_multi_gpu=False)
Use GPU: cuda:0
>>>>>>>start training : weather_336_24_DNGLinear_custom_ftM_sl336_ll48_pl24_dm512_nh8_el2_dl1_df2048_fc1_ebtimeF_dtTrue_Exp_0>>>>>>>>>>>>>>>>>>>>>>>>>>
train 36528
val 5247
test 10516
	iters: 100, epoch: 1 | loss: 0.2074243
	speed: 0.0133s/iter; left time: 302.8332s
	iters: 200, epoch: 1 | loss: 0.2628931
	speed: 0.0071s/iter; left time: 159.9208s
	iters: 300, epoch: 1 | loss: 0.1869685
	speed: 0.0075s/iter; left time: 168.2711s
	iters: 400, epoch: 1 | loss: 0.3189114
	speed: 0.0078s/iter; left time: 174.6086s
	iters: 500, epoch: 1 | loss: 0.1275596
	speed: 0.0069s/iter; left time: 154.6046s
	iters: 600, epoch: 1 | loss: 0.0996567
	speed: 0.0069s/iter; left time: 153.4472s
	iters: 700, epoch: 1 | loss: 0.1422778
	speed: 0.0078s/iter; left time: 172.4009s
	iters: 800, epoch: 1 | loss: 0.3081787
	speed: 0.0073s/iter; left time: 159.7989s
	iters: 900, epoch: 1 | loss: 0.0800418
	speed: 0.0073s/iter; left time: 159.3326s
	iters: 1000, epoch: 1 | loss: 1.3802900
	speed: 0.0076s/iter; left time: 166.5328s
	iters: 1100, epoch: 1 | loss: 0.2460693
	speed: 0.0080s/iter; left time: 174.6039s
	iters: 1200, epoch: 1 | loss: 0.2206276
	speed: 0.0078s/iter; left time: 169.2738s
	iters: 1300, epoch: 1 | loss: 0.1579447
	speed: 0.0080s/iter; left time: 171.2999s
	iters: 1400, epoch: 1 | loss: 0.2287724
	speed: 0.0080s/iter; left time: 171.8437s
	iters: 1500, epoch: 1 | loss: 5.5088553
	speed: 0.0081s/iter; left time: 172.1148s
	iters: 1600, epoch: 1 | loss: 0.2661546
	speed: 0.0076s/iter; left time: 162.2249s
	iters: 1700, epoch: 1 | loss: 0.1986766
	speed: 0.0083s/iter; left time: 175.7990s
	iters: 1800, epoch: 1 | loss: 0.6512100
	speed: 0.0078s/iter; left time: 164.9969s
	iters: 1900, epoch: 1 | loss: 0.2980848
	speed: 0.0076s/iter; left time: 158.7893s
	iters: 2000, epoch: 1 | loss: 1.2383099
	speed: 0.0081s/iter; left time: 168.5347s
	iters: 2100, epoch: 1 | loss: 1.6589459
	speed: 0.0080s/iter; left time: 165.6651s
	iters: 2200, epoch: 1 | loss: 1.0217983
	speed: 0.0071s/iter; left time: 147.2625s
Epoch: 1 cost time: 18.124395847320557
Epoch: 1, Steps: 2283 | Train Loss: 0.3343652 Vali Loss: 0.2797230 Test Loss: 0.1035891
Validation loss decreased (inf --> 0.279723).  Saving model ...
Updating learning rate to 0.001
	iters: 100, epoch: 2 | loss: 0.2228013
	speed: 0.0773s/iter; left time: 1579.6534s
	iters: 200, epoch: 2 | loss: 0.1093236
	speed: 0.0075s/iter; left time: 153.2927s
	iters: 300, epoch: 2 | loss: 0.1995011
	speed: 0.0078s/iter; left time: 157.8455s
	iters: 400, epoch: 2 | loss: 0.2481358
	speed: 0.0078s/iter; left time: 157.4519s
	iters: 500, epoch: 2 | loss: 0.2208880
	speed: 0.0078s/iter; left time: 156.5118s
	iters: 600, epoch: 2 | loss: 0.1755838
	speed: 0.0077s/iter; left time: 153.7375s
	iters: 700, epoch: 2 | loss: 0.1538515
	speed: 0.0079s/iter; left time: 157.4154s
	iters: 800, epoch: 2 | loss: 0.1232993
	speed: 0.0079s/iter; left time: 156.3036s
	iters: 900, epoch: 2 | loss: 0.1903255
	speed: 0.0078s/iter; left time: 154.1385s
	iters: 1000, epoch: 2 | loss: 0.2269629
	speed: 0.0087s/iter; left time: 170.4817s
	iters: 1100, epoch: 2 | loss: 0.2380046
	speed: 0.0088s/iter; left time: 170.7923s
	iters: 1200, epoch: 2 | loss: 0.1171148
	speed: 0.0086s/iter; left time: 166.1965s
	iters: 1300, epoch: 2 | loss: 0.2379923
	speed: 0.0071s/iter; left time: 135.8871s
	iters: 1400, epoch: 2 | loss: 0.1475455
	speed: 0.0071s/iter; left time: 135.2697s
	iters: 1500, epoch: 2 | loss: 0.2160146
	speed: 0.0074s/iter; left time: 141.5735s
	iters: 1600, epoch: 2 | loss: 0.2265209
	speed: 0.0075s/iter; left time: 141.4412s
	iters: 1700, epoch: 2 | loss: 0.5132872
	speed: 0.0079s/iter; left time: 148.4916s
	iters: 1800, epoch: 2 | loss: 0.1437877
	speed: 0.0070s/iter; left time: 131.8301s
	iters: 1900, epoch: 2 | loss: 0.8311515
	speed: 0.0081s/iter; left time: 151.0795s
	iters: 2000, epoch: 2 | loss: 0.1640104
	speed: 0.0071s/iter; left time: 130.9172s
	iters: 2100, epoch: 2 | loss: 0.0985394
	speed: 0.0077s/iter; left time: 142.3104s
	iters: 2200, epoch: 2 | loss: 0.1051811
	speed: 0.0078s/iter; left time: 143.0515s
Epoch: 2 cost time: 18.400623321533203
Epoch: 2, Steps: 2283 | Train Loss: 0.3443008 Vali Loss: 0.2618236 Test Loss: 0.0983641
Validation loss decreased (0.279723 --> 0.261824).  Saving model ...
Updating learning rate to 0.0005
	iters: 100, epoch: 3 | loss: 0.1383115
	speed: 0.0793s/iter; left time: 1440.5054s
	iters: 200, epoch: 3 | loss: 0.1378157
	speed: 0.0077s/iter; left time: 138.3541s
	iters: 300, epoch: 3 | loss: 0.1197099
	speed: 0.0084s/iter; left time: 151.2792s
	iters: 400, epoch: 3 | loss: 0.2136542
	speed: 0.0079s/iter; left time: 141.2363s
	iters: 500, epoch: 3 | loss: 0.1043321
	speed: 0.0076s/iter; left time: 135.5805s
	iters: 600, epoch: 3 | loss: 0.1323421
	speed: 0.0075s/iter; left time: 132.6798s
	iters: 700, epoch: 3 | loss: 0.1449217
	speed: 0.0077s/iter; left time: 135.9743s
	iters: 800, epoch: 3 | loss: 0.1073474
	speed: 0.0079s/iter; left time: 137.6428s
	iters: 900, epoch: 3 | loss: 0.1383634
	speed: 0.0078s/iter; left time: 136.1107s
	iters: 1000, epoch: 3 | loss: 0.1960871
	speed: 0.0085s/iter; left time: 146.1669s
	iters: 1100, epoch: 3 | loss: 0.2925630
	speed: 0.0083s/iter; left time: 143.2904s
	iters: 1200, epoch: 3 | loss: 0.4814746
	speed: 0.0085s/iter; left time: 145.2376s
	iters: 1300, epoch: 3 | loss: 0.4113314
	speed: 0.0078s/iter; left time: 131.4907s
	iters: 1400, epoch: 3 | loss: 0.1939693
	speed: 0.0074s/iter; left time: 125.3332s
	iters: 1500, epoch: 3 | loss: 0.2503385
	speed: 0.0077s/iter; left time: 129.8615s
	iters: 1600, epoch: 3 | loss: 1.6644598
	speed: 0.0080s/iter; left time: 132.8162s
	iters: 1700, epoch: 3 | loss: 0.1497506
	speed: 0.0082s/iter; left time: 136.3863s
	iters: 1800, epoch: 3 | loss: 0.3138635
	speed: 0.0090s/iter; left time: 147.7669s
	iters: 1900, epoch: 3 | loss: 0.2278504
	speed: 0.0088s/iter; left time: 143.7129s
	iters: 2000, epoch: 3 | loss: 0.1457502
	speed: 0.0081s/iter; left time: 131.0193s
	iters: 2100, epoch: 3 | loss: 0.2135004
	speed: 0.0078s/iter; left time: 125.7945s
	iters: 2200, epoch: 3 | loss: 0.2484734
	speed: 0.0078s/iter; left time: 125.8761s
Epoch: 3 cost time: 19.15834879875183
Epoch: 3, Steps: 2283 | Train Loss: 0.3034038 Vali Loss: 0.2551381 Test Loss: 0.0941535
Validation loss decreased (0.261824 --> 0.255138).  Saving model ...
Updating learning rate to 0.00025
	iters: 100, epoch: 4 | loss: 0.1743683
	speed: 0.0779s/iter; left time: 1237.7202s
	iters: 200, epoch: 4 | loss: 1.5560182
	speed: 0.0070s/iter; left time: 110.9507s
	iters: 300, epoch: 4 | loss: 0.6837243
	speed: 0.0074s/iter; left time: 116.4236s
	iters: 400, epoch: 4 | loss: 1.2342137
	speed: 0.0076s/iter; left time: 117.9059s
	iters: 500, epoch: 4 | loss: 6.6469774
	speed: 0.0080s/iter; left time: 124.5282s
	iters: 600, epoch: 4 | loss: 0.1211000
	speed: 0.0085s/iter; left time: 130.1645s
	iters: 700, epoch: 4 | loss: 0.1278534
	speed: 0.0078s/iter; left time: 118.9541s
	iters: 800, epoch: 4 | loss: 0.3643198
	speed: 0.0079s/iter; left time: 119.3005s
	iters: 900, epoch: 4 | loss: 0.1964489
	speed: 0.0077s/iter; left time: 116.5528s
	iters: 1000, epoch: 4 | loss: 0.2162332
	speed: 0.0073s/iter; left time: 109.3925s
	iters: 1100, epoch: 4 | loss: 0.1372205
	speed: 0.0077s/iter; left time: 114.1387s
	iters: 1200, epoch: 4 | loss: 0.2902481
	speed: 0.0072s/iter; left time: 107.0720s
	iters: 1300, epoch: 4 | loss: 0.1423340
	speed: 0.0071s/iter; left time: 103.8862s
	iters: 1400, epoch: 4 | loss: 0.2747660
	speed: 0.0072s/iter; left time: 104.6104s
	iters: 1500, epoch: 4 | loss: 0.2477311
	speed: 0.0071s/iter; left time: 102.1018s
	iters: 1600, epoch: 4 | loss: 0.2169257
	speed: 0.0079s/iter; left time: 113.1982s
	iters: 1700, epoch: 4 | loss: 0.1006810
	speed: 0.0084s/iter; left time: 120.1120s
	iters: 1800, epoch: 4 | loss: 0.2918635
	speed: 0.0084s/iter; left time: 119.1908s
	iters: 1900, epoch: 4 | loss: 0.1439840
	speed: 0.0075s/iter; left time: 106.2628s
	iters: 2000, epoch: 4 | loss: 0.1270108
	speed: 0.0077s/iter; left time: 107.7455s
	iters: 2100, epoch: 4 | loss: 0.1028784
	speed: 0.0073s/iter; left time: 101.3432s
	iters: 2200, epoch: 4 | loss: 0.2180386
	speed: 0.0077s/iter; left time: 106.1851s
Epoch: 4 cost time: 18.114673376083374
Epoch: 4, Steps: 2283 | Train Loss: 0.2893044 Vali Loss: 0.2559744 Test Loss: 0.0938907
EarlyStopping counter: 1 out of 3
Updating learning rate to 0.000125
	iters: 100, epoch: 5 | loss: 0.1484344
	speed: 0.0788s/iter; left time: 1071.0980s
	iters: 200, epoch: 5 | loss: 0.1029656
	speed: 0.0078s/iter; left time: 105.9210s
	iters: 300, epoch: 5 | loss: 0.0842390
	speed: 0.0079s/iter; left time: 105.5284s
	iters: 400, epoch: 5 | loss: 0.1037266
	speed: 0.0076s/iter; left time: 101.5996s
	iters: 500, epoch: 5 | loss: 0.1559014
	speed: 0.0077s/iter; left time: 101.5219s
	iters: 600, epoch: 5 | loss: 0.2235954
	speed: 0.0073s/iter; left time: 95.5045s
	iters: 700, epoch: 5 | loss: 0.2268574
	speed: 0.0075s/iter; left time: 97.3418s
	iters: 800, epoch: 5 | loss: 0.5132733
	speed: 0.0069s/iter; left time: 89.6144s
	iters: 900, epoch: 5 | loss: 0.0913228
	speed: 0.0068s/iter; left time: 87.6100s
	iters: 1000, epoch: 5 | loss: 0.1332244
	speed: 0.0069s/iter; left time: 87.0840s
	iters: 1100, epoch: 5 | loss: 0.1656930
	speed: 0.0070s/iter; left time: 88.6365s
	iters: 1200, epoch: 5 | loss: 0.1464316
	speed: 0.0078s/iter; left time: 97.5058s
	iters: 1300, epoch: 5 | loss: 0.2902912
	speed: 0.0085s/iter; left time: 105.2413s
	iters: 1400, epoch: 5 | loss: 0.4891694
	speed: 0.0074s/iter; left time: 90.7132s
	iters: 1500, epoch: 5 | loss: 0.0947041
	speed: 0.0077s/iter; left time: 94.0418s
	iters: 1600, epoch: 5 | loss: 0.2139819
	speed: 0.0078s/iter; left time: 94.7282s
	iters: 1700, epoch: 5 | loss: 0.2009179
	speed: 0.0076s/iter; left time: 90.7720s
	iters: 1800, epoch: 5 | loss: 0.0925659
	speed: 0.0078s/iter; left time: 93.3896s
	iters: 1900, epoch: 5 | loss: 0.2115276
	speed: 0.0078s/iter; left time: 91.5813s
	iters: 2000, epoch: 5 | loss: 0.1690686
	speed: 0.0077s/iter; left time: 89.9436s
	iters: 2100, epoch: 5 | loss: 0.4481193
	speed: 0.0080s/iter; left time: 93.1031s
	iters: 2200, epoch: 5 | loss: 0.2091036
	speed: 0.0087s/iter; left time: 100.3986s
Epoch: 5 cost time: 18.218165159225464
Epoch: 5, Steps: 2283 | Train Loss: 0.2843170 Vali Loss: 0.2544207 Test Loss: 0.0945722
Validation loss decreased (0.255138 --> 0.254421).  Saving model ...
Updating learning rate to 6.25e-05
	iters: 100, epoch: 6 | loss: 0.4197048
	speed: 0.0784s/iter; left time: 887.3902s
	iters: 200, epoch: 6 | loss: 0.1099344
	speed: 0.0074s/iter; left time: 82.5132s
	iters: 300, epoch: 6 | loss: 0.1999188
	speed: 0.0079s/iter; left time: 88.2871s
	iters: 400, epoch: 6 | loss: 0.2710857
	speed: 0.0071s/iter; left time: 78.4534s
	iters: 500, epoch: 6 | loss: 0.4759365
	speed: 0.0074s/iter; left time: 80.6776s
	iters: 600, epoch: 6 | loss: 0.2891844
	speed: 0.0076s/iter; left time: 81.7064s
	iters: 700, epoch: 6 | loss: 0.1269474
	speed: 0.0079s/iter; left time: 84.9372s
	iters: 800, epoch: 6 | loss: 0.1123166
	speed: 0.0073s/iter; left time: 77.7038s
	iters: 900, epoch: 6 | loss: 0.1629929
	speed: 0.0074s/iter; left time: 77.8547s
	iters: 1000, epoch: 6 | loss: 0.0860458
	speed: 0.0077s/iter; left time: 80.0109s
	iters: 1100, epoch: 6 | loss: 0.3758273
	speed: 0.0071s/iter; left time: 72.9859s
	iters: 1200, epoch: 6 | loss: 0.1005338
	speed: 0.0076s/iter; left time: 77.6601s
	iters: 1300, epoch: 6 | loss: 0.1438328
	speed: 0.0070s/iter; left time: 71.0744s
	iters: 1400, epoch: 6 | loss: 0.1177560
	speed: 0.0071s/iter; left time: 70.9946s
	iters: 1500, epoch: 6 | loss: 0.1670730
	speed: 0.0076s/iter; left time: 75.0055s
	iters: 1600, epoch: 6 | loss: 0.1000659
	speed: 0.0076s/iter; left time: 74.9984s
	iters: 1700, epoch: 6 | loss: 0.1743247
	speed: 0.0076s/iter; left time: 73.9745s
	iters: 1800, epoch: 6 | loss: 0.1320952
	speed: 0.0077s/iter; left time: 73.9523s
	iters: 1900, epoch: 6 | loss: 0.1210918
	speed: 0.0071s/iter; left time: 67.2569s
	iters: 2000, epoch: 6 | loss: 0.1009347
	speed: 0.0075s/iter; left time: 70.6127s
	iters: 2100, epoch: 6 | loss: 0.7008529
	speed: 0.0074s/iter; left time: 69.1287s
	iters: 2200, epoch: 6 | loss: 0.1429408
	speed: 0.0079s/iter; left time: 73.2614s
Epoch: 6 cost time: 17.73991560935974
Epoch: 6, Steps: 2283 | Train Loss: 0.2806322 Vali Loss: 0.2526725 Test Loss: 0.0940518
Validation loss decreased (0.254421 --> 0.252672).  Saving model ...
Updating learning rate to 3.125e-05
	iters: 100, epoch: 7 | loss: 0.1056627
	speed: 0.0786s/iter; left time: 710.0030s
	iters: 200, epoch: 7 | loss: 0.2734123
	speed: 0.0070s/iter; left time: 62.3531s
	iters: 300, epoch: 7 | loss: 0.2039316
	speed: 0.0070s/iter; left time: 62.1334s
	iters: 400, epoch: 7 | loss: 0.1073674
	speed: 0.0073s/iter; left time: 63.7743s
	iters: 500, epoch: 7 | loss: 0.2816322
	speed: 0.0072s/iter; left time: 62.1632s
	iters: 600, epoch: 7 | loss: 0.1884565
	speed: 0.0070s/iter; left time: 59.9191s
	iters: 700, epoch: 7 | loss: 0.1328174
	speed: 0.0069s/iter; left time: 58.0306s
	iters: 800, epoch: 7 | loss: 0.2512210
	speed: 0.0074s/iter; left time: 61.8030s
	iters: 900, epoch: 7 | loss: 0.3463188
	speed: 0.0068s/iter; left time: 56.2461s
	iters: 1000, epoch: 7 | loss: 0.1227774
	speed: 0.0071s/iter; left time: 57.4873s
	iters: 1100, epoch: 7 | loss: 0.1084351
	speed: 0.0075s/iter; left time: 60.6135s
	iters: 1200, epoch: 7 | loss: 0.1610314
	speed: 0.0070s/iter; left time: 55.5653s
	iters: 1300, epoch: 7 | loss: 0.1077013
	speed: 0.0075s/iter; left time: 58.9563s
	iters: 1400, epoch: 7 | loss: 0.1225659
	speed: 0.0076s/iter; left time: 58.4540s
	iters: 1500, epoch: 7 | loss: 0.2028847
	speed: 0.0081s/iter; left time: 61.8042s
	iters: 1600, epoch: 7 | loss: 0.1031035
	speed: 0.0078s/iter; left time: 59.0100s
	iters: 1700, epoch: 7 | loss: 0.1481703
	speed: 0.0079s/iter; left time: 58.7811s
	iters: 1800, epoch: 7 | loss: 0.1340223
	speed: 0.0086s/iter; left time: 63.3882s
	iters: 1900, epoch: 7 | loss: 0.1193050
	speed: 0.0087s/iter; left time: 63.1108s
	iters: 2000, epoch: 7 | loss: 0.1361198
	speed: 0.0087s/iter; left time: 62.0182s
	iters: 2100, epoch: 7 | loss: 0.2736049
	speed: 0.0099s/iter; left time: 69.6074s
	iters: 2200, epoch: 7 | loss: 0.2896719
	speed: 0.0078s/iter; left time: 54.1466s
Epoch: 7 cost time: 18.22106170654297
Epoch: 7, Steps: 2283 | Train Loss: 0.2794728 Vali Loss: 0.2515242 Test Loss: 0.0938967
Validation loss decreased (0.252672 --> 0.251524).  Saving model ...
Updating learning rate to 1.5625e-05
	iters: 100, epoch: 8 | loss: 0.1402548
	speed: 0.0803s/iter; left time: 542.2355s
	iters: 200, epoch: 8 | loss: 0.1878587
	speed: 0.0075s/iter; left time: 49.5500s
	iters: 300, epoch: 8 | loss: 0.1847419
	speed: 0.0088s/iter; left time: 57.3932s
	iters: 400, epoch: 8 | loss: 0.2834122
	speed: 0.0087s/iter; left time: 56.0906s
	iters: 500, epoch: 8 | loss: 0.0678025
	speed: 0.0078s/iter; left time: 49.4914s
	iters: 600, epoch: 8 | loss: 0.0985294
	speed: 0.0075s/iter; left time: 46.9869s
	iters: 700, epoch: 8 | loss: 0.1420804
	speed: 0.0075s/iter; left time: 45.9126s
	iters: 800, epoch: 8 | loss: 0.2310879
	speed: 0.0072s/iter; left time: 43.6462s
	iters: 900, epoch: 8 | loss: 0.1564753
	speed: 0.0080s/iter; left time: 47.5997s
	iters: 1000, epoch: 8 | loss: 0.1059181
	speed: 0.0085s/iter; left time: 49.5984s
	iters: 1100, epoch: 8 | loss: 0.1933037
	speed: 0.0083s/iter; left time: 47.4501s
	iters: 1200, epoch: 8 | loss: 0.1497331
	speed: 0.0073s/iter; left time: 41.4042s
	iters: 1300, epoch: 8 | loss: 0.9065710
	speed: 0.0083s/iter; left time: 46.1141s
	iters: 1400, epoch: 8 | loss: 0.1880582
	speed: 0.0078s/iter; left time: 42.4156s
	iters: 1500, epoch: 8 | loss: 0.1752360
	speed: 0.0076s/iter; left time: 40.9217s
	iters: 1600, epoch: 8 | loss: 0.1595403
	speed: 0.0077s/iter; left time: 40.4584s
	iters: 1700, epoch: 8 | loss: 0.4102163
	speed: 0.0077s/iter; left time: 39.5629s
	iters: 1800, epoch: 8 | loss: 0.3114225
	speed: 0.0085s/iter; left time: 42.9983s
	iters: 1900, epoch: 8 | loss: 0.2907508
	speed: 0.0085s/iter; left time: 42.1717s
	iters: 2000, epoch: 8 | loss: 0.1682813
	speed: 0.0077s/iter; left time: 37.5454s
	iters: 2100, epoch: 8 | loss: 0.1259037
	speed: 0.0075s/iter; left time: 35.5923s
	iters: 2200, epoch: 8 | loss: 0.1517098
	speed: 0.0073s/iter; left time: 33.8189s
Epoch: 8 cost time: 18.695522785186768
Epoch: 8, Steps: 2283 | Train Loss: 0.2786593 Vali Loss: 0.2526513 Test Loss: 0.0938375
EarlyStopping counter: 1 out of 3
Updating learning rate to 7.8125e-06
	iters: 100, epoch: 9 | loss: 0.1534814
	speed: 0.0796s/iter; left time: 355.6200s
	iters: 200, epoch: 9 | loss: 0.5540044
	speed: 0.0078s/iter; left time: 34.0304s
	iters: 300, epoch: 9 | loss: 0.1257339
	speed: 0.0089s/iter; left time: 37.8110s
	iters: 400, epoch: 9 | loss: 0.2252381
	speed: 0.0086s/iter; left time: 35.7615s
	iters: 500, epoch: 9 | loss: 0.2229415
	speed: 0.0082s/iter; left time: 33.5031s
	iters: 600, epoch: 9 | loss: 0.1821030
	speed: 0.0082s/iter; left time: 32.3977s
	iters: 700, epoch: 9 | loss: 0.1187860
	speed: 0.0075s/iter; left time: 28.8324s
	iters: 800, epoch: 9 | loss: 0.1501459
	speed: 0.0076s/iter; left time: 28.5359s
	iters: 900, epoch: 9 | loss: 0.1981386
	speed: 0.0079s/iter; left time: 28.8262s
	iters: 1000, epoch: 9 | loss: 0.1096861
	speed: 0.0082s/iter; left time: 29.1995s
	iters: 1100, epoch: 9 | loss: 0.1420521
	speed: 0.0090s/iter; left time: 31.0683s
	iters: 1200, epoch: 9 | loss: 0.1349459
	speed: 0.0070s/iter; left time: 23.5837s
	iters: 1300, epoch: 9 | loss: 0.3160312
	speed: 0.0075s/iter; left time: 24.6098s
	iters: 1400, epoch: 9 | loss: 0.1871280
	speed: 0.0076s/iter; left time: 24.0545s
	iters: 1500, epoch: 9 | loss: 0.1544584
	speed: 0.0077s/iter; left time: 23.4626s
	iters: 1600, epoch: 9 | loss: 0.0993164
	speed: 0.0076s/iter; left time: 22.4635s
	iters: 1700, epoch: 9 | loss: 0.0892762
	speed: 0.0077s/iter; left time: 21.9401s
	iters: 1800, epoch: 9 | loss: 0.1902918
	speed: 0.0075s/iter; left time: 20.8907s
	iters: 1900, epoch: 9 | loss: 0.2261539
	speed: 0.0075s/iter; left time: 19.9696s
	iters: 2000, epoch: 9 | loss: 0.2340540
	speed: 0.0082s/iter; left time: 21.0696s
	iters: 2100, epoch: 9 | loss: 0.1625049
	speed: 0.0078s/iter; left time: 19.3053s
	iters: 2200, epoch: 9 | loss: 0.0722264
	speed: 0.0078s/iter; left time: 18.3483s
Epoch: 9 cost time: 18.634982109069824
Epoch: 9, Steps: 2283 | Train Loss: 0.2781024 Vali Loss: 0.2530899 Test Loss: 0.0936219
EarlyStopping counter: 2 out of 3
Updating learning rate to 3.90625e-06
	iters: 100, epoch: 10 | loss: 0.1969677
	speed: 0.0800s/iter; left time: 174.6970s
	iters: 200, epoch: 10 | loss: 0.1265677
	speed: 0.0080s/iter; left time: 16.7414s
	iters: 300, epoch: 10 | loss: 0.2001409
	speed: 0.0080s/iter; left time: 15.9249s
	iters: 400, epoch: 10 | loss: 0.1676560
	speed: 0.0081s/iter; left time: 15.2471s
	iters: 500, epoch: 10 | loss: 0.1161851
	speed: 0.0076s/iter; left time: 13.5394s
	iters: 600, epoch: 10 | loss: 0.1338524
	speed: 0.0080s/iter; left time: 13.4731s
	iters: 700, epoch: 10 | loss: 0.1012104
	speed: 0.0084s/iter; left time: 13.2868s
	iters: 800, epoch: 10 | loss: 0.6000323
	speed: 0.0083s/iter; left time: 12.3705s
	iters: 900, epoch: 10 | loss: 0.1752005
	speed: 0.0080s/iter; left time: 11.0669s
	iters: 1000, epoch: 10 | loss: 1.6135491
	speed: 0.0086s/iter; left time: 10.9821s
	iters: 1100, epoch: 10 | loss: 0.4997246
	speed: 0.0082s/iter; left time: 9.7307s
	iters: 1200, epoch: 10 | loss: 0.3158533
	speed: 0.0080s/iter; left time: 8.6698s
	iters: 1300, epoch: 10 | loss: 0.0905610
	speed: 0.0075s/iter; left time: 7.3347s
	iters: 1400, epoch: 10 | loss: 0.2598691
	speed: 0.0077s/iter; left time: 6.7900s
	iters: 1500, epoch: 10 | loss: 0.1182266
	speed: 0.0078s/iter; left time: 6.1096s
	iters: 1600, epoch: 10 | loss: 0.4785759
	speed: 0.0078s/iter; left time: 5.3197s
	iters: 1700, epoch: 10 | loss: 0.5133918
	speed: 0.0078s/iter; left time: 4.5752s
	iters: 1800, epoch: 10 | loss: 0.1206847
	speed: 0.0078s/iter; left time: 3.7881s
	iters: 1900, epoch: 10 | loss: 0.1326532
	speed: 0.0080s/iter; left time: 3.0747s
	iters: 2000, epoch: 10 | loss: 0.1216068
	speed: 0.0080s/iter; left time: 2.2810s
	iters: 2100, epoch: 10 | loss: 0.2163458
	speed: 0.0075s/iter; left time: 1.3888s
	iters: 2200, epoch: 10 | loss: 0.1405146
	speed: 0.0080s/iter; left time: 0.6751s
Epoch: 10 cost time: 18.916748762130737
Epoch: 10, Steps: 2283 | Train Loss: 0.2778490 Vali Loss: 0.2532538 Test Loss: 0.0936618
EarlyStopping counter: 3 out of 3
Early stopping
>>>>>>>testing : weather_336_24_DNGLinear_custom_ftM_sl336_ll48_pl24_dm512_nh8_el2_dl1_df2048_fc1_ebtimeF_dtTrue_Exp_0<<<<<<<<<<<<<<<<<<<<<<<<<<<<<<<<<
test 10516
mse:0.09399034827947617, mae:0.1289876103401184
