Args in experiment:
Namespace(activation='gelu', batch_size=16, c_out=7, checkpoints='/spo/NewbornTime/tahir098/SVF/data/Extra/checkpoints/', d_ff=2048, d_layers=1, d_model=512, data='custom', data_path='weather.csv', dec_in=7, des='Exp', devices='0,1,2,3', distil=True, do_predict=False, dropout=0.05, e_layers=2, embed='timeF', embed_type=0, enc_in=21, factor=1, features='M', freq='h', gpu=0, individual=False, is_training=1, itr=1, label_len=48, learning_rate=0.001, loss='mse', lradj='type1', model='DNGLinear', model_id='weather_336_192', moving_avg=25, n_heads=8, num_workers=10, output_attention=False, patience=3, pred_len=192, root_path='./dataset/', seq_len=336, target='OT', test_flop=False, train_epochs=10, train_only=False, use_amp=False, use_gpu=True, use_multi_gpu=False)
Use GPU: cuda:0
>>>>>>>start training : weather_336_192_DNGLinear_custom_ftM_sl336_ll48_pl192_dm512_nh8_el2_dl1_df2048_fc1_ebtimeF_dtTrue_Exp_0>>>>>>>>>>>>>>>>>>>>>>>>>>
train 36360
val 5079
test 10348
	iters: 100, epoch: 1 | loss: 0.4650626
	speed: 0.0164s/iter; left time: 370.4334s
	iters: 200, epoch: 1 | loss: 1.4353515
	speed: 0.0084s/iter; left time: 189.0819s
	iters: 300, epoch: 1 | loss: 0.4479398
	speed: 0.0082s/iter; left time: 184.1198s
	iters: 400, epoch: 1 | loss: 0.4858198
	speed: 0.0085s/iter; left time: 189.1944s
	iters: 500, epoch: 1 | loss: 0.3004871
	speed: 0.0087s/iter; left time: 193.9913s
	iters: 600, epoch: 1 | loss: 0.4255832
	speed: 0.0081s/iter; left time: 179.6462s
	iters: 700, epoch: 1 | loss: 1.2228214
	speed: 0.0082s/iter; left time: 180.3571s
	iters: 800, epoch: 1 | loss: 0.3206870
	speed: 0.0081s/iter; left time: 177.0574s
	iters: 900, epoch: 1 | loss: 0.4257964
	speed: 0.0081s/iter; left time: 177.2490s
	iters: 1000, epoch: 1 | loss: 0.3706331
	speed: 0.0085s/iter; left time: 184.1057s
	iters: 1100, epoch: 1 | loss: 0.3905571
	speed: 0.0085s/iter; left time: 183.8796s
	iters: 1200, epoch: 1 | loss: 0.7959080
	speed: 0.0084s/iter; left time: 179.8597s
	iters: 1300, epoch: 1 | loss: 0.6075987
	speed: 0.0085s/iter; left time: 181.4467s
	iters: 1400, epoch: 1 | loss: 0.3763448
	speed: 0.0083s/iter; left time: 177.3578s
	iters: 1500, epoch: 1 | loss: 0.3561731
	speed: 0.0083s/iter; left time: 176.8575s
	iters: 1600, epoch: 1 | loss: 0.5143106
	speed: 0.0085s/iter; left time: 178.6853s
	iters: 1700, epoch: 1 | loss: 0.3635574
	speed: 0.0089s/iter; left time: 187.4708s
	iters: 1800, epoch: 1 | loss: 0.3857111
	speed: 0.0084s/iter; left time: 175.2451s
	iters: 1900, epoch: 1 | loss: 0.4183000
	speed: 0.0084s/iter; left time: 174.6538s
	iters: 2000, epoch: 1 | loss: 0.4177704
	speed: 0.0083s/iter; left time: 172.6699s
	iters: 2100, epoch: 1 | loss: 0.5351303
	speed: 0.0085s/iter; left time: 175.0773s
	iters: 2200, epoch: 1 | loss: 0.2578062
	speed: 0.0084s/iter; left time: 171.6809s
Epoch: 1 cost time: 19.95651650428772
Epoch: 1, Steps: 2272 | Train Loss: 0.5098410 Vali Loss: 0.4768393 Test Loss: 0.2017678
Validation loss decreased (inf --> 0.476839).  Saving model ...
Updating learning rate to 0.001
	iters: 100, epoch: 2 | loss: 0.3242307
	speed: 0.0895s/iter; left time: 1821.6534s
	iters: 200, epoch: 2 | loss: 0.5025814
	speed: 0.0084s/iter; left time: 170.5050s
	iters: 300, epoch: 2 | loss: 0.5684358
	speed: 0.0098s/iter; left time: 196.7941s
	iters: 400, epoch: 2 | loss: 0.5853176
	speed: 0.0093s/iter; left time: 186.4985s
	iters: 500, epoch: 2 | loss: 0.3251000
	speed: 0.0085s/iter; left time: 169.1622s
	iters: 600, epoch: 2 | loss: 0.2669203
	speed: 0.0084s/iter; left time: 167.5276s
	iters: 700, epoch: 2 | loss: 0.3745789
	speed: 0.0081s/iter; left time: 159.8518s
	iters: 800, epoch: 2 | loss: 0.3616490
	speed: 0.0080s/iter; left time: 156.9753s
	iters: 900, epoch: 2 | loss: 0.3473441
	speed: 0.0082s/iter; left time: 159.8951s
	iters: 1000, epoch: 2 | loss: 0.3612055
	speed: 0.0081s/iter; left time: 157.8587s
	iters: 1100, epoch: 2 | loss: 0.4415913
	speed: 0.0087s/iter; left time: 168.3161s
	iters: 1200, epoch: 2 | loss: 1.3334529
	speed: 0.0083s/iter; left time: 159.6277s
	iters: 1300, epoch: 2 | loss: 0.5898969
	speed: 0.0083s/iter; left time: 158.6453s
	iters: 1400, epoch: 2 | loss: 0.5259470
	speed: 0.0079s/iter; left time: 149.9237s
	iters: 1500, epoch: 2 | loss: 0.5785815
	speed: 0.0082s/iter; left time: 155.2421s
	iters: 1600, epoch: 2 | loss: 0.4563687
	speed: 0.0081s/iter; left time: 152.1690s
	iters: 1700, epoch: 2 | loss: 0.4714933
	speed: 0.0086s/iter; left time: 161.2975s
	iters: 1800, epoch: 2 | loss: 0.3496007
	speed: 0.0085s/iter; left time: 159.3445s
	iters: 1900, epoch: 2 | loss: 0.3569767
	speed: 0.0083s/iter; left time: 154.5378s
	iters: 2000, epoch: 2 | loss: 0.4208567
	speed: 0.0079s/iter; left time: 145.7044s
	iters: 2100, epoch: 2 | loss: 0.4419935
	speed: 0.0083s/iter; left time: 151.5562s
	iters: 2200, epoch: 2 | loss: 0.3756480
	speed: 0.0083s/iter; left time: 151.9489s
Epoch: 2 cost time: 19.762295961380005
Epoch: 2, Steps: 2272 | Train Loss: 0.4718031 Vali Loss: 0.4428529 Test Loss: 0.1933366
Validation loss decreased (0.476839 --> 0.442853).  Saving model ...
Updating learning rate to 0.0005
	iters: 100, epoch: 3 | loss: 0.3458086
	speed: 0.0873s/iter; left time: 1578.2894s
	iters: 200, epoch: 3 | loss: 0.7434886
	speed: 0.0081s/iter; left time: 145.7777s
	iters: 300, epoch: 3 | loss: 0.3948180
	speed: 0.0082s/iter; left time: 147.3177s
	iters: 400, epoch: 3 | loss: 0.3426971
	speed: 0.0081s/iter; left time: 143.5436s
	iters: 500, epoch: 3 | loss: 0.3470390
	speed: 0.0082s/iter; left time: 144.6290s
	iters: 600, epoch: 3 | loss: 0.4379976
	speed: 0.0078s/iter; left time: 137.5431s
	iters: 700, epoch: 3 | loss: 0.4849235
	speed: 0.0083s/iter; left time: 145.0952s
	iters: 800, epoch: 3 | loss: 0.4919485
	speed: 0.0084s/iter; left time: 145.1083s
	iters: 900, epoch: 3 | loss: 0.2845663
	speed: 0.0081s/iter; left time: 140.1248s
	iters: 1000, epoch: 3 | loss: 0.5177994
	speed: 0.0081s/iter; left time: 138.3065s
	iters: 1100, epoch: 3 | loss: 0.2588741
	speed: 0.0083s/iter; left time: 141.7486s
	iters: 1200, epoch: 3 | loss: 1.3378379
	speed: 0.0085s/iter; left time: 144.7203s
	iters: 1300, epoch: 3 | loss: 0.3079439
	speed: 0.0084s/iter; left time: 141.8172s
	iters: 1400, epoch: 3 | loss: 0.4276472
	speed: 0.0082s/iter; left time: 137.1509s
	iters: 1500, epoch: 3 | loss: 0.2515820
	speed: 0.0082s/iter; left time: 137.2531s
	iters: 1600, epoch: 3 | loss: 0.2950412
	speed: 0.0080s/iter; left time: 132.9659s
	iters: 1700, epoch: 3 | loss: 1.1538594
	speed: 0.0081s/iter; left time: 132.7675s
	iters: 1800, epoch: 3 | loss: 0.3727910
	speed: 0.0080s/iter; left time: 131.3598s
	iters: 1900, epoch: 3 | loss: 0.4234015
	speed: 0.0080s/iter; left time: 130.8705s
	iters: 2000, epoch: 3 | loss: 0.2698544
	speed: 0.0084s/iter; left time: 135.6769s
	iters: 2100, epoch: 3 | loss: 0.3094290
	speed: 0.0079s/iter; left time: 126.5928s
	iters: 2200, epoch: 3 | loss: 0.5170177
	speed: 0.0082s/iter; left time: 130.5604s
Epoch: 3 cost time: 19.290446519851685
Epoch: 3, Steps: 2272 | Train Loss: 0.4557037 Vali Loss: 0.4387738 Test Loss: 0.1958350
Validation loss decreased (0.442853 --> 0.438774).  Saving model ...
Updating learning rate to 0.00025
	iters: 100, epoch: 4 | loss: 0.4092751
	speed: 0.0883s/iter; left time: 1395.5914s
	iters: 200, epoch: 4 | loss: 0.4935057
	speed: 0.0081s/iter; left time: 126.4669s
	iters: 300, epoch: 4 | loss: 0.2848358
	speed: 0.0083s/iter; left time: 129.4261s
	iters: 400, epoch: 4 | loss: 0.3067934
	speed: 0.0086s/iter; left time: 133.0938s
	iters: 500, epoch: 4 | loss: 0.3450189
	speed: 0.0086s/iter; left time: 132.3383s
	iters: 600, epoch: 4 | loss: 0.3134815
	speed: 0.0080s/iter; left time: 122.9779s
	iters: 700, epoch: 4 | loss: 0.2931603
	speed: 0.0086s/iter; left time: 130.4920s
	iters: 800, epoch: 4 | loss: 0.3368704
	speed: 0.0088s/iter; left time: 132.4267s
	iters: 900, epoch: 4 | loss: 1.3839674
	speed: 0.0078s/iter; left time: 117.6482s
	iters: 1000, epoch: 4 | loss: 0.4941614
	speed: 0.0078s/iter; left time: 116.8597s
	iters: 1100, epoch: 4 | loss: 0.3706914
	speed: 0.0080s/iter; left time: 117.9782s
	iters: 1200, epoch: 4 | loss: 0.2632449
	speed: 0.0076s/iter; left time: 111.2752s
	iters: 1300, epoch: 4 | loss: 0.4918829
	speed: 0.0080s/iter; left time: 116.4470s
	iters: 1400, epoch: 4 | loss: 0.5752110
	speed: 0.0082s/iter; left time: 118.8970s
	iters: 1500, epoch: 4 | loss: 0.3131585
	speed: 0.0085s/iter; left time: 121.7349s
	iters: 1600, epoch: 4 | loss: 0.4559495
	speed: 0.0086s/iter; left time: 122.6882s
	iters: 1700, epoch: 4 | loss: 0.2817136
	speed: 0.0082s/iter; left time: 116.5226s
	iters: 1800, epoch: 4 | loss: 0.4467098
	speed: 0.0084s/iter; left time: 118.4969s
	iters: 1900, epoch: 4 | loss: 1.4097183
	speed: 0.0083s/iter; left time: 115.8157s
	iters: 2000, epoch: 4 | loss: 0.2901479
	speed: 0.0081s/iter; left time: 112.5623s
	iters: 2100, epoch: 4 | loss: 0.4762034
	speed: 0.0083s/iter; left time: 115.1761s
	iters: 2200, epoch: 4 | loss: 0.3674725
	speed: 0.0093s/iter; left time: 128.0199s
Epoch: 4 cost time: 19.673473119735718
Epoch: 4, Steps: 2272 | Train Loss: 0.4466736 Vali Loss: 0.4411452 Test Loss: 0.1951394
EarlyStopping counter: 1 out of 3
Updating learning rate to 0.000125
	iters: 100, epoch: 5 | loss: 0.3352803
	speed: 0.0900s/iter; left time: 1218.5844s
	iters: 200, epoch: 5 | loss: 0.3580213
	speed: 0.0086s/iter; left time: 116.0730s
	iters: 300, epoch: 5 | loss: 0.2560228
	speed: 0.0088s/iter; left time: 116.6699s
	iters: 400, epoch: 5 | loss: 0.3544737
	speed: 0.0080s/iter; left time: 105.7492s
	iters: 500, epoch: 5 | loss: 1.2559940
	speed: 0.0080s/iter; left time: 104.6057s
	iters: 600, epoch: 5 | loss: 0.4114841
	speed: 0.0080s/iter; left time: 104.7279s
	iters: 700, epoch: 5 | loss: 0.3513434
	speed: 0.0082s/iter; left time: 105.7944s
	iters: 800, epoch: 5 | loss: 0.3162364
	speed: 0.0084s/iter; left time: 107.2481s
	iters: 900, epoch: 5 | loss: 0.2630104
	speed: 0.0084s/iter; left time: 107.4668s
	iters: 1000, epoch: 5 | loss: 0.2766151
	speed: 0.0083s/iter; left time: 104.5697s
	iters: 1100, epoch: 5 | loss: 0.2952854
	speed: 0.0095s/iter; left time: 118.7549s
	iters: 1200, epoch: 5 | loss: 0.4653355
	speed: 0.0089s/iter; left time: 110.2821s
	iters: 1300, epoch: 5 | loss: 0.4109848
	speed: 0.0082s/iter; left time: 100.6253s
	iters: 1400, epoch: 5 | loss: 0.2959590
	speed: 0.0084s/iter; left time: 102.5174s
	iters: 1500, epoch: 5 | loss: 0.5876183
	speed: 0.0078s/iter; left time: 95.0553s
	iters: 1600, epoch: 5 | loss: 0.3339869
	speed: 0.0082s/iter; left time: 98.9708s
	iters: 1700, epoch: 5 | loss: 0.4781723
	speed: 0.0083s/iter; left time: 98.6469s
	iters: 1800, epoch: 5 | loss: 0.3518622
	speed: 0.0082s/iter; left time: 96.8557s
	iters: 1900, epoch: 5 | loss: 0.3583763
	speed: 0.0080s/iter; left time: 94.0184s
	iters: 2000, epoch: 5 | loss: 0.3780626
	speed: 0.0083s/iter; left time: 97.1167s
	iters: 2100, epoch: 5 | loss: 0.4447441
	speed: 0.0083s/iter; left time: 95.9249s
	iters: 2200, epoch: 5 | loss: 0.3070242
	speed: 0.0084s/iter; left time: 96.1496s
Epoch: 5 cost time: 19.74425482749939
Epoch: 5, Steps: 2272 | Train Loss: 0.4417787 Vali Loss: 0.4360490 Test Loss: 0.1949419
Validation loss decreased (0.438774 --> 0.436049).  Saving model ...
Updating learning rate to 6.25e-05
	iters: 100, epoch: 6 | loss: 0.2595735
	speed: 0.0883s/iter; left time: 994.9063s
	iters: 200, epoch: 6 | loss: 0.2271322
	speed: 0.0080s/iter; left time: 89.4114s
	iters: 300, epoch: 6 | loss: 0.3763388
	speed: 0.0079s/iter; left time: 87.6998s
	iters: 400, epoch: 6 | loss: 0.3344956
	speed: 0.0086s/iter; left time: 93.9987s
	iters: 500, epoch: 6 | loss: 0.3861438
	speed: 0.0088s/iter; left time: 96.0843s
	iters: 600, epoch: 6 | loss: 0.2699693
	speed: 0.0091s/iter; left time: 97.6292s
	iters: 700, epoch: 6 | loss: 1.5919321
	speed: 0.0084s/iter; left time: 89.0847s
	iters: 800, epoch: 6 | loss: 0.4113708
	speed: 0.0081s/iter; left time: 85.4805s
	iters: 900, epoch: 6 | loss: 0.3876121
	speed: 0.0082s/iter; left time: 85.3921s
	iters: 1000, epoch: 6 | loss: 0.4623294
	speed: 0.0082s/iter; left time: 85.0823s
	iters: 1100, epoch: 6 | loss: 1.3136234
	speed: 0.0083s/iter; left time: 85.4000s
	iters: 1200, epoch: 6 | loss: 1.0631125
	speed: 0.0080s/iter; left time: 81.5862s
	iters: 1300, epoch: 6 | loss: 0.2863611
	speed: 0.0080s/iter; left time: 80.8551s
	iters: 1400, epoch: 6 | loss: 0.2816927
	speed: 0.0088s/iter; left time: 87.5010s
	iters: 1500, epoch: 6 | loss: 0.3340012
	speed: 0.0085s/iter; left time: 84.2980s
	iters: 1600, epoch: 6 | loss: 0.4189560
	speed: 0.0081s/iter; left time: 79.3440s
	iters: 1700, epoch: 6 | loss: 0.4574282
	speed: 0.0082s/iter; left time: 79.0087s
	iters: 1800, epoch: 6 | loss: 0.4981770
	speed: 0.0082s/iter; left time: 78.3321s
	iters: 1900, epoch: 6 | loss: 0.3231135
	speed: 0.0095s/iter; left time: 89.4184s
	iters: 2000, epoch: 6 | loss: 0.2484981
	speed: 0.0089s/iter; left time: 83.1636s
	iters: 2100, epoch: 6 | loss: 0.2179623
	speed: 0.0084s/iter; left time: 77.9836s
	iters: 2200, epoch: 6 | loss: 0.3107879
	speed: 0.0081s/iter; left time: 74.6434s
Epoch: 6 cost time: 19.866037368774414
Epoch: 6, Steps: 2272 | Train Loss: 0.4391094 Vali Loss: 0.4382354 Test Loss: 0.1943410
EarlyStopping counter: 1 out of 3
Updating learning rate to 3.125e-05
	iters: 100, epoch: 7 | loss: 0.4654524
	speed: 0.0859s/iter; left time: 771.9506s
	iters: 200, epoch: 7 | loss: 0.3581761
	speed: 0.0080s/iter; left time: 70.9845s
	iters: 300, epoch: 7 | loss: 0.2467737
	speed: 0.0080s/iter; left time: 70.4366s
	iters: 400, epoch: 7 | loss: 0.4517601
	speed: 0.0086s/iter; left time: 74.3172s
	iters: 500, epoch: 7 | loss: 0.4757917
	speed: 0.0085s/iter; left time: 72.6463s
	iters: 600, epoch: 7 | loss: 0.2971781
	speed: 0.0085s/iter; left time: 71.7360s
	iters: 700, epoch: 7 | loss: 0.2871224
	speed: 0.0082s/iter; left time: 68.4041s
	iters: 800, epoch: 7 | loss: 0.2784992
	speed: 0.0083s/iter; left time: 68.5133s
	iters: 900, epoch: 7 | loss: 1.2501410
	speed: 0.0073s/iter; left time: 60.1233s
	iters: 1000, epoch: 7 | loss: 0.4418976
	speed: 0.0077s/iter; left time: 62.2410s
	iters: 1100, epoch: 7 | loss: 0.3317878
	speed: 0.0081s/iter; left time: 64.8049s
	iters: 1200, epoch: 7 | loss: 0.4644093
	speed: 0.0083s/iter; left time: 65.7864s
	iters: 1300, epoch: 7 | loss: 0.3097220
	speed: 0.0087s/iter; left time: 67.4356s
	iters: 1400, epoch: 7 | loss: 0.3829806
	speed: 0.0084s/iter; left time: 64.9515s
	iters: 1500, epoch: 7 | loss: 0.5256918
	speed: 0.0084s/iter; left time: 63.7875s
	iters: 1600, epoch: 7 | loss: 0.4499521
	speed: 0.0083s/iter; left time: 62.2645s
	iters: 1700, epoch: 7 | loss: 0.4397756
	speed: 0.0082s/iter; left time: 60.7558s
	iters: 1800, epoch: 7 | loss: 0.3057812
	speed: 0.0081s/iter; left time: 58.8652s
	iters: 1900, epoch: 7 | loss: 1.2536036
	speed: 0.0088s/iter; left time: 62.9171s
	iters: 2000, epoch: 7 | loss: 0.2919547
	speed: 0.0082s/iter; left time: 58.0643s
	iters: 2100, epoch: 7 | loss: 0.4493939
	speed: 0.0080s/iter; left time: 56.2301s
	iters: 2200, epoch: 7 | loss: 0.3434677
	speed: 0.0077s/iter; left time: 52.7458s
Epoch: 7 cost time: 19.360633850097656
Epoch: 7, Steps: 2272 | Train Loss: 0.4378257 Vali Loss: 0.4331546 Test Loss: 0.1934856
Validation loss decreased (0.436049 --> 0.433155).  Saving model ...
Updating learning rate to 1.5625e-05
	iters: 100, epoch: 8 | loss: 1.3027502
	speed: 0.0885s/iter; left time: 594.4863s
	iters: 200, epoch: 8 | loss: 0.4214125
	speed: 0.0081s/iter; left time: 53.4705s
	iters: 300, epoch: 8 | loss: 0.5079286
	speed: 0.0082s/iter; left time: 53.6500s
	iters: 400, epoch: 8 | loss: 0.2384586
	speed: 0.0081s/iter; left time: 51.7835s
	iters: 500, epoch: 8 | loss: 0.3542853
	speed: 0.0079s/iter; left time: 50.0908s
	iters: 600, epoch: 8 | loss: 0.5181195
	speed: 0.0077s/iter; left time: 47.7600s
	iters: 700, epoch: 8 | loss: 0.5208657
	speed: 0.0076s/iter; left time: 46.6670s
	iters: 800, epoch: 8 | loss: 0.4244636
	speed: 0.0080s/iter; left time: 47.9303s
	iters: 900, epoch: 8 | loss: 0.2884487
	speed: 0.0085s/iter; left time: 50.5557s
	iters: 1000, epoch: 8 | loss: 0.3018347
	speed: 0.0080s/iter; left time: 46.5783s
	iters: 1100, epoch: 8 | loss: 0.5139028
	speed: 0.0090s/iter; left time: 51.2606s
	iters: 1200, epoch: 8 | loss: 0.4693672
	speed: 0.0080s/iter; left time: 44.8585s
	iters: 1300, epoch: 8 | loss: 0.3523353
	speed: 0.0081s/iter; left time: 44.9596s
	iters: 1400, epoch: 8 | loss: 0.3815892
	speed: 0.0087s/iter; left time: 46.9802s
	iters: 1500, epoch: 8 | loss: 0.3380814
	speed: 0.0088s/iter; left time: 46.7705s
	iters: 1600, epoch: 8 | loss: 0.3242597
	speed: 0.0085s/iter; left time: 44.1821s
	iters: 1700, epoch: 8 | loss: 0.3883549
	speed: 0.0083s/iter; left time: 42.5757s
	iters: 1800, epoch: 8 | loss: 0.4016652
	speed: 0.0083s/iter; left time: 41.7668s
	iters: 1900, epoch: 8 | loss: 0.2413079
	speed: 0.0083s/iter; left time: 40.9046s
	iters: 2000, epoch: 8 | loss: 0.3882071
	speed: 0.0082s/iter; left time: 39.4215s
	iters: 2100, epoch: 8 | loss: 0.3442552
	speed: 0.0085s/iter; left time: 40.3177s
	iters: 2200, epoch: 8 | loss: 0.3106641
	speed: 0.0081s/iter; left time: 37.6129s
Epoch: 8 cost time: 19.534258127212524
Epoch: 8, Steps: 2272 | Train Loss: 0.4371814 Vali Loss: 0.4324844 Test Loss: 0.1944010
Validation loss decreased (0.433155 --> 0.432484).  Saving model ...
Updating learning rate to 7.8125e-06
	iters: 100, epoch: 9 | loss: 0.2739932
	speed: 0.0895s/iter; left time: 397.8184s
	iters: 200, epoch: 9 | loss: 0.3122017
	speed: 0.0082s/iter; left time: 35.4731s
	iters: 300, epoch: 9 | loss: 0.4600912
	speed: 0.0086s/iter; left time: 36.4065s
	iters: 400, epoch: 9 | loss: 0.4578235
	speed: 0.0080s/iter; left time: 33.0380s
	iters: 500, epoch: 9 | loss: 0.3408912
	speed: 0.0077s/iter; left time: 31.0637s
	iters: 600, epoch: 9 | loss: 0.3800888
	speed: 0.0073s/iter; left time: 28.7677s
	iters: 700, epoch: 9 | loss: 0.3112031
	speed: 0.0081s/iter; left time: 31.1963s
	iters: 800, epoch: 9 | loss: 0.4499356
	speed: 0.0080s/iter; left time: 30.0266s
	iters: 900, epoch: 9 | loss: 0.3219154
	speed: 0.0085s/iter; left time: 30.9898s
	iters: 1000, epoch: 9 | loss: 0.2954246
	speed: 0.0081s/iter; left time: 28.6527s
	iters: 1100, epoch: 9 | loss: 0.4599111
	speed: 0.0082s/iter; left time: 28.1681s
	iters: 1200, epoch: 9 | loss: 0.2231216
	speed: 0.0079s/iter; left time: 26.5235s
	iters: 1300, epoch: 9 | loss: 0.2788076
	speed: 0.0080s/iter; left time: 25.8600s
	iters: 1400, epoch: 9 | loss: 0.2934293
	speed: 0.0082s/iter; left time: 25.8120s
	iters: 1500, epoch: 9 | loss: 0.2155126
	speed: 0.0082s/iter; left time: 24.8837s
	iters: 1600, epoch: 9 | loss: 1.2755624
	speed: 0.0079s/iter; left time: 23.3738s
	iters: 1700, epoch: 9 | loss: 0.5335581
	speed: 0.0083s/iter; left time: 23.5494s
	iters: 1800, epoch: 9 | loss: 0.3609552
	speed: 0.0080s/iter; left time: 21.8554s
	iters: 1900, epoch: 9 | loss: 1.2092725
	speed: 0.0086s/iter; left time: 22.8247s
	iters: 2000, epoch: 9 | loss: 0.3295652
	speed: 0.0080s/iter; left time: 20.3649s
	iters: 2100, epoch: 9 | loss: 0.4667723
	speed: 0.0082s/iter; left time: 19.9358s
	iters: 2200, epoch: 9 | loss: 0.5826664
	speed: 0.0084s/iter; left time: 19.7810s
Epoch: 9 cost time: 19.229092359542847
Epoch: 9, Steps: 2272 | Train Loss: 0.4368000 Vali Loss: 0.4335534 Test Loss: 0.1938099
EarlyStopping counter: 1 out of 3
Updating learning rate to 3.90625e-06
	iters: 100, epoch: 10 | loss: 0.2580331
	speed: 0.0877s/iter; left time: 190.6058s
	iters: 200, epoch: 10 | loss: 0.3364162
	speed: 0.0092s/iter; left time: 18.9723s
	iters: 300, epoch: 10 | loss: 0.2593703
	speed: 0.0087s/iter; left time: 17.2166s
	iters: 400, epoch: 10 | loss: 0.4793900
	speed: 0.0082s/iter; left time: 15.3060s
	iters: 500, epoch: 10 | loss: 0.2547241
	speed: 0.0088s/iter; left time: 15.5548s
	iters: 600, epoch: 10 | loss: 0.4735766
	speed: 0.0083s/iter; left time: 13.8245s
	iters: 700, epoch: 10 | loss: 0.3787031
	speed: 0.0089s/iter; left time: 14.0524s
	iters: 800, epoch: 10 | loss: 0.3205689
	speed: 0.0083s/iter; left time: 12.2680s
	iters: 900, epoch: 10 | loss: 0.3043750
	speed: 0.0082s/iter; left time: 11.3062s
	iters: 1000, epoch: 10 | loss: 0.4055398
	speed: 0.0082s/iter; left time: 10.4353s
	iters: 1100, epoch: 10 | loss: 0.4137703
	speed: 0.0082s/iter; left time: 9.6677s
	iters: 1200, epoch: 10 | loss: 0.3050768
	speed: 0.0079s/iter; left time: 8.4404s
	iters: 1300, epoch: 10 | loss: 0.4628517
	speed: 0.0079s/iter; left time: 7.6751s
	iters: 1400, epoch: 10 | loss: 0.3177999
	speed: 0.0080s/iter; left time: 6.9972s
	iters: 1500, epoch: 10 | loss: 0.2310649
	speed: 0.0084s/iter; left time: 6.4819s
	iters: 1600, epoch: 10 | loss: 0.5331653
	speed: 0.0083s/iter; left time: 5.5768s
	iters: 1700, epoch: 10 | loss: 0.3256426
	speed: 0.0081s/iter; left time: 4.6386s
	iters: 1800, epoch: 10 | loss: 1.2153219
	speed: 0.0084s/iter; left time: 3.9520s
	iters: 1900, epoch: 10 | loss: 0.3967502
	speed: 0.0085s/iter; left time: 3.1688s
	iters: 2000, epoch: 10 | loss: 0.3060358
	speed: 0.0079s/iter; left time: 2.1500s
	iters: 2100, epoch: 10 | loss: 0.3318688
	speed: 0.0087s/iter; left time: 1.5011s
	iters: 2200, epoch: 10 | loss: 0.2683380
	speed: 0.0093s/iter; left time: 0.6809s
Epoch: 10 cost time: 19.80731201171875
Epoch: 10, Steps: 2272 | Train Loss: 0.4366922 Vali Loss: 0.4330868 Test Loss: 0.1937156
EarlyStopping counter: 2 out of 3
Updating learning rate to 1.953125e-06
>>>>>>>testing : weather_336_192_DNGLinear_custom_ftM_sl336_ll48_pl192_dm512_nh8_el2_dl1_df2048_fc1_ebtimeF_dtTrue_Exp_0<<<<<<<<<<<<<<<<<<<<<<<<<<<<<<<<<
test 10348
mse:0.1944468468427658, mae:0.2510594129562378
