Args in experiment:
Namespace(activation='gelu', batch_size=16, c_out=7, checkpoints='/spo/NewbornTime/tahir098/SVF/data/Extra/checkpoints/', d_ff=2048, d_layers=1, d_model=512, data='custom', data_path='weather.csv', dec_in=7, des='Exp', devices='0,1,2,3', distil=True, do_predict=False, dropout=0.05, e_layers=2, embed='timeF', embed_type=0, enc_in=21, factor=1, features='M', freq='h', gpu=0, individual=False, is_training=1, itr=1, label_len=48, learning_rate=0.001, loss='mse', lradj='type1', model='DNGLinear', model_id='weather_336_12', moving_avg=25, n_heads=8, num_workers=10, output_attention=False, patience=3, pred_len=12, root_path='./dataset/', seq_len=336, target='OT', test_flop=False, train_epochs=10, train_only=False, use_amp=False, use_gpu=True, use_multi_gpu=False)
Use GPU: cuda:0
>>>>>>>start training : weather_336_12_DNGLinear_custom_ftM_sl336_ll48_pl12_dm512_nh8_el2_dl1_df2048_fc1_ebtimeF_dtTrue_Exp_0>>>>>>>>>>>>>>>>>>>>>>>>>>
train 36540
val 5259
test 10528
	iters: 100, epoch: 1 | loss: 0.1544341
	speed: 0.0146s/iter; left time: 332.2862s
	iters: 200, epoch: 1 | loss: 0.2140568
	speed: 0.0083s/iter; left time: 187.6543s
	iters: 300, epoch: 1 | loss: 0.1099334
	speed: 0.0081s/iter; left time: 182.4045s
	iters: 400, epoch: 1 | loss: 0.0834003
	speed: 0.0080s/iter; left time: 178.4206s
	iters: 500, epoch: 1 | loss: 0.1646417
	speed: 0.0075s/iter; left time: 168.3637s
	iters: 600, epoch: 1 | loss: 0.3146695
	speed: 0.0074s/iter; left time: 164.9932s
	iters: 700, epoch: 1 | loss: 0.2097236
	speed: 0.0074s/iter; left time: 163.6500s
	iters: 800, epoch: 1 | loss: 0.1050089
	speed: 0.0077s/iter; left time: 170.2587s
	iters: 900, epoch: 1 | loss: 0.3974500
	speed: 0.0087s/iter; left time: 190.1730s
	iters: 1000, epoch: 1 | loss: 0.1498508
	speed: 0.0090s/iter; left time: 195.4711s
	iters: 1100, epoch: 1 | loss: 0.0960939
	speed: 0.0083s/iter; left time: 181.3480s
	iters: 1200, epoch: 1 | loss: 0.0926872
	speed: 0.0079s/iter; left time: 170.7344s
	iters: 1300, epoch: 1 | loss: 0.1100980
	speed: 0.0072s/iter; left time: 155.9075s
	iters: 1400, epoch: 1 | loss: 0.2320245
	speed: 0.0071s/iter; left time: 151.8338s
	iters: 1500, epoch: 1 | loss: 0.2260144
	speed: 0.0078s/iter; left time: 166.7250s
	iters: 1600, epoch: 1 | loss: 0.2292933
	speed: 0.0082s/iter; left time: 175.1009s
	iters: 1700, epoch: 1 | loss: 1.1540450
	speed: 0.0079s/iter; left time: 167.5627s
	iters: 1800, epoch: 1 | loss: 0.1762169
	speed: 0.0074s/iter; left time: 155.9750s
	iters: 1900, epoch: 1 | loss: 0.1404134
	speed: 0.0076s/iter; left time: 159.9615s
	iters: 2000, epoch: 1 | loss: 0.1397540
	speed: 0.0077s/iter; left time: 161.2635s
	iters: 2100, epoch: 1 | loss: 0.1451629
	speed: 0.0076s/iter; left time: 157.7505s
	iters: 2200, epoch: 1 | loss: 0.1846884
	speed: 0.0074s/iter; left time: 153.2730s
Epoch: 1 cost time: 18.627816677093506
Epoch: 1, Steps: 2283 | Train Loss: 0.3034072 Vali Loss: 0.2183093 Test Loss: 0.0768803
Validation loss decreased (inf --> 0.218309).  Saving model ...
Updating learning rate to 0.001
	iters: 100, epoch: 2 | loss: 0.1416525
	speed: 0.0787s/iter; left time: 1609.1209s
	iters: 200, epoch: 2 | loss: 0.1078163
	speed: 0.0079s/iter; left time: 160.7732s
	iters: 300, epoch: 2 | loss: 0.0770799
	speed: 0.0081s/iter; left time: 163.9167s
	iters: 400, epoch: 2 | loss: 0.0777618
	speed: 0.0080s/iter; left time: 160.6650s
	iters: 500, epoch: 2 | loss: 0.1058507
	speed: 0.0082s/iter; left time: 163.6575s
	iters: 600, epoch: 2 | loss: 0.1269957
	speed: 0.0077s/iter; left time: 154.4806s
	iters: 700, epoch: 2 | loss: 0.3063814
	speed: 0.0077s/iter; left time: 152.3369s
	iters: 800, epoch: 2 | loss: 0.1568642
	speed: 0.0075s/iter; left time: 149.0275s
	iters: 900, epoch: 2 | loss: 0.1098496
	speed: 0.0078s/iter; left time: 153.1845s
	iters: 1000, epoch: 2 | loss: 0.0608044
	speed: 0.0089s/iter; left time: 174.0956s
	iters: 1100, epoch: 2 | loss: 0.1522538
	speed: 0.0076s/iter; left time: 148.6173s
	iters: 1200, epoch: 2 | loss: 0.1487364
	speed: 0.0072s/iter; left time: 140.0601s
	iters: 1300, epoch: 2 | loss: 0.0766818
	speed: 0.0070s/iter; left time: 134.1294s
	iters: 1400, epoch: 2 | loss: 0.4888406
	speed: 0.0073s/iter; left time: 139.3043s
	iters: 1500, epoch: 2 | loss: 0.1995942
	speed: 0.0076s/iter; left time: 144.7180s
	iters: 1600, epoch: 2 | loss: 0.0489609
	speed: 0.0079s/iter; left time: 150.0062s
	iters: 1700, epoch: 2 | loss: 0.0707350
	speed: 0.0074s/iter; left time: 139.3325s
	iters: 1800, epoch: 2 | loss: 0.1141856
	speed: 0.0078s/iter; left time: 146.5497s
	iters: 1900, epoch: 2 | loss: 0.0850344
	speed: 0.0078s/iter; left time: 145.4014s
	iters: 2000, epoch: 2 | loss: 0.1361435
	speed: 0.0073s/iter; left time: 134.9513s
	iters: 2100, epoch: 2 | loss: 0.3110160
	speed: 0.0076s/iter; left time: 139.4165s
	iters: 2200, epoch: 2 | loss: 0.1331185
	speed: 0.0081s/iter; left time: 148.2434s
Epoch: 2 cost time: 18.45453977584839
Epoch: 2, Steps: 2283 | Train Loss: 0.2762238 Vali Loss: 0.2139105 Test Loss: 0.0788043
Validation loss decreased (0.218309 --> 0.213911).  Saving model ...
Updating learning rate to 0.0005
	iters: 100, epoch: 3 | loss: 0.1187725
	speed: 0.0780s/iter; left time: 1417.1135s
	iters: 200, epoch: 3 | loss: 0.1558874
	speed: 0.0079s/iter; left time: 141.9045s
	iters: 300, epoch: 3 | loss: 0.0777069
	speed: 0.0073s/iter; left time: 130.9004s
	iters: 400, epoch: 3 | loss: 0.2685012
	speed: 0.0076s/iter; left time: 135.0136s
	iters: 500, epoch: 3 | loss: 0.4014398
	speed: 0.0069s/iter; left time: 122.8094s
	iters: 600, epoch: 3 | loss: 0.1387327
	speed: 0.0073s/iter; left time: 129.8360s
	iters: 700, epoch: 3 | loss: 0.3888716
	speed: 0.0070s/iter; left time: 122.7272s
	iters: 800, epoch: 3 | loss: 0.1549099
	speed: 0.0074s/iter; left time: 129.1768s
	iters: 900, epoch: 3 | loss: 0.4818787
	speed: 0.0075s/iter; left time: 130.1043s
	iters: 1000, epoch: 3 | loss: 0.1079075
	speed: 0.0077s/iter; left time: 132.3635s
	iters: 1100, epoch: 3 | loss: 0.0686937
	speed: 0.0077s/iter; left time: 132.3865s
	iters: 1200, epoch: 3 | loss: 0.1252769
	speed: 0.0084s/iter; left time: 144.1297s
	iters: 1300, epoch: 3 | loss: 0.0542987
	speed: 0.0073s/iter; left time: 123.3197s
	iters: 1400, epoch: 3 | loss: 0.1431523
	speed: 0.0079s/iter; left time: 134.0103s
	iters: 1500, epoch: 3 | loss: 0.1073228
	speed: 0.0071s/iter; left time: 119.7390s
	iters: 1600, epoch: 3 | loss: 0.4112006
	speed: 0.0075s/iter; left time: 124.9400s
	iters: 1700, epoch: 3 | loss: 0.0816001
	speed: 0.0068s/iter; left time: 113.4331s
	iters: 1800, epoch: 3 | loss: 0.1278656
	speed: 0.0078s/iter; left time: 127.9264s
	iters: 1900, epoch: 3 | loss: 0.1594219
	speed: 0.0085s/iter; left time: 139.3665s
	iters: 2000, epoch: 3 | loss: 0.2346482
	speed: 0.0085s/iter; left time: 138.1492s
	iters: 2100, epoch: 3 | loss: 0.1435812
	speed: 0.0077s/iter; left time: 124.1877s
	iters: 2200, epoch: 3 | loss: 0.1424418
	speed: 0.0076s/iter; left time: 121.6953s
Epoch: 3 cost time: 18.021522283554077
Epoch: 3, Steps: 2283 | Train Loss: 0.2642358 Vali Loss: 0.2188889 Test Loss: 0.0776640
EarlyStopping counter: 1 out of 3
Updating learning rate to 0.00025
	iters: 100, epoch: 4 | loss: 0.0711662
	speed: 0.0785s/iter; left time: 1247.1055s
	iters: 200, epoch: 4 | loss: 0.1131252
	speed: 0.0074s/iter; left time: 117.2525s
	iters: 300, epoch: 4 | loss: 0.0640994
	speed: 0.0073s/iter; left time: 113.7154s
	iters: 400, epoch: 4 | loss: 0.1303530
	speed: 0.0069s/iter; left time: 107.7635s
	iters: 500, epoch: 4 | loss: 0.0564386
	speed: 0.0073s/iter; left time: 113.6062s
	iters: 600, epoch: 4 | loss: 0.0664348
	speed: 0.0072s/iter; left time: 110.4803s
	iters: 700, epoch: 4 | loss: 0.4275839
	speed: 0.0074s/iter; left time: 113.0311s
	iters: 800, epoch: 4 | loss: 0.0862153
	speed: 0.0075s/iter; left time: 114.1010s
	iters: 900, epoch: 4 | loss: 0.0657870
	speed: 0.0078s/iter; left time: 117.5308s
	iters: 1000, epoch: 4 | loss: 0.0626384
	speed: 0.0077s/iter; left time: 115.1630s
	iters: 1100, epoch: 4 | loss: 0.1488714
	speed: 0.0076s/iter; left time: 113.0396s
	iters: 1200, epoch: 4 | loss: 0.0830903
	speed: 0.0081s/iter; left time: 119.2953s
	iters: 1300, epoch: 4 | loss: 0.1409259
	speed: 0.0070s/iter; left time: 102.0820s
	iters: 1400, epoch: 4 | loss: 0.0918497
	speed: 0.0069s/iter; left time: 100.6914s
	iters: 1500, epoch: 4 | loss: 0.0722636
	speed: 0.0075s/iter; left time: 109.0811s
	iters: 1600, epoch: 4 | loss: 0.0931362
	speed: 0.0068s/iter; left time: 97.1422s
	iters: 1700, epoch: 4 | loss: 0.1727453
	speed: 0.0068s/iter; left time: 97.1680s
	iters: 1800, epoch: 4 | loss: 0.1701980
	speed: 0.0070s/iter; left time: 99.2269s
	iters: 1900, epoch: 4 | loss: 0.1941901
	speed: 0.0080s/iter; left time: 113.0070s
	iters: 2000, epoch: 4 | loss: 0.1395254
	speed: 0.0072s/iter; left time: 101.0195s
	iters: 2100, epoch: 4 | loss: 0.2982999
	speed: 0.0081s/iter; left time: 112.1547s
	iters: 2200, epoch: 4 | loss: 0.0821921
	speed: 0.0074s/iter; left time: 101.3010s
Epoch: 4 cost time: 17.672860145568848
Epoch: 4, Steps: 2283 | Train Loss: 0.2495805 Vali Loss: 0.2097197 Test Loss: 0.0745596
Validation loss decreased (0.213911 --> 0.209720).  Saving model ...
Updating learning rate to 0.000125
	iters: 100, epoch: 5 | loss: 0.0468798
	speed: 0.0793s/iter; left time: 1077.7857s
	iters: 200, epoch: 5 | loss: 0.1558323
	speed: 0.0076s/iter; left time: 102.2546s
	iters: 300, epoch: 5 | loss: 0.1740650
	speed: 0.0085s/iter; left time: 114.0508s
	iters: 400, epoch: 5 | loss: 0.1294518
	speed: 0.0085s/iter; left time: 113.3980s
	iters: 500, epoch: 5 | loss: 0.0972091
	speed: 0.0077s/iter; left time: 101.1354s
	iters: 600, epoch: 5 | loss: 0.0550803
	speed: 0.0079s/iter; left time: 103.7930s
	iters: 700, epoch: 5 | loss: 0.3911111
	speed: 0.0077s/iter; left time: 100.1684s
	iters: 800, epoch: 5 | loss: 0.1030110
	speed: 0.0074s/iter; left time: 96.0869s
	iters: 900, epoch: 5 | loss: 0.1268516
	speed: 0.0077s/iter; left time: 98.3455s
	iters: 1000, epoch: 5 | loss: 0.3443859
	speed: 0.0077s/iter; left time: 98.1738s
	iters: 1100, epoch: 5 | loss: 0.0555517
	speed: 0.0080s/iter; left time: 100.3853s
	iters: 1200, epoch: 5 | loss: 10.3886852
	speed: 0.0077s/iter; left time: 96.7669s
	iters: 1300, epoch: 5 | loss: 0.5753609
	speed: 0.0080s/iter; left time: 99.6013s
	iters: 1400, epoch: 5 | loss: 2.3470078
	speed: 0.0070s/iter; left time: 86.2486s
	iters: 1500, epoch: 5 | loss: 0.1140434
	speed: 0.0068s/iter; left time: 82.9860s
	iters: 1600, epoch: 5 | loss: 0.0825745
	speed: 0.0070s/iter; left time: 84.2638s
	iters: 1700, epoch: 5 | loss: 0.1277009
	speed: 0.0070s/iter; left time: 83.4535s
	iters: 1800, epoch: 5 | loss: 0.3223031
	speed: 0.0077s/iter; left time: 91.0996s
	iters: 1900, epoch: 5 | loss: 0.1045588
	speed: 0.0074s/iter; left time: 87.0878s
	iters: 2000, epoch: 5 | loss: 0.2153899
	speed: 0.0079s/iter; left time: 92.4832s
	iters: 2100, epoch: 5 | loss: 0.1076898
	speed: 0.0085s/iter; left time: 98.6917s
	iters: 2200, epoch: 5 | loss: 0.1350521
	speed: 0.0070s/iter; left time: 80.2366s
Epoch: 5 cost time: 18.264082670211792
Epoch: 5, Steps: 2283 | Train Loss: 0.2415100 Vali Loss: 0.2209640 Test Loss: 0.0778904
EarlyStopping counter: 1 out of 3
Updating learning rate to 6.25e-05
	iters: 100, epoch: 6 | loss: 0.3319992
	speed: 0.0775s/iter; left time: 877.1605s
	iters: 200, epoch: 6 | loss: 0.1191945
	speed: 0.0077s/iter; left time: 86.8018s
	iters: 300, epoch: 6 | loss: 0.0843014
	speed: 0.0083s/iter; left time: 92.0787s
	iters: 400, epoch: 6 | loss: 0.1396458
	speed: 0.0075s/iter; left time: 82.2041s
	iters: 500, epoch: 6 | loss: 0.7471776
	speed: 0.0075s/iter; left time: 81.8204s
	iters: 600, epoch: 6 | loss: 0.4762110
	speed: 0.0076s/iter; left time: 81.6935s
	iters: 700, epoch: 6 | loss: 0.1229252
	speed: 0.0078s/iter; left time: 83.9569s
	iters: 800, epoch: 6 | loss: 0.1315123
	speed: 0.0084s/iter; left time: 88.8743s
	iters: 900, epoch: 6 | loss: 0.1060374
	speed: 0.0078s/iter; left time: 82.0219s
	iters: 1000, epoch: 6 | loss: 0.0852296
	speed: 0.0079s/iter; left time: 81.9187s
	iters: 1100, epoch: 6 | loss: 0.3652472
	speed: 0.0079s/iter; left time: 81.5556s
	iters: 1200, epoch: 6 | loss: 0.1485130
	speed: 0.0081s/iter; left time: 82.7944s
	iters: 1300, epoch: 6 | loss: 0.0864008
	speed: 0.0071s/iter; left time: 71.7201s
	iters: 1400, epoch: 6 | loss: 0.1471720
	speed: 0.0071s/iter; left time: 70.8174s
	iters: 1500, epoch: 6 | loss: 1.0657066
	speed: 0.0072s/iter; left time: 70.9165s
	iters: 1600, epoch: 6 | loss: 0.0439455
	speed: 0.0070s/iter; left time: 68.6580s
	iters: 1700, epoch: 6 | loss: 0.1413986
	speed: 0.0083s/iter; left time: 80.3113s
	iters: 1800, epoch: 6 | loss: 0.1118203
	speed: 0.0075s/iter; left time: 72.5215s
	iters: 1900, epoch: 6 | loss: 0.0768742
	speed: 0.0076s/iter; left time: 72.1706s
	iters: 2000, epoch: 6 | loss: 0.1219378
	speed: 0.0076s/iter; left time: 71.7340s
	iters: 2100, epoch: 6 | loss: 0.2138015
	speed: 0.0079s/iter; left time: 73.8764s
	iters: 2200, epoch: 6 | loss: 0.1261408
	speed: 0.0075s/iter; left time: 69.3640s
Epoch: 6 cost time: 18.172626495361328
Epoch: 6, Steps: 2283 | Train Loss: 0.2385399 Vali Loss: 0.2057249 Test Loss: 0.0739646
Validation loss decreased (0.209720 --> 0.205725).  Saving model ...
Updating learning rate to 3.125e-05
	iters: 100, epoch: 7 | loss: 0.4717442
	speed: 0.0785s/iter; left time: 709.3215s
	iters: 200, epoch: 7 | loss: 0.2348671
	speed: 0.0083s/iter; left time: 74.3281s
	iters: 300, epoch: 7 | loss: 0.0714458
	speed: 0.0081s/iter; left time: 71.1912s
	iters: 400, epoch: 7 | loss: 0.3817580
	speed: 0.0080s/iter; left time: 69.9659s
	iters: 500, epoch: 7 | loss: 0.1265599
	speed: 0.0075s/iter; left time: 64.4565s
	iters: 600, epoch: 7 | loss: 0.0926981
	speed: 0.0076s/iter; left time: 64.8690s
	iters: 700, epoch: 7 | loss: 0.1172788
	speed: 0.0075s/iter; left time: 63.2624s
	iters: 800, epoch: 7 | loss: 0.0873048
	speed: 0.0076s/iter; left time: 63.7038s
	iters: 900, epoch: 7 | loss: 0.1087288
	speed: 0.0079s/iter; left time: 64.6954s
	iters: 1000, epoch: 7 | loss: 0.1444512
	speed: 0.0085s/iter; left time: 69.4106s
	iters: 1100, epoch: 7 | loss: 0.0565811
	speed: 0.0085s/iter; left time: 67.9773s
	iters: 1200, epoch: 7 | loss: 0.0686161
	speed: 0.0074s/iter; left time: 58.7980s
	iters: 1300, epoch: 7 | loss: 0.2722686
	speed: 0.0079s/iter; left time: 62.2644s
	iters: 1400, epoch: 7 | loss: 0.0826509
	speed: 0.0078s/iter; left time: 60.2963s
	iters: 1500, epoch: 7 | loss: 0.0722924
	speed: 0.0076s/iter; left time: 58.0707s
	iters: 1600, epoch: 7 | loss: 0.1246511
	speed: 0.0075s/iter; left time: 56.4318s
	iters: 1700, epoch: 7 | loss: 0.2045492
	speed: 0.0073s/iter; left time: 54.3778s
	iters: 1800, epoch: 7 | loss: 0.1541245
	speed: 0.0073s/iter; left time: 53.7718s
	iters: 1900, epoch: 7 | loss: 0.0674108
	speed: 0.0079s/iter; left time: 57.1243s
	iters: 2000, epoch: 7 | loss: 0.2255644
	speed: 0.0078s/iter; left time: 55.6690s
	iters: 2100, epoch: 7 | loss: 0.1343372
	speed: 0.0075s/iter; left time: 52.5551s
	iters: 2200, epoch: 7 | loss: 0.1447183
	speed: 0.0083s/iter; left time: 57.6865s
Epoch: 7 cost time: 18.661264181137085
Epoch: 7, Steps: 2283 | Train Loss: 0.2379292 Vali Loss: 0.2063677 Test Loss: 0.0738520
EarlyStopping counter: 1 out of 3
Updating learning rate to 1.5625e-05
	iters: 100, epoch: 8 | loss: 0.1101555
	speed: 0.0774s/iter; left time: 522.6020s
	iters: 200, epoch: 8 | loss: 0.0927364
	speed: 0.0079s/iter; left time: 52.4483s
	iters: 300, epoch: 8 | loss: 0.0988527
	speed: 0.0079s/iter; left time: 51.7209s
	iters: 400, epoch: 8 | loss: 0.1562243
	speed: 0.0078s/iter; left time: 50.5158s
	iters: 500, epoch: 8 | loss: 0.1271373
	speed: 0.0074s/iter; left time: 47.2540s
	iters: 600, epoch: 8 | loss: 0.0666337
	speed: 0.0068s/iter; left time: 42.5058s
	iters: 700, epoch: 8 | loss: 0.0832682
	speed: 0.0073s/iter; left time: 44.9284s
	iters: 800, epoch: 8 | loss: 0.4429688
	speed: 0.0076s/iter; left time: 45.8684s
	iters: 900, epoch: 8 | loss: 0.2387481
	speed: 0.0074s/iter; left time: 43.7443s
	iters: 1000, epoch: 8 | loss: 0.0689468
	speed: 0.0073s/iter; left time: 42.5481s
	iters: 1100, epoch: 8 | loss: 0.2088448
	speed: 0.0075s/iter; left time: 42.8775s
	iters: 1200, epoch: 8 | loss: 0.0474847
	speed: 0.0072s/iter; left time: 40.5586s
	iters: 1300, epoch: 8 | loss: 0.0794453
	speed: 0.0076s/iter; left time: 41.9729s
	iters: 1400, epoch: 8 | loss: 0.0975948
	speed: 0.0076s/iter; left time: 41.2538s
	iters: 1500, epoch: 8 | loss: 0.1260938
	speed: 0.0075s/iter; left time: 40.2446s
	iters: 1600, epoch: 8 | loss: 0.1155935
	speed: 0.0078s/iter; left time: 41.0793s
	iters: 1700, epoch: 8 | loss: 0.0916042
	speed: 0.0077s/iter; left time: 39.7593s
	iters: 1800, epoch: 8 | loss: 0.0884770
	speed: 0.0080s/iter; left time: 40.3976s
	iters: 1900, epoch: 8 | loss: 0.1915186
	speed: 0.0078s/iter; left time: 38.4122s
	iters: 2000, epoch: 8 | loss: 0.0712240
	speed: 0.0073s/iter; left time: 35.3852s
	iters: 2100, epoch: 8 | loss: 0.2482828
	speed: 0.0068s/iter; left time: 32.1560s
	iters: 2200, epoch: 8 | loss: 0.1296428
	speed: 0.0077s/iter; left time: 35.7025s
Epoch: 8 cost time: 17.868348598480225
Epoch: 8, Steps: 2283 | Train Loss: 0.2365844 Vali Loss: 0.2076219 Test Loss: 0.0738638
EarlyStopping counter: 2 out of 3
Updating learning rate to 7.8125e-06
	iters: 100, epoch: 9 | loss: 0.0574028
	speed: 0.0760s/iter; left time: 339.3986s
	iters: 200, epoch: 9 | loss: 0.0806804
	speed: 0.0072s/iter; left time: 31.6565s
	iters: 300, epoch: 9 | loss: 0.0939481
	speed: 0.0074s/iter; left time: 31.7537s
	iters: 400, epoch: 9 | loss: 0.1528660
	speed: 0.0077s/iter; left time: 32.1334s
	iters: 500, epoch: 9 | loss: 0.2899172
	speed: 0.0072s/iter; left time: 29.3897s
	iters: 600, epoch: 9 | loss: 0.0754451
	speed: 0.0070s/iter; left time: 27.6852s
	iters: 700, epoch: 9 | loss: 0.0751242
	speed: 0.0084s/iter; left time: 32.3297s
	iters: 800, epoch: 9 | loss: 0.1114398
	speed: 0.0075s/iter; left time: 28.2660s
	iters: 900, epoch: 9 | loss: 0.0578359
	speed: 0.0077s/iter; left time: 28.0551s
	iters: 1000, epoch: 9 | loss: 0.1149750
	speed: 0.0078s/iter; left time: 27.8932s
	iters: 1100, epoch: 9 | loss: 0.0533080
	speed: 0.0092s/iter; left time: 31.8914s
	iters: 1200, epoch: 9 | loss: 0.1239108
	speed: 0.0081s/iter; left time: 27.2988s
	iters: 1300, epoch: 9 | loss: 0.1195444
	speed: 0.0078s/iter; left time: 25.6086s
	iters: 1400, epoch: 9 | loss: 0.4064191
	speed: 0.0078s/iter; left time: 24.7132s
	iters: 1500, epoch: 9 | loss: 0.2207265
	speed: 0.0078s/iter; left time: 23.8959s
	iters: 1600, epoch: 9 | loss: 0.1243733
	speed: 0.0078s/iter; left time: 23.1541s
	iters: 1700, epoch: 9 | loss: 0.0704114
	speed: 0.0081s/iter; left time: 23.1464s
	iters: 1800, epoch: 9 | loss: 0.0825777
	speed: 0.0076s/iter; left time: 20.9517s
	iters: 1900, epoch: 9 | loss: 0.0758835
	speed: 0.0075s/iter; left time: 19.9493s
	iters: 2000, epoch: 9 | loss: 0.1117414
	speed: 0.0084s/iter; left time: 21.6564s
	iters: 2100, epoch: 9 | loss: 0.1228677
	speed: 0.0079s/iter; left time: 19.4895s
	iters: 2200, epoch: 9 | loss: 0.1179403
	speed: 0.0074s/iter; left time: 17.5448s
Epoch: 9 cost time: 18.403654098510742
Epoch: 9, Steps: 2283 | Train Loss: 0.2359784 Vali Loss: 0.2078485 Test Loss: 0.0739403
EarlyStopping counter: 3 out of 3
Early stopping
>>>>>>>testing : weather_336_12_DNGLinear_custom_ftM_sl336_ll48_pl12_dm512_nh8_el2_dl1_df2048_fc1_ebtimeF_dtTrue_Exp_0<<<<<<<<<<<<<<<<<<<<<<<<<<<<<<<<<
test 10528
mse:0.07396464794874191, mae:0.10050075501203537
