Args in experiment:
Namespace(activation='gelu', batch_size=16, c_out=7, checkpoints='/spo/NewbornTime/tahir098/SVF/data/Extra/checkpoints/', d_ff=2048, d_layers=1, d_model=512, data='custom', data_path='traffic.csv', dec_in=7, des='Exp', devices='0,1,2,3', distil=True, do_predict=False, dropout=0.05, e_layers=2, embed='timeF', embed_type=0, enc_in=862, factor=1, features='M', freq='h', gpu=0, individual=False, is_training=1, itr=1, label_len=48, learning_rate=0.001, loss='mse', lradj='type1', model='RLinear', model_id='traffic_192_24', moving_avg=25, n_heads=8, num_workers=10, output_attention=False, patience=3, pred_len=24, root_path='./dataset/', seq_len=192, target='OT', test_flop=False, train_epochs=10, train_only=False, use_amp=False, use_gpu=True, use_multi_gpu=False)
Use GPU: cuda:0
>>>>>>>start training : traffic_192_24_RLinear_custom_ftM_sl192_ll48_pl24_dm512_nh8_el2_dl1_df2048_fc1_ebtimeF_dtTrue_Exp_0>>>>>>>>>>>>>>>>>>>>>>>>>>
train 12065
val 1733
test 3485
	iters: 100, epoch: 1 | loss: 0.4011834
	speed: 0.6647s/iter; left time: 4946.0515s
	iters: 200, epoch: 1 | loss: 0.3306500
	speed: 0.6505s/iter; left time: 4774.9751s
	iters: 300, epoch: 1 | loss: 0.3810311
	speed: 0.6572s/iter; left time: 4758.8107s
	iters: 400, epoch: 1 | loss: 0.2898173
	speed: 0.6603s/iter; left time: 4715.0919s
	iters: 500, epoch: 1 | loss: 0.2619939
	speed: 0.6552s/iter; left time: 4613.3708s
	iters: 600, epoch: 1 | loss: 0.3446886
	speed: 0.6696s/iter; left time: 4647.4854s
	iters: 700, epoch: 1 | loss: 0.2564982
	speed: 0.6574s/iter; left time: 4497.5797s
Epoch: 1 cost time: 497.18726921081543
Epoch: 1, Steps: 754 | Train Loss: 0.3394024 Vali Loss: 0.3680417 Test Loss: 0.4396752
Validation loss decreased (inf --> 0.368042).  Saving model ...
Updating learning rate to 0.001
	iters: 100, epoch: 2 | loss: 0.3106111
	speed: 1.3890s/iter; left time: 9287.9304s
	iters: 200, epoch: 2 | loss: 0.2608218
	speed: 0.6677s/iter; left time: 4397.9253s
	iters: 300, epoch: 2 | loss: 0.2515617
	speed: 0.6581s/iter; left time: 4269.0964s
	iters: 400, epoch: 2 | loss: 0.2590595
	speed: 0.6547s/iter; left time: 4181.7184s
	iters: 500, epoch: 2 | loss: 0.2823139
	speed: 0.6734s/iter; left time: 4233.7299s
	iters: 600, epoch: 2 | loss: 0.2293303
	speed: 0.6613s/iter; left time: 4091.2867s
	iters: 700, epoch: 2 | loss: 0.2558583
	speed: 0.6452s/iter; left time: 3927.1854s
Epoch: 2 cost time: 498.37179374694824
Epoch: 2, Steps: 754 | Train Loss: 0.2711888 Vali Loss: 0.3604762 Test Loss: 0.4278822
Validation loss decreased (0.368042 --> 0.360476).  Saving model ...
Updating learning rate to 0.0005
	iters: 100, epoch: 3 | loss: 0.3147252
	speed: 1.3330s/iter; left time: 7908.4991s
	iters: 200, epoch: 3 | loss: 0.2167410
	speed: 0.6533s/iter; left time: 3810.4800s
	iters: 300, epoch: 3 | loss: 0.2899417
	speed: 0.6453s/iter; left time: 3699.7737s
	iters: 400, epoch: 3 | loss: 0.2510223
	speed: 0.6553s/iter; left time: 3691.0944s
	iters: 500, epoch: 3 | loss: 0.3138951
	speed: 0.6502s/iter; left time: 3597.5334s
	iters: 600, epoch: 3 | loss: 0.2195668
	speed: 0.6474s/iter; left time: 3517.5693s
	iters: 700, epoch: 3 | loss: 0.3509679
	speed: 0.6671s/iter; left time: 3557.3898s
Epoch: 3 cost time: 491.35728549957275
Epoch: 3, Steps: 754 | Train Loss: 0.2615146 Vali Loss: 0.3514688 Test Loss: 0.4170562
Validation loss decreased (0.360476 --> 0.351469).  Saving model ...
Updating learning rate to 0.00025
	iters: 100, epoch: 4 | loss: 0.2184834
	speed: 1.3372s/iter; left time: 6925.3789s
	iters: 200, epoch: 4 | loss: 0.2499443
	speed: 0.6640s/iter; left time: 3372.2987s
	iters: 300, epoch: 4 | loss: 0.2958540
	speed: 0.6666s/iter; left time: 3318.8475s
	iters: 400, epoch: 4 | loss: 0.2978542
	speed: 0.6560s/iter; left time: 3200.5007s
	iters: 500, epoch: 4 | loss: 0.3477251
	speed: 0.6523s/iter; left time: 3117.2730s
	iters: 600, epoch: 4 | loss: 0.3074557
	speed: 0.6680s/iter; left time: 3125.4657s
	iters: 700, epoch: 4 | loss: 0.2351304
	speed: 0.6500s/iter; left time: 2976.3574s
Epoch: 4 cost time: 495.7174277305603
Epoch: 4, Steps: 754 | Train Loss: 0.2574053 Vali Loss: 0.3484412 Test Loss: 0.4140124
Validation loss decreased (0.351469 --> 0.348441).  Saving model ...
Updating learning rate to 0.000125
	iters: 100, epoch: 5 | loss: 0.2191622
	speed: 1.3454s/iter; left time: 5953.3658s
	iters: 200, epoch: 5 | loss: 0.3470975
	speed: 0.6553s/iter; left time: 2834.1263s
	iters: 300, epoch: 5 | loss: 0.2424816
	speed: 0.6605s/iter; left time: 2790.6177s
	iters: 400, epoch: 5 | loss: 0.2517044
	speed: 0.6552s/iter; left time: 2702.9043s
	iters: 500, epoch: 5 | loss: 0.2661854
	speed: 0.6686s/iter; left time: 2691.1237s
	iters: 600, epoch: 5 | loss: 0.2167383
	speed: 0.6530s/iter; left time: 2562.8604s
	iters: 700, epoch: 5 | loss: 0.2294038
	speed: 0.6913s/iter; left time: 2644.3408s
Epoch: 5 cost time: 501.5381054878235
Epoch: 5, Steps: 754 | Train Loss: 0.2554207 Vali Loss: 0.3478087 Test Loss: 0.4130006
Validation loss decreased (0.348441 --> 0.347809).  Saving model ...
Updating learning rate to 6.25e-05
	iters: 100, epoch: 6 | loss: 0.2439857
	speed: 1.5007s/iter; left time: 5508.9759s
	iters: 200, epoch: 6 | loss: 0.2636265
	speed: 0.6943s/iter; left time: 2479.2723s
	iters: 300, epoch: 6 | loss: 0.2585824
	speed: 0.7052s/iter; left time: 2447.6905s
	iters: 400, epoch: 6 | loss: 0.2281927
	speed: 0.7116s/iter; left time: 2398.7410s
	iters: 500, epoch: 6 | loss: 0.2527903
	speed: 0.7066s/iter; left time: 2311.2364s
	iters: 600, epoch: 6 | loss: 0.2525519
	speed: 0.6614s/iter; left time: 2097.1469s
	iters: 700, epoch: 6 | loss: 0.2487207
	speed: 0.6841s/iter; left time: 2100.9840s
Epoch: 6 cost time: 522.5390722751617
Epoch: 6, Steps: 754 | Train Loss: 0.2543260 Vali Loss: 0.3470535 Test Loss: 0.4120375
Validation loss decreased (0.347809 --> 0.347054).  Saving model ...
Updating learning rate to 3.125e-05
	iters: 100, epoch: 7 | loss: 0.2516779
	speed: 1.3448s/iter; left time: 3922.9112s
	iters: 200, epoch: 7 | loss: 0.2476373
	speed: 0.7026s/iter; left time: 1979.3566s
	iters: 300, epoch: 7 | loss: 0.2382925
	speed: 0.6239s/iter; left time: 1695.1603s
	iters: 400, epoch: 7 | loss: 0.2471737
	speed: 0.5268s/iter; left time: 1378.7384s
	iters: 500, epoch: 7 | loss: 0.2234484
	speed: 0.4879s/iter; left time: 1227.9740s
	iters: 600, epoch: 7 | loss: 0.2396911
	speed: 0.5274s/iter; left time: 1274.7478s
	iters: 700, epoch: 7 | loss: 0.2192219
	speed: 0.5400s/iter; left time: 1251.1165s
Epoch: 7 cost time: 436.8856098651886
Epoch: 7, Steps: 754 | Train Loss: 0.2537484 Vali Loss: 0.3469577 Test Loss: 0.4117504
Validation loss decreased (0.347054 --> 0.346958).  Saving model ...
Updating learning rate to 1.5625e-05
	iters: 100, epoch: 8 | loss: 0.2427928
	speed: 1.0895s/iter; left time: 2356.5239s
	iters: 200, epoch: 8 | loss: 0.2902875
	speed: 0.5576s/iter; left time: 1150.3595s
	iters: 300, epoch: 8 | loss: 0.2557669
	speed: 0.4974s/iter; left time: 976.3556s
	iters: 400, epoch: 8 | loss: 0.2493832
	speed: 0.6088s/iter; left time: 1134.1544s
	iters: 500, epoch: 8 | loss: 0.2633262
	speed: 0.6389s/iter; left time: 1126.3861s
	iters: 600, epoch: 8 | loss: 0.2363845
	speed: 0.6346s/iter; left time: 1055.4068s
	iters: 700, epoch: 8 | loss: 0.2424681
	speed: 0.6805s/iter; left time: 1063.6278s
Epoch: 8 cost time: 446.8515815734863
Epoch: 8, Steps: 754 | Train Loss: 0.2534736 Vali Loss: 0.3462753 Test Loss: 0.4116062
Validation loss decreased (0.346958 --> 0.346275).  Saving model ...
Updating learning rate to 7.8125e-06
	iters: 100, epoch: 9 | loss: 0.2403903
	speed: 1.3232s/iter; left time: 1864.4281s
	iters: 200, epoch: 9 | loss: 0.2058370
	speed: 0.6569s/iter; left time: 859.8532s
	iters: 300, epoch: 9 | loss: 0.2673452
	speed: 0.6629s/iter; left time: 801.5047s
	iters: 400, epoch: 9 | loss: 0.2515889
	speed: 0.6393s/iter; left time: 708.9386s
	iters: 500, epoch: 9 | loss: 0.2982482
	speed: 0.6551s/iter; left time: 661.0391s
	iters: 600, epoch: 9 | loss: 0.2206410
	speed: 0.6487s/iter; left time: 589.6573s
	iters: 700, epoch: 9 | loss: 0.2222692
	speed: 0.6613s/iter; left time: 534.9719s
Epoch: 9 cost time: 493.82633996009827
Epoch: 9, Steps: 754 | Train Loss: 0.2533653 Vali Loss: 0.3462310 Test Loss: 0.4115438
Validation loss decreased (0.346275 --> 0.346231).  Saving model ...
Updating learning rate to 3.90625e-06
	iters: 100, epoch: 10 | loss: 0.2448884
	speed: 1.3760s/iter; left time: 901.2532s
	iters: 200, epoch: 10 | loss: 0.2767386
	speed: 0.6550s/iter; left time: 363.5038s
	iters: 300, epoch: 10 | loss: 0.2142316
	speed: 0.6563s/iter; left time: 298.6241s
	iters: 400, epoch: 10 | loss: 0.2582508
	speed: 0.6482s/iter; left time: 230.1246s
	iters: 500, epoch: 10 | loss: 0.2708421
	speed: 0.6689s/iter; left time: 170.5589s
	iters: 600, epoch: 10 | loss: 0.2174344
	speed: 0.6611s/iter; left time: 102.4743s
	iters: 700, epoch: 10 | loss: 0.2233613
	speed: 0.6534s/iter; left time: 35.9372s
Epoch: 10 cost time: 498.2575967311859
Epoch: 10, Steps: 754 | Train Loss: 0.2532363 Vali Loss: 0.3466837 Test Loss: 0.4115169
EarlyStopping counter: 1 out of 3
Updating learning rate to 1.953125e-06
>>>>>>>testing : traffic_192_24_RLinear_custom_ftM_sl192_ll48_pl24_dm512_nh8_el2_dl1_df2048_fc1_ebtimeF_dtTrue_Exp_0<<<<<<<<<<<<<<<<<<<<<<<<<<<<<<<<<
test 3485
mse:0.4116952121257782, mae:0.2893337607383728
