Args in experiment:
Namespace(activation='gelu', batch_size=16, c_out=7, checkpoints='/spo/NewbornTime/tahir098/SVF/data/Extra/checkpoints/', d_ff=2048, d_layers=1, d_model=512, data='custom', data_path='traffic.csv', dec_in=7, des='Exp', devices='0,1,2,3', distil=True, do_predict=False, dropout=0.05, e_layers=2, embed='timeF', embed_type=0, enc_in=862, factor=1, features='M', freq='h', gpu=0, individual=False, is_training=1, itr=1, label_len=48, learning_rate=0.001, loss='mse', lradj='type1', model='DLinear', model_id='traffic_168_720', moving_avg=25, n_heads=8, num_workers=10, output_attention=False, patience=3, pred_len=720, root_path='./dataset/', seq_len=168, target='OT', test_flop=False, train_epochs=10, train_only=False, use_amp=False, use_gpu=True, use_multi_gpu=False)
Use GPU: cuda:0
>>>>>>>start training : traffic_168_720_DLinear_custom_ftM_sl168_ll48_pl720_dm512_nh8_el2_dl1_df2048_fc1_ebtimeF_dtTrue_Exp_0>>>>>>>>>>>>>>>>>>>>>>>>>>
train 11393
val 1037
test 2789
	iters: 100, epoch: 1 | loss: 0.3702432
	speed: 0.0553s/iter; left time: 387.9388s
	iters: 200, epoch: 1 | loss: 0.3369286
	speed: 0.0474s/iter; left time: 327.9014s
	iters: 300, epoch: 1 | loss: 0.3162893
	speed: 0.0486s/iter; left time: 331.7549s
	iters: 400, epoch: 1 | loss: 0.3073529
	speed: 0.0489s/iter; left time: 328.5149s
	iters: 500, epoch: 1 | loss: 0.3206609
	speed: 0.0482s/iter; left time: 319.3075s
	iters: 600, epoch: 1 | loss: 0.3174286
	speed: 0.0473s/iter; left time: 308.1318s
	iters: 700, epoch: 1 | loss: 0.3166993
	speed: 0.0483s/iter; left time: 310.1109s
Epoch: 1 cost time: 35.050185680389404
Epoch: 1, Steps: 712 | Train Loss: 0.3521070 Vali Loss: 0.4508549 Test Loss: 0.5216404
Validation loss decreased (inf --> 0.450855).  Saving model ...
Updating learning rate to 0.001
	iters: 100, epoch: 2 | loss: 0.3173413
	speed: 0.4280s/iter; left time: 2700.3736s
	iters: 200, epoch: 2 | loss: 0.3252060
	speed: 0.0474s/iter; left time: 294.4040s
	iters: 300, epoch: 2 | loss: 0.3131290
	speed: 0.0481s/iter; left time: 293.8485s
	iters: 400, epoch: 2 | loss: 0.3078393
	speed: 0.0487s/iter; left time: 292.3759s
	iters: 500, epoch: 2 | loss: 0.3069235
	speed: 0.0483s/iter; left time: 285.2009s
	iters: 600, epoch: 2 | loss: 0.3049363
	speed: 0.0483s/iter; left time: 280.4462s
	iters: 700, epoch: 2 | loss: 0.3130063
	speed: 0.0471s/iter; left time: 268.7195s
Epoch: 2 cost time: 35.03520584106445
Epoch: 2, Steps: 712 | Train Loss: 0.3106990 Vali Loss: 0.4467266 Test Loss: 0.5165940
Validation loss decreased (0.450855 --> 0.446727).  Saving model ...
Updating learning rate to 0.0005
	iters: 100, epoch: 3 | loss: 0.3179580
	speed: 0.4343s/iter; left time: 2430.7147s
	iters: 200, epoch: 3 | loss: 0.3102356
	speed: 0.0488s/iter; left time: 268.4686s
	iters: 300, epoch: 3 | loss: 0.3262960
	speed: 0.0486s/iter; left time: 262.0714s
	iters: 400, epoch: 3 | loss: 0.2977910
	speed: 0.0481s/iter; left time: 254.6029s
	iters: 500, epoch: 3 | loss: 0.3047854
	speed: 0.0493s/iter; left time: 256.1851s
	iters: 600, epoch: 3 | loss: 0.2838829
	speed: 0.0514s/iter; left time: 262.2349s
	iters: 700, epoch: 3 | loss: 0.2914525
	speed: 0.0507s/iter; left time: 253.2702s
Epoch: 3 cost time: 36.34065580368042
Epoch: 3, Steps: 712 | Train Loss: 0.3071177 Vali Loss: 0.4432849 Test Loss: 0.5132494
Validation loss decreased (0.446727 --> 0.443285).  Saving model ...
Updating learning rate to 0.00025
	iters: 100, epoch: 4 | loss: 0.3231240
	speed: 0.4367s/iter; left time: 2133.0995s
	iters: 200, epoch: 4 | loss: 0.2993622
	speed: 0.0496s/iter; left time: 237.2978s
	iters: 300, epoch: 4 | loss: 0.3062629
	speed: 0.0498s/iter; left time: 233.3557s
	iters: 400, epoch: 4 | loss: 0.3084498
	speed: 0.0504s/iter; left time: 231.2205s
	iters: 500, epoch: 4 | loss: 0.3073423
	speed: 0.0495s/iter; left time: 221.8571s
	iters: 600, epoch: 4 | loss: 0.3210980
	speed: 0.0505s/iter; left time: 221.6087s
	iters: 700, epoch: 4 | loss: 0.3172940
	speed: 0.0494s/iter; left time: 211.8236s
Epoch: 4 cost time: 36.47537016868591
Epoch: 4, Steps: 712 | Train Loss: 0.3057451 Vali Loss: 0.4420714 Test Loss: 0.5129600
Validation loss decreased (0.443285 --> 0.442071).  Saving model ...
Updating learning rate to 0.000125
	iters: 100, epoch: 5 | loss: 0.3124295
	speed: 0.4433s/iter; left time: 1849.8407s
	iters: 200, epoch: 5 | loss: 0.2820570
	speed: 0.0502s/iter; left time: 204.4284s
	iters: 300, epoch: 5 | loss: 0.3008205
	speed: 0.0496s/iter; left time: 197.0244s
	iters: 400, epoch: 5 | loss: 0.3089223
	speed: 0.0493s/iter; left time: 190.9402s
	iters: 500, epoch: 5 | loss: 0.2937973
	speed: 0.0484s/iter; left time: 182.5547s
	iters: 600, epoch: 5 | loss: 0.3197118
	speed: 0.0499s/iter; left time: 183.3776s
	iters: 700, epoch: 5 | loss: 0.3147441
	speed: 0.0483s/iter; left time: 172.5544s
Epoch: 5 cost time: 36.86695623397827
Epoch: 5, Steps: 712 | Train Loss: 0.3050678 Vali Loss: 0.4411125 Test Loss: 0.5107395
Validation loss decreased (0.442071 --> 0.441113).  Saving model ...
Updating learning rate to 6.25e-05
	iters: 100, epoch: 6 | loss: 0.2977205
	speed: 0.4416s/iter; left time: 1528.3450s
	iters: 200, epoch: 6 | loss: 0.3004083
	speed: 0.0501s/iter; left time: 168.2921s
	iters: 300, epoch: 6 | loss: 0.3300901
	speed: 0.0499s/iter; left time: 162.6337s
	iters: 400, epoch: 6 | loss: 0.3122617
	speed: 0.0493s/iter; left time: 155.8727s
	iters: 500, epoch: 6 | loss: 0.2989978
	speed: 0.0489s/iter; left time: 149.5601s
	iters: 600, epoch: 6 | loss: 0.2850938
	speed: 0.0485s/iter; left time: 143.4654s
	iters: 700, epoch: 6 | loss: 0.2899874
	speed: 0.0508s/iter; left time: 145.2618s
Epoch: 6 cost time: 36.30820846557617
Epoch: 6, Steps: 712 | Train Loss: 0.3047230 Vali Loss: 0.4408070 Test Loss: 0.5100930
Validation loss decreased (0.441113 --> 0.440807).  Saving model ...
Updating learning rate to 3.125e-05
	iters: 100, epoch: 7 | loss: 0.2934313
	speed: 0.4365s/iter; left time: 1200.0183s
	iters: 200, epoch: 7 | loss: 0.3001521
	speed: 0.0530s/iter; left time: 140.3506s
	iters: 300, epoch: 7 | loss: 0.3046349
	speed: 0.0484s/iter; left time: 123.4834s
	iters: 400, epoch: 7 | loss: 0.2812911
	speed: 0.0502s/iter; left time: 122.8575s
	iters: 500, epoch: 7 | loss: 0.2991323
	speed: 0.0507s/iter; left time: 119.1854s
	iters: 600, epoch: 7 | loss: 0.2899357
	speed: 0.0489s/iter; left time: 110.0844s
	iters: 700, epoch: 7 | loss: 0.2979554
	speed: 0.0496s/iter; left time: 106.4955s
Epoch: 7 cost time: 36.54421329498291
Epoch: 7, Steps: 712 | Train Loss: 0.3045319 Vali Loss: 0.4404622 Test Loss: 0.5095966
Validation loss decreased (0.440807 --> 0.440462).  Saving model ...
Updating learning rate to 1.5625e-05
	iters: 100, epoch: 8 | loss: 0.2964559
	speed: 0.4421s/iter; left time: 900.5971s
	iters: 200, epoch: 8 | loss: 0.2935563
	speed: 0.0500s/iter; left time: 96.9009s
	iters: 300, epoch: 8 | loss: 0.3082086
	speed: 0.0503s/iter; left time: 92.3257s
	iters: 400, epoch: 8 | loss: 0.3176339
	speed: 0.0511s/iter; left time: 88.8270s
	iters: 500, epoch: 8 | loss: 0.2986223
	speed: 0.0498s/iter; left time: 81.5076s
	iters: 600, epoch: 8 | loss: 0.3243791
	speed: 0.0499s/iter; left time: 76.6855s
	iters: 700, epoch: 8 | loss: 0.3076405
	speed: 0.0494s/iter; left time: 71.0370s
Epoch: 8 cost time: 36.767618894577026
Epoch: 8, Steps: 712 | Train Loss: 0.3044223 Vali Loss: 0.4404337 Test Loss: 0.5098397
Validation loss decreased (0.440462 --> 0.440434).  Saving model ...
Updating learning rate to 7.8125e-06
	iters: 100, epoch: 9 | loss: 0.3161410
	speed: 0.4434s/iter; left time: 587.4564s
	iters: 200, epoch: 9 | loss: 0.3025572
	speed: 0.0500s/iter; left time: 61.2185s
	iters: 300, epoch: 9 | loss: 0.2975961
	speed: 0.0512s/iter; left time: 57.6133s
	iters: 400, epoch: 9 | loss: 0.3083399
	speed: 0.0492s/iter; left time: 50.3805s
	iters: 500, epoch: 9 | loss: 0.2876891
	speed: 0.0483s/iter; left time: 44.6892s
	iters: 600, epoch: 9 | loss: 0.3073607
	speed: 0.0484s/iter; left time: 39.9248s
	iters: 700, epoch: 9 | loss: 0.2889466
	speed: 0.0482s/iter; left time: 34.9676s
Epoch: 9 cost time: 36.01044845581055
Epoch: 9, Steps: 712 | Train Loss: 0.3043715 Vali Loss: 0.4404449 Test Loss: 0.5097679
EarlyStopping counter: 1 out of 3
Updating learning rate to 3.90625e-06
	iters: 100, epoch: 10 | loss: 0.3060413
	speed: 0.4393s/iter; left time: 269.3112s
	iters: 200, epoch: 10 | loss: 0.2976913
	speed: 0.0489s/iter; left time: 25.0855s
	iters: 300, epoch: 10 | loss: 0.2940222
	speed: 0.0492s/iter; left time: 20.3392s
	iters: 400, epoch: 10 | loss: 0.3367632
	speed: 0.0490s/iter; left time: 15.3251s
	iters: 500, epoch: 10 | loss: 0.3251814
	speed: 0.0491s/iter; left time: 10.4633s
	iters: 600, epoch: 10 | loss: 0.3069443
	speed: 0.0487s/iter; left time: 5.4982s
	iters: 700, epoch: 10 | loss: 0.3107756
	speed: 0.0493s/iter; left time: 0.6405s
Epoch: 10 cost time: 35.93052124977112
Epoch: 10, Steps: 712 | Train Loss: 0.3043303 Vali Loss: 0.4402003 Test Loss: 0.5098585
Validation loss decreased (0.440434 --> 0.440200).  Saving model ...
Updating learning rate to 1.953125e-06
>>>>>>>testing : traffic_168_720_DLinear_custom_ftM_sl168_ll48_pl720_dm512_nh8_el2_dl1_df2048_fc1_ebtimeF_dtTrue_Exp_0<<<<<<<<<<<<<<<<<<<<<<<<<<<<<<<<<
test 2789
mse:0.5096927285194397, mae:0.33659330010414124
