Args in experiment:
Namespace(activation='gelu', batch_size=16, c_out=7, checkpoints='/spo/NewbornTime/tahir098/SVF/data/Extra/checkpoints/', d_ff=2048, d_layers=1, d_model=512, data='custom', data_path='weather.csv', dec_in=7, des='Exp', devices='0,1,2,3', distil=True, do_predict=False, dropout=0.05, e_layers=2, embed='timeF', embed_type=0, enc_in=21, factor=1, features='M', freq='h', gpu=0, individual=False, is_training=1, itr=1, label_len=48, learning_rate=0.001, loss='mse', lradj='type1', model='DLinear', model_id='weather_504_720', moving_avg=25, n_heads=8, num_workers=10, output_attention=False, patience=3, pred_len=720, root_path='./dataset/', seq_len=504, target='OT', test_flop=False, train_epochs=10, train_only=False, use_amp=False, use_gpu=True, use_multi_gpu=False)
Use GPU: cuda:0
>>>>>>>start training : weather_504_720_DLinear_custom_ftM_sl504_ll48_pl720_dm512_nh8_el2_dl1_df2048_fc1_ebtimeF_dtTrue_Exp_0>>>>>>>>>>>>>>>>>>>>>>>>>>
train 35664
val 4551
test 9820
	iters: 100, epoch: 1 | loss: 0.7941112
	speed: 0.0145s/iter; left time: 321.6184s
	iters: 200, epoch: 1 | loss: 0.5073780
	speed: 0.0072s/iter; left time: 158.8852s
	iters: 300, epoch: 1 | loss: 0.6312310
	speed: 0.0068s/iter; left time: 150.5796s
	iters: 400, epoch: 1 | loss: 0.4903704
	speed: 0.0066s/iter; left time: 145.3794s
	iters: 500, epoch: 1 | loss: 0.4332524
	speed: 0.0064s/iter; left time: 138.9426s
	iters: 600, epoch: 1 | loss: 0.5705274
	speed: 0.0068s/iter; left time: 147.8328s
	iters: 700, epoch: 1 | loss: 0.5713013
	speed: 0.0069s/iter; left time: 148.2570s
	iters: 800, epoch: 1 | loss: 0.7873369
	speed: 0.0068s/iter; left time: 145.9200s
	iters: 900, epoch: 1 | loss: 0.3811751
	speed: 0.0089s/iter; left time: 190.5411s
	iters: 1000, epoch: 1 | loss: 0.5505837
	speed: 0.0079s/iter; left time: 167.9172s
	iters: 1100, epoch: 1 | loss: 0.5524523
	speed: 0.0079s/iter; left time: 167.3050s
	iters: 1200, epoch: 1 | loss: 0.7567162
	speed: 0.0075s/iter; left time: 157.3485s
	iters: 1300, epoch: 1 | loss: 0.4202004
	speed: 0.0064s/iter; left time: 134.7805s
	iters: 1400, epoch: 1 | loss: 0.4385473
	speed: 0.0068s/iter; left time: 141.9604s
	iters: 1500, epoch: 1 | loss: 0.5603071
	speed: 0.0062s/iter; left time: 129.4075s
	iters: 1600, epoch: 1 | loss: 0.5162922
	speed: 0.0066s/iter; left time: 135.9922s
	iters: 1700, epoch: 1 | loss: 0.6384766
	speed: 0.0066s/iter; left time: 136.0152s
	iters: 1800, epoch: 1 | loss: 0.5552654
	speed: 0.0066s/iter; left time: 134.3467s
	iters: 1900, epoch: 1 | loss: 0.4817257
	speed: 0.0067s/iter; left time: 137.5684s
	iters: 2000, epoch: 1 | loss: 0.7219526
	speed: 0.0068s/iter; left time: 137.5035s
	iters: 2100, epoch: 1 | loss: 0.4590804
	speed: 0.0067s/iter; left time: 134.8287s
	iters: 2200, epoch: 1 | loss: 0.4536375
	speed: 0.0073s/iter; left time: 146.9149s
Epoch: 1 cost time: 16.37287998199463
Epoch: 1, Steps: 2229 | Train Loss: 0.6088313 Vali Loss: 0.6469624 Test Loss: 0.3239403
Validation loss decreased (inf --> 0.646962).  Saving model ...
Updating learning rate to 0.001
	iters: 100, epoch: 2 | loss: 0.7393136
	speed: 0.0912s/iter; left time: 1821.0006s
	iters: 200, epoch: 2 | loss: 0.8424503
	speed: 0.0064s/iter; left time: 127.0156s
	iters: 300, epoch: 2 | loss: 0.6712478
	speed: 0.0065s/iter; left time: 127.9520s
	iters: 400, epoch: 2 | loss: 0.4828923
	speed: 0.0065s/iter; left time: 126.9665s
	iters: 500, epoch: 2 | loss: 0.7239029
	speed: 0.0065s/iter; left time: 127.4004s
	iters: 600, epoch: 2 | loss: 0.4758532
	speed: 0.0062s/iter; left time: 121.2251s
	iters: 700, epoch: 2 | loss: 0.5466120
	speed: 0.0069s/iter; left time: 132.9542s
	iters: 800, epoch: 2 | loss: 0.5075971
	speed: 0.0061s/iter; left time: 118.4128s
	iters: 900, epoch: 2 | loss: 0.7244911
	speed: 0.0067s/iter; left time: 127.7730s
	iters: 1000, epoch: 2 | loss: 0.5951854
	speed: 0.0067s/iter; left time: 128.2356s
	iters: 1100, epoch: 2 | loss: 0.3903512
	speed: 0.0085s/iter; left time: 160.9232s
	iters: 1200, epoch: 2 | loss: 0.7724034
	speed: 0.0081s/iter; left time: 152.0637s
	iters: 1300, epoch: 2 | loss: 0.7317457
	speed: 0.0062s/iter; left time: 115.9295s
	iters: 1400, epoch: 2 | loss: 0.5566306
	speed: 0.0063s/iter; left time: 117.7249s
	iters: 1500, epoch: 2 | loss: 0.5845832
	speed: 0.0065s/iter; left time: 120.6024s
	iters: 1600, epoch: 2 | loss: 0.5437750
	speed: 0.0067s/iter; left time: 123.2184s
	iters: 1700, epoch: 2 | loss: 0.7020209
	speed: 0.0070s/iter; left time: 127.7258s
	iters: 1800, epoch: 2 | loss: 0.5115212
	speed: 0.0062s/iter; left time: 113.0964s
	iters: 1900, epoch: 2 | loss: 0.5133842
	speed: 0.0062s/iter; left time: 112.4225s
	iters: 2000, epoch: 2 | loss: 0.8971276
	speed: 0.0070s/iter; left time: 126.8035s
	iters: 2100, epoch: 2 | loss: 0.6084344
	speed: 0.0074s/iter; left time: 133.1383s
	iters: 2200, epoch: 2 | loss: 0.5468927
	speed: 0.0063s/iter; left time: 111.9192s
Epoch: 2 cost time: 15.737211227416992
Epoch: 2, Steps: 2229 | Train Loss: 0.6040309 Vali Loss: 0.6385896 Test Loss: 0.3265175
Validation loss decreased (0.646962 --> 0.638590).  Saving model ...
Updating learning rate to 0.0005
	iters: 100, epoch: 3 | loss: 0.4390240
	speed: 0.0903s/iter; left time: 1601.2830s
	iters: 200, epoch: 3 | loss: 0.7632090
	speed: 0.0074s/iter; left time: 130.7238s
	iters: 300, epoch: 3 | loss: 0.6891280
	speed: 0.0070s/iter; left time: 122.7423s
	iters: 400, epoch: 3 | loss: 0.4963843
	speed: 0.0068s/iter; left time: 119.3175s
	iters: 500, epoch: 3 | loss: 0.4361061
	speed: 0.0067s/iter; left time: 116.7250s
	iters: 600, epoch: 3 | loss: 0.9801295
	speed: 0.0071s/iter; left time: 122.5323s
	iters: 700, epoch: 3 | loss: 0.4182025
	speed: 0.0071s/iter; left time: 122.3424s
	iters: 800, epoch: 3 | loss: 0.7945759
	speed: 0.0068s/iter; left time: 116.0630s
	iters: 900, epoch: 3 | loss: 0.3778727
	speed: 0.0070s/iter; left time: 119.2558s
	iters: 1000, epoch: 3 | loss: 0.5191265
	speed: 0.0064s/iter; left time: 106.9866s
	iters: 1100, epoch: 3 | loss: 0.5410064
	speed: 0.0072s/iter; left time: 120.7484s
	iters: 1200, epoch: 3 | loss: 0.5579001
	speed: 0.0067s/iter; left time: 111.9040s
	iters: 1300, epoch: 3 | loss: 0.6726597
	speed: 0.0061s/iter; left time: 101.5184s
	iters: 1400, epoch: 3 | loss: 0.7187599
	speed: 0.0063s/iter; left time: 103.7810s
	iters: 1500, epoch: 3 | loss: 0.4514361
	speed: 0.0069s/iter; left time: 112.9816s
	iters: 1600, epoch: 3 | loss: 0.4449688
	speed: 0.0070s/iter; left time: 113.9037s
	iters: 1700, epoch: 3 | loss: 0.5515876
	speed: 0.0067s/iter; left time: 108.4166s
	iters: 1800, epoch: 3 | loss: 0.6101475
	speed: 0.0067s/iter; left time: 106.9876s
	iters: 1900, epoch: 3 | loss: 0.4407719
	speed: 0.0065s/iter; left time: 104.2851s
	iters: 2000, epoch: 3 | loss: 0.4556024
	speed: 0.0068s/iter; left time: 107.0224s
	iters: 2100, epoch: 3 | loss: 0.4462202
	speed: 0.0066s/iter; left time: 103.7684s
	iters: 2200, epoch: 3 | loss: 0.5144077
	speed: 0.0064s/iter; left time: 100.0500s
Epoch: 3 cost time: 15.881666421890259
Epoch: 3, Steps: 2229 | Train Loss: 0.5932879 Vali Loss: 0.6375092 Test Loss: 0.3259541
Validation loss decreased (0.638590 --> 0.637509).  Saving model ...
Updating learning rate to 0.00025
	iters: 100, epoch: 4 | loss: 0.4677718
	speed: 0.0904s/iter; left time: 1400.8619s
	iters: 200, epoch: 4 | loss: 0.4842106
	speed: 0.0067s/iter; left time: 103.1422s
	iters: 300, epoch: 4 | loss: 0.4805133
	speed: 0.0070s/iter; left time: 106.8093s
	iters: 400, epoch: 4 | loss: 0.5288572
	speed: 0.0067s/iter; left time: 102.5206s
	iters: 500, epoch: 4 | loss: 0.4921213
	speed: 0.0064s/iter; left time: 96.4918s
	iters: 600, epoch: 4 | loss: 0.8118554
	speed: 0.0061s/iter; left time: 90.8230s
	iters: 700, epoch: 4 | loss: 0.4399905
	speed: 0.0066s/iter; left time: 98.7070s
	iters: 800, epoch: 4 | loss: 0.5519270
	speed: 0.0062s/iter; left time: 92.5141s
	iters: 900, epoch: 4 | loss: 0.5035900
	speed: 0.0063s/iter; left time: 92.4784s
	iters: 1000, epoch: 4 | loss: 0.4109620
	speed: 0.0066s/iter; left time: 96.2372s
	iters: 1100, epoch: 4 | loss: 0.5760777
	speed: 0.0073s/iter; left time: 105.2549s
	iters: 1200, epoch: 4 | loss: 0.5471533
	speed: 0.0076s/iter; left time: 109.5322s
	iters: 1300, epoch: 4 | loss: 0.5216753
	speed: 0.0065s/iter; left time: 92.9124s
	iters: 1400, epoch: 4 | loss: 0.5858762
	speed: 0.0071s/iter; left time: 100.8071s
	iters: 1500, epoch: 4 | loss: 0.6167094
	speed: 0.0068s/iter; left time: 95.4468s
	iters: 1600, epoch: 4 | loss: 0.4414447
	speed: 0.0071s/iter; left time: 98.8431s
	iters: 1700, epoch: 4 | loss: 0.5853974
	speed: 0.0071s/iter; left time: 99.1748s
	iters: 1800, epoch: 4 | loss: 0.8098224
	speed: 0.0069s/iter; left time: 94.8492s
	iters: 1900, epoch: 4 | loss: 0.4742475
	speed: 0.0067s/iter; left time: 91.2444s
	iters: 2000, epoch: 4 | loss: 0.8426989
	speed: 0.0066s/iter; left time: 90.2305s
	iters: 2100, epoch: 4 | loss: 0.5484117
	speed: 0.0070s/iter; left time: 94.8930s
	iters: 2200, epoch: 4 | loss: 0.5987707
	speed: 0.0076s/iter; left time: 102.2460s
Epoch: 4 cost time: 16.111429929733276
Epoch: 4, Steps: 2229 | Train Loss: 0.5878581 Vali Loss: 0.6175627 Test Loss: 0.3191499
Validation loss decreased (0.637509 --> 0.617563).  Saving model ...
Updating learning rate to 0.000125
	iters: 100, epoch: 5 | loss: 0.4945509
	speed: 0.0913s/iter; left time: 1211.9269s
	iters: 200, epoch: 5 | loss: 0.7525530
	speed: 0.0060s/iter; left time: 79.3924s
	iters: 300, epoch: 5 | loss: 0.4568866
	speed: 0.0066s/iter; left time: 86.2852s
	iters: 400, epoch: 5 | loss: 0.6840004
	speed: 0.0066s/iter; left time: 85.0728s
	iters: 500, epoch: 5 | loss: 0.6700056
	speed: 0.0078s/iter; left time: 100.9060s
	iters: 600, epoch: 5 | loss: 0.4469252
	speed: 0.0072s/iter; left time: 91.6439s
	iters: 700, epoch: 5 | loss: 0.4109921
	speed: 0.0069s/iter; left time: 87.7491s
	iters: 800, epoch: 5 | loss: 0.5060387
	speed: 0.0071s/iter; left time: 88.7277s
	iters: 900, epoch: 5 | loss: 0.6781981
	speed: 0.0065s/iter; left time: 80.5030s
	iters: 1000, epoch: 5 | loss: 0.4045926
	speed: 0.0069s/iter; left time: 85.2783s
	iters: 1100, epoch: 5 | loss: 0.3899210
	speed: 0.0074s/iter; left time: 91.0543s
	iters: 1200, epoch: 5 | loss: 0.5252631
	speed: 0.0069s/iter; left time: 84.3203s
	iters: 1300, epoch: 5 | loss: 0.6176220
	speed: 0.0066s/iter; left time: 79.8540s
	iters: 1400, epoch: 5 | loss: 0.4767738
	speed: 0.0063s/iter; left time: 75.6630s
	iters: 1500, epoch: 5 | loss: 0.7557709
	speed: 0.0068s/iter; left time: 81.0377s
	iters: 1600, epoch: 5 | loss: 0.6584907
	speed: 0.0069s/iter; left time: 81.1691s
	iters: 1700, epoch: 5 | loss: 0.8186693
	speed: 0.0064s/iter; left time: 74.8230s
	iters: 1800, epoch: 5 | loss: 0.6769854
	speed: 0.0065s/iter; left time: 75.4492s
	iters: 1900, epoch: 5 | loss: 0.4760769
	speed: 0.0067s/iter; left time: 76.6006s
	iters: 2000, epoch: 5 | loss: 1.0172791
	speed: 0.0068s/iter; left time: 77.7298s
	iters: 2100, epoch: 5 | loss: 0.5290188
	speed: 0.0066s/iter; left time: 74.8557s
	iters: 2200, epoch: 5 | loss: 0.5879444
	speed: 0.0073s/iter; left time: 81.4329s
Epoch: 5 cost time: 15.95531415939331
Epoch: 5, Steps: 2229 | Train Loss: 0.5847595 Vali Loss: 0.6073455 Test Loss: 0.3204216
Validation loss decreased (0.617563 --> 0.607345).  Saving model ...
Updating learning rate to 6.25e-05
	iters: 100, epoch: 6 | loss: 0.5201316
	speed: 0.0925s/iter; left time: 1021.5758s
	iters: 200, epoch: 6 | loss: 0.4605080
	speed: 0.0068s/iter; left time: 74.7326s
	iters: 300, epoch: 6 | loss: 0.3914989
	speed: 0.0069s/iter; left time: 75.1395s
	iters: 400, epoch: 6 | loss: 0.5001003
	speed: 0.0068s/iter; left time: 72.6989s
	iters: 500, epoch: 6 | loss: 0.8780314
	speed: 0.0066s/iter; left time: 70.2761s
	iters: 600, epoch: 6 | loss: 0.3803717
	speed: 0.0064s/iter; left time: 66.9678s
	iters: 700, epoch: 6 | loss: 0.5030054
	speed: 0.0066s/iter; left time: 68.8990s
	iters: 800, epoch: 6 | loss: 0.5468515
	speed: 0.0066s/iter; left time: 68.2834s
	iters: 900, epoch: 6 | loss: 0.7001621
	speed: 0.0065s/iter; left time: 67.0603s
	iters: 1000, epoch: 6 | loss: 0.5614538
	speed: 0.0065s/iter; left time: 66.0716s
	iters: 1100, epoch: 6 | loss: 0.5004982
	speed: 0.0067s/iter; left time: 67.7204s
	iters: 1200, epoch: 6 | loss: 0.4343367
	speed: 0.0063s/iter; left time: 62.4641s
	iters: 1300, epoch: 6 | loss: 0.4507292
	speed: 0.0063s/iter; left time: 62.4008s
	iters: 1400, epoch: 6 | loss: 0.3488985
	speed: 0.0063s/iter; left time: 61.2377s
	iters: 1500, epoch: 6 | loss: 0.8699996
	speed: 0.0063s/iter; left time: 60.7128s
	iters: 1600, epoch: 6 | loss: 0.7481528
	speed: 0.0065s/iter; left time: 61.6558s
	iters: 1700, epoch: 6 | loss: 0.5816914
	speed: 0.0069s/iter; left time: 64.7694s
	iters: 1800, epoch: 6 | loss: 1.0524542
	speed: 0.0067s/iter; left time: 62.1548s
	iters: 1900, epoch: 6 | loss: 1.2466714
	speed: 0.0069s/iter; left time: 63.7765s
	iters: 2000, epoch: 6 | loss: 0.5841519
	speed: 0.0065s/iter; left time: 59.4666s
	iters: 2100, epoch: 6 | loss: 0.5720213
	speed: 0.0068s/iter; left time: 61.1914s
	iters: 2200, epoch: 6 | loss: 0.6989148
	speed: 0.0071s/iter; left time: 63.8309s
Epoch: 6 cost time: 15.617948770523071
Epoch: 6, Steps: 2229 | Train Loss: 0.5830572 Vali Loss: 0.6108583 Test Loss: 0.3166088
EarlyStopping counter: 1 out of 3
Updating learning rate to 3.125e-05
	iters: 100, epoch: 7 | loss: 0.4127281
	speed: 0.0925s/iter; left time: 815.1960s
	iters: 200, epoch: 7 | loss: 0.5503185
	speed: 0.0063s/iter; left time: 54.9221s
	iters: 300, epoch: 7 | loss: 0.7275913
	speed: 0.0066s/iter; left time: 56.6396s
	iters: 400, epoch: 7 | loss: 0.4695532
	speed: 0.0063s/iter; left time: 53.6036s
	iters: 500, epoch: 7 | loss: 0.5379164
	speed: 0.0063s/iter; left time: 52.6804s
	iters: 600, epoch: 7 | loss: 0.6041106
	speed: 0.0067s/iter; left time: 55.6497s
	iters: 700, epoch: 7 | loss: 0.5164027
	speed: 0.0069s/iter; left time: 57.0498s
	iters: 800, epoch: 7 | loss: 0.6135311
	speed: 0.0063s/iter; left time: 51.3548s
	iters: 900, epoch: 7 | loss: 0.5165161
	speed: 0.0064s/iter; left time: 51.7054s
	iters: 1000, epoch: 7 | loss: 0.4151298
	speed: 0.0070s/iter; left time: 55.0249s
	iters: 1100, epoch: 7 | loss: 0.6931736
	speed: 0.0068s/iter; left time: 53.3592s
	iters: 1200, epoch: 7 | loss: 0.6676037
	speed: 0.0062s/iter; left time: 48.2299s
	iters: 1300, epoch: 7 | loss: 0.4747008
	speed: 0.0074s/iter; left time: 56.5193s
	iters: 1400, epoch: 7 | loss: 0.5651529
	speed: 0.0065s/iter; left time: 49.0796s
	iters: 1500, epoch: 7 | loss: 0.4562058
	speed: 0.0067s/iter; left time: 49.4200s
	iters: 1600, epoch: 7 | loss: 0.5950829
	speed: 0.0066s/iter; left time: 48.5999s
	iters: 1700, epoch: 7 | loss: 0.4302779
	speed: 0.0067s/iter; left time: 48.4624s
	iters: 1800, epoch: 7 | loss: 0.5903114
	speed: 0.0064s/iter; left time: 45.7995s
	iters: 1900, epoch: 7 | loss: 0.4880729
	speed: 0.0063s/iter; left time: 44.2311s
	iters: 2000, epoch: 7 | loss: 0.5428300
	speed: 0.0065s/iter; left time: 44.9320s
	iters: 2100, epoch: 7 | loss: 0.8935564
	speed: 0.0066s/iter; left time: 44.8224s
	iters: 2200, epoch: 7 | loss: 0.5645381
	speed: 0.0064s/iter; left time: 43.2798s
Epoch: 7 cost time: 15.613342046737671
Epoch: 7, Steps: 2229 | Train Loss: 0.5822794 Vali Loss: 0.6017617 Test Loss: 0.3197285
Validation loss decreased (0.607345 --> 0.601762).  Saving model ...
Updating learning rate to 1.5625e-05
	iters: 100, epoch: 8 | loss: 0.6525367
	speed: 0.0899s/iter; left time: 592.3860s
	iters: 200, epoch: 8 | loss: 0.7743787
	speed: 0.0066s/iter; left time: 42.7072s
	iters: 300, epoch: 8 | loss: 0.5681578
	speed: 0.0072s/iter; left time: 46.1359s
	iters: 400, epoch: 8 | loss: 0.6713065
	speed: 0.0064s/iter; left time: 40.3992s
	iters: 500, epoch: 8 | loss: 0.4882267
	speed: 0.0067s/iter; left time: 41.6109s
	iters: 600, epoch: 8 | loss: 0.5033917
	speed: 0.0065s/iter; left time: 39.4161s
	iters: 700, epoch: 8 | loss: 0.6986330
	speed: 0.0066s/iter; left time: 39.7149s
	iters: 800, epoch: 8 | loss: 0.4919132
	speed: 0.0066s/iter; left time: 38.6546s
	iters: 900, epoch: 8 | loss: 0.4357019
	speed: 0.0062s/iter; left time: 35.9819s
	iters: 1000, epoch: 8 | loss: 0.5366157
	speed: 0.0064s/iter; left time: 36.6016s
	iters: 1100, epoch: 8 | loss: 0.7387862
	speed: 0.0064s/iter; left time: 35.6300s
	iters: 1200, epoch: 8 | loss: 0.4781315
	speed: 0.0071s/iter; left time: 38.7608s
	iters: 1300, epoch: 8 | loss: 0.5237175
	speed: 0.0066s/iter; left time: 35.7171s
	iters: 1400, epoch: 8 | loss: 0.5642292
	speed: 0.0065s/iter; left time: 34.1686s
	iters: 1500, epoch: 8 | loss: 0.7610315
	speed: 0.0064s/iter; left time: 33.0935s
	iters: 1600, epoch: 8 | loss: 0.6336599
	speed: 0.0065s/iter; left time: 33.0212s
	iters: 1700, epoch: 8 | loss: 0.6716470
	speed: 0.0066s/iter; left time: 32.9713s
	iters: 1800, epoch: 8 | loss: 0.6771426
	speed: 0.0069s/iter; left time: 33.5616s
	iters: 1900, epoch: 8 | loss: 0.5505527
	speed: 0.0067s/iter; left time: 32.0271s
	iters: 2000, epoch: 8 | loss: 0.7397118
	speed: 0.0065s/iter; left time: 30.6996s
	iters: 2100, epoch: 8 | loss: 0.5700232
	speed: 0.0064s/iter; left time: 29.1976s
	iters: 2200, epoch: 8 | loss: 0.6662898
	speed: 0.0061s/iter; left time: 27.3945s
Epoch: 8 cost time: 15.493233442306519
Epoch: 8, Steps: 2229 | Train Loss: 0.5817983 Vali Loss: 0.6043241 Test Loss: 0.3185199
EarlyStopping counter: 1 out of 3
Updating learning rate to 7.8125e-06
	iters: 100, epoch: 9 | loss: 0.5024312
	speed: 0.0913s/iter; left time: 398.1768s
	iters: 200, epoch: 9 | loss: 0.5062528
	speed: 0.0072s/iter; left time: 30.6361s
	iters: 300, epoch: 9 | loss: 0.4648504
	speed: 0.0065s/iter; left time: 27.0473s
	iters: 400, epoch: 9 | loss: 0.4520563
	speed: 0.0067s/iter; left time: 27.3850s
	iters: 500, epoch: 9 | loss: 0.6710189
	speed: 0.0067s/iter; left time: 26.5575s
	iters: 600, epoch: 9 | loss: 0.4778770
	speed: 0.0065s/iter; left time: 24.9162s
	iters: 700, epoch: 9 | loss: 0.3963637
	speed: 0.0071s/iter; left time: 26.8473s
	iters: 800, epoch: 9 | loss: 0.7450681
	speed: 0.0067s/iter; left time: 24.5938s
	iters: 900, epoch: 9 | loss: 0.5452983
	speed: 0.0062s/iter; left time: 22.1775s
	iters: 1000, epoch: 9 | loss: 0.6652970
	speed: 0.0060s/iter; left time: 20.8657s
	iters: 1100, epoch: 9 | loss: 0.5692609
	speed: 0.0063s/iter; left time: 21.2149s
	iters: 1200, epoch: 9 | loss: 0.7550789
	speed: 0.0064s/iter; left time: 20.9433s
	iters: 1300, epoch: 9 | loss: 0.5355902
	speed: 0.0070s/iter; left time: 22.1842s
	iters: 1400, epoch: 9 | loss: 0.7404884
	speed: 0.0065s/iter; left time: 20.0051s
	iters: 1500, epoch: 9 | loss: 0.7208048
	speed: 0.0066s/iter; left time: 19.3886s
	iters: 1600, epoch: 9 | loss: 0.7879391
	speed: 0.0067s/iter; left time: 19.1864s
	iters: 1700, epoch: 9 | loss: 0.4163802
	speed: 0.0066s/iter; left time: 18.2886s
	iters: 1800, epoch: 9 | loss: 0.5148523
	speed: 0.0064s/iter; left time: 16.9887s
	iters: 1900, epoch: 9 | loss: 0.8099799
	speed: 0.0061s/iter; left time: 15.7305s
	iters: 2000, epoch: 9 | loss: 0.4907679
	speed: 0.0064s/iter; left time: 15.6346s
	iters: 2100, epoch: 9 | loss: 0.6275716
	speed: 0.0064s/iter; left time: 15.1221s
	iters: 2200, epoch: 9 | loss: 0.4379734
	speed: 0.0067s/iter; left time: 15.0902s
Epoch: 9 cost time: 15.437136888504028
Epoch: 9, Steps: 2229 | Train Loss: 0.5815443 Vali Loss: 0.6052293 Test Loss: 0.3181140
EarlyStopping counter: 2 out of 3
Updating learning rate to 3.90625e-06
	iters: 100, epoch: 10 | loss: 0.4331989
	speed: 0.0909s/iter; left time: 193.6514s
	iters: 200, epoch: 10 | loss: 0.4851996
	speed: 0.0061s/iter; left time: 12.3782s
	iters: 300, epoch: 10 | loss: 0.5164900
	speed: 0.0065s/iter; left time: 12.4541s
	iters: 400, epoch: 10 | loss: 0.5055075
	speed: 0.0067s/iter; left time: 12.2763s
	iters: 500, epoch: 10 | loss: 0.4721506
	speed: 0.0065s/iter; left time: 11.1988s
	iters: 600, epoch: 10 | loss: 0.6162640
	speed: 0.0065s/iter; left time: 10.5152s
	iters: 700, epoch: 10 | loss: 0.5228671
	speed: 0.0065s/iter; left time: 10.0062s
	iters: 800, epoch: 10 | loss: 1.1091077
	speed: 0.0062s/iter; left time: 8.8123s
	iters: 900, epoch: 10 | loss: 0.5627563
	speed: 0.0066s/iter; left time: 8.7506s
	iters: 1000, epoch: 10 | loss: 0.6443295
	speed: 0.0062s/iter; left time: 7.6396s
	iters: 1100, epoch: 10 | loss: 0.5558394
	speed: 0.0073s/iter; left time: 8.2876s
	iters: 1200, epoch: 10 | loss: 0.7910860
	speed: 0.0068s/iter; left time: 7.0349s
	iters: 1300, epoch: 10 | loss: 0.6024646
	speed: 0.0068s/iter; left time: 6.3107s
	iters: 1400, epoch: 10 | loss: 0.7574115
	speed: 0.0061s/iter; left time: 5.0795s
	iters: 1500, epoch: 10 | loss: 0.5525283
	speed: 0.0065s/iter; left time: 4.7643s
	iters: 1600, epoch: 10 | loss: 0.8022156
	speed: 0.0062s/iter; left time: 3.8912s
	iters: 1700, epoch: 10 | loss: 0.4730062
	speed: 0.0062s/iter; left time: 3.2746s
	iters: 1800, epoch: 10 | loss: 0.4944205
	speed: 0.0063s/iter; left time: 2.7110s
	iters: 1900, epoch: 10 | loss: 0.5446781
	speed: 0.0066s/iter; left time: 2.1832s
	iters: 2000, epoch: 10 | loss: 0.5452194
	speed: 0.0066s/iter; left time: 1.5249s
	iters: 2100, epoch: 10 | loss: 0.7987543
	speed: 0.0069s/iter; left time: 0.8931s
	iters: 2200, epoch: 10 | loss: 0.6704972
	speed: 0.0067s/iter; left time: 0.2004s
Epoch: 10 cost time: 15.4125816822052
Epoch: 10, Steps: 2229 | Train Loss: 0.5814134 Vali Loss: 0.6047162 Test Loss: 0.3184806
EarlyStopping counter: 3 out of 3
Early stopping
>>>>>>>testing : weather_504_720_DLinear_custom_ftM_sl504_ll48_pl720_dm512_nh8_el2_dl1_df2048_fc1_ebtimeF_dtTrue_Exp_0<<<<<<<<<<<<<<<<<<<<<<<<<<<<<<<<<
test 9820
mse:0.31963372230529785, mae:0.35900184512138367
