Args in experiment:
Namespace(activation='gelu', batch_size=16, c_out=7, checkpoints='/spo/NewbornTime/tahir098/SVF/data/Extra/checkpoints/', d_ff=2048, d_layers=1, d_model=512, data='custom', data_path='weather.csv', dec_in=7, des='Exp', devices='0,1,2,3', distil=True, do_predict=False, dropout=0.05, e_layers=2, embed='timeF', embed_type=0, enc_in=21, factor=1, features='M', freq='h', gpu=0, individual=False, is_training=1, itr=1, label_len=48, learning_rate=0.001, loss='mse', lradj='type1', model='DLinear', model_id='weather_672_720', moving_avg=25, n_heads=8, num_workers=10, output_attention=False, patience=3, pred_len=720, root_path='./dataset/', seq_len=672, target='OT', test_flop=False, train_epochs=10, train_only=False, use_amp=False, use_gpu=True, use_multi_gpu=False)
Use GPU: cuda:0
>>>>>>>start training : weather_672_720_DLinear_custom_ftM_sl672_ll48_pl720_dm512_nh8_el2_dl1_df2048_fc1_ebtimeF_dtTrue_Exp_0>>>>>>>>>>>>>>>>>>>>>>>>>>
train 35496
val 4551
test 9820
	iters: 100, epoch: 1 | loss: 0.8593159
	speed: 0.0143s/iter; left time: 314.8904s
	iters: 200, epoch: 1 | loss: 0.5254889
	speed: 0.0069s/iter; left time: 152.3159s
	iters: 300, epoch: 1 | loss: 0.6450031
	speed: 0.0066s/iter; left time: 143.6002s
	iters: 400, epoch: 1 | loss: 0.4963679
	speed: 0.0063s/iter; left time: 137.6433s
	iters: 500, epoch: 1 | loss: 0.7137228
	speed: 0.0067s/iter; left time: 144.7245s
	iters: 600, epoch: 1 | loss: 0.6302016
	speed: 0.0069s/iter; left time: 148.2473s
	iters: 700, epoch: 1 | loss: 0.5783237
	speed: 0.0068s/iter; left time: 145.0835s
	iters: 800, epoch: 1 | loss: 0.5174807
	speed: 0.0070s/iter; left time: 149.5649s
	iters: 900, epoch: 1 | loss: 0.4793465
	speed: 0.0070s/iter; left time: 149.9590s
	iters: 1000, epoch: 1 | loss: 0.7738381
	speed: 0.0072s/iter; left time: 151.6474s
	iters: 1100, epoch: 1 | loss: 0.7288108
	speed: 0.0070s/iter; left time: 146.7876s
	iters: 1200, epoch: 1 | loss: 0.5176992
	speed: 0.0072s/iter; left time: 150.6169s
	iters: 1300, epoch: 1 | loss: 0.5251285
	speed: 0.0075s/iter; left time: 157.4202s
	iters: 1400, epoch: 1 | loss: 0.7412888
	speed: 0.0073s/iter; left time: 151.8074s
	iters: 1500, epoch: 1 | loss: 0.5228494
	speed: 0.0068s/iter; left time: 141.3705s
	iters: 1600, epoch: 1 | loss: 0.3991497
	speed: 0.0066s/iter; left time: 134.9721s
	iters: 1700, epoch: 1 | loss: 0.5162493
	speed: 0.0062s/iter; left time: 126.0243s
	iters: 1800, epoch: 1 | loss: 0.4647145
	speed: 0.0063s/iter; left time: 128.5526s
	iters: 1900, epoch: 1 | loss: 0.5385492
	speed: 0.0066s/iter; left time: 133.8426s
	iters: 2000, epoch: 1 | loss: 0.7415869
	speed: 0.0066s/iter; left time: 132.7561s
	iters: 2100, epoch: 1 | loss: 0.4507059
	speed: 0.0066s/iter; left time: 131.8173s
	iters: 2200, epoch: 1 | loss: 0.8474507
	speed: 0.0070s/iter; left time: 140.3186s
Epoch: 1 cost time: 15.909287452697754
Epoch: 1, Steps: 2218 | Train Loss: 0.6049273 Vali Loss: 0.6085797 Test Loss: 0.3250729
Validation loss decreased (inf --> 0.608580).  Saving model ...
Updating learning rate to 0.001
	iters: 100, epoch: 2 | loss: 0.5128925
	speed: 0.0925s/iter; left time: 1836.5788s
	iters: 200, epoch: 2 | loss: 0.4902675
	speed: 0.0068s/iter; left time: 134.6468s
	iters: 300, epoch: 2 | loss: 0.6290160
	speed: 0.0069s/iter; left time: 136.4043s
	iters: 400, epoch: 2 | loss: 0.4545864
	speed: 0.0064s/iter; left time: 125.3267s
	iters: 500, epoch: 2 | loss: 1.0490220
	speed: 0.0065s/iter; left time: 126.8761s
	iters: 600, epoch: 2 | loss: 0.7619708
	speed: 0.0067s/iter; left time: 129.5318s
	iters: 700, epoch: 2 | loss: 0.6356925
	speed: 0.0066s/iter; left time: 126.8221s
	iters: 800, epoch: 2 | loss: 0.5034379
	speed: 0.0066s/iter; left time: 127.0488s
	iters: 900, epoch: 2 | loss: 0.4159955
	speed: 0.0068s/iter; left time: 128.8482s
	iters: 1000, epoch: 2 | loss: 0.5600013
	speed: 0.0063s/iter; left time: 119.6105s
	iters: 1100, epoch: 2 | loss: 0.4266891
	speed: 0.0066s/iter; left time: 124.8460s
	iters: 1200, epoch: 2 | loss: 0.4405560
	speed: 0.0068s/iter; left time: 126.9256s
	iters: 1300, epoch: 2 | loss: 0.6716550
	speed: 0.0068s/iter; left time: 126.0520s
	iters: 1400, epoch: 2 | loss: 0.5663178
	speed: 0.0070s/iter; left time: 130.2727s
	iters: 1500, epoch: 2 | loss: 0.5442750
	speed: 0.0069s/iter; left time: 127.9825s
	iters: 1600, epoch: 2 | loss: 0.5608009
	speed: 0.0065s/iter; left time: 119.4465s
	iters: 1700, epoch: 2 | loss: 0.8680143
	speed: 0.0067s/iter; left time: 122.6966s
	iters: 1800, epoch: 2 | loss: 0.4857781
	speed: 0.0067s/iter; left time: 122.5239s
	iters: 1900, epoch: 2 | loss: 0.3803881
	speed: 0.0068s/iter; left time: 123.5460s
	iters: 2000, epoch: 2 | loss: 0.5167745
	speed: 0.0066s/iter; left time: 118.4278s
	iters: 2100, epoch: 2 | loss: 0.5517336
	speed: 0.0063s/iter; left time: 112.1179s
	iters: 2200, epoch: 2 | loss: 0.5485753
	speed: 0.0070s/iter; left time: 123.7819s
Epoch: 2 cost time: 15.740824460983276
Epoch: 2, Steps: 2218 | Train Loss: 0.6012344 Vali Loss: 0.5944432 Test Loss: 0.3472148
Validation loss decreased (0.608580 --> 0.594443).  Saving model ...
Updating learning rate to 0.0005
	iters: 100, epoch: 3 | loss: 0.6993943
	speed: 0.0924s/iter; left time: 1631.2232s
	iters: 200, epoch: 3 | loss: 0.6298364
	speed: 0.0065s/iter; left time: 113.4835s
	iters: 300, epoch: 3 | loss: 0.6550766
	speed: 0.0068s/iter; left time: 118.3444s
	iters: 400, epoch: 3 | loss: 0.4757851
	speed: 0.0066s/iter; left time: 114.7764s
	iters: 500, epoch: 3 | loss: 0.9665540
	speed: 0.0066s/iter; left time: 114.5073s
	iters: 600, epoch: 3 | loss: 0.7680238
	speed: 0.0070s/iter; left time: 119.2171s
	iters: 700, epoch: 3 | loss: 0.4855964
	speed: 0.0066s/iter; left time: 112.5955s
	iters: 800, epoch: 3 | loss: 0.4775537
	speed: 0.0065s/iter; left time: 110.1288s
	iters: 900, epoch: 3 | loss: 0.9262060
	speed: 0.0068s/iter; left time: 114.3111s
	iters: 1000, epoch: 3 | loss: 0.7053143
	speed: 0.0066s/iter; left time: 110.6393s
	iters: 1100, epoch: 3 | loss: 0.6964473
	speed: 0.0067s/iter; left time: 112.2391s
	iters: 1200, epoch: 3 | loss: 0.9743142
	speed: 0.0068s/iter; left time: 112.4538s
	iters: 1300, epoch: 3 | loss: 0.4512358
	speed: 0.0066s/iter; left time: 108.3090s
	iters: 1400, epoch: 3 | loss: 0.6412068
	speed: 0.0065s/iter; left time: 106.1622s
	iters: 1500, epoch: 3 | loss: 0.4767375
	speed: 0.0067s/iter; left time: 108.9517s
	iters: 1600, epoch: 3 | loss: 0.3971229
	speed: 0.0065s/iter; left time: 104.2625s
	iters: 1700, epoch: 3 | loss: 0.7471357
	speed: 0.0067s/iter; left time: 108.2196s
	iters: 1800, epoch: 3 | loss: 0.4137557
	speed: 0.0067s/iter; left time: 107.1962s
	iters: 1900, epoch: 3 | loss: 0.4537342
	speed: 0.0063s/iter; left time: 100.4509s
	iters: 2000, epoch: 3 | loss: 0.5383368
	speed: 0.0069s/iter; left time: 108.9035s
	iters: 2100, epoch: 3 | loss: 0.4665391
	speed: 0.0069s/iter; left time: 107.9122s
	iters: 2200, epoch: 3 | loss: 0.4698965
	speed: 0.0068s/iter; left time: 106.0325s
Epoch: 3 cost time: 15.675808429718018
Epoch: 3, Steps: 2218 | Train Loss: 0.5870166 Vali Loss: 0.5982642 Test Loss: 0.3199339
EarlyStopping counter: 1 out of 3
Updating learning rate to 0.00025
	iters: 100, epoch: 4 | loss: 0.5876683
	speed: 0.0923s/iter; left time: 1424.0750s
	iters: 200, epoch: 4 | loss: 0.4192044
	speed: 0.0067s/iter; left time: 102.7289s
	iters: 300, epoch: 4 | loss: 0.5822986
	speed: 0.0071s/iter; left time: 107.7388s
	iters: 400, epoch: 4 | loss: 0.4283236
	speed: 0.0067s/iter; left time: 101.3789s
	iters: 500, epoch: 4 | loss: 0.5471380
	speed: 0.0069s/iter; left time: 103.5076s
	iters: 600, epoch: 4 | loss: 0.5183347
	speed: 0.0064s/iter; left time: 95.3362s
	iters: 700, epoch: 4 | loss: 0.7004264
	speed: 0.0066s/iter; left time: 98.3179s
	iters: 800, epoch: 4 | loss: 0.5094434
	speed: 0.0068s/iter; left time: 100.3936s
	iters: 900, epoch: 4 | loss: 0.4974716
	speed: 0.0068s/iter; left time: 99.9553s
	iters: 1000, epoch: 4 | loss: 0.4975145
	speed: 0.0068s/iter; left time: 98.7665s
	iters: 1100, epoch: 4 | loss: 0.5133070
	speed: 0.0066s/iter; left time: 95.6222s
	iters: 1200, epoch: 4 | loss: 0.5030431
	speed: 0.0067s/iter; left time: 95.9082s
	iters: 1300, epoch: 4 | loss: 0.6327901
	speed: 0.0068s/iter; left time: 97.2095s
	iters: 1400, epoch: 4 | loss: 0.7414449
	speed: 0.0067s/iter; left time: 95.3518s
	iters: 1500, epoch: 4 | loss: 1.0103652
	speed: 0.0068s/iter; left time: 94.8879s
	iters: 1600, epoch: 4 | loss: 0.4562890
	speed: 0.0070s/iter; left time: 97.3934s
	iters: 1700, epoch: 4 | loss: 0.5338655
	speed: 0.0067s/iter; left time: 92.0536s
	iters: 1800, epoch: 4 | loss: 0.5763204
	speed: 0.0065s/iter; left time: 89.3005s
	iters: 1900, epoch: 4 | loss: 0.4981734
	speed: 0.0066s/iter; left time: 89.5484s
	iters: 2000, epoch: 4 | loss: 0.7527294
	speed: 0.0066s/iter; left time: 89.5860s
	iters: 2100, epoch: 4 | loss: 0.3914032
	speed: 0.0073s/iter; left time: 97.7752s
	iters: 2200, epoch: 4 | loss: 0.6145291
	speed: 0.0068s/iter; left time: 90.9228s
Epoch: 4 cost time: 15.808178901672363
Epoch: 4, Steps: 2218 | Train Loss: 0.5799475 Vali Loss: 0.5945743 Test Loss: 0.3170589
EarlyStopping counter: 2 out of 3
Updating learning rate to 0.000125
	iters: 100, epoch: 5 | loss: 0.4662938
	speed: 0.0894s/iter; left time: 1181.4729s
	iters: 200, epoch: 5 | loss: 0.6512213
	speed: 0.0071s/iter; left time: 92.8304s
	iters: 300, epoch: 5 | loss: 0.4168121
	speed: 0.0068s/iter; left time: 88.0868s
	iters: 400, epoch: 5 | loss: 0.5311632
	speed: 0.0065s/iter; left time: 84.0456s
	iters: 500, epoch: 5 | loss: 0.5413619
	speed: 0.0067s/iter; left time: 85.8914s
	iters: 600, epoch: 5 | loss: 0.6369479
	speed: 0.0066s/iter; left time: 83.4084s
	iters: 700, epoch: 5 | loss: 0.6044140
	speed: 0.0064s/iter; left time: 80.2571s
	iters: 800, epoch: 5 | loss: 0.3777136
	speed: 0.0066s/iter; left time: 82.8168s
	iters: 900, epoch: 5 | loss: 0.4455727
	speed: 0.0067s/iter; left time: 83.0695s
	iters: 1000, epoch: 5 | loss: 0.4874536
	speed: 0.0065s/iter; left time: 80.2465s
	iters: 1100, epoch: 5 | loss: 0.5201446
	speed: 0.0068s/iter; left time: 82.9370s
	iters: 1200, epoch: 5 | loss: 0.4767017
	speed: 0.0074s/iter; left time: 89.1241s
	iters: 1300, epoch: 5 | loss: 0.9164813
	speed: 0.0066s/iter; left time: 79.0584s
	iters: 1400, epoch: 5 | loss: 0.4538944
	speed: 0.0065s/iter; left time: 77.1821s
	iters: 1500, epoch: 5 | loss: 0.4721800
	speed: 0.0065s/iter; left time: 76.6480s
	iters: 1600, epoch: 5 | loss: 0.5041283
	speed: 0.0067s/iter; left time: 78.7800s
	iters: 1700, epoch: 5 | loss: 0.4980678
	speed: 0.0072s/iter; left time: 83.4304s
	iters: 1800, epoch: 5 | loss: 0.6052557
	speed: 0.0069s/iter; left time: 79.3286s
	iters: 1900, epoch: 5 | loss: 0.6997030
	speed: 0.0069s/iter; left time: 78.8104s
	iters: 2000, epoch: 5 | loss: 0.5560056
	speed: 0.0066s/iter; left time: 75.1778s
	iters: 2100, epoch: 5 | loss: 0.4938669
	speed: 0.0063s/iter; left time: 71.1677s
	iters: 2200, epoch: 5 | loss: 0.4643321
	speed: 0.0068s/iter; left time: 75.8467s
Epoch: 5 cost time: 15.712530374526978
Epoch: 5, Steps: 2218 | Train Loss: 0.5763787 Vali Loss: 0.5927366 Test Loss: 0.3158756
Validation loss decreased (0.594443 --> 0.592737).  Saving model ...
Updating learning rate to 6.25e-05
	iters: 100, epoch: 6 | loss: 0.4630436
	speed: 0.0938s/iter; left time: 1031.0781s
	iters: 200, epoch: 6 | loss: 0.4982352
	speed: 0.0061s/iter; left time: 66.1195s
	iters: 300, epoch: 6 | loss: 0.5529010
	speed: 0.0066s/iter; left time: 70.8873s
	iters: 400, epoch: 6 | loss: 0.4640223
	speed: 0.0069s/iter; left time: 73.9385s
	iters: 500, epoch: 6 | loss: 0.4868117
	speed: 0.0070s/iter; left time: 74.5795s
	iters: 600, epoch: 6 | loss: 0.8134445
	speed: 0.0069s/iter; left time: 72.2256s
	iters: 700, epoch: 6 | loss: 0.7256534
	speed: 0.0065s/iter; left time: 67.7499s
	iters: 800, epoch: 6 | loss: 0.8071907
	speed: 0.0065s/iter; left time: 66.5859s
	iters: 900, epoch: 6 | loss: 0.3933909
	speed: 0.0071s/iter; left time: 72.3153s
	iters: 1000, epoch: 6 | loss: 0.4037413
	speed: 0.0067s/iter; left time: 67.3728s
	iters: 1100, epoch: 6 | loss: 0.7135944
	speed: 0.0071s/iter; left time: 71.2916s
	iters: 1200, epoch: 6 | loss: 0.4918526
	speed: 0.0069s/iter; left time: 67.7570s
	iters: 1300, epoch: 6 | loss: 0.4904673
	speed: 0.0066s/iter; left time: 64.1396s
	iters: 1400, epoch: 6 | loss: 0.8041530
	speed: 0.0065s/iter; left time: 62.9060s
	iters: 1500, epoch: 6 | loss: 0.5161068
	speed: 0.0071s/iter; left time: 68.0552s
	iters: 1600, epoch: 6 | loss: 0.4309341
	speed: 0.0069s/iter; left time: 65.7142s
	iters: 1700, epoch: 6 | loss: 0.7488418
	speed: 0.0069s/iter; left time: 64.7049s
	iters: 1800, epoch: 6 | loss: 0.4218194
	speed: 0.0063s/iter; left time: 58.9256s
	iters: 1900, epoch: 6 | loss: 0.4662475
	speed: 0.0067s/iter; left time: 61.6805s
	iters: 2000, epoch: 6 | loss: 0.7095645
	speed: 0.0068s/iter; left time: 61.6008s
	iters: 2100, epoch: 6 | loss: 0.6837975
	speed: 0.0067s/iter; left time: 60.4086s
	iters: 2200, epoch: 6 | loss: 0.4121848
	speed: 0.0071s/iter; left time: 63.5683s
Epoch: 6 cost time: 15.909459829330444
Epoch: 6, Steps: 2218 | Train Loss: 0.5743209 Vali Loss: 0.5902089 Test Loss: 0.3145619
Validation loss decreased (0.592737 --> 0.590209).  Saving model ...
Updating learning rate to 3.125e-05
	iters: 100, epoch: 7 | loss: 0.4314377
	speed: 0.0906s/iter; left time: 794.7033s
	iters: 200, epoch: 7 | loss: 0.5182093
	speed: 0.0070s/iter; left time: 60.3531s
	iters: 300, epoch: 7 | loss: 0.8053778
	speed: 0.0068s/iter; left time: 57.9827s
	iters: 400, epoch: 7 | loss: 0.4876098
	speed: 0.0065s/iter; left time: 54.6520s
	iters: 500, epoch: 7 | loss: 0.7342864
	speed: 0.0066s/iter; left time: 54.9869s
	iters: 600, epoch: 7 | loss: 0.6949296
	speed: 0.0066s/iter; left time: 54.8604s
	iters: 700, epoch: 7 | loss: 0.4010327
	speed: 0.0070s/iter; left time: 56.8850s
	iters: 800, epoch: 7 | loss: 0.9683065
	speed: 0.0075s/iter; left time: 60.1627s
	iters: 900, epoch: 7 | loss: 0.7225527
	speed: 0.0067s/iter; left time: 53.6440s
	iters: 1000, epoch: 7 | loss: 0.6999538
	speed: 0.0066s/iter; left time: 51.6309s
	iters: 1100, epoch: 7 | loss: 0.4177457
	speed: 0.0065s/iter; left time: 50.8058s
	iters: 1200, epoch: 7 | loss: 0.8273566
	speed: 0.0062s/iter; left time: 47.3794s
	iters: 1300, epoch: 7 | loss: 0.5084368
	speed: 0.0066s/iter; left time: 49.7264s
	iters: 1400, epoch: 7 | loss: 0.4779544
	speed: 0.0068s/iter; left time: 50.5931s
	iters: 1500, epoch: 7 | loss: 0.4479800
	speed: 0.0069s/iter; left time: 51.2028s
	iters: 1600, epoch: 7 | loss: 0.4130592
	speed: 0.0067s/iter; left time: 48.3723s
	iters: 1700, epoch: 7 | loss: 0.8421609
	speed: 0.0062s/iter; left time: 44.5453s
	iters: 1800, epoch: 7 | loss: 0.5688974
	speed: 0.0060s/iter; left time: 42.2220s
	iters: 1900, epoch: 7 | loss: 0.5122123
	speed: 0.0067s/iter; left time: 46.9276s
	iters: 2000, epoch: 7 | loss: 0.4702498
	speed: 0.0069s/iter; left time: 47.3305s
	iters: 2100, epoch: 7 | loss: 0.5280969
	speed: 0.0070s/iter; left time: 47.3140s
	iters: 2200, epoch: 7 | loss: 0.8558068
	speed: 0.0066s/iter; left time: 44.3005s
Epoch: 7 cost time: 15.640978574752808
Epoch: 7, Steps: 2218 | Train Loss: 0.5732617 Vali Loss: 0.5900637 Test Loss: 0.3149303
Validation loss decreased (0.590209 --> 0.590064).  Saving model ...
Updating learning rate to 1.5625e-05
	iters: 100, epoch: 8 | loss: 0.5310125
	speed: 0.0957s/iter; left time: 627.1128s
	iters: 200, epoch: 8 | loss: 0.7160140
	speed: 0.0067s/iter; left time: 43.3147s
	iters: 300, epoch: 8 | loss: 0.7638291
	speed: 0.0067s/iter; left time: 42.8132s
	iters: 400, epoch: 8 | loss: 0.8406524
	speed: 0.0067s/iter; left time: 41.6282s
	iters: 500, epoch: 8 | loss: 0.5175887
	speed: 0.0066s/iter; left time: 40.3378s
	iters: 600, epoch: 8 | loss: 0.7182160
	speed: 0.0067s/iter; left time: 40.6424s
	iters: 700, epoch: 8 | loss: 0.3884844
	speed: 0.0065s/iter; left time: 38.9653s
	iters: 800, epoch: 8 | loss: 0.4162512
	speed: 0.0066s/iter; left time: 38.3857s
	iters: 900, epoch: 8 | loss: 0.4777925
	speed: 0.0067s/iter; left time: 38.3168s
	iters: 1000, epoch: 8 | loss: 0.4483528
	speed: 0.0064s/iter; left time: 36.0285s
	iters: 1100, epoch: 8 | loss: 0.4512988
	speed: 0.0070s/iter; left time: 38.9256s
	iters: 1200, epoch: 8 | loss: 0.4511174
	speed: 0.0070s/iter; left time: 38.2263s
	iters: 1300, epoch: 8 | loss: 0.5422788
	speed: 0.0068s/iter; left time: 36.5308s
	iters: 1400, epoch: 8 | loss: 0.4018272
	speed: 0.0065s/iter; left time: 34.2690s
	iters: 1500, epoch: 8 | loss: 0.5478688
	speed: 0.0063s/iter; left time: 32.6161s
	iters: 1600, epoch: 8 | loss: 0.6727153
	speed: 0.0063s/iter; left time: 31.8697s
	iters: 1700, epoch: 8 | loss: 0.7969269
	speed: 0.0075s/iter; left time: 37.3222s
	iters: 1800, epoch: 8 | loss: 0.5775304
	speed: 0.0068s/iter; left time: 33.0617s
	iters: 1900, epoch: 8 | loss: 0.4698805
	speed: 0.0069s/iter; left time: 32.7412s
	iters: 2000, epoch: 8 | loss: 0.6438146
	speed: 0.0066s/iter; left time: 30.6728s
	iters: 2100, epoch: 8 | loss: 0.3808367
	speed: 0.0064s/iter; left time: 29.2448s
	iters: 2200, epoch: 8 | loss: 0.5277582
	speed: 0.0065s/iter; left time: 28.8256s
Epoch: 8 cost time: 15.635603904724121
Epoch: 8, Steps: 2218 | Train Loss: 0.5725532 Vali Loss: 0.5907304 Test Loss: 0.3143729
EarlyStopping counter: 1 out of 3
Updating learning rate to 7.8125e-06
	iters: 100, epoch: 9 | loss: 0.3881733
	speed: 0.0924s/iter; left time: 400.8947s
	iters: 200, epoch: 9 | loss: 0.6634701
	speed: 0.0071s/iter; left time: 29.9432s
	iters: 300, epoch: 9 | loss: 0.6826102
	speed: 0.0064s/iter; left time: 26.3736s
	iters: 400, epoch: 9 | loss: 0.6616737
	speed: 0.0066s/iter; left time: 26.5367s
	iters: 500, epoch: 9 | loss: 0.9403997
	speed: 0.0067s/iter; left time: 26.4428s
	iters: 600, epoch: 9 | loss: 0.4808014
	speed: 0.0067s/iter; left time: 25.8538s
	iters: 700, epoch: 9 | loss: 0.6690208
	speed: 0.0066s/iter; left time: 24.5988s
	iters: 800, epoch: 9 | loss: 0.7299252
	speed: 0.0063s/iter; left time: 22.8770s
	iters: 900, epoch: 9 | loss: 0.6266285
	speed: 0.0065s/iter; left time: 23.1026s
	iters: 1000, epoch: 9 | loss: 0.4119070
	speed: 0.0071s/iter; left time: 24.3519s
	iters: 1100, epoch: 9 | loss: 0.4201780
	speed: 0.0066s/iter; left time: 21.9444s
	iters: 1200, epoch: 9 | loss: 0.4564416
	speed: 0.0067s/iter; left time: 21.6161s
	iters: 1300, epoch: 9 | loss: 0.9091982
	speed: 0.0062s/iter; left time: 19.5136s
	iters: 1400, epoch: 9 | loss: 0.4444354
	speed: 0.0062s/iter; left time: 18.7462s
	iters: 1500, epoch: 9 | loss: 0.5737409
	speed: 0.0067s/iter; left time: 19.7325s
	iters: 1600, epoch: 9 | loss: 0.4668733
	speed: 0.0069s/iter; left time: 19.6561s
	iters: 1700, epoch: 9 | loss: 0.6961986
	speed: 0.0067s/iter; left time: 18.2525s
	iters: 1800, epoch: 9 | loss: 0.4070748
	speed: 0.0064s/iter; left time: 16.9808s
	iters: 1900, epoch: 9 | loss: 0.4795938
	speed: 0.0069s/iter; left time: 17.5676s
	iters: 2000, epoch: 9 | loss: 0.4752062
	speed: 0.0065s/iter; left time: 15.7208s
	iters: 2100, epoch: 9 | loss: 0.4497603
	speed: 0.0065s/iter; left time: 15.2378s
	iters: 2200, epoch: 9 | loss: 0.6893944
	speed: 0.0067s/iter; left time: 15.0163s
Epoch: 9 cost time: 15.535160541534424
Epoch: 9, Steps: 2218 | Train Loss: 0.5723725 Vali Loss: 0.5900477 Test Loss: 0.3150161
Validation loss decreased (0.590064 --> 0.590048).  Saving model ...
Updating learning rate to 3.90625e-06
	iters: 100, epoch: 10 | loss: 0.7324713
	speed: 0.0937s/iter; left time: 198.5050s
	iters: 200, epoch: 10 | loss: 0.5917317
	speed: 0.0073s/iter; left time: 14.7988s
	iters: 300, epoch: 10 | loss: 0.6563590
	speed: 0.0067s/iter; left time: 12.8156s
	iters: 400, epoch: 10 | loss: 0.6811575
	speed: 0.0069s/iter; left time: 12.4680s
	iters: 500, epoch: 10 | loss: 0.5858548
	speed: 0.0072s/iter; left time: 12.4113s
	iters: 600, epoch: 10 | loss: 0.8440363
	speed: 0.0065s/iter; left time: 10.5795s
	iters: 700, epoch: 10 | loss: 0.6161161
	speed: 0.0070s/iter; left time: 10.6033s
	iters: 800, epoch: 10 | loss: 0.5348081
	speed: 0.0069s/iter; left time: 9.7901s
	iters: 900, epoch: 10 | loss: 0.5441229
	speed: 0.0067s/iter; left time: 8.8775s
	iters: 1000, epoch: 10 | loss: 0.4901919
	speed: 0.0067s/iter; left time: 8.1720s
	iters: 1100, epoch: 10 | loss: 0.8244032
	speed: 0.0063s/iter; left time: 7.0806s
	iters: 1200, epoch: 10 | loss: 0.4169414
	speed: 0.0066s/iter; left time: 6.7168s
	iters: 1300, epoch: 10 | loss: 0.4935610
	speed: 0.0064s/iter; left time: 5.8818s
	iters: 1400, epoch: 10 | loss: 0.5914388
	speed: 0.0069s/iter; left time: 5.6232s
	iters: 1500, epoch: 10 | loss: 1.2053133
	speed: 0.0066s/iter; left time: 4.7490s
	iters: 1600, epoch: 10 | loss: 0.6114563
	speed: 0.0066s/iter; left time: 4.0562s
	iters: 1700, epoch: 10 | loss: 0.5892276
	speed: 0.0066s/iter; left time: 3.4045s
	iters: 1800, epoch: 10 | loss: 0.4743710
	speed: 0.0067s/iter; left time: 2.8210s
	iters: 1900, epoch: 10 | loss: 0.4931021
	speed: 0.0068s/iter; left time: 2.1536s
	iters: 2000, epoch: 10 | loss: 0.4433810
	speed: 0.0068s/iter; left time: 1.4936s
	iters: 2100, epoch: 10 | loss: 0.9248716
	speed: 0.0065s/iter; left time: 0.7779s
	iters: 2200, epoch: 10 | loss: 0.4436781
	speed: 0.0069s/iter; left time: 0.1307s
Epoch: 10 cost time: 15.780020475387573
Epoch: 10, Steps: 2218 | Train Loss: 0.5722283 Vali Loss: 0.5897862 Test Loss: 0.3151380
Validation loss decreased (0.590048 --> 0.589786).  Saving model ...
Updating learning rate to 1.953125e-06
>>>>>>>testing : weather_672_720_DLinear_custom_ftM_sl672_ll48_pl720_dm512_nh8_el2_dl1_df2048_fc1_ebtimeF_dtTrue_Exp_0<<<<<<<<<<<<<<<<<<<<<<<<<<<<<<<<<
test 9820
mse:0.3150348961353302, mae:0.3520283102989197
