Args in experiment:
Namespace(activation='gelu', batch_size=8, c_out=7, checkpoints='/spo/NewbornTime/tahir098/SVF/data/Extra/checkpoints/', d_ff=2048, d_layers=1, d_model=512, data='ETTh1', data_path='ETTh1.csv', dec_in=7, des='Exp', devices='0,1,2,3', distil=True, do_predict=False, dropout=0.05, e_layers=2, embed='timeF', embed_type=0, enc_in=7, factor=1, features='M', freq='h', gpu=0, individual=False, is_training=1, itr=1, label_len=48, learning_rate=0.001, loss='mse', lradj='type1', model='NLinear', model_id='ETTh1_336_24', moving_avg=25, n_heads=8, num_workers=10, output_attention=False, patience=3, pred_len=24, root_path='./dataset/', seq_len=336, target='OT', test_flop=False, train_epochs=10, train_only=False, use_amp=False, use_gpu=True, use_multi_gpu=False)
Use GPU: cuda:0
>>>>>>>start training : ETTh1_336_24_NLinear_ETTh1_ftM_sl336_ll48_pl24_dm512_nh8_el2_dl1_df2048_fc1_ebtimeF_dtTrue_Exp_0>>>>>>>>>>>>>>>>>>>>>>>>>>
train 8281
val 2857
test 2857
	iters: 100, epoch: 1 | loss: 0.4023261
	speed: 0.0097s/iter; left time: 99.6587s
	iters: 200, epoch: 1 | loss: 0.3166031
	speed: 0.0038s/iter; left time: 38.8850s
	iters: 300, epoch: 1 | loss: 0.2218094
	speed: 0.0038s/iter; left time: 37.9439s
	iters: 400, epoch: 1 | loss: 0.2983168
	speed: 0.0038s/iter; left time: 37.7689s
	iters: 500, epoch: 1 | loss: 0.1486096
	speed: 0.0038s/iter; left time: 37.7065s
	iters: 600, epoch: 1 | loss: 0.3926558
	speed: 0.0038s/iter; left time: 36.8332s
	iters: 700, epoch: 1 | loss: 0.2415702
	speed: 0.0038s/iter; left time: 36.8493s
	iters: 800, epoch: 1 | loss: 0.3010951
	speed: 0.0040s/iter; left time: 37.7975s
	iters: 900, epoch: 1 | loss: 0.2470693
	speed: 0.0049s/iter; left time: 46.0432s
	iters: 1000, epoch: 1 | loss: 0.2313672
	speed: 0.0043s/iter; left time: 40.6480s
Epoch: 1 cost time: 4.814117431640625
Epoch: 1, Steps: 1035 | Train Loss: 0.2991651 Vali Loss: 0.4140752 Test Loss: 0.3468685
Validation loss decreased (inf --> 0.414075).  Saving model ...
Updating learning rate to 0.001
	iters: 100, epoch: 2 | loss: 0.2451881
	speed: 0.0461s/iter; left time: 424.5054s
	iters: 200, epoch: 2 | loss: 0.2093540
	speed: 0.0039s/iter; left time: 35.6699s
	iters: 300, epoch: 2 | loss: 0.3012848
	speed: 0.0039s/iter; left time: 35.1207s
	iters: 400, epoch: 2 | loss: 0.2467769
	speed: 0.0038s/iter; left time: 34.2666s
	iters: 500, epoch: 2 | loss: 0.2363328
	speed: 0.0039s/iter; left time: 34.4215s
	iters: 600, epoch: 2 | loss: 0.3526394
	speed: 0.0039s/iter; left time: 34.1477s
	iters: 700, epoch: 2 | loss: 0.2580171
	speed: 0.0040s/iter; left time: 34.1744s
	iters: 800, epoch: 2 | loss: 0.3493360
	speed: 0.0041s/iter; left time: 34.5074s
	iters: 900, epoch: 2 | loss: 0.2696656
	speed: 0.0041s/iter; left time: 34.6010s
	iters: 1000, epoch: 2 | loss: 0.2776037
	speed: 0.0041s/iter; left time: 34.4243s
Epoch: 2 cost time: 4.780613899230957
Epoch: 2, Steps: 1035 | Train Loss: 0.2793185 Vali Loss: 0.4221568 Test Loss: 0.3496678
EarlyStopping counter: 1 out of 3
Updating learning rate to 0.0005
	iters: 100, epoch: 3 | loss: 0.3891420
	speed: 0.0469s/iter; left time: 383.9746s
	iters: 200, epoch: 3 | loss: 0.2403046
	speed: 0.0039s/iter; left time: 31.5723s
	iters: 300, epoch: 3 | loss: 0.2900009
	speed: 0.0039s/iter; left time: 31.1672s
	iters: 400, epoch: 3 | loss: 0.2303742
	speed: 0.0039s/iter; left time: 30.6815s
	iters: 500, epoch: 3 | loss: 0.2914633
	speed: 0.0039s/iter; left time: 30.2656s
	iters: 600, epoch: 3 | loss: 0.3553575
	speed: 0.0039s/iter; left time: 30.0618s
	iters: 700, epoch: 3 | loss: 0.2608922
	speed: 0.0039s/iter; left time: 29.7481s
	iters: 800, epoch: 3 | loss: 0.4199085
	speed: 0.0040s/iter; left time: 29.7168s
	iters: 900, epoch: 3 | loss: 0.1571081
	speed: 0.0046s/iter; left time: 34.1890s
	iters: 1000, epoch: 3 | loss: 0.3255833
	speed: 0.0039s/iter; left time: 28.3818s
Epoch: 3 cost time: 4.8195881843566895
Epoch: 3, Steps: 1035 | Train Loss: 0.2669234 Vali Loss: 0.4205527 Test Loss: 0.3233600
EarlyStopping counter: 2 out of 3
Updating learning rate to 0.00025
	iters: 100, epoch: 4 | loss: 0.2727129
	speed: 0.0478s/iter; left time: 341.5788s
	iters: 200, epoch: 4 | loss: 0.1902828
	speed: 0.0042s/iter; left time: 29.3843s
	iters: 300, epoch: 4 | loss: 0.2217720
	speed: 0.0042s/iter; left time: 29.0140s
	iters: 400, epoch: 4 | loss: 0.2252067
	speed: 0.0042s/iter; left time: 28.5889s
	iters: 500, epoch: 4 | loss: 0.2794466
	speed: 0.0042s/iter; left time: 28.0934s
	iters: 600, epoch: 4 | loss: 0.2561833
	speed: 0.0042s/iter; left time: 27.6964s
	iters: 700, epoch: 4 | loss: 0.1949150
	speed: 0.0042s/iter; left time: 27.3982s
	iters: 800, epoch: 4 | loss: 0.6768973
	speed: 0.0042s/iter; left time: 27.1543s
	iters: 900, epoch: 4 | loss: 0.5296516
	speed: 0.0045s/iter; left time: 28.2843s
	iters: 1000, epoch: 4 | loss: 0.2038037
	speed: 0.0041s/iter; left time: 25.7454s
Epoch: 4 cost time: 5.086136102676392
Epoch: 4, Steps: 1035 | Train Loss: 0.2612720 Vali Loss: 0.4196126 Test Loss: 0.3228324
EarlyStopping counter: 3 out of 3
Early stopping
>>>>>>>testing : ETTh1_336_24_NLinear_ETTh1_ftM_sl336_ll48_pl24_dm512_nh8_el2_dl1_df2048_fc1_ebtimeF_dtTrue_Exp_0<<<<<<<<<<<<<<<<<<<<<<<<<<<<<<<<<
test 2857
mse:0.3473952114582062, mae:0.3842422366142273
