Args in experiment:
Namespace(activation='gelu', batch_size=8, c_out=7, checkpoints='/spo/NewbornTime/tahir098/SVF/data/Extra/checkpoints/', d_ff=2048, d_layers=1, d_model=512, data='ETTh1', data_path='ETTh1.csv', dec_in=7, des='Exp', devices='0,1,2,3', distil=True, do_predict=False, dropout=0.05, e_layers=2, embed='timeF', embed_type=0, enc_in=7, factor=1, features='M', freq='h', gpu=0, individual=False, is_training=1, itr=1, label_len=48, learning_rate=0.001, loss='mse', lradj='type1', model='NLinear', model_id='ETTh1_672_24', moving_avg=25, n_heads=8, num_workers=10, output_attention=False, patience=3, pred_len=24, root_path='./dataset/', seq_len=672, target='OT', test_flop=False, train_epochs=10, train_only=False, use_amp=False, use_gpu=True, use_multi_gpu=False)
Use GPU: cuda:0
>>>>>>>start training : ETTh1_672_24_NLinear_ETTh1_ftM_sl672_ll48_pl24_dm512_nh8_el2_dl1_df2048_fc1_ebtimeF_dtTrue_Exp_0>>>>>>>>>>>>>>>>>>>>>>>>>>
train 7945
val 2857
test 2857
	iters: 100, epoch: 1 | loss: 0.3284329
	speed: 0.0116s/iter; left time: 114.4474s
	iters: 200, epoch: 1 | loss: 0.3421760
	speed: 0.0041s/iter; left time: 39.4825s
	iters: 300, epoch: 1 | loss: 0.2851659
	speed: 0.0045s/iter; left time: 42.9987s
	iters: 400, epoch: 1 | loss: 0.3398109
	speed: 0.0041s/iter; left time: 38.8260s
	iters: 500, epoch: 1 | loss: 0.3254960
	speed: 0.0042s/iter; left time: 39.4580s
	iters: 600, epoch: 1 | loss: 0.3475646
	speed: 0.0040s/iter; left time: 37.2762s
	iters: 700, epoch: 1 | loss: 0.2799153
	speed: 0.0041s/iter; left time: 38.1256s
	iters: 800, epoch: 1 | loss: 0.2316535
	speed: 0.0040s/iter; left time: 36.2473s
	iters: 900, epoch: 1 | loss: 0.4050860
	speed: 0.0043s/iter; left time: 39.1118s
Epoch: 1 cost time: 4.988603115081787
Epoch: 1, Steps: 993 | Train Loss: 0.3134049 Vali Loss: 0.4480664 Test Loss: 0.3517671
Validation loss decreased (inf --> 0.448066).  Saving model ...
Updating learning rate to 0.001
	iters: 100, epoch: 2 | loss: 0.2856727
	speed: 0.0568s/iter; left time: 502.3931s
	iters: 200, epoch: 2 | loss: 0.2720238
	speed: 0.0040s/iter; left time: 34.5912s
	iters: 300, epoch: 2 | loss: 0.3328018
	speed: 0.0043s/iter; left time: 36.7998s
	iters: 400, epoch: 2 | loss: 0.4060659
	speed: 0.0039s/iter; left time: 33.3350s
	iters: 500, epoch: 2 | loss: 0.2539288
	speed: 0.0047s/iter; left time: 39.5079s
	iters: 600, epoch: 2 | loss: 0.2188673
	speed: 0.0046s/iter; left time: 38.7376s
	iters: 700, epoch: 2 | loss: 0.2806630
	speed: 0.0041s/iter; left time: 33.4959s
	iters: 800, epoch: 2 | loss: 0.2756007
	speed: 0.0041s/iter; left time: 33.1891s
	iters: 900, epoch: 2 | loss: 0.3632320
	speed: 0.0040s/iter; left time: 32.0904s
Epoch: 2 cost time: 4.880866050720215
Epoch: 2, Steps: 993 | Train Loss: 0.2919554 Vali Loss: 0.5050325 Test Loss: 0.3787768
EarlyStopping counter: 1 out of 3
Updating learning rate to 0.0005
	iters: 100, epoch: 3 | loss: 0.4056751
	speed: 0.0574s/iter; left time: 450.3761s
	iters: 200, epoch: 3 | loss: 0.3686353
	speed: 0.0042s/iter; left time: 32.5018s
	iters: 300, epoch: 3 | loss: 0.2475902
	speed: 0.0042s/iter; left time: 31.7584s
	iters: 400, epoch: 3 | loss: 0.3297027
	speed: 0.0042s/iter; left time: 31.5926s
	iters: 500, epoch: 3 | loss: 0.2889791
	speed: 0.0043s/iter; left time: 32.1459s
	iters: 600, epoch: 3 | loss: 0.3722207
	speed: 0.0047s/iter; left time: 34.2718s
	iters: 700, epoch: 3 | loss: 0.3941018
	speed: 0.0045s/iter; left time: 32.8153s
	iters: 800, epoch: 3 | loss: 0.2320776
	speed: 0.0044s/iter; left time: 31.2987s
	iters: 900, epoch: 3 | loss: 0.2354244
	speed: 0.0041s/iter; left time: 28.8062s
Epoch: 3 cost time: 5.13061261177063
Epoch: 3, Steps: 993 | Train Loss: 0.2718738 Vali Loss: 0.4199597 Test Loss: 0.3501107
Validation loss decreased (0.448066 --> 0.419960).  Saving model ...
Updating learning rate to 0.00025
	iters: 100, epoch: 4 | loss: 0.2631202
	speed: 0.0572s/iter; left time: 391.7580s
	iters: 200, epoch: 4 | loss: 0.2385557
	speed: 0.0047s/iter; left time: 31.9322s
	iters: 300, epoch: 4 | loss: 0.2639362
	speed: 0.0042s/iter; left time: 27.7209s
	iters: 400, epoch: 4 | loss: 0.2897671
	speed: 0.0045s/iter; left time: 29.1865s
	iters: 500, epoch: 4 | loss: 0.3824606
	speed: 0.0042s/iter; left time: 26.8950s
	iters: 600, epoch: 4 | loss: 0.2890083
	speed: 0.0040s/iter; left time: 25.3350s
	iters: 700, epoch: 4 | loss: 0.2265785
	speed: 0.0040s/iter; left time: 24.7914s
	iters: 800, epoch: 4 | loss: 0.3266142
	speed: 0.0041s/iter; left time: 25.4544s
	iters: 900, epoch: 4 | loss: 0.2321665
	speed: 0.0041s/iter; left time: 24.8054s
Epoch: 4 cost time: 5.030940532684326
Epoch: 4, Steps: 993 | Train Loss: 0.2619221 Vali Loss: 0.4121799 Test Loss: 0.3463812
Validation loss decreased (0.419960 --> 0.412180).  Saving model ...
Updating learning rate to 0.000125
	iters: 100, epoch: 5 | loss: 0.1801196
	speed: 0.0564s/iter; left time: 330.3072s
	iters: 200, epoch: 5 | loss: 0.2729556
	speed: 0.0042s/iter; left time: 24.0242s
	iters: 300, epoch: 5 | loss: 0.2814715
	speed: 0.0043s/iter; left time: 24.3292s
	iters: 400, epoch: 5 | loss: 0.3041026
	speed: 0.0043s/iter; left time: 23.6686s
	iters: 500, epoch: 5 | loss: 0.1837920
	speed: 0.0044s/iter; left time: 23.8382s
	iters: 600, epoch: 5 | loss: 0.3176469
	speed: 0.0044s/iter; left time: 23.6904s
	iters: 700, epoch: 5 | loss: 0.2001156
	speed: 0.0044s/iter; left time: 23.0587s
	iters: 800, epoch: 5 | loss: 0.3835469
	speed: 0.0045s/iter; left time: 23.1932s
	iters: 900, epoch: 5 | loss: 0.2286522
	speed: 0.0041s/iter; left time: 20.7542s
Epoch: 5 cost time: 5.072852611541748
Epoch: 5, Steps: 993 | Train Loss: 0.2572315 Vali Loss: 0.4040720 Test Loss: 0.3209549
Validation loss decreased (0.412180 --> 0.404072).  Saving model ...
Updating learning rate to 6.25e-05
	iters: 100, epoch: 6 | loss: 0.2582855
	speed: 0.0586s/iter; left time: 285.1750s
	iters: 200, epoch: 6 | loss: 0.3637987
	speed: 0.0042s/iter; left time: 19.8604s
	iters: 300, epoch: 6 | loss: 0.3966700
	speed: 0.0045s/iter; left time: 20.9094s
	iters: 400, epoch: 6 | loss: 0.2666439
	speed: 0.0043s/iter; left time: 19.6651s
	iters: 500, epoch: 6 | loss: 0.1844388
	speed: 0.0042s/iter; left time: 18.8339s
	iters: 600, epoch: 6 | loss: 0.1757513
	speed: 0.0040s/iter; left time: 17.6323s
	iters: 700, epoch: 6 | loss: 0.2551080
	speed: 0.0041s/iter; left time: 17.5699s
	iters: 800, epoch: 6 | loss: 0.2015941
	speed: 0.0046s/iter; left time: 19.1724s
	iters: 900, epoch: 6 | loss: 0.3508563
	speed: 0.0040s/iter; left time: 16.1432s
Epoch: 6 cost time: 5.041589021682739
Epoch: 6, Steps: 993 | Train Loss: 0.2547183 Vali Loss: 0.4137585 Test Loss: 0.3177778
EarlyStopping counter: 1 out of 3
Updating learning rate to 3.125e-05
	iters: 100, epoch: 7 | loss: 0.2064427
	speed: 0.0568s/iter; left time: 220.1070s
	iters: 200, epoch: 7 | loss: 0.2525077
	speed: 0.0044s/iter; left time: 16.5972s
	iters: 300, epoch: 7 | loss: 0.2024761
	speed: 0.0045s/iter; left time: 16.5132s
	iters: 400, epoch: 7 | loss: 0.2243031
	speed: 0.0046s/iter; left time: 16.5388s
	iters: 500, epoch: 7 | loss: 0.3098234
	speed: 0.0042s/iter; left time: 14.4420s
	iters: 600, epoch: 7 | loss: 0.1794530
	speed: 0.0045s/iter; left time: 15.2511s
	iters: 700, epoch: 7 | loss: 0.2408570
	speed: 0.0044s/iter; left time: 14.2630s
	iters: 800, epoch: 7 | loss: 0.2576653
	speed: 0.0043s/iter; left time: 13.5335s
	iters: 900, epoch: 7 | loss: 0.2449036
	speed: 0.0044s/iter; left time: 13.6081s
Epoch: 7 cost time: 5.216062545776367
Epoch: 7, Steps: 993 | Train Loss: 0.2531182 Vali Loss: 0.4007982 Test Loss: 0.3221175
Validation loss decreased (0.404072 --> 0.400798).  Saving model ...
Updating learning rate to 1.5625e-05
	iters: 100, epoch: 8 | loss: 0.3516130
	speed: 0.0559s/iter; left time: 160.9849s
	iters: 200, epoch: 8 | loss: 0.2246334
	speed: 0.0047s/iter; left time: 13.0769s
	iters: 300, epoch: 8 | loss: 0.2855406
	speed: 0.0043s/iter; left time: 11.5601s
	iters: 400, epoch: 8 | loss: 0.2182239
	speed: 0.0048s/iter; left time: 12.4567s
	iters: 500, epoch: 8 | loss: 0.2400063
	speed: 0.0043s/iter; left time: 10.6167s
	iters: 600, epoch: 8 | loss: 0.3091574
	speed: 0.0042s/iter; left time: 9.8880s
	iters: 700, epoch: 8 | loss: 0.4127951
	speed: 0.0043s/iter; left time: 9.7230s
	iters: 800, epoch: 8 | loss: 0.2281359
	speed: 0.0046s/iter; left time: 9.9736s
	iters: 900, epoch: 8 | loss: 0.3034676
	speed: 0.0048s/iter; left time: 9.9970s
Epoch: 8 cost time: 5.243218898773193
Epoch: 8, Steps: 993 | Train Loss: 0.2525512 Vali Loss: 0.4018689 Test Loss: 0.3188583
EarlyStopping counter: 1 out of 3
Updating learning rate to 7.8125e-06
	iters: 100, epoch: 9 | loss: 0.2499164
	speed: 0.0554s/iter; left time: 104.5955s
	iters: 200, epoch: 9 | loss: 0.2140077
	speed: 0.0043s/iter; left time: 7.7690s
	iters: 300, epoch: 9 | loss: 0.2388113
	speed: 0.0044s/iter; left time: 7.3699s
	iters: 400, epoch: 9 | loss: 0.1849043
	speed: 0.0040s/iter; left time: 6.3391s
	iters: 500, epoch: 9 | loss: 0.1987996
	speed: 0.0042s/iter; left time: 6.2439s
	iters: 600, epoch: 9 | loss: 0.3223607
	speed: 0.0039s/iter; left time: 5.3769s
	iters: 700, epoch: 9 | loss: 0.2463412
	speed: 0.0041s/iter; left time: 5.2790s
	iters: 800, epoch: 9 | loss: 0.4906788
	speed: 0.0040s/iter; left time: 4.7470s
	iters: 900, epoch: 9 | loss: 0.3110315
	speed: 0.0044s/iter; left time: 4.7350s
Epoch: 9 cost time: 4.915313243865967
Epoch: 9, Steps: 993 | Train Loss: 0.2521107 Vali Loss: 0.4027922 Test Loss: 0.3184893
EarlyStopping counter: 2 out of 3
Updating learning rate to 3.90625e-06
	iters: 100, epoch: 10 | loss: 0.2858698
	speed: 0.0569s/iter; left time: 50.8554s
	iters: 200, epoch: 10 | loss: 0.1775105
	speed: 0.0041s/iter; left time: 3.2892s
	iters: 300, epoch: 10 | loss: 0.2057188
	speed: 0.0039s/iter; left time: 2.7022s
	iters: 400, epoch: 10 | loss: 0.1930332
	speed: 0.0038s/iter; left time: 2.2841s
	iters: 500, epoch: 10 | loss: 0.1434106
	speed: 0.0042s/iter; left time: 2.0609s
	iters: 600, epoch: 10 | loss: 0.2504940
	speed: 0.0041s/iter; left time: 1.5958s
	iters: 700, epoch: 10 | loss: 0.2667116
	speed: 0.0042s/iter; left time: 1.2383s
	iters: 800, epoch: 10 | loss: 0.2854605
	speed: 0.0043s/iter; left time: 0.8344s
	iters: 900, epoch: 10 | loss: 0.2729025
	speed: 0.0043s/iter; left time: 0.4038s
Epoch: 10 cost time: 4.95571231842041
Epoch: 10, Steps: 993 | Train Loss: 0.2519391 Vali Loss: 0.4016015 Test Loss: 0.3189521
EarlyStopping counter: 3 out of 3
Early stopping
>>>>>>>testing : ETTh1_672_24_NLinear_ETTh1_ftM_sl672_ll48_pl24_dm512_nh8_el2_dl1_df2048_fc1_ebtimeF_dtTrue_Exp_0<<<<<<<<<<<<<<<<<<<<<<<<<<<<<<<<<
test 2857
mse:0.3224305212497711, mae:0.368908166885376
