Args in experiment:
Namespace(activation='gelu', batch_size=8, c_out=7, checkpoints='/spo/NewbornTime/tahir098/SVF/data/Extra/checkpoints/', d_ff=2048, d_layers=1, d_model=512, data='ETTh1', data_path='ETTh1.csv', dec_in=7, des='Exp', devices='0,1,2,3', distil=True, do_predict=False, dropout=0.05, e_layers=2, embed='timeF', embed_type=0, enc_in=7, factor=1, features='M', freq='h', gpu=0, individual=False, is_training=1, itr=1, label_len=48, learning_rate=0.001, loss='mse', lradj='type1', model='NLinear', model_id='ETTh1_192_24', moving_avg=25, n_heads=8, num_workers=10, output_attention=False, patience=3, pred_len=24, root_path='./dataset/', seq_len=192, target='OT', test_flop=False, train_epochs=10, train_only=False, use_amp=False, use_gpu=True, use_multi_gpu=False)
Use GPU: cuda:0
>>>>>>>start training : ETTh1_192_24_NLinear_ETTh1_ftM_sl192_ll48_pl24_dm512_nh8_el2_dl1_df2048_fc1_ebtimeF_dtTrue_Exp_0>>>>>>>>>>>>>>>>>>>>>>>>>>
train 8425
val 2857
test 2857
	iters: 100, epoch: 1 | loss: 0.3073796
	speed: 0.0105s/iter; left time: 109.8243s
	iters: 200, epoch: 1 | loss: 0.2414564
	speed: 0.0039s/iter; left time: 39.9236s
	iters: 300, epoch: 1 | loss: 0.4328611
	speed: 0.0038s/iter; left time: 38.4784s
	iters: 400, epoch: 1 | loss: 0.2898201
	speed: 0.0038s/iter; left time: 38.2578s
	iters: 500, epoch: 1 | loss: 0.2857276
	speed: 0.0038s/iter; left time: 38.0426s
	iters: 600, epoch: 1 | loss: 0.2547780
	speed: 0.0038s/iter; left time: 38.1564s
	iters: 700, epoch: 1 | loss: 0.3182385
	speed: 0.0038s/iter; left time: 37.3362s
	iters: 800, epoch: 1 | loss: 0.3469205
	speed: 0.0040s/iter; left time: 39.2154s
	iters: 900, epoch: 1 | loss: 0.2866880
	speed: 0.0041s/iter; left time: 39.8386s
	iters: 1000, epoch: 1 | loss: 0.2539273
	speed: 0.0037s/iter; left time: 35.4075s
Epoch: 1 cost time: 4.8272459506988525
Epoch: 1, Steps: 1053 | Train Loss: 0.3027659 Vali Loss: 0.4519852 Test Loss: 0.3290604
Validation loss decreased (inf --> 0.451985).  Saving model ...
Updating learning rate to 0.001
	iters: 100, epoch: 2 | loss: 0.2298474
	speed: 0.0479s/iter; left time: 449.3042s
	iters: 200, epoch: 2 | loss: 0.2892377
	speed: 0.0037s/iter; left time: 34.4764s
	iters: 300, epoch: 2 | loss: 0.4405644
	speed: 0.0041s/iter; left time: 37.6514s
	iters: 400, epoch: 2 | loss: 0.2202067
	speed: 0.0041s/iter; left time: 37.0036s
	iters: 500, epoch: 2 | loss: 0.3368449
	speed: 0.0038s/iter; left time: 33.9466s
	iters: 600, epoch: 2 | loss: 0.1871690
	speed: 0.0038s/iter; left time: 33.6953s
	iters: 700, epoch: 2 | loss: 0.2956522
	speed: 0.0038s/iter; left time: 32.9281s
	iters: 800, epoch: 2 | loss: 0.3435236
	speed: 0.0037s/iter; left time: 32.3439s
	iters: 900, epoch: 2 | loss: 0.2353604
	speed: 0.0047s/iter; left time: 40.0001s
	iters: 1000, epoch: 2 | loss: 0.2798416
	speed: 0.0042s/iter; left time: 36.0001s
Epoch: 2 cost time: 4.943372011184692
Epoch: 2, Steps: 1053 | Train Loss: 0.2759972 Vali Loss: 0.4221223 Test Loss: 0.3264227
Validation loss decreased (0.451985 --> 0.422122).  Saving model ...
Updating learning rate to 0.0005
	iters: 100, epoch: 3 | loss: 0.2448905
	speed: 0.0463s/iter; left time: 385.2054s
	iters: 200, epoch: 3 | loss: 0.2838397
	speed: 0.0037s/iter; left time: 30.8152s
	iters: 300, epoch: 3 | loss: 0.3434851
	speed: 0.0037s/iter; left time: 29.7769s
	iters: 400, epoch: 3 | loss: 0.2081188
	speed: 0.0037s/iter; left time: 29.3938s
	iters: 500, epoch: 3 | loss: 0.2255508
	speed: 0.0037s/iter; left time: 29.4723s
	iters: 600, epoch: 3 | loss: 0.2043451
	speed: 0.0038s/iter; left time: 29.4473s
	iters: 700, epoch: 3 | loss: 0.3205076
	speed: 0.0039s/iter; left time: 29.8766s
	iters: 800, epoch: 3 | loss: 0.2007212
	speed: 0.0038s/iter; left time: 28.7449s
	iters: 900, epoch: 3 | loss: 0.2722818
	speed: 0.0040s/iter; left time: 29.8123s
	iters: 1000, epoch: 3 | loss: 0.3488180
	speed: 0.0038s/iter; left time: 28.0908s
Epoch: 3 cost time: 4.687352895736694
Epoch: 3, Steps: 1053 | Train Loss: 0.2689559 Vali Loss: 0.4013406 Test Loss: 0.3270513
Validation loss decreased (0.422122 --> 0.401341).  Saving model ...
Updating learning rate to 0.00025
	iters: 100, epoch: 4 | loss: 0.2028162
	speed: 0.0465s/iter; left time: 337.9422s
	iters: 200, epoch: 4 | loss: 0.3721125
	speed: 0.0037s/iter; left time: 26.8740s
	iters: 300, epoch: 4 | loss: 0.3887522
	speed: 0.0038s/iter; left time: 26.9421s
	iters: 400, epoch: 4 | loss: 0.2732911
	speed: 0.0038s/iter; left time: 26.4294s
	iters: 500, epoch: 4 | loss: 0.2683051
	speed: 0.0038s/iter; left time: 25.9820s
	iters: 600, epoch: 4 | loss: 0.3680876
	speed: 0.0037s/iter; left time: 25.3150s
	iters: 700, epoch: 4 | loss: 0.2305971
	speed: 0.0038s/iter; left time: 25.0508s
	iters: 800, epoch: 4 | loss: 0.2848796
	speed: 0.0038s/iter; left time: 24.8002s
	iters: 900, epoch: 4 | loss: 0.2927344
	speed: 0.0038s/iter; left time: 24.4693s
	iters: 1000, epoch: 4 | loss: 0.2787958
	speed: 0.0038s/iter; left time: 23.9119s
Epoch: 4 cost time: 4.724361419677734
Epoch: 4, Steps: 1053 | Train Loss: 0.2652662 Vali Loss: 0.4211378 Test Loss: 0.3135775
EarlyStopping counter: 1 out of 3
Updating learning rate to 0.000125
	iters: 100, epoch: 5 | loss: 0.2165370
	speed: 0.0455s/iter; left time: 283.0491s
	iters: 200, epoch: 5 | loss: 0.2118922
	speed: 0.0037s/iter; left time: 22.8975s
	iters: 300, epoch: 5 | loss: 0.3069163
	speed: 0.0038s/iter; left time: 22.7232s
	iters: 400, epoch: 5 | loss: 0.2140246
	speed: 0.0038s/iter; left time: 22.5581s
	iters: 500, epoch: 5 | loss: 0.3278393
	speed: 0.0039s/iter; left time: 22.8615s
	iters: 600, epoch: 5 | loss: 0.2220566
	speed: 0.0038s/iter; left time: 21.9039s
	iters: 700, epoch: 5 | loss: 0.2505484
	speed: 0.0038s/iter; left time: 21.1476s
	iters: 800, epoch: 5 | loss: 0.3259389
	speed: 0.0038s/iter; left time: 20.9270s
	iters: 900, epoch: 5 | loss: 0.2168155
	speed: 0.0037s/iter; left time: 20.0736s
	iters: 1000, epoch: 5 | loss: 0.4255801
	speed: 0.0037s/iter; left time: 19.5635s
Epoch: 5 cost time: 4.657266139984131
Epoch: 5, Steps: 1053 | Train Loss: 0.2638433 Vali Loss: 0.4070857 Test Loss: 0.3173364
EarlyStopping counter: 2 out of 3
Updating learning rate to 6.25e-05
	iters: 100, epoch: 6 | loss: 0.2516676
	speed: 0.0469s/iter; left time: 242.4798s
	iters: 200, epoch: 6 | loss: 0.2677688
	speed: 0.0041s/iter; left time: 20.5324s
	iters: 300, epoch: 6 | loss: 0.1834033
	speed: 0.0040s/iter; left time: 20.0131s
	iters: 400, epoch: 6 | loss: 0.3246429
	speed: 0.0041s/iter; left time: 19.7474s
	iters: 500, epoch: 6 | loss: 0.2370337
	speed: 0.0041s/iter; left time: 19.3689s
	iters: 600, epoch: 6 | loss: 0.2281930
	speed: 0.0041s/iter; left time: 19.0362s
	iters: 700, epoch: 6 | loss: 0.2572623
	speed: 0.0041s/iter; left time: 18.5454s
	iters: 800, epoch: 6 | loss: 0.3969837
	speed: 0.0039s/iter; left time: 17.4744s
	iters: 900, epoch: 6 | loss: 0.3219553
	speed: 0.0039s/iter; left time: 17.0422s
	iters: 1000, epoch: 6 | loss: 0.3141133
	speed: 0.0037s/iter; left time: 15.9811s
Epoch: 6 cost time: 4.899637937545776
Epoch: 6, Steps: 1053 | Train Loss: 0.2627989 Vali Loss: 0.4165805 Test Loss: 0.3148700
EarlyStopping counter: 3 out of 3
Early stopping
>>>>>>>testing : ETTh1_192_24_NLinear_ETTh1_ftM_sl192_ll48_pl24_dm512_nh8_el2_dl1_df2048_fc1_ebtimeF_dtTrue_Exp_0<<<<<<<<<<<<<<<<<<<<<<<<<<<<<<<<<
test 2857
mse:0.32761093974113464, mae:0.3659611642360687
