Args in experiment:
Namespace(activation='gelu', batch_size=8, c_out=7, checkpoints='/spo/NewbornTime/tahir098/SVF/data/Extra/checkpoints/', d_ff=2048, d_layers=1, d_model=512, data='ETTh1', data_path='ETTh1.csv', dec_in=7, des='Exp', devices='0,1,2,3', distil=True, do_predict=False, dropout=0.05, e_layers=2, embed='timeF', embed_type=0, enc_in=7, factor=1, features='M', freq='h', gpu=0, individual=False, is_training=1, itr=1, label_len=48, learning_rate=0.001, loss='mse', lradj='type1', model='GLinear', model_id='ETTh1_336_192', moving_avg=25, n_heads=8, num_workers=10, output_attention=False, patience=3, pred_len=192, root_path='./dataset/', seq_len=336, target='OT', test_flop=False, train_epochs=10, train_only=False, use_amp=False, use_gpu=True, use_multi_gpu=False)
Use GPU: cuda:0
>>>>>>>start training : ETTh1_336_192_GLinear_ETTh1_ftM_sl336_ll48_pl192_dm512_nh8_el2_dl1_df2048_fc1_ebtimeF_dtTrue_Exp_0>>>>>>>>>>>>>>>>>>>>>>>>>>
train 8113
val 2689
test 2689
	iters: 100, epoch: 1 | loss: 0.3276088
	speed: 0.0107s/iter; left time: 107.6510s
	iters: 200, epoch: 1 | loss: 0.3247927
	speed: 0.0045s/iter; left time: 45.0182s
	iters: 300, epoch: 1 | loss: 0.4884358
	speed: 0.0044s/iter; left time: 42.8102s
	iters: 400, epoch: 1 | loss: 0.3703001
	speed: 0.0043s/iter; left time: 42.0041s
	iters: 500, epoch: 1 | loss: 0.4909248
	speed: 0.0044s/iter; left time: 42.1019s
	iters: 600, epoch: 1 | loss: 0.4845905
	speed: 0.0044s/iter; left time: 41.6758s
	iters: 700, epoch: 1 | loss: 0.3507341
	speed: 0.0045s/iter; left time: 42.1541s
	iters: 800, epoch: 1 | loss: 0.3097295
	speed: 0.0048s/iter; left time: 44.8029s
	iters: 900, epoch: 1 | loss: 0.2962458
	speed: 0.0052s/iter; left time: 48.1255s
	iters: 1000, epoch: 1 | loss: 0.5312719
	speed: 0.0054s/iter; left time: 49.5155s
Epoch: 1 cost time: 5.427382946014404
Epoch: 1, Steps: 1014 | Train Loss: 0.4148820 Vali Loss: 0.9171049 Test Loss: 0.4266062
Validation loss decreased (inf --> 0.917105).  Saving model ...
Updating learning rate to 0.001
	iters: 100, epoch: 2 | loss: 0.3259436
	speed: 0.0466s/iter; left time: 420.4497s
	iters: 200, epoch: 2 | loss: 0.3092906
	speed: 0.0044s/iter; left time: 39.3836s
	iters: 300, epoch: 2 | loss: 0.3678511
	speed: 0.0044s/iter; left time: 38.6642s
	iters: 400, epoch: 2 | loss: 0.3798710
	speed: 0.0045s/iter; left time: 39.4482s
	iters: 500, epoch: 2 | loss: 0.3662698
	speed: 0.0043s/iter; left time: 37.4274s
	iters: 600, epoch: 2 | loss: 0.5414920
	speed: 0.0048s/iter; left time: 40.5347s
	iters: 700, epoch: 2 | loss: 0.4571052
	speed: 0.0047s/iter; left time: 39.6048s
	iters: 800, epoch: 2 | loss: 0.4225467
	speed: 0.0044s/iter; left time: 36.5854s
	iters: 900, epoch: 2 | loss: 0.3968967
	speed: 0.0043s/iter; left time: 35.5514s
	iters: 1000, epoch: 2 | loss: 0.3186642
	speed: 0.0044s/iter; left time: 35.6618s
Epoch: 2 cost time: 5.21418309211731
Epoch: 2, Steps: 1014 | Train Loss: 0.3925625 Vali Loss: 0.9074071 Test Loss: 0.4398121
Validation loss decreased (0.917105 --> 0.907407).  Saving model ...
Updating learning rate to 0.0005
	iters: 100, epoch: 3 | loss: 0.2363088
	speed: 0.0470s/iter; left time: 376.5745s
	iters: 200, epoch: 3 | loss: 0.3591544
	speed: 0.0045s/iter; left time: 35.9622s
	iters: 300, epoch: 3 | loss: 0.2799321
	speed: 0.0044s/iter; left time: 34.0492s
	iters: 400, epoch: 3 | loss: 0.4448139
	speed: 0.0044s/iter; left time: 34.3061s
	iters: 500, epoch: 3 | loss: 0.3650959
	speed: 0.0044s/iter; left time: 33.5302s
	iters: 600, epoch: 3 | loss: 0.3161767
	speed: 0.0043s/iter; left time: 32.6711s
	iters: 700, epoch: 3 | loss: 0.4806194
	speed: 0.0044s/iter; left time: 32.7408s
	iters: 800, epoch: 3 | loss: 0.3718203
	speed: 0.0044s/iter; left time: 32.5246s
	iters: 900, epoch: 3 | loss: 0.5223032
	speed: 0.0044s/iter; left time: 31.8559s
	iters: 1000, epoch: 3 | loss: 0.4715003
	speed: 0.0044s/iter; left time: 31.1786s
Epoch: 3 cost time: 5.13036847114563
Epoch: 3, Steps: 1014 | Train Loss: 0.3708521 Vali Loss: 0.8821636 Test Loss: 0.4362000
Validation loss decreased (0.907407 --> 0.882164).  Saving model ...
Updating learning rate to 0.00025
	iters: 100, epoch: 4 | loss: 0.3654558
	speed: 0.0484s/iter; left time: 338.4434s
	iters: 200, epoch: 4 | loss: 0.2867977
	speed: 0.0044s/iter; left time: 30.2226s
	iters: 300, epoch: 4 | loss: 0.3754106
	speed: 0.0044s/iter; left time: 30.0383s
	iters: 400, epoch: 4 | loss: 0.3347803
	speed: 0.0044s/iter; left time: 29.4944s
	iters: 500, epoch: 4 | loss: 0.4034681
	speed: 0.0044s/iter; left time: 28.9801s
	iters: 600, epoch: 4 | loss: 0.2580428
	speed: 0.0044s/iter; left time: 28.7849s
	iters: 700, epoch: 4 | loss: 0.3554870
	speed: 0.0045s/iter; left time: 28.5273s
	iters: 800, epoch: 4 | loss: 0.2851818
	speed: 0.0044s/iter; left time: 27.9465s
	iters: 900, epoch: 4 | loss: 0.5425401
	speed: 0.0044s/iter; left time: 27.4038s
	iters: 1000, epoch: 4 | loss: 0.3220571
	speed: 0.0044s/iter; left time: 26.7705s
Epoch: 4 cost time: 5.20179295539856
Epoch: 4, Steps: 1014 | Train Loss: 0.3556505 Vali Loss: 0.9113355 Test Loss: 0.4300471
EarlyStopping counter: 1 out of 3
Updating learning rate to 0.000125
	iters: 100, epoch: 5 | loss: 0.2848392
	speed: 0.0454s/iter; left time: 271.7649s
	iters: 200, epoch: 5 | loss: 0.3786058
	speed: 0.0044s/iter; left time: 25.6975s
	iters: 300, epoch: 5 | loss: 0.3519980
	speed: 0.0044s/iter; left time: 25.3584s
	iters: 400, epoch: 5 | loss: 0.2931383
	speed: 0.0045s/iter; left time: 25.3220s
	iters: 500, epoch: 5 | loss: 0.4011374
	speed: 0.0045s/iter; left time: 25.3247s
	iters: 600, epoch: 5 | loss: 0.2957323
	speed: 0.0047s/iter; left time: 25.8743s
	iters: 700, epoch: 5 | loss: 0.3096557
	speed: 0.0048s/iter; left time: 25.5997s
	iters: 800, epoch: 5 | loss: 0.2754695
	speed: 0.0047s/iter; left time: 24.8672s
	iters: 900, epoch: 5 | loss: 0.3638297
	speed: 0.0049s/iter; left time: 25.6041s
	iters: 1000, epoch: 5 | loss: 0.2715655
	speed: 0.0048s/iter; left time: 24.4904s
Epoch: 5 cost time: 5.357604503631592
Epoch: 5, Steps: 1014 | Train Loss: 0.3460241 Vali Loss: 0.9018865 Test Loss: 0.4355154
EarlyStopping counter: 2 out of 3
Updating learning rate to 6.25e-05
	iters: 100, epoch: 6 | loss: 0.3065113
	speed: 0.0461s/iter; left time: 229.1868s
	iters: 200, epoch: 6 | loss: 0.3527093
	speed: 0.0045s/iter; left time: 21.7290s
	iters: 300, epoch: 6 | loss: 0.3243099
	speed: 0.0045s/iter; left time: 21.3797s
	iters: 400, epoch: 6 | loss: 0.3045041
	speed: 0.0045s/iter; left time: 21.0418s
	iters: 500, epoch: 6 | loss: 0.2887417
	speed: 0.0051s/iter; left time: 23.2412s
	iters: 600, epoch: 6 | loss: 0.4636292
	speed: 0.0046s/iter; left time: 20.4190s
	iters: 700, epoch: 6 | loss: 0.3473972
	speed: 0.0046s/iter; left time: 20.2935s
	iters: 800, epoch: 6 | loss: 0.3632376
	speed: 0.0046s/iter; left time: 19.7111s
	iters: 900, epoch: 6 | loss: 0.2865824
	speed: 0.0053s/iter; left time: 21.9644s
	iters: 1000, epoch: 6 | loss: 0.2900032
	speed: 0.0053s/iter; left time: 21.7057s
Epoch: 6 cost time: 5.5152974128723145
Epoch: 6, Steps: 1014 | Train Loss: 0.3404602 Vali Loss: 0.9092972 Test Loss: 0.4338851
EarlyStopping counter: 3 out of 3
Early stopping
>>>>>>>testing : ETTh1_336_192_GLinear_ETTh1_ftM_sl336_ll48_pl192_dm512_nh8_el2_dl1_df2048_fc1_ebtimeF_dtTrue_Exp_0<<<<<<<<<<<<<<<<<<<<<<<<<<<<<<<<<
test 2689
mse:0.4359622001647949, mae:0.4468159079551697
