Args in experiment:
Namespace(activation='gelu', batch_size=8, c_out=7, checkpoints='/spo/NewbornTime/tahir098/SVF/data/Extra/checkpoints/', d_ff=2048, d_layers=1, d_model=512, data='ETTh1', data_path='ETTh1.csv', dec_in=7, des='Exp', devices='0,1,2,3', distil=True, do_predict=False, dropout=0.05, e_layers=2, embed='timeF', embed_type=0, enc_in=7, factor=1, features='M', freq='h', gpu=0, individual=False, is_training=1, itr=1, label_len=48, learning_rate=0.001, loss='mse', lradj='type1', model='GLinear', model_id='ETTh1_336_12', moving_avg=25, n_heads=8, num_workers=10, output_attention=False, patience=3, pred_len=12, root_path='./dataset/', seq_len=336, target='OT', test_flop=False, train_epochs=10, train_only=False, use_amp=False, use_gpu=True, use_multi_gpu=False)
Use GPU: cuda:0
>>>>>>>start training : ETTh1_336_12_GLinear_ETTh1_ftM_sl336_ll48_pl12_dm512_nh8_el2_dl1_df2048_fc1_ebtimeF_dtTrue_Exp_0>>>>>>>>>>>>>>>>>>>>>>>>>>
train 8293
val 2869
test 2869
	iters: 100, epoch: 1 | loss: 0.2975057
	speed: 0.0107s/iter; left time: 110.1288s
	iters: 200, epoch: 1 | loss: 0.3010244
	speed: 0.0044s/iter; left time: 44.2255s
	iters: 300, epoch: 1 | loss: 0.2967218
	speed: 0.0045s/iter; left time: 45.3857s
	iters: 400, epoch: 1 | loss: 0.3464255
	speed: 0.0054s/iter; left time: 54.0788s
	iters: 500, epoch: 1 | loss: 0.2133572
	speed: 0.0043s/iter; left time: 42.2610s
	iters: 600, epoch: 1 | loss: 0.3998311
	speed: 0.0044s/iter; left time: 42.7627s
	iters: 700, epoch: 1 | loss: 0.1994456
	speed: 0.0046s/iter; left time: 44.5444s
	iters: 800, epoch: 1 | loss: 0.2584909
	speed: 0.0043s/iter; left time: 41.4362s
	iters: 900, epoch: 1 | loss: 0.3228421
	speed: 0.0058s/iter; left time: 54.6709s
	iters: 1000, epoch: 1 | loss: 0.1867773
	speed: 0.0045s/iter; left time: 41.9747s
Epoch: 1 cost time: 5.584336757659912
Epoch: 1, Steps: 1036 | Train Loss: 0.2587491 Vali Loss: 0.3734300 Test Loss: 0.3184778
Validation loss decreased (inf --> 0.373430).  Saving model ...
Updating learning rate to 0.001
	iters: 100, epoch: 2 | loss: 0.1882388
	speed: 0.0500s/iter; left time: 461.0712s
	iters: 200, epoch: 2 | loss: 0.2050088
	speed: 0.0043s/iter; left time: 39.0791s
	iters: 300, epoch: 2 | loss: 0.1195488
	speed: 0.0046s/iter; left time: 41.9221s
	iters: 400, epoch: 2 | loss: 0.2090331
	speed: 0.0046s/iter; left time: 40.7173s
	iters: 500, epoch: 2 | loss: 0.1825660
	speed: 0.0046s/iter; left time: 40.5794s
	iters: 600, epoch: 2 | loss: 0.2549198
	speed: 0.0046s/iter; left time: 40.1972s
	iters: 700, epoch: 2 | loss: 0.2167180
	speed: 0.0045s/iter; left time: 38.9129s
	iters: 800, epoch: 2 | loss: 0.1649805
	speed: 0.0046s/iter; left time: 39.4638s
	iters: 900, epoch: 2 | loss: 0.1489436
	speed: 0.0044s/iter; left time: 36.8275s
	iters: 1000, epoch: 2 | loss: 0.2508055
	speed: 0.0045s/iter; left time: 37.2131s
Epoch: 2 cost time: 5.415570020675659
Epoch: 2, Steps: 1036 | Train Loss: 0.2282011 Vali Loss: 0.3553593 Test Loss: 0.3074921
Validation loss decreased (0.373430 --> 0.355359).  Saving model ...
Updating learning rate to 0.0005
	iters: 100, epoch: 3 | loss: 0.1643500
	speed: 0.0492s/iter; left time: 402.8709s
	iters: 200, epoch: 3 | loss: 0.2960325
	speed: 0.0045s/iter; left time: 36.0817s
	iters: 300, epoch: 3 | loss: 0.1441718
	speed: 0.0042s/iter; left time: 33.8749s
	iters: 400, epoch: 3 | loss: 0.2306806
	speed: 0.0043s/iter; left time: 33.6581s
	iters: 500, epoch: 3 | loss: 0.2168826
	speed: 0.0043s/iter; left time: 33.7348s
	iters: 600, epoch: 3 | loss: 0.2272337
	speed: 0.0044s/iter; left time: 33.6501s
	iters: 700, epoch: 3 | loss: 0.1319764
	speed: 0.0044s/iter; left time: 33.2962s
	iters: 800, epoch: 3 | loss: 0.2639730
	speed: 0.0044s/iter; left time: 33.1539s
	iters: 900, epoch: 3 | loss: 0.2375501
	speed: 0.0047s/iter; left time: 34.8696s
	iters: 1000, epoch: 3 | loss: 0.1326551
	speed: 0.0043s/iter; left time: 31.6132s
Epoch: 3 cost time: 5.320704936981201
Epoch: 3, Steps: 1036 | Train Loss: 0.2029728 Vali Loss: 0.3399779 Test Loss: 0.3097581
Validation loss decreased (0.355359 --> 0.339978).  Saving model ...
Updating learning rate to 0.00025
	iters: 100, epoch: 4 | loss: 0.1647922
	speed: 0.0503s/iter; left time: 359.7271s
	iters: 200, epoch: 4 | loss: 0.2553852
	speed: 0.0047s/iter; left time: 32.9068s
	iters: 300, epoch: 4 | loss: 0.1491892
	speed: 0.0046s/iter; left time: 32.1132s
	iters: 400, epoch: 4 | loss: 0.2567525
	speed: 0.0042s/iter; left time: 28.8627s
	iters: 500, epoch: 4 | loss: 0.1718214
	speed: 0.0041s/iter; left time: 27.6935s
	iters: 600, epoch: 4 | loss: 0.0959131
	speed: 0.0042s/iter; left time: 27.6368s
	iters: 700, epoch: 4 | loss: 0.1165525
	speed: 0.0042s/iter; left time: 27.8487s
	iters: 800, epoch: 4 | loss: 0.1924604
	speed: 0.0047s/iter; left time: 30.3363s
	iters: 900, epoch: 4 | loss: 0.1583834
	speed: 0.0040s/iter; left time: 25.5046s
	iters: 1000, epoch: 4 | loss: 0.2756098
	speed: 0.0044s/iter; left time: 27.3681s
Epoch: 4 cost time: 5.262916803359985
Epoch: 4, Steps: 1036 | Train Loss: 0.1883051 Vali Loss: 0.3436706 Test Loss: 0.3001908
EarlyStopping counter: 1 out of 3
Updating learning rate to 0.000125
	iters: 100, epoch: 5 | loss: 0.1981378
	speed: 0.0493s/iter; left time: 301.5779s
	iters: 200, epoch: 5 | loss: 0.1623920
	speed: 0.0045s/iter; left time: 26.8276s
	iters: 300, epoch: 5 | loss: 0.1357981
	speed: 0.0047s/iter; left time: 27.7643s
	iters: 400, epoch: 5 | loss: 0.1359999
	speed: 0.0043s/iter; left time: 25.2238s
	iters: 500, epoch: 5 | loss: 0.2346121
	speed: 0.0045s/iter; left time: 25.8154s
	iters: 600, epoch: 5 | loss: 0.1620472
	speed: 0.0048s/iter; left time: 26.9005s
	iters: 700, epoch: 5 | loss: 0.1205443
	speed: 0.0043s/iter; left time: 23.7000s
	iters: 800, epoch: 5 | loss: 0.1286026
	speed: 0.0040s/iter; left time: 21.5340s
	iters: 900, epoch: 5 | loss: 0.0976059
	speed: 0.0042s/iter; left time: 22.1629s
	iters: 1000, epoch: 5 | loss: 0.1922971
	speed: 0.0040s/iter; left time: 20.7456s
Epoch: 5 cost time: 5.291354417800903
Epoch: 5, Steps: 1036 | Train Loss: 0.1797193 Vali Loss: 0.3396522 Test Loss: 0.2919316
Validation loss decreased (0.339978 --> 0.339652).  Saving model ...
Updating learning rate to 6.25e-05
	iters: 100, epoch: 6 | loss: 0.0902679
	speed: 0.0493s/iter; left time: 250.2411s
	iters: 200, epoch: 6 | loss: 0.2280057
	speed: 0.0046s/iter; left time: 22.8153s
	iters: 300, epoch: 6 | loss: 0.1275037
	speed: 0.0049s/iter; left time: 24.0172s
	iters: 400, epoch: 6 | loss: 0.2334338
	speed: 0.0044s/iter; left time: 21.1484s
	iters: 500, epoch: 6 | loss: 0.2344221
	speed: 0.0045s/iter; left time: 21.2146s
	iters: 600, epoch: 6 | loss: 0.0912910
	speed: 0.0043s/iter; left time: 19.6571s
	iters: 700, epoch: 6 | loss: 0.1319747
	speed: 0.0042s/iter; left time: 18.7348s
	iters: 800, epoch: 6 | loss: 0.1511437
	speed: 0.0048s/iter; left time: 20.8612s
	iters: 900, epoch: 6 | loss: 0.1674247
	speed: 0.0044s/iter; left time: 18.6818s
	iters: 1000, epoch: 6 | loss: 0.2063913
	speed: 0.0050s/iter; left time: 21.1019s
Epoch: 6 cost time: 5.417994260787964
Epoch: 6, Steps: 1036 | Train Loss: 0.1740381 Vali Loss: 0.3384306 Test Loss: 0.2941864
Validation loss decreased (0.339652 --> 0.338431).  Saving model ...
Updating learning rate to 3.125e-05
	iters: 100, epoch: 7 | loss: 0.2616781
	speed: 0.0493s/iter; left time: 199.4150s
	iters: 200, epoch: 7 | loss: 0.2388098
	speed: 0.0044s/iter; left time: 17.3183s
	iters: 300, epoch: 7 | loss: 0.1436896
	speed: 0.0045s/iter; left time: 17.1576s
	iters: 400, epoch: 7 | loss: 0.1038030
	speed: 0.0045s/iter; left time: 16.9152s
	iters: 500, epoch: 7 | loss: 0.1942307
	speed: 0.0046s/iter; left time: 16.8072s
	iters: 600, epoch: 7 | loss: 0.1240918
	speed: 0.0043s/iter; left time: 15.3645s
	iters: 700, epoch: 7 | loss: 0.2660335
	speed: 0.0043s/iter; left time: 14.9198s
	iters: 800, epoch: 7 | loss: 0.2492856
	speed: 0.0049s/iter; left time: 16.3989s
	iters: 900, epoch: 7 | loss: 0.1444279
	speed: 0.0046s/iter; left time: 14.8966s
	iters: 1000, epoch: 7 | loss: 0.2512309
	speed: 0.0043s/iter; left time: 13.5899s
Epoch: 7 cost time: 5.3765459060668945
Epoch: 7, Steps: 1036 | Train Loss: 0.1710909 Vali Loss: 0.3380716 Test Loss: 0.2920955
Validation loss decreased (0.338431 --> 0.338072).  Saving model ...
Updating learning rate to 1.5625e-05
	iters: 100, epoch: 8 | loss: 0.1398592
	speed: 0.0482s/iter; left time: 145.1431s
	iters: 200, epoch: 8 | loss: 0.2107442
	speed: 0.0040s/iter; left time: 11.5323s
	iters: 300, epoch: 8 | loss: 0.1369188
	speed: 0.0041s/iter; left time: 11.5997s
	iters: 400, epoch: 8 | loss: 0.1645779
	speed: 0.0044s/iter; left time: 11.9251s
	iters: 500, epoch: 8 | loss: 0.1569657
	speed: 0.0043s/iter; left time: 11.1405s
	iters: 600, epoch: 8 | loss: 0.2315743
	speed: 0.0045s/iter; left time: 11.1794s
	iters: 700, epoch: 8 | loss: 0.1212729
	speed: 0.0044s/iter; left time: 10.6260s
	iters: 800, epoch: 8 | loss: 0.1537160
	speed: 0.0042s/iter; left time: 9.6990s
	iters: 900, epoch: 8 | loss: 0.1714738
	speed: 0.0046s/iter; left time: 10.0924s
	iters: 1000, epoch: 8 | loss: 0.1778508
	speed: 0.0044s/iter; left time: 9.3233s
Epoch: 8 cost time: 5.201505184173584
Epoch: 8, Steps: 1036 | Train Loss: 0.1696592 Vali Loss: 0.3394406 Test Loss: 0.2927220
EarlyStopping counter: 1 out of 3
Updating learning rate to 7.8125e-06
	iters: 100, epoch: 9 | loss: 0.2238563
	speed: 0.0514s/iter; left time: 101.4136s
	iters: 200, epoch: 9 | loss: 0.1251231
	speed: 0.0046s/iter; left time: 8.6990s
	iters: 300, epoch: 9 | loss: 0.0874732
	speed: 0.0046s/iter; left time: 8.1497s
	iters: 400, epoch: 9 | loss: 0.1976867
	speed: 0.0045s/iter; left time: 7.5658s
	iters: 500, epoch: 9 | loss: 0.2384626
	speed: 0.0045s/iter; left time: 7.0820s
	iters: 600, epoch: 9 | loss: 0.2057088
	speed: 0.0049s/iter; left time: 7.1792s
	iters: 700, epoch: 9 | loss: 0.1298697
	speed: 0.0046s/iter; left time: 6.2959s
	iters: 800, epoch: 9 | loss: 0.2403202
	speed: 0.0048s/iter; left time: 6.1039s
	iters: 900, epoch: 9 | loss: 0.1423550
	speed: 0.0044s/iter; left time: 5.1900s
	iters: 1000, epoch: 9 | loss: 0.1386630
	speed: 0.0043s/iter; left time: 4.6637s
Epoch: 9 cost time: 5.494229555130005
Epoch: 9, Steps: 1036 | Train Loss: 0.1688515 Vali Loss: 0.3378204 Test Loss: 0.2916140
Validation loss decreased (0.338072 --> 0.337820).  Saving model ...
Updating learning rate to 3.90625e-06
	iters: 100, epoch: 10 | loss: 0.1799990
	speed: 0.0489s/iter; left time: 45.7758s
	iters: 200, epoch: 10 | loss: 0.1018879
	speed: 0.0044s/iter; left time: 3.6591s
	iters: 300, epoch: 10 | loss: 0.1760853
	speed: 0.0044s/iter; left time: 3.2570s
	iters: 400, epoch: 10 | loss: 0.1315473
	speed: 0.0043s/iter; left time: 2.7373s
	iters: 500, epoch: 10 | loss: 0.1082407
	speed: 0.0047s/iter; left time: 2.5414s
	iters: 600, epoch: 10 | loss: 0.1815241
	speed: 0.0050s/iter; left time: 2.1812s
	iters: 700, epoch: 10 | loss: 0.1477134
	speed: 0.0046s/iter; left time: 1.5659s
	iters: 800, epoch: 10 | loss: 0.0722788
	speed: 0.0045s/iter; left time: 1.0579s
	iters: 900, epoch: 10 | loss: 0.1520095
	speed: 0.0045s/iter; left time: 0.6184s
	iters: 1000, epoch: 10 | loss: 0.1393277
	speed: 0.0045s/iter; left time: 0.1652s
Epoch: 10 cost time: 5.4006898403167725
Epoch: 10, Steps: 1036 | Train Loss: 0.1684050 Vali Loss: 0.3380067 Test Loss: 0.2919535
EarlyStopping counter: 1 out of 3
Updating learning rate to 1.953125e-06
>>>>>>>testing : ETTh1_336_12_GLinear_ETTh1_ftM_sl336_ll48_pl12_dm512_nh8_el2_dl1_df2048_fc1_ebtimeF_dtTrue_Exp_0<<<<<<<<<<<<<<<<<<<<<<<<<<<<<<<<<
test 2869
mse:0.2917112112045288, mae:0.3484683334827423
