Args in experiment:
Namespace(activation='gelu', batch_size=8, c_out=7, checkpoints='/spo/NewbornTime/tahir098/SVF/data/Extra/checkpoints/', d_ff=2048, d_layers=1, d_model=512, data='ETTh1', data_path='ETTh1.csv', dec_in=7, des='Exp', devices='0,1,2,3', distil=True, do_predict=False, dropout=0.05, e_layers=2, embed='timeF', embed_type=0, enc_in=7, factor=1, features='M', freq='h', gpu=0, individual=False, is_training=1, itr=1, label_len=48, learning_rate=0.001, loss='mse', lradj='type1', model='GLinear', model_id='ETTh1_336_720', moving_avg=25, n_heads=8, num_workers=10, output_attention=False, patience=3, pred_len=720, root_path='./dataset/', seq_len=336, target='OT', test_flop=False, train_epochs=10, train_only=False, use_amp=False, use_gpu=True, use_multi_gpu=False)
Use GPU: cuda:0
>>>>>>>start training : ETTh1_336_720_GLinear_ETTh1_ftM_sl336_ll48_pl720_dm512_nh8_el2_dl1_df2048_fc1_ebtimeF_dtTrue_Exp_0>>>>>>>>>>>>>>>>>>>>>>>>>>
train 7585
val 2161
test 2161
	iters: 100, epoch: 1 | loss: 0.6387462
	speed: 0.0114s/iter; left time: 106.8166s
	iters: 200, epoch: 1 | loss: 0.4876792
	speed: 0.0046s/iter; left time: 42.4934s
	iters: 300, epoch: 1 | loss: 0.5061794
	speed: 0.0045s/iter; left time: 41.3488s
	iters: 400, epoch: 1 | loss: 0.5247080
	speed: 0.0047s/iter; left time: 42.7748s
	iters: 500, epoch: 1 | loss: 0.5393826
	speed: 0.0046s/iter; left time: 41.0965s
	iters: 600, epoch: 1 | loss: 0.5322600
	speed: 0.0046s/iter; left time: 41.0721s
	iters: 700, epoch: 1 | loss: 0.5738990
	speed: 0.0048s/iter; left time: 42.4908s
	iters: 800, epoch: 1 | loss: 0.6093817
	speed: 0.0046s/iter; left time: 39.9536s
	iters: 900, epoch: 1 | loss: 0.4350967
	speed: 0.0045s/iter; left time: 38.8708s
Epoch: 1 cost time: 5.153222322463989
Epoch: 1, Steps: 948 | Train Loss: 0.5343801 Vali Loss: 1.2580277 Test Loss: 0.5452374
Validation loss decreased (inf --> 1.258028).  Saving model ...
Updating learning rate to 0.001
	iters: 100, epoch: 2 | loss: 0.5821742
	speed: 0.0464s/iter; left time: 391.1574s
	iters: 200, epoch: 2 | loss: 0.5762048
	speed: 0.0050s/iter; left time: 41.3946s
	iters: 300, epoch: 2 | loss: 0.5351977
	speed: 0.0047s/iter; left time: 38.8791s
	iters: 400, epoch: 2 | loss: 0.5411437
	speed: 0.0046s/iter; left time: 37.5649s
	iters: 500, epoch: 2 | loss: 0.3860024
	speed: 0.0046s/iter; left time: 37.3245s
	iters: 600, epoch: 2 | loss: 0.5046751
	speed: 0.0046s/iter; left time: 36.4856s
	iters: 700, epoch: 2 | loss: 0.5343697
	speed: 0.0047s/iter; left time: 36.8286s
	iters: 800, epoch: 2 | loss: 0.5158776
	speed: 0.0047s/iter; left time: 36.0807s
	iters: 900, epoch: 2 | loss: 0.6234744
	speed: 0.0045s/iter; left time: 34.5118s
Epoch: 2 cost time: 5.140729665756226
Epoch: 2, Steps: 948 | Train Loss: 0.5116840 Vali Loss: 1.2487619 Test Loss: 0.6021193
Validation loss decreased (1.258028 --> 1.248762).  Saving model ...
Updating learning rate to 0.0005
	iters: 100, epoch: 3 | loss: 0.4689121
	speed: 0.0479s/iter; left time: 358.4116s
	iters: 200, epoch: 3 | loss: 0.4761232
	speed: 0.0045s/iter; left time: 33.5927s
	iters: 300, epoch: 3 | loss: 0.4475970
	speed: 0.0046s/iter; left time: 33.6508s
	iters: 400, epoch: 3 | loss: 0.4990925
	speed: 0.0047s/iter; left time: 33.9031s
	iters: 500, epoch: 3 | loss: 0.4755785
	speed: 0.0046s/iter; left time: 32.3159s
	iters: 600, epoch: 3 | loss: 0.5319396
	speed: 0.0048s/iter; left time: 33.7725s
	iters: 700, epoch: 3 | loss: 0.4398219
	speed: 0.0047s/iter; left time: 32.3948s
	iters: 800, epoch: 3 | loss: 0.3640415
	speed: 0.0046s/iter; left time: 31.4893s
	iters: 900, epoch: 3 | loss: 0.4605238
	speed: 0.0047s/iter; left time: 31.3842s
Epoch: 3 cost time: 5.227900505065918
Epoch: 3, Steps: 948 | Train Loss: 0.4880502 Vali Loss: 1.2365615 Test Loss: 0.6043900
Validation loss decreased (1.248762 --> 1.236562).  Saving model ...
Updating learning rate to 0.00025
	iters: 100, epoch: 4 | loss: 0.5455387
	speed: 0.0480s/iter; left time: 313.7244s
	iters: 200, epoch: 4 | loss: 0.4922712
	speed: 0.0049s/iter; left time: 31.6740s
	iters: 300, epoch: 4 | loss: 0.5026516
	speed: 0.0046s/iter; left time: 29.3643s
	iters: 400, epoch: 4 | loss: 0.3977552
	speed: 0.0046s/iter; left time: 28.4238s
	iters: 500, epoch: 4 | loss: 0.4254457
	speed: 0.0044s/iter; left time: 27.0599s
	iters: 600, epoch: 4 | loss: 0.6437095
	speed: 0.0047s/iter; left time: 28.2886s
	iters: 700, epoch: 4 | loss: 0.4390318
	speed: 0.0046s/iter; left time: 27.0921s
	iters: 800, epoch: 4 | loss: 0.4126795
	speed: 0.0046s/iter; left time: 26.9863s
	iters: 900, epoch: 4 | loss: 0.5037876
	speed: 0.0044s/iter; left time: 25.2314s
Epoch: 4 cost time: 5.023635387420654
Epoch: 4, Steps: 948 | Train Loss: 0.4703605 Vali Loss: 1.2702112 Test Loss: 0.5851909
EarlyStopping counter: 1 out of 3
Updating learning rate to 0.000125
	iters: 100, epoch: 5 | loss: 0.3962160
	speed: 0.0466s/iter; left time: 260.2863s
	iters: 200, epoch: 5 | loss: 0.3935950
	speed: 0.0047s/iter; left time: 25.9160s
	iters: 300, epoch: 5 | loss: 0.4294761
	speed: 0.0049s/iter; left time: 26.5677s
	iters: 400, epoch: 5 | loss: 0.5967869
	speed: 0.0048s/iter; left time: 25.3786s
	iters: 500, epoch: 5 | loss: 0.5053444
	speed: 0.0048s/iter; left time: 24.9612s
	iters: 600, epoch: 5 | loss: 0.4544004
	speed: 0.0047s/iter; left time: 23.6749s
	iters: 700, epoch: 5 | loss: 0.3380068
	speed: 0.0044s/iter; left time: 22.1219s
	iters: 800, epoch: 5 | loss: 0.4722634
	speed: 0.0044s/iter; left time: 21.3093s
	iters: 900, epoch: 5 | loss: 0.6185623
	speed: 0.0046s/iter; left time: 21.7973s
Epoch: 5 cost time: 5.070268392562866
Epoch: 5, Steps: 948 | Train Loss: 0.4587334 Vali Loss: 1.2466991 Test Loss: 0.5948359
EarlyStopping counter: 2 out of 3
Updating learning rate to 6.25e-05
	iters: 100, epoch: 6 | loss: 0.5257527
	speed: 0.0452s/iter; left time: 209.5722s
	iters: 200, epoch: 6 | loss: 0.4234527
	speed: 0.0046s/iter; left time: 21.0389s
	iters: 300, epoch: 6 | loss: 0.4855288
	speed: 0.0050s/iter; left time: 22.3695s
	iters: 400, epoch: 6 | loss: 0.5229784
	speed: 0.0046s/iter; left time: 20.1635s
	iters: 500, epoch: 6 | loss: 0.3972192
	speed: 0.0045s/iter; left time: 18.9164s
	iters: 600, epoch: 6 | loss: 0.4557592
	speed: 0.0044s/iter; left time: 18.2720s
	iters: 700, epoch: 6 | loss: 0.4221861
	speed: 0.0040s/iter; left time: 16.2642s
	iters: 800, epoch: 6 | loss: 0.4487717
	speed: 0.0046s/iter; left time: 18.1156s
	iters: 900, epoch: 6 | loss: 0.4237910
	speed: 0.0048s/iter; left time: 18.4975s
Epoch: 6 cost time: 5.02236008644104
Epoch: 6, Steps: 948 | Train Loss: 0.4512689 Vali Loss: 1.2502394 Test Loss: 0.5971830
EarlyStopping counter: 3 out of 3
Early stopping
>>>>>>>testing : ETTh1_336_720_GLinear_ETTh1_ftM_sl336_ll48_pl720_dm512_nh8_el2_dl1_df2048_fc1_ebtimeF_dtTrue_Exp_0<<<<<<<<<<<<<<<<<<<<<<<<<<<<<<<<<
test 2161
mse:0.6039056777954102, mae:0.5559936761856079
