Args in experiment:
Namespace(activation='gelu', batch_size=8, c_out=7, checkpoints='/spo/NewbornTime/tahir098/SVF/data/Extra/checkpoints/', d_ff=2048, d_layers=1, d_model=512, data='ETTh1', data_path='ETTh1.csv', dec_in=7, des='Exp', devices='0,1,2,3', distil=True, do_predict=False, dropout=0.05, e_layers=2, embed='timeF', embed_type=0, enc_in=7, factor=1, features='M', freq='h', gpu=0, individual=False, is_training=1, itr=1, label_len=48, learning_rate=0.001, loss='mse', lradj='type1', model='GLinear', model_id='ETTh1_336_48', moving_avg=25, n_heads=8, num_workers=10, output_attention=False, patience=3, pred_len=48, root_path='./dataset/', seq_len=336, target='OT', test_flop=False, train_epochs=10, train_only=False, use_amp=False, use_gpu=True, use_multi_gpu=False)
Use GPU: cuda:0
>>>>>>>start training : ETTh1_336_48_GLinear_ETTh1_ftM_sl336_ll48_pl48_dm512_nh8_el2_dl1_df2048_fc1_ebtimeF_dtTrue_Exp_0>>>>>>>>>>>>>>>>>>>>>>>>>>
train 8257
val 2833
test 2833
	iters: 100, epoch: 1 | loss: 0.3108875
	speed: 0.0119s/iter; left time: 121.9919s
	iters: 200, epoch: 1 | loss: 0.3547627
	speed: 0.0049s/iter; left time: 49.7985s
	iters: 300, epoch: 1 | loss: 0.4110509
	speed: 0.0050s/iter; left time: 50.0506s
	iters: 400, epoch: 1 | loss: 0.2659096
	speed: 0.0047s/iter; left time: 46.3019s
	iters: 500, epoch: 1 | loss: 0.5033443
	speed: 0.0046s/iter; left time: 45.4196s
	iters: 600, epoch: 1 | loss: 0.3156193
	speed: 0.0048s/iter; left time: 47.1117s
	iters: 700, epoch: 1 | loss: 0.3595989
	speed: 0.0045s/iter; left time: 43.4417s
	iters: 800, epoch: 1 | loss: 0.2490685
	speed: 0.0046s/iter; left time: 44.1930s
	iters: 900, epoch: 1 | loss: 0.2790809
	speed: 0.0052s/iter; left time: 49.1209s
	iters: 1000, epoch: 1 | loss: 0.2413116
	speed: 0.0046s/iter; left time: 42.8610s
Epoch: 1 cost time: 5.734461307525635
Epoch: 1, Steps: 1032 | Train Loss: 0.3206081 Vali Loss: 0.5410820 Test Loss: 0.3640766
Validation loss decreased (inf --> 0.541082).  Saving model ...
Updating learning rate to 0.001
	iters: 100, epoch: 2 | loss: 0.3606869
	speed: 0.0492s/iter; left time: 452.3146s
	iters: 200, epoch: 2 | loss: 0.3382206
	speed: 0.0045s/iter; left time: 40.4502s
	iters: 300, epoch: 2 | loss: 0.5922941
	speed: 0.0042s/iter; left time: 38.0549s
	iters: 400, epoch: 2 | loss: 0.3090318
	speed: 0.0044s/iter; left time: 38.9754s
	iters: 500, epoch: 2 | loss: 0.2241940
	speed: 0.0049s/iter; left time: 42.8318s
	iters: 600, epoch: 2 | loss: 0.2312201
	speed: 0.0045s/iter; left time: 39.1434s
	iters: 700, epoch: 2 | loss: 0.4304581
	speed: 0.0045s/iter; left time: 38.6053s
	iters: 800, epoch: 2 | loss: 0.2750453
	speed: 0.0043s/iter; left time: 36.7192s
	iters: 900, epoch: 2 | loss: 0.3105590
	speed: 0.0046s/iter; left time: 38.6142s
	iters: 1000, epoch: 2 | loss: 0.3295984
	speed: 0.0047s/iter; left time: 38.7524s
Epoch: 2 cost time: 5.369635820388794
Epoch: 2, Steps: 1032 | Train Loss: 0.2965327 Vali Loss: 0.5393984 Test Loss: 0.3688937
Validation loss decreased (0.541082 --> 0.539398).  Saving model ...
Updating learning rate to 0.0005
	iters: 100, epoch: 3 | loss: 0.2960563
	speed: 0.0515s/iter; left time: 420.1364s
	iters: 200, epoch: 3 | loss: 0.3018156
	speed: 0.0044s/iter; left time: 35.5109s
	iters: 300, epoch: 3 | loss: 0.2078757
	speed: 0.0043s/iter; left time: 34.4684s
	iters: 400, epoch: 3 | loss: 0.2549126
	speed: 0.0043s/iter; left time: 34.0653s
	iters: 500, epoch: 3 | loss: 0.3075307
	speed: 0.0045s/iter; left time: 35.1875s
	iters: 600, epoch: 3 | loss: 0.3812305
	speed: 0.0046s/iter; left time: 35.5108s
	iters: 700, epoch: 3 | loss: 0.2321868
	speed: 0.0046s/iter; left time: 34.9539s
	iters: 800, epoch: 3 | loss: 0.2312981
	speed: 0.0046s/iter; left time: 34.0479s
	iters: 900, epoch: 3 | loss: 0.2967725
	speed: 0.0047s/iter; left time: 34.3528s
	iters: 1000, epoch: 3 | loss: 0.2619272
	speed: 0.0044s/iter; left time: 31.7266s
Epoch: 3 cost time: 5.400592565536499
Epoch: 3, Steps: 1032 | Train Loss: 0.2726782 Vali Loss: 0.5060433 Test Loss: 0.3737380
Validation loss decreased (0.539398 --> 0.506043).  Saving model ...
Updating learning rate to 0.00025
	iters: 100, epoch: 4 | loss: 0.4551146
	speed: 0.0529s/iter; left time: 376.9793s
	iters: 200, epoch: 4 | loss: 0.2397484
	speed: 0.0047s/iter; left time: 32.6688s
	iters: 300, epoch: 4 | loss: 0.2006935
	speed: 0.0046s/iter; left time: 32.1383s
	iters: 400, epoch: 4 | loss: 0.2414693
	speed: 0.0047s/iter; left time: 32.2086s
	iters: 500, epoch: 4 | loss: 0.2422460
	speed: 0.0046s/iter; left time: 30.7975s
	iters: 600, epoch: 4 | loss: 0.2038117
	speed: 0.0047s/iter; left time: 30.9976s
	iters: 700, epoch: 4 | loss: 0.2528919
	speed: 0.0046s/iter; left time: 29.7353s
	iters: 800, epoch: 4 | loss: 0.3628660
	speed: 0.0045s/iter; left time: 29.0743s
	iters: 900, epoch: 4 | loss: 0.2236167
	speed: 0.0046s/iter; left time: 29.2095s
	iters: 1000, epoch: 4 | loss: 0.2414647
	speed: 0.0048s/iter; left time: 30.0993s
Epoch: 4 cost time: 5.682483673095703
Epoch: 4, Steps: 1032 | Train Loss: 0.2577841 Vali Loss: 0.5065975 Test Loss: 0.3611984
EarlyStopping counter: 1 out of 3
Updating learning rate to 0.000125
	iters: 100, epoch: 5 | loss: 0.2073567
	speed: 0.0512s/iter; left time: 312.0517s
	iters: 200, epoch: 5 | loss: 0.2953102
	speed: 0.0049s/iter; left time: 29.3251s
	iters: 300, epoch: 5 | loss: 0.2491895
	speed: 0.0046s/iter; left time: 27.2643s
	iters: 400, epoch: 5 | loss: 0.1551089
	speed: 0.0048s/iter; left time: 27.8757s
	iters: 500, epoch: 5 | loss: 0.2568422
	speed: 0.0045s/iter; left time: 25.5767s
	iters: 600, epoch: 5 | loss: 0.2681095
	speed: 0.0042s/iter; left time: 23.5964s
	iters: 700, epoch: 5 | loss: 0.2706639
	speed: 0.0044s/iter; left time: 24.0343s
	iters: 800, epoch: 5 | loss: 0.4237778
	speed: 0.0046s/iter; left time: 25.0131s
	iters: 900, epoch: 5 | loss: 0.2516364
	speed: 0.0048s/iter; left time: 25.4320s
	iters: 1000, epoch: 5 | loss: 0.2244871
	speed: 0.0045s/iter; left time: 23.6090s
Epoch: 5 cost time: 5.5993452072143555
Epoch: 5, Steps: 1032 | Train Loss: 0.2482944 Vali Loss: 0.5212079 Test Loss: 0.3542760
EarlyStopping counter: 2 out of 3
Updating learning rate to 6.25e-05
	iters: 100, epoch: 6 | loss: 0.1758590
	speed: 0.0507s/iter; left time: 256.7490s
	iters: 200, epoch: 6 | loss: 0.2918118
	speed: 0.0046s/iter; left time: 23.0666s
	iters: 300, epoch: 6 | loss: 0.2159016
	speed: 0.0052s/iter; left time: 25.2046s
	iters: 400, epoch: 6 | loss: 0.2750404
	speed: 0.0046s/iter; left time: 21.7866s
	iters: 500, epoch: 6 | loss: 0.2080297
	speed: 0.0044s/iter; left time: 20.5786s
	iters: 600, epoch: 6 | loss: 0.3150412
	speed: 0.0046s/iter; left time: 20.9010s
	iters: 700, epoch: 6 | loss: 0.2563086
	speed: 0.0045s/iter; left time: 20.2033s
	iters: 800, epoch: 6 | loss: 0.2748336
	speed: 0.0044s/iter; left time: 19.2144s
	iters: 900, epoch: 6 | loss: 0.2267659
	speed: 0.0058s/iter; left time: 24.5658s
	iters: 1000, epoch: 6 | loss: 0.2390752
	speed: 0.0046s/iter; left time: 18.9490s
Epoch: 6 cost time: 5.637307405471802
Epoch: 6, Steps: 1032 | Train Loss: 0.2425068 Vali Loss: 0.5128206 Test Loss: 0.3611951
EarlyStopping counter: 3 out of 3
Early stopping
>>>>>>>testing : ETTh1_336_48_GLinear_ETTh1_ftM_sl336_ll48_pl48_dm512_nh8_el2_dl1_df2048_fc1_ebtimeF_dtTrue_Exp_0<<<<<<<<<<<<<<<<<<<<<<<<<<<<<<<<<
test 2833
mse:0.3734295666217804, mae:0.4052535593509674
